[2022-12-17T04:34:39.579+0000] {taskinstance.py:1087} INFO - Dependencies all met for <TaskInstance: ahomework.file4pg_branch_task scheduled__2022-01-01T00:04:00+00:00 [queued]>
[2022-12-17T04:34:39.587+0000] {taskinstance.py:1087} INFO - Dependencies all met for <TaskInstance: ahomework.file4pg_branch_task scheduled__2022-01-01T00:04:00+00:00 [queued]>
[2022-12-17T04:34:39.587+0000] {taskinstance.py:1283} INFO - 
--------------------------------------------------------------------------------
[2022-12-17T04:34:39.587+0000] {taskinstance.py:1284} INFO - Starting attempt 1 of 1
[2022-12-17T04:34:39.587+0000] {taskinstance.py:1285} INFO - 
--------------------------------------------------------------------------------
[2022-12-17T04:34:39.597+0000] {taskinstance.py:1304} INFO - Executing <Task(BranchPythonOperator): file4pg_branch_task> on 2022-01-01 00:04:00+00:00
[2022-12-17T04:34:39.602+0000] {standard_task_runner.py:55} INFO - Started process 1727 to run task
[2022-12-17T04:34:39.605+0000] {standard_task_runner.py:82} INFO - Running: ['***', 'tasks', 'run', 'ahomework', 'file4pg_branch_task', 'scheduled__2022-01-01T00:04:00+00:00', '--job-id', '33', '--raw', '--subdir', 'DAGS_FOLDER/ahomework.py', '--cfg-path', '/tmp/tmpp6eevagp']
[2022-12-17T04:34:39.606+0000] {standard_task_runner.py:83} INFO - Job 33: Subtask file4pg_branch_task
[2022-12-17T04:34:39.652+0000] {task_command.py:389} INFO - Running <TaskInstance: ahomework.file4pg_branch_task scheduled__2022-01-01T00:04:00+00:00 [running]> on host 4bef348da8d6
[2022-12-17T04:34:39.704+0000] {taskinstance.py:1513} INFO - Exporting the following env vars:
AIRFLOW_CTX_DAG_OWNER=***
AIRFLOW_CTX_DAG_ID=ahomework
AIRFLOW_CTX_TASK_ID=file4pg_branch_task
AIRFLOW_CTX_EXECUTION_DATE=2022-01-01T00:04:00+00:00
AIRFLOW_CTX_TRY_NUMBER=1
AIRFLOW_CTX_DAG_RUN_ID=scheduled__2022-01-01T00:04:00+00:00
[2022-12-17T04:34:39.709+0000] {python.py:177} INFO - Done. Returned value was: create_pg_table_task
[2022-12-17T04:34:39.709+0000] {python.py:211} INFO - Branch callable return create_pg_table_task
[2022-12-17T04:34:39.709+0000] {skipmixin.py:155} INFO - Following branch create_pg_table_task
[2022-12-17T04:34:39.710+0000] {skipmixin.py:211} INFO - Skipping tasks ['throw_file4pg_error_task']
[2022-12-17T04:34:39.741+0000] {taskinstance.py:1327} INFO - Marking task as SUCCESS. dag_id=ahomework, task_id=file4pg_branch_task, execution_date=20220101T000400, start_date=20221217T043439, end_date=20221217T043439
[2022-12-17T04:34:39.776+0000] {local_task_job.py:159} INFO - Task exited with return code 0
[2022-12-17T04:34:39.804+0000] {taskinstance.py:2582} INFO - 1 downstream tasks scheduled from follow-on schedule check
