[2022-12-17T04:33:52.410+0000] {taskinstance.py:1087} INFO - Dependencies all met for <TaskInstance: ahomework.hello scheduled__2022-01-01T00:01:00+00:00 [queued]>
[2022-12-17T04:33:52.416+0000] {taskinstance.py:1087} INFO - Dependencies all met for <TaskInstance: ahomework.hello scheduled__2022-01-01T00:01:00+00:00 [queued]>
[2022-12-17T04:33:52.416+0000] {taskinstance.py:1283} INFO - 
--------------------------------------------------------------------------------
[2022-12-17T04:33:52.417+0000] {taskinstance.py:1284} INFO - Starting attempt 1 of 1
[2022-12-17T04:33:52.417+0000] {taskinstance.py:1285} INFO - 
--------------------------------------------------------------------------------
[2022-12-17T04:33:52.429+0000] {taskinstance.py:1304} INFO - Executing <Task(BashOperator): hello> on 2022-01-01 00:01:00+00:00
[2022-12-17T04:33:52.439+0000] {standard_task_runner.py:55} INFO - Started process 1594 to run task
[2022-12-17T04:33:52.442+0000] {standard_task_runner.py:82} INFO - Running: ['***', 'tasks', 'run', 'ahomework', 'hello', 'scheduled__2022-01-01T00:01:00+00:00', '--job-id', '9', '--raw', '--subdir', 'DAGS_FOLDER/ahomework.py', '--cfg-path', '/tmp/tmpu4yua0mx']
[2022-12-17T04:33:52.442+0000] {standard_task_runner.py:83} INFO - Job 9: Subtask hello
[2022-12-17T04:33:52.504+0000] {task_command.py:389} INFO - Running <TaskInstance: ahomework.hello scheduled__2022-01-01T00:01:00+00:00 [running]> on host 4bef348da8d6
[2022-12-17T04:33:52.571+0000] {taskinstance.py:1513} INFO - Exporting the following env vars:
AIRFLOW_CTX_DAG_OWNER=***
AIRFLOW_CTX_DAG_ID=ahomework
AIRFLOW_CTX_TASK_ID=hello
AIRFLOW_CTX_EXECUTION_DATE=2022-01-01T00:01:00+00:00
AIRFLOW_CTX_TRY_NUMBER=1
AIRFLOW_CTX_DAG_RUN_ID=scheduled__2022-01-01T00:01:00+00:00
[2022-12-17T04:33:52.572+0000] {subprocess.py:63} INFO - Tmp dir root location: 
 /tmp
[2022-12-17T04:33:52.572+0000] {subprocess.py:75} INFO - Running command: ['/bin/bash', '-c', 'echo hello']
[2022-12-17T04:33:52.588+0000] {subprocess.py:86} INFO - Output:
[2022-12-17T04:33:52.590+0000] {subprocess.py:93} INFO - hello
[2022-12-17T04:33:52.590+0000] {subprocess.py:97} INFO - Command exited with return code 0
[2022-12-17T04:33:52.613+0000] {taskinstance.py:1327} INFO - Marking task as SUCCESS. dag_id=ahomework, task_id=hello, execution_date=20220101T000100, start_date=20221217T043352, end_date=20221217T043352
[2022-12-17T04:33:52.654+0000] {local_task_job.py:159} INFO - Task exited with return code 0
[2022-12-17T04:33:52.685+0000] {taskinstance.py:2582} INFO - 1 downstream tasks scheduled from follow-on schedule check
