[2022-12-17T04:34:40.783+0000] {taskinstance.py:1087} INFO - Dependencies all met for <TaskInstance: ahomework.create_pg_table_task scheduled__2022-01-01T00:04:00+00:00 [queued]>
[2022-12-17T04:34:40.793+0000] {taskinstance.py:1087} INFO - Dependencies all met for <TaskInstance: ahomework.create_pg_table_task scheduled__2022-01-01T00:04:00+00:00 [queued]>
[2022-12-17T04:34:40.794+0000] {taskinstance.py:1283} INFO - 
--------------------------------------------------------------------------------
[2022-12-17T04:34:40.794+0000] {taskinstance.py:1284} INFO - Starting attempt 1 of 1
[2022-12-17T04:34:40.794+0000] {taskinstance.py:1285} INFO - 
--------------------------------------------------------------------------------
[2022-12-17T04:34:40.806+0000] {taskinstance.py:1304} INFO - Executing <Task(PythonOperator): create_pg_table_task> on 2022-01-01 00:04:00+00:00
[2022-12-17T04:34:40.812+0000] {standard_task_runner.py:55} INFO - Started process 1738 to run task
[2022-12-17T04:34:40.814+0000] {standard_task_runner.py:82} INFO - Running: ['***', 'tasks', 'run', 'ahomework', 'create_pg_table_task', 'scheduled__2022-01-01T00:04:00+00:00', '--job-id', '34', '--raw', '--subdir', 'DAGS_FOLDER/ahomework.py', '--cfg-path', '/tmp/tmp0lfg1owk']
[2022-12-17T04:34:40.814+0000] {standard_task_runner.py:83} INFO - Job 34: Subtask create_pg_table_task
[2022-12-17T04:34:40.865+0000] {task_command.py:389} INFO - Running <TaskInstance: ahomework.create_pg_table_task scheduled__2022-01-01T00:04:00+00:00 [running]> on host 4bef348da8d6
[2022-12-17T04:34:40.957+0000] {taskinstance.py:1513} INFO - Exporting the following env vars:
AIRFLOW_CTX_DAG_OWNER=***
AIRFLOW_CTX_DAG_ID=ahomework
AIRFLOW_CTX_TASK_ID=create_pg_table_task
AIRFLOW_CTX_EXECUTION_DATE=2022-01-01T00:04:00+00:00
AIRFLOW_CTX_TRY_NUMBER=1
AIRFLOW_CTX_DAG_RUN_ID=scheduled__2022-01-01T00:04:00+00:00
[2022-12-17T04:34:40.970+0000] {base.py:73} INFO - Using connection ID 'pg_conn' for task execution.
[2022-12-17T04:34:40.994+0000] {python.py:177} INFO - Done. Returned value was: None
[2022-12-17T04:34:41.004+0000] {taskinstance.py:1327} INFO - Marking task as SUCCESS. dag_id=ahomework, task_id=create_pg_table_task, execution_date=20220101T000400, start_date=20221217T043440, end_date=20221217T043441
[2022-12-17T04:34:41.025+0000] {local_task_job.py:159} INFO - Task exited with return code 0
[2022-12-17T04:34:41.045+0000] {taskinstance.py:2582} INFO - 1 downstream tasks scheduled from follow-on schedule check
