[2022-12-17T04:34:21.734+0000] {taskinstance.py:1087} INFO - Dependencies all met for <TaskInstance: ahomework.random2_print scheduled__2022-01-01T00:03:00+00:00 [queued]>
[2022-12-17T04:34:21.740+0000] {taskinstance.py:1087} INFO - Dependencies all met for <TaskInstance: ahomework.random2_print scheduled__2022-01-01T00:03:00+00:00 [queued]>
[2022-12-17T04:34:21.741+0000] {taskinstance.py:1283} INFO - 
--------------------------------------------------------------------------------
[2022-12-17T04:34:21.741+0000] {taskinstance.py:1284} INFO - Starting attempt 1 of 1
[2022-12-17T04:34:21.741+0000] {taskinstance.py:1285} INFO - 
--------------------------------------------------------------------------------
[2022-12-17T04:34:21.751+0000] {taskinstance.py:1304} INFO - Executing <Task(PythonOperator): random2_print> on 2022-01-01 00:03:00+00:00
[2022-12-17T04:34:21.758+0000] {standard_task_runner.py:55} INFO - Started process 1686 to run task
[2022-12-17T04:34:21.761+0000] {standard_task_runner.py:82} INFO - Running: ['***', 'tasks', 'run', 'ahomework', 'random2_print', 'scheduled__2022-01-01T00:03:00+00:00', '--job-id', '23', '--raw', '--subdir', 'DAGS_FOLDER/ahomework.py', '--cfg-path', '/tmp/tmp56y5182l']
[2022-12-17T04:34:21.762+0000] {standard_task_runner.py:83} INFO - Job 23: Subtask random2_print
[2022-12-17T04:34:21.815+0000] {task_command.py:389} INFO - Running <TaskInstance: ahomework.random2_print scheduled__2022-01-01T00:03:00+00:00 [running]> on host 4bef348da8d6
[2022-12-17T04:34:21.868+0000] {taskinstance.py:1513} INFO - Exporting the following env vars:
AIRFLOW_CTX_DAG_OWNER=***
AIRFLOW_CTX_DAG_ID=ahomework
AIRFLOW_CTX_TASK_ID=random2_print
AIRFLOW_CTX_EXECUTION_DATE=2022-01-01T00:03:00+00:00
AIRFLOW_CTX_TRY_NUMBER=1
AIRFLOW_CTX_DAG_RUN_ID=scheduled__2022-01-01T00:03:00+00:00
[2022-12-17T04:34:21.869+0000] {logging_mixin.py:137} INFO - 0.2963271658924297 0.05235180932517125
[2022-12-17T04:34:21.869+0000] {python.py:177} INFO - Done. Returned value was: None
[2022-12-17T04:34:21.877+0000] {taskinstance.py:1327} INFO - Marking task as SUCCESS. dag_id=ahomework, task_id=random2_print, execution_date=20220101T000300, start_date=20221217T043421, end_date=20221217T043421
[2022-12-17T04:34:21.932+0000] {local_task_job.py:159} INFO - Task exited with return code 0
[2022-12-17T04:34:21.958+0000] {taskinstance.py:2582} INFO - 1 downstream tasks scheduled from follow-on schedule check
