[2022-12-17T04:34:38.431+0000] {taskinstance.py:1087} INFO - Dependencies all met for <TaskInstance: ahomework.is_file_correct_task scheduled__2022-01-01T00:04:00+00:00 [queued]>
[2022-12-17T04:34:38.437+0000] {taskinstance.py:1087} INFO - Dependencies all met for <TaskInstance: ahomework.is_file_correct_task scheduled__2022-01-01T00:04:00+00:00 [queued]>
[2022-12-17T04:34:38.437+0000] {taskinstance.py:1283} INFO - 
--------------------------------------------------------------------------------
[2022-12-17T04:34:38.437+0000] {taskinstance.py:1284} INFO - Starting attempt 1 of 1
[2022-12-17T04:34:38.437+0000] {taskinstance.py:1285} INFO - 
--------------------------------------------------------------------------------
[2022-12-17T04:34:38.447+0000] {taskinstance.py:1304} INFO - Executing <Task(PythonSensor): is_file_correct_task> on 2022-01-01 00:04:00+00:00
[2022-12-17T04:34:38.454+0000] {standard_task_runner.py:55} INFO - Started process 1725 to run task
[2022-12-17T04:34:38.457+0000] {standard_task_runner.py:82} INFO - Running: ['***', 'tasks', 'run', 'ahomework', 'is_file_correct_task', 'scheduled__2022-01-01T00:04:00+00:00', '--job-id', '32', '--raw', '--subdir', 'DAGS_FOLDER/ahomework.py', '--cfg-path', '/tmp/tmp24rgv9jn']
[2022-12-17T04:34:38.458+0000] {standard_task_runner.py:83} INFO - Job 32: Subtask is_file_correct_task
[2022-12-17T04:34:38.510+0000] {task_command.py:389} INFO - Running <TaskInstance: ahomework.is_file_correct_task scheduled__2022-01-01T00:04:00+00:00 [running]> on host 4bef348da8d6
[2022-12-17T04:34:38.566+0000] {taskinstance.py:1513} INFO - Exporting the following env vars:
AIRFLOW_CTX_DAG_OWNER=***
AIRFLOW_CTX_DAG_ID=ahomework
AIRFLOW_CTX_TASK_ID=is_file_correct_task
AIRFLOW_CTX_EXECUTION_DATE=2022-01-01T00:04:00+00:00
AIRFLOW_CTX_TRY_NUMBER=1
AIRFLOW_CTX_DAG_RUN_ID=scheduled__2022-01-01T00:04:00+00:00
[2022-12-17T04:34:38.567+0000] {python.py:72} INFO - Poking callable: <function is_file_correct at 0x7f28b70dd560>
[2022-12-17T04:34:38.574+0000] {base.py:228} INFO - Success criteria met. Exiting.
[2022-12-17T04:34:38.583+0000] {taskinstance.py:1327} INFO - Marking task as SUCCESS. dag_id=ahomework, task_id=is_file_correct_task, execution_date=20220101T000400, start_date=20221217T043438, end_date=20221217T043438
[2022-12-17T04:34:38.627+0000] {local_task_job.py:159} INFO - Task exited with return code 0
[2022-12-17T04:34:38.657+0000] {taskinstance.py:2582} INFO - 1 downstream tasks scheduled from follow-on schedule check
