[2022-12-17T04:33:57.188+0000] {taskinstance.py:1087} INFO - Dependencies all met for <TaskInstance: ahomework.sum_columns scheduled__2022-01-01T00:01:00+00:00 [queued]>
[2022-12-17T04:33:57.194+0000] {taskinstance.py:1087} INFO - Dependencies all met for <TaskInstance: ahomework.sum_columns scheduled__2022-01-01T00:01:00+00:00 [queued]>
[2022-12-17T04:33:57.194+0000] {taskinstance.py:1283} INFO - 
--------------------------------------------------------------------------------
[2022-12-17T04:33:57.194+0000] {taskinstance.py:1284} INFO - Starting attempt 1 of 1
[2022-12-17T04:33:57.194+0000] {taskinstance.py:1285} INFO - 
--------------------------------------------------------------------------------
[2022-12-17T04:33:57.204+0000] {taskinstance.py:1304} INFO - Executing <Task(PythonOperator): sum_columns> on 2022-01-01 00:01:00+00:00
[2022-12-17T04:33:57.212+0000] {standard_task_runner.py:55} INFO - Started process 1623 to run task
[2022-12-17T04:33:57.215+0000] {standard_task_runner.py:82} INFO - Running: ['***', 'tasks', 'run', 'ahomework', 'sum_columns', 'scheduled__2022-01-01T00:01:00+00:00', '--job-id', '13', '--raw', '--subdir', 'DAGS_FOLDER/ahomework.py', '--cfg-path', '/tmp/tmpsrnrp3m0']
[2022-12-17T04:33:57.215+0000] {standard_task_runner.py:83} INFO - Job 13: Subtask sum_columns
[2022-12-17T04:33:57.264+0000] {task_command.py:389} INFO - Running <TaskInstance: ahomework.sum_columns scheduled__2022-01-01T00:01:00+00:00 [running]> on host 4bef348da8d6
[2022-12-17T04:33:57.333+0000] {taskinstance.py:1513} INFO - Exporting the following env vars:
AIRFLOW_CTX_DAG_OWNER=***
AIRFLOW_CTX_DAG_ID=ahomework
AIRFLOW_CTX_TASK_ID=sum_columns
AIRFLOW_CTX_EXECUTION_DATE=2022-01-01T00:01:00+00:00
AIRFLOW_CTX_TRY_NUMBER=1
AIRFLOW_CTX_DAG_RUN_ID=scheduled__2022-01-01T00:01:00+00:00
[2022-12-17T04:33:57.341+0000] {python.py:177} INFO - Done. Returned value was: None
[2022-12-17T04:33:57.351+0000] {taskinstance.py:1327} INFO - Marking task as SUCCESS. dag_id=ahomework, task_id=sum_columns, execution_date=20220101T000100, start_date=20221217T043357, end_date=20221217T043357
[2022-12-17T04:33:57.386+0000] {local_task_job.py:159} INFO - Task exited with return code 0
[2022-12-17T04:33:57.415+0000] {taskinstance.py:2582} INFO - 1 downstream tasks scheduled from follow-on schedule check
