[2022-12-17T04:19:13.592+0000] {processor.py:153} INFO - Started process (PID=42) to work on /opt/airflow/dags/ahomework.py
[2022-12-17T04:19:13.592+0000] {processor.py:743} INFO - Processing file /opt/airflow/dags/ahomework.py for tasks to queue
[2022-12-17T04:19:13.593+0000] {logging_mixin.py:137} INFO - [2022-12-17T04:19:13.593+0000] {dagbag.py:538} INFO - Filling up the DagBag from /opt/airflow/dags/ahomework.py
[2022-12-17T04:19:13.687+0000] {logging_mixin.py:137} INFO - [2022-12-17T04:19:13.686+0000] {dagbag.py:343} ERROR - Failed to import: /opt/airflow/dags/ahomework.py
Traceback (most recent call last):
  File "/home/airflow/.local/lib/python3.7/site-packages/airflow/models/dagbag.py", line 339, in parse
    loader.exec_module(new_module)
  File "<frozen importlib._bootstrap_external>", line 728, in exec_module
  File "<frozen importlib._bootstrap>", line 219, in _call_with_frames_removed
  File "/opt/airflow/dags/ahomework.py", line 17, in <module>
    numbers_to_run = int(Variable.get("numbers_to_run"))
  File "/home/airflow/.local/lib/python3.7/site-packages/airflow/models/variable.py", line 141, in get
    raise KeyError(f"Variable {key} does not exist")
KeyError: 'Variable numbers_to_run does not exist'
[2022-12-17T04:19:13.687+0000] {processor.py:755} WARNING - No viable dags retrieved from /opt/airflow/dags/ahomework.py
[2022-12-17T04:19:13.694+0000] {processor.py:175} INFO - Processing /opt/airflow/dags/ahomework.py took 0.106 seconds
[2022-12-17T04:19:43.739+0000] {processor.py:153} INFO - Started process (PID=141) to work on /opt/airflow/dags/ahomework.py
[2022-12-17T04:19:43.739+0000] {processor.py:743} INFO - Processing file /opt/airflow/dags/ahomework.py for tasks to queue
[2022-12-17T04:19:43.740+0000] {logging_mixin.py:137} INFO - [2022-12-17T04:19:43.740+0000] {dagbag.py:538} INFO - Filling up the DagBag from /opt/airflow/dags/ahomework.py
[2022-12-17T04:19:43.767+0000] {logging_mixin.py:137} INFO - [2022-12-17T04:19:43.767+0000] {dagbag.py:343} ERROR - Failed to import: /opt/airflow/dags/ahomework.py
Traceback (most recent call last):
  File "/home/airflow/.local/lib/python3.7/site-packages/airflow/models/dagbag.py", line 339, in parse
    loader.exec_module(new_module)
  File "<frozen importlib._bootstrap_external>", line 728, in exec_module
  File "<frozen importlib._bootstrap>", line 219, in _call_with_frames_removed
  File "/opt/airflow/dags/ahomework.py", line 17, in <module>
    numbers_to_run = int(Variable.get("numbers_to_run"))
  File "/home/airflow/.local/lib/python3.7/site-packages/airflow/models/variable.py", line 141, in get
    raise KeyError(f"Variable {key} does not exist")
KeyError: 'Variable numbers_to_run does not exist'
[2022-12-17T04:19:43.767+0000] {processor.py:755} WARNING - No viable dags retrieved from /opt/airflow/dags/ahomework.py
[2022-12-17T04:19:43.776+0000] {processor.py:175} INFO - Processing /opt/airflow/dags/ahomework.py took 0.041 seconds
[2022-12-17T04:20:14.017+0000] {processor.py:153} INFO - Started process (PID=220) to work on /opt/airflow/dags/ahomework.py
[2022-12-17T04:20:14.018+0000] {processor.py:743} INFO - Processing file /opt/airflow/dags/ahomework.py for tasks to queue
[2022-12-17T04:20:14.018+0000] {logging_mixin.py:137} INFO - [2022-12-17T04:20:14.018+0000] {dagbag.py:538} INFO - Filling up the DagBag from /opt/airflow/dags/ahomework.py
[2022-12-17T04:20:14.044+0000] {logging_mixin.py:137} INFO - [2022-12-17T04:20:14.044+0000] {dagbag.py:343} ERROR - Failed to import: /opt/airflow/dags/ahomework.py
Traceback (most recent call last):
  File "/home/airflow/.local/lib/python3.7/site-packages/airflow/models/dagbag.py", line 339, in parse
    loader.exec_module(new_module)
  File "<frozen importlib._bootstrap_external>", line 728, in exec_module
  File "<frozen importlib._bootstrap>", line 219, in _call_with_frames_removed
  File "/opt/airflow/dags/ahomework.py", line 17, in <module>
    numbers_to_run = int(Variable.get("numbers_to_run"))
  File "/home/airflow/.local/lib/python3.7/site-packages/airflow/models/variable.py", line 141, in get
    raise KeyError(f"Variable {key} does not exist")
KeyError: 'Variable numbers_to_run does not exist'
[2022-12-17T04:20:14.045+0000] {processor.py:755} WARNING - No viable dags retrieved from /opt/airflow/dags/ahomework.py
[2022-12-17T04:20:14.053+0000] {processor.py:175} INFO - Processing /opt/airflow/dags/ahomework.py took 0.038 seconds
[2022-12-17T04:20:44.292+0000] {processor.py:153} INFO - Started process (PID=319) to work on /opt/airflow/dags/ahomework.py
[2022-12-17T04:20:44.293+0000] {processor.py:743} INFO - Processing file /opt/airflow/dags/ahomework.py for tasks to queue
[2022-12-17T04:20:44.294+0000] {logging_mixin.py:137} INFO - [2022-12-17T04:20:44.294+0000] {dagbag.py:538} INFO - Filling up the DagBag from /opt/airflow/dags/ahomework.py
[2022-12-17T04:20:44.331+0000] {logging_mixin.py:137} INFO - [2022-12-17T04:20:44.330+0000] {dagbag.py:343} ERROR - Failed to import: /opt/airflow/dags/ahomework.py
Traceback (most recent call last):
  File "/home/airflow/.local/lib/python3.7/site-packages/airflow/models/dagbag.py", line 339, in parse
    loader.exec_module(new_module)
  File "<frozen importlib._bootstrap_external>", line 728, in exec_module
  File "<frozen importlib._bootstrap>", line 219, in _call_with_frames_removed
  File "/opt/airflow/dags/ahomework.py", line 162, in <module>
    postgres_conn_id=Variable.get("conn_id")
  File "/home/airflow/.local/lib/python3.7/site-packages/airflow/models/variable.py", line 141, in get
    raise KeyError(f"Variable {key} does not exist")
KeyError: 'Variable conn_id does not exist'
[2022-12-17T04:20:44.331+0000] {processor.py:755} WARNING - No viable dags retrieved from /opt/airflow/dags/ahomework.py
[2022-12-17T04:20:44.338+0000] {processor.py:175} INFO - Processing /opt/airflow/dags/ahomework.py took 0.049 seconds
[2022-12-17T04:21:13.675+0000] {processor.py:153} INFO - Started process (PID=399) to work on /opt/airflow/dags/ahomework.py
[2022-12-17T04:21:13.676+0000] {processor.py:743} INFO - Processing file /opt/airflow/dags/ahomework.py for tasks to queue
[2022-12-17T04:21:13.676+0000] {logging_mixin.py:137} INFO - [2022-12-17T04:21:13.676+0000] {dagbag.py:538} INFO - Filling up the DagBag from /opt/airflow/dags/ahomework.py
[2022-12-17T04:21:13.709+0000] {logging_mixin.py:137} INFO - [2022-12-17T04:21:13.708+0000] {dagbag.py:343} ERROR - Failed to import: /opt/airflow/dags/ahomework.py
Traceback (most recent call last):
  File "/home/airflow/.local/lib/python3.7/site-packages/airflow/models/dagbag.py", line 339, in parse
    loader.exec_module(new_module)
  File "<frozen importlib._bootstrap_external>", line 728, in exec_module
  File "<frozen importlib._bootstrap>", line 219, in _call_with_frames_removed
  File "/opt/airflow/dags/ahomework.py", line 162, in <module>
    postgres_conn_id=Variable.get("conn_id")
  File "/home/airflow/.local/lib/python3.7/site-packages/airflow/models/variable.py", line 141, in get
    raise KeyError(f"Variable {key} does not exist")
KeyError: 'Variable conn_id does not exist'
[2022-12-17T04:21:13.709+0000] {processor.py:755} WARNING - No viable dags retrieved from /opt/airflow/dags/ahomework.py
[2022-12-17T04:21:13.715+0000] {processor.py:175} INFO - Processing /opt/airflow/dags/ahomework.py took 0.042 seconds
[2022-12-17T04:21:44.228+0000] {processor.py:153} INFO - Started process (PID=498) to work on /opt/airflow/dags/ahomework.py
[2022-12-17T04:21:44.232+0000] {processor.py:743} INFO - Processing file /opt/airflow/dags/ahomework.py for tasks to queue
[2022-12-17T04:21:44.233+0000] {logging_mixin.py:137} INFO - [2022-12-17T04:21:44.233+0000] {dagbag.py:538} INFO - Filling up the DagBag from /opt/airflow/dags/ahomework.py
[2022-12-17T04:21:44.273+0000] {logging_mixin.py:137} INFO - [2022-12-17T04:21:44.272+0000] {dagbag.py:343} ERROR - Failed to import: /opt/airflow/dags/ahomework.py
Traceback (most recent call last):
  File "/home/airflow/.local/lib/python3.7/site-packages/airflow/models/dagbag.py", line 339, in parse
    loader.exec_module(new_module)
  File "<frozen importlib._bootstrap_external>", line 728, in exec_module
  File "<frozen importlib._bootstrap>", line 219, in _call_with_frames_removed
  File "/opt/airflow/dags/ahomework.py", line 162, in <module>
    postgres_conn_id=Variable.get("conn_id")
  File "/home/airflow/.local/lib/python3.7/site-packages/airflow/models/variable.py", line 141, in get
    raise KeyError(f"Variable {key} does not exist")
KeyError: 'Variable conn_id does not exist'
[2022-12-17T04:21:44.273+0000] {processor.py:755} WARNING - No viable dags retrieved from /opt/airflow/dags/ahomework.py
[2022-12-17T04:21:44.279+0000] {processor.py:175} INFO - Processing /opt/airflow/dags/ahomework.py took 0.053 seconds
[2022-12-17T04:22:14.702+0000] {processor.py:153} INFO - Started process (PID=577) to work on /opt/airflow/dags/ahomework.py
[2022-12-17T04:22:14.709+0000] {processor.py:743} INFO - Processing file /opt/airflow/dags/ahomework.py for tasks to queue
[2022-12-17T04:22:14.710+0000] {logging_mixin.py:137} INFO - [2022-12-17T04:22:14.709+0000] {dagbag.py:538} INFO - Filling up the DagBag from /opt/airflow/dags/ahomework.py
[2022-12-17T04:22:14.745+0000] {logging_mixin.py:137} INFO - [2022-12-17T04:22:14.744+0000] {dagbag.py:343} ERROR - Failed to import: /opt/airflow/dags/ahomework.py
Traceback (most recent call last):
  File "/home/airflow/.local/lib/python3.7/site-packages/airflow/models/dagbag.py", line 339, in parse
    loader.exec_module(new_module)
  File "<frozen importlib._bootstrap_external>", line 728, in exec_module
  File "<frozen importlib._bootstrap>", line 219, in _call_with_frames_removed
  File "/opt/airflow/dags/ahomework.py", line 162, in <module>
    postgres_conn_id=Variable.get("conn_id")
  File "/home/airflow/.local/lib/python3.7/site-packages/airflow/models/variable.py", line 141, in get
    raise KeyError(f"Variable {key} does not exist")
KeyError: 'Variable conn_id does not exist'
[2022-12-17T04:22:14.745+0000] {processor.py:755} WARNING - No viable dags retrieved from /opt/airflow/dags/ahomework.py
[2022-12-17T04:22:14.751+0000] {processor.py:175} INFO - Processing /opt/airflow/dags/ahomework.py took 0.052 seconds
[2022-12-17T04:22:44.928+0000] {processor.py:153} INFO - Started process (PID=676) to work on /opt/airflow/dags/ahomework.py
[2022-12-17T04:22:44.935+0000] {processor.py:743} INFO - Processing file /opt/airflow/dags/ahomework.py for tasks to queue
[2022-12-17T04:22:44.936+0000] {logging_mixin.py:137} INFO - [2022-12-17T04:22:44.936+0000] {dagbag.py:538} INFO - Filling up the DagBag from /opt/airflow/dags/ahomework.py
[2022-12-17T04:22:44.974+0000] {logging_mixin.py:137} INFO - [2022-12-17T04:22:44.973+0000] {dagbag.py:343} ERROR - Failed to import: /opt/airflow/dags/ahomework.py
Traceback (most recent call last):
  File "/home/airflow/.local/lib/python3.7/site-packages/airflow/models/dagbag.py", line 339, in parse
    loader.exec_module(new_module)
  File "<frozen importlib._bootstrap_external>", line 728, in exec_module
  File "<frozen importlib._bootstrap>", line 219, in _call_with_frames_removed
  File "/opt/airflow/dags/ahomework.py", line 162, in <module>
    postgres_conn_id=Variable.get("conn_id")
  File "/home/airflow/.local/lib/python3.7/site-packages/airflow/models/variable.py", line 141, in get
    raise KeyError(f"Variable {key} does not exist")
KeyError: 'Variable conn_id does not exist'
[2022-12-17T04:22:44.974+0000] {processor.py:755} WARNING - No viable dags retrieved from /opt/airflow/dags/ahomework.py
[2022-12-17T04:22:44.981+0000] {processor.py:175} INFO - Processing /opt/airflow/dags/ahomework.py took 0.056 seconds
[2022-12-17T04:23:15.247+0000] {processor.py:153} INFO - Started process (PID=761) to work on /opt/airflow/dags/ahomework.py
[2022-12-17T04:23:15.247+0000] {processor.py:743} INFO - Processing file /opt/airflow/dags/ahomework.py for tasks to queue
[2022-12-17T04:23:15.248+0000] {logging_mixin.py:137} INFO - [2022-12-17T04:23:15.248+0000] {dagbag.py:538} INFO - Filling up the DagBag from /opt/airflow/dags/ahomework.py
[2022-12-17T04:23:15.283+0000] {logging_mixin.py:137} INFO - [2022-12-17T04:23:15.282+0000] {dagbag.py:343} ERROR - Failed to import: /opt/airflow/dags/ahomework.py
Traceback (most recent call last):
  File "/home/airflow/.local/lib/python3.7/site-packages/airflow/models/dagbag.py", line 339, in parse
    loader.exec_module(new_module)
  File "<frozen importlib._bootstrap_external>", line 728, in exec_module
  File "<frozen importlib._bootstrap>", line 219, in _call_with_frames_removed
  File "/opt/airflow/dags/ahomework.py", line 162, in <module>
    postgres_conn_id=Variable.get("conn_id")
  File "/home/airflow/.local/lib/python3.7/site-packages/airflow/models/variable.py", line 141, in get
    raise KeyError(f"Variable {key} does not exist")
KeyError: 'Variable conn_id does not exist'
[2022-12-17T04:23:15.283+0000] {processor.py:755} WARNING - No viable dags retrieved from /opt/airflow/dags/ahomework.py
[2022-12-17T04:23:15.289+0000] {processor.py:175} INFO - Processing /opt/airflow/dags/ahomework.py took 0.045 seconds
[2022-12-17T04:23:45.530+0000] {processor.py:153} INFO - Started process (PID=853) to work on /opt/airflow/dags/ahomework.py
[2022-12-17T04:23:45.532+0000] {processor.py:743} INFO - Processing file /opt/airflow/dags/ahomework.py for tasks to queue
[2022-12-17T04:23:45.532+0000] {logging_mixin.py:137} INFO - [2022-12-17T04:23:45.532+0000] {dagbag.py:538} INFO - Filling up the DagBag from /opt/airflow/dags/ahomework.py
[2022-12-17T04:23:45.565+0000] {logging_mixin.py:137} INFO - [2022-12-17T04:23:45.564+0000] {dagbag.py:343} ERROR - Failed to import: /opt/airflow/dags/ahomework.py
Traceback (most recent call last):
  File "/home/airflow/.local/lib/python3.7/site-packages/airflow/models/dagbag.py", line 339, in parse
    loader.exec_module(new_module)
  File "<frozen importlib._bootstrap_external>", line 728, in exec_module
  File "<frozen importlib._bootstrap>", line 219, in _call_with_frames_removed
  File "/opt/airflow/dags/ahomework.py", line 162, in <module>
    postgres_conn_id=Variable.get("conn_id")
  File "/home/airflow/.local/lib/python3.7/site-packages/airflow/models/variable.py", line 141, in get
    raise KeyError(f"Variable {key} does not exist")
KeyError: 'Variable conn_id does not exist'
[2022-12-17T04:23:45.565+0000] {processor.py:755} WARNING - No viable dags retrieved from /opt/airflow/dags/ahomework.py
[2022-12-17T04:23:45.571+0000] {processor.py:175} INFO - Processing /opt/airflow/dags/ahomework.py took 0.044 seconds
[2022-12-17T04:24:15.944+0000] {processor.py:153} INFO - Started process (PID=953) to work on /opt/airflow/dags/ahomework.py
[2022-12-17T04:24:15.946+0000] {processor.py:743} INFO - Processing file /opt/airflow/dags/ahomework.py for tasks to queue
[2022-12-17T04:24:15.946+0000] {logging_mixin.py:137} INFO - [2022-12-17T04:24:15.946+0000] {dagbag.py:538} INFO - Filling up the DagBag from /opt/airflow/dags/ahomework.py
[2022-12-17T04:24:15.980+0000] {logging_mixin.py:137} INFO - [2022-12-17T04:24:15.979+0000] {dagbag.py:343} ERROR - Failed to import: /opt/airflow/dags/ahomework.py
Traceback (most recent call last):
  File "/home/airflow/.local/lib/python3.7/site-packages/airflow/models/dagbag.py", line 339, in parse
    loader.exec_module(new_module)
  File "<frozen importlib._bootstrap_external>", line 728, in exec_module
  File "<frozen importlib._bootstrap>", line 219, in _call_with_frames_removed
  File "/opt/airflow/dags/ahomework.py", line 162, in <module>
    postgres_conn_id=Variable.get("conn_id")
  File "/home/airflow/.local/lib/python3.7/site-packages/airflow/models/variable.py", line 141, in get
    raise KeyError(f"Variable {key} does not exist")
KeyError: 'Variable conn_id does not exist'
[2022-12-17T04:24:15.980+0000] {processor.py:755} WARNING - No viable dags retrieved from /opt/airflow/dags/ahomework.py
[2022-12-17T04:24:15.987+0000] {processor.py:175} INFO - Processing /opt/airflow/dags/ahomework.py took 0.046 seconds
[2022-12-17T04:24:46.230+0000] {processor.py:153} INFO - Started process (PID=1032) to work on /opt/airflow/dags/ahomework.py
[2022-12-17T04:24:46.230+0000] {processor.py:743} INFO - Processing file /opt/airflow/dags/ahomework.py for tasks to queue
[2022-12-17T04:24:46.231+0000] {logging_mixin.py:137} INFO - [2022-12-17T04:24:46.231+0000] {dagbag.py:538} INFO - Filling up the DagBag from /opt/airflow/dags/ahomework.py
[2022-12-17T04:24:46.268+0000] {logging_mixin.py:137} INFO - [2022-12-17T04:24:46.267+0000] {dagbag.py:343} ERROR - Failed to import: /opt/airflow/dags/ahomework.py
Traceback (most recent call last):
  File "/home/airflow/.local/lib/python3.7/site-packages/airflow/models/dagbag.py", line 339, in parse
    loader.exec_module(new_module)
  File "<frozen importlib._bootstrap_external>", line 728, in exec_module
  File "<frozen importlib._bootstrap>", line 219, in _call_with_frames_removed
  File "/opt/airflow/dags/ahomework.py", line 162, in <module>
    postgres_conn_id=Variable.get("conn_id")
  File "/home/airflow/.local/lib/python3.7/site-packages/airflow/models/variable.py", line 141, in get
    raise KeyError(f"Variable {key} does not exist")
KeyError: 'Variable conn_id does not exist'
[2022-12-17T04:24:46.268+0000] {processor.py:755} WARNING - No viable dags retrieved from /opt/airflow/dags/ahomework.py
[2022-12-17T04:24:46.275+0000] {processor.py:175} INFO - Processing /opt/airflow/dags/ahomework.py took 0.048 seconds
[2022-12-17T04:25:16.480+0000] {processor.py:153} INFO - Started process (PID=1131) to work on /opt/airflow/dags/ahomework.py
[2022-12-17T04:25:16.487+0000] {processor.py:743} INFO - Processing file /opt/airflow/dags/ahomework.py for tasks to queue
[2022-12-17T04:25:16.487+0000] {logging_mixin.py:137} INFO - [2022-12-17T04:25:16.487+0000] {dagbag.py:538} INFO - Filling up the DagBag from /opt/airflow/dags/ahomework.py
[2022-12-17T04:25:16.523+0000] {logging_mixin.py:137} INFO - [2022-12-17T04:25:16.522+0000] {dagbag.py:343} ERROR - Failed to import: /opt/airflow/dags/ahomework.py
Traceback (most recent call last):
  File "/home/airflow/.local/lib/python3.7/site-packages/airflow/models/dagbag.py", line 339, in parse
    loader.exec_module(new_module)
  File "<frozen importlib._bootstrap_external>", line 728, in exec_module
  File "<frozen importlib._bootstrap>", line 219, in _call_with_frames_removed
  File "/opt/airflow/dags/ahomework.py", line 162, in <module>
    postgres_conn_id=Variable.get("conn_id")
  File "/home/airflow/.local/lib/python3.7/site-packages/airflow/models/variable.py", line 141, in get
    raise KeyError(f"Variable {key} does not exist")
KeyError: 'Variable conn_id does not exist'
[2022-12-17T04:25:16.523+0000] {processor.py:755} WARNING - No viable dags retrieved from /opt/airflow/dags/ahomework.py
[2022-12-17T04:25:16.529+0000] {processor.py:175} INFO - Processing /opt/airflow/dags/ahomework.py took 0.052 seconds
[2022-12-17T04:25:46.863+0000] {processor.py:153} INFO - Started process (PID=1210) to work on /opt/airflow/dags/ahomework.py
[2022-12-17T04:25:46.870+0000] {processor.py:743} INFO - Processing file /opt/airflow/dags/ahomework.py for tasks to queue
[2022-12-17T04:25:46.871+0000] {logging_mixin.py:137} INFO - [2022-12-17T04:25:46.871+0000] {dagbag.py:538} INFO - Filling up the DagBag from /opt/airflow/dags/ahomework.py
[2022-12-17T04:25:46.910+0000] {logging_mixin.py:137} INFO - [2022-12-17T04:25:46.909+0000] {dagbag.py:343} ERROR - Failed to import: /opt/airflow/dags/ahomework.py
Traceback (most recent call last):
  File "/home/airflow/.local/lib/python3.7/site-packages/airflow/models/dagbag.py", line 339, in parse
    loader.exec_module(new_module)
  File "<frozen importlib._bootstrap_external>", line 728, in exec_module
  File "<frozen importlib._bootstrap>", line 219, in _call_with_frames_removed
  File "/opt/airflow/dags/ahomework.py", line 162, in <module>
    postgres_conn_id=Variable.get("conn_id")
  File "/home/airflow/.local/lib/python3.7/site-packages/airflow/models/variable.py", line 141, in get
    raise KeyError(f"Variable {key} does not exist")
KeyError: 'Variable conn_id does not exist'
[2022-12-17T04:25:46.910+0000] {processor.py:755} WARNING - No viable dags retrieved from /opt/airflow/dags/ahomework.py
[2022-12-17T04:25:46.917+0000] {processor.py:175} INFO - Processing /opt/airflow/dags/ahomework.py took 0.057 seconds
[2022-12-17T04:26:17.400+0000] {processor.py:153} INFO - Started process (PID=1309) to work on /opt/airflow/dags/ahomework.py
[2022-12-17T04:26:17.406+0000] {processor.py:743} INFO - Processing file /opt/airflow/dags/ahomework.py for tasks to queue
[2022-12-17T04:26:17.407+0000] {logging_mixin.py:137} INFO - [2022-12-17T04:26:17.407+0000] {dagbag.py:538} INFO - Filling up the DagBag from /opt/airflow/dags/ahomework.py
[2022-12-17T04:26:17.445+0000] {logging_mixin.py:137} INFO - [2022-12-17T04:26:17.445+0000] {dagbag.py:343} ERROR - Failed to import: /opt/airflow/dags/ahomework.py
Traceback (most recent call last):
  File "/home/airflow/.local/lib/python3.7/site-packages/airflow/models/dagbag.py", line 339, in parse
    loader.exec_module(new_module)
  File "<frozen importlib._bootstrap_external>", line 728, in exec_module
  File "<frozen importlib._bootstrap>", line 219, in _call_with_frames_removed
  File "/opt/airflow/dags/ahomework.py", line 162, in <module>
    postgres_conn_id=Variable.get("conn_id")
  File "/home/airflow/.local/lib/python3.7/site-packages/airflow/models/variable.py", line 141, in get
    raise KeyError(f"Variable {key} does not exist")
KeyError: 'Variable conn_id does not exist'
[2022-12-17T04:26:17.445+0000] {processor.py:755} WARNING - No viable dags retrieved from /opt/airflow/dags/ahomework.py
[2022-12-17T04:26:17.451+0000] {processor.py:175} INFO - Processing /opt/airflow/dags/ahomework.py took 0.054 seconds
[2022-12-17T04:26:41.832+0000] {processor.py:153} INFO - Started process (PID=1388) to work on /opt/airflow/dags/ahomework.py
[2022-12-17T04:26:41.834+0000] {processor.py:743} INFO - Processing file /opt/airflow/dags/ahomework.py for tasks to queue
[2022-12-17T04:26:41.834+0000] {logging_mixin.py:137} INFO - [2022-12-17T04:26:41.834+0000] {dagbag.py:538} INFO - Filling up the DagBag from /opt/airflow/dags/ahomework.py
[2022-12-17T04:26:41.871+0000] {processor.py:753} INFO - DAG(s) dict_keys(['ahomework']) retrieved from /opt/airflow/dags/ahomework.py
[2022-12-17T04:26:41.953+0000] {logging_mixin.py:137} INFO - [2022-12-17T04:26:41.953+0000] {manager.py:504} INFO - Created Permission View: can read on DAG:ahomework
[2022-12-17T04:26:41.959+0000] {logging_mixin.py:137} INFO - [2022-12-17T04:26:41.959+0000] {manager.py:504} INFO - Created Permission View: can delete on DAG:ahomework
[2022-12-17T04:26:41.964+0000] {logging_mixin.py:137} INFO - [2022-12-17T04:26:41.964+0000] {manager.py:504} INFO - Created Permission View: can edit on DAG:ahomework
[2022-12-17T04:26:41.964+0000] {logging_mixin.py:137} INFO - [2022-12-17T04:26:41.964+0000] {dag.py:2676} INFO - Sync 1 DAGs
[2022-12-17T04:26:41.974+0000] {logging_mixin.py:137} INFO - [2022-12-17T04:26:41.974+0000] {dag.py:2697} INFO - Creating ORM DAG for ahomework
[2022-12-17T04:26:41.982+0000] {logging_mixin.py:137} INFO - [2022-12-17T04:26:41.982+0000] {dag.py:3427} INFO - Setting next_dagrun for ahomework to 2022-01-01T00:00:00+00:00, run_after=2022-01-01T00:01:00+00:00
[2022-12-17T04:26:41.997+0000] {processor.py:175} INFO - Processing /opt/airflow/dags/ahomework.py took 0.167 seconds
[2022-12-17T04:27:12.951+0000] {processor.py:153} INFO - Started process (PID=1487) to work on /opt/airflow/dags/ahomework.py
[2022-12-17T04:27:12.952+0000] {processor.py:743} INFO - Processing file /opt/airflow/dags/ahomework.py for tasks to queue
[2022-12-17T04:27:12.953+0000] {logging_mixin.py:137} INFO - [2022-12-17T04:27:12.953+0000] {dagbag.py:538} INFO - Filling up the DagBag from /opt/airflow/dags/ahomework.py
[2022-12-17T04:27:12.991+0000] {processor.py:753} INFO - DAG(s) dict_keys(['ahomework']) retrieved from /opt/airflow/dags/ahomework.py
[2022-12-17T04:27:13.011+0000] {logging_mixin.py:137} INFO - [2022-12-17T04:27:13.011+0000] {dag.py:2676} INFO - Sync 1 DAGs
[2022-12-17T04:27:13.031+0000] {logging_mixin.py:137} INFO - [2022-12-17T04:27:13.031+0000] {dag.py:3427} INFO - Setting next_dagrun for ahomework to 2022-01-01T00:00:00+00:00, run_after=2022-01-01T00:01:00+00:00
[2022-12-17T04:27:13.042+0000] {processor.py:175} INFO - Processing /opt/airflow/dags/ahomework.py took 0.094 seconds
[2022-12-17T04:27:43.352+0000] {processor.py:153} INFO - Started process (PID=1566) to work on /opt/airflow/dags/ahomework.py
[2022-12-17T04:27:43.352+0000] {processor.py:743} INFO - Processing file /opt/airflow/dags/ahomework.py for tasks to queue
[2022-12-17T04:27:43.353+0000] {logging_mixin.py:137} INFO - [2022-12-17T04:27:43.353+0000] {dagbag.py:538} INFO - Filling up the DagBag from /opt/airflow/dags/ahomework.py
[2022-12-17T04:27:43.390+0000] {processor.py:753} INFO - DAG(s) dict_keys(['ahomework']) retrieved from /opt/airflow/dags/ahomework.py
[2022-12-17T04:27:43.412+0000] {logging_mixin.py:137} INFO - [2022-12-17T04:27:43.412+0000] {dag.py:2676} INFO - Sync 1 DAGs
[2022-12-17T04:27:43.431+0000] {logging_mixin.py:137} INFO - [2022-12-17T04:27:43.431+0000] {dag.py:3427} INFO - Setting next_dagrun for ahomework to 2022-01-01T00:00:00+00:00, run_after=2022-01-01T00:01:00+00:00
[2022-12-17T04:27:43.442+0000] {processor.py:175} INFO - Processing /opt/airflow/dags/ahomework.py took 0.093 seconds
[2022-12-17T04:28:13.599+0000] {processor.py:153} INFO - Started process (PID=1666) to work on /opt/airflow/dags/ahomework.py
[2022-12-17T04:28:13.599+0000] {processor.py:743} INFO - Processing file /opt/airflow/dags/ahomework.py for tasks to queue
[2022-12-17T04:28:13.600+0000] {logging_mixin.py:137} INFO - [2022-12-17T04:28:13.600+0000] {dagbag.py:538} INFO - Filling up the DagBag from /opt/airflow/dags/ahomework.py
[2022-12-17T04:28:13.639+0000] {processor.py:753} INFO - DAG(s) dict_keys(['ahomework']) retrieved from /opt/airflow/dags/ahomework.py
[2022-12-17T04:28:13.660+0000] {logging_mixin.py:137} INFO - [2022-12-17T04:28:13.660+0000] {dag.py:2676} INFO - Sync 1 DAGs
[2022-12-17T04:28:13.679+0000] {logging_mixin.py:137} INFO - [2022-12-17T04:28:13.679+0000] {dag.py:3427} INFO - Setting next_dagrun for ahomework to 2022-01-01T00:00:00+00:00, run_after=2022-01-01T00:01:00+00:00
[2022-12-17T04:28:13.690+0000] {processor.py:175} INFO - Processing /opt/airflow/dags/ahomework.py took 0.094 seconds
[2022-12-17T04:28:43.934+0000] {processor.py:153} INFO - Started process (PID=1746) to work on /opt/airflow/dags/ahomework.py
[2022-12-17T04:28:43.935+0000] {processor.py:743} INFO - Processing file /opt/airflow/dags/ahomework.py for tasks to queue
[2022-12-17T04:28:43.935+0000] {logging_mixin.py:137} INFO - [2022-12-17T04:28:43.935+0000] {dagbag.py:538} INFO - Filling up the DagBag from /opt/airflow/dags/ahomework.py
[2022-12-17T04:28:43.979+0000] {processor.py:753} INFO - DAG(s) dict_keys(['ahomework']) retrieved from /opt/airflow/dags/ahomework.py
[2022-12-17T04:28:44.000+0000] {logging_mixin.py:137} INFO - [2022-12-17T04:28:44.000+0000] {dag.py:2676} INFO - Sync 1 DAGs
[2022-12-17T04:28:44.019+0000] {logging_mixin.py:137} INFO - [2022-12-17T04:28:44.019+0000] {dag.py:3427} INFO - Setting next_dagrun for ahomework to 2022-01-01T00:00:00+00:00, run_after=2022-01-01T00:01:00+00:00
[2022-12-17T04:28:44.031+0000] {processor.py:175} INFO - Processing /opt/airflow/dags/ahomework.py took 0.099 seconds
[2022-12-17T04:29:14.326+0000] {processor.py:153} INFO - Started process (PID=1845) to work on /opt/airflow/dags/ahomework.py
[2022-12-17T04:29:14.333+0000] {processor.py:743} INFO - Processing file /opt/airflow/dags/ahomework.py for tasks to queue
[2022-12-17T04:29:14.333+0000] {logging_mixin.py:137} INFO - [2022-12-17T04:29:14.333+0000] {dagbag.py:538} INFO - Filling up the DagBag from /opt/airflow/dags/ahomework.py
[2022-12-17T04:29:14.376+0000] {processor.py:753} INFO - DAG(s) dict_keys(['ahomework']) retrieved from /opt/airflow/dags/ahomework.py
[2022-12-17T04:29:14.398+0000] {logging_mixin.py:137} INFO - [2022-12-17T04:29:14.398+0000] {dag.py:2676} INFO - Sync 1 DAGs
[2022-12-17T04:29:14.416+0000] {logging_mixin.py:137} INFO - [2022-12-17T04:29:14.416+0000] {dag.py:3427} INFO - Setting next_dagrun for ahomework to 2022-01-01T00:00:00+00:00, run_after=2022-01-01T00:01:00+00:00
[2022-12-17T04:29:14.431+0000] {processor.py:175} INFO - Processing /opt/airflow/dags/ahomework.py took 0.108 seconds
[2022-12-17T04:29:44.627+0000] {processor.py:153} INFO - Started process (PID=1924) to work on /opt/airflow/dags/ahomework.py
[2022-12-17T04:29:44.628+0000] {processor.py:743} INFO - Processing file /opt/airflow/dags/ahomework.py for tasks to queue
[2022-12-17T04:29:44.628+0000] {logging_mixin.py:137} INFO - [2022-12-17T04:29:44.628+0000] {dagbag.py:538} INFO - Filling up the DagBag from /opt/airflow/dags/ahomework.py
[2022-12-17T04:29:44.666+0000] {processor.py:753} INFO - DAG(s) dict_keys(['ahomework']) retrieved from /opt/airflow/dags/ahomework.py
[2022-12-17T04:29:44.687+0000] {logging_mixin.py:137} INFO - [2022-12-17T04:29:44.687+0000] {dag.py:2676} INFO - Sync 1 DAGs
[2022-12-17T04:29:44.707+0000] {logging_mixin.py:137} INFO - [2022-12-17T04:29:44.707+0000] {dag.py:3427} INFO - Setting next_dagrun for ahomework to 2022-01-01T00:00:00+00:00, run_after=2022-01-01T00:01:00+00:00
[2022-12-17T04:29:44.718+0000] {processor.py:175} INFO - Processing /opt/airflow/dags/ahomework.py took 0.095 seconds
[2022-12-17T04:30:15.006+0000] {processor.py:153} INFO - Started process (PID=2023) to work on /opt/airflow/dags/ahomework.py
[2022-12-17T04:30:15.006+0000] {processor.py:743} INFO - Processing file /opt/airflow/dags/ahomework.py for tasks to queue
[2022-12-17T04:30:15.007+0000] {logging_mixin.py:137} INFO - [2022-12-17T04:30:15.007+0000] {dagbag.py:538} INFO - Filling up the DagBag from /opt/airflow/dags/ahomework.py
[2022-12-17T04:30:15.045+0000] {processor.py:753} INFO - DAG(s) dict_keys(['ahomework']) retrieved from /opt/airflow/dags/ahomework.py
[2022-12-17T04:30:15.065+0000] {logging_mixin.py:137} INFO - [2022-12-17T04:30:15.065+0000] {dag.py:2676} INFO - Sync 1 DAGs
[2022-12-17T04:30:15.082+0000] {logging_mixin.py:137} INFO - [2022-12-17T04:30:15.082+0000] {dag.py:3427} INFO - Setting next_dagrun for ahomework to 2022-01-01T00:00:00+00:00, run_after=2022-01-01T00:01:00+00:00
[2022-12-17T04:30:15.094+0000] {processor.py:175} INFO - Processing /opt/airflow/dags/ahomework.py took 0.091 seconds
[2022-12-17T04:30:45.199+0000] {processor.py:153} INFO - Started process (PID=2122) to work on /opt/airflow/dags/ahomework.py
[2022-12-17T04:30:45.199+0000] {processor.py:743} INFO - Processing file /opt/airflow/dags/ahomework.py for tasks to queue
[2022-12-17T04:30:45.200+0000] {logging_mixin.py:137} INFO - [2022-12-17T04:30:45.200+0000] {dagbag.py:538} INFO - Filling up the DagBag from /opt/airflow/dags/ahomework.py
[2022-12-17T04:30:45.238+0000] {processor.py:753} INFO - DAG(s) dict_keys(['ahomework']) retrieved from /opt/airflow/dags/ahomework.py
[2022-12-17T04:30:45.259+0000] {logging_mixin.py:137} INFO - [2022-12-17T04:30:45.259+0000] {dag.py:2676} INFO - Sync 1 DAGs
[2022-12-17T04:30:45.279+0000] {logging_mixin.py:137} INFO - [2022-12-17T04:30:45.279+0000] {dag.py:3427} INFO - Setting next_dagrun for ahomework to 2022-01-01T00:00:00+00:00, run_after=2022-01-01T00:01:00+00:00
[2022-12-17T04:30:45.291+0000] {processor.py:175} INFO - Processing /opt/airflow/dags/ahomework.py took 0.095 seconds
[2022-12-17T04:31:15.486+0000] {processor.py:153} INFO - Started process (PID=2201) to work on /opt/airflow/dags/ahomework.py
[2022-12-17T04:31:15.487+0000] {processor.py:743} INFO - Processing file /opt/airflow/dags/ahomework.py for tasks to queue
[2022-12-17T04:31:15.488+0000] {logging_mixin.py:137} INFO - [2022-12-17T04:31:15.488+0000] {dagbag.py:538} INFO - Filling up the DagBag from /opt/airflow/dags/ahomework.py
[2022-12-17T04:31:15.531+0000] {processor.py:753} INFO - DAG(s) dict_keys(['ahomework']) retrieved from /opt/airflow/dags/ahomework.py
[2022-12-17T04:31:15.552+0000] {logging_mixin.py:137} INFO - [2022-12-17T04:31:15.551+0000] {dag.py:2676} INFO - Sync 1 DAGs
[2022-12-17T04:31:15.571+0000] {logging_mixin.py:137} INFO - [2022-12-17T04:31:15.571+0000] {dag.py:3427} INFO - Setting next_dagrun for ahomework to 2022-01-01T00:00:00+00:00, run_after=2022-01-01T00:01:00+00:00
[2022-12-17T04:31:15.583+0000] {processor.py:175} INFO - Processing /opt/airflow/dags/ahomework.py took 0.100 seconds
[2022-12-17T04:31:45.967+0000] {processor.py:153} INFO - Started process (PID=2300) to work on /opt/airflow/dags/ahomework.py
[2022-12-17T04:31:45.974+0000] {processor.py:743} INFO - Processing file /opt/airflow/dags/ahomework.py for tasks to queue
[2022-12-17T04:31:45.974+0000] {logging_mixin.py:137} INFO - [2022-12-17T04:31:45.974+0000] {dagbag.py:538} INFO - Filling up the DagBag from /opt/airflow/dags/ahomework.py
[2022-12-17T04:31:46.022+0000] {processor.py:753} INFO - DAG(s) dict_keys(['ahomework']) retrieved from /opt/airflow/dags/ahomework.py
[2022-12-17T04:31:46.052+0000] {logging_mixin.py:137} INFO - [2022-12-17T04:31:46.052+0000] {dag.py:2676} INFO - Sync 1 DAGs
[2022-12-17T04:31:46.077+0000] {logging_mixin.py:137} INFO - [2022-12-17T04:31:46.077+0000] {dag.py:3427} INFO - Setting next_dagrun for ahomework to 2022-01-01T00:00:00+00:00, run_after=2022-01-01T00:01:00+00:00
[2022-12-17T04:31:46.090+0000] {processor.py:175} INFO - Processing /opt/airflow/dags/ahomework.py took 0.127 seconds
[2022-12-17T04:32:14.275+0000] {processor.py:153} INFO - Started process (PID=2380) to work on /opt/airflow/dags/ahomework.py
[2022-12-17T04:32:14.276+0000] {processor.py:743} INFO - Processing file /opt/airflow/dags/ahomework.py for tasks to queue
[2022-12-17T04:32:14.277+0000] {logging_mixin.py:137} INFO - [2022-12-17T04:32:14.276+0000] {dagbag.py:538} INFO - Filling up the DagBag from /opt/airflow/dags/ahomework.py
[2022-12-17T04:32:14.313+0000] {processor.py:753} INFO - DAG(s) dict_keys(['ahomework']) retrieved from /opt/airflow/dags/ahomework.py
[2022-12-17T04:32:14.332+0000] {logging_mixin.py:137} INFO - [2022-12-17T04:32:14.332+0000] {dag.py:2676} INFO - Sync 1 DAGs
[2022-12-17T04:32:14.353+0000] {logging_mixin.py:137} INFO - [2022-12-17T04:32:14.353+0000] {dag.py:3427} INFO - Setting next_dagrun for ahomework to 2022-01-01T00:00:00+00:00, run_after=2022-01-01T00:01:00+00:00
[2022-12-17T04:32:14.366+0000] {processor.py:175} INFO - Processing /opt/airflow/dags/ahomework.py took 0.094 seconds
[2022-12-17T04:32:35.594+0000] {processor.py:153} INFO - Started process (PID=2459) to work on /opt/airflow/dags/ahomework.py
[2022-12-17T04:32:35.595+0000] {processor.py:743} INFO - Processing file /opt/airflow/dags/ahomework.py for tasks to queue
[2022-12-17T04:32:35.596+0000] {logging_mixin.py:137} INFO - [2022-12-17T04:32:35.596+0000] {dagbag.py:538} INFO - Filling up the DagBag from /opt/airflow/dags/ahomework.py
[2022-12-17T04:32:35.641+0000] {processor.py:753} INFO - DAG(s) dict_keys(['ahomework']) retrieved from /opt/airflow/dags/ahomework.py
[2022-12-17T04:32:35.660+0000] {logging_mixin.py:137} INFO - [2022-12-17T04:32:35.660+0000] {dag.py:2676} INFO - Sync 1 DAGs
[2022-12-17T04:32:35.680+0000] {logging_mixin.py:137} INFO - [2022-12-17T04:32:35.680+0000] {dag.py:3427} INFO - Setting next_dagrun for ahomework to 2022-01-01T00:00:00+00:00, run_after=2022-01-01T00:01:00+00:00
[2022-12-17T04:32:35.692+0000] {processor.py:175} INFO - Processing /opt/airflow/dags/ahomework.py took 0.100 seconds
[2022-12-17T04:32:55.860+0000] {processor.py:153} INFO - Started process (PID=2519) to work on /opt/airflow/dags/ahomework.py
[2022-12-17T04:32:55.867+0000] {processor.py:743} INFO - Processing file /opt/airflow/dags/ahomework.py for tasks to queue
[2022-12-17T04:32:55.867+0000] {logging_mixin.py:137} INFO - [2022-12-17T04:32:55.867+0000] {dagbag.py:538} INFO - Filling up the DagBag from /opt/airflow/dags/ahomework.py
[2022-12-17T04:32:55.908+0000] {processor.py:753} INFO - DAG(s) dict_keys(['ahomework']) retrieved from /opt/airflow/dags/ahomework.py
[2022-12-17T04:32:55.927+0000] {logging_mixin.py:137} INFO - [2022-12-17T04:32:55.927+0000] {dag.py:2676} INFO - Sync 1 DAGs
[2022-12-17T04:32:55.945+0000] {logging_mixin.py:137} INFO - [2022-12-17T04:32:55.945+0000] {dag.py:3427} INFO - Setting next_dagrun for ahomework to 2022-01-01T00:00:00+00:00, run_after=2022-01-01T00:01:00+00:00
[2022-12-17T04:32:55.959+0000] {processor.py:175} INFO - Processing /opt/airflow/dags/ahomework.py took 0.102 seconds
[2022-12-17T04:33:26.152+0000] {processor.py:153} INFO - Started process (PID=2599) to work on /opt/airflow/dags/ahomework.py
[2022-12-17T04:33:26.154+0000] {processor.py:743} INFO - Processing file /opt/airflow/dags/ahomework.py for tasks to queue
[2022-12-17T04:33:26.154+0000] {logging_mixin.py:137} INFO - [2022-12-17T04:33:26.154+0000] {dagbag.py:538} INFO - Filling up the DagBag from /opt/airflow/dags/ahomework.py
[2022-12-17T04:33:26.201+0000] {processor.py:753} INFO - DAG(s) dict_keys(['ahomework']) retrieved from /opt/airflow/dags/ahomework.py
[2022-12-17T04:33:26.227+0000] {logging_mixin.py:137} INFO - [2022-12-17T04:33:26.226+0000] {dag.py:2676} INFO - Sync 1 DAGs
[2022-12-17T04:33:26.255+0000] {logging_mixin.py:137} INFO - [2022-12-17T04:33:26.255+0000] {dag.py:3427} INFO - Setting next_dagrun for ahomework to 2022-01-01T00:00:00+00:00, run_after=2022-01-01T00:01:00+00:00
[2022-12-17T04:33:26.268+0000] {processor.py:175} INFO - Processing /opt/airflow/dags/ahomework.py took 0.120 seconds
[2022-12-17T04:33:56.674+0000] {processor.py:153} INFO - Started process (PID=2698) to work on /opt/airflow/dags/ahomework.py
[2022-12-17T04:33:56.675+0000] {processor.py:743} INFO - Processing file /opt/airflow/dags/ahomework.py for tasks to queue
[2022-12-17T04:33:56.676+0000] {logging_mixin.py:137} INFO - [2022-12-17T04:33:56.675+0000] {dagbag.py:538} INFO - Filling up the DagBag from /opt/airflow/dags/ahomework.py
[2022-12-17T04:33:56.713+0000] {processor.py:753} INFO - DAG(s) dict_keys(['ahomework']) retrieved from /opt/airflow/dags/ahomework.py
[2022-12-17T04:33:56.734+0000] {logging_mixin.py:137} INFO - [2022-12-17T04:33:56.734+0000] {dag.py:2676} INFO - Sync 1 DAGs
[2022-12-17T04:33:56.766+0000] {processor.py:175} INFO - Processing /opt/airflow/dags/ahomework.py took 0.096 seconds
[2022-12-17T04:34:26.954+0000] {processor.py:153} INFO - Started process (PID=2777) to work on /opt/airflow/dags/ahomework.py
[2022-12-17T04:34:26.955+0000] {processor.py:743} INFO - Processing file /opt/airflow/dags/ahomework.py for tasks to queue
[2022-12-17T04:34:26.955+0000] {logging_mixin.py:137} INFO - [2022-12-17T04:34:26.955+0000] {dagbag.py:538} INFO - Filling up the DagBag from /opt/airflow/dags/ahomework.py
[2022-12-17T04:34:26.994+0000] {processor.py:753} INFO - DAG(s) dict_keys(['ahomework']) retrieved from /opt/airflow/dags/ahomework.py
[2022-12-17T04:34:27.015+0000] {logging_mixin.py:137} INFO - [2022-12-17T04:34:27.015+0000] {dag.py:2676} INFO - Sync 1 DAGs
[2022-12-17T04:34:27.049+0000] {processor.py:175} INFO - Processing /opt/airflow/dags/ahomework.py took 0.097 seconds
[2022-12-17T04:34:57.243+0000] {processor.py:153} INFO - Started process (PID=2876) to work on /opt/airflow/dags/ahomework.py
[2022-12-17T04:34:57.244+0000] {processor.py:743} INFO - Processing file /opt/airflow/dags/ahomework.py for tasks to queue
[2022-12-17T04:34:57.245+0000] {logging_mixin.py:137} INFO - [2022-12-17T04:34:57.245+0000] {dagbag.py:538} INFO - Filling up the DagBag from /opt/airflow/dags/ahomework.py
[2022-12-17T04:34:57.282+0000] {processor.py:753} INFO - DAG(s) dict_keys(['ahomework']) retrieved from /opt/airflow/dags/ahomework.py
[2022-12-17T04:34:57.303+0000] {logging_mixin.py:137} INFO - [2022-12-17T04:34:57.303+0000] {dag.py:2676} INFO - Sync 1 DAGs
[2022-12-17T04:34:57.324+0000] {logging_mixin.py:137} INFO - [2022-12-17T04:34:57.324+0000] {dag.py:3427} INFO - Setting next_dagrun for ahomework to None, run_after=None
[2022-12-17T04:34:57.335+0000] {processor.py:175} INFO - Processing /opt/airflow/dags/ahomework.py took 0.096 seconds
[2022-12-17T04:35:27.844+0000] {processor.py:153} INFO - Started process (PID=2955) to work on /opt/airflow/dags/ahomework.py
[2022-12-17T04:35:27.845+0000] {processor.py:743} INFO - Processing file /opt/airflow/dags/ahomework.py for tasks to queue
[2022-12-17T04:35:27.846+0000] {logging_mixin.py:137} INFO - [2022-12-17T04:35:27.845+0000] {dagbag.py:538} INFO - Filling up the DagBag from /opt/airflow/dags/ahomework.py
[2022-12-17T04:35:27.918+0000] {processor.py:753} INFO - DAG(s) dict_keys(['ahomework']) retrieved from /opt/airflow/dags/ahomework.py
[2022-12-17T04:35:27.949+0000] {logging_mixin.py:137} INFO - [2022-12-17T04:35:27.948+0000] {dag.py:2676} INFO - Sync 1 DAGs
[2022-12-17T04:35:27.976+0000] {logging_mixin.py:137} INFO - [2022-12-17T04:35:27.976+0000] {dag.py:3427} INFO - Setting next_dagrun for ahomework to None, run_after=None
[2022-12-17T04:35:27.989+0000] {processor.py:175} INFO - Processing /opt/airflow/dags/ahomework.py took 0.148 seconds
[2022-12-17T04:35:58.317+0000] {processor.py:153} INFO - Started process (PID=3053) to work on /opt/airflow/dags/ahomework.py
[2022-12-17T04:35:58.318+0000] {processor.py:743} INFO - Processing file /opt/airflow/dags/ahomework.py for tasks to queue
[2022-12-17T04:35:58.318+0000] {logging_mixin.py:137} INFO - [2022-12-17T04:35:58.318+0000] {dagbag.py:538} INFO - Filling up the DagBag from /opt/airflow/dags/ahomework.py
[2022-12-17T04:35:58.358+0000] {processor.py:753} INFO - DAG(s) dict_keys(['ahomework']) retrieved from /opt/airflow/dags/ahomework.py
[2022-12-17T04:35:58.380+0000] {logging_mixin.py:137} INFO - [2022-12-17T04:35:58.380+0000] {dag.py:2676} INFO - Sync 1 DAGs
[2022-12-17T04:35:58.399+0000] {logging_mixin.py:137} INFO - [2022-12-17T04:35:58.399+0000] {dag.py:3427} INFO - Setting next_dagrun for ahomework to None, run_after=None
[2022-12-17T04:35:58.414+0000] {processor.py:175} INFO - Processing /opt/airflow/dags/ahomework.py took 0.100 seconds
[2022-12-17T04:36:28.971+0000] {processor.py:153} INFO - Started process (PID=3152) to work on /opt/airflow/dags/ahomework.py
[2022-12-17T04:36:28.972+0000] {processor.py:743} INFO - Processing file /opt/airflow/dags/ahomework.py for tasks to queue
[2022-12-17T04:36:28.973+0000] {logging_mixin.py:137} INFO - [2022-12-17T04:36:28.973+0000] {dagbag.py:538} INFO - Filling up the DagBag from /opt/airflow/dags/ahomework.py
[2022-12-17T04:36:29.009+0000] {processor.py:753} INFO - DAG(s) dict_keys(['ahomework']) retrieved from /opt/airflow/dags/ahomework.py
[2022-12-17T04:36:29.029+0000] {logging_mixin.py:137} INFO - [2022-12-17T04:36:29.029+0000] {dag.py:2676} INFO - Sync 1 DAGs
[2022-12-17T04:36:29.049+0000] {logging_mixin.py:137} INFO - [2022-12-17T04:36:29.049+0000] {dag.py:3427} INFO - Setting next_dagrun for ahomework to None, run_after=None
[2022-12-17T04:36:29.061+0000] {processor.py:175} INFO - Processing /opt/airflow/dags/ahomework.py took 0.093 seconds
[2022-12-17T04:36:59.294+0000] {processor.py:153} INFO - Started process (PID=3231) to work on /opt/airflow/dags/ahomework.py
[2022-12-17T04:36:59.301+0000] {processor.py:743} INFO - Processing file /opt/airflow/dags/ahomework.py for tasks to queue
[2022-12-17T04:36:59.302+0000] {logging_mixin.py:137} INFO - [2022-12-17T04:36:59.301+0000] {dagbag.py:538} INFO - Filling up the DagBag from /opt/airflow/dags/ahomework.py
[2022-12-17T04:36:59.341+0000] {processor.py:753} INFO - DAG(s) dict_keys(['ahomework']) retrieved from /opt/airflow/dags/ahomework.py
[2022-12-17T04:36:59.363+0000] {logging_mixin.py:137} INFO - [2022-12-17T04:36:59.363+0000] {dag.py:2676} INFO - Sync 1 DAGs
[2022-12-17T04:36:59.382+0000] {logging_mixin.py:137} INFO - [2022-12-17T04:36:59.382+0000] {dag.py:3427} INFO - Setting next_dagrun for ahomework to None, run_after=None
[2022-12-17T04:36:59.395+0000] {processor.py:175} INFO - Processing /opt/airflow/dags/ahomework.py took 0.103 seconds
[2022-12-17T04:37:29.567+0000] {processor.py:153} INFO - Started process (PID=3330) to work on /opt/airflow/dags/ahomework.py
[2022-12-17T04:37:29.569+0000] {processor.py:743} INFO - Processing file /opt/airflow/dags/ahomework.py for tasks to queue
[2022-12-17T04:37:29.569+0000] {logging_mixin.py:137} INFO - [2022-12-17T04:37:29.569+0000] {dagbag.py:538} INFO - Filling up the DagBag from /opt/airflow/dags/ahomework.py
[2022-12-17T04:37:29.608+0000] {processor.py:753} INFO - DAG(s) dict_keys(['ahomework']) retrieved from /opt/airflow/dags/ahomework.py
[2022-12-17T04:37:29.632+0000] {logging_mixin.py:137} INFO - [2022-12-17T04:37:29.632+0000] {dag.py:2676} INFO - Sync 1 DAGs
[2022-12-17T04:37:29.651+0000] {logging_mixin.py:137} INFO - [2022-12-17T04:37:29.651+0000] {dag.py:3427} INFO - Setting next_dagrun for ahomework to None, run_after=None
[2022-12-17T04:37:29.665+0000] {processor.py:175} INFO - Processing /opt/airflow/dags/ahomework.py took 0.102 seconds
[2022-12-17T04:38:00.006+0000] {processor.py:153} INFO - Started process (PID=3409) to work on /opt/airflow/dags/ahomework.py
[2022-12-17T04:38:00.008+0000] {processor.py:743} INFO - Processing file /opt/airflow/dags/ahomework.py for tasks to queue
[2022-12-17T04:38:00.008+0000] {logging_mixin.py:137} INFO - [2022-12-17T04:38:00.008+0000] {dagbag.py:538} INFO - Filling up the DagBag from /opt/airflow/dags/ahomework.py
[2022-12-17T04:38:00.050+0000] {processor.py:753} INFO - DAG(s) dict_keys(['ahomework']) retrieved from /opt/airflow/dags/ahomework.py
[2022-12-17T04:38:00.077+0000] {logging_mixin.py:137} INFO - [2022-12-17T04:38:00.077+0000] {dag.py:2676} INFO - Sync 1 DAGs
[2022-12-17T04:38:00.102+0000] {logging_mixin.py:137} INFO - [2022-12-17T04:38:00.102+0000] {dag.py:3427} INFO - Setting next_dagrun for ahomework to None, run_after=None
[2022-12-17T04:38:00.117+0000] {processor.py:175} INFO - Processing /opt/airflow/dags/ahomework.py took 0.114 seconds
[2022-12-17T04:38:30.390+0000] {processor.py:153} INFO - Started process (PID=3508) to work on /opt/airflow/dags/ahomework.py
[2022-12-17T04:38:30.397+0000] {processor.py:743} INFO - Processing file /opt/airflow/dags/ahomework.py for tasks to queue
[2022-12-17T04:38:30.397+0000] {logging_mixin.py:137} INFO - [2022-12-17T04:38:30.397+0000] {dagbag.py:538} INFO - Filling up the DagBag from /opt/airflow/dags/ahomework.py
[2022-12-17T04:38:30.434+0000] {processor.py:753} INFO - DAG(s) dict_keys(['ahomework']) retrieved from /opt/airflow/dags/ahomework.py
[2022-12-17T04:38:30.454+0000] {logging_mixin.py:137} INFO - [2022-12-17T04:38:30.454+0000] {dag.py:2676} INFO - Sync 1 DAGs
[2022-12-17T04:38:30.473+0000] {logging_mixin.py:137} INFO - [2022-12-17T04:38:30.473+0000] {dag.py:3427} INFO - Setting next_dagrun for ahomework to None, run_after=None
[2022-12-17T04:38:30.487+0000] {processor.py:175} INFO - Processing /opt/airflow/dags/ahomework.py took 0.101 seconds
[2022-12-17T04:39:00.789+0000] {processor.py:153} INFO - Started process (PID=3594) to work on /opt/airflow/dags/ahomework.py
[2022-12-17T04:39:00.790+0000] {processor.py:743} INFO - Processing file /opt/airflow/dags/ahomework.py for tasks to queue
[2022-12-17T04:39:00.791+0000] {logging_mixin.py:137} INFO - [2022-12-17T04:39:00.791+0000] {dagbag.py:538} INFO - Filling up the DagBag from /opt/airflow/dags/ahomework.py
[2022-12-17T04:39:00.831+0000] {processor.py:753} INFO - DAG(s) dict_keys(['ahomework']) retrieved from /opt/airflow/dags/ahomework.py
[2022-12-17T04:39:00.854+0000] {logging_mixin.py:137} INFO - [2022-12-17T04:39:00.854+0000] {dag.py:2676} INFO - Sync 1 DAGs
[2022-12-17T04:39:00.873+0000] {logging_mixin.py:137} INFO - [2022-12-17T04:39:00.873+0000] {dag.py:3427} INFO - Setting next_dagrun for ahomework to None, run_after=None
[2022-12-17T04:39:00.890+0000] {processor.py:175} INFO - Processing /opt/airflow/dags/ahomework.py took 0.103 seconds
[2022-12-17T04:39:31.251+0000] {processor.py:153} INFO - Started process (PID=3686) to work on /opt/airflow/dags/ahomework.py
[2022-12-17T04:39:31.252+0000] {processor.py:743} INFO - Processing file /opt/airflow/dags/ahomework.py for tasks to queue
[2022-12-17T04:39:31.252+0000] {logging_mixin.py:137} INFO - [2022-12-17T04:39:31.252+0000] {dagbag.py:538} INFO - Filling up the DagBag from /opt/airflow/dags/ahomework.py
[2022-12-17T04:39:31.290+0000] {processor.py:753} INFO - DAG(s) dict_keys(['ahomework']) retrieved from /opt/airflow/dags/ahomework.py
[2022-12-17T04:39:31.312+0000] {logging_mixin.py:137} INFO - [2022-12-17T04:39:31.312+0000] {dag.py:2676} INFO - Sync 1 DAGs
[2022-12-17T04:39:31.335+0000] {logging_mixin.py:137} INFO - [2022-12-17T04:39:31.335+0000] {dag.py:3427} INFO - Setting next_dagrun for ahomework to None, run_after=None
[2022-12-17T04:39:31.347+0000] {processor.py:175} INFO - Processing /opt/airflow/dags/ahomework.py took 0.101 seconds
[2022-12-17T04:40:01.783+0000] {processor.py:153} INFO - Started process (PID=3785) to work on /opt/airflow/dags/ahomework.py
[2022-12-17T04:40:01.784+0000] {processor.py:743} INFO - Processing file /opt/airflow/dags/ahomework.py for tasks to queue
[2022-12-17T04:40:01.784+0000] {logging_mixin.py:137} INFO - [2022-12-17T04:40:01.784+0000] {dagbag.py:538} INFO - Filling up the DagBag from /opt/airflow/dags/ahomework.py
[2022-12-17T04:40:01.823+0000] {processor.py:753} INFO - DAG(s) dict_keys(['ahomework']) retrieved from /opt/airflow/dags/ahomework.py
[2022-12-17T04:40:01.845+0000] {logging_mixin.py:137} INFO - [2022-12-17T04:40:01.845+0000] {dag.py:2676} INFO - Sync 1 DAGs
[2022-12-17T04:40:01.866+0000] {logging_mixin.py:137} INFO - [2022-12-17T04:40:01.866+0000] {dag.py:3427} INFO - Setting next_dagrun for ahomework to None, run_after=None
[2022-12-17T04:40:01.877+0000] {processor.py:175} INFO - Processing /opt/airflow/dags/ahomework.py took 0.096 seconds
[2022-12-17T04:40:32.110+0000] {processor.py:153} INFO - Started process (PID=3865) to work on /opt/airflow/dags/ahomework.py
[2022-12-17T04:40:32.117+0000] {processor.py:743} INFO - Processing file /opt/airflow/dags/ahomework.py for tasks to queue
[2022-12-17T04:40:32.117+0000] {logging_mixin.py:137} INFO - [2022-12-17T04:40:32.117+0000] {dagbag.py:538} INFO - Filling up the DagBag from /opt/airflow/dags/ahomework.py
[2022-12-17T04:40:32.157+0000] {processor.py:753} INFO - DAG(s) dict_keys(['ahomework']) retrieved from /opt/airflow/dags/ahomework.py
[2022-12-17T04:40:32.178+0000] {logging_mixin.py:137} INFO - [2022-12-17T04:40:32.178+0000] {dag.py:2676} INFO - Sync 1 DAGs
[2022-12-17T04:40:32.196+0000] {logging_mixin.py:137} INFO - [2022-12-17T04:40:32.196+0000] {dag.py:3427} INFO - Setting next_dagrun for ahomework to None, run_after=None
[2022-12-17T04:40:32.211+0000] {processor.py:175} INFO - Processing /opt/airflow/dags/ahomework.py took 0.105 seconds
[2022-12-17T04:41:02.296+0000] {processor.py:153} INFO - Started process (PID=3964) to work on /opt/airflow/dags/ahomework.py
[2022-12-17T04:41:02.298+0000] {processor.py:743} INFO - Processing file /opt/airflow/dags/ahomework.py for tasks to queue
[2022-12-17T04:41:02.298+0000] {logging_mixin.py:137} INFO - [2022-12-17T04:41:02.298+0000] {dagbag.py:538} INFO - Filling up the DagBag from /opt/airflow/dags/ahomework.py
[2022-12-17T04:41:02.336+0000] {processor.py:753} INFO - DAG(s) dict_keys(['ahomework']) retrieved from /opt/airflow/dags/ahomework.py
[2022-12-17T04:41:02.360+0000] {logging_mixin.py:137} INFO - [2022-12-17T04:41:02.360+0000] {dag.py:2676} INFO - Sync 1 DAGs
[2022-12-17T04:41:02.381+0000] {logging_mixin.py:137} INFO - [2022-12-17T04:41:02.381+0000] {dag.py:3427} INFO - Setting next_dagrun for ahomework to None, run_after=None
[2022-12-17T04:41:02.395+0000] {processor.py:175} INFO - Processing /opt/airflow/dags/ahomework.py took 0.101 seconds
[2022-12-17T04:41:32.702+0000] {processor.py:153} INFO - Started process (PID=4043) to work on /opt/airflow/dags/ahomework.py
[2022-12-17T04:41:32.709+0000] {processor.py:743} INFO - Processing file /opt/airflow/dags/ahomework.py for tasks to queue
[2022-12-17T04:41:32.710+0000] {logging_mixin.py:137} INFO - [2022-12-17T04:41:32.710+0000] {dagbag.py:538} INFO - Filling up the DagBag from /opt/airflow/dags/ahomework.py
[2022-12-17T04:41:32.752+0000] {processor.py:753} INFO - DAG(s) dict_keys(['ahomework']) retrieved from /opt/airflow/dags/ahomework.py
[2022-12-17T04:41:32.780+0000] {logging_mixin.py:137} INFO - [2022-12-17T04:41:32.780+0000] {dag.py:2676} INFO - Sync 1 DAGs
[2022-12-17T04:41:32.806+0000] {logging_mixin.py:137} INFO - [2022-12-17T04:41:32.806+0000] {dag.py:3427} INFO - Setting next_dagrun for ahomework to None, run_after=None
[2022-12-17T04:41:32.820+0000] {processor.py:175} INFO - Processing /opt/airflow/dags/ahomework.py took 0.120 seconds
[2022-12-17T04:42:02.972+0000] {processor.py:153} INFO - Started process (PID=4143) to work on /opt/airflow/dags/ahomework.py
[2022-12-17T04:42:02.974+0000] {processor.py:743} INFO - Processing file /opt/airflow/dags/ahomework.py for tasks to queue
[2022-12-17T04:42:02.974+0000] {logging_mixin.py:137} INFO - [2022-12-17T04:42:02.974+0000] {dagbag.py:538} INFO - Filling up the DagBag from /opt/airflow/dags/ahomework.py
[2022-12-17T04:42:03.015+0000] {processor.py:753} INFO - DAG(s) dict_keys(['ahomework']) retrieved from /opt/airflow/dags/ahomework.py
[2022-12-17T04:42:03.036+0000] {logging_mixin.py:137} INFO - [2022-12-17T04:42:03.036+0000] {dag.py:2676} INFO - Sync 1 DAGs
[2022-12-17T04:42:03.056+0000] {logging_mixin.py:137} INFO - [2022-12-17T04:42:03.055+0000] {dag.py:3427} INFO - Setting next_dagrun for ahomework to None, run_after=None
[2022-12-17T04:42:03.070+0000] {processor.py:175} INFO - Processing /opt/airflow/dags/ahomework.py took 0.101 seconds
[2022-12-17T04:42:33.303+0000] {processor.py:153} INFO - Started process (PID=4222) to work on /opt/airflow/dags/ahomework.py
[2022-12-17T04:42:33.310+0000] {processor.py:743} INFO - Processing file /opt/airflow/dags/ahomework.py for tasks to queue
[2022-12-17T04:42:33.311+0000] {logging_mixin.py:137} INFO - [2022-12-17T04:42:33.311+0000] {dagbag.py:538} INFO - Filling up the DagBag from /opt/airflow/dags/ahomework.py
[2022-12-17T04:42:33.352+0000] {processor.py:753} INFO - DAG(s) dict_keys(['ahomework']) retrieved from /opt/airflow/dags/ahomework.py
[2022-12-17T04:42:33.373+0000] {logging_mixin.py:137} INFO - [2022-12-17T04:42:33.373+0000] {dag.py:2676} INFO - Sync 1 DAGs
[2022-12-17T04:42:33.394+0000] {logging_mixin.py:137} INFO - [2022-12-17T04:42:33.393+0000] {dag.py:3427} INFO - Setting next_dagrun for ahomework to None, run_after=None
[2022-12-17T04:42:33.406+0000] {processor.py:175} INFO - Processing /opt/airflow/dags/ahomework.py took 0.105 seconds
[2022-12-17T04:42:59.672+0000] {processor.py:153} INFO - Started process (PID=4302) to work on /opt/airflow/dags/ahomework.py
[2022-12-17T04:42:59.672+0000] {processor.py:743} INFO - Processing file /opt/airflow/dags/ahomework.py for tasks to queue
[2022-12-17T04:42:59.673+0000] {logging_mixin.py:137} INFO - [2022-12-17T04:42:59.673+0000] {dagbag.py:538} INFO - Filling up the DagBag from /opt/airflow/dags/ahomework.py
[2022-12-17T04:42:59.719+0000] {processor.py:753} INFO - DAG(s) dict_keys(['ahomework']) retrieved from /opt/airflow/dags/ahomework.py
[2022-12-17T04:42:59.742+0000] {logging_mixin.py:137} INFO - [2022-12-17T04:42:59.742+0000] {dag.py:2676} INFO - Sync 1 DAGs
[2022-12-17T04:42:59.763+0000] {logging_mixin.py:137} INFO - [2022-12-17T04:42:59.763+0000] {dag.py:3427} INFO - Setting next_dagrun for ahomework to None, run_after=None
[2022-12-17T04:42:59.778+0000] {processor.py:175} INFO - Processing /opt/airflow/dags/ahomework.py took 0.110 seconds
[2022-12-17T04:43:29.966+0000] {processor.py:153} INFO - Started process (PID=4381) to work on /opt/airflow/dags/ahomework.py
[2022-12-17T04:43:29.967+0000] {processor.py:743} INFO - Processing file /opt/airflow/dags/ahomework.py for tasks to queue
[2022-12-17T04:43:29.967+0000] {logging_mixin.py:137} INFO - [2022-12-17T04:43:29.967+0000] {dagbag.py:538} INFO - Filling up the DagBag from /opt/airflow/dags/ahomework.py
[2022-12-17T04:43:30.008+0000] {processor.py:753} INFO - DAG(s) dict_keys(['ahomework']) retrieved from /opt/airflow/dags/ahomework.py
[2022-12-17T04:43:30.029+0000] {logging_mixin.py:137} INFO - [2022-12-17T04:43:30.029+0000] {dag.py:2676} INFO - Sync 1 DAGs
[2022-12-17T04:43:30.049+0000] {logging_mixin.py:137} INFO - [2022-12-17T04:43:30.048+0000] {dag.py:3427} INFO - Setting next_dagrun for ahomework to None, run_after=None
[2022-12-17T04:43:30.063+0000] {processor.py:175} INFO - Processing /opt/airflow/dags/ahomework.py took 0.100 seconds
[2022-12-17T04:44:00.342+0000] {processor.py:153} INFO - Started process (PID=4481) to work on /opt/airflow/dags/ahomework.py
[2022-12-17T04:44:00.343+0000] {processor.py:743} INFO - Processing file /opt/airflow/dags/ahomework.py for tasks to queue
[2022-12-17T04:44:00.344+0000] {logging_mixin.py:137} INFO - [2022-12-17T04:44:00.344+0000] {dagbag.py:538} INFO - Filling up the DagBag from /opt/airflow/dags/ahomework.py
[2022-12-17T04:44:00.387+0000] {processor.py:753} INFO - DAG(s) dict_keys(['ahomework']) retrieved from /opt/airflow/dags/ahomework.py
[2022-12-17T04:44:00.409+0000] {logging_mixin.py:137} INFO - [2022-12-17T04:44:00.409+0000] {dag.py:2676} INFO - Sync 1 DAGs
[2022-12-17T04:44:00.436+0000] {logging_mixin.py:137} INFO - [2022-12-17T04:44:00.436+0000] {dag.py:3427} INFO - Setting next_dagrun for ahomework to None, run_after=None
[2022-12-17T04:44:00.448+0000] {processor.py:175} INFO - Processing /opt/airflow/dags/ahomework.py took 0.109 seconds
[2022-12-17T04:44:30.484+0000] {processor.py:153} INFO - Started process (PID=4560) to work on /opt/airflow/dags/ahomework.py
[2022-12-17T04:44:30.485+0000] {processor.py:743} INFO - Processing file /opt/airflow/dags/ahomework.py for tasks to queue
[2022-12-17T04:44:30.485+0000] {logging_mixin.py:137} INFO - [2022-12-17T04:44:30.485+0000] {dagbag.py:538} INFO - Filling up the DagBag from /opt/airflow/dags/ahomework.py
[2022-12-17T04:44:30.525+0000] {processor.py:753} INFO - DAG(s) dict_keys(['ahomework']) retrieved from /opt/airflow/dags/ahomework.py
[2022-12-17T04:44:30.547+0000] {logging_mixin.py:137} INFO - [2022-12-17T04:44:30.547+0000] {dag.py:2676} INFO - Sync 1 DAGs
[2022-12-17T04:44:30.568+0000] {logging_mixin.py:137} INFO - [2022-12-17T04:44:30.568+0000] {dag.py:3427} INFO - Setting next_dagrun for ahomework to None, run_after=None
[2022-12-17T04:44:30.583+0000] {processor.py:175} INFO - Processing /opt/airflow/dags/ahomework.py took 0.101 seconds
[2022-12-17T04:45:00.828+0000] {processor.py:153} INFO - Started process (PID=4659) to work on /opt/airflow/dags/ahomework.py
[2022-12-17T04:45:00.830+0000] {processor.py:743} INFO - Processing file /opt/airflow/dags/ahomework.py for tasks to queue
[2022-12-17T04:45:00.831+0000] {logging_mixin.py:137} INFO - [2022-12-17T04:45:00.830+0000] {dagbag.py:538} INFO - Filling up the DagBag from /opt/airflow/dags/ahomework.py
[2022-12-17T04:45:00.872+0000] {processor.py:753} INFO - DAG(s) dict_keys(['ahomework']) retrieved from /opt/airflow/dags/ahomework.py
[2022-12-17T04:45:00.893+0000] {logging_mixin.py:137} INFO - [2022-12-17T04:45:00.892+0000] {dag.py:2676} INFO - Sync 1 DAGs
[2022-12-17T04:45:00.911+0000] {logging_mixin.py:137} INFO - [2022-12-17T04:45:00.911+0000] {dag.py:3427} INFO - Setting next_dagrun for ahomework to None, run_after=None
[2022-12-17T04:45:00.922+0000] {processor.py:175} INFO - Processing /opt/airflow/dags/ahomework.py took 0.097 seconds
