[2022-12-17T04:34:06.665+0000] {taskinstance.py:1087} INFO - Dependencies all met for <TaskInstance: ahomework.world scheduled__2022-01-01T00:02:00+00:00 [queued]>
[2022-12-17T04:34:06.673+0000] {taskinstance.py:1087} INFO - Dependencies all met for <TaskInstance: ahomework.world scheduled__2022-01-01T00:02:00+00:00 [queued]>
[2022-12-17T04:34:06.673+0000] {taskinstance.py:1283} INFO - 
--------------------------------------------------------------------------------
[2022-12-17T04:34:06.673+0000] {taskinstance.py:1284} INFO - Starting attempt 1 of 1
[2022-12-17T04:34:06.673+0000] {taskinstance.py:1285} INFO - 
--------------------------------------------------------------------------------
[2022-12-17T04:34:06.684+0000] {taskinstance.py:1304} INFO - Executing <Task(PythonOperator): world> on 2022-01-01 00:02:00+00:00
[2022-12-17T04:34:06.693+0000] {standard_task_runner.py:55} INFO - Started process 1651 to run task
[2022-12-17T04:34:06.695+0000] {standard_task_runner.py:82} INFO - Running: ['***', 'tasks', 'run', 'ahomework', 'world', 'scheduled__2022-01-01T00:02:00+00:00', '--job-id', '16', '--raw', '--subdir', 'DAGS_FOLDER/ahomework.py', '--cfg-path', '/tmp/tmpe46zivpw']
[2022-12-17T04:34:06.696+0000] {standard_task_runner.py:83} INFO - Job 16: Subtask world
[2022-12-17T04:34:06.746+0000] {task_command.py:389} INFO - Running <TaskInstance: ahomework.world scheduled__2022-01-01T00:02:00+00:00 [running]> on host 4bef348da8d6
[2022-12-17T04:34:06.801+0000] {taskinstance.py:1513} INFO - Exporting the following env vars:
AIRFLOW_CTX_DAG_OWNER=***
AIRFLOW_CTX_DAG_ID=ahomework
AIRFLOW_CTX_TASK_ID=world
AIRFLOW_CTX_EXECUTION_DATE=2022-01-01T00:02:00+00:00
AIRFLOW_CTX_TRY_NUMBER=1
AIRFLOW_CTX_DAG_RUN_ID=scheduled__2022-01-01T00:02:00+00:00
[2022-12-17T04:34:06.802+0000] {logging_mixin.py:137} INFO - Airflow
[2022-12-17T04:34:06.802+0000] {python.py:177} INFO - Done. Returned value was: None
[2022-12-17T04:34:06.811+0000] {taskinstance.py:1327} INFO - Marking task as SUCCESS. dag_id=ahomework, task_id=world, execution_date=20220101T000200, start_date=20221217T043406, end_date=20221217T043406
[2022-12-17T04:34:06.866+0000] {local_task_job.py:159} INFO - Task exited with return code 0
[2022-12-17T04:34:06.895+0000] {taskinstance.py:2582} INFO - 1 downstream tasks scheduled from follow-on schedule check
