[2022-12-17T04:19:16.440+0000] {processor.py:153} INFO - Started process (PID=76) to work on /home/airflow/.local/lib/python3.7/site-packages/airflow/example_dags/example_kubernetes_executor.py
[2022-12-17T04:19:16.441+0000] {processor.py:743} INFO - Processing file /home/airflow/.local/lib/python3.7/site-packages/airflow/example_dags/example_kubernetes_executor.py for tasks to queue
[2022-12-17T04:19:16.441+0000] {logging_mixin.py:137} INFO - [2022-12-17T04:19:16.441+0000] {dagbag.py:538} INFO - Filling up the DagBag from /home/airflow/.local/lib/python3.7/site-packages/airflow/example_dags/example_kubernetes_executor.py
[2022-12-17T04:19:16.467+0000] {processor.py:753} INFO - DAG(s) dict_keys(['example_kubernetes_executor']) retrieved from /home/airflow/.local/lib/python3.7/site-packages/airflow/example_dags/example_kubernetes_executor.py
[2022-12-17T04:19:16.585+0000] {logging_mixin.py:137} INFO - [2022-12-17T04:19:16.584+0000] {manager.py:504} INFO - Created Permission View: can read on DAG:example_kubernetes_executor
[2022-12-17T04:19:16.595+0000] {logging_mixin.py:137} INFO - [2022-12-17T04:19:16.594+0000] {manager.py:504} INFO - Created Permission View: can delete on DAG:example_kubernetes_executor
[2022-12-17T04:19:16.603+0000] {logging_mixin.py:137} INFO - [2022-12-17T04:19:16.602+0000] {manager.py:504} INFO - Created Permission View: can edit on DAG:example_kubernetes_executor
[2022-12-17T04:19:16.603+0000] {logging_mixin.py:137} INFO - [2022-12-17T04:19:16.603+0000] {dag.py:2676} INFO - Sync 1 DAGs
[2022-12-17T04:19:16.618+0000] {logging_mixin.py:137} INFO - [2022-12-17T04:19:16.618+0000] {dag.py:2697} INFO - Creating ORM DAG for example_kubernetes_executor
[2022-12-17T04:19:16.629+0000] {logging_mixin.py:137} INFO - [2022-12-17T04:19:16.629+0000] {dag.py:3427} INFO - Setting next_dagrun for example_kubernetes_executor to None, run_after=None
[2022-12-17T04:19:16.644+0000] {processor.py:175} INFO - Processing /home/airflow/.local/lib/python3.7/site-packages/airflow/example_dags/example_kubernetes_executor.py took 0.206 seconds
[2022-12-17T04:19:47.316+0000] {processor.py:153} INFO - Started process (PID=168) to work on /home/airflow/.local/lib/python3.7/site-packages/airflow/example_dags/example_kubernetes_executor.py
[2022-12-17T04:19:47.316+0000] {processor.py:743} INFO - Processing file /home/airflow/.local/lib/python3.7/site-packages/airflow/example_dags/example_kubernetes_executor.py for tasks to queue
[2022-12-17T04:19:47.317+0000] {logging_mixin.py:137} INFO - [2022-12-17T04:19:47.317+0000] {dagbag.py:538} INFO - Filling up the DagBag from /home/airflow/.local/lib/python3.7/site-packages/airflow/example_dags/example_kubernetes_executor.py
[2022-12-17T04:19:47.339+0000] {processor.py:753} INFO - DAG(s) dict_keys(['example_kubernetes_executor']) retrieved from /home/airflow/.local/lib/python3.7/site-packages/airflow/example_dags/example_kubernetes_executor.py
[2022-12-17T04:19:47.375+0000] {logging_mixin.py:137} INFO - [2022-12-17T04:19:47.375+0000] {dag.py:2676} INFO - Sync 1 DAGs
[2022-12-17T04:19:47.396+0000] {logging_mixin.py:137} INFO - [2022-12-17T04:19:47.396+0000] {dag.py:3427} INFO - Setting next_dagrun for example_kubernetes_executor to None, run_after=None
[2022-12-17T04:19:47.410+0000] {processor.py:175} INFO - Processing /home/airflow/.local/lib/python3.7/site-packages/airflow/example_dags/example_kubernetes_executor.py took 0.097 seconds
[2022-12-17T04:20:17.501+0000] {processor.py:153} INFO - Started process (PID=267) to work on /home/airflow/.local/lib/python3.7/site-packages/airflow/example_dags/example_kubernetes_executor.py
[2022-12-17T04:20:17.501+0000] {processor.py:743} INFO - Processing file /home/airflow/.local/lib/python3.7/site-packages/airflow/example_dags/example_kubernetes_executor.py for tasks to queue
[2022-12-17T04:20:17.502+0000] {logging_mixin.py:137} INFO - [2022-12-17T04:20:17.502+0000] {dagbag.py:538} INFO - Filling up the DagBag from /home/airflow/.local/lib/python3.7/site-packages/airflow/example_dags/example_kubernetes_executor.py
[2022-12-17T04:20:17.522+0000] {processor.py:753} INFO - DAG(s) dict_keys(['example_kubernetes_executor']) retrieved from /home/airflow/.local/lib/python3.7/site-packages/airflow/example_dags/example_kubernetes_executor.py
[2022-12-17T04:20:17.559+0000] {logging_mixin.py:137} INFO - [2022-12-17T04:20:17.559+0000] {dag.py:2676} INFO - Sync 1 DAGs
[2022-12-17T04:20:17.579+0000] {logging_mixin.py:137} INFO - [2022-12-17T04:20:17.579+0000] {dag.py:3427} INFO - Setting next_dagrun for example_kubernetes_executor to None, run_after=None
[2022-12-17T04:20:17.593+0000] {processor.py:175} INFO - Processing /home/airflow/.local/lib/python3.7/site-packages/airflow/example_dags/example_kubernetes_executor.py took 0.094 seconds
[2022-12-17T04:20:47.822+0000] {processor.py:153} INFO - Started process (PID=346) to work on /home/airflow/.local/lib/python3.7/site-packages/airflow/example_dags/example_kubernetes_executor.py
[2022-12-17T04:20:47.822+0000] {processor.py:743} INFO - Processing file /home/airflow/.local/lib/python3.7/site-packages/airflow/example_dags/example_kubernetes_executor.py for tasks to queue
[2022-12-17T04:20:47.823+0000] {logging_mixin.py:137} INFO - [2022-12-17T04:20:47.823+0000] {dagbag.py:538} INFO - Filling up the DagBag from /home/airflow/.local/lib/python3.7/site-packages/airflow/example_dags/example_kubernetes_executor.py
[2022-12-17T04:20:47.842+0000] {processor.py:753} INFO - DAG(s) dict_keys(['example_kubernetes_executor']) retrieved from /home/airflow/.local/lib/python3.7/site-packages/airflow/example_dags/example_kubernetes_executor.py
[2022-12-17T04:20:47.872+0000] {logging_mixin.py:137} INFO - [2022-12-17T04:20:47.872+0000] {dag.py:2676} INFO - Sync 1 DAGs
[2022-12-17T04:20:47.891+0000] {logging_mixin.py:137} INFO - [2022-12-17T04:20:47.891+0000] {dag.py:3427} INFO - Setting next_dagrun for example_kubernetes_executor to None, run_after=None
[2022-12-17T04:20:47.905+0000] {processor.py:175} INFO - Processing /home/airflow/.local/lib/python3.7/site-packages/airflow/example_dags/example_kubernetes_executor.py took 0.085 seconds
[2022-12-17T04:21:18.557+0000] {processor.py:153} INFO - Started process (PID=446) to work on /home/airflow/.local/lib/python3.7/site-packages/airflow/example_dags/example_kubernetes_executor.py
[2022-12-17T04:21:18.558+0000] {processor.py:743} INFO - Processing file /home/airflow/.local/lib/python3.7/site-packages/airflow/example_dags/example_kubernetes_executor.py for tasks to queue
[2022-12-17T04:21:18.558+0000] {logging_mixin.py:137} INFO - [2022-12-17T04:21:18.558+0000] {dagbag.py:538} INFO - Filling up the DagBag from /home/airflow/.local/lib/python3.7/site-packages/airflow/example_dags/example_kubernetes_executor.py
[2022-12-17T04:21:18.578+0000] {processor.py:753} INFO - DAG(s) dict_keys(['example_kubernetes_executor']) retrieved from /home/airflow/.local/lib/python3.7/site-packages/airflow/example_dags/example_kubernetes_executor.py
[2022-12-17T04:21:18.611+0000] {logging_mixin.py:137} INFO - [2022-12-17T04:21:18.611+0000] {dag.py:2676} INFO - Sync 1 DAGs
[2022-12-17T04:21:18.630+0000] {logging_mixin.py:137} INFO - [2022-12-17T04:21:18.630+0000] {dag.py:3427} INFO - Setting next_dagrun for example_kubernetes_executor to None, run_after=None
[2022-12-17T04:21:18.642+0000] {processor.py:175} INFO - Processing /home/airflow/.local/lib/python3.7/site-packages/airflow/example_dags/example_kubernetes_executor.py took 0.089 seconds
[2022-12-17T04:21:48.926+0000] {processor.py:153} INFO - Started process (PID=525) to work on /home/airflow/.local/lib/python3.7/site-packages/airflow/example_dags/example_kubernetes_executor.py
[2022-12-17T04:21:48.927+0000] {processor.py:743} INFO - Processing file /home/airflow/.local/lib/python3.7/site-packages/airflow/example_dags/example_kubernetes_executor.py for tasks to queue
[2022-12-17T04:21:48.928+0000] {logging_mixin.py:137} INFO - [2022-12-17T04:21:48.928+0000] {dagbag.py:538} INFO - Filling up the DagBag from /home/airflow/.local/lib/python3.7/site-packages/airflow/example_dags/example_kubernetes_executor.py
[2022-12-17T04:21:48.949+0000] {processor.py:753} INFO - DAG(s) dict_keys(['example_kubernetes_executor']) retrieved from /home/airflow/.local/lib/python3.7/site-packages/airflow/example_dags/example_kubernetes_executor.py
[2022-12-17T04:21:48.984+0000] {logging_mixin.py:137} INFO - [2022-12-17T04:21:48.984+0000] {dag.py:2676} INFO - Sync 1 DAGs
[2022-12-17T04:21:49.004+0000] {logging_mixin.py:137} INFO - [2022-12-17T04:21:49.004+0000] {dag.py:3427} INFO - Setting next_dagrun for example_kubernetes_executor to None, run_after=None
[2022-12-17T04:21:49.021+0000] {processor.py:175} INFO - Processing /home/airflow/.local/lib/python3.7/site-packages/airflow/example_dags/example_kubernetes_executor.py took 0.098 seconds
[2022-12-17T04:22:19.246+0000] {processor.py:153} INFO - Started process (PID=624) to work on /home/airflow/.local/lib/python3.7/site-packages/airflow/example_dags/example_kubernetes_executor.py
[2022-12-17T04:22:19.247+0000] {processor.py:743} INFO - Processing file /home/airflow/.local/lib/python3.7/site-packages/airflow/example_dags/example_kubernetes_executor.py for tasks to queue
[2022-12-17T04:22:19.247+0000] {logging_mixin.py:137} INFO - [2022-12-17T04:22:19.247+0000] {dagbag.py:538} INFO - Filling up the DagBag from /home/airflow/.local/lib/python3.7/site-packages/airflow/example_dags/example_kubernetes_executor.py
[2022-12-17T04:22:19.267+0000] {processor.py:753} INFO - DAG(s) dict_keys(['example_kubernetes_executor']) retrieved from /home/airflow/.local/lib/python3.7/site-packages/airflow/example_dags/example_kubernetes_executor.py
[2022-12-17T04:22:19.301+0000] {logging_mixin.py:137} INFO - [2022-12-17T04:22:19.301+0000] {dag.py:2676} INFO - Sync 1 DAGs
[2022-12-17T04:22:19.322+0000] {logging_mixin.py:137} INFO - [2022-12-17T04:22:19.321+0000] {dag.py:3427} INFO - Setting next_dagrun for example_kubernetes_executor to None, run_after=None
[2022-12-17T04:22:19.334+0000] {processor.py:175} INFO - Processing /home/airflow/.local/lib/python3.7/site-packages/airflow/example_dags/example_kubernetes_executor.py took 0.091 seconds
[2022-12-17T04:22:49.562+0000] {processor.py:153} INFO - Started process (PID=703) to work on /home/airflow/.local/lib/python3.7/site-packages/airflow/example_dags/example_kubernetes_executor.py
[2022-12-17T04:22:49.563+0000] {processor.py:743} INFO - Processing file /home/airflow/.local/lib/python3.7/site-packages/airflow/example_dags/example_kubernetes_executor.py for tasks to queue
[2022-12-17T04:22:49.563+0000] {logging_mixin.py:137} INFO - [2022-12-17T04:22:49.563+0000] {dagbag.py:538} INFO - Filling up the DagBag from /home/airflow/.local/lib/python3.7/site-packages/airflow/example_dags/example_kubernetes_executor.py
[2022-12-17T04:22:49.583+0000] {processor.py:753} INFO - DAG(s) dict_keys(['example_kubernetes_executor']) retrieved from /home/airflow/.local/lib/python3.7/site-packages/airflow/example_dags/example_kubernetes_executor.py
[2022-12-17T04:22:49.616+0000] {logging_mixin.py:137} INFO - [2022-12-17T04:22:49.616+0000] {dag.py:2676} INFO - Sync 1 DAGs
[2022-12-17T04:22:49.636+0000] {logging_mixin.py:137} INFO - [2022-12-17T04:22:49.635+0000] {dag.py:3427} INFO - Setting next_dagrun for example_kubernetes_executor to None, run_after=None
[2022-12-17T04:22:49.648+0000] {processor.py:175} INFO - Processing /home/airflow/.local/lib/python3.7/site-packages/airflow/example_dags/example_kubernetes_executor.py took 0.089 seconds
[2022-12-17T04:23:19.820+0000] {processor.py:153} INFO - Started process (PID=801) to work on /home/airflow/.local/lib/python3.7/site-packages/airflow/example_dags/example_kubernetes_executor.py
[2022-12-17T04:23:19.820+0000] {processor.py:743} INFO - Processing file /home/airflow/.local/lib/python3.7/site-packages/airflow/example_dags/example_kubernetes_executor.py for tasks to queue
[2022-12-17T04:23:19.821+0000] {logging_mixin.py:137} INFO - [2022-12-17T04:23:19.821+0000] {dagbag.py:538} INFO - Filling up the DagBag from /home/airflow/.local/lib/python3.7/site-packages/airflow/example_dags/example_kubernetes_executor.py
[2022-12-17T04:23:19.841+0000] {processor.py:753} INFO - DAG(s) dict_keys(['example_kubernetes_executor']) retrieved from /home/airflow/.local/lib/python3.7/site-packages/airflow/example_dags/example_kubernetes_executor.py
[2022-12-17T04:23:19.873+0000] {logging_mixin.py:137} INFO - [2022-12-17T04:23:19.873+0000] {dag.py:2676} INFO - Sync 1 DAGs
[2022-12-17T04:23:19.891+0000] {logging_mixin.py:137} INFO - [2022-12-17T04:23:19.891+0000] {dag.py:3427} INFO - Setting next_dagrun for example_kubernetes_executor to None, run_after=None
[2022-12-17T04:23:19.903+0000] {processor.py:175} INFO - Processing /home/airflow/.local/lib/python3.7/site-packages/airflow/example_dags/example_kubernetes_executor.py took 0.085 seconds
[2022-12-17T04:23:49.951+0000] {processor.py:153} INFO - Started process (PID=880) to work on /home/airflow/.local/lib/python3.7/site-packages/airflow/example_dags/example_kubernetes_executor.py
[2022-12-17T04:23:49.951+0000] {processor.py:743} INFO - Processing file /home/airflow/.local/lib/python3.7/site-packages/airflow/example_dags/example_kubernetes_executor.py for tasks to queue
[2022-12-17T04:23:49.952+0000] {logging_mixin.py:137} INFO - [2022-12-17T04:23:49.951+0000] {dagbag.py:538} INFO - Filling up the DagBag from /home/airflow/.local/lib/python3.7/site-packages/airflow/example_dags/example_kubernetes_executor.py
[2022-12-17T04:23:49.970+0000] {processor.py:753} INFO - DAG(s) dict_keys(['example_kubernetes_executor']) retrieved from /home/airflow/.local/lib/python3.7/site-packages/airflow/example_dags/example_kubernetes_executor.py
[2022-12-17T04:23:49.999+0000] {logging_mixin.py:137} INFO - [2022-12-17T04:23:49.999+0000] {dag.py:2676} INFO - Sync 1 DAGs
[2022-12-17T04:23:50.017+0000] {logging_mixin.py:137} INFO - [2022-12-17T04:23:50.017+0000] {dag.py:3427} INFO - Setting next_dagrun for example_kubernetes_executor to None, run_after=None
[2022-12-17T04:23:50.030+0000] {processor.py:175} INFO - Processing /home/airflow/.local/lib/python3.7/site-packages/airflow/example_dags/example_kubernetes_executor.py took 0.081 seconds
[2022-12-17T04:24:20.398+0000] {processor.py:153} INFO - Started process (PID=980) to work on /home/airflow/.local/lib/python3.7/site-packages/airflow/example_dags/example_kubernetes_executor.py
[2022-12-17T04:24:20.399+0000] {processor.py:743} INFO - Processing file /home/airflow/.local/lib/python3.7/site-packages/airflow/example_dags/example_kubernetes_executor.py for tasks to queue
[2022-12-17T04:24:20.400+0000] {logging_mixin.py:137} INFO - [2022-12-17T04:24:20.399+0000] {dagbag.py:538} INFO - Filling up the DagBag from /home/airflow/.local/lib/python3.7/site-packages/airflow/example_dags/example_kubernetes_executor.py
[2022-12-17T04:24:20.420+0000] {processor.py:753} INFO - DAG(s) dict_keys(['example_kubernetes_executor']) retrieved from /home/airflow/.local/lib/python3.7/site-packages/airflow/example_dags/example_kubernetes_executor.py
[2022-12-17T04:24:20.449+0000] {logging_mixin.py:137} INFO - [2022-12-17T04:24:20.449+0000] {dag.py:2676} INFO - Sync 1 DAGs
[2022-12-17T04:24:20.467+0000] {logging_mixin.py:137} INFO - [2022-12-17T04:24:20.467+0000] {dag.py:3427} INFO - Setting next_dagrun for example_kubernetes_executor to None, run_after=None
[2022-12-17T04:24:20.479+0000] {processor.py:175} INFO - Processing /home/airflow/.local/lib/python3.7/site-packages/airflow/example_dags/example_kubernetes_executor.py took 0.084 seconds
[2022-12-17T04:24:50.807+0000] {processor.py:153} INFO - Started process (PID=1079) to work on /home/airflow/.local/lib/python3.7/site-packages/airflow/example_dags/example_kubernetes_executor.py
[2022-12-17T04:24:50.808+0000] {processor.py:743} INFO - Processing file /home/airflow/.local/lib/python3.7/site-packages/airflow/example_dags/example_kubernetes_executor.py for tasks to queue
[2022-12-17T04:24:50.809+0000] {logging_mixin.py:137} INFO - [2022-12-17T04:24:50.808+0000] {dagbag.py:538} INFO - Filling up the DagBag from /home/airflow/.local/lib/python3.7/site-packages/airflow/example_dags/example_kubernetes_executor.py
[2022-12-17T04:24:50.831+0000] {processor.py:753} INFO - DAG(s) dict_keys(['example_kubernetes_executor']) retrieved from /home/airflow/.local/lib/python3.7/site-packages/airflow/example_dags/example_kubernetes_executor.py
[2022-12-17T04:24:50.866+0000] {logging_mixin.py:137} INFO - [2022-12-17T04:24:50.866+0000] {dag.py:2676} INFO - Sync 1 DAGs
[2022-12-17T04:24:50.888+0000] {logging_mixin.py:137} INFO - [2022-12-17T04:24:50.888+0000] {dag.py:3427} INFO - Setting next_dagrun for example_kubernetes_executor to None, run_after=None
[2022-12-17T04:24:50.902+0000] {processor.py:175} INFO - Processing /home/airflow/.local/lib/python3.7/site-packages/airflow/example_dags/example_kubernetes_executor.py took 0.098 seconds
[2022-12-17T04:25:21.012+0000] {processor.py:153} INFO - Started process (PID=1158) to work on /home/airflow/.local/lib/python3.7/site-packages/airflow/example_dags/example_kubernetes_executor.py
[2022-12-17T04:25:21.013+0000] {processor.py:743} INFO - Processing file /home/airflow/.local/lib/python3.7/site-packages/airflow/example_dags/example_kubernetes_executor.py for tasks to queue
[2022-12-17T04:25:21.013+0000] {logging_mixin.py:137} INFO - [2022-12-17T04:25:21.013+0000] {dagbag.py:538} INFO - Filling up the DagBag from /home/airflow/.local/lib/python3.7/site-packages/airflow/example_dags/example_kubernetes_executor.py
[2022-12-17T04:25:21.034+0000] {processor.py:753} INFO - DAG(s) dict_keys(['example_kubernetes_executor']) retrieved from /home/airflow/.local/lib/python3.7/site-packages/airflow/example_dags/example_kubernetes_executor.py
[2022-12-17T04:25:21.065+0000] {logging_mixin.py:137} INFO - [2022-12-17T04:25:21.065+0000] {dag.py:2676} INFO - Sync 1 DAGs
[2022-12-17T04:25:21.083+0000] {logging_mixin.py:137} INFO - [2022-12-17T04:25:21.083+0000] {dag.py:3427} INFO - Setting next_dagrun for example_kubernetes_executor to None, run_after=None
[2022-12-17T04:25:21.095+0000] {processor.py:175} INFO - Processing /home/airflow/.local/lib/python3.7/site-packages/airflow/example_dags/example_kubernetes_executor.py took 0.086 seconds
[2022-12-17T04:25:51.630+0000] {processor.py:153} INFO - Started process (PID=1258) to work on /home/airflow/.local/lib/python3.7/site-packages/airflow/example_dags/example_kubernetes_executor.py
[2022-12-17T04:25:51.631+0000] {processor.py:743} INFO - Processing file /home/airflow/.local/lib/python3.7/site-packages/airflow/example_dags/example_kubernetes_executor.py for tasks to queue
[2022-12-17T04:25:51.631+0000] {logging_mixin.py:137} INFO - [2022-12-17T04:25:51.631+0000] {dagbag.py:538} INFO - Filling up the DagBag from /home/airflow/.local/lib/python3.7/site-packages/airflow/example_dags/example_kubernetes_executor.py
[2022-12-17T04:25:51.653+0000] {processor.py:753} INFO - DAG(s) dict_keys(['example_kubernetes_executor']) retrieved from /home/airflow/.local/lib/python3.7/site-packages/airflow/example_dags/example_kubernetes_executor.py
[2022-12-17T04:25:51.690+0000] {logging_mixin.py:137} INFO - [2022-12-17T04:25:51.689+0000] {dag.py:2676} INFO - Sync 1 DAGs
[2022-12-17T04:25:51.712+0000] {logging_mixin.py:137} INFO - [2022-12-17T04:25:51.711+0000] {dag.py:3427} INFO - Setting next_dagrun for example_kubernetes_executor to None, run_after=None
[2022-12-17T04:25:51.724+0000] {processor.py:175} INFO - Processing /home/airflow/.local/lib/python3.7/site-packages/airflow/example_dags/example_kubernetes_executor.py took 0.097 seconds
[2022-12-17T04:26:22.142+0000] {processor.py:153} INFO - Started process (PID=1337) to work on /home/airflow/.local/lib/python3.7/site-packages/airflow/example_dags/example_kubernetes_executor.py
[2022-12-17T04:26:22.143+0000] {processor.py:743} INFO - Processing file /home/airflow/.local/lib/python3.7/site-packages/airflow/example_dags/example_kubernetes_executor.py for tasks to queue
[2022-12-17T04:26:22.143+0000] {logging_mixin.py:137} INFO - [2022-12-17T04:26:22.143+0000] {dagbag.py:538} INFO - Filling up the DagBag from /home/airflow/.local/lib/python3.7/site-packages/airflow/example_dags/example_kubernetes_executor.py
[2022-12-17T04:26:22.166+0000] {processor.py:753} INFO - DAG(s) dict_keys(['example_kubernetes_executor']) retrieved from /home/airflow/.local/lib/python3.7/site-packages/airflow/example_dags/example_kubernetes_executor.py
[2022-12-17T04:26:22.197+0000] {logging_mixin.py:137} INFO - [2022-12-17T04:26:22.196+0000] {dag.py:2676} INFO - Sync 1 DAGs
[2022-12-17T04:26:22.216+0000] {logging_mixin.py:137} INFO - [2022-12-17T04:26:22.216+0000] {dag.py:3427} INFO - Setting next_dagrun for example_kubernetes_executor to None, run_after=None
[2022-12-17T04:26:22.228+0000] {processor.py:175} INFO - Processing /home/airflow/.local/lib/python3.7/site-packages/airflow/example_dags/example_kubernetes_executor.py took 0.088 seconds
[2022-12-17T04:26:52.312+0000] {processor.py:153} INFO - Started process (PID=1436) to work on /home/airflow/.local/lib/python3.7/site-packages/airflow/example_dags/example_kubernetes_executor.py
[2022-12-17T04:26:52.313+0000] {processor.py:743} INFO - Processing file /home/airflow/.local/lib/python3.7/site-packages/airflow/example_dags/example_kubernetes_executor.py for tasks to queue
[2022-12-17T04:26:52.314+0000] {logging_mixin.py:137} INFO - [2022-12-17T04:26:52.314+0000] {dagbag.py:538} INFO - Filling up the DagBag from /home/airflow/.local/lib/python3.7/site-packages/airflow/example_dags/example_kubernetes_executor.py
[2022-12-17T04:26:52.335+0000] {processor.py:753} INFO - DAG(s) dict_keys(['example_kubernetes_executor']) retrieved from /home/airflow/.local/lib/python3.7/site-packages/airflow/example_dags/example_kubernetes_executor.py
[2022-12-17T04:26:52.368+0000] {logging_mixin.py:137} INFO - [2022-12-17T04:26:52.368+0000] {dag.py:2676} INFO - Sync 1 DAGs
[2022-12-17T04:26:52.388+0000] {logging_mixin.py:137} INFO - [2022-12-17T04:26:52.388+0000] {dag.py:3427} INFO - Setting next_dagrun for example_kubernetes_executor to None, run_after=None
[2022-12-17T04:26:52.400+0000] {processor.py:175} INFO - Processing /home/airflow/.local/lib/python3.7/site-packages/airflow/example_dags/example_kubernetes_executor.py took 0.091 seconds
[2022-12-17T04:27:22.724+0000] {processor.py:153} INFO - Started process (PID=1515) to work on /home/airflow/.local/lib/python3.7/site-packages/airflow/example_dags/example_kubernetes_executor.py
[2022-12-17T04:27:22.725+0000] {processor.py:743} INFO - Processing file /home/airflow/.local/lib/python3.7/site-packages/airflow/example_dags/example_kubernetes_executor.py for tasks to queue
[2022-12-17T04:27:22.725+0000] {logging_mixin.py:137} INFO - [2022-12-17T04:27:22.725+0000] {dagbag.py:538} INFO - Filling up the DagBag from /home/airflow/.local/lib/python3.7/site-packages/airflow/example_dags/example_kubernetes_executor.py
[2022-12-17T04:27:22.747+0000] {processor.py:753} INFO - DAG(s) dict_keys(['example_kubernetes_executor']) retrieved from /home/airflow/.local/lib/python3.7/site-packages/airflow/example_dags/example_kubernetes_executor.py
[2022-12-17T04:27:22.778+0000] {logging_mixin.py:137} INFO - [2022-12-17T04:27:22.778+0000] {dag.py:2676} INFO - Sync 1 DAGs
[2022-12-17T04:27:22.799+0000] {logging_mixin.py:137} INFO - [2022-12-17T04:27:22.798+0000] {dag.py:3427} INFO - Setting next_dagrun for example_kubernetes_executor to None, run_after=None
[2022-12-17T04:27:22.812+0000] {processor.py:175} INFO - Processing /home/airflow/.local/lib/python3.7/site-packages/airflow/example_dags/example_kubernetes_executor.py took 0.091 seconds
[2022-12-17T04:27:52.906+0000] {processor.py:153} INFO - Started process (PID=1614) to work on /home/airflow/.local/lib/python3.7/site-packages/airflow/example_dags/example_kubernetes_executor.py
[2022-12-17T04:27:52.907+0000] {processor.py:743} INFO - Processing file /home/airflow/.local/lib/python3.7/site-packages/airflow/example_dags/example_kubernetes_executor.py for tasks to queue
[2022-12-17T04:27:52.908+0000] {logging_mixin.py:137} INFO - [2022-12-17T04:27:52.908+0000] {dagbag.py:538} INFO - Filling up the DagBag from /home/airflow/.local/lib/python3.7/site-packages/airflow/example_dags/example_kubernetes_executor.py
[2022-12-17T04:27:52.930+0000] {processor.py:753} INFO - DAG(s) dict_keys(['example_kubernetes_executor']) retrieved from /home/airflow/.local/lib/python3.7/site-packages/airflow/example_dags/example_kubernetes_executor.py
[2022-12-17T04:27:52.961+0000] {logging_mixin.py:137} INFO - [2022-12-17T04:27:52.961+0000] {dag.py:2676} INFO - Sync 1 DAGs
[2022-12-17T04:27:52.983+0000] {logging_mixin.py:137} INFO - [2022-12-17T04:27:52.983+0000] {dag.py:3427} INFO - Setting next_dagrun for example_kubernetes_executor to None, run_after=None
[2022-12-17T04:27:52.997+0000] {processor.py:175} INFO - Processing /home/airflow/.local/lib/python3.7/site-packages/airflow/example_dags/example_kubernetes_executor.py took 0.093 seconds
[2022-12-17T04:28:23.220+0000] {processor.py:153} INFO - Started process (PID=1703) to work on /home/airflow/.local/lib/python3.7/site-packages/airflow/example_dags/example_kubernetes_executor.py
[2022-12-17T04:28:23.221+0000] {processor.py:743} INFO - Processing file /home/airflow/.local/lib/python3.7/site-packages/airflow/example_dags/example_kubernetes_executor.py for tasks to queue
[2022-12-17T04:28:23.221+0000] {logging_mixin.py:137} INFO - [2022-12-17T04:28:23.221+0000] {dagbag.py:538} INFO - Filling up the DagBag from /home/airflow/.local/lib/python3.7/site-packages/airflow/example_dags/example_kubernetes_executor.py
[2022-12-17T04:28:23.243+0000] {processor.py:753} INFO - DAG(s) dict_keys(['example_kubernetes_executor']) retrieved from /home/airflow/.local/lib/python3.7/site-packages/airflow/example_dags/example_kubernetes_executor.py
[2022-12-17T04:28:23.275+0000] {logging_mixin.py:137} INFO - [2022-12-17T04:28:23.274+0000] {dag.py:2676} INFO - Sync 1 DAGs
[2022-12-17T04:28:23.295+0000] {logging_mixin.py:137} INFO - [2022-12-17T04:28:23.295+0000] {dag.py:3427} INFO - Setting next_dagrun for example_kubernetes_executor to None, run_after=None
[2022-12-17T04:28:23.308+0000] {processor.py:175} INFO - Processing /home/airflow/.local/lib/python3.7/site-packages/airflow/example_dags/example_kubernetes_executor.py took 0.091 seconds
[2022-12-17T04:28:53.438+0000] {processor.py:153} INFO - Started process (PID=1793) to work on /home/airflow/.local/lib/python3.7/site-packages/airflow/example_dags/example_kubernetes_executor.py
[2022-12-17T04:28:53.438+0000] {processor.py:743} INFO - Processing file /home/airflow/.local/lib/python3.7/site-packages/airflow/example_dags/example_kubernetes_executor.py for tasks to queue
[2022-12-17T04:28:53.439+0000] {logging_mixin.py:137} INFO - [2022-12-17T04:28:53.438+0000] {dagbag.py:538} INFO - Filling up the DagBag from /home/airflow/.local/lib/python3.7/site-packages/airflow/example_dags/example_kubernetes_executor.py
[2022-12-17T04:28:53.459+0000] {processor.py:753} INFO - DAG(s) dict_keys(['example_kubernetes_executor']) retrieved from /home/airflow/.local/lib/python3.7/site-packages/airflow/example_dags/example_kubernetes_executor.py
[2022-12-17T04:28:53.497+0000] {logging_mixin.py:137} INFO - [2022-12-17T04:28:53.497+0000] {dag.py:2676} INFO - Sync 1 DAGs
[2022-12-17T04:28:53.523+0000] {logging_mixin.py:137} INFO - [2022-12-17T04:28:53.523+0000] {dag.py:3427} INFO - Setting next_dagrun for example_kubernetes_executor to None, run_after=None
[2022-12-17T04:28:53.540+0000] {processor.py:175} INFO - Processing /home/airflow/.local/lib/python3.7/site-packages/airflow/example_dags/example_kubernetes_executor.py took 0.105 seconds
[2022-12-17T04:29:23.995+0000] {processor.py:153} INFO - Started process (PID=1892) to work on /home/airflow/.local/lib/python3.7/site-packages/airflow/example_dags/example_kubernetes_executor.py
[2022-12-17T04:29:23.996+0000] {processor.py:743} INFO - Processing file /home/airflow/.local/lib/python3.7/site-packages/airflow/example_dags/example_kubernetes_executor.py for tasks to queue
[2022-12-17T04:29:23.996+0000] {logging_mixin.py:137} INFO - [2022-12-17T04:29:23.996+0000] {dagbag.py:538} INFO - Filling up the DagBag from /home/airflow/.local/lib/python3.7/site-packages/airflow/example_dags/example_kubernetes_executor.py
[2022-12-17T04:29:24.015+0000] {processor.py:753} INFO - DAG(s) dict_keys(['example_kubernetes_executor']) retrieved from /home/airflow/.local/lib/python3.7/site-packages/airflow/example_dags/example_kubernetes_executor.py
[2022-12-17T04:29:24.048+0000] {logging_mixin.py:137} INFO - [2022-12-17T04:29:24.048+0000] {dag.py:2676} INFO - Sync 1 DAGs
[2022-12-17T04:29:24.068+0000] {logging_mixin.py:137} INFO - [2022-12-17T04:29:24.068+0000] {dag.py:3427} INFO - Setting next_dagrun for example_kubernetes_executor to None, run_after=None
[2022-12-17T04:29:24.080+0000] {processor.py:175} INFO - Processing /home/airflow/.local/lib/python3.7/site-packages/airflow/example_dags/example_kubernetes_executor.py took 0.086 seconds
[2022-12-17T04:29:54.209+0000] {processor.py:153} INFO - Started process (PID=1971) to work on /home/airflow/.local/lib/python3.7/site-packages/airflow/example_dags/example_kubernetes_executor.py
[2022-12-17T04:29:54.210+0000] {processor.py:743} INFO - Processing file /home/airflow/.local/lib/python3.7/site-packages/airflow/example_dags/example_kubernetes_executor.py for tasks to queue
[2022-12-17T04:29:54.210+0000] {logging_mixin.py:137} INFO - [2022-12-17T04:29:54.210+0000] {dagbag.py:538} INFO - Filling up the DagBag from /home/airflow/.local/lib/python3.7/site-packages/airflow/example_dags/example_kubernetes_executor.py
[2022-12-17T04:29:54.230+0000] {processor.py:753} INFO - DAG(s) dict_keys(['example_kubernetes_executor']) retrieved from /home/airflow/.local/lib/python3.7/site-packages/airflow/example_dags/example_kubernetes_executor.py
[2022-12-17T04:29:54.262+0000] {logging_mixin.py:137} INFO - [2022-12-17T04:29:54.262+0000] {dag.py:2676} INFO - Sync 1 DAGs
[2022-12-17T04:29:54.279+0000] {logging_mixin.py:137} INFO - [2022-12-17T04:29:54.279+0000] {dag.py:3427} INFO - Setting next_dagrun for example_kubernetes_executor to None, run_after=None
[2022-12-17T04:29:54.292+0000] {processor.py:175} INFO - Processing /home/airflow/.local/lib/python3.7/site-packages/airflow/example_dags/example_kubernetes_executor.py took 0.086 seconds
[2022-12-17T04:30:24.550+0000] {processor.py:153} INFO - Started process (PID=2070) to work on /home/airflow/.local/lib/python3.7/site-packages/airflow/example_dags/example_kubernetes_executor.py
[2022-12-17T04:30:24.551+0000] {processor.py:743} INFO - Processing file /home/airflow/.local/lib/python3.7/site-packages/airflow/example_dags/example_kubernetes_executor.py for tasks to queue
[2022-12-17T04:30:24.551+0000] {logging_mixin.py:137} INFO - [2022-12-17T04:30:24.551+0000] {dagbag.py:538} INFO - Filling up the DagBag from /home/airflow/.local/lib/python3.7/site-packages/airflow/example_dags/example_kubernetes_executor.py
[2022-12-17T04:30:24.574+0000] {processor.py:753} INFO - DAG(s) dict_keys(['example_kubernetes_executor']) retrieved from /home/airflow/.local/lib/python3.7/site-packages/airflow/example_dags/example_kubernetes_executor.py
[2022-12-17T04:30:24.608+0000] {logging_mixin.py:137} INFO - [2022-12-17T04:30:24.608+0000] {dag.py:2676} INFO - Sync 1 DAGs
[2022-12-17T04:30:24.627+0000] {logging_mixin.py:137} INFO - [2022-12-17T04:30:24.627+0000] {dag.py:3427} INFO - Setting next_dagrun for example_kubernetes_executor to None, run_after=None
[2022-12-17T04:30:24.639+0000] {processor.py:175} INFO - Processing /home/airflow/.local/lib/python3.7/site-packages/airflow/example_dags/example_kubernetes_executor.py took 0.092 seconds
[2022-12-17T04:30:54.814+0000] {processor.py:153} INFO - Started process (PID=2149) to work on /home/airflow/.local/lib/python3.7/site-packages/airflow/example_dags/example_kubernetes_executor.py
[2022-12-17T04:30:54.815+0000] {processor.py:743} INFO - Processing file /home/airflow/.local/lib/python3.7/site-packages/airflow/example_dags/example_kubernetes_executor.py for tasks to queue
[2022-12-17T04:30:54.815+0000] {logging_mixin.py:137} INFO - [2022-12-17T04:30:54.815+0000] {dagbag.py:538} INFO - Filling up the DagBag from /home/airflow/.local/lib/python3.7/site-packages/airflow/example_dags/example_kubernetes_executor.py
[2022-12-17T04:30:54.837+0000] {processor.py:753} INFO - DAG(s) dict_keys(['example_kubernetes_executor']) retrieved from /home/airflow/.local/lib/python3.7/site-packages/airflow/example_dags/example_kubernetes_executor.py
[2022-12-17T04:30:54.866+0000] {logging_mixin.py:137} INFO - [2022-12-17T04:30:54.866+0000] {dag.py:2676} INFO - Sync 1 DAGs
[2022-12-17T04:30:54.887+0000] {logging_mixin.py:137} INFO - [2022-12-17T04:30:54.887+0000] {dag.py:3427} INFO - Setting next_dagrun for example_kubernetes_executor to None, run_after=None
[2022-12-17T04:30:54.899+0000] {processor.py:175} INFO - Processing /home/airflow/.local/lib/python3.7/site-packages/airflow/example_dags/example_kubernetes_executor.py took 0.086 seconds
[2022-12-17T04:31:25.195+0000] {processor.py:153} INFO - Started process (PID=2248) to work on /home/airflow/.local/lib/python3.7/site-packages/airflow/example_dags/example_kubernetes_executor.py
[2022-12-17T04:31:25.196+0000] {processor.py:743} INFO - Processing file /home/airflow/.local/lib/python3.7/site-packages/airflow/example_dags/example_kubernetes_executor.py for tasks to queue
[2022-12-17T04:31:25.197+0000] {logging_mixin.py:137} INFO - [2022-12-17T04:31:25.197+0000] {dagbag.py:538} INFO - Filling up the DagBag from /home/airflow/.local/lib/python3.7/site-packages/airflow/example_dags/example_kubernetes_executor.py
[2022-12-17T04:31:25.216+0000] {processor.py:753} INFO - DAG(s) dict_keys(['example_kubernetes_executor']) retrieved from /home/airflow/.local/lib/python3.7/site-packages/airflow/example_dags/example_kubernetes_executor.py
[2022-12-17T04:31:25.244+0000] {logging_mixin.py:137} INFO - [2022-12-17T04:31:25.244+0000] {dag.py:2676} INFO - Sync 1 DAGs
[2022-12-17T04:31:25.265+0000] {logging_mixin.py:137} INFO - [2022-12-17T04:31:25.265+0000] {dag.py:3427} INFO - Setting next_dagrun for example_kubernetes_executor to None, run_after=None
[2022-12-17T04:31:25.276+0000] {processor.py:175} INFO - Processing /home/airflow/.local/lib/python3.7/site-packages/airflow/example_dags/example_kubernetes_executor.py took 0.083 seconds
[2022-12-17T04:31:55.611+0000] {processor.py:153} INFO - Started process (PID=2337) to work on /home/airflow/.local/lib/python3.7/site-packages/airflow/example_dags/example_kubernetes_executor.py
[2022-12-17T04:31:55.612+0000] {processor.py:743} INFO - Processing file /home/airflow/.local/lib/python3.7/site-packages/airflow/example_dags/example_kubernetes_executor.py for tasks to queue
[2022-12-17T04:31:55.612+0000] {logging_mixin.py:137} INFO - [2022-12-17T04:31:55.612+0000] {dagbag.py:538} INFO - Filling up the DagBag from /home/airflow/.local/lib/python3.7/site-packages/airflow/example_dags/example_kubernetes_executor.py
[2022-12-17T04:31:55.639+0000] {processor.py:753} INFO - DAG(s) dict_keys(['example_kubernetes_executor']) retrieved from /home/airflow/.local/lib/python3.7/site-packages/airflow/example_dags/example_kubernetes_executor.py
[2022-12-17T04:31:55.679+0000] {logging_mixin.py:137} INFO - [2022-12-17T04:31:55.679+0000] {dag.py:2676} INFO - Sync 1 DAGs
[2022-12-17T04:31:55.701+0000] {logging_mixin.py:137} INFO - [2022-12-17T04:31:55.701+0000] {dag.py:3427} INFO - Setting next_dagrun for example_kubernetes_executor to None, run_after=None
[2022-12-17T04:31:55.715+0000] {processor.py:175} INFO - Processing /home/airflow/.local/lib/python3.7/site-packages/airflow/example_dags/example_kubernetes_executor.py took 0.107 seconds
[2022-12-17T04:32:25.915+0000] {processor.py:153} INFO - Started process (PID=2427) to work on /home/airflow/.local/lib/python3.7/site-packages/airflow/example_dags/example_kubernetes_executor.py
[2022-12-17T04:32:25.916+0000] {processor.py:743} INFO - Processing file /home/airflow/.local/lib/python3.7/site-packages/airflow/example_dags/example_kubernetes_executor.py for tasks to queue
[2022-12-17T04:32:25.916+0000] {logging_mixin.py:137} INFO - [2022-12-17T04:32:25.916+0000] {dagbag.py:538} INFO - Filling up the DagBag from /home/airflow/.local/lib/python3.7/site-packages/airflow/example_dags/example_kubernetes_executor.py
[2022-12-17T04:32:25.938+0000] {processor.py:753} INFO - DAG(s) dict_keys(['example_kubernetes_executor']) retrieved from /home/airflow/.local/lib/python3.7/site-packages/airflow/example_dags/example_kubernetes_executor.py
[2022-12-17T04:32:25.970+0000] {logging_mixin.py:137} INFO - [2022-12-17T04:32:25.970+0000] {dag.py:2676} INFO - Sync 1 DAGs
[2022-12-17T04:32:25.991+0000] {logging_mixin.py:137} INFO - [2022-12-17T04:32:25.991+0000] {dag.py:3427} INFO - Setting next_dagrun for example_kubernetes_executor to None, run_after=None
[2022-12-17T04:32:26.003+0000] {processor.py:175} INFO - Processing /home/airflow/.local/lib/python3.7/site-packages/airflow/example_dags/example_kubernetes_executor.py took 0.091 seconds
[2022-12-17T04:32:56.254+0000] {processor.py:153} INFO - Started process (PID=2527) to work on /home/airflow/.local/lib/python3.7/site-packages/airflow/example_dags/example_kubernetes_executor.py
[2022-12-17T04:32:56.255+0000] {processor.py:743} INFO - Processing file /home/airflow/.local/lib/python3.7/site-packages/airflow/example_dags/example_kubernetes_executor.py for tasks to queue
[2022-12-17T04:32:56.255+0000] {logging_mixin.py:137} INFO - [2022-12-17T04:32:56.255+0000] {dagbag.py:538} INFO - Filling up the DagBag from /home/airflow/.local/lib/python3.7/site-packages/airflow/example_dags/example_kubernetes_executor.py
[2022-12-17T04:32:56.275+0000] {processor.py:753} INFO - DAG(s) dict_keys(['example_kubernetes_executor']) retrieved from /home/airflow/.local/lib/python3.7/site-packages/airflow/example_dags/example_kubernetes_executor.py
[2022-12-17T04:32:56.305+0000] {logging_mixin.py:137} INFO - [2022-12-17T04:32:56.305+0000] {dag.py:2676} INFO - Sync 1 DAGs
[2022-12-17T04:32:56.324+0000] {logging_mixin.py:137} INFO - [2022-12-17T04:32:56.324+0000] {dag.py:3427} INFO - Setting next_dagrun for example_kubernetes_executor to None, run_after=None
[2022-12-17T04:32:56.336+0000] {processor.py:175} INFO - Processing /home/airflow/.local/lib/python3.7/site-packages/airflow/example_dags/example_kubernetes_executor.py took 0.084 seconds
[2022-12-17T04:33:26.629+0000] {processor.py:153} INFO - Started process (PID=2607) to work on /home/airflow/.local/lib/python3.7/site-packages/airflow/example_dags/example_kubernetes_executor.py
[2022-12-17T04:33:26.629+0000] {processor.py:743} INFO - Processing file /home/airflow/.local/lib/python3.7/site-packages/airflow/example_dags/example_kubernetes_executor.py for tasks to queue
[2022-12-17T04:33:26.630+0000] {logging_mixin.py:137} INFO - [2022-12-17T04:33:26.630+0000] {dagbag.py:538} INFO - Filling up the DagBag from /home/airflow/.local/lib/python3.7/site-packages/airflow/example_dags/example_kubernetes_executor.py
[2022-12-17T04:33:26.652+0000] {processor.py:753} INFO - DAG(s) dict_keys(['example_kubernetes_executor']) retrieved from /home/airflow/.local/lib/python3.7/site-packages/airflow/example_dags/example_kubernetes_executor.py
[2022-12-17T04:33:26.686+0000] {logging_mixin.py:137} INFO - [2022-12-17T04:33:26.685+0000] {dag.py:2676} INFO - Sync 1 DAGs
[2022-12-17T04:33:26.708+0000] {logging_mixin.py:137} INFO - [2022-12-17T04:33:26.708+0000] {dag.py:3427} INFO - Setting next_dagrun for example_kubernetes_executor to None, run_after=None
[2022-12-17T04:33:26.723+0000] {processor.py:175} INFO - Processing /home/airflow/.local/lib/python3.7/site-packages/airflow/example_dags/example_kubernetes_executor.py took 0.097 seconds
[2022-12-17T04:33:57.132+0000] {processor.py:153} INFO - Started process (PID=2706) to work on /home/airflow/.local/lib/python3.7/site-packages/airflow/example_dags/example_kubernetes_executor.py
[2022-12-17T04:33:57.133+0000] {processor.py:743} INFO - Processing file /home/airflow/.local/lib/python3.7/site-packages/airflow/example_dags/example_kubernetes_executor.py for tasks to queue
[2022-12-17T04:33:57.133+0000] {logging_mixin.py:137} INFO - [2022-12-17T04:33:57.133+0000] {dagbag.py:538} INFO - Filling up the DagBag from /home/airflow/.local/lib/python3.7/site-packages/airflow/example_dags/example_kubernetes_executor.py
[2022-12-17T04:33:57.156+0000] {processor.py:753} INFO - DAG(s) dict_keys(['example_kubernetes_executor']) retrieved from /home/airflow/.local/lib/python3.7/site-packages/airflow/example_dags/example_kubernetes_executor.py
[2022-12-17T04:33:57.187+0000] {logging_mixin.py:137} INFO - [2022-12-17T04:33:57.187+0000] {dag.py:2676} INFO - Sync 1 DAGs
[2022-12-17T04:33:57.206+0000] {logging_mixin.py:137} INFO - [2022-12-17T04:33:57.206+0000] {dag.py:3427} INFO - Setting next_dagrun for example_kubernetes_executor to None, run_after=None
[2022-12-17T04:33:57.219+0000] {processor.py:175} INFO - Processing /home/airflow/.local/lib/python3.7/site-packages/airflow/example_dags/example_kubernetes_executor.py took 0.089 seconds
[2022-12-17T04:34:27.371+0000] {processor.py:153} INFO - Started process (PID=2785) to work on /home/airflow/.local/lib/python3.7/site-packages/airflow/example_dags/example_kubernetes_executor.py
[2022-12-17T04:34:27.372+0000] {processor.py:743} INFO - Processing file /home/airflow/.local/lib/python3.7/site-packages/airflow/example_dags/example_kubernetes_executor.py for tasks to queue
[2022-12-17T04:34:27.372+0000] {logging_mixin.py:137} INFO - [2022-12-17T04:34:27.372+0000] {dagbag.py:538} INFO - Filling up the DagBag from /home/airflow/.local/lib/python3.7/site-packages/airflow/example_dags/example_kubernetes_executor.py
[2022-12-17T04:34:27.391+0000] {processor.py:753} INFO - DAG(s) dict_keys(['example_kubernetes_executor']) retrieved from /home/airflow/.local/lib/python3.7/site-packages/airflow/example_dags/example_kubernetes_executor.py
[2022-12-17T04:34:27.422+0000] {logging_mixin.py:137} INFO - [2022-12-17T04:34:27.421+0000] {dag.py:2676} INFO - Sync 1 DAGs
[2022-12-17T04:34:27.440+0000] {logging_mixin.py:137} INFO - [2022-12-17T04:34:27.440+0000] {dag.py:3427} INFO - Setting next_dagrun for example_kubernetes_executor to None, run_after=None
[2022-12-17T04:34:27.452+0000] {processor.py:175} INFO - Processing /home/airflow/.local/lib/python3.7/site-packages/airflow/example_dags/example_kubernetes_executor.py took 0.084 seconds
[2022-12-17T04:34:57.661+0000] {processor.py:153} INFO - Started process (PID=2884) to work on /home/airflow/.local/lib/python3.7/site-packages/airflow/example_dags/example_kubernetes_executor.py
[2022-12-17T04:34:57.662+0000] {processor.py:743} INFO - Processing file /home/airflow/.local/lib/python3.7/site-packages/airflow/example_dags/example_kubernetes_executor.py for tasks to queue
[2022-12-17T04:34:57.662+0000] {logging_mixin.py:137} INFO - [2022-12-17T04:34:57.662+0000] {dagbag.py:538} INFO - Filling up the DagBag from /home/airflow/.local/lib/python3.7/site-packages/airflow/example_dags/example_kubernetes_executor.py
[2022-12-17T04:34:57.682+0000] {processor.py:753} INFO - DAG(s) dict_keys(['example_kubernetes_executor']) retrieved from /home/airflow/.local/lib/python3.7/site-packages/airflow/example_dags/example_kubernetes_executor.py
[2022-12-17T04:34:57.712+0000] {logging_mixin.py:137} INFO - [2022-12-17T04:34:57.712+0000] {dag.py:2676} INFO - Sync 1 DAGs
[2022-12-17T04:34:57.732+0000] {logging_mixin.py:137} INFO - [2022-12-17T04:34:57.731+0000] {dag.py:3427} INFO - Setting next_dagrun for example_kubernetes_executor to None, run_after=None
[2022-12-17T04:34:57.745+0000] {processor.py:175} INFO - Processing /home/airflow/.local/lib/python3.7/site-packages/airflow/example_dags/example_kubernetes_executor.py took 0.086 seconds
[2022-12-17T04:35:28.374+0000] {processor.py:153} INFO - Started process (PID=2971) to work on /home/airflow/.local/lib/python3.7/site-packages/airflow/example_dags/example_kubernetes_executor.py
[2022-12-17T04:35:28.375+0000] {processor.py:743} INFO - Processing file /home/airflow/.local/lib/python3.7/site-packages/airflow/example_dags/example_kubernetes_executor.py for tasks to queue
[2022-12-17T04:35:28.375+0000] {logging_mixin.py:137} INFO - [2022-12-17T04:35:28.375+0000] {dagbag.py:538} INFO - Filling up the DagBag from /home/airflow/.local/lib/python3.7/site-packages/airflow/example_dags/example_kubernetes_executor.py
[2022-12-17T04:35:28.398+0000] {processor.py:753} INFO - DAG(s) dict_keys(['example_kubernetes_executor']) retrieved from /home/airflow/.local/lib/python3.7/site-packages/airflow/example_dags/example_kubernetes_executor.py
[2022-12-17T04:35:28.434+0000] {logging_mixin.py:137} INFO - [2022-12-17T04:35:28.434+0000] {dag.py:2676} INFO - Sync 1 DAGs
[2022-12-17T04:35:28.457+0000] {logging_mixin.py:137} INFO - [2022-12-17T04:35:28.456+0000] {dag.py:3427} INFO - Setting next_dagrun for example_kubernetes_executor to None, run_after=None
[2022-12-17T04:35:28.471+0000] {processor.py:175} INFO - Processing /home/airflow/.local/lib/python3.7/site-packages/airflow/example_dags/example_kubernetes_executor.py took 0.100 seconds
[2022-12-17T04:35:58.745+0000] {processor.py:153} INFO - Started process (PID=3061) to work on /home/airflow/.local/lib/python3.7/site-packages/airflow/example_dags/example_kubernetes_executor.py
[2022-12-17T04:35:58.746+0000] {processor.py:743} INFO - Processing file /home/airflow/.local/lib/python3.7/site-packages/airflow/example_dags/example_kubernetes_executor.py for tasks to queue
[2022-12-17T04:35:58.746+0000] {logging_mixin.py:137} INFO - [2022-12-17T04:35:58.746+0000] {dagbag.py:538} INFO - Filling up the DagBag from /home/airflow/.local/lib/python3.7/site-packages/airflow/example_dags/example_kubernetes_executor.py
[2022-12-17T04:35:58.765+0000] {processor.py:753} INFO - DAG(s) dict_keys(['example_kubernetes_executor']) retrieved from /home/airflow/.local/lib/python3.7/site-packages/airflow/example_dags/example_kubernetes_executor.py
[2022-12-17T04:35:58.800+0000] {logging_mixin.py:137} INFO - [2022-12-17T04:35:58.799+0000] {dag.py:2676} INFO - Sync 1 DAGs
[2022-12-17T04:35:58.819+0000] {logging_mixin.py:137} INFO - [2022-12-17T04:35:58.819+0000] {dag.py:3427} INFO - Setting next_dagrun for example_kubernetes_executor to None, run_after=None
[2022-12-17T04:35:58.833+0000] {processor.py:175} INFO - Processing /home/airflow/.local/lib/python3.7/site-packages/airflow/example_dags/example_kubernetes_executor.py took 0.090 seconds
[2022-12-17T04:36:29.373+0000] {processor.py:153} INFO - Started process (PID=3160) to work on /home/airflow/.local/lib/python3.7/site-packages/airflow/example_dags/example_kubernetes_executor.py
[2022-12-17T04:36:29.373+0000] {processor.py:743} INFO - Processing file /home/airflow/.local/lib/python3.7/site-packages/airflow/example_dags/example_kubernetes_executor.py for tasks to queue
[2022-12-17T04:36:29.373+0000] {logging_mixin.py:137} INFO - [2022-12-17T04:36:29.373+0000] {dagbag.py:538} INFO - Filling up the DagBag from /home/airflow/.local/lib/python3.7/site-packages/airflow/example_dags/example_kubernetes_executor.py
[2022-12-17T04:36:29.395+0000] {processor.py:753} INFO - DAG(s) dict_keys(['example_kubernetes_executor']) retrieved from /home/airflow/.local/lib/python3.7/site-packages/airflow/example_dags/example_kubernetes_executor.py
[2022-12-17T04:36:29.428+0000] {logging_mixin.py:137} INFO - [2022-12-17T04:36:29.427+0000] {dag.py:2676} INFO - Sync 1 DAGs
[2022-12-17T04:36:29.449+0000] {logging_mixin.py:137} INFO - [2022-12-17T04:36:29.449+0000] {dag.py:3427} INFO - Setting next_dagrun for example_kubernetes_executor to None, run_after=None
[2022-12-17T04:36:29.463+0000] {processor.py:175} INFO - Processing /home/airflow/.local/lib/python3.7/site-packages/airflow/example_dags/example_kubernetes_executor.py took 0.092 seconds
[2022-12-17T04:36:59.732+0000] {processor.py:153} INFO - Started process (PID=3239) to work on /home/airflow/.local/lib/python3.7/site-packages/airflow/example_dags/example_kubernetes_executor.py
[2022-12-17T04:36:59.732+0000] {processor.py:743} INFO - Processing file /home/airflow/.local/lib/python3.7/site-packages/airflow/example_dags/example_kubernetes_executor.py for tasks to queue
[2022-12-17T04:36:59.733+0000] {logging_mixin.py:137} INFO - [2022-12-17T04:36:59.733+0000] {dagbag.py:538} INFO - Filling up the DagBag from /home/airflow/.local/lib/python3.7/site-packages/airflow/example_dags/example_kubernetes_executor.py
[2022-12-17T04:36:59.761+0000] {processor.py:753} INFO - DAG(s) dict_keys(['example_kubernetes_executor']) retrieved from /home/airflow/.local/lib/python3.7/site-packages/airflow/example_dags/example_kubernetes_executor.py
[2022-12-17T04:36:59.799+0000] {logging_mixin.py:137} INFO - [2022-12-17T04:36:59.799+0000] {dag.py:2676} INFO - Sync 1 DAGs
[2022-12-17T04:36:59.818+0000] {logging_mixin.py:137} INFO - [2022-12-17T04:36:59.818+0000] {dag.py:3427} INFO - Setting next_dagrun for example_kubernetes_executor to None, run_after=None
[2022-12-17T04:36:59.833+0000] {processor.py:175} INFO - Processing /home/airflow/.local/lib/python3.7/site-packages/airflow/example_dags/example_kubernetes_executor.py took 0.104 seconds
[2022-12-17T04:37:29.986+0000] {processor.py:153} INFO - Started process (PID=3338) to work on /home/airflow/.local/lib/python3.7/site-packages/airflow/example_dags/example_kubernetes_executor.py
[2022-12-17T04:37:29.987+0000] {processor.py:743} INFO - Processing file /home/airflow/.local/lib/python3.7/site-packages/airflow/example_dags/example_kubernetes_executor.py for tasks to queue
[2022-12-17T04:37:29.987+0000] {logging_mixin.py:137} INFO - [2022-12-17T04:37:29.987+0000] {dagbag.py:538} INFO - Filling up the DagBag from /home/airflow/.local/lib/python3.7/site-packages/airflow/example_dags/example_kubernetes_executor.py
[2022-12-17T04:37:30.007+0000] {processor.py:753} INFO - DAG(s) dict_keys(['example_kubernetes_executor']) retrieved from /home/airflow/.local/lib/python3.7/site-packages/airflow/example_dags/example_kubernetes_executor.py
[2022-12-17T04:37:30.040+0000] {logging_mixin.py:137} INFO - [2022-12-17T04:37:30.040+0000] {dag.py:2676} INFO - Sync 1 DAGs
[2022-12-17T04:37:30.058+0000] {logging_mixin.py:137} INFO - [2022-12-17T04:37:30.058+0000] {dag.py:3427} INFO - Setting next_dagrun for example_kubernetes_executor to None, run_after=None
[2022-12-17T04:37:30.070+0000] {processor.py:175} INFO - Processing /home/airflow/.local/lib/python3.7/site-packages/airflow/example_dags/example_kubernetes_executor.py took 0.086 seconds
[2022-12-17T04:38:00.566+0000] {processor.py:153} INFO - Started process (PID=3417) to work on /home/airflow/.local/lib/python3.7/site-packages/airflow/example_dags/example_kubernetes_executor.py
[2022-12-17T04:38:00.567+0000] {processor.py:743} INFO - Processing file /home/airflow/.local/lib/python3.7/site-packages/airflow/example_dags/example_kubernetes_executor.py for tasks to queue
[2022-12-17T04:38:00.567+0000] {logging_mixin.py:137} INFO - [2022-12-17T04:38:00.567+0000] {dagbag.py:538} INFO - Filling up the DagBag from /home/airflow/.local/lib/python3.7/site-packages/airflow/example_dags/example_kubernetes_executor.py
[2022-12-17T04:38:00.589+0000] {processor.py:753} INFO - DAG(s) dict_keys(['example_kubernetes_executor']) retrieved from /home/airflow/.local/lib/python3.7/site-packages/airflow/example_dags/example_kubernetes_executor.py
[2022-12-17T04:38:00.624+0000] {logging_mixin.py:137} INFO - [2022-12-17T04:38:00.624+0000] {dag.py:2676} INFO - Sync 1 DAGs
[2022-12-17T04:38:00.644+0000] {logging_mixin.py:137} INFO - [2022-12-17T04:38:00.644+0000] {dag.py:3427} INFO - Setting next_dagrun for example_kubernetes_executor to None, run_after=None
[2022-12-17T04:38:00.659+0000] {processor.py:175} INFO - Processing /home/airflow/.local/lib/python3.7/site-packages/airflow/example_dags/example_kubernetes_executor.py took 0.096 seconds
[2022-12-17T04:38:30.911+0000] {processor.py:153} INFO - Started process (PID=3516) to work on /home/airflow/.local/lib/python3.7/site-packages/airflow/example_dags/example_kubernetes_executor.py
[2022-12-17T04:38:30.911+0000] {processor.py:743} INFO - Processing file /home/airflow/.local/lib/python3.7/site-packages/airflow/example_dags/example_kubernetes_executor.py for tasks to queue
[2022-12-17T04:38:30.912+0000] {logging_mixin.py:137} INFO - [2022-12-17T04:38:30.912+0000] {dagbag.py:538} INFO - Filling up the DagBag from /home/airflow/.local/lib/python3.7/site-packages/airflow/example_dags/example_kubernetes_executor.py
[2022-12-17T04:38:30.934+0000] {processor.py:753} INFO - DAG(s) dict_keys(['example_kubernetes_executor']) retrieved from /home/airflow/.local/lib/python3.7/site-packages/airflow/example_dags/example_kubernetes_executor.py
[2022-12-17T04:38:30.965+0000] {logging_mixin.py:137} INFO - [2022-12-17T04:38:30.965+0000] {dag.py:2676} INFO - Sync 1 DAGs
[2022-12-17T04:38:30.986+0000] {logging_mixin.py:137} INFO - [2022-12-17T04:38:30.986+0000] {dag.py:3427} INFO - Setting next_dagrun for example_kubernetes_executor to None, run_after=None
[2022-12-17T04:38:30.999+0000] {processor.py:175} INFO - Processing /home/airflow/.local/lib/python3.7/site-packages/airflow/example_dags/example_kubernetes_executor.py took 0.091 seconds
[2022-12-17T04:39:01.228+0000] {processor.py:153} INFO - Started process (PID=3604) to work on /home/airflow/.local/lib/python3.7/site-packages/airflow/example_dags/example_kubernetes_executor.py
[2022-12-17T04:39:01.228+0000] {processor.py:743} INFO - Processing file /home/airflow/.local/lib/python3.7/site-packages/airflow/example_dags/example_kubernetes_executor.py for tasks to queue
[2022-12-17T04:39:01.229+0000] {logging_mixin.py:137} INFO - [2022-12-17T04:39:01.229+0000] {dagbag.py:538} INFO - Filling up the DagBag from /home/airflow/.local/lib/python3.7/site-packages/airflow/example_dags/example_kubernetes_executor.py
[2022-12-17T04:39:01.251+0000] {processor.py:753} INFO - DAG(s) dict_keys(['example_kubernetes_executor']) retrieved from /home/airflow/.local/lib/python3.7/site-packages/airflow/example_dags/example_kubernetes_executor.py
[2022-12-17T04:39:01.286+0000] {logging_mixin.py:137} INFO - [2022-12-17T04:39:01.285+0000] {dag.py:2676} INFO - Sync 1 DAGs
[2022-12-17T04:39:01.307+0000] {logging_mixin.py:137} INFO - [2022-12-17T04:39:01.307+0000] {dag.py:3427} INFO - Setting next_dagrun for example_kubernetes_executor to None, run_after=None
[2022-12-17T04:39:01.320+0000] {processor.py:175} INFO - Processing /home/airflow/.local/lib/python3.7/site-packages/airflow/example_dags/example_kubernetes_executor.py took 0.095 seconds
[2022-12-17T04:39:31.673+0000] {processor.py:153} INFO - Started process (PID=3694) to work on /home/airflow/.local/lib/python3.7/site-packages/airflow/example_dags/example_kubernetes_executor.py
[2022-12-17T04:39:31.674+0000] {processor.py:743} INFO - Processing file /home/airflow/.local/lib/python3.7/site-packages/airflow/example_dags/example_kubernetes_executor.py for tasks to queue
[2022-12-17T04:39:31.674+0000] {logging_mixin.py:137} INFO - [2022-12-17T04:39:31.674+0000] {dagbag.py:538} INFO - Filling up the DagBag from /home/airflow/.local/lib/python3.7/site-packages/airflow/example_dags/example_kubernetes_executor.py
[2022-12-17T04:39:31.696+0000] {processor.py:753} INFO - DAG(s) dict_keys(['example_kubernetes_executor']) retrieved from /home/airflow/.local/lib/python3.7/site-packages/airflow/example_dags/example_kubernetes_executor.py
[2022-12-17T04:39:31.729+0000] {logging_mixin.py:137} INFO - [2022-12-17T04:39:31.729+0000] {dag.py:2676} INFO - Sync 1 DAGs
[2022-12-17T04:39:31.747+0000] {logging_mixin.py:137} INFO - [2022-12-17T04:39:31.747+0000] {dag.py:3427} INFO - Setting next_dagrun for example_kubernetes_executor to None, run_after=None
[2022-12-17T04:39:31.759+0000] {processor.py:175} INFO - Processing /home/airflow/.local/lib/python3.7/site-packages/airflow/example_dags/example_kubernetes_executor.py took 0.090 seconds
[2022-12-17T04:40:02.192+0000] {processor.py:153} INFO - Started process (PID=3793) to work on /home/airflow/.local/lib/python3.7/site-packages/airflow/example_dags/example_kubernetes_executor.py
[2022-12-17T04:40:02.193+0000] {processor.py:743} INFO - Processing file /home/airflow/.local/lib/python3.7/site-packages/airflow/example_dags/example_kubernetes_executor.py for tasks to queue
[2022-12-17T04:40:02.194+0000] {logging_mixin.py:137} INFO - [2022-12-17T04:40:02.193+0000] {dagbag.py:538} INFO - Filling up the DagBag from /home/airflow/.local/lib/python3.7/site-packages/airflow/example_dags/example_kubernetes_executor.py
[2022-12-17T04:40:02.214+0000] {processor.py:753} INFO - DAG(s) dict_keys(['example_kubernetes_executor']) retrieved from /home/airflow/.local/lib/python3.7/site-packages/airflow/example_dags/example_kubernetes_executor.py
[2022-12-17T04:40:02.250+0000] {logging_mixin.py:137} INFO - [2022-12-17T04:40:02.250+0000] {dag.py:2676} INFO - Sync 1 DAGs
[2022-12-17T04:40:02.268+0000] {logging_mixin.py:137} INFO - [2022-12-17T04:40:02.268+0000] {dag.py:3427} INFO - Setting next_dagrun for example_kubernetes_executor to None, run_after=None
[2022-12-17T04:40:02.281+0000] {processor.py:175} INFO - Processing /home/airflow/.local/lib/python3.7/site-packages/airflow/example_dags/example_kubernetes_executor.py took 0.092 seconds
[2022-12-17T04:40:32.508+0000] {processor.py:153} INFO - Started process (PID=3873) to work on /home/airflow/.local/lib/python3.7/site-packages/airflow/example_dags/example_kubernetes_executor.py
[2022-12-17T04:40:32.509+0000] {processor.py:743} INFO - Processing file /home/airflow/.local/lib/python3.7/site-packages/airflow/example_dags/example_kubernetes_executor.py for tasks to queue
[2022-12-17T04:40:32.510+0000] {logging_mixin.py:137} INFO - [2022-12-17T04:40:32.510+0000] {dagbag.py:538} INFO - Filling up the DagBag from /home/airflow/.local/lib/python3.7/site-packages/airflow/example_dags/example_kubernetes_executor.py
[2022-12-17T04:40:32.531+0000] {processor.py:753} INFO - DAG(s) dict_keys(['example_kubernetes_executor']) retrieved from /home/airflow/.local/lib/python3.7/site-packages/airflow/example_dags/example_kubernetes_executor.py
[2022-12-17T04:40:32.563+0000] {logging_mixin.py:137} INFO - [2022-12-17T04:40:32.563+0000] {dag.py:2676} INFO - Sync 1 DAGs
[2022-12-17T04:40:32.583+0000] {logging_mixin.py:137} INFO - [2022-12-17T04:40:32.583+0000] {dag.py:3427} INFO - Setting next_dagrun for example_kubernetes_executor to None, run_after=None
[2022-12-17T04:40:32.595+0000] {processor.py:175} INFO - Processing /home/airflow/.local/lib/python3.7/site-packages/airflow/example_dags/example_kubernetes_executor.py took 0.089 seconds
[2022-12-17T04:41:02.743+0000] {processor.py:153} INFO - Started process (PID=3972) to work on /home/airflow/.local/lib/python3.7/site-packages/airflow/example_dags/example_kubernetes_executor.py
[2022-12-17T04:41:02.744+0000] {processor.py:743} INFO - Processing file /home/airflow/.local/lib/python3.7/site-packages/airflow/example_dags/example_kubernetes_executor.py for tasks to queue
[2022-12-17T04:41:02.745+0000] {logging_mixin.py:137} INFO - [2022-12-17T04:41:02.745+0000] {dagbag.py:538} INFO - Filling up the DagBag from /home/airflow/.local/lib/python3.7/site-packages/airflow/example_dags/example_kubernetes_executor.py
[2022-12-17T04:41:02.765+0000] {processor.py:753} INFO - DAG(s) dict_keys(['example_kubernetes_executor']) retrieved from /home/airflow/.local/lib/python3.7/site-packages/airflow/example_dags/example_kubernetes_executor.py
[2022-12-17T04:41:02.800+0000] {logging_mixin.py:137} INFO - [2022-12-17T04:41:02.800+0000] {dag.py:2676} INFO - Sync 1 DAGs
[2022-12-17T04:41:02.822+0000] {logging_mixin.py:137} INFO - [2022-12-17T04:41:02.822+0000] {dag.py:3427} INFO - Setting next_dagrun for example_kubernetes_executor to None, run_after=None
[2022-12-17T04:41:02.835+0000] {processor.py:175} INFO - Processing /home/airflow/.local/lib/python3.7/site-packages/airflow/example_dags/example_kubernetes_executor.py took 0.095 seconds
[2022-12-17T04:41:33.127+0000] {processor.py:153} INFO - Started process (PID=4051) to work on /home/airflow/.local/lib/python3.7/site-packages/airflow/example_dags/example_kubernetes_executor.py
[2022-12-17T04:41:33.128+0000] {processor.py:743} INFO - Processing file /home/airflow/.local/lib/python3.7/site-packages/airflow/example_dags/example_kubernetes_executor.py for tasks to queue
[2022-12-17T04:41:33.129+0000] {logging_mixin.py:137} INFO - [2022-12-17T04:41:33.129+0000] {dagbag.py:538} INFO - Filling up the DagBag from /home/airflow/.local/lib/python3.7/site-packages/airflow/example_dags/example_kubernetes_executor.py
[2022-12-17T04:41:33.149+0000] {processor.py:753} INFO - DAG(s) dict_keys(['example_kubernetes_executor']) retrieved from /home/airflow/.local/lib/python3.7/site-packages/airflow/example_dags/example_kubernetes_executor.py
[2022-12-17T04:41:33.178+0000] {logging_mixin.py:137} INFO - [2022-12-17T04:41:33.178+0000] {dag.py:2676} INFO - Sync 1 DAGs
[2022-12-17T04:41:33.197+0000] {logging_mixin.py:137} INFO - [2022-12-17T04:41:33.197+0000] {dag.py:3427} INFO - Setting next_dagrun for example_kubernetes_executor to None, run_after=None
[2022-12-17T04:41:33.213+0000] {processor.py:175} INFO - Processing /home/airflow/.local/lib/python3.7/site-packages/airflow/example_dags/example_kubernetes_executor.py took 0.089 seconds
[2022-12-17T04:42:03.393+0000] {processor.py:153} INFO - Started process (PID=4151) to work on /home/airflow/.local/lib/python3.7/site-packages/airflow/example_dags/example_kubernetes_executor.py
[2022-12-17T04:42:03.394+0000] {processor.py:743} INFO - Processing file /home/airflow/.local/lib/python3.7/site-packages/airflow/example_dags/example_kubernetes_executor.py for tasks to queue
[2022-12-17T04:42:03.395+0000] {logging_mixin.py:137} INFO - [2022-12-17T04:42:03.394+0000] {dagbag.py:538} INFO - Filling up the DagBag from /home/airflow/.local/lib/python3.7/site-packages/airflow/example_dags/example_kubernetes_executor.py
[2022-12-17T04:42:03.415+0000] {processor.py:753} INFO - DAG(s) dict_keys(['example_kubernetes_executor']) retrieved from /home/airflow/.local/lib/python3.7/site-packages/airflow/example_dags/example_kubernetes_executor.py
[2022-12-17T04:42:03.451+0000] {logging_mixin.py:137} INFO - [2022-12-17T04:42:03.450+0000] {dag.py:2676} INFO - Sync 1 DAGs
[2022-12-17T04:42:03.470+0000] {logging_mixin.py:137} INFO - [2022-12-17T04:42:03.470+0000] {dag.py:3427} INFO - Setting next_dagrun for example_kubernetes_executor to None, run_after=None
[2022-12-17T04:42:03.484+0000] {processor.py:175} INFO - Processing /home/airflow/.local/lib/python3.7/site-packages/airflow/example_dags/example_kubernetes_executor.py took 0.094 seconds
[2022-12-17T04:42:33.743+0000] {processor.py:153} INFO - Started process (PID=4230) to work on /home/airflow/.local/lib/python3.7/site-packages/airflow/example_dags/example_kubernetes_executor.py
[2022-12-17T04:42:33.744+0000] {processor.py:743} INFO - Processing file /home/airflow/.local/lib/python3.7/site-packages/airflow/example_dags/example_kubernetes_executor.py for tasks to queue
[2022-12-17T04:42:33.744+0000] {logging_mixin.py:137} INFO - [2022-12-17T04:42:33.744+0000] {dagbag.py:538} INFO - Filling up the DagBag from /home/airflow/.local/lib/python3.7/site-packages/airflow/example_dags/example_kubernetes_executor.py
[2022-12-17T04:42:33.767+0000] {processor.py:753} INFO - DAG(s) dict_keys(['example_kubernetes_executor']) retrieved from /home/airflow/.local/lib/python3.7/site-packages/airflow/example_dags/example_kubernetes_executor.py
[2022-12-17T04:42:33.798+0000] {logging_mixin.py:137} INFO - [2022-12-17T04:42:33.798+0000] {dag.py:2676} INFO - Sync 1 DAGs
[2022-12-17T04:42:33.820+0000] {logging_mixin.py:137} INFO - [2022-12-17T04:42:33.819+0000] {dag.py:3427} INFO - Setting next_dagrun for example_kubernetes_executor to None, run_after=None
[2022-12-17T04:42:33.833+0000] {processor.py:175} INFO - Processing /home/airflow/.local/lib/python3.7/site-packages/airflow/example_dags/example_kubernetes_executor.py took 0.093 seconds
[2022-12-17T04:43:04.262+0000] {processor.py:153} INFO - Started process (PID=4329) to work on /home/airflow/.local/lib/python3.7/site-packages/airflow/example_dags/example_kubernetes_executor.py
[2022-12-17T04:43:04.263+0000] {processor.py:743} INFO - Processing file /home/airflow/.local/lib/python3.7/site-packages/airflow/example_dags/example_kubernetes_executor.py for tasks to queue
[2022-12-17T04:43:04.263+0000] {logging_mixin.py:137} INFO - [2022-12-17T04:43:04.263+0000] {dagbag.py:538} INFO - Filling up the DagBag from /home/airflow/.local/lib/python3.7/site-packages/airflow/example_dags/example_kubernetes_executor.py
[2022-12-17T04:43:04.283+0000] {processor.py:753} INFO - DAG(s) dict_keys(['example_kubernetes_executor']) retrieved from /home/airflow/.local/lib/python3.7/site-packages/airflow/example_dags/example_kubernetes_executor.py
[2022-12-17T04:43:04.315+0000] {logging_mixin.py:137} INFO - [2022-12-17T04:43:04.315+0000] {dag.py:2676} INFO - Sync 1 DAGs
[2022-12-17T04:43:04.333+0000] {logging_mixin.py:137} INFO - [2022-12-17T04:43:04.333+0000] {dag.py:3427} INFO - Setting next_dagrun for example_kubernetes_executor to None, run_after=None
[2022-12-17T04:43:04.344+0000] {processor.py:175} INFO - Processing /home/airflow/.local/lib/python3.7/site-packages/airflow/example_dags/example_kubernetes_executor.py took 0.086 seconds
[2022-12-17T04:43:34.568+0000] {processor.py:153} INFO - Started process (PID=4428) to work on /home/airflow/.local/lib/python3.7/site-packages/airflow/example_dags/example_kubernetes_executor.py
[2022-12-17T04:43:34.568+0000] {processor.py:743} INFO - Processing file /home/airflow/.local/lib/python3.7/site-packages/airflow/example_dags/example_kubernetes_executor.py for tasks to queue
[2022-12-17T04:43:34.569+0000] {logging_mixin.py:137} INFO - [2022-12-17T04:43:34.569+0000] {dagbag.py:538} INFO - Filling up the DagBag from /home/airflow/.local/lib/python3.7/site-packages/airflow/example_dags/example_kubernetes_executor.py
[2022-12-17T04:43:34.590+0000] {processor.py:753} INFO - DAG(s) dict_keys(['example_kubernetes_executor']) retrieved from /home/airflow/.local/lib/python3.7/site-packages/airflow/example_dags/example_kubernetes_executor.py
[2022-12-17T04:43:34.622+0000] {logging_mixin.py:137} INFO - [2022-12-17T04:43:34.621+0000] {dag.py:2676} INFO - Sync 1 DAGs
[2022-12-17T04:43:34.641+0000] {logging_mixin.py:137} INFO - [2022-12-17T04:43:34.640+0000] {dag.py:3427} INFO - Setting next_dagrun for example_kubernetes_executor to None, run_after=None
[2022-12-17T04:43:34.656+0000] {processor.py:175} INFO - Processing /home/airflow/.local/lib/python3.7/site-packages/airflow/example_dags/example_kubernetes_executor.py took 0.091 seconds
[2022-12-17T04:44:04.745+0000] {processor.py:153} INFO - Started process (PID=4508) to work on /home/airflow/.local/lib/python3.7/site-packages/airflow/example_dags/example_kubernetes_executor.py
[2022-12-17T04:44:04.746+0000] {processor.py:743} INFO - Processing file /home/airflow/.local/lib/python3.7/site-packages/airflow/example_dags/example_kubernetes_executor.py for tasks to queue
[2022-12-17T04:44:04.746+0000] {logging_mixin.py:137} INFO - [2022-12-17T04:44:04.746+0000] {dagbag.py:538} INFO - Filling up the DagBag from /home/airflow/.local/lib/python3.7/site-packages/airflow/example_dags/example_kubernetes_executor.py
[2022-12-17T04:44:04.768+0000] {processor.py:753} INFO - DAG(s) dict_keys(['example_kubernetes_executor']) retrieved from /home/airflow/.local/lib/python3.7/site-packages/airflow/example_dags/example_kubernetes_executor.py
[2022-12-17T04:44:04.797+0000] {logging_mixin.py:137} INFO - [2022-12-17T04:44:04.797+0000] {dag.py:2676} INFO - Sync 1 DAGs
[2022-12-17T04:44:04.815+0000] {logging_mixin.py:137} INFO - [2022-12-17T04:44:04.815+0000] {dag.py:3427} INFO - Setting next_dagrun for example_kubernetes_executor to None, run_after=None
[2022-12-17T04:44:04.827+0000] {processor.py:175} INFO - Processing /home/airflow/.local/lib/python3.7/site-packages/airflow/example_dags/example_kubernetes_executor.py took 0.084 seconds
[2022-12-17T04:44:35.094+0000] {processor.py:153} INFO - Started process (PID=4607) to work on /home/airflow/.local/lib/python3.7/site-packages/airflow/example_dags/example_kubernetes_executor.py
[2022-12-17T04:44:35.094+0000] {processor.py:743} INFO - Processing file /home/airflow/.local/lib/python3.7/site-packages/airflow/example_dags/example_kubernetes_executor.py for tasks to queue
[2022-12-17T04:44:35.095+0000] {logging_mixin.py:137} INFO - [2022-12-17T04:44:35.095+0000] {dagbag.py:538} INFO - Filling up the DagBag from /home/airflow/.local/lib/python3.7/site-packages/airflow/example_dags/example_kubernetes_executor.py
[2022-12-17T04:44:35.120+0000] {processor.py:753} INFO - DAG(s) dict_keys(['example_kubernetes_executor']) retrieved from /home/airflow/.local/lib/python3.7/site-packages/airflow/example_dags/example_kubernetes_executor.py
[2022-12-17T04:44:35.156+0000] {logging_mixin.py:137} INFO - [2022-12-17T04:44:35.156+0000] {dag.py:2676} INFO - Sync 1 DAGs
[2022-12-17T04:44:35.175+0000] {logging_mixin.py:137} INFO - [2022-12-17T04:44:35.175+0000] {dag.py:3427} INFO - Setting next_dagrun for example_kubernetes_executor to None, run_after=None
[2022-12-17T04:44:35.189+0000] {processor.py:175} INFO - Processing /home/airflow/.local/lib/python3.7/site-packages/airflow/example_dags/example_kubernetes_executor.py took 0.097 seconds
[2022-12-17T04:45:05.431+0000] {processor.py:153} INFO - Started process (PID=4686) to work on /home/airflow/.local/lib/python3.7/site-packages/airflow/example_dags/example_kubernetes_executor.py
[2022-12-17T04:45:05.432+0000] {processor.py:743} INFO - Processing file /home/airflow/.local/lib/python3.7/site-packages/airflow/example_dags/example_kubernetes_executor.py for tasks to queue
[2022-12-17T04:45:05.433+0000] {logging_mixin.py:137} INFO - [2022-12-17T04:45:05.433+0000] {dagbag.py:538} INFO - Filling up the DagBag from /home/airflow/.local/lib/python3.7/site-packages/airflow/example_dags/example_kubernetes_executor.py
[2022-12-17T04:45:05.454+0000] {processor.py:753} INFO - DAG(s) dict_keys(['example_kubernetes_executor']) retrieved from /home/airflow/.local/lib/python3.7/site-packages/airflow/example_dags/example_kubernetes_executor.py
[2022-12-17T04:45:05.486+0000] {logging_mixin.py:137} INFO - [2022-12-17T04:45:05.486+0000] {dag.py:2676} INFO - Sync 1 DAGs
[2022-12-17T04:45:05.504+0000] {logging_mixin.py:137} INFO - [2022-12-17T04:45:05.504+0000] {dag.py:3427} INFO - Setting next_dagrun for example_kubernetes_executor to None, run_after=None
[2022-12-17T04:45:05.516+0000] {processor.py:175} INFO - Processing /home/airflow/.local/lib/python3.7/site-packages/airflow/example_dags/example_kubernetes_executor.py took 0.088 seconds
