[2022-12-17T04:19:16.862+0000] {processor.py:153} INFO - Started process (PID=81) to work on /home/airflow/.local/lib/python3.7/site-packages/airflow/example_dags/example_trigger_target_dag.py
[2022-12-17T04:19:16.863+0000] {processor.py:743} INFO - Processing file /home/airflow/.local/lib/python3.7/site-packages/airflow/example_dags/example_trigger_target_dag.py for tasks to queue
[2022-12-17T04:19:16.863+0000] {logging_mixin.py:137} INFO - [2022-12-17T04:19:16.863+0000] {dagbag.py:538} INFO - Filling up the DagBag from /home/airflow/.local/lib/python3.7/site-packages/airflow/example_dags/example_trigger_target_dag.py
[2022-12-17T04:19:16.883+0000] {processor.py:753} INFO - DAG(s) dict_keys(['example_trigger_target_dag']) retrieved from /home/airflow/.local/lib/python3.7/site-packages/airflow/example_dags/example_trigger_target_dag.py
[2022-12-17T04:19:16.998+0000] {logging_mixin.py:137} INFO - [2022-12-17T04:19:16.998+0000] {manager.py:504} INFO - Created Permission View: can read on DAG:example_trigger_target_dag
[2022-12-17T04:19:17.007+0000] {logging_mixin.py:137} INFO - [2022-12-17T04:19:17.007+0000] {manager.py:504} INFO - Created Permission View: can delete on DAG:example_trigger_target_dag
[2022-12-17T04:19:17.014+0000] {logging_mixin.py:137} INFO - [2022-12-17T04:19:17.013+0000] {manager.py:504} INFO - Created Permission View: can edit on DAG:example_trigger_target_dag
[2022-12-17T04:19:17.014+0000] {logging_mixin.py:137} INFO - [2022-12-17T04:19:17.014+0000] {dag.py:2676} INFO - Sync 1 DAGs
[2022-12-17T04:19:17.029+0000] {logging_mixin.py:137} INFO - [2022-12-17T04:19:17.028+0000] {dag.py:2697} INFO - Creating ORM DAG for example_trigger_target_dag
[2022-12-17T04:19:17.041+0000] {logging_mixin.py:137} INFO - [2022-12-17T04:19:17.040+0000] {dag.py:3427} INFO - Setting next_dagrun for example_trigger_target_dag to None, run_after=None
[2022-12-17T04:19:17.064+0000] {processor.py:175} INFO - Processing /home/airflow/.local/lib/python3.7/site-packages/airflow/example_dags/example_trigger_target_dag.py took 0.205 seconds
[2022-12-17T04:19:47.510+0000] {processor.py:153} INFO - Started process (PID=171) to work on /home/airflow/.local/lib/python3.7/site-packages/airflow/example_dags/example_trigger_target_dag.py
[2022-12-17T04:19:47.510+0000] {processor.py:743} INFO - Processing file /home/airflow/.local/lib/python3.7/site-packages/airflow/example_dags/example_trigger_target_dag.py for tasks to queue
[2022-12-17T04:19:47.511+0000] {logging_mixin.py:137} INFO - [2022-12-17T04:19:47.511+0000] {dagbag.py:538} INFO - Filling up the DagBag from /home/airflow/.local/lib/python3.7/site-packages/airflow/example_dags/example_trigger_target_dag.py
[2022-12-17T04:19:47.529+0000] {processor.py:753} INFO - DAG(s) dict_keys(['example_trigger_target_dag']) retrieved from /home/airflow/.local/lib/python3.7/site-packages/airflow/example_dags/example_trigger_target_dag.py
[2022-12-17T04:19:47.558+0000] {logging_mixin.py:137} INFO - [2022-12-17T04:19:47.558+0000] {dag.py:2676} INFO - Sync 1 DAGs
[2022-12-17T04:19:47.577+0000] {logging_mixin.py:137} INFO - [2022-12-17T04:19:47.577+0000] {dag.py:3427} INFO - Setting next_dagrun for example_trigger_target_dag to None, run_after=None
[2022-12-17T04:19:47.591+0000] {processor.py:175} INFO - Processing /home/airflow/.local/lib/python3.7/site-packages/airflow/example_dags/example_trigger_target_dag.py took 0.084 seconds
[2022-12-17T04:20:17.720+0000] {processor.py:153} INFO - Started process (PID=270) to work on /home/airflow/.local/lib/python3.7/site-packages/airflow/example_dags/example_trigger_target_dag.py
[2022-12-17T04:20:17.721+0000] {processor.py:743} INFO - Processing file /home/airflow/.local/lib/python3.7/site-packages/airflow/example_dags/example_trigger_target_dag.py for tasks to queue
[2022-12-17T04:20:17.722+0000] {logging_mixin.py:137} INFO - [2022-12-17T04:20:17.722+0000] {dagbag.py:538} INFO - Filling up the DagBag from /home/airflow/.local/lib/python3.7/site-packages/airflow/example_dags/example_trigger_target_dag.py
[2022-12-17T04:20:17.737+0000] {processor.py:753} INFO - DAG(s) dict_keys(['example_trigger_target_dag']) retrieved from /home/airflow/.local/lib/python3.7/site-packages/airflow/example_dags/example_trigger_target_dag.py
[2022-12-17T04:20:17.769+0000] {logging_mixin.py:137} INFO - [2022-12-17T04:20:17.769+0000] {dag.py:2676} INFO - Sync 1 DAGs
[2022-12-17T04:20:17.787+0000] {logging_mixin.py:137} INFO - [2022-12-17T04:20:17.787+0000] {dag.py:3427} INFO - Setting next_dagrun for example_trigger_target_dag to None, run_after=None
[2022-12-17T04:20:17.799+0000] {processor.py:175} INFO - Processing /home/airflow/.local/lib/python3.7/site-packages/airflow/example_dags/example_trigger_target_dag.py took 0.082 seconds
[2022-12-17T04:20:48.013+0000] {processor.py:153} INFO - Started process (PID=349) to work on /home/airflow/.local/lib/python3.7/site-packages/airflow/example_dags/example_trigger_target_dag.py
[2022-12-17T04:20:48.014+0000] {processor.py:743} INFO - Processing file /home/airflow/.local/lib/python3.7/site-packages/airflow/example_dags/example_trigger_target_dag.py for tasks to queue
[2022-12-17T04:20:48.014+0000] {logging_mixin.py:137} INFO - [2022-12-17T04:20:48.014+0000] {dagbag.py:538} INFO - Filling up the DagBag from /home/airflow/.local/lib/python3.7/site-packages/airflow/example_dags/example_trigger_target_dag.py
[2022-12-17T04:20:48.030+0000] {processor.py:753} INFO - DAG(s) dict_keys(['example_trigger_target_dag']) retrieved from /home/airflow/.local/lib/python3.7/site-packages/airflow/example_dags/example_trigger_target_dag.py
[2022-12-17T04:20:48.060+0000] {logging_mixin.py:137} INFO - [2022-12-17T04:20:48.060+0000] {dag.py:2676} INFO - Sync 1 DAGs
[2022-12-17T04:20:48.085+0000] {logging_mixin.py:137} INFO - [2022-12-17T04:20:48.084+0000] {dag.py:3427} INFO - Setting next_dagrun for example_trigger_target_dag to None, run_after=None
[2022-12-17T04:20:48.102+0000] {processor.py:175} INFO - Processing /home/airflow/.local/lib/python3.7/site-packages/airflow/example_dags/example_trigger_target_dag.py took 0.091 seconds
[2022-12-17T04:21:18.678+0000] {processor.py:153} INFO - Started process (PID=449) to work on /home/airflow/.local/lib/python3.7/site-packages/airflow/example_dags/example_trigger_target_dag.py
[2022-12-17T04:21:18.679+0000] {processor.py:743} INFO - Processing file /home/airflow/.local/lib/python3.7/site-packages/airflow/example_dags/example_trigger_target_dag.py for tasks to queue
[2022-12-17T04:21:18.679+0000] {logging_mixin.py:137} INFO - [2022-12-17T04:21:18.679+0000] {dagbag.py:538} INFO - Filling up the DagBag from /home/airflow/.local/lib/python3.7/site-packages/airflow/example_dags/example_trigger_target_dag.py
[2022-12-17T04:21:18.694+0000] {processor.py:753} INFO - DAG(s) dict_keys(['example_trigger_target_dag']) retrieved from /home/airflow/.local/lib/python3.7/site-packages/airflow/example_dags/example_trigger_target_dag.py
[2022-12-17T04:21:18.726+0000] {logging_mixin.py:137} INFO - [2022-12-17T04:21:18.726+0000] {dag.py:2676} INFO - Sync 1 DAGs
[2022-12-17T04:21:18.749+0000] {logging_mixin.py:137} INFO - [2022-12-17T04:21:18.748+0000] {dag.py:3427} INFO - Setting next_dagrun for example_trigger_target_dag to None, run_after=None
[2022-12-17T04:21:18.761+0000] {processor.py:175} INFO - Processing /home/airflow/.local/lib/python3.7/site-packages/airflow/example_dags/example_trigger_target_dag.py took 0.086 seconds
[2022-12-17T04:21:49.144+0000] {processor.py:153} INFO - Started process (PID=528) to work on /home/airflow/.local/lib/python3.7/site-packages/airflow/example_dags/example_trigger_target_dag.py
[2022-12-17T04:21:49.145+0000] {processor.py:743} INFO - Processing file /home/airflow/.local/lib/python3.7/site-packages/airflow/example_dags/example_trigger_target_dag.py for tasks to queue
[2022-12-17T04:21:49.145+0000] {logging_mixin.py:137} INFO - [2022-12-17T04:21:49.145+0000] {dagbag.py:538} INFO - Filling up the DagBag from /home/airflow/.local/lib/python3.7/site-packages/airflow/example_dags/example_trigger_target_dag.py
[2022-12-17T04:21:49.162+0000] {processor.py:753} INFO - DAG(s) dict_keys(['example_trigger_target_dag']) retrieved from /home/airflow/.local/lib/python3.7/site-packages/airflow/example_dags/example_trigger_target_dag.py
[2022-12-17T04:21:49.196+0000] {logging_mixin.py:137} INFO - [2022-12-17T04:21:49.196+0000] {dag.py:2676} INFO - Sync 1 DAGs
[2022-12-17T04:21:49.222+0000] {logging_mixin.py:137} INFO - [2022-12-17T04:21:49.222+0000] {dag.py:3427} INFO - Setting next_dagrun for example_trigger_target_dag to None, run_after=None
[2022-12-17T04:21:49.238+0000] {processor.py:175} INFO - Processing /home/airflow/.local/lib/python3.7/site-packages/airflow/example_dags/example_trigger_target_dag.py took 0.097 seconds
[2022-12-17T04:22:19.439+0000] {processor.py:153} INFO - Started process (PID=627) to work on /home/airflow/.local/lib/python3.7/site-packages/airflow/example_dags/example_trigger_target_dag.py
[2022-12-17T04:22:19.439+0000] {processor.py:743} INFO - Processing file /home/airflow/.local/lib/python3.7/site-packages/airflow/example_dags/example_trigger_target_dag.py for tasks to queue
[2022-12-17T04:22:19.440+0000] {logging_mixin.py:137} INFO - [2022-12-17T04:22:19.440+0000] {dagbag.py:538} INFO - Filling up the DagBag from /home/airflow/.local/lib/python3.7/site-packages/airflow/example_dags/example_trigger_target_dag.py
[2022-12-17T04:22:19.454+0000] {processor.py:753} INFO - DAG(s) dict_keys(['example_trigger_target_dag']) retrieved from /home/airflow/.local/lib/python3.7/site-packages/airflow/example_dags/example_trigger_target_dag.py
[2022-12-17T04:22:19.482+0000] {logging_mixin.py:137} INFO - [2022-12-17T04:22:19.481+0000] {dag.py:2676} INFO - Sync 1 DAGs
[2022-12-17T04:22:19.500+0000] {logging_mixin.py:137} INFO - [2022-12-17T04:22:19.500+0000] {dag.py:3427} INFO - Setting next_dagrun for example_trigger_target_dag to None, run_after=None
[2022-12-17T04:22:19.512+0000] {processor.py:175} INFO - Processing /home/airflow/.local/lib/python3.7/site-packages/airflow/example_dags/example_trigger_target_dag.py took 0.076 seconds
[2022-12-17T04:22:49.751+0000] {processor.py:153} INFO - Started process (PID=706) to work on /home/airflow/.local/lib/python3.7/site-packages/airflow/example_dags/example_trigger_target_dag.py
[2022-12-17T04:22:49.752+0000] {processor.py:743} INFO - Processing file /home/airflow/.local/lib/python3.7/site-packages/airflow/example_dags/example_trigger_target_dag.py for tasks to queue
[2022-12-17T04:22:49.753+0000] {logging_mixin.py:137} INFO - [2022-12-17T04:22:49.753+0000] {dagbag.py:538} INFO - Filling up the DagBag from /home/airflow/.local/lib/python3.7/site-packages/airflow/example_dags/example_trigger_target_dag.py
[2022-12-17T04:22:49.768+0000] {processor.py:753} INFO - DAG(s) dict_keys(['example_trigger_target_dag']) retrieved from /home/airflow/.local/lib/python3.7/site-packages/airflow/example_dags/example_trigger_target_dag.py
[2022-12-17T04:22:49.800+0000] {logging_mixin.py:137} INFO - [2022-12-17T04:22:49.800+0000] {dag.py:2676} INFO - Sync 1 DAGs
[2022-12-17T04:22:49.820+0000] {logging_mixin.py:137} INFO - [2022-12-17T04:22:49.820+0000] {dag.py:3427} INFO - Setting next_dagrun for example_trigger_target_dag to None, run_after=None
[2022-12-17T04:22:49.832+0000] {processor.py:175} INFO - Processing /home/airflow/.local/lib/python3.7/site-packages/airflow/example_dags/example_trigger_target_dag.py took 0.085 seconds
[2022-12-17T04:23:20.027+0000] {processor.py:153} INFO - Started process (PID=804) to work on /home/airflow/.local/lib/python3.7/site-packages/airflow/example_dags/example_trigger_target_dag.py
[2022-12-17T04:23:20.027+0000] {processor.py:743} INFO - Processing file /home/airflow/.local/lib/python3.7/site-packages/airflow/example_dags/example_trigger_target_dag.py for tasks to queue
[2022-12-17T04:23:20.028+0000] {logging_mixin.py:137} INFO - [2022-12-17T04:23:20.028+0000] {dagbag.py:538} INFO - Filling up the DagBag from /home/airflow/.local/lib/python3.7/site-packages/airflow/example_dags/example_trigger_target_dag.py
[2022-12-17T04:23:20.042+0000] {processor.py:753} INFO - DAG(s) dict_keys(['example_trigger_target_dag']) retrieved from /home/airflow/.local/lib/python3.7/site-packages/airflow/example_dags/example_trigger_target_dag.py
[2022-12-17T04:23:20.072+0000] {logging_mixin.py:137} INFO - [2022-12-17T04:23:20.072+0000] {dag.py:2676} INFO - Sync 1 DAGs
[2022-12-17T04:23:20.093+0000] {logging_mixin.py:137} INFO - [2022-12-17T04:23:20.092+0000] {dag.py:3427} INFO - Setting next_dagrun for example_trigger_target_dag to None, run_after=None
[2022-12-17T04:23:20.104+0000] {processor.py:175} INFO - Processing /home/airflow/.local/lib/python3.7/site-packages/airflow/example_dags/example_trigger_target_dag.py took 0.080 seconds
[2022-12-17T04:23:50.184+0000] {processor.py:153} INFO - Started process (PID=883) to work on /home/airflow/.local/lib/python3.7/site-packages/airflow/example_dags/example_trigger_target_dag.py
[2022-12-17T04:23:50.185+0000] {processor.py:743} INFO - Processing file /home/airflow/.local/lib/python3.7/site-packages/airflow/example_dags/example_trigger_target_dag.py for tasks to queue
[2022-12-17T04:23:50.185+0000] {logging_mixin.py:137} INFO - [2022-12-17T04:23:50.185+0000] {dagbag.py:538} INFO - Filling up the DagBag from /home/airflow/.local/lib/python3.7/site-packages/airflow/example_dags/example_trigger_target_dag.py
[2022-12-17T04:23:50.201+0000] {processor.py:753} INFO - DAG(s) dict_keys(['example_trigger_target_dag']) retrieved from /home/airflow/.local/lib/python3.7/site-packages/airflow/example_dags/example_trigger_target_dag.py
[2022-12-17T04:23:50.230+0000] {logging_mixin.py:137} INFO - [2022-12-17T04:23:50.230+0000] {dag.py:2676} INFO - Sync 1 DAGs
[2022-12-17T04:23:50.249+0000] {logging_mixin.py:137} INFO - [2022-12-17T04:23:50.249+0000] {dag.py:3427} INFO - Setting next_dagrun for example_trigger_target_dag to None, run_after=None
[2022-12-17T04:23:50.265+0000] {processor.py:175} INFO - Processing /home/airflow/.local/lib/python3.7/site-packages/airflow/example_dags/example_trigger_target_dag.py took 0.085 seconds
[2022-12-17T04:24:20.598+0000] {processor.py:153} INFO - Started process (PID=983) to work on /home/airflow/.local/lib/python3.7/site-packages/airflow/example_dags/example_trigger_target_dag.py
[2022-12-17T04:24:20.599+0000] {processor.py:743} INFO - Processing file /home/airflow/.local/lib/python3.7/site-packages/airflow/example_dags/example_trigger_target_dag.py for tasks to queue
[2022-12-17T04:24:20.599+0000] {logging_mixin.py:137} INFO - [2022-12-17T04:24:20.599+0000] {dagbag.py:538} INFO - Filling up the DagBag from /home/airflow/.local/lib/python3.7/site-packages/airflow/example_dags/example_trigger_target_dag.py
[2022-12-17T04:24:20.616+0000] {processor.py:753} INFO - DAG(s) dict_keys(['example_trigger_target_dag']) retrieved from /home/airflow/.local/lib/python3.7/site-packages/airflow/example_dags/example_trigger_target_dag.py
[2022-12-17T04:24:20.644+0000] {logging_mixin.py:137} INFO - [2022-12-17T04:24:20.644+0000] {dag.py:2676} INFO - Sync 1 DAGs
[2022-12-17T04:24:20.662+0000] {logging_mixin.py:137} INFO - [2022-12-17T04:24:20.661+0000] {dag.py:3427} INFO - Setting next_dagrun for example_trigger_target_dag to None, run_after=None
[2022-12-17T04:24:20.673+0000] {processor.py:175} INFO - Processing /home/airflow/.local/lib/python3.7/site-packages/airflow/example_dags/example_trigger_target_dag.py took 0.077 seconds
[2022-12-17T04:24:51.008+0000] {processor.py:153} INFO - Started process (PID=1082) to work on /home/airflow/.local/lib/python3.7/site-packages/airflow/example_dags/example_trigger_target_dag.py
[2022-12-17T04:24:51.008+0000] {processor.py:743} INFO - Processing file /home/airflow/.local/lib/python3.7/site-packages/airflow/example_dags/example_trigger_target_dag.py for tasks to queue
[2022-12-17T04:24:51.009+0000] {logging_mixin.py:137} INFO - [2022-12-17T04:24:51.009+0000] {dagbag.py:538} INFO - Filling up the DagBag from /home/airflow/.local/lib/python3.7/site-packages/airflow/example_dags/example_trigger_target_dag.py
[2022-12-17T04:24:51.025+0000] {processor.py:753} INFO - DAG(s) dict_keys(['example_trigger_target_dag']) retrieved from /home/airflow/.local/lib/python3.7/site-packages/airflow/example_dags/example_trigger_target_dag.py
[2022-12-17T04:24:51.051+0000] {logging_mixin.py:137} INFO - [2022-12-17T04:24:51.051+0000] {dag.py:2676} INFO - Sync 1 DAGs
[2022-12-17T04:24:51.071+0000] {logging_mixin.py:137} INFO - [2022-12-17T04:24:51.071+0000] {dag.py:3427} INFO - Setting next_dagrun for example_trigger_target_dag to None, run_after=None
[2022-12-17T04:24:51.084+0000] {processor.py:175} INFO - Processing /home/airflow/.local/lib/python3.7/site-packages/airflow/example_dags/example_trigger_target_dag.py took 0.079 seconds
[2022-12-17T04:25:21.209+0000] {processor.py:153} INFO - Started process (PID=1161) to work on /home/airflow/.local/lib/python3.7/site-packages/airflow/example_dags/example_trigger_target_dag.py
[2022-12-17T04:25:21.210+0000] {processor.py:743} INFO - Processing file /home/airflow/.local/lib/python3.7/site-packages/airflow/example_dags/example_trigger_target_dag.py for tasks to queue
[2022-12-17T04:25:21.210+0000] {logging_mixin.py:137} INFO - [2022-12-17T04:25:21.210+0000] {dagbag.py:538} INFO - Filling up the DagBag from /home/airflow/.local/lib/python3.7/site-packages/airflow/example_dags/example_trigger_target_dag.py
[2022-12-17T04:25:21.224+0000] {processor.py:753} INFO - DAG(s) dict_keys(['example_trigger_target_dag']) retrieved from /home/airflow/.local/lib/python3.7/site-packages/airflow/example_dags/example_trigger_target_dag.py
[2022-12-17T04:25:21.255+0000] {logging_mixin.py:137} INFO - [2022-12-17T04:25:21.254+0000] {dag.py:2676} INFO - Sync 1 DAGs
[2022-12-17T04:25:21.274+0000] {logging_mixin.py:137} INFO - [2022-12-17T04:25:21.274+0000] {dag.py:3427} INFO - Setting next_dagrun for example_trigger_target_dag to None, run_after=None
[2022-12-17T04:25:21.285+0000] {processor.py:175} INFO - Processing /home/airflow/.local/lib/python3.7/site-packages/airflow/example_dags/example_trigger_target_dag.py took 0.079 seconds
[2022-12-17T04:25:51.745+0000] {processor.py:153} INFO - Started process (PID=1260) to work on /home/airflow/.local/lib/python3.7/site-packages/airflow/example_dags/example_trigger_target_dag.py
[2022-12-17T04:25:51.746+0000] {processor.py:743} INFO - Processing file /home/airflow/.local/lib/python3.7/site-packages/airflow/example_dags/example_trigger_target_dag.py for tasks to queue
[2022-12-17T04:25:51.747+0000] {logging_mixin.py:137} INFO - [2022-12-17T04:25:51.747+0000] {dagbag.py:538} INFO - Filling up the DagBag from /home/airflow/.local/lib/python3.7/site-packages/airflow/example_dags/example_trigger_target_dag.py
[2022-12-17T04:25:51.762+0000] {processor.py:753} INFO - DAG(s) dict_keys(['example_trigger_target_dag']) retrieved from /home/airflow/.local/lib/python3.7/site-packages/airflow/example_dags/example_trigger_target_dag.py
[2022-12-17T04:25:51.789+0000] {logging_mixin.py:137} INFO - [2022-12-17T04:25:51.789+0000] {dag.py:2676} INFO - Sync 1 DAGs
[2022-12-17T04:25:51.806+0000] {logging_mixin.py:137} INFO - [2022-12-17T04:25:51.806+0000] {dag.py:3427} INFO - Setting next_dagrun for example_trigger_target_dag to None, run_after=None
[2022-12-17T04:25:51.818+0000] {processor.py:175} INFO - Processing /home/airflow/.local/lib/python3.7/site-packages/airflow/example_dags/example_trigger_target_dag.py took 0.075 seconds
[2022-12-17T04:26:22.243+0000] {processor.py:153} INFO - Started process (PID=1339) to work on /home/airflow/.local/lib/python3.7/site-packages/airflow/example_dags/example_trigger_target_dag.py
[2022-12-17T04:26:22.243+0000] {processor.py:743} INFO - Processing file /home/airflow/.local/lib/python3.7/site-packages/airflow/example_dags/example_trigger_target_dag.py for tasks to queue
[2022-12-17T04:26:22.243+0000] {logging_mixin.py:137} INFO - [2022-12-17T04:26:22.243+0000] {dagbag.py:538} INFO - Filling up the DagBag from /home/airflow/.local/lib/python3.7/site-packages/airflow/example_dags/example_trigger_target_dag.py
[2022-12-17T04:26:22.260+0000] {processor.py:753} INFO - DAG(s) dict_keys(['example_trigger_target_dag']) retrieved from /home/airflow/.local/lib/python3.7/site-packages/airflow/example_dags/example_trigger_target_dag.py
[2022-12-17T04:26:22.291+0000] {logging_mixin.py:137} INFO - [2022-12-17T04:26:22.291+0000] {dag.py:2676} INFO - Sync 1 DAGs
[2022-12-17T04:26:22.309+0000] {logging_mixin.py:137} INFO - [2022-12-17T04:26:22.309+0000] {dag.py:3427} INFO - Setting next_dagrun for example_trigger_target_dag to None, run_after=None
[2022-12-17T04:26:22.321+0000] {processor.py:175} INFO - Processing /home/airflow/.local/lib/python3.7/site-packages/airflow/example_dags/example_trigger_target_dag.py took 0.080 seconds
[2022-12-17T04:26:52.425+0000] {processor.py:153} INFO - Started process (PID=1438) to work on /home/airflow/.local/lib/python3.7/site-packages/airflow/example_dags/example_trigger_target_dag.py
[2022-12-17T04:26:52.426+0000] {processor.py:743} INFO - Processing file /home/airflow/.local/lib/python3.7/site-packages/airflow/example_dags/example_trigger_target_dag.py for tasks to queue
[2022-12-17T04:26:52.427+0000] {logging_mixin.py:137} INFO - [2022-12-17T04:26:52.427+0000] {dagbag.py:538} INFO - Filling up the DagBag from /home/airflow/.local/lib/python3.7/site-packages/airflow/example_dags/example_trigger_target_dag.py
[2022-12-17T04:26:52.441+0000] {processor.py:753} INFO - DAG(s) dict_keys(['example_trigger_target_dag']) retrieved from /home/airflow/.local/lib/python3.7/site-packages/airflow/example_dags/example_trigger_target_dag.py
[2022-12-17T04:26:52.471+0000] {logging_mixin.py:137} INFO - [2022-12-17T04:26:52.470+0000] {dag.py:2676} INFO - Sync 1 DAGs
[2022-12-17T04:26:52.490+0000] {logging_mixin.py:137} INFO - [2022-12-17T04:26:52.490+0000] {dag.py:3427} INFO - Setting next_dagrun for example_trigger_target_dag to None, run_after=None
[2022-12-17T04:26:52.503+0000] {processor.py:175} INFO - Processing /home/airflow/.local/lib/python3.7/site-packages/airflow/example_dags/example_trigger_target_dag.py took 0.081 seconds
[2022-12-17T04:27:22.825+0000] {processor.py:153} INFO - Started process (PID=1517) to work on /home/airflow/.local/lib/python3.7/site-packages/airflow/example_dags/example_trigger_target_dag.py
[2022-12-17T04:27:22.826+0000] {processor.py:743} INFO - Processing file /home/airflow/.local/lib/python3.7/site-packages/airflow/example_dags/example_trigger_target_dag.py for tasks to queue
[2022-12-17T04:27:22.826+0000] {logging_mixin.py:137} INFO - [2022-12-17T04:27:22.826+0000] {dagbag.py:538} INFO - Filling up the DagBag from /home/airflow/.local/lib/python3.7/site-packages/airflow/example_dags/example_trigger_target_dag.py
[2022-12-17T04:27:22.842+0000] {processor.py:753} INFO - DAG(s) dict_keys(['example_trigger_target_dag']) retrieved from /home/airflow/.local/lib/python3.7/site-packages/airflow/example_dags/example_trigger_target_dag.py
[2022-12-17T04:27:22.872+0000] {logging_mixin.py:137} INFO - [2022-12-17T04:27:22.872+0000] {dag.py:2676} INFO - Sync 1 DAGs
[2022-12-17T04:27:22.900+0000] {logging_mixin.py:137} INFO - [2022-12-17T04:27:22.900+0000] {dag.py:3427} INFO - Setting next_dagrun for example_trigger_target_dag to None, run_after=None
[2022-12-17T04:27:22.915+0000] {processor.py:175} INFO - Processing /home/airflow/.local/lib/python3.7/site-packages/airflow/example_dags/example_trigger_target_dag.py took 0.092 seconds
[2022-12-17T04:27:53.096+0000] {processor.py:153} INFO - Started process (PID=1617) to work on /home/airflow/.local/lib/python3.7/site-packages/airflow/example_dags/example_trigger_target_dag.py
[2022-12-17T04:27:53.097+0000] {processor.py:743} INFO - Processing file /home/airflow/.local/lib/python3.7/site-packages/airflow/example_dags/example_trigger_target_dag.py for tasks to queue
[2022-12-17T04:27:53.097+0000] {logging_mixin.py:137} INFO - [2022-12-17T04:27:53.097+0000] {dagbag.py:538} INFO - Filling up the DagBag from /home/airflow/.local/lib/python3.7/site-packages/airflow/example_dags/example_trigger_target_dag.py
[2022-12-17T04:27:53.113+0000] {processor.py:753} INFO - DAG(s) dict_keys(['example_trigger_target_dag']) retrieved from /home/airflow/.local/lib/python3.7/site-packages/airflow/example_dags/example_trigger_target_dag.py
[2022-12-17T04:27:53.143+0000] {logging_mixin.py:137} INFO - [2022-12-17T04:27:53.143+0000] {dag.py:2676} INFO - Sync 1 DAGs
[2022-12-17T04:27:53.163+0000] {logging_mixin.py:137} INFO - [2022-12-17T04:27:53.163+0000] {dag.py:3427} INFO - Setting next_dagrun for example_trigger_target_dag to None, run_after=None
[2022-12-17T04:27:53.175+0000] {processor.py:175} INFO - Processing /home/airflow/.local/lib/python3.7/site-packages/airflow/example_dags/example_trigger_target_dag.py took 0.083 seconds
[2022-12-17T04:28:23.390+0000] {processor.py:153} INFO - Started process (PID=1717) to work on /home/airflow/.local/lib/python3.7/site-packages/airflow/example_dags/example_trigger_target_dag.py
[2022-12-17T04:28:23.391+0000] {processor.py:743} INFO - Processing file /home/airflow/.local/lib/python3.7/site-packages/airflow/example_dags/example_trigger_target_dag.py for tasks to queue
[2022-12-17T04:28:23.392+0000] {logging_mixin.py:137} INFO - [2022-12-17T04:28:23.391+0000] {dagbag.py:538} INFO - Filling up the DagBag from /home/airflow/.local/lib/python3.7/site-packages/airflow/example_dags/example_trigger_target_dag.py
[2022-12-17T04:28:23.414+0000] {processor.py:753} INFO - DAG(s) dict_keys(['example_trigger_target_dag']) retrieved from /home/airflow/.local/lib/python3.7/site-packages/airflow/example_dags/example_trigger_target_dag.py
[2022-12-17T04:28:23.452+0000] {logging_mixin.py:137} INFO - [2022-12-17T04:28:23.452+0000] {dag.py:2676} INFO - Sync 1 DAGs
[2022-12-17T04:28:23.472+0000] {logging_mixin.py:137} INFO - [2022-12-17T04:28:23.472+0000] {dag.py:3427} INFO - Setting next_dagrun for example_trigger_target_dag to None, run_after=None
[2022-12-17T04:28:23.486+0000] {processor.py:175} INFO - Processing /home/airflow/.local/lib/python3.7/site-packages/airflow/example_dags/example_trigger_target_dag.py took 0.098 seconds
[2022-12-17T04:28:53.659+0000] {processor.py:153} INFO - Started process (PID=1796) to work on /home/airflow/.local/lib/python3.7/site-packages/airflow/example_dags/example_trigger_target_dag.py
[2022-12-17T04:28:53.660+0000] {processor.py:743} INFO - Processing file /home/airflow/.local/lib/python3.7/site-packages/airflow/example_dags/example_trigger_target_dag.py for tasks to queue
[2022-12-17T04:28:53.660+0000] {logging_mixin.py:137} INFO - [2022-12-17T04:28:53.660+0000] {dagbag.py:538} INFO - Filling up the DagBag from /home/airflow/.local/lib/python3.7/site-packages/airflow/example_dags/example_trigger_target_dag.py
[2022-12-17T04:28:53.675+0000] {processor.py:753} INFO - DAG(s) dict_keys(['example_trigger_target_dag']) retrieved from /home/airflow/.local/lib/python3.7/site-packages/airflow/example_dags/example_trigger_target_dag.py
[2022-12-17T04:28:53.704+0000] {logging_mixin.py:137} INFO - [2022-12-17T04:28:53.704+0000] {dag.py:2676} INFO - Sync 1 DAGs
[2022-12-17T04:28:53.723+0000] {logging_mixin.py:137} INFO - [2022-12-17T04:28:53.723+0000] {dag.py:3427} INFO - Setting next_dagrun for example_trigger_target_dag to None, run_after=None
[2022-12-17T04:28:53.739+0000] {processor.py:175} INFO - Processing /home/airflow/.local/lib/python3.7/site-packages/airflow/example_dags/example_trigger_target_dag.py took 0.081 seconds
[2022-12-17T04:29:24.173+0000] {processor.py:153} INFO - Started process (PID=1895) to work on /home/airflow/.local/lib/python3.7/site-packages/airflow/example_dags/example_trigger_target_dag.py
[2022-12-17T04:29:24.174+0000] {processor.py:743} INFO - Processing file /home/airflow/.local/lib/python3.7/site-packages/airflow/example_dags/example_trigger_target_dag.py for tasks to queue
[2022-12-17T04:29:24.175+0000] {logging_mixin.py:137} INFO - [2022-12-17T04:29:24.174+0000] {dagbag.py:538} INFO - Filling up the DagBag from /home/airflow/.local/lib/python3.7/site-packages/airflow/example_dags/example_trigger_target_dag.py
[2022-12-17T04:29:24.190+0000] {processor.py:753} INFO - DAG(s) dict_keys(['example_trigger_target_dag']) retrieved from /home/airflow/.local/lib/python3.7/site-packages/airflow/example_dags/example_trigger_target_dag.py
[2022-12-17T04:29:24.214+0000] {logging_mixin.py:137} INFO - [2022-12-17T04:29:24.214+0000] {dag.py:2676} INFO - Sync 1 DAGs
[2022-12-17T04:29:24.232+0000] {logging_mixin.py:137} INFO - [2022-12-17T04:29:24.232+0000] {dag.py:3427} INFO - Setting next_dagrun for example_trigger_target_dag to None, run_after=None
[2022-12-17T04:29:24.243+0000] {processor.py:175} INFO - Processing /home/airflow/.local/lib/python3.7/site-packages/airflow/example_dags/example_trigger_target_dag.py took 0.072 seconds
[2022-12-17T04:29:54.401+0000] {processor.py:153} INFO - Started process (PID=1974) to work on /home/airflow/.local/lib/python3.7/site-packages/airflow/example_dags/example_trigger_target_dag.py
[2022-12-17T04:29:54.401+0000] {processor.py:743} INFO - Processing file /home/airflow/.local/lib/python3.7/site-packages/airflow/example_dags/example_trigger_target_dag.py for tasks to queue
[2022-12-17T04:29:54.402+0000] {logging_mixin.py:137} INFO - [2022-12-17T04:29:54.402+0000] {dagbag.py:538} INFO - Filling up the DagBag from /home/airflow/.local/lib/python3.7/site-packages/airflow/example_dags/example_trigger_target_dag.py
[2022-12-17T04:29:54.418+0000] {processor.py:753} INFO - DAG(s) dict_keys(['example_trigger_target_dag']) retrieved from /home/airflow/.local/lib/python3.7/site-packages/airflow/example_dags/example_trigger_target_dag.py
[2022-12-17T04:29:54.448+0000] {logging_mixin.py:137} INFO - [2022-12-17T04:29:54.448+0000] {dag.py:2676} INFO - Sync 1 DAGs
[2022-12-17T04:29:54.466+0000] {logging_mixin.py:137} INFO - [2022-12-17T04:29:54.466+0000] {dag.py:3427} INFO - Setting next_dagrun for example_trigger_target_dag to None, run_after=None
[2022-12-17T04:29:54.477+0000] {processor.py:175} INFO - Processing /home/airflow/.local/lib/python3.7/site-packages/airflow/example_dags/example_trigger_target_dag.py took 0.078 seconds
[2022-12-17T04:30:24.721+0000] {processor.py:153} INFO - Started process (PID=2073) to work on /home/airflow/.local/lib/python3.7/site-packages/airflow/example_dags/example_trigger_target_dag.py
[2022-12-17T04:30:24.722+0000] {processor.py:743} INFO - Processing file /home/airflow/.local/lib/python3.7/site-packages/airflow/example_dags/example_trigger_target_dag.py for tasks to queue
[2022-12-17T04:30:24.722+0000] {logging_mixin.py:137} INFO - [2022-12-17T04:30:24.722+0000] {dagbag.py:538} INFO - Filling up the DagBag from /home/airflow/.local/lib/python3.7/site-packages/airflow/example_dags/example_trigger_target_dag.py
[2022-12-17T04:30:24.738+0000] {processor.py:753} INFO - DAG(s) dict_keys(['example_trigger_target_dag']) retrieved from /home/airflow/.local/lib/python3.7/site-packages/airflow/example_dags/example_trigger_target_dag.py
[2022-12-17T04:30:24.764+0000] {logging_mixin.py:137} INFO - [2022-12-17T04:30:24.763+0000] {dag.py:2676} INFO - Sync 1 DAGs
[2022-12-17T04:30:24.782+0000] {logging_mixin.py:137} INFO - [2022-12-17T04:30:24.782+0000] {dag.py:3427} INFO - Setting next_dagrun for example_trigger_target_dag to None, run_after=None
[2022-12-17T04:30:24.793+0000] {processor.py:175} INFO - Processing /home/airflow/.local/lib/python3.7/site-packages/airflow/example_dags/example_trigger_target_dag.py took 0.075 seconds
[2022-12-17T04:30:54.996+0000] {processor.py:153} INFO - Started process (PID=2152) to work on /home/airflow/.local/lib/python3.7/site-packages/airflow/example_dags/example_trigger_target_dag.py
[2022-12-17T04:30:54.997+0000] {processor.py:743} INFO - Processing file /home/airflow/.local/lib/python3.7/site-packages/airflow/example_dags/example_trigger_target_dag.py for tasks to queue
[2022-12-17T04:30:54.997+0000] {logging_mixin.py:137} INFO - [2022-12-17T04:30:54.997+0000] {dagbag.py:538} INFO - Filling up the DagBag from /home/airflow/.local/lib/python3.7/site-packages/airflow/example_dags/example_trigger_target_dag.py
[2022-12-17T04:30:55.011+0000] {processor.py:753} INFO - DAG(s) dict_keys(['example_trigger_target_dag']) retrieved from /home/airflow/.local/lib/python3.7/site-packages/airflow/example_dags/example_trigger_target_dag.py
[2022-12-17T04:30:55.037+0000] {logging_mixin.py:137} INFO - [2022-12-17T04:30:55.036+0000] {dag.py:2676} INFO - Sync 1 DAGs
[2022-12-17T04:30:55.059+0000] {logging_mixin.py:137} INFO - [2022-12-17T04:30:55.059+0000] {dag.py:3427} INFO - Setting next_dagrun for example_trigger_target_dag to None, run_after=None
[2022-12-17T04:30:55.071+0000] {processor.py:175} INFO - Processing /home/airflow/.local/lib/python3.7/site-packages/airflow/example_dags/example_trigger_target_dag.py took 0.078 seconds
[2022-12-17T04:31:25.386+0000] {processor.py:153} INFO - Started process (PID=2251) to work on /home/airflow/.local/lib/python3.7/site-packages/airflow/example_dags/example_trigger_target_dag.py
[2022-12-17T04:31:25.386+0000] {processor.py:743} INFO - Processing file /home/airflow/.local/lib/python3.7/site-packages/airflow/example_dags/example_trigger_target_dag.py for tasks to queue
[2022-12-17T04:31:25.387+0000] {logging_mixin.py:137} INFO - [2022-12-17T04:31:25.387+0000] {dagbag.py:538} INFO - Filling up the DagBag from /home/airflow/.local/lib/python3.7/site-packages/airflow/example_dags/example_trigger_target_dag.py
[2022-12-17T04:31:25.402+0000] {processor.py:753} INFO - DAG(s) dict_keys(['example_trigger_target_dag']) retrieved from /home/airflow/.local/lib/python3.7/site-packages/airflow/example_dags/example_trigger_target_dag.py
[2022-12-17T04:31:25.434+0000] {logging_mixin.py:137} INFO - [2022-12-17T04:31:25.433+0000] {dag.py:2676} INFO - Sync 1 DAGs
[2022-12-17T04:31:25.453+0000] {logging_mixin.py:137} INFO - [2022-12-17T04:31:25.453+0000] {dag.py:3427} INFO - Setting next_dagrun for example_trigger_target_dag to None, run_after=None
[2022-12-17T04:31:25.465+0000] {processor.py:175} INFO - Processing /home/airflow/.local/lib/python3.7/site-packages/airflow/example_dags/example_trigger_target_dag.py took 0.083 seconds
[2022-12-17T04:31:55.815+0000] {processor.py:153} INFO - Started process (PID=2351) to work on /home/airflow/.local/lib/python3.7/site-packages/airflow/example_dags/example_trigger_target_dag.py
[2022-12-17T04:31:55.815+0000] {processor.py:743} INFO - Processing file /home/airflow/.local/lib/python3.7/site-packages/airflow/example_dags/example_trigger_target_dag.py for tasks to queue
[2022-12-17T04:31:55.816+0000] {logging_mixin.py:137} INFO - [2022-12-17T04:31:55.816+0000] {dagbag.py:538} INFO - Filling up the DagBag from /home/airflow/.local/lib/python3.7/site-packages/airflow/example_dags/example_trigger_target_dag.py
[2022-12-17T04:31:55.831+0000] {processor.py:753} INFO - DAG(s) dict_keys(['example_trigger_target_dag']) retrieved from /home/airflow/.local/lib/python3.7/site-packages/airflow/example_dags/example_trigger_target_dag.py
[2022-12-17T04:31:55.863+0000] {logging_mixin.py:137} INFO - [2022-12-17T04:31:55.862+0000] {dag.py:2676} INFO - Sync 1 DAGs
[2022-12-17T04:31:55.882+0000] {logging_mixin.py:137} INFO - [2022-12-17T04:31:55.881+0000] {dag.py:3427} INFO - Setting next_dagrun for example_trigger_target_dag to None, run_after=None
[2022-12-17T04:31:55.894+0000] {processor.py:175} INFO - Processing /home/airflow/.local/lib/python3.7/site-packages/airflow/example_dags/example_trigger_target_dag.py took 0.082 seconds
[2022-12-17T04:32:26.115+0000] {processor.py:153} INFO - Started process (PID=2430) to work on /home/airflow/.local/lib/python3.7/site-packages/airflow/example_dags/example_trigger_target_dag.py
[2022-12-17T04:32:26.115+0000] {processor.py:743} INFO - Processing file /home/airflow/.local/lib/python3.7/site-packages/airflow/example_dags/example_trigger_target_dag.py for tasks to queue
[2022-12-17T04:32:26.116+0000] {logging_mixin.py:137} INFO - [2022-12-17T04:32:26.116+0000] {dagbag.py:538} INFO - Filling up the DagBag from /home/airflow/.local/lib/python3.7/site-packages/airflow/example_dags/example_trigger_target_dag.py
[2022-12-17T04:32:26.132+0000] {processor.py:753} INFO - DAG(s) dict_keys(['example_trigger_target_dag']) retrieved from /home/airflow/.local/lib/python3.7/site-packages/airflow/example_dags/example_trigger_target_dag.py
[2022-12-17T04:32:26.157+0000] {logging_mixin.py:137} INFO - [2022-12-17T04:32:26.157+0000] {dag.py:2676} INFO - Sync 1 DAGs
[2022-12-17T04:32:26.174+0000] {logging_mixin.py:137} INFO - [2022-12-17T04:32:26.174+0000] {dag.py:3427} INFO - Setting next_dagrun for example_trigger_target_dag to None, run_after=None
[2022-12-17T04:32:26.187+0000] {processor.py:175} INFO - Processing /home/airflow/.local/lib/python3.7/site-packages/airflow/example_dags/example_trigger_target_dag.py took 0.074 seconds
[2022-12-17T04:32:56.388+0000] {processor.py:153} INFO - Started process (PID=2530) to work on /home/airflow/.local/lib/python3.7/site-packages/airflow/example_dags/example_trigger_target_dag.py
[2022-12-17T04:32:56.389+0000] {processor.py:743} INFO - Processing file /home/airflow/.local/lib/python3.7/site-packages/airflow/example_dags/example_trigger_target_dag.py for tasks to queue
[2022-12-17T04:32:56.390+0000] {logging_mixin.py:137} INFO - [2022-12-17T04:32:56.389+0000] {dagbag.py:538} INFO - Filling up the DagBag from /home/airflow/.local/lib/python3.7/site-packages/airflow/example_dags/example_trigger_target_dag.py
[2022-12-17T04:32:56.404+0000] {processor.py:753} INFO - DAG(s) dict_keys(['example_trigger_target_dag']) retrieved from /home/airflow/.local/lib/python3.7/site-packages/airflow/example_dags/example_trigger_target_dag.py
[2022-12-17T04:32:56.431+0000] {logging_mixin.py:137} INFO - [2022-12-17T04:32:56.431+0000] {dag.py:2676} INFO - Sync 1 DAGs
[2022-12-17T04:32:56.453+0000] {logging_mixin.py:137} INFO - [2022-12-17T04:32:56.453+0000] {dag.py:3427} INFO - Setting next_dagrun for example_trigger_target_dag to None, run_after=None
[2022-12-17T04:32:56.469+0000] {processor.py:175} INFO - Processing /home/airflow/.local/lib/python3.7/site-packages/airflow/example_dags/example_trigger_target_dag.py took 0.083 seconds
[2022-12-17T04:33:26.766+0000] {processor.py:153} INFO - Started process (PID=2610) to work on /home/airflow/.local/lib/python3.7/site-packages/airflow/example_dags/example_trigger_target_dag.py
[2022-12-17T04:33:26.766+0000] {processor.py:743} INFO - Processing file /home/airflow/.local/lib/python3.7/site-packages/airflow/example_dags/example_trigger_target_dag.py for tasks to queue
[2022-12-17T04:33:26.767+0000] {logging_mixin.py:137} INFO - [2022-12-17T04:33:26.767+0000] {dagbag.py:538} INFO - Filling up the DagBag from /home/airflow/.local/lib/python3.7/site-packages/airflow/example_dags/example_trigger_target_dag.py
[2022-12-17T04:33:26.783+0000] {processor.py:753} INFO - DAG(s) dict_keys(['example_trigger_target_dag']) retrieved from /home/airflow/.local/lib/python3.7/site-packages/airflow/example_dags/example_trigger_target_dag.py
[2022-12-17T04:33:26.816+0000] {logging_mixin.py:137} INFO - [2022-12-17T04:33:26.816+0000] {dag.py:2676} INFO - Sync 1 DAGs
[2022-12-17T04:33:26.842+0000] {logging_mixin.py:137} INFO - [2022-12-17T04:33:26.842+0000] {dag.py:3427} INFO - Setting next_dagrun for example_trigger_target_dag to None, run_after=None
[2022-12-17T04:33:26.856+0000] {processor.py:175} INFO - Processing /home/airflow/.local/lib/python3.7/site-packages/airflow/example_dags/example_trigger_target_dag.py took 0.092 seconds
[2022-12-17T04:33:57.324+0000] {processor.py:153} INFO - Started process (PID=2709) to work on /home/airflow/.local/lib/python3.7/site-packages/airflow/example_dags/example_trigger_target_dag.py
[2022-12-17T04:33:57.325+0000] {processor.py:743} INFO - Processing file /home/airflow/.local/lib/python3.7/site-packages/airflow/example_dags/example_trigger_target_dag.py for tasks to queue
[2022-12-17T04:33:57.326+0000] {logging_mixin.py:137} INFO - [2022-12-17T04:33:57.326+0000] {dagbag.py:538} INFO - Filling up the DagBag from /home/airflow/.local/lib/python3.7/site-packages/airflow/example_dags/example_trigger_target_dag.py
[2022-12-17T04:33:57.341+0000] {processor.py:753} INFO - DAG(s) dict_keys(['example_trigger_target_dag']) retrieved from /home/airflow/.local/lib/python3.7/site-packages/airflow/example_dags/example_trigger_target_dag.py
[2022-12-17T04:33:57.372+0000] {logging_mixin.py:137} INFO - [2022-12-17T04:33:57.372+0000] {dag.py:2676} INFO - Sync 1 DAGs
[2022-12-17T04:33:57.396+0000] {logging_mixin.py:137} INFO - [2022-12-17T04:33:57.396+0000] {dag.py:3427} INFO - Setting next_dagrun for example_trigger_target_dag to None, run_after=None
[2022-12-17T04:33:57.411+0000] {processor.py:175} INFO - Processing /home/airflow/.local/lib/python3.7/site-packages/airflow/example_dags/example_trigger_target_dag.py took 0.089 seconds
[2022-12-17T04:34:27.539+0000] {processor.py:153} INFO - Started process (PID=2788) to work on /home/airflow/.local/lib/python3.7/site-packages/airflow/example_dags/example_trigger_target_dag.py
[2022-12-17T04:34:27.540+0000] {processor.py:743} INFO - Processing file /home/airflow/.local/lib/python3.7/site-packages/airflow/example_dags/example_trigger_target_dag.py for tasks to queue
[2022-12-17T04:34:27.540+0000] {logging_mixin.py:137} INFO - [2022-12-17T04:34:27.540+0000] {dagbag.py:538} INFO - Filling up the DagBag from /home/airflow/.local/lib/python3.7/site-packages/airflow/example_dags/example_trigger_target_dag.py
[2022-12-17T04:34:27.554+0000] {processor.py:753} INFO - DAG(s) dict_keys(['example_trigger_target_dag']) retrieved from /home/airflow/.local/lib/python3.7/site-packages/airflow/example_dags/example_trigger_target_dag.py
[2022-12-17T04:34:27.581+0000] {logging_mixin.py:137} INFO - [2022-12-17T04:34:27.581+0000] {dag.py:2676} INFO - Sync 1 DAGs
[2022-12-17T04:34:27.599+0000] {logging_mixin.py:137} INFO - [2022-12-17T04:34:27.599+0000] {dag.py:3427} INFO - Setting next_dagrun for example_trigger_target_dag to None, run_after=None
[2022-12-17T04:34:27.612+0000] {processor.py:175} INFO - Processing /home/airflow/.local/lib/python3.7/site-packages/airflow/example_dags/example_trigger_target_dag.py took 0.076 seconds
[2022-12-17T04:34:57.870+0000] {processor.py:153} INFO - Started process (PID=2887) to work on /home/airflow/.local/lib/python3.7/site-packages/airflow/example_dags/example_trigger_target_dag.py
[2022-12-17T04:34:57.871+0000] {processor.py:743} INFO - Processing file /home/airflow/.local/lib/python3.7/site-packages/airflow/example_dags/example_trigger_target_dag.py for tasks to queue
[2022-12-17T04:34:57.872+0000] {logging_mixin.py:137} INFO - [2022-12-17T04:34:57.872+0000] {dagbag.py:538} INFO - Filling up the DagBag from /home/airflow/.local/lib/python3.7/site-packages/airflow/example_dags/example_trigger_target_dag.py
[2022-12-17T04:34:57.890+0000] {processor.py:753} INFO - DAG(s) dict_keys(['example_trigger_target_dag']) retrieved from /home/airflow/.local/lib/python3.7/site-packages/airflow/example_dags/example_trigger_target_dag.py
[2022-12-17T04:34:57.919+0000] {logging_mixin.py:137} INFO - [2022-12-17T04:34:57.919+0000] {dag.py:2676} INFO - Sync 1 DAGs
[2022-12-17T04:34:57.940+0000] {logging_mixin.py:137} INFO - [2022-12-17T04:34:57.940+0000] {dag.py:3427} INFO - Setting next_dagrun for example_trigger_target_dag to None, run_after=None
[2022-12-17T04:34:57.953+0000] {processor.py:175} INFO - Processing /home/airflow/.local/lib/python3.7/site-packages/airflow/example_dags/example_trigger_target_dag.py took 0.085 seconds
[2022-12-17T04:35:28.558+0000] {processor.py:153} INFO - Started process (PID=2974) to work on /home/airflow/.local/lib/python3.7/site-packages/airflow/example_dags/example_trigger_target_dag.py
[2022-12-17T04:35:28.559+0000] {processor.py:743} INFO - Processing file /home/airflow/.local/lib/python3.7/site-packages/airflow/example_dags/example_trigger_target_dag.py for tasks to queue
[2022-12-17T04:35:28.559+0000] {logging_mixin.py:137} INFO - [2022-12-17T04:35:28.559+0000] {dagbag.py:538} INFO - Filling up the DagBag from /home/airflow/.local/lib/python3.7/site-packages/airflow/example_dags/example_trigger_target_dag.py
[2022-12-17T04:35:28.575+0000] {processor.py:753} INFO - DAG(s) dict_keys(['example_trigger_target_dag']) retrieved from /home/airflow/.local/lib/python3.7/site-packages/airflow/example_dags/example_trigger_target_dag.py
[2022-12-17T04:35:28.611+0000] {logging_mixin.py:137} INFO - [2022-12-17T04:35:28.611+0000] {dag.py:2676} INFO - Sync 1 DAGs
[2022-12-17T04:35:28.636+0000] {logging_mixin.py:137} INFO - [2022-12-17T04:35:28.635+0000] {dag.py:3427} INFO - Setting next_dagrun for example_trigger_target_dag to None, run_after=None
[2022-12-17T04:35:28.647+0000] {processor.py:175} INFO - Processing /home/airflow/.local/lib/python3.7/site-packages/airflow/example_dags/example_trigger_target_dag.py took 0.091 seconds
[2022-12-17T04:35:58.956+0000] {processor.py:153} INFO - Started process (PID=3064) to work on /home/airflow/.local/lib/python3.7/site-packages/airflow/example_dags/example_trigger_target_dag.py
[2022-12-17T04:35:58.957+0000] {processor.py:743} INFO - Processing file /home/airflow/.local/lib/python3.7/site-packages/airflow/example_dags/example_trigger_target_dag.py for tasks to queue
[2022-12-17T04:35:58.957+0000] {logging_mixin.py:137} INFO - [2022-12-17T04:35:58.957+0000] {dagbag.py:538} INFO - Filling up the DagBag from /home/airflow/.local/lib/python3.7/site-packages/airflow/example_dags/example_trigger_target_dag.py
[2022-12-17T04:35:58.972+0000] {processor.py:753} INFO - DAG(s) dict_keys(['example_trigger_target_dag']) retrieved from /home/airflow/.local/lib/python3.7/site-packages/airflow/example_dags/example_trigger_target_dag.py
[2022-12-17T04:35:59.004+0000] {logging_mixin.py:137} INFO - [2022-12-17T04:35:59.004+0000] {dag.py:2676} INFO - Sync 1 DAGs
[2022-12-17T04:35:59.026+0000] {logging_mixin.py:137} INFO - [2022-12-17T04:35:59.026+0000] {dag.py:3427} INFO - Setting next_dagrun for example_trigger_target_dag to None, run_after=None
[2022-12-17T04:35:59.038+0000] {processor.py:175} INFO - Processing /home/airflow/.local/lib/python3.7/site-packages/airflow/example_dags/example_trigger_target_dag.py took 0.084 seconds
[2022-12-17T04:36:29.585+0000] {processor.py:153} INFO - Started process (PID=3163) to work on /home/airflow/.local/lib/python3.7/site-packages/airflow/example_dags/example_trigger_target_dag.py
[2022-12-17T04:36:29.585+0000] {processor.py:743} INFO - Processing file /home/airflow/.local/lib/python3.7/site-packages/airflow/example_dags/example_trigger_target_dag.py for tasks to queue
[2022-12-17T04:36:29.586+0000] {logging_mixin.py:137} INFO - [2022-12-17T04:36:29.586+0000] {dagbag.py:538} INFO - Filling up the DagBag from /home/airflow/.local/lib/python3.7/site-packages/airflow/example_dags/example_trigger_target_dag.py
[2022-12-17T04:36:29.602+0000] {processor.py:753} INFO - DAG(s) dict_keys(['example_trigger_target_dag']) retrieved from /home/airflow/.local/lib/python3.7/site-packages/airflow/example_dags/example_trigger_target_dag.py
[2022-12-17T04:36:29.630+0000] {logging_mixin.py:137} INFO - [2022-12-17T04:36:29.630+0000] {dag.py:2676} INFO - Sync 1 DAGs
[2022-12-17T04:36:29.649+0000] {logging_mixin.py:137} INFO - [2022-12-17T04:36:29.649+0000] {dag.py:3427} INFO - Setting next_dagrun for example_trigger_target_dag to None, run_after=None
[2022-12-17T04:36:29.662+0000] {processor.py:175} INFO - Processing /home/airflow/.local/lib/python3.7/site-packages/airflow/example_dags/example_trigger_target_dag.py took 0.081 seconds
[2022-12-17T04:36:59.860+0000] {processor.py:153} INFO - Started process (PID=3242) to work on /home/airflow/.local/lib/python3.7/site-packages/airflow/example_dags/example_trigger_target_dag.py
[2022-12-17T04:36:59.860+0000] {processor.py:743} INFO - Processing file /home/airflow/.local/lib/python3.7/site-packages/airflow/example_dags/example_trigger_target_dag.py for tasks to queue
[2022-12-17T04:36:59.861+0000] {logging_mixin.py:137} INFO - [2022-12-17T04:36:59.861+0000] {dagbag.py:538} INFO - Filling up the DagBag from /home/airflow/.local/lib/python3.7/site-packages/airflow/example_dags/example_trigger_target_dag.py
[2022-12-17T04:36:59.878+0000] {processor.py:753} INFO - DAG(s) dict_keys(['example_trigger_target_dag']) retrieved from /home/airflow/.local/lib/python3.7/site-packages/airflow/example_dags/example_trigger_target_dag.py
[2022-12-17T04:36:59.909+0000] {logging_mixin.py:137} INFO - [2022-12-17T04:36:59.909+0000] {dag.py:2676} INFO - Sync 1 DAGs
[2022-12-17T04:36:59.929+0000] {logging_mixin.py:137} INFO - [2022-12-17T04:36:59.929+0000] {dag.py:3427} INFO - Setting next_dagrun for example_trigger_target_dag to None, run_after=None
[2022-12-17T04:36:59.942+0000] {processor.py:175} INFO - Processing /home/airflow/.local/lib/python3.7/site-packages/airflow/example_dags/example_trigger_target_dag.py took 0.085 seconds
[2022-12-17T04:37:30.197+0000] {processor.py:153} INFO - Started process (PID=3341) to work on /home/airflow/.local/lib/python3.7/site-packages/airflow/example_dags/example_trigger_target_dag.py
[2022-12-17T04:37:30.198+0000] {processor.py:743} INFO - Processing file /home/airflow/.local/lib/python3.7/site-packages/airflow/example_dags/example_trigger_target_dag.py for tasks to queue
[2022-12-17T04:37:30.198+0000] {logging_mixin.py:137} INFO - [2022-12-17T04:37:30.198+0000] {dagbag.py:538} INFO - Filling up the DagBag from /home/airflow/.local/lib/python3.7/site-packages/airflow/example_dags/example_trigger_target_dag.py
[2022-12-17T04:37:30.213+0000] {processor.py:753} INFO - DAG(s) dict_keys(['example_trigger_target_dag']) retrieved from /home/airflow/.local/lib/python3.7/site-packages/airflow/example_dags/example_trigger_target_dag.py
[2022-12-17T04:37:30.241+0000] {logging_mixin.py:137} INFO - [2022-12-17T04:37:30.241+0000] {dag.py:2676} INFO - Sync 1 DAGs
[2022-12-17T04:37:30.258+0000] {logging_mixin.py:137} INFO - [2022-12-17T04:37:30.258+0000] {dag.py:3427} INFO - Setting next_dagrun for example_trigger_target_dag to None, run_after=None
[2022-12-17T04:37:30.270+0000] {processor.py:175} INFO - Processing /home/airflow/.local/lib/python3.7/site-packages/airflow/example_dags/example_trigger_target_dag.py took 0.077 seconds
[2022-12-17T04:38:00.763+0000] {processor.py:153} INFO - Started process (PID=3420) to work on /home/airflow/.local/lib/python3.7/site-packages/airflow/example_dags/example_trigger_target_dag.py
[2022-12-17T04:38:00.763+0000] {processor.py:743} INFO - Processing file /home/airflow/.local/lib/python3.7/site-packages/airflow/example_dags/example_trigger_target_dag.py for tasks to queue
[2022-12-17T04:38:00.764+0000] {logging_mixin.py:137} INFO - [2022-12-17T04:38:00.764+0000] {dagbag.py:538} INFO - Filling up the DagBag from /home/airflow/.local/lib/python3.7/site-packages/airflow/example_dags/example_trigger_target_dag.py
[2022-12-17T04:38:00.779+0000] {processor.py:753} INFO - DAG(s) dict_keys(['example_trigger_target_dag']) retrieved from /home/airflow/.local/lib/python3.7/site-packages/airflow/example_dags/example_trigger_target_dag.py
[2022-12-17T04:38:00.809+0000] {logging_mixin.py:137} INFO - [2022-12-17T04:38:00.808+0000] {dag.py:2676} INFO - Sync 1 DAGs
[2022-12-17T04:38:00.828+0000] {logging_mixin.py:137} INFO - [2022-12-17T04:38:00.827+0000] {dag.py:3427} INFO - Setting next_dagrun for example_trigger_target_dag to None, run_after=None
[2022-12-17T04:38:00.842+0000] {processor.py:175} INFO - Processing /home/airflow/.local/lib/python3.7/site-packages/airflow/example_dags/example_trigger_target_dag.py took 0.082 seconds
[2022-12-17T04:38:31.129+0000] {processor.py:153} INFO - Started process (PID=3519) to work on /home/airflow/.local/lib/python3.7/site-packages/airflow/example_dags/example_trigger_target_dag.py
[2022-12-17T04:38:31.130+0000] {processor.py:743} INFO - Processing file /home/airflow/.local/lib/python3.7/site-packages/airflow/example_dags/example_trigger_target_dag.py for tasks to queue
[2022-12-17T04:38:31.130+0000] {logging_mixin.py:137} INFO - [2022-12-17T04:38:31.130+0000] {dagbag.py:538} INFO - Filling up the DagBag from /home/airflow/.local/lib/python3.7/site-packages/airflow/example_dags/example_trigger_target_dag.py
[2022-12-17T04:38:31.145+0000] {processor.py:753} INFO - DAG(s) dict_keys(['example_trigger_target_dag']) retrieved from /home/airflow/.local/lib/python3.7/site-packages/airflow/example_dags/example_trigger_target_dag.py
[2022-12-17T04:38:31.172+0000] {logging_mixin.py:137} INFO - [2022-12-17T04:38:31.172+0000] {dag.py:2676} INFO - Sync 1 DAGs
[2022-12-17T04:38:31.190+0000] {logging_mixin.py:137} INFO - [2022-12-17T04:38:31.190+0000] {dag.py:3427} INFO - Setting next_dagrun for example_trigger_target_dag to None, run_after=None
[2022-12-17T04:38:31.207+0000] {processor.py:175} INFO - Processing /home/airflow/.local/lib/python3.7/site-packages/airflow/example_dags/example_trigger_target_dag.py took 0.081 seconds
[2022-12-17T04:39:01.478+0000] {processor.py:153} INFO - Started process (PID=3618) to work on /home/airflow/.local/lib/python3.7/site-packages/airflow/example_dags/example_trigger_target_dag.py
[2022-12-17T04:39:01.479+0000] {processor.py:743} INFO - Processing file /home/airflow/.local/lib/python3.7/site-packages/airflow/example_dags/example_trigger_target_dag.py for tasks to queue
[2022-12-17T04:39:01.479+0000] {logging_mixin.py:137} INFO - [2022-12-17T04:39:01.479+0000] {dagbag.py:538} INFO - Filling up the DagBag from /home/airflow/.local/lib/python3.7/site-packages/airflow/example_dags/example_trigger_target_dag.py
[2022-12-17T04:39:01.516+0000] {processor.py:753} INFO - DAG(s) dict_keys(['example_trigger_target_dag']) retrieved from /home/airflow/.local/lib/python3.7/site-packages/airflow/example_dags/example_trigger_target_dag.py
[2022-12-17T04:39:01.546+0000] {logging_mixin.py:137} INFO - [2022-12-17T04:39:01.546+0000] {dag.py:2676} INFO - Sync 1 DAGs
[2022-12-17T04:39:01.567+0000] {logging_mixin.py:137} INFO - [2022-12-17T04:39:01.567+0000] {dag.py:3427} INFO - Setting next_dagrun for example_trigger_target_dag to None, run_after=None
[2022-12-17T04:39:01.580+0000] {processor.py:175} INFO - Processing /home/airflow/.local/lib/python3.7/site-packages/airflow/example_dags/example_trigger_target_dag.py took 0.105 seconds
[2022-12-17T04:39:31.885+0000] {processor.py:153} INFO - Started process (PID=3697) to work on /home/airflow/.local/lib/python3.7/site-packages/airflow/example_dags/example_trigger_target_dag.py
[2022-12-17T04:39:31.885+0000] {processor.py:743} INFO - Processing file /home/airflow/.local/lib/python3.7/site-packages/airflow/example_dags/example_trigger_target_dag.py for tasks to queue
[2022-12-17T04:39:31.886+0000] {logging_mixin.py:137} INFO - [2022-12-17T04:39:31.885+0000] {dagbag.py:538} INFO - Filling up the DagBag from /home/airflow/.local/lib/python3.7/site-packages/airflow/example_dags/example_trigger_target_dag.py
[2022-12-17T04:39:31.905+0000] {processor.py:753} INFO - DAG(s) dict_keys(['example_trigger_target_dag']) retrieved from /home/airflow/.local/lib/python3.7/site-packages/airflow/example_dags/example_trigger_target_dag.py
[2022-12-17T04:39:31.937+0000] {logging_mixin.py:137} INFO - [2022-12-17T04:39:31.937+0000] {dag.py:2676} INFO - Sync 1 DAGs
[2022-12-17T04:39:31.956+0000] {logging_mixin.py:137} INFO - [2022-12-17T04:39:31.956+0000] {dag.py:3427} INFO - Setting next_dagrun for example_trigger_target_dag to None, run_after=None
[2022-12-17T04:39:31.969+0000] {processor.py:175} INFO - Processing /home/airflow/.local/lib/python3.7/site-packages/airflow/example_dags/example_trigger_target_dag.py took 0.087 seconds
[2022-12-17T04:40:02.404+0000] {processor.py:153} INFO - Started process (PID=3796) to work on /home/airflow/.local/lib/python3.7/site-packages/airflow/example_dags/example_trigger_target_dag.py
[2022-12-17T04:40:02.404+0000] {processor.py:743} INFO - Processing file /home/airflow/.local/lib/python3.7/site-packages/airflow/example_dags/example_trigger_target_dag.py for tasks to queue
[2022-12-17T04:40:02.405+0000] {logging_mixin.py:137} INFO - [2022-12-17T04:40:02.405+0000] {dagbag.py:538} INFO - Filling up the DagBag from /home/airflow/.local/lib/python3.7/site-packages/airflow/example_dags/example_trigger_target_dag.py
[2022-12-17T04:40:02.420+0000] {processor.py:753} INFO - DAG(s) dict_keys(['example_trigger_target_dag']) retrieved from /home/airflow/.local/lib/python3.7/site-packages/airflow/example_dags/example_trigger_target_dag.py
[2022-12-17T04:40:02.451+0000] {logging_mixin.py:137} INFO - [2022-12-17T04:40:02.451+0000] {dag.py:2676} INFO - Sync 1 DAGs
[2022-12-17T04:40:02.469+0000] {logging_mixin.py:137} INFO - [2022-12-17T04:40:02.469+0000] {dag.py:3427} INFO - Setting next_dagrun for example_trigger_target_dag to None, run_after=None
[2022-12-17T04:40:02.481+0000] {processor.py:175} INFO - Processing /home/airflow/.local/lib/python3.7/site-packages/airflow/example_dags/example_trigger_target_dag.py took 0.079 seconds
[2022-12-17T04:40:32.661+0000] {processor.py:153} INFO - Started process (PID=3876) to work on /home/airflow/.local/lib/python3.7/site-packages/airflow/example_dags/example_trigger_target_dag.py
[2022-12-17T04:40:32.662+0000] {processor.py:743} INFO - Processing file /home/airflow/.local/lib/python3.7/site-packages/airflow/example_dags/example_trigger_target_dag.py for tasks to queue
[2022-12-17T04:40:32.662+0000] {logging_mixin.py:137} INFO - [2022-12-17T04:40:32.662+0000] {dagbag.py:538} INFO - Filling up the DagBag from /home/airflow/.local/lib/python3.7/site-packages/airflow/example_dags/example_trigger_target_dag.py
[2022-12-17T04:40:32.678+0000] {processor.py:753} INFO - DAG(s) dict_keys(['example_trigger_target_dag']) retrieved from /home/airflow/.local/lib/python3.7/site-packages/airflow/example_dags/example_trigger_target_dag.py
[2022-12-17T04:40:32.708+0000] {logging_mixin.py:137} INFO - [2022-12-17T04:40:32.708+0000] {dag.py:2676} INFO - Sync 1 DAGs
[2022-12-17T04:40:32.731+0000] {logging_mixin.py:137} INFO - [2022-12-17T04:40:32.731+0000] {dag.py:3427} INFO - Setting next_dagrun for example_trigger_target_dag to None, run_after=None
[2022-12-17T04:40:32.745+0000] {processor.py:175} INFO - Processing /home/airflow/.local/lib/python3.7/site-packages/airflow/example_dags/example_trigger_target_dag.py took 0.087 seconds
[2022-12-17T04:41:02.942+0000] {processor.py:153} INFO - Started process (PID=3975) to work on /home/airflow/.local/lib/python3.7/site-packages/airflow/example_dags/example_trigger_target_dag.py
[2022-12-17T04:41:02.943+0000] {processor.py:743} INFO - Processing file /home/airflow/.local/lib/python3.7/site-packages/airflow/example_dags/example_trigger_target_dag.py for tasks to queue
[2022-12-17T04:41:02.944+0000] {logging_mixin.py:137} INFO - [2022-12-17T04:41:02.944+0000] {dagbag.py:538} INFO - Filling up the DagBag from /home/airflow/.local/lib/python3.7/site-packages/airflow/example_dags/example_trigger_target_dag.py
[2022-12-17T04:41:02.959+0000] {processor.py:753} INFO - DAG(s) dict_keys(['example_trigger_target_dag']) retrieved from /home/airflow/.local/lib/python3.7/site-packages/airflow/example_dags/example_trigger_target_dag.py
[2022-12-17T04:41:02.986+0000] {logging_mixin.py:137} INFO - [2022-12-17T04:41:02.986+0000] {dag.py:2676} INFO - Sync 1 DAGs
[2022-12-17T04:41:03.006+0000] {logging_mixin.py:137} INFO - [2022-12-17T04:41:03.005+0000] {dag.py:3427} INFO - Setting next_dagrun for example_trigger_target_dag to None, run_after=None
[2022-12-17T04:41:03.019+0000] {processor.py:175} INFO - Processing /home/airflow/.local/lib/python3.7/site-packages/airflow/example_dags/example_trigger_target_dag.py took 0.080 seconds
[2022-12-17T04:41:33.265+0000] {processor.py:153} INFO - Started process (PID=4054) to work on /home/airflow/.local/lib/python3.7/site-packages/airflow/example_dags/example_trigger_target_dag.py
[2022-12-17T04:41:33.266+0000] {processor.py:743} INFO - Processing file /home/airflow/.local/lib/python3.7/site-packages/airflow/example_dags/example_trigger_target_dag.py for tasks to queue
[2022-12-17T04:41:33.267+0000] {logging_mixin.py:137} INFO - [2022-12-17T04:41:33.266+0000] {dagbag.py:538} INFO - Filling up the DagBag from /home/airflow/.local/lib/python3.7/site-packages/airflow/example_dags/example_trigger_target_dag.py
[2022-12-17T04:41:33.282+0000] {processor.py:753} INFO - DAG(s) dict_keys(['example_trigger_target_dag']) retrieved from /home/airflow/.local/lib/python3.7/site-packages/airflow/example_dags/example_trigger_target_dag.py
[2022-12-17T04:41:33.314+0000] {logging_mixin.py:137} INFO - [2022-12-17T04:41:33.314+0000] {dag.py:2676} INFO - Sync 1 DAGs
[2022-12-17T04:41:33.336+0000] {logging_mixin.py:137} INFO - [2022-12-17T04:41:33.336+0000] {dag.py:3427} INFO - Setting next_dagrun for example_trigger_target_dag to None, run_after=None
[2022-12-17T04:41:33.351+0000] {processor.py:175} INFO - Processing /home/airflow/.local/lib/python3.7/site-packages/airflow/example_dags/example_trigger_target_dag.py took 0.088 seconds
[2022-12-17T04:42:03.605+0000] {processor.py:153} INFO - Started process (PID=4154) to work on /home/airflow/.local/lib/python3.7/site-packages/airflow/example_dags/example_trigger_target_dag.py
[2022-12-17T04:42:03.606+0000] {processor.py:743} INFO - Processing file /home/airflow/.local/lib/python3.7/site-packages/airflow/example_dags/example_trigger_target_dag.py for tasks to queue
[2022-12-17T04:42:03.606+0000] {logging_mixin.py:137} INFO - [2022-12-17T04:42:03.606+0000] {dagbag.py:538} INFO - Filling up the DagBag from /home/airflow/.local/lib/python3.7/site-packages/airflow/example_dags/example_trigger_target_dag.py
[2022-12-17T04:42:03.621+0000] {processor.py:753} INFO - DAG(s) dict_keys(['example_trigger_target_dag']) retrieved from /home/airflow/.local/lib/python3.7/site-packages/airflow/example_dags/example_trigger_target_dag.py
[2022-12-17T04:42:03.651+0000] {logging_mixin.py:137} INFO - [2022-12-17T04:42:03.651+0000] {dag.py:2676} INFO - Sync 1 DAGs
[2022-12-17T04:42:03.669+0000] {logging_mixin.py:137} INFO - [2022-12-17T04:42:03.669+0000] {dag.py:3427} INFO - Setting next_dagrun for example_trigger_target_dag to None, run_after=None
[2022-12-17T04:42:03.681+0000] {processor.py:175} INFO - Processing /home/airflow/.local/lib/python3.7/site-packages/airflow/example_dags/example_trigger_target_dag.py took 0.079 seconds
[2022-12-17T04:42:33.902+0000] {processor.py:153} INFO - Started process (PID=4240) to work on /home/airflow/.local/lib/python3.7/site-packages/airflow/example_dags/example_trigger_target_dag.py
[2022-12-17T04:42:33.903+0000] {processor.py:743} INFO - Processing file /home/airflow/.local/lib/python3.7/site-packages/airflow/example_dags/example_trigger_target_dag.py for tasks to queue
[2022-12-17T04:42:33.903+0000] {logging_mixin.py:137} INFO - [2022-12-17T04:42:33.903+0000] {dagbag.py:538} INFO - Filling up the DagBag from /home/airflow/.local/lib/python3.7/site-packages/airflow/example_dags/example_trigger_target_dag.py
[2022-12-17T04:42:33.919+0000] {processor.py:753} INFO - DAG(s) dict_keys(['example_trigger_target_dag']) retrieved from /home/airflow/.local/lib/python3.7/site-packages/airflow/example_dags/example_trigger_target_dag.py
[2022-12-17T04:42:33.949+0000] {logging_mixin.py:137} INFO - [2022-12-17T04:42:33.948+0000] {dag.py:2676} INFO - Sync 1 DAGs
[2022-12-17T04:42:33.969+0000] {logging_mixin.py:137} INFO - [2022-12-17T04:42:33.968+0000] {dag.py:3427} INFO - Setting next_dagrun for example_trigger_target_dag to None, run_after=None
[2022-12-17T04:42:33.986+0000] {processor.py:175} INFO - Processing /home/airflow/.local/lib/python3.7/site-packages/airflow/example_dags/example_trigger_target_dag.py took 0.086 seconds
[2022-12-17T04:43:04.440+0000] {processor.py:153} INFO - Started process (PID=4332) to work on /home/airflow/.local/lib/python3.7/site-packages/airflow/example_dags/example_trigger_target_dag.py
[2022-12-17T04:43:04.441+0000] {processor.py:743} INFO - Processing file /home/airflow/.local/lib/python3.7/site-packages/airflow/example_dags/example_trigger_target_dag.py for tasks to queue
[2022-12-17T04:43:04.441+0000] {logging_mixin.py:137} INFO - [2022-12-17T04:43:04.441+0000] {dagbag.py:538} INFO - Filling up the DagBag from /home/airflow/.local/lib/python3.7/site-packages/airflow/example_dags/example_trigger_target_dag.py
[2022-12-17T04:43:04.458+0000] {processor.py:753} INFO - DAG(s) dict_keys(['example_trigger_target_dag']) retrieved from /home/airflow/.local/lib/python3.7/site-packages/airflow/example_dags/example_trigger_target_dag.py
[2022-12-17T04:43:04.486+0000] {logging_mixin.py:137} INFO - [2022-12-17T04:43:04.486+0000] {dag.py:2676} INFO - Sync 1 DAGs
[2022-12-17T04:43:04.504+0000] {logging_mixin.py:137} INFO - [2022-12-17T04:43:04.504+0000] {dag.py:3427} INFO - Setting next_dagrun for example_trigger_target_dag to None, run_after=None
[2022-12-17T04:43:04.518+0000] {processor.py:175} INFO - Processing /home/airflow/.local/lib/python3.7/site-packages/airflow/example_dags/example_trigger_target_dag.py took 0.081 seconds
[2022-12-17T04:43:34.772+0000] {processor.py:153} INFO - Started process (PID=4431) to work on /home/airflow/.local/lib/python3.7/site-packages/airflow/example_dags/example_trigger_target_dag.py
[2022-12-17T04:43:34.772+0000] {processor.py:743} INFO - Processing file /home/airflow/.local/lib/python3.7/site-packages/airflow/example_dags/example_trigger_target_dag.py for tasks to queue
[2022-12-17T04:43:34.773+0000] {logging_mixin.py:137} INFO - [2022-12-17T04:43:34.773+0000] {dagbag.py:538} INFO - Filling up the DagBag from /home/airflow/.local/lib/python3.7/site-packages/airflow/example_dags/example_trigger_target_dag.py
[2022-12-17T04:43:34.790+0000] {processor.py:753} INFO - DAG(s) dict_keys(['example_trigger_target_dag']) retrieved from /home/airflow/.local/lib/python3.7/site-packages/airflow/example_dags/example_trigger_target_dag.py
[2022-12-17T04:43:34.826+0000] {logging_mixin.py:137} INFO - [2022-12-17T04:43:34.826+0000] {dag.py:2676} INFO - Sync 1 DAGs
[2022-12-17T04:43:34.852+0000] {logging_mixin.py:137} INFO - [2022-12-17T04:43:34.852+0000] {dag.py:3427} INFO - Setting next_dagrun for example_trigger_target_dag to None, run_after=None
[2022-12-17T04:43:34.867+0000] {processor.py:175} INFO - Processing /home/airflow/.local/lib/python3.7/site-packages/airflow/example_dags/example_trigger_target_dag.py took 0.099 seconds
[2022-12-17T04:44:04.917+0000] {processor.py:153} INFO - Started process (PID=4511) to work on /home/airflow/.local/lib/python3.7/site-packages/airflow/example_dags/example_trigger_target_dag.py
[2022-12-17T04:44:04.918+0000] {processor.py:743} INFO - Processing file /home/airflow/.local/lib/python3.7/site-packages/airflow/example_dags/example_trigger_target_dag.py for tasks to queue
[2022-12-17T04:44:04.918+0000] {logging_mixin.py:137} INFO - [2022-12-17T04:44:04.918+0000] {dagbag.py:538} INFO - Filling up the DagBag from /home/airflow/.local/lib/python3.7/site-packages/airflow/example_dags/example_trigger_target_dag.py
[2022-12-17T04:44:04.934+0000] {processor.py:753} INFO - DAG(s) dict_keys(['example_trigger_target_dag']) retrieved from /home/airflow/.local/lib/python3.7/site-packages/airflow/example_dags/example_trigger_target_dag.py
[2022-12-17T04:44:04.961+0000] {logging_mixin.py:137} INFO - [2022-12-17T04:44:04.961+0000] {dag.py:2676} INFO - Sync 1 DAGs
[2022-12-17T04:44:04.980+0000] {logging_mixin.py:137} INFO - [2022-12-17T04:44:04.979+0000] {dag.py:3427} INFO - Setting next_dagrun for example_trigger_target_dag to None, run_after=None
[2022-12-17T04:44:04.993+0000] {processor.py:175} INFO - Processing /home/airflow/.local/lib/python3.7/site-packages/airflow/example_dags/example_trigger_target_dag.py took 0.078 seconds
[2022-12-17T04:44:35.251+0000] {processor.py:153} INFO - Started process (PID=4610) to work on /home/airflow/.local/lib/python3.7/site-packages/airflow/example_dags/example_trigger_target_dag.py
[2022-12-17T04:44:35.251+0000] {processor.py:743} INFO - Processing file /home/airflow/.local/lib/python3.7/site-packages/airflow/example_dags/example_trigger_target_dag.py for tasks to queue
[2022-12-17T04:44:35.252+0000] {logging_mixin.py:137} INFO - [2022-12-17T04:44:35.252+0000] {dagbag.py:538} INFO - Filling up the DagBag from /home/airflow/.local/lib/python3.7/site-packages/airflow/example_dags/example_trigger_target_dag.py
[2022-12-17T04:44:35.268+0000] {processor.py:753} INFO - DAG(s) dict_keys(['example_trigger_target_dag']) retrieved from /home/airflow/.local/lib/python3.7/site-packages/airflow/example_dags/example_trigger_target_dag.py
[2022-12-17T04:44:35.294+0000] {logging_mixin.py:137} INFO - [2022-12-17T04:44:35.294+0000] {dag.py:2676} INFO - Sync 1 DAGs
[2022-12-17T04:44:35.315+0000] {logging_mixin.py:137} INFO - [2022-12-17T04:44:35.315+0000] {dag.py:3427} INFO - Setting next_dagrun for example_trigger_target_dag to None, run_after=None
[2022-12-17T04:44:35.327+0000] {processor.py:175} INFO - Processing /home/airflow/.local/lib/python3.7/site-packages/airflow/example_dags/example_trigger_target_dag.py took 0.077 seconds
[2022-12-17T04:45:05.613+0000] {processor.py:153} INFO - Started process (PID=4689) to work on /home/airflow/.local/lib/python3.7/site-packages/airflow/example_dags/example_trigger_target_dag.py
[2022-12-17T04:45:05.614+0000] {processor.py:743} INFO - Processing file /home/airflow/.local/lib/python3.7/site-packages/airflow/example_dags/example_trigger_target_dag.py for tasks to queue
[2022-12-17T04:45:05.615+0000] {logging_mixin.py:137} INFO - [2022-12-17T04:45:05.615+0000] {dagbag.py:538} INFO - Filling up the DagBag from /home/airflow/.local/lib/python3.7/site-packages/airflow/example_dags/example_trigger_target_dag.py
[2022-12-17T04:45:05.631+0000] {processor.py:753} INFO - DAG(s) dict_keys(['example_trigger_target_dag']) retrieved from /home/airflow/.local/lib/python3.7/site-packages/airflow/example_dags/example_trigger_target_dag.py
[2022-12-17T04:45:05.659+0000] {logging_mixin.py:137} INFO - [2022-12-17T04:45:05.659+0000] {dag.py:2676} INFO - Sync 1 DAGs
[2022-12-17T04:45:05.681+0000] {logging_mixin.py:137} INFO - [2022-12-17T04:45:05.681+0000] {dag.py:3427} INFO - Setting next_dagrun for example_trigger_target_dag to None, run_after=None
[2022-12-17T04:45:05.693+0000] {processor.py:175} INFO - Processing /home/airflow/.local/lib/python3.7/site-packages/airflow/example_dags/example_trigger_target_dag.py took 0.083 seconds
