[2022-12-17T04:19:17.081+0000] {processor.py:153} INFO - Started process (PID=83) to work on /home/airflow/.local/lib/python3.7/site-packages/airflow/example_dags/example_sensors.py
[2022-12-17T04:19:17.082+0000] {processor.py:743} INFO - Processing file /home/airflow/.local/lib/python3.7/site-packages/airflow/example_dags/example_sensors.py for tasks to queue
[2022-12-17T04:19:17.082+0000] {logging_mixin.py:137} INFO - [2022-12-17T04:19:17.082+0000] {dagbag.py:538} INFO - Filling up the DagBag from /home/airflow/.local/lib/python3.7/site-packages/airflow/example_dags/example_sensors.py
[2022-12-17T04:19:17.106+0000] {processor.py:753} INFO - DAG(s) dict_keys(['example_sensors']) retrieved from /home/airflow/.local/lib/python3.7/site-packages/airflow/example_dags/example_sensors.py
[2022-12-17T04:19:17.218+0000] {logging_mixin.py:137} INFO - [2022-12-17T04:19:17.218+0000] {manager.py:504} INFO - Created Permission View: can read on DAG:example_sensors
[2022-12-17T04:19:17.224+0000] {logging_mixin.py:137} INFO - [2022-12-17T04:19:17.224+0000] {manager.py:504} INFO - Created Permission View: can delete on DAG:example_sensors
[2022-12-17T04:19:17.229+0000] {logging_mixin.py:137} INFO - [2022-12-17T04:19:17.229+0000] {manager.py:504} INFO - Created Permission View: can edit on DAG:example_sensors
[2022-12-17T04:19:17.229+0000] {logging_mixin.py:137} INFO - [2022-12-17T04:19:17.229+0000] {dag.py:2676} INFO - Sync 1 DAGs
[2022-12-17T04:19:17.240+0000] {logging_mixin.py:137} INFO - [2022-12-17T04:19:17.240+0000] {dag.py:2697} INFO - Creating ORM DAG for example_sensors
[2022-12-17T04:19:17.249+0000] {logging_mixin.py:137} INFO - [2022-12-17T04:19:17.249+0000] {dag.py:3427} INFO - Setting next_dagrun for example_sensors to None, run_after=None
[2022-12-17T04:19:17.262+0000] {processor.py:175} INFO - Processing /home/airflow/.local/lib/python3.7/site-packages/airflow/example_dags/example_sensors.py took 0.183 seconds
[2022-12-17T04:19:47.615+0000] {processor.py:153} INFO - Started process (PID=173) to work on /home/airflow/.local/lib/python3.7/site-packages/airflow/example_dags/example_sensors.py
[2022-12-17T04:19:47.616+0000] {processor.py:743} INFO - Processing file /home/airflow/.local/lib/python3.7/site-packages/airflow/example_dags/example_sensors.py for tasks to queue
[2022-12-17T04:19:47.616+0000] {logging_mixin.py:137} INFO - [2022-12-17T04:19:47.616+0000] {dagbag.py:538} INFO - Filling up the DagBag from /home/airflow/.local/lib/python3.7/site-packages/airflow/example_dags/example_sensors.py
[2022-12-17T04:19:47.633+0000] {processor.py:753} INFO - DAG(s) dict_keys(['example_sensors']) retrieved from /home/airflow/.local/lib/python3.7/site-packages/airflow/example_dags/example_sensors.py
[2022-12-17T04:19:47.664+0000] {logging_mixin.py:137} INFO - [2022-12-17T04:19:47.663+0000] {dag.py:2676} INFO - Sync 1 DAGs
[2022-12-17T04:19:47.684+0000] {logging_mixin.py:137} INFO - [2022-12-17T04:19:47.684+0000] {dag.py:3427} INFO - Setting next_dagrun for example_sensors to None, run_after=None
[2022-12-17T04:19:47.696+0000] {processor.py:175} INFO - Processing /home/airflow/.local/lib/python3.7/site-packages/airflow/example_dags/example_sensors.py took 0.083 seconds
[2022-12-17T04:20:17.832+0000] {processor.py:153} INFO - Started process (PID=272) to work on /home/airflow/.local/lib/python3.7/site-packages/airflow/example_dags/example_sensors.py
[2022-12-17T04:20:17.833+0000] {processor.py:743} INFO - Processing file /home/airflow/.local/lib/python3.7/site-packages/airflow/example_dags/example_sensors.py for tasks to queue
[2022-12-17T04:20:17.833+0000] {logging_mixin.py:137} INFO - [2022-12-17T04:20:17.833+0000] {dagbag.py:538} INFO - Filling up the DagBag from /home/airflow/.local/lib/python3.7/site-packages/airflow/example_dags/example_sensors.py
[2022-12-17T04:20:17.849+0000] {processor.py:753} INFO - DAG(s) dict_keys(['example_sensors']) retrieved from /home/airflow/.local/lib/python3.7/site-packages/airflow/example_dags/example_sensors.py
[2022-12-17T04:20:17.878+0000] {logging_mixin.py:137} INFO - [2022-12-17T04:20:17.878+0000] {dag.py:2676} INFO - Sync 1 DAGs
[2022-12-17T04:20:17.897+0000] {logging_mixin.py:137} INFO - [2022-12-17T04:20:17.896+0000] {dag.py:3427} INFO - Setting next_dagrun for example_sensors to None, run_after=None
[2022-12-17T04:20:17.910+0000] {processor.py:175} INFO - Processing /home/airflow/.local/lib/python3.7/site-packages/airflow/example_dags/example_sensors.py took 0.081 seconds
[2022-12-17T04:20:48.132+0000] {processor.py:153} INFO - Started process (PID=351) to work on /home/airflow/.local/lib/python3.7/site-packages/airflow/example_dags/example_sensors.py
[2022-12-17T04:20:48.133+0000] {processor.py:743} INFO - Processing file /home/airflow/.local/lib/python3.7/site-packages/airflow/example_dags/example_sensors.py for tasks to queue
[2022-12-17T04:20:48.133+0000] {logging_mixin.py:137} INFO - [2022-12-17T04:20:48.133+0000] {dagbag.py:538} INFO - Filling up the DagBag from /home/airflow/.local/lib/python3.7/site-packages/airflow/example_dags/example_sensors.py
[2022-12-17T04:20:48.149+0000] {processor.py:753} INFO - DAG(s) dict_keys(['example_sensors']) retrieved from /home/airflow/.local/lib/python3.7/site-packages/airflow/example_dags/example_sensors.py
[2022-12-17T04:20:48.187+0000] {logging_mixin.py:137} INFO - [2022-12-17T04:20:48.187+0000] {dag.py:2676} INFO - Sync 1 DAGs
[2022-12-17T04:20:48.214+0000] {logging_mixin.py:137} INFO - [2022-12-17T04:20:48.214+0000] {dag.py:3427} INFO - Setting next_dagrun for example_sensors to None, run_after=None
[2022-12-17T04:20:48.232+0000] {processor.py:175} INFO - Processing /home/airflow/.local/lib/python3.7/site-packages/airflow/example_dags/example_sensors.py took 0.102 seconds
[2022-12-17T04:21:18.786+0000] {processor.py:153} INFO - Started process (PID=451) to work on /home/airflow/.local/lib/python3.7/site-packages/airflow/example_dags/example_sensors.py
[2022-12-17T04:21:18.787+0000] {processor.py:743} INFO - Processing file /home/airflow/.local/lib/python3.7/site-packages/airflow/example_dags/example_sensors.py for tasks to queue
[2022-12-17T04:21:18.787+0000] {logging_mixin.py:137} INFO - [2022-12-17T04:21:18.787+0000] {dagbag.py:538} INFO - Filling up the DagBag from /home/airflow/.local/lib/python3.7/site-packages/airflow/example_dags/example_sensors.py
[2022-12-17T04:21:18.801+0000] {processor.py:753} INFO - DAG(s) dict_keys(['example_sensors']) retrieved from /home/airflow/.local/lib/python3.7/site-packages/airflow/example_dags/example_sensors.py
[2022-12-17T04:21:18.835+0000] {logging_mixin.py:137} INFO - [2022-12-17T04:21:18.835+0000] {dag.py:2676} INFO - Sync 1 DAGs
[2022-12-17T04:21:18.854+0000] {logging_mixin.py:137} INFO - [2022-12-17T04:21:18.854+0000] {dag.py:3427} INFO - Setting next_dagrun for example_sensors to None, run_after=None
[2022-12-17T04:21:18.867+0000] {processor.py:175} INFO - Processing /home/airflow/.local/lib/python3.7/site-packages/airflow/example_dags/example_sensors.py took 0.083 seconds
[2022-12-17T04:21:49.261+0000] {processor.py:153} INFO - Started process (PID=530) to work on /home/airflow/.local/lib/python3.7/site-packages/airflow/example_dags/example_sensors.py
[2022-12-17T04:21:49.262+0000] {processor.py:743} INFO - Processing file /home/airflow/.local/lib/python3.7/site-packages/airflow/example_dags/example_sensors.py for tasks to queue
[2022-12-17T04:21:49.262+0000] {logging_mixin.py:137} INFO - [2022-12-17T04:21:49.262+0000] {dagbag.py:538} INFO - Filling up the DagBag from /home/airflow/.local/lib/python3.7/site-packages/airflow/example_dags/example_sensors.py
[2022-12-17T04:21:49.276+0000] {processor.py:753} INFO - DAG(s) dict_keys(['example_sensors']) retrieved from /home/airflow/.local/lib/python3.7/site-packages/airflow/example_dags/example_sensors.py
[2022-12-17T04:21:49.306+0000] {logging_mixin.py:137} INFO - [2022-12-17T04:21:49.306+0000] {dag.py:2676} INFO - Sync 1 DAGs
[2022-12-17T04:21:49.329+0000] {logging_mixin.py:137} INFO - [2022-12-17T04:21:49.329+0000] {dag.py:3427} INFO - Setting next_dagrun for example_sensors to None, run_after=None
[2022-12-17T04:21:49.342+0000] {processor.py:175} INFO - Processing /home/airflow/.local/lib/python3.7/site-packages/airflow/example_dags/example_sensors.py took 0.084 seconds
[2022-12-17T04:22:19.537+0000] {processor.py:153} INFO - Started process (PID=629) to work on /home/airflow/.local/lib/python3.7/site-packages/airflow/example_dags/example_sensors.py
[2022-12-17T04:22:19.538+0000] {processor.py:743} INFO - Processing file /home/airflow/.local/lib/python3.7/site-packages/airflow/example_dags/example_sensors.py for tasks to queue
[2022-12-17T04:22:19.538+0000] {logging_mixin.py:137} INFO - [2022-12-17T04:22:19.538+0000] {dagbag.py:538} INFO - Filling up the DagBag from /home/airflow/.local/lib/python3.7/site-packages/airflow/example_dags/example_sensors.py
[2022-12-17T04:22:19.551+0000] {processor.py:753} INFO - DAG(s) dict_keys(['example_sensors']) retrieved from /home/airflow/.local/lib/python3.7/site-packages/airflow/example_dags/example_sensors.py
[2022-12-17T04:22:19.582+0000] {logging_mixin.py:137} INFO - [2022-12-17T04:22:19.582+0000] {dag.py:2676} INFO - Sync 1 DAGs
[2022-12-17T04:22:19.607+0000] {logging_mixin.py:137} INFO - [2022-12-17T04:22:19.607+0000] {dag.py:3427} INFO - Setting next_dagrun for example_sensors to None, run_after=None
[2022-12-17T04:22:19.623+0000] {processor.py:175} INFO - Processing /home/airflow/.local/lib/python3.7/site-packages/airflow/example_dags/example_sensors.py took 0.089 seconds
[2022-12-17T04:22:49.856+0000] {processor.py:153} INFO - Started process (PID=708) to work on /home/airflow/.local/lib/python3.7/site-packages/airflow/example_dags/example_sensors.py
[2022-12-17T04:22:49.857+0000] {processor.py:743} INFO - Processing file /home/airflow/.local/lib/python3.7/site-packages/airflow/example_dags/example_sensors.py for tasks to queue
[2022-12-17T04:22:49.857+0000] {logging_mixin.py:137} INFO - [2022-12-17T04:22:49.857+0000] {dagbag.py:538} INFO - Filling up the DagBag from /home/airflow/.local/lib/python3.7/site-packages/airflow/example_dags/example_sensors.py
[2022-12-17T04:22:49.871+0000] {processor.py:753} INFO - DAG(s) dict_keys(['example_sensors']) retrieved from /home/airflow/.local/lib/python3.7/site-packages/airflow/example_dags/example_sensors.py
[2022-12-17T04:22:49.908+0000] {logging_mixin.py:137} INFO - [2022-12-17T04:22:49.908+0000] {dag.py:2676} INFO - Sync 1 DAGs
[2022-12-17T04:22:49.926+0000] {logging_mixin.py:137} INFO - [2022-12-17T04:22:49.926+0000] {dag.py:3427} INFO - Setting next_dagrun for example_sensors to None, run_after=None
[2022-12-17T04:22:49.940+0000] {processor.py:175} INFO - Processing /home/airflow/.local/lib/python3.7/site-packages/airflow/example_dags/example_sensors.py took 0.087 seconds
[2022-12-17T04:23:20.127+0000] {processor.py:153} INFO - Started process (PID=806) to work on /home/airflow/.local/lib/python3.7/site-packages/airflow/example_dags/example_sensors.py
[2022-12-17T04:23:20.128+0000] {processor.py:743} INFO - Processing file /home/airflow/.local/lib/python3.7/site-packages/airflow/example_dags/example_sensors.py for tasks to queue
[2022-12-17T04:23:20.128+0000] {logging_mixin.py:137} INFO - [2022-12-17T04:23:20.128+0000] {dagbag.py:538} INFO - Filling up the DagBag from /home/airflow/.local/lib/python3.7/site-packages/airflow/example_dags/example_sensors.py
[2022-12-17T04:23:20.141+0000] {processor.py:753} INFO - DAG(s) dict_keys(['example_sensors']) retrieved from /home/airflow/.local/lib/python3.7/site-packages/airflow/example_dags/example_sensors.py
[2022-12-17T04:23:20.169+0000] {logging_mixin.py:137} INFO - [2022-12-17T04:23:20.169+0000] {dag.py:2676} INFO - Sync 1 DAGs
[2022-12-17T04:23:20.190+0000] {logging_mixin.py:137} INFO - [2022-12-17T04:23:20.189+0000] {dag.py:3427} INFO - Setting next_dagrun for example_sensors to None, run_after=None
[2022-12-17T04:23:20.202+0000] {processor.py:175} INFO - Processing /home/airflow/.local/lib/python3.7/site-packages/airflow/example_dags/example_sensors.py took 0.076 seconds
[2022-12-17T04:23:50.392+0000] {processor.py:153} INFO - Started process (PID=885) to work on /home/airflow/.local/lib/python3.7/site-packages/airflow/example_dags/example_sensors.py
[2022-12-17T04:23:50.393+0000] {processor.py:743} INFO - Processing file /home/airflow/.local/lib/python3.7/site-packages/airflow/example_dags/example_sensors.py for tasks to queue
[2022-12-17T04:23:50.394+0000] {logging_mixin.py:137} INFO - [2022-12-17T04:23:50.394+0000] {dagbag.py:538} INFO - Filling up the DagBag from /home/airflow/.local/lib/python3.7/site-packages/airflow/example_dags/example_sensors.py
[2022-12-17T04:23:50.407+0000] {processor.py:753} INFO - DAG(s) dict_keys(['example_sensors']) retrieved from /home/airflow/.local/lib/python3.7/site-packages/airflow/example_dags/example_sensors.py
[2022-12-17T04:23:50.438+0000] {logging_mixin.py:137} INFO - [2022-12-17T04:23:50.437+0000] {dag.py:2676} INFO - Sync 1 DAGs
[2022-12-17T04:23:50.456+0000] {logging_mixin.py:137} INFO - [2022-12-17T04:23:50.456+0000] {dag.py:3427} INFO - Setting next_dagrun for example_sensors to None, run_after=None
[2022-12-17T04:23:50.472+0000] {processor.py:175} INFO - Processing /home/airflow/.local/lib/python3.7/site-packages/airflow/example_dags/example_sensors.py took 0.082 seconds
[2022-12-17T04:24:20.800+0000] {processor.py:153} INFO - Started process (PID=985) to work on /home/airflow/.local/lib/python3.7/site-packages/airflow/example_dags/example_sensors.py
[2022-12-17T04:24:20.800+0000] {processor.py:743} INFO - Processing file /home/airflow/.local/lib/python3.7/site-packages/airflow/example_dags/example_sensors.py for tasks to queue
[2022-12-17T04:24:20.801+0000] {logging_mixin.py:137} INFO - [2022-12-17T04:24:20.801+0000] {dagbag.py:538} INFO - Filling up the DagBag from /home/airflow/.local/lib/python3.7/site-packages/airflow/example_dags/example_sensors.py
[2022-12-17T04:24:20.816+0000] {processor.py:753} INFO - DAG(s) dict_keys(['example_sensors']) retrieved from /home/airflow/.local/lib/python3.7/site-packages/airflow/example_dags/example_sensors.py
[2022-12-17T04:24:20.846+0000] {logging_mixin.py:137} INFO - [2022-12-17T04:24:20.846+0000] {dag.py:2676} INFO - Sync 1 DAGs
[2022-12-17T04:24:20.863+0000] {logging_mixin.py:137} INFO - [2022-12-17T04:24:20.863+0000] {dag.py:3427} INFO - Setting next_dagrun for example_sensors to None, run_after=None
[2022-12-17T04:24:20.875+0000] {processor.py:175} INFO - Processing /home/airflow/.local/lib/python3.7/site-packages/airflow/example_dags/example_sensors.py took 0.078 seconds
[2022-12-17T04:24:51.106+0000] {processor.py:153} INFO - Started process (PID=1084) to work on /home/airflow/.local/lib/python3.7/site-packages/airflow/example_dags/example_sensors.py
[2022-12-17T04:24:51.107+0000] {processor.py:743} INFO - Processing file /home/airflow/.local/lib/python3.7/site-packages/airflow/example_dags/example_sensors.py for tasks to queue
[2022-12-17T04:24:51.108+0000] {logging_mixin.py:137} INFO - [2022-12-17T04:24:51.107+0000] {dagbag.py:538} INFO - Filling up the DagBag from /home/airflow/.local/lib/python3.7/site-packages/airflow/example_dags/example_sensors.py
[2022-12-17T04:24:51.121+0000] {processor.py:753} INFO - DAG(s) dict_keys(['example_sensors']) retrieved from /home/airflow/.local/lib/python3.7/site-packages/airflow/example_dags/example_sensors.py
[2022-12-17T04:24:51.148+0000] {logging_mixin.py:137} INFO - [2022-12-17T04:24:51.148+0000] {dag.py:2676} INFO - Sync 1 DAGs
[2022-12-17T04:24:51.168+0000] {logging_mixin.py:137} INFO - [2022-12-17T04:24:51.168+0000] {dag.py:3427} INFO - Setting next_dagrun for example_sensors to None, run_after=None
[2022-12-17T04:24:51.180+0000] {processor.py:175} INFO - Processing /home/airflow/.local/lib/python3.7/site-packages/airflow/example_dags/example_sensors.py took 0.077 seconds
[2022-12-17T04:25:21.313+0000] {processor.py:153} INFO - Started process (PID=1163) to work on /home/airflow/.local/lib/python3.7/site-packages/airflow/example_dags/example_sensors.py
[2022-12-17T04:25:21.314+0000] {processor.py:743} INFO - Processing file /home/airflow/.local/lib/python3.7/site-packages/airflow/example_dags/example_sensors.py for tasks to queue
[2022-12-17T04:25:21.314+0000] {logging_mixin.py:137} INFO - [2022-12-17T04:25:21.314+0000] {dagbag.py:538} INFO - Filling up the DagBag from /home/airflow/.local/lib/python3.7/site-packages/airflow/example_dags/example_sensors.py
[2022-12-17T04:25:21.327+0000] {processor.py:753} INFO - DAG(s) dict_keys(['example_sensors']) retrieved from /home/airflow/.local/lib/python3.7/site-packages/airflow/example_dags/example_sensors.py
[2022-12-17T04:25:21.363+0000] {logging_mixin.py:137} INFO - [2022-12-17T04:25:21.363+0000] {dag.py:2676} INFO - Sync 1 DAGs
[2022-12-17T04:25:21.388+0000] {logging_mixin.py:137} INFO - [2022-12-17T04:25:21.387+0000] {dag.py:3427} INFO - Setting next_dagrun for example_sensors to None, run_after=None
[2022-12-17T04:25:21.403+0000] {processor.py:175} INFO - Processing /home/airflow/.local/lib/python3.7/site-packages/airflow/example_dags/example_sensors.py took 0.093 seconds
[2022-12-17T04:25:51.843+0000] {processor.py:153} INFO - Started process (PID=1262) to work on /home/airflow/.local/lib/python3.7/site-packages/airflow/example_dags/example_sensors.py
[2022-12-17T04:25:51.843+0000] {processor.py:743} INFO - Processing file /home/airflow/.local/lib/python3.7/site-packages/airflow/example_dags/example_sensors.py for tasks to queue
[2022-12-17T04:25:51.844+0000] {logging_mixin.py:137} INFO - [2022-12-17T04:25:51.844+0000] {dagbag.py:538} INFO - Filling up the DagBag from /home/airflow/.local/lib/python3.7/site-packages/airflow/example_dags/example_sensors.py
[2022-12-17T04:25:51.857+0000] {processor.py:753} INFO - DAG(s) dict_keys(['example_sensors']) retrieved from /home/airflow/.local/lib/python3.7/site-packages/airflow/example_dags/example_sensors.py
[2022-12-17T04:25:51.892+0000] {logging_mixin.py:137} INFO - [2022-12-17T04:25:51.892+0000] {dag.py:2676} INFO - Sync 1 DAGs
[2022-12-17T04:25:51.917+0000] {logging_mixin.py:137} INFO - [2022-12-17T04:25:51.917+0000] {dag.py:3427} INFO - Setting next_dagrun for example_sensors to None, run_after=None
[2022-12-17T04:25:51.932+0000] {processor.py:175} INFO - Processing /home/airflow/.local/lib/python3.7/site-packages/airflow/example_dags/example_sensors.py took 0.092 seconds
[2022-12-17T04:26:22.351+0000] {processor.py:153} INFO - Started process (PID=1341) to work on /home/airflow/.local/lib/python3.7/site-packages/airflow/example_dags/example_sensors.py
[2022-12-17T04:26:22.352+0000] {processor.py:743} INFO - Processing file /home/airflow/.local/lib/python3.7/site-packages/airflow/example_dags/example_sensors.py for tasks to queue
[2022-12-17T04:26:22.352+0000] {logging_mixin.py:137} INFO - [2022-12-17T04:26:22.352+0000] {dagbag.py:538} INFO - Filling up the DagBag from /home/airflow/.local/lib/python3.7/site-packages/airflow/example_dags/example_sensors.py
[2022-12-17T04:26:22.370+0000] {processor.py:753} INFO - DAG(s) dict_keys(['example_sensors']) retrieved from /home/airflow/.local/lib/python3.7/site-packages/airflow/example_dags/example_sensors.py
[2022-12-17T04:26:22.405+0000] {logging_mixin.py:137} INFO - [2022-12-17T04:26:22.405+0000] {dag.py:2676} INFO - Sync 1 DAGs
[2022-12-17T04:26:22.424+0000] {logging_mixin.py:137} INFO - [2022-12-17T04:26:22.423+0000] {dag.py:3427} INFO - Setting next_dagrun for example_sensors to None, run_after=None
[2022-12-17T04:26:22.436+0000] {processor.py:175} INFO - Processing /home/airflow/.local/lib/python3.7/site-packages/airflow/example_dags/example_sensors.py took 0.088 seconds
[2022-12-17T04:26:52.527+0000] {processor.py:153} INFO - Started process (PID=1440) to work on /home/airflow/.local/lib/python3.7/site-packages/airflow/example_dags/example_sensors.py
[2022-12-17T04:26:52.528+0000] {processor.py:743} INFO - Processing file /home/airflow/.local/lib/python3.7/site-packages/airflow/example_dags/example_sensors.py for tasks to queue
[2022-12-17T04:26:52.529+0000] {logging_mixin.py:137} INFO - [2022-12-17T04:26:52.529+0000] {dagbag.py:538} INFO - Filling up the DagBag from /home/airflow/.local/lib/python3.7/site-packages/airflow/example_dags/example_sensors.py
[2022-12-17T04:26:52.543+0000] {processor.py:753} INFO - DAG(s) dict_keys(['example_sensors']) retrieved from /home/airflow/.local/lib/python3.7/site-packages/airflow/example_dags/example_sensors.py
[2022-12-17T04:26:52.576+0000] {logging_mixin.py:137} INFO - [2022-12-17T04:26:52.576+0000] {dag.py:2676} INFO - Sync 1 DAGs
[2022-12-17T04:26:52.599+0000] {logging_mixin.py:137} INFO - [2022-12-17T04:26:52.599+0000] {dag.py:3427} INFO - Setting next_dagrun for example_sensors to None, run_after=None
[2022-12-17T04:26:52.613+0000] {processor.py:175} INFO - Processing /home/airflow/.local/lib/python3.7/site-packages/airflow/example_dags/example_sensors.py took 0.088 seconds
[2022-12-17T04:27:22.941+0000] {processor.py:153} INFO - Started process (PID=1519) to work on /home/airflow/.local/lib/python3.7/site-packages/airflow/example_dags/example_sensors.py
[2022-12-17T04:27:22.942+0000] {processor.py:743} INFO - Processing file /home/airflow/.local/lib/python3.7/site-packages/airflow/example_dags/example_sensors.py for tasks to queue
[2022-12-17T04:27:22.942+0000] {logging_mixin.py:137} INFO - [2022-12-17T04:27:22.942+0000] {dagbag.py:538} INFO - Filling up the DagBag from /home/airflow/.local/lib/python3.7/site-packages/airflow/example_dags/example_sensors.py
[2022-12-17T04:27:22.957+0000] {processor.py:753} INFO - DAG(s) dict_keys(['example_sensors']) retrieved from /home/airflow/.local/lib/python3.7/site-packages/airflow/example_dags/example_sensors.py
[2022-12-17T04:27:22.993+0000] {logging_mixin.py:137} INFO - [2022-12-17T04:27:22.993+0000] {dag.py:2676} INFO - Sync 1 DAGs
[2022-12-17T04:27:23.013+0000] {logging_mixin.py:137} INFO - [2022-12-17T04:27:23.013+0000] {dag.py:3427} INFO - Setting next_dagrun for example_sensors to None, run_after=None
[2022-12-17T04:27:23.025+0000] {processor.py:175} INFO - Processing /home/airflow/.local/lib/python3.7/site-packages/airflow/example_dags/example_sensors.py took 0.087 seconds
[2022-12-17T04:27:53.198+0000] {processor.py:153} INFO - Started process (PID=1619) to work on /home/airflow/.local/lib/python3.7/site-packages/airflow/example_dags/example_sensors.py
[2022-12-17T04:27:53.199+0000] {processor.py:743} INFO - Processing file /home/airflow/.local/lib/python3.7/site-packages/airflow/example_dags/example_sensors.py for tasks to queue
[2022-12-17T04:27:53.199+0000] {logging_mixin.py:137} INFO - [2022-12-17T04:27:53.199+0000] {dagbag.py:538} INFO - Filling up the DagBag from /home/airflow/.local/lib/python3.7/site-packages/airflow/example_dags/example_sensors.py
[2022-12-17T04:27:53.216+0000] {processor.py:753} INFO - DAG(s) dict_keys(['example_sensors']) retrieved from /home/airflow/.local/lib/python3.7/site-packages/airflow/example_dags/example_sensors.py
[2022-12-17T04:27:53.245+0000] {logging_mixin.py:137} INFO - [2022-12-17T04:27:53.245+0000] {dag.py:2676} INFO - Sync 1 DAGs
[2022-12-17T04:27:53.265+0000] {logging_mixin.py:137} INFO - [2022-12-17T04:27:53.265+0000] {dag.py:3427} INFO - Setting next_dagrun for example_sensors to None, run_after=None
[2022-12-17T04:27:53.279+0000] {processor.py:175} INFO - Processing /home/airflow/.local/lib/python3.7/site-packages/airflow/example_dags/example_sensors.py took 0.083 seconds
[2022-12-17T04:28:23.512+0000] {processor.py:153} INFO - Started process (PID=1719) to work on /home/airflow/.local/lib/python3.7/site-packages/airflow/example_dags/example_sensors.py
[2022-12-17T04:28:23.513+0000] {processor.py:743} INFO - Processing file /home/airflow/.local/lib/python3.7/site-packages/airflow/example_dags/example_sensors.py for tasks to queue
[2022-12-17T04:28:23.514+0000] {logging_mixin.py:137} INFO - [2022-12-17T04:28:23.513+0000] {dagbag.py:538} INFO - Filling up the DagBag from /home/airflow/.local/lib/python3.7/site-packages/airflow/example_dags/example_sensors.py
[2022-12-17T04:28:23.529+0000] {processor.py:753} INFO - DAG(s) dict_keys(['example_sensors']) retrieved from /home/airflow/.local/lib/python3.7/site-packages/airflow/example_dags/example_sensors.py
[2022-12-17T04:28:23.562+0000] {logging_mixin.py:137} INFO - [2022-12-17T04:28:23.561+0000] {dag.py:2676} INFO - Sync 1 DAGs
[2022-12-17T04:28:23.582+0000] {logging_mixin.py:137} INFO - [2022-12-17T04:28:23.582+0000] {dag.py:3427} INFO - Setting next_dagrun for example_sensors to None, run_after=None
[2022-12-17T04:28:23.598+0000] {processor.py:175} INFO - Processing /home/airflow/.local/lib/python3.7/site-packages/airflow/example_dags/example_sensors.py took 0.089 seconds
[2022-12-17T04:28:53.771+0000] {processor.py:153} INFO - Started process (PID=1798) to work on /home/airflow/.local/lib/python3.7/site-packages/airflow/example_dags/example_sensors.py
[2022-12-17T04:28:53.772+0000] {processor.py:743} INFO - Processing file /home/airflow/.local/lib/python3.7/site-packages/airflow/example_dags/example_sensors.py for tasks to queue
[2022-12-17T04:28:53.772+0000] {logging_mixin.py:137} INFO - [2022-12-17T04:28:53.772+0000] {dagbag.py:538} INFO - Filling up the DagBag from /home/airflow/.local/lib/python3.7/site-packages/airflow/example_dags/example_sensors.py
[2022-12-17T04:28:53.787+0000] {processor.py:753} INFO - DAG(s) dict_keys(['example_sensors']) retrieved from /home/airflow/.local/lib/python3.7/site-packages/airflow/example_dags/example_sensors.py
[2022-12-17T04:28:53.823+0000] {logging_mixin.py:137} INFO - [2022-12-17T04:28:53.822+0000] {dag.py:2676} INFO - Sync 1 DAGs
[2022-12-17T04:28:53.840+0000] {logging_mixin.py:137} INFO - [2022-12-17T04:28:53.840+0000] {dag.py:3427} INFO - Setting next_dagrun for example_sensors to None, run_after=None
[2022-12-17T04:28:53.854+0000] {processor.py:175} INFO - Processing /home/airflow/.local/lib/python3.7/site-packages/airflow/example_dags/example_sensors.py took 0.085 seconds
[2022-12-17T04:29:24.267+0000] {processor.py:153} INFO - Started process (PID=1897) to work on /home/airflow/.local/lib/python3.7/site-packages/airflow/example_dags/example_sensors.py
[2022-12-17T04:29:24.268+0000] {processor.py:743} INFO - Processing file /home/airflow/.local/lib/python3.7/site-packages/airflow/example_dags/example_sensors.py for tasks to queue
[2022-12-17T04:29:24.269+0000] {logging_mixin.py:137} INFO - [2022-12-17T04:29:24.269+0000] {dagbag.py:538} INFO - Filling up the DagBag from /home/airflow/.local/lib/python3.7/site-packages/airflow/example_dags/example_sensors.py
[2022-12-17T04:29:24.282+0000] {processor.py:753} INFO - DAG(s) dict_keys(['example_sensors']) retrieved from /home/airflow/.local/lib/python3.7/site-packages/airflow/example_dags/example_sensors.py
[2022-12-17T04:29:24.309+0000] {logging_mixin.py:137} INFO - [2022-12-17T04:29:24.308+0000] {dag.py:2676} INFO - Sync 1 DAGs
[2022-12-17T04:29:24.327+0000] {logging_mixin.py:137} INFO - [2022-12-17T04:29:24.327+0000] {dag.py:3427} INFO - Setting next_dagrun for example_sensors to None, run_after=None
[2022-12-17T04:29:24.339+0000] {processor.py:175} INFO - Processing /home/airflow/.local/lib/python3.7/site-packages/airflow/example_dags/example_sensors.py took 0.075 seconds
[2022-12-17T04:29:54.600+0000] {processor.py:153} INFO - Started process (PID=1976) to work on /home/airflow/.local/lib/python3.7/site-packages/airflow/example_dags/example_sensors.py
[2022-12-17T04:29:54.601+0000] {processor.py:743} INFO - Processing file /home/airflow/.local/lib/python3.7/site-packages/airflow/example_dags/example_sensors.py for tasks to queue
[2022-12-17T04:29:54.602+0000] {logging_mixin.py:137} INFO - [2022-12-17T04:29:54.601+0000] {dagbag.py:538} INFO - Filling up the DagBag from /home/airflow/.local/lib/python3.7/site-packages/airflow/example_dags/example_sensors.py
[2022-12-17T04:29:54.615+0000] {processor.py:753} INFO - DAG(s) dict_keys(['example_sensors']) retrieved from /home/airflow/.local/lib/python3.7/site-packages/airflow/example_dags/example_sensors.py
[2022-12-17T04:29:54.648+0000] {logging_mixin.py:137} INFO - [2022-12-17T04:29:54.648+0000] {dag.py:2676} INFO - Sync 1 DAGs
[2022-12-17T04:29:54.665+0000] {logging_mixin.py:137} INFO - [2022-12-17T04:29:54.665+0000] {dag.py:3427} INFO - Setting next_dagrun for example_sensors to None, run_after=None
[2022-12-17T04:29:54.677+0000] {processor.py:175} INFO - Processing /home/airflow/.local/lib/python3.7/site-packages/airflow/example_dags/example_sensors.py took 0.079 seconds
[2022-12-17T04:30:24.816+0000] {processor.py:153} INFO - Started process (PID=2075) to work on /home/airflow/.local/lib/python3.7/site-packages/airflow/example_dags/example_sensors.py
[2022-12-17T04:30:24.817+0000] {processor.py:743} INFO - Processing file /home/airflow/.local/lib/python3.7/site-packages/airflow/example_dags/example_sensors.py for tasks to queue
[2022-12-17T04:30:24.817+0000] {logging_mixin.py:137} INFO - [2022-12-17T04:30:24.817+0000] {dagbag.py:538} INFO - Filling up the DagBag from /home/airflow/.local/lib/python3.7/site-packages/airflow/example_dags/example_sensors.py
[2022-12-17T04:30:24.830+0000] {processor.py:753} INFO - DAG(s) dict_keys(['example_sensors']) retrieved from /home/airflow/.local/lib/python3.7/site-packages/airflow/example_dags/example_sensors.py
[2022-12-17T04:30:24.858+0000] {logging_mixin.py:137} INFO - [2022-12-17T04:30:24.858+0000] {dag.py:2676} INFO - Sync 1 DAGs
[2022-12-17T04:30:24.876+0000] {logging_mixin.py:137} INFO - [2022-12-17T04:30:24.876+0000] {dag.py:3427} INFO - Setting next_dagrun for example_sensors to None, run_after=None
[2022-12-17T04:30:24.887+0000] {processor.py:175} INFO - Processing /home/airflow/.local/lib/python3.7/site-packages/airflow/example_dags/example_sensors.py took 0.075 seconds
[2022-12-17T04:30:55.094+0000] {processor.py:153} INFO - Started process (PID=2154) to work on /home/airflow/.local/lib/python3.7/site-packages/airflow/example_dags/example_sensors.py
[2022-12-17T04:30:55.095+0000] {processor.py:743} INFO - Processing file /home/airflow/.local/lib/python3.7/site-packages/airflow/example_dags/example_sensors.py for tasks to queue
[2022-12-17T04:30:55.095+0000] {logging_mixin.py:137} INFO - [2022-12-17T04:30:55.095+0000] {dagbag.py:538} INFO - Filling up the DagBag from /home/airflow/.local/lib/python3.7/site-packages/airflow/example_dags/example_sensors.py
[2022-12-17T04:30:55.109+0000] {processor.py:753} INFO - DAG(s) dict_keys(['example_sensors']) retrieved from /home/airflow/.local/lib/python3.7/site-packages/airflow/example_dags/example_sensors.py
[2022-12-17T04:30:55.143+0000] {logging_mixin.py:137} INFO - [2022-12-17T04:30:55.142+0000] {dag.py:2676} INFO - Sync 1 DAGs
[2022-12-17T04:30:55.167+0000] {logging_mixin.py:137} INFO - [2022-12-17T04:30:55.167+0000] {dag.py:3427} INFO - Setting next_dagrun for example_sensors to None, run_after=None
[2022-12-17T04:30:55.182+0000] {processor.py:175} INFO - Processing /home/airflow/.local/lib/python3.7/site-packages/airflow/example_dags/example_sensors.py took 0.091 seconds
[2022-12-17T04:31:25.491+0000] {processor.py:153} INFO - Started process (PID=2253) to work on /home/airflow/.local/lib/python3.7/site-packages/airflow/example_dags/example_sensors.py
[2022-12-17T04:31:25.492+0000] {processor.py:743} INFO - Processing file /home/airflow/.local/lib/python3.7/site-packages/airflow/example_dags/example_sensors.py for tasks to queue
[2022-12-17T04:31:25.492+0000] {logging_mixin.py:137} INFO - [2022-12-17T04:31:25.492+0000] {dagbag.py:538} INFO - Filling up the DagBag from /home/airflow/.local/lib/python3.7/site-packages/airflow/example_dags/example_sensors.py
[2022-12-17T04:31:25.508+0000] {processor.py:753} INFO - DAG(s) dict_keys(['example_sensors']) retrieved from /home/airflow/.local/lib/python3.7/site-packages/airflow/example_dags/example_sensors.py
[2022-12-17T04:31:25.542+0000] {logging_mixin.py:137} INFO - [2022-12-17T04:31:25.542+0000] {dag.py:2676} INFO - Sync 1 DAGs
[2022-12-17T04:31:25.563+0000] {logging_mixin.py:137} INFO - [2022-12-17T04:31:25.563+0000] {dag.py:3427} INFO - Setting next_dagrun for example_sensors to None, run_after=None
[2022-12-17T04:31:25.577+0000] {processor.py:175} INFO - Processing /home/airflow/.local/lib/python3.7/site-packages/airflow/example_dags/example_sensors.py took 0.088 seconds
[2022-12-17T04:31:55.920+0000] {processor.py:153} INFO - Started process (PID=2353) to work on /home/airflow/.local/lib/python3.7/site-packages/airflow/example_dags/example_sensors.py
[2022-12-17T04:31:55.921+0000] {processor.py:743} INFO - Processing file /home/airflow/.local/lib/python3.7/site-packages/airflow/example_dags/example_sensors.py for tasks to queue
[2022-12-17T04:31:55.921+0000] {logging_mixin.py:137} INFO - [2022-12-17T04:31:55.921+0000] {dagbag.py:538} INFO - Filling up the DagBag from /home/airflow/.local/lib/python3.7/site-packages/airflow/example_dags/example_sensors.py
[2022-12-17T04:31:55.936+0000] {processor.py:753} INFO - DAG(s) dict_keys(['example_sensors']) retrieved from /home/airflow/.local/lib/python3.7/site-packages/airflow/example_dags/example_sensors.py
[2022-12-17T04:31:55.967+0000] {logging_mixin.py:137} INFO - [2022-12-17T04:31:55.967+0000] {dag.py:2676} INFO - Sync 1 DAGs
[2022-12-17T04:31:55.986+0000] {logging_mixin.py:137} INFO - [2022-12-17T04:31:55.986+0000] {dag.py:3427} INFO - Setting next_dagrun for example_sensors to None, run_after=None
[2022-12-17T04:31:55.997+0000] {processor.py:175} INFO - Processing /home/airflow/.local/lib/python3.7/site-packages/airflow/example_dags/example_sensors.py took 0.080 seconds
[2022-12-17T04:32:26.210+0000] {processor.py:153} INFO - Started process (PID=2432) to work on /home/airflow/.local/lib/python3.7/site-packages/airflow/example_dags/example_sensors.py
[2022-12-17T04:32:26.211+0000] {processor.py:743} INFO - Processing file /home/airflow/.local/lib/python3.7/site-packages/airflow/example_dags/example_sensors.py for tasks to queue
[2022-12-17T04:32:26.211+0000] {logging_mixin.py:137} INFO - [2022-12-17T04:32:26.211+0000] {dagbag.py:538} INFO - Filling up the DagBag from /home/airflow/.local/lib/python3.7/site-packages/airflow/example_dags/example_sensors.py
[2022-12-17T04:32:26.227+0000] {processor.py:753} INFO - DAG(s) dict_keys(['example_sensors']) retrieved from /home/airflow/.local/lib/python3.7/site-packages/airflow/example_dags/example_sensors.py
[2022-12-17T04:32:26.256+0000] {logging_mixin.py:137} INFO - [2022-12-17T04:32:26.256+0000] {dag.py:2676} INFO - Sync 1 DAGs
[2022-12-17T04:32:26.278+0000] {logging_mixin.py:137} INFO - [2022-12-17T04:32:26.277+0000] {dag.py:3427} INFO - Setting next_dagrun for example_sensors to None, run_after=None
[2022-12-17T04:32:26.289+0000] {processor.py:175} INFO - Processing /home/airflow/.local/lib/python3.7/site-packages/airflow/example_dags/example_sensors.py took 0.082 seconds
[2022-12-17T04:32:56.495+0000] {processor.py:153} INFO - Started process (PID=2532) to work on /home/airflow/.local/lib/python3.7/site-packages/airflow/example_dags/example_sensors.py
[2022-12-17T04:32:56.496+0000] {processor.py:743} INFO - Processing file /home/airflow/.local/lib/python3.7/site-packages/airflow/example_dags/example_sensors.py for tasks to queue
[2022-12-17T04:32:56.496+0000] {logging_mixin.py:137} INFO - [2022-12-17T04:32:56.496+0000] {dagbag.py:538} INFO - Filling up the DagBag from /home/airflow/.local/lib/python3.7/site-packages/airflow/example_dags/example_sensors.py
[2022-12-17T04:32:56.512+0000] {processor.py:753} INFO - DAG(s) dict_keys(['example_sensors']) retrieved from /home/airflow/.local/lib/python3.7/site-packages/airflow/example_dags/example_sensors.py
[2022-12-17T04:32:56.542+0000] {logging_mixin.py:137} INFO - [2022-12-17T04:32:56.542+0000] {dag.py:2676} INFO - Sync 1 DAGs
[2022-12-17T04:32:56.562+0000] {logging_mixin.py:137} INFO - [2022-12-17T04:32:56.562+0000] {dag.py:3427} INFO - Setting next_dagrun for example_sensors to None, run_after=None
[2022-12-17T04:32:56.575+0000] {processor.py:175} INFO - Processing /home/airflow/.local/lib/python3.7/site-packages/airflow/example_dags/example_sensors.py took 0.083 seconds
[2022-12-17T04:33:26.879+0000] {processor.py:153} INFO - Started process (PID=2612) to work on /home/airflow/.local/lib/python3.7/site-packages/airflow/example_dags/example_sensors.py
[2022-12-17T04:33:26.879+0000] {processor.py:743} INFO - Processing file /home/airflow/.local/lib/python3.7/site-packages/airflow/example_dags/example_sensors.py for tasks to queue
[2022-12-17T04:33:26.880+0000] {logging_mixin.py:137} INFO - [2022-12-17T04:33:26.880+0000] {dagbag.py:538} INFO - Filling up the DagBag from /home/airflow/.local/lib/python3.7/site-packages/airflow/example_dags/example_sensors.py
[2022-12-17T04:33:26.895+0000] {processor.py:753} INFO - DAG(s) dict_keys(['example_sensors']) retrieved from /home/airflow/.local/lib/python3.7/site-packages/airflow/example_dags/example_sensors.py
[2022-12-17T04:33:26.927+0000] {logging_mixin.py:137} INFO - [2022-12-17T04:33:26.927+0000] {dag.py:2676} INFO - Sync 1 DAGs
[2022-12-17T04:33:26.950+0000] {logging_mixin.py:137} INFO - [2022-12-17T04:33:26.950+0000] {dag.py:3427} INFO - Setting next_dagrun for example_sensors to None, run_after=None
[2022-12-17T04:33:26.965+0000] {processor.py:175} INFO - Processing /home/airflow/.local/lib/python3.7/site-packages/airflow/example_dags/example_sensors.py took 0.089 seconds
[2022-12-17T04:33:57.436+0000] {processor.py:153} INFO - Started process (PID=2711) to work on /home/airflow/.local/lib/python3.7/site-packages/airflow/example_dags/example_sensors.py
[2022-12-17T04:33:57.437+0000] {processor.py:743} INFO - Processing file /home/airflow/.local/lib/python3.7/site-packages/airflow/example_dags/example_sensors.py for tasks to queue
[2022-12-17T04:33:57.438+0000] {logging_mixin.py:137} INFO - [2022-12-17T04:33:57.437+0000] {dagbag.py:538} INFO - Filling up the DagBag from /home/airflow/.local/lib/python3.7/site-packages/airflow/example_dags/example_sensors.py
[2022-12-17T04:33:57.454+0000] {processor.py:753} INFO - DAG(s) dict_keys(['example_sensors']) retrieved from /home/airflow/.local/lib/python3.7/site-packages/airflow/example_dags/example_sensors.py
[2022-12-17T04:33:57.487+0000] {logging_mixin.py:137} INFO - [2022-12-17T04:33:57.486+0000] {dag.py:2676} INFO - Sync 1 DAGs
[2022-12-17T04:33:57.508+0000] {logging_mixin.py:137} INFO - [2022-12-17T04:33:57.508+0000] {dag.py:3427} INFO - Setting next_dagrun for example_sensors to None, run_after=None
[2022-12-17T04:33:57.519+0000] {processor.py:175} INFO - Processing /home/airflow/.local/lib/python3.7/site-packages/airflow/example_dags/example_sensors.py took 0.086 seconds
[2022-12-17T04:34:27.637+0000] {processor.py:153} INFO - Started process (PID=2790) to work on /home/airflow/.local/lib/python3.7/site-packages/airflow/example_dags/example_sensors.py
[2022-12-17T04:34:27.638+0000] {processor.py:743} INFO - Processing file /home/airflow/.local/lib/python3.7/site-packages/airflow/example_dags/example_sensors.py for tasks to queue
[2022-12-17T04:34:27.638+0000] {logging_mixin.py:137} INFO - [2022-12-17T04:34:27.638+0000] {dagbag.py:538} INFO - Filling up the DagBag from /home/airflow/.local/lib/python3.7/site-packages/airflow/example_dags/example_sensors.py
[2022-12-17T04:34:27.653+0000] {processor.py:753} INFO - DAG(s) dict_keys(['example_sensors']) retrieved from /home/airflow/.local/lib/python3.7/site-packages/airflow/example_dags/example_sensors.py
[2022-12-17T04:34:27.687+0000] {logging_mixin.py:137} INFO - [2022-12-17T04:34:27.687+0000] {dag.py:2676} INFO - Sync 1 DAGs
[2022-12-17T04:34:27.710+0000] {logging_mixin.py:137} INFO - [2022-12-17T04:34:27.710+0000] {dag.py:3427} INFO - Setting next_dagrun for example_sensors to None, run_after=None
[2022-12-17T04:34:27.722+0000] {processor.py:175} INFO - Processing /home/airflow/.local/lib/python3.7/site-packages/airflow/example_dags/example_sensors.py took 0.088 seconds
[2022-12-17T04:34:57.983+0000] {processor.py:153} INFO - Started process (PID=2889) to work on /home/airflow/.local/lib/python3.7/site-packages/airflow/example_dags/example_sensors.py
[2022-12-17T04:34:57.983+0000] {processor.py:743} INFO - Processing file /home/airflow/.local/lib/python3.7/site-packages/airflow/example_dags/example_sensors.py for tasks to queue
[2022-12-17T04:34:57.984+0000] {logging_mixin.py:137} INFO - [2022-12-17T04:34:57.984+0000] {dagbag.py:538} INFO - Filling up the DagBag from /home/airflow/.local/lib/python3.7/site-packages/airflow/example_dags/example_sensors.py
[2022-12-17T04:34:57.998+0000] {processor.py:753} INFO - DAG(s) dict_keys(['example_sensors']) retrieved from /home/airflow/.local/lib/python3.7/site-packages/airflow/example_dags/example_sensors.py
[2022-12-17T04:34:58.029+0000] {logging_mixin.py:137} INFO - [2022-12-17T04:34:58.029+0000] {dag.py:2676} INFO - Sync 1 DAGs
[2022-12-17T04:34:58.050+0000] {logging_mixin.py:137} INFO - [2022-12-17T04:34:58.050+0000] {dag.py:3427} INFO - Setting next_dagrun for example_sensors to None, run_after=None
[2022-12-17T04:34:58.066+0000] {processor.py:175} INFO - Processing /home/airflow/.local/lib/python3.7/site-packages/airflow/example_dags/example_sensors.py took 0.086 seconds
[2022-12-17T04:35:28.677+0000] {processor.py:153} INFO - Started process (PID=2976) to work on /home/airflow/.local/lib/python3.7/site-packages/airflow/example_dags/example_sensors.py
[2022-12-17T04:35:28.678+0000] {processor.py:743} INFO - Processing file /home/airflow/.local/lib/python3.7/site-packages/airflow/example_dags/example_sensors.py for tasks to queue
[2022-12-17T04:35:28.679+0000] {logging_mixin.py:137} INFO - [2022-12-17T04:35:28.679+0000] {dagbag.py:538} INFO - Filling up the DagBag from /home/airflow/.local/lib/python3.7/site-packages/airflow/example_dags/example_sensors.py
[2022-12-17T04:35:28.694+0000] {processor.py:753} INFO - DAG(s) dict_keys(['example_sensors']) retrieved from /home/airflow/.local/lib/python3.7/site-packages/airflow/example_dags/example_sensors.py
[2022-12-17T04:35:28.735+0000] {logging_mixin.py:137} INFO - [2022-12-17T04:35:28.734+0000] {dag.py:2676} INFO - Sync 1 DAGs
[2022-12-17T04:35:28.763+0000] {logging_mixin.py:137} INFO - [2022-12-17T04:35:28.763+0000] {dag.py:3427} INFO - Setting next_dagrun for example_sensors to None, run_after=None
[2022-12-17T04:35:28.782+0000] {processor.py:175} INFO - Processing /home/airflow/.local/lib/python3.7/site-packages/airflow/example_dags/example_sensors.py took 0.107 seconds
[2022-12-17T04:35:59.065+0000] {processor.py:153} INFO - Started process (PID=3066) to work on /home/airflow/.local/lib/python3.7/site-packages/airflow/example_dags/example_sensors.py
[2022-12-17T04:35:59.066+0000] {processor.py:743} INFO - Processing file /home/airflow/.local/lib/python3.7/site-packages/airflow/example_dags/example_sensors.py for tasks to queue
[2022-12-17T04:35:59.067+0000] {logging_mixin.py:137} INFO - [2022-12-17T04:35:59.066+0000] {dagbag.py:538} INFO - Filling up the DagBag from /home/airflow/.local/lib/python3.7/site-packages/airflow/example_dags/example_sensors.py
[2022-12-17T04:35:59.081+0000] {processor.py:753} INFO - DAG(s) dict_keys(['example_sensors']) retrieved from /home/airflow/.local/lib/python3.7/site-packages/airflow/example_dags/example_sensors.py
[2022-12-17T04:35:59.110+0000] {logging_mixin.py:137} INFO - [2022-12-17T04:35:59.110+0000] {dag.py:2676} INFO - Sync 1 DAGs
[2022-12-17T04:35:59.129+0000] {logging_mixin.py:137} INFO - [2022-12-17T04:35:59.129+0000] {dag.py:3427} INFO - Setting next_dagrun for example_sensors to None, run_after=None
[2022-12-17T04:35:59.141+0000] {processor.py:175} INFO - Processing /home/airflow/.local/lib/python3.7/site-packages/airflow/example_dags/example_sensors.py took 0.079 seconds
[2022-12-17T04:36:29.691+0000] {processor.py:153} INFO - Started process (PID=3165) to work on /home/airflow/.local/lib/python3.7/site-packages/airflow/example_dags/example_sensors.py
[2022-12-17T04:36:29.692+0000] {processor.py:743} INFO - Processing file /home/airflow/.local/lib/python3.7/site-packages/airflow/example_dags/example_sensors.py for tasks to queue
[2022-12-17T04:36:29.693+0000] {logging_mixin.py:137} INFO - [2022-12-17T04:36:29.693+0000] {dagbag.py:538} INFO - Filling up the DagBag from /home/airflow/.local/lib/python3.7/site-packages/airflow/example_dags/example_sensors.py
[2022-12-17T04:36:29.706+0000] {processor.py:753} INFO - DAG(s) dict_keys(['example_sensors']) retrieved from /home/airflow/.local/lib/python3.7/site-packages/airflow/example_dags/example_sensors.py
[2022-12-17T04:36:29.743+0000] {logging_mixin.py:137} INFO - [2022-12-17T04:36:29.743+0000] {dag.py:2676} INFO - Sync 1 DAGs
[2022-12-17T04:36:29.766+0000] {logging_mixin.py:137} INFO - [2022-12-17T04:36:29.766+0000] {dag.py:3427} INFO - Setting next_dagrun for example_sensors to None, run_after=None
[2022-12-17T04:36:29.785+0000] {processor.py:175} INFO - Processing /home/airflow/.local/lib/python3.7/site-packages/airflow/example_dags/example_sensors.py took 0.097 seconds
[2022-12-17T04:36:59.967+0000] {processor.py:153} INFO - Started process (PID=3244) to work on /home/airflow/.local/lib/python3.7/site-packages/airflow/example_dags/example_sensors.py
[2022-12-17T04:36:59.968+0000] {processor.py:743} INFO - Processing file /home/airflow/.local/lib/python3.7/site-packages/airflow/example_dags/example_sensors.py for tasks to queue
[2022-12-17T04:36:59.968+0000] {logging_mixin.py:137} INFO - [2022-12-17T04:36:59.968+0000] {dagbag.py:538} INFO - Filling up the DagBag from /home/airflow/.local/lib/python3.7/site-packages/airflow/example_dags/example_sensors.py
[2022-12-17T04:36:59.984+0000] {processor.py:753} INFO - DAG(s) dict_keys(['example_sensors']) retrieved from /home/airflow/.local/lib/python3.7/site-packages/airflow/example_dags/example_sensors.py
[2022-12-17T04:37:00.014+0000] {logging_mixin.py:137} INFO - [2022-12-17T04:37:00.014+0000] {dag.py:2676} INFO - Sync 1 DAGs
[2022-12-17T04:37:00.034+0000] {logging_mixin.py:137} INFO - [2022-12-17T04:37:00.034+0000] {dag.py:3427} INFO - Setting next_dagrun for example_sensors to None, run_after=None
[2022-12-17T04:37:00.049+0000] {processor.py:175} INFO - Processing /home/airflow/.local/lib/python3.7/site-packages/airflow/example_dags/example_sensors.py took 0.084 seconds
[2022-12-17T04:37:30.299+0000] {processor.py:153} INFO - Started process (PID=3343) to work on /home/airflow/.local/lib/python3.7/site-packages/airflow/example_dags/example_sensors.py
[2022-12-17T04:37:30.300+0000] {processor.py:743} INFO - Processing file /home/airflow/.local/lib/python3.7/site-packages/airflow/example_dags/example_sensors.py for tasks to queue
[2022-12-17T04:37:30.300+0000] {logging_mixin.py:137} INFO - [2022-12-17T04:37:30.300+0000] {dagbag.py:538} INFO - Filling up the DagBag from /home/airflow/.local/lib/python3.7/site-packages/airflow/example_dags/example_sensors.py
[2022-12-17T04:37:30.315+0000] {processor.py:753} INFO - DAG(s) dict_keys(['example_sensors']) retrieved from /home/airflow/.local/lib/python3.7/site-packages/airflow/example_dags/example_sensors.py
[2022-12-17T04:37:30.350+0000] {logging_mixin.py:137} INFO - [2022-12-17T04:37:30.349+0000] {dag.py:2676} INFO - Sync 1 DAGs
[2022-12-17T04:37:30.374+0000] {logging_mixin.py:137} INFO - [2022-12-17T04:37:30.374+0000] {dag.py:3427} INFO - Setting next_dagrun for example_sensors to None, run_after=None
[2022-12-17T04:37:30.388+0000] {processor.py:175} INFO - Processing /home/airflow/.local/lib/python3.7/site-packages/airflow/example_dags/example_sensors.py took 0.092 seconds
[2022-12-17T04:38:00.865+0000] {processor.py:153} INFO - Started process (PID=3422) to work on /home/airflow/.local/lib/python3.7/site-packages/airflow/example_dags/example_sensors.py
[2022-12-17T04:38:00.866+0000] {processor.py:743} INFO - Processing file /home/airflow/.local/lib/python3.7/site-packages/airflow/example_dags/example_sensors.py for tasks to queue
[2022-12-17T04:38:00.866+0000] {logging_mixin.py:137} INFO - [2022-12-17T04:38:00.866+0000] {dagbag.py:538} INFO - Filling up the DagBag from /home/airflow/.local/lib/python3.7/site-packages/airflow/example_dags/example_sensors.py
[2022-12-17T04:38:00.881+0000] {processor.py:753} INFO - DAG(s) dict_keys(['example_sensors']) retrieved from /home/airflow/.local/lib/python3.7/site-packages/airflow/example_dags/example_sensors.py
[2022-12-17T04:38:00.911+0000] {logging_mixin.py:137} INFO - [2022-12-17T04:38:00.911+0000] {dag.py:2676} INFO - Sync 1 DAGs
[2022-12-17T04:38:00.930+0000] {logging_mixin.py:137} INFO - [2022-12-17T04:38:00.930+0000] {dag.py:3427} INFO - Setting next_dagrun for example_sensors to None, run_after=None
[2022-12-17T04:38:00.943+0000] {processor.py:175} INFO - Processing /home/airflow/.local/lib/python3.7/site-packages/airflow/example_dags/example_sensors.py took 0.080 seconds
[2022-12-17T04:38:31.237+0000] {processor.py:153} INFO - Started process (PID=3521) to work on /home/airflow/.local/lib/python3.7/site-packages/airflow/example_dags/example_sensors.py
[2022-12-17T04:38:31.238+0000] {processor.py:743} INFO - Processing file /home/airflow/.local/lib/python3.7/site-packages/airflow/example_dags/example_sensors.py for tasks to queue
[2022-12-17T04:38:31.239+0000] {logging_mixin.py:137} INFO - [2022-12-17T04:38:31.239+0000] {dagbag.py:538} INFO - Filling up the DagBag from /home/airflow/.local/lib/python3.7/site-packages/airflow/example_dags/example_sensors.py
[2022-12-17T04:38:31.252+0000] {processor.py:753} INFO - DAG(s) dict_keys(['example_sensors']) retrieved from /home/airflow/.local/lib/python3.7/site-packages/airflow/example_dags/example_sensors.py
[2022-12-17T04:38:31.282+0000] {logging_mixin.py:137} INFO - [2022-12-17T04:38:31.282+0000] {dag.py:2676} INFO - Sync 1 DAGs
[2022-12-17T04:38:31.302+0000] {logging_mixin.py:137} INFO - [2022-12-17T04:38:31.302+0000] {dag.py:3427} INFO - Setting next_dagrun for example_sensors to None, run_after=None
[2022-12-17T04:38:31.317+0000] {processor.py:175} INFO - Processing /home/airflow/.local/lib/python3.7/site-packages/airflow/example_dags/example_sensors.py took 0.083 seconds
[2022-12-17T04:39:01.603+0000] {processor.py:153} INFO - Started process (PID=3620) to work on /home/airflow/.local/lib/python3.7/site-packages/airflow/example_dags/example_sensors.py
[2022-12-17T04:39:01.604+0000] {processor.py:743} INFO - Processing file /home/airflow/.local/lib/python3.7/site-packages/airflow/example_dags/example_sensors.py for tasks to queue
[2022-12-17T04:39:01.604+0000] {logging_mixin.py:137} INFO - [2022-12-17T04:39:01.604+0000] {dagbag.py:538} INFO - Filling up the DagBag from /home/airflow/.local/lib/python3.7/site-packages/airflow/example_dags/example_sensors.py
[2022-12-17T04:39:01.618+0000] {processor.py:753} INFO - DAG(s) dict_keys(['example_sensors']) retrieved from /home/airflow/.local/lib/python3.7/site-packages/airflow/example_dags/example_sensors.py
[2022-12-17T04:39:01.651+0000] {logging_mixin.py:137} INFO - [2022-12-17T04:39:01.651+0000] {dag.py:2676} INFO - Sync 1 DAGs
[2022-12-17T04:39:01.672+0000] {logging_mixin.py:137} INFO - [2022-12-17T04:39:01.672+0000] {dag.py:3427} INFO - Setting next_dagrun for example_sensors to None, run_after=None
[2022-12-17T04:39:01.686+0000] {processor.py:175} INFO - Processing /home/airflow/.local/lib/python3.7/site-packages/airflow/example_dags/example_sensors.py took 0.085 seconds
[2022-12-17T04:39:32.096+0000] {processor.py:153} INFO - Started process (PID=3699) to work on /home/airflow/.local/lib/python3.7/site-packages/airflow/example_dags/example_sensors.py
[2022-12-17T04:39:32.097+0000] {processor.py:743} INFO - Processing file /home/airflow/.local/lib/python3.7/site-packages/airflow/example_dags/example_sensors.py for tasks to queue
[2022-12-17T04:39:32.097+0000] {logging_mixin.py:137} INFO - [2022-12-17T04:39:32.097+0000] {dagbag.py:538} INFO - Filling up the DagBag from /home/airflow/.local/lib/python3.7/site-packages/airflow/example_dags/example_sensors.py
[2022-12-17T04:39:32.112+0000] {processor.py:753} INFO - DAG(s) dict_keys(['example_sensors']) retrieved from /home/airflow/.local/lib/python3.7/site-packages/airflow/example_dags/example_sensors.py
[2022-12-17T04:39:32.145+0000] {logging_mixin.py:137} INFO - [2022-12-17T04:39:32.145+0000] {dag.py:2676} INFO - Sync 1 DAGs
[2022-12-17T04:39:32.163+0000] {logging_mixin.py:137} INFO - [2022-12-17T04:39:32.162+0000] {dag.py:3427} INFO - Setting next_dagrun for example_sensors to None, run_after=None
[2022-12-17T04:39:32.176+0000] {processor.py:175} INFO - Processing /home/airflow/.local/lib/python3.7/site-packages/airflow/example_dags/example_sensors.py took 0.083 seconds
[2022-12-17T04:40:02.511+0000] {processor.py:153} INFO - Started process (PID=3798) to work on /home/airflow/.local/lib/python3.7/site-packages/airflow/example_dags/example_sensors.py
[2022-12-17T04:40:02.511+0000] {processor.py:743} INFO - Processing file /home/airflow/.local/lib/python3.7/site-packages/airflow/example_dags/example_sensors.py for tasks to queue
[2022-12-17T04:40:02.512+0000] {logging_mixin.py:137} INFO - [2022-12-17T04:40:02.512+0000] {dagbag.py:538} INFO - Filling up the DagBag from /home/airflow/.local/lib/python3.7/site-packages/airflow/example_dags/example_sensors.py
[2022-12-17T04:40:02.525+0000] {processor.py:753} INFO - DAG(s) dict_keys(['example_sensors']) retrieved from /home/airflow/.local/lib/python3.7/site-packages/airflow/example_dags/example_sensors.py
[2022-12-17T04:40:02.556+0000] {logging_mixin.py:137} INFO - [2022-12-17T04:40:02.556+0000] {dag.py:2676} INFO - Sync 1 DAGs
[2022-12-17T04:40:02.576+0000] {logging_mixin.py:137} INFO - [2022-12-17T04:40:02.576+0000] {dag.py:3427} INFO - Setting next_dagrun for example_sensors to None, run_after=None
[2022-12-17T04:40:02.588+0000] {processor.py:175} INFO - Processing /home/airflow/.local/lib/python3.7/site-packages/airflow/example_dags/example_sensors.py took 0.081 seconds
[2022-12-17T04:40:32.768+0000] {processor.py:153} INFO - Started process (PID=3878) to work on /home/airflow/.local/lib/python3.7/site-packages/airflow/example_dags/example_sensors.py
[2022-12-17T04:40:32.769+0000] {processor.py:743} INFO - Processing file /home/airflow/.local/lib/python3.7/site-packages/airflow/example_dags/example_sensors.py for tasks to queue
[2022-12-17T04:40:32.769+0000] {logging_mixin.py:137} INFO - [2022-12-17T04:40:32.769+0000] {dagbag.py:538} INFO - Filling up the DagBag from /home/airflow/.local/lib/python3.7/site-packages/airflow/example_dags/example_sensors.py
[2022-12-17T04:40:32.784+0000] {processor.py:753} INFO - DAG(s) dict_keys(['example_sensors']) retrieved from /home/airflow/.local/lib/python3.7/site-packages/airflow/example_dags/example_sensors.py
[2022-12-17T04:40:32.815+0000] {logging_mixin.py:137} INFO - [2022-12-17T04:40:32.815+0000] {dag.py:2676} INFO - Sync 1 DAGs
[2022-12-17T04:40:32.834+0000] {logging_mixin.py:137} INFO - [2022-12-17T04:40:32.834+0000] {dag.py:3427} INFO - Setting next_dagrun for example_sensors to None, run_after=None
[2022-12-17T04:40:32.846+0000] {processor.py:175} INFO - Processing /home/airflow/.local/lib/python3.7/site-packages/airflow/example_dags/example_sensors.py took 0.080 seconds
[2022-12-17T04:41:03.046+0000] {processor.py:153} INFO - Started process (PID=3977) to work on /home/airflow/.local/lib/python3.7/site-packages/airflow/example_dags/example_sensors.py
[2022-12-17T04:41:03.047+0000] {processor.py:743} INFO - Processing file /home/airflow/.local/lib/python3.7/site-packages/airflow/example_dags/example_sensors.py for tasks to queue
[2022-12-17T04:41:03.048+0000] {logging_mixin.py:137} INFO - [2022-12-17T04:41:03.048+0000] {dagbag.py:538} INFO - Filling up the DagBag from /home/airflow/.local/lib/python3.7/site-packages/airflow/example_dags/example_sensors.py
[2022-12-17T04:41:03.064+0000] {processor.py:753} INFO - DAG(s) dict_keys(['example_sensors']) retrieved from /home/airflow/.local/lib/python3.7/site-packages/airflow/example_dags/example_sensors.py
[2022-12-17T04:41:03.099+0000] {logging_mixin.py:137} INFO - [2022-12-17T04:41:03.099+0000] {dag.py:2676} INFO - Sync 1 DAGs
[2022-12-17T04:41:03.125+0000] {logging_mixin.py:137} INFO - [2022-12-17T04:41:03.125+0000] {dag.py:3427} INFO - Setting next_dagrun for example_sensors to None, run_after=None
[2022-12-17T04:41:03.143+0000] {processor.py:175} INFO - Processing /home/airflow/.local/lib/python3.7/site-packages/airflow/example_dags/example_sensors.py took 0.099 seconds
[2022-12-17T04:41:33.374+0000] {processor.py:153} INFO - Started process (PID=4056) to work on /home/airflow/.local/lib/python3.7/site-packages/airflow/example_dags/example_sensors.py
[2022-12-17T04:41:33.375+0000] {processor.py:743} INFO - Processing file /home/airflow/.local/lib/python3.7/site-packages/airflow/example_dags/example_sensors.py for tasks to queue
[2022-12-17T04:41:33.376+0000] {logging_mixin.py:137} INFO - [2022-12-17T04:41:33.376+0000] {dagbag.py:538} INFO - Filling up the DagBag from /home/airflow/.local/lib/python3.7/site-packages/airflow/example_dags/example_sensors.py
[2022-12-17T04:41:33.390+0000] {processor.py:753} INFO - DAG(s) dict_keys(['example_sensors']) retrieved from /home/airflow/.local/lib/python3.7/site-packages/airflow/example_dags/example_sensors.py
[2022-12-17T04:41:33.421+0000] {logging_mixin.py:137} INFO - [2022-12-17T04:41:33.421+0000] {dag.py:2676} INFO - Sync 1 DAGs
[2022-12-17T04:41:33.444+0000] {logging_mixin.py:137} INFO - [2022-12-17T04:41:33.444+0000] {dag.py:3427} INFO - Setting next_dagrun for example_sensors to None, run_after=None
[2022-12-17T04:41:33.456+0000] {processor.py:175} INFO - Processing /home/airflow/.local/lib/python3.7/site-packages/airflow/example_dags/example_sensors.py took 0.084 seconds
[2022-12-17T04:42:03.712+0000] {processor.py:153} INFO - Started process (PID=4156) to work on /home/airflow/.local/lib/python3.7/site-packages/airflow/example_dags/example_sensors.py
[2022-12-17T04:42:03.712+0000] {processor.py:743} INFO - Processing file /home/airflow/.local/lib/python3.7/site-packages/airflow/example_dags/example_sensors.py for tasks to queue
[2022-12-17T04:42:03.713+0000] {logging_mixin.py:137} INFO - [2022-12-17T04:42:03.713+0000] {dagbag.py:538} INFO - Filling up the DagBag from /home/airflow/.local/lib/python3.7/site-packages/airflow/example_dags/example_sensors.py
[2022-12-17T04:42:03.729+0000] {processor.py:753} INFO - DAG(s) dict_keys(['example_sensors']) retrieved from /home/airflow/.local/lib/python3.7/site-packages/airflow/example_dags/example_sensors.py
[2022-12-17T04:42:03.761+0000] {logging_mixin.py:137} INFO - [2022-12-17T04:42:03.760+0000] {dag.py:2676} INFO - Sync 1 DAGs
[2022-12-17T04:42:03.786+0000] {logging_mixin.py:137} INFO - [2022-12-17T04:42:03.785+0000] {dag.py:3427} INFO - Setting next_dagrun for example_sensors to None, run_after=None
[2022-12-17T04:42:03.799+0000] {processor.py:175} INFO - Processing /home/airflow/.local/lib/python3.7/site-packages/airflow/example_dags/example_sensors.py took 0.090 seconds
[2022-12-17T04:42:34.111+0000] {processor.py:153} INFO - Started process (PID=4244) to work on /home/airflow/.local/lib/python3.7/site-packages/airflow/example_dags/example_sensors.py
[2022-12-17T04:42:34.112+0000] {processor.py:743} INFO - Processing file /home/airflow/.local/lib/python3.7/site-packages/airflow/example_dags/example_sensors.py for tasks to queue
[2022-12-17T04:42:34.112+0000] {logging_mixin.py:137} INFO - [2022-12-17T04:42:34.112+0000] {dagbag.py:538} INFO - Filling up the DagBag from /home/airflow/.local/lib/python3.7/site-packages/airflow/example_dags/example_sensors.py
[2022-12-17T04:42:34.130+0000] {processor.py:753} INFO - DAG(s) dict_keys(['example_sensors']) retrieved from /home/airflow/.local/lib/python3.7/site-packages/airflow/example_dags/example_sensors.py
[2022-12-17T04:42:34.166+0000] {logging_mixin.py:137} INFO - [2022-12-17T04:42:34.166+0000] {dag.py:2676} INFO - Sync 1 DAGs
[2022-12-17T04:42:34.194+0000] {logging_mixin.py:137} INFO - [2022-12-17T04:42:34.194+0000] {dag.py:3427} INFO - Setting next_dagrun for example_sensors to None, run_after=None
[2022-12-17T04:42:34.219+0000] {processor.py:175} INFO - Processing /home/airflow/.local/lib/python3.7/site-packages/airflow/example_dags/example_sensors.py took 0.111 seconds
[2022-12-17T04:43:04.541+0000] {processor.py:153} INFO - Started process (PID=4334) to work on /home/airflow/.local/lib/python3.7/site-packages/airflow/example_dags/example_sensors.py
[2022-12-17T04:43:04.542+0000] {processor.py:743} INFO - Processing file /home/airflow/.local/lib/python3.7/site-packages/airflow/example_dags/example_sensors.py for tasks to queue
[2022-12-17T04:43:04.543+0000] {logging_mixin.py:137} INFO - [2022-12-17T04:43:04.543+0000] {dagbag.py:538} INFO - Filling up the DagBag from /home/airflow/.local/lib/python3.7/site-packages/airflow/example_dags/example_sensors.py
[2022-12-17T04:43:04.556+0000] {processor.py:753} INFO - DAG(s) dict_keys(['example_sensors']) retrieved from /home/airflow/.local/lib/python3.7/site-packages/airflow/example_dags/example_sensors.py
[2022-12-17T04:43:04.589+0000] {logging_mixin.py:137} INFO - [2022-12-17T04:43:04.589+0000] {dag.py:2676} INFO - Sync 1 DAGs
[2022-12-17T04:43:04.611+0000] {logging_mixin.py:137} INFO - [2022-12-17T04:43:04.610+0000] {dag.py:3427} INFO - Setting next_dagrun for example_sensors to None, run_after=None
[2022-12-17T04:43:04.622+0000] {processor.py:175} INFO - Processing /home/airflow/.local/lib/python3.7/site-packages/airflow/example_dags/example_sensors.py took 0.083 seconds
[2022-12-17T04:43:34.893+0000] {processor.py:153} INFO - Started process (PID=4433) to work on /home/airflow/.local/lib/python3.7/site-packages/airflow/example_dags/example_sensors.py
[2022-12-17T04:43:34.893+0000] {processor.py:743} INFO - Processing file /home/airflow/.local/lib/python3.7/site-packages/airflow/example_dags/example_sensors.py for tasks to queue
[2022-12-17T04:43:34.894+0000] {logging_mixin.py:137} INFO - [2022-12-17T04:43:34.894+0000] {dagbag.py:538} INFO - Filling up the DagBag from /home/airflow/.local/lib/python3.7/site-packages/airflow/example_dags/example_sensors.py
[2022-12-17T04:43:34.911+0000] {processor.py:753} INFO - DAG(s) dict_keys(['example_sensors']) retrieved from /home/airflow/.local/lib/python3.7/site-packages/airflow/example_dags/example_sensors.py
[2022-12-17T04:43:34.946+0000] {logging_mixin.py:137} INFO - [2022-12-17T04:43:34.946+0000] {dag.py:2676} INFO - Sync 1 DAGs
[2022-12-17T04:43:34.967+0000] {logging_mixin.py:137} INFO - [2022-12-17T04:43:34.967+0000] {dag.py:3427} INFO - Setting next_dagrun for example_sensors to None, run_after=None
[2022-12-17T04:43:34.980+0000] {processor.py:175} INFO - Processing /home/airflow/.local/lib/python3.7/site-packages/airflow/example_dags/example_sensors.py took 0.090 seconds
[2022-12-17T04:44:05.017+0000] {processor.py:153} INFO - Started process (PID=4513) to work on /home/airflow/.local/lib/python3.7/site-packages/airflow/example_dags/example_sensors.py
[2022-12-17T04:44:05.018+0000] {processor.py:743} INFO - Processing file /home/airflow/.local/lib/python3.7/site-packages/airflow/example_dags/example_sensors.py for tasks to queue
[2022-12-17T04:44:05.018+0000] {logging_mixin.py:137} INFO - [2022-12-17T04:44:05.018+0000] {dagbag.py:538} INFO - Filling up the DagBag from /home/airflow/.local/lib/python3.7/site-packages/airflow/example_dags/example_sensors.py
[2022-12-17T04:44:05.033+0000] {processor.py:753} INFO - DAG(s) dict_keys(['example_sensors']) retrieved from /home/airflow/.local/lib/python3.7/site-packages/airflow/example_dags/example_sensors.py
[2022-12-17T04:44:05.061+0000] {logging_mixin.py:137} INFO - [2022-12-17T04:44:05.061+0000] {dag.py:2676} INFO - Sync 1 DAGs
[2022-12-17T04:44:05.079+0000] {logging_mixin.py:137} INFO - [2022-12-17T04:44:05.079+0000] {dag.py:3427} INFO - Setting next_dagrun for example_sensors to None, run_after=None
[2022-12-17T04:44:05.091+0000] {processor.py:175} INFO - Processing /home/airflow/.local/lib/python3.7/site-packages/airflow/example_dags/example_sensors.py took 0.077 seconds
[2022-12-17T04:44:35.349+0000] {processor.py:153} INFO - Started process (PID=4612) to work on /home/airflow/.local/lib/python3.7/site-packages/airflow/example_dags/example_sensors.py
[2022-12-17T04:44:35.350+0000] {processor.py:743} INFO - Processing file /home/airflow/.local/lib/python3.7/site-packages/airflow/example_dags/example_sensors.py for tasks to queue
[2022-12-17T04:44:35.350+0000] {logging_mixin.py:137} INFO - [2022-12-17T04:44:35.350+0000] {dagbag.py:538} INFO - Filling up the DagBag from /home/airflow/.local/lib/python3.7/site-packages/airflow/example_dags/example_sensors.py
[2022-12-17T04:44:35.365+0000] {processor.py:753} INFO - DAG(s) dict_keys(['example_sensors']) retrieved from /home/airflow/.local/lib/python3.7/site-packages/airflow/example_dags/example_sensors.py
[2022-12-17T04:44:35.393+0000] {logging_mixin.py:137} INFO - [2022-12-17T04:44:35.393+0000] {dag.py:2676} INFO - Sync 1 DAGs
[2022-12-17T04:44:35.415+0000] {logging_mixin.py:137} INFO - [2022-12-17T04:44:35.415+0000] {dag.py:3427} INFO - Setting next_dagrun for example_sensors to None, run_after=None
[2022-12-17T04:44:35.429+0000] {processor.py:175} INFO - Processing /home/airflow/.local/lib/python3.7/site-packages/airflow/example_dags/example_sensors.py took 0.082 seconds
[2022-12-17T04:45:05.717+0000] {processor.py:153} INFO - Started process (PID=4691) to work on /home/airflow/.local/lib/python3.7/site-packages/airflow/example_dags/example_sensors.py
[2022-12-17T04:45:05.718+0000] {processor.py:743} INFO - Processing file /home/airflow/.local/lib/python3.7/site-packages/airflow/example_dags/example_sensors.py for tasks to queue
[2022-12-17T04:45:05.719+0000] {logging_mixin.py:137} INFO - [2022-12-17T04:45:05.719+0000] {dagbag.py:538} INFO - Filling up the DagBag from /home/airflow/.local/lib/python3.7/site-packages/airflow/example_dags/example_sensors.py
[2022-12-17T04:45:05.733+0000] {processor.py:753} INFO - DAG(s) dict_keys(['example_sensors']) retrieved from /home/airflow/.local/lib/python3.7/site-packages/airflow/example_dags/example_sensors.py
[2022-12-17T04:45:05.766+0000] {logging_mixin.py:137} INFO - [2022-12-17T04:45:05.766+0000] {dag.py:2676} INFO - Sync 1 DAGs
[2022-12-17T04:45:05.786+0000] {logging_mixin.py:137} INFO - [2022-12-17T04:45:05.785+0000] {dag.py:3427} INFO - Setting next_dagrun for example_sensors to None, run_after=None
[2022-12-17T04:45:05.799+0000] {processor.py:175} INFO - Processing /home/airflow/.local/lib/python3.7/site-packages/airflow/example_dags/example_sensors.py took 0.085 seconds
