[2022-12-17T04:19:15.200+0000] {processor.py:153} INFO - Started process (PID=58) to work on /home/airflow/.local/lib/python3.7/site-packages/airflow/example_dags/example_xcomargs.py
[2022-12-17T04:19:15.201+0000] {processor.py:743} INFO - Processing file /home/airflow/.local/lib/python3.7/site-packages/airflow/example_dags/example_xcomargs.py for tasks to queue
[2022-12-17T04:19:15.201+0000] {logging_mixin.py:137} INFO - [2022-12-17T04:19:15.201+0000] {dagbag.py:538} INFO - Filling up the DagBag from /home/airflow/.local/lib/python3.7/site-packages/airflow/example_dags/example_xcomargs.py
[2022-12-17T04:19:15.222+0000] {processor.py:753} INFO - DAG(s) dict_keys(['example_xcom_args', 'example_xcom_args_with_operators']) retrieved from /home/airflow/.local/lib/python3.7/site-packages/airflow/example_dags/example_xcomargs.py
[2022-12-17T04:19:15.338+0000] {logging_mixin.py:137} INFO - [2022-12-17T04:19:15.337+0000] {manager.py:504} INFO - Created Permission View: can read on DAG:example_xcom_args
[2022-12-17T04:19:15.348+0000] {logging_mixin.py:137} INFO - [2022-12-17T04:19:15.348+0000] {manager.py:504} INFO - Created Permission View: can delete on DAG:example_xcom_args
[2022-12-17T04:19:15.355+0000] {logging_mixin.py:137} INFO - [2022-12-17T04:19:15.355+0000] {manager.py:504} INFO - Created Permission View: can edit on DAG:example_xcom_args
[2022-12-17T04:19:15.369+0000] {logging_mixin.py:137} INFO - [2022-12-17T04:19:15.369+0000] {manager.py:504} INFO - Created Permission View: can read on DAG:example_xcom_args_with_operators
[2022-12-17T04:19:15.375+0000] {logging_mixin.py:137} INFO - [2022-12-17T04:19:15.375+0000] {manager.py:504} INFO - Created Permission View: can delete on DAG:example_xcom_args_with_operators
[2022-12-17T04:19:15.381+0000] {logging_mixin.py:137} INFO - [2022-12-17T04:19:15.380+0000] {manager.py:504} INFO - Created Permission View: can edit on DAG:example_xcom_args_with_operators
[2022-12-17T04:19:15.381+0000] {logging_mixin.py:137} INFO - [2022-12-17T04:19:15.381+0000] {dag.py:2676} INFO - Sync 2 DAGs
[2022-12-17T04:19:15.392+0000] {logging_mixin.py:137} INFO - [2022-12-17T04:19:15.392+0000] {dag.py:2697} INFO - Creating ORM DAG for example_xcom_args
[2022-12-17T04:19:15.393+0000] {logging_mixin.py:137} INFO - [2022-12-17T04:19:15.393+0000] {dag.py:2697} INFO - Creating ORM DAG for example_xcom_args_with_operators
[2022-12-17T04:19:15.402+0000] {logging_mixin.py:137} INFO - [2022-12-17T04:19:15.402+0000] {dag.py:3427} INFO - Setting next_dagrun for example_xcom_args to None, run_after=None
[2022-12-17T04:19:15.403+0000] {logging_mixin.py:137} INFO - [2022-12-17T04:19:15.403+0000] {dag.py:3427} INFO - Setting next_dagrun for example_xcom_args_with_operators to None, run_after=None
[2022-12-17T04:19:15.416+0000] {processor.py:175} INFO - Processing /home/airflow/.local/lib/python3.7/site-packages/airflow/example_dags/example_xcomargs.py took 0.219 seconds
[2022-12-17T04:19:45.619+0000] {processor.py:153} INFO - Started process (PID=157) to work on /home/airflow/.local/lib/python3.7/site-packages/airflow/example_dags/example_xcomargs.py
[2022-12-17T04:19:45.620+0000] {processor.py:743} INFO - Processing file /home/airflow/.local/lib/python3.7/site-packages/airflow/example_dags/example_xcomargs.py for tasks to queue
[2022-12-17T04:19:45.620+0000] {logging_mixin.py:137} INFO - [2022-12-17T04:19:45.620+0000] {dagbag.py:538} INFO - Filling up the DagBag from /home/airflow/.local/lib/python3.7/site-packages/airflow/example_dags/example_xcomargs.py
[2022-12-17T04:19:45.639+0000] {processor.py:753} INFO - DAG(s) dict_keys(['example_xcom_args', 'example_xcom_args_with_operators']) retrieved from /home/airflow/.local/lib/python3.7/site-packages/airflow/example_dags/example_xcomargs.py
[2022-12-17T04:19:45.667+0000] {logging_mixin.py:137} INFO - [2022-12-17T04:19:45.667+0000] {dag.py:2676} INFO - Sync 2 DAGs
[2022-12-17T04:19:45.684+0000] {logging_mixin.py:137} INFO - [2022-12-17T04:19:45.684+0000] {dag.py:3427} INFO - Setting next_dagrun for example_xcom_args to None, run_after=None
[2022-12-17T04:19:45.686+0000] {logging_mixin.py:137} INFO - [2022-12-17T04:19:45.686+0000] {dag.py:3427} INFO - Setting next_dagrun for example_xcom_args_with_operators to None, run_after=None
[2022-12-17T04:19:45.697+0000] {processor.py:175} INFO - Processing /home/airflow/.local/lib/python3.7/site-packages/airflow/example_dags/example_xcomargs.py took 0.080 seconds
[2022-12-17T04:20:15.876+0000] {processor.py:153} INFO - Started process (PID=236) to work on /home/airflow/.local/lib/python3.7/site-packages/airflow/example_dags/example_xcomargs.py
[2022-12-17T04:20:15.876+0000] {processor.py:743} INFO - Processing file /home/airflow/.local/lib/python3.7/site-packages/airflow/example_dags/example_xcomargs.py for tasks to queue
[2022-12-17T04:20:15.877+0000] {logging_mixin.py:137} INFO - [2022-12-17T04:20:15.877+0000] {dagbag.py:538} INFO - Filling up the DagBag from /home/airflow/.local/lib/python3.7/site-packages/airflow/example_dags/example_xcomargs.py
[2022-12-17T04:20:15.893+0000] {processor.py:753} INFO - DAG(s) dict_keys(['example_xcom_args', 'example_xcom_args_with_operators']) retrieved from /home/airflow/.local/lib/python3.7/site-packages/airflow/example_dags/example_xcomargs.py
[2022-12-17T04:20:15.924+0000] {logging_mixin.py:137} INFO - [2022-12-17T04:20:15.924+0000] {dag.py:2676} INFO - Sync 2 DAGs
[2022-12-17T04:20:15.943+0000] {logging_mixin.py:137} INFO - [2022-12-17T04:20:15.943+0000] {dag.py:3427} INFO - Setting next_dagrun for example_xcom_args to None, run_after=None
[2022-12-17T04:20:15.945+0000] {logging_mixin.py:137} INFO - [2022-12-17T04:20:15.945+0000] {dag.py:3427} INFO - Setting next_dagrun for example_xcom_args_with_operators to None, run_after=None
[2022-12-17T04:20:15.957+0000] {processor.py:175} INFO - Processing /home/airflow/.local/lib/python3.7/site-packages/airflow/example_dags/example_xcomargs.py took 0.085 seconds
[2022-12-17T04:20:46.238+0000] {processor.py:153} INFO - Started process (PID=335) to work on /home/airflow/.local/lib/python3.7/site-packages/airflow/example_dags/example_xcomargs.py
[2022-12-17T04:20:46.239+0000] {processor.py:743} INFO - Processing file /home/airflow/.local/lib/python3.7/site-packages/airflow/example_dags/example_xcomargs.py for tasks to queue
[2022-12-17T04:20:46.239+0000] {logging_mixin.py:137} INFO - [2022-12-17T04:20:46.239+0000] {dagbag.py:538} INFO - Filling up the DagBag from /home/airflow/.local/lib/python3.7/site-packages/airflow/example_dags/example_xcomargs.py
[2022-12-17T04:20:46.258+0000] {processor.py:753} INFO - DAG(s) dict_keys(['example_xcom_args', 'example_xcom_args_with_operators']) retrieved from /home/airflow/.local/lib/python3.7/site-packages/airflow/example_dags/example_xcomargs.py
[2022-12-17T04:20:46.290+0000] {logging_mixin.py:137} INFO - [2022-12-17T04:20:46.290+0000] {dag.py:2676} INFO - Sync 2 DAGs
[2022-12-17T04:20:46.311+0000] {logging_mixin.py:137} INFO - [2022-12-17T04:20:46.311+0000] {dag.py:3427} INFO - Setting next_dagrun for example_xcom_args to None, run_after=None
[2022-12-17T04:20:46.314+0000] {logging_mixin.py:137} INFO - [2022-12-17T04:20:46.313+0000] {dag.py:3427} INFO - Setting next_dagrun for example_xcom_args_with_operators to None, run_after=None
[2022-12-17T04:20:46.327+0000] {processor.py:175} INFO - Processing /home/airflow/.local/lib/python3.7/site-packages/airflow/example_dags/example_xcomargs.py took 0.092 seconds
[2022-12-17T04:21:16.850+0000] {processor.py:153} INFO - Started process (PID=424) to work on /home/airflow/.local/lib/python3.7/site-packages/airflow/example_dags/example_xcomargs.py
[2022-12-17T04:21:16.851+0000] {processor.py:743} INFO - Processing file /home/airflow/.local/lib/python3.7/site-packages/airflow/example_dags/example_xcomargs.py for tasks to queue
[2022-12-17T04:21:16.851+0000] {logging_mixin.py:137} INFO - [2022-12-17T04:21:16.851+0000] {dagbag.py:538} INFO - Filling up the DagBag from /home/airflow/.local/lib/python3.7/site-packages/airflow/example_dags/example_xcomargs.py
[2022-12-17T04:21:16.874+0000] {processor.py:753} INFO - DAG(s) dict_keys(['example_xcom_args_with_operators', 'example_xcom_args']) retrieved from /home/airflow/.local/lib/python3.7/site-packages/airflow/example_dags/example_xcomargs.py
[2022-12-17T04:21:16.914+0000] {logging_mixin.py:137} INFO - [2022-12-17T04:21:16.914+0000] {dag.py:2676} INFO - Sync 2 DAGs
[2022-12-17T04:21:16.938+0000] {logging_mixin.py:137} INFO - [2022-12-17T04:21:16.938+0000] {dag.py:3427} INFO - Setting next_dagrun for example_xcom_args to None, run_after=None
[2022-12-17T04:21:16.941+0000] {logging_mixin.py:137} INFO - [2022-12-17T04:21:16.941+0000] {dag.py:3427} INFO - Setting next_dagrun for example_xcom_args_with_operators to None, run_after=None
[2022-12-17T04:21:16.960+0000] {processor.py:175} INFO - Processing /home/airflow/.local/lib/python3.7/site-packages/airflow/example_dags/example_xcomargs.py took 0.112 seconds
[2022-12-17T04:21:47.117+0000] {processor.py:153} INFO - Started process (PID=514) to work on /home/airflow/.local/lib/python3.7/site-packages/airflow/example_dags/example_xcomargs.py
[2022-12-17T04:21:47.118+0000] {processor.py:743} INFO - Processing file /home/airflow/.local/lib/python3.7/site-packages/airflow/example_dags/example_xcomargs.py for tasks to queue
[2022-12-17T04:21:47.119+0000] {logging_mixin.py:137} INFO - [2022-12-17T04:21:47.118+0000] {dagbag.py:538} INFO - Filling up the DagBag from /home/airflow/.local/lib/python3.7/site-packages/airflow/example_dags/example_xcomargs.py
[2022-12-17T04:21:47.136+0000] {processor.py:753} INFO - DAG(s) dict_keys(['example_xcom_args_with_operators', 'example_xcom_args']) retrieved from /home/airflow/.local/lib/python3.7/site-packages/airflow/example_dags/example_xcomargs.py
[2022-12-17T04:21:47.168+0000] {logging_mixin.py:137} INFO - [2022-12-17T04:21:47.168+0000] {dag.py:2676} INFO - Sync 2 DAGs
[2022-12-17T04:21:47.187+0000] {logging_mixin.py:137} INFO - [2022-12-17T04:21:47.187+0000] {dag.py:3427} INFO - Setting next_dagrun for example_xcom_args to None, run_after=None
[2022-12-17T04:21:47.190+0000] {logging_mixin.py:137} INFO - [2022-12-17T04:21:47.190+0000] {dag.py:3427} INFO - Setting next_dagrun for example_xcom_args_with_operators to None, run_after=None
[2022-12-17T04:21:47.200+0000] {processor.py:175} INFO - Processing /home/airflow/.local/lib/python3.7/site-packages/airflow/example_dags/example_xcomargs.py took 0.086 seconds
[2022-12-17T04:22:17.685+0000] {processor.py:153} INFO - Started process (PID=613) to work on /home/airflow/.local/lib/python3.7/site-packages/airflow/example_dags/example_xcomargs.py
[2022-12-17T04:22:17.685+0000] {processor.py:743} INFO - Processing file /home/airflow/.local/lib/python3.7/site-packages/airflow/example_dags/example_xcomargs.py for tasks to queue
[2022-12-17T04:22:17.686+0000] {logging_mixin.py:137} INFO - [2022-12-17T04:22:17.686+0000] {dagbag.py:538} INFO - Filling up the DagBag from /home/airflow/.local/lib/python3.7/site-packages/airflow/example_dags/example_xcomargs.py
[2022-12-17T04:22:17.702+0000] {processor.py:753} INFO - DAG(s) dict_keys(['example_xcom_args', 'example_xcom_args_with_operators']) retrieved from /home/airflow/.local/lib/python3.7/site-packages/airflow/example_dags/example_xcomargs.py
[2022-12-17T04:22:17.735+0000] {logging_mixin.py:137} INFO - [2022-12-17T04:22:17.735+0000] {dag.py:2676} INFO - Sync 2 DAGs
[2022-12-17T04:22:17.758+0000] {logging_mixin.py:137} INFO - [2022-12-17T04:22:17.758+0000] {dag.py:3427} INFO - Setting next_dagrun for example_xcom_args to None, run_after=None
[2022-12-17T04:22:17.761+0000] {logging_mixin.py:137} INFO - [2022-12-17T04:22:17.761+0000] {dag.py:3427} INFO - Setting next_dagrun for example_xcom_args_with_operators to None, run_after=None
[2022-12-17T04:22:17.772+0000] {processor.py:175} INFO - Processing /home/airflow/.local/lib/python3.7/site-packages/airflow/example_dags/example_xcomargs.py took 0.090 seconds
[2022-12-17T04:22:47.934+0000] {processor.py:153} INFO - Started process (PID=692) to work on /home/airflow/.local/lib/python3.7/site-packages/airflow/example_dags/example_xcomargs.py
[2022-12-17T04:22:47.934+0000] {processor.py:743} INFO - Processing file /home/airflow/.local/lib/python3.7/site-packages/airflow/example_dags/example_xcomargs.py for tasks to queue
[2022-12-17T04:22:47.935+0000] {logging_mixin.py:137} INFO - [2022-12-17T04:22:47.935+0000] {dagbag.py:538} INFO - Filling up the DagBag from /home/airflow/.local/lib/python3.7/site-packages/airflow/example_dags/example_xcomargs.py
[2022-12-17T04:22:47.951+0000] {processor.py:753} INFO - DAG(s) dict_keys(['example_xcom_args', 'example_xcom_args_with_operators']) retrieved from /home/airflow/.local/lib/python3.7/site-packages/airflow/example_dags/example_xcomargs.py
[2022-12-17T04:22:47.985+0000] {logging_mixin.py:137} INFO - [2022-12-17T04:22:47.984+0000] {dag.py:2676} INFO - Sync 2 DAGs
[2022-12-17T04:22:48.009+0000] {logging_mixin.py:137} INFO - [2022-12-17T04:22:48.009+0000] {dag.py:3427} INFO - Setting next_dagrun for example_xcom_args to None, run_after=None
[2022-12-17T04:22:48.011+0000] {logging_mixin.py:137} INFO - [2022-12-17T04:22:48.011+0000] {dag.py:3427} INFO - Setting next_dagrun for example_xcom_args_with_operators to None, run_after=None
[2022-12-17T04:22:48.023+0000] {processor.py:175} INFO - Processing /home/airflow/.local/lib/python3.7/site-packages/airflow/example_dags/example_xcomargs.py took 0.094 seconds
[2022-12-17T04:23:18.141+0000] {processor.py:153} INFO - Started process (PID=790) to work on /home/airflow/.local/lib/python3.7/site-packages/airflow/example_dags/example_xcomargs.py
[2022-12-17T04:23:18.142+0000] {processor.py:743} INFO - Processing file /home/airflow/.local/lib/python3.7/site-packages/airflow/example_dags/example_xcomargs.py for tasks to queue
[2022-12-17T04:23:18.142+0000] {logging_mixin.py:137} INFO - [2022-12-17T04:23:18.142+0000] {dagbag.py:538} INFO - Filling up the DagBag from /home/airflow/.local/lib/python3.7/site-packages/airflow/example_dags/example_xcomargs.py
[2022-12-17T04:23:18.158+0000] {processor.py:753} INFO - DAG(s) dict_keys(['example_xcom_args_with_operators', 'example_xcom_args']) retrieved from /home/airflow/.local/lib/python3.7/site-packages/airflow/example_dags/example_xcomargs.py
[2022-12-17T04:23:18.186+0000] {logging_mixin.py:137} INFO - [2022-12-17T04:23:18.186+0000] {dag.py:2676} INFO - Sync 2 DAGs
[2022-12-17T04:23:18.205+0000] {logging_mixin.py:137} INFO - [2022-12-17T04:23:18.205+0000] {dag.py:3427} INFO - Setting next_dagrun for example_xcom_args to None, run_after=None
[2022-12-17T04:23:18.207+0000] {logging_mixin.py:137} INFO - [2022-12-17T04:23:18.207+0000] {dag.py:3427} INFO - Setting next_dagrun for example_xcom_args_with_operators to None, run_after=None
[2022-12-17T04:23:18.218+0000] {processor.py:175} INFO - Processing /home/airflow/.local/lib/python3.7/site-packages/airflow/example_dags/example_xcomargs.py took 0.079 seconds
[2022-12-17T04:23:48.429+0000] {processor.py:153} INFO - Started process (PID=869) to work on /home/airflow/.local/lib/python3.7/site-packages/airflow/example_dags/example_xcomargs.py
[2022-12-17T04:23:48.429+0000] {processor.py:743} INFO - Processing file /home/airflow/.local/lib/python3.7/site-packages/airflow/example_dags/example_xcomargs.py for tasks to queue
[2022-12-17T04:23:48.430+0000] {logging_mixin.py:137} INFO - [2022-12-17T04:23:48.430+0000] {dagbag.py:538} INFO - Filling up the DagBag from /home/airflow/.local/lib/python3.7/site-packages/airflow/example_dags/example_xcomargs.py
[2022-12-17T04:23:48.448+0000] {processor.py:753} INFO - DAG(s) dict_keys(['example_xcom_args', 'example_xcom_args_with_operators']) retrieved from /home/airflow/.local/lib/python3.7/site-packages/airflow/example_dags/example_xcomargs.py
[2022-12-17T04:23:48.481+0000] {logging_mixin.py:137} INFO - [2022-12-17T04:23:48.480+0000] {dag.py:2676} INFO - Sync 2 DAGs
[2022-12-17T04:23:48.500+0000] {logging_mixin.py:137} INFO - [2022-12-17T04:23:48.500+0000] {dag.py:3427} INFO - Setting next_dagrun for example_xcom_args to None, run_after=None
[2022-12-17T04:23:48.502+0000] {logging_mixin.py:137} INFO - [2022-12-17T04:23:48.502+0000] {dag.py:3427} INFO - Setting next_dagrun for example_xcom_args_with_operators to None, run_after=None
[2022-12-17T04:23:48.515+0000] {processor.py:175} INFO - Processing /home/airflow/.local/lib/python3.7/site-packages/airflow/example_dags/example_xcomargs.py took 0.090 seconds
[2022-12-17T04:24:18.813+0000] {processor.py:153} INFO - Started process (PID=969) to work on /home/airflow/.local/lib/python3.7/site-packages/airflow/example_dags/example_xcomargs.py
[2022-12-17T04:24:18.814+0000] {processor.py:743} INFO - Processing file /home/airflow/.local/lib/python3.7/site-packages/airflow/example_dags/example_xcomargs.py for tasks to queue
[2022-12-17T04:24:18.814+0000] {logging_mixin.py:137} INFO - [2022-12-17T04:24:18.814+0000] {dagbag.py:538} INFO - Filling up the DagBag from /home/airflow/.local/lib/python3.7/site-packages/airflow/example_dags/example_xcomargs.py
[2022-12-17T04:24:18.833+0000] {processor.py:753} INFO - DAG(s) dict_keys(['example_xcom_args_with_operators', 'example_xcom_args']) retrieved from /home/airflow/.local/lib/python3.7/site-packages/airflow/example_dags/example_xcomargs.py
[2022-12-17T04:24:18.865+0000] {logging_mixin.py:137} INFO - [2022-12-17T04:24:18.865+0000] {dag.py:2676} INFO - Sync 2 DAGs
[2022-12-17T04:24:18.884+0000] {logging_mixin.py:137} INFO - [2022-12-17T04:24:18.884+0000] {dag.py:3427} INFO - Setting next_dagrun for example_xcom_args to None, run_after=None
[2022-12-17T04:24:18.886+0000] {logging_mixin.py:137} INFO - [2022-12-17T04:24:18.886+0000] {dag.py:3427} INFO - Setting next_dagrun for example_xcom_args_with_operators to None, run_after=None
[2022-12-17T04:24:18.899+0000] {processor.py:175} INFO - Processing /home/airflow/.local/lib/python3.7/site-packages/airflow/example_dags/example_xcomargs.py took 0.089 seconds
[2022-12-17T04:24:49.163+0000] {processor.py:153} INFO - Started process (PID=1048) to work on /home/airflow/.local/lib/python3.7/site-packages/airflow/example_dags/example_xcomargs.py
[2022-12-17T04:24:49.164+0000] {processor.py:743} INFO - Processing file /home/airflow/.local/lib/python3.7/site-packages/airflow/example_dags/example_xcomargs.py for tasks to queue
[2022-12-17T04:24:49.165+0000] {logging_mixin.py:137} INFO - [2022-12-17T04:24:49.164+0000] {dagbag.py:538} INFO - Filling up the DagBag from /home/airflow/.local/lib/python3.7/site-packages/airflow/example_dags/example_xcomargs.py
[2022-12-17T04:24:49.181+0000] {processor.py:753} INFO - DAG(s) dict_keys(['example_xcom_args', 'example_xcom_args_with_operators']) retrieved from /home/airflow/.local/lib/python3.7/site-packages/airflow/example_dags/example_xcomargs.py
[2022-12-17T04:24:49.210+0000] {logging_mixin.py:137} INFO - [2022-12-17T04:24:49.210+0000] {dag.py:2676} INFO - Sync 2 DAGs
[2022-12-17T04:24:49.228+0000] {logging_mixin.py:137} INFO - [2022-12-17T04:24:49.228+0000] {dag.py:3427} INFO - Setting next_dagrun for example_xcom_args to None, run_after=None
[2022-12-17T04:24:49.230+0000] {logging_mixin.py:137} INFO - [2022-12-17T04:24:49.230+0000] {dag.py:3427} INFO - Setting next_dagrun for example_xcom_args_with_operators to None, run_after=None
[2022-12-17T04:24:49.241+0000] {processor.py:175} INFO - Processing /home/airflow/.local/lib/python3.7/site-packages/airflow/example_dags/example_xcomargs.py took 0.080 seconds
[2022-12-17T04:25:19.305+0000] {processor.py:153} INFO - Started process (PID=1147) to work on /home/airflow/.local/lib/python3.7/site-packages/airflow/example_dags/example_xcomargs.py
[2022-12-17T04:25:19.306+0000] {processor.py:743} INFO - Processing file /home/airflow/.local/lib/python3.7/site-packages/airflow/example_dags/example_xcomargs.py for tasks to queue
[2022-12-17T04:25:19.306+0000] {logging_mixin.py:137} INFO - [2022-12-17T04:25:19.306+0000] {dagbag.py:538} INFO - Filling up the DagBag from /home/airflow/.local/lib/python3.7/site-packages/airflow/example_dags/example_xcomargs.py
[2022-12-17T04:25:19.322+0000] {processor.py:753} INFO - DAG(s) dict_keys(['example_xcom_args_with_operators', 'example_xcom_args']) retrieved from /home/airflow/.local/lib/python3.7/site-packages/airflow/example_dags/example_xcomargs.py
[2022-12-17T04:25:19.352+0000] {logging_mixin.py:137} INFO - [2022-12-17T04:25:19.352+0000] {dag.py:2676} INFO - Sync 2 DAGs
[2022-12-17T04:25:19.374+0000] {logging_mixin.py:137} INFO - [2022-12-17T04:25:19.374+0000] {dag.py:3427} INFO - Setting next_dagrun for example_xcom_args to None, run_after=None
[2022-12-17T04:25:19.376+0000] {logging_mixin.py:137} INFO - [2022-12-17T04:25:19.376+0000] {dag.py:3427} INFO - Setting next_dagrun for example_xcom_args_with_operators to None, run_after=None
[2022-12-17T04:25:19.388+0000] {processor.py:175} INFO - Processing /home/airflow/.local/lib/python3.7/site-packages/airflow/example_dags/example_xcomargs.py took 0.087 seconds
[2022-12-17T04:25:49.864+0000] {processor.py:153} INFO - Started process (PID=1246) to work on /home/airflow/.local/lib/python3.7/site-packages/airflow/example_dags/example_xcomargs.py
[2022-12-17T04:25:49.865+0000] {processor.py:743} INFO - Processing file /home/airflow/.local/lib/python3.7/site-packages/airflow/example_dags/example_xcomargs.py for tasks to queue
[2022-12-17T04:25:49.865+0000] {logging_mixin.py:137} INFO - [2022-12-17T04:25:49.865+0000] {dagbag.py:538} INFO - Filling up the DagBag from /home/airflow/.local/lib/python3.7/site-packages/airflow/example_dags/example_xcomargs.py
[2022-12-17T04:25:49.881+0000] {processor.py:753} INFO - DAG(s) dict_keys(['example_xcom_args', 'example_xcom_args_with_operators']) retrieved from /home/airflow/.local/lib/python3.7/site-packages/airflow/example_dags/example_xcomargs.py
[2022-12-17T04:25:49.916+0000] {logging_mixin.py:137} INFO - [2022-12-17T04:25:49.916+0000] {dag.py:2676} INFO - Sync 2 DAGs
[2022-12-17T04:25:49.943+0000] {logging_mixin.py:137} INFO - [2022-12-17T04:25:49.943+0000] {dag.py:3427} INFO - Setting next_dagrun for example_xcom_args to None, run_after=None
[2022-12-17T04:25:49.945+0000] {logging_mixin.py:137} INFO - [2022-12-17T04:25:49.945+0000] {dag.py:3427} INFO - Setting next_dagrun for example_xcom_args_with_operators to None, run_after=None
[2022-12-17T04:25:49.962+0000] {processor.py:175} INFO - Processing /home/airflow/.local/lib/python3.7/site-packages/airflow/example_dags/example_xcomargs.py took 0.100 seconds
[2022-12-17T04:26:20.399+0000] {processor.py:153} INFO - Started process (PID=1325) to work on /home/airflow/.local/lib/python3.7/site-packages/airflow/example_dags/example_xcomargs.py
[2022-12-17T04:26:20.400+0000] {processor.py:743} INFO - Processing file /home/airflow/.local/lib/python3.7/site-packages/airflow/example_dags/example_xcomargs.py for tasks to queue
[2022-12-17T04:26:20.401+0000] {logging_mixin.py:137} INFO - [2022-12-17T04:26:20.400+0000] {dagbag.py:538} INFO - Filling up the DagBag from /home/airflow/.local/lib/python3.7/site-packages/airflow/example_dags/example_xcomargs.py
[2022-12-17T04:26:20.419+0000] {processor.py:753} INFO - DAG(s) dict_keys(['example_xcom_args', 'example_xcom_args_with_operators']) retrieved from /home/airflow/.local/lib/python3.7/site-packages/airflow/example_dags/example_xcomargs.py
[2022-12-17T04:26:20.454+0000] {logging_mixin.py:137} INFO - [2022-12-17T04:26:20.454+0000] {dag.py:2676} INFO - Sync 2 DAGs
[2022-12-17T04:26:20.474+0000] {logging_mixin.py:137} INFO - [2022-12-17T04:26:20.474+0000] {dag.py:3427} INFO - Setting next_dagrun for example_xcom_args to None, run_after=None
[2022-12-17T04:26:20.477+0000] {logging_mixin.py:137} INFO - [2022-12-17T04:26:20.476+0000] {dag.py:3427} INFO - Setting next_dagrun for example_xcom_args_with_operators to None, run_after=None
[2022-12-17T04:26:20.487+0000] {processor.py:175} INFO - Processing /home/airflow/.local/lib/python3.7/site-packages/airflow/example_dags/example_xcomargs.py took 0.091 seconds
[2022-12-17T04:26:50.702+0000] {processor.py:153} INFO - Started process (PID=1424) to work on /home/airflow/.local/lib/python3.7/site-packages/airflow/example_dags/example_xcomargs.py
[2022-12-17T04:26:50.702+0000] {processor.py:743} INFO - Processing file /home/airflow/.local/lib/python3.7/site-packages/airflow/example_dags/example_xcomargs.py for tasks to queue
[2022-12-17T04:26:50.703+0000] {logging_mixin.py:137} INFO - [2022-12-17T04:26:50.703+0000] {dagbag.py:538} INFO - Filling up the DagBag from /home/airflow/.local/lib/python3.7/site-packages/airflow/example_dags/example_xcomargs.py
[2022-12-17T04:26:50.719+0000] {processor.py:753} INFO - DAG(s) dict_keys(['example_xcom_args_with_operators', 'example_xcom_args']) retrieved from /home/airflow/.local/lib/python3.7/site-packages/airflow/example_dags/example_xcomargs.py
[2022-12-17T04:26:50.749+0000] {logging_mixin.py:137} INFO - [2022-12-17T04:26:50.749+0000] {dag.py:2676} INFO - Sync 2 DAGs
[2022-12-17T04:26:50.774+0000] {logging_mixin.py:137} INFO - [2022-12-17T04:26:50.774+0000] {dag.py:3427} INFO - Setting next_dagrun for example_xcom_args to None, run_after=None
[2022-12-17T04:26:50.776+0000] {logging_mixin.py:137} INFO - [2022-12-17T04:26:50.776+0000] {dag.py:3427} INFO - Setting next_dagrun for example_xcom_args_with_operators to None, run_after=None
[2022-12-17T04:26:50.788+0000] {processor.py:175} INFO - Processing /home/airflow/.local/lib/python3.7/site-packages/airflow/example_dags/example_xcomargs.py took 0.089 seconds
[2022-12-17T04:27:20.840+0000] {processor.py:153} INFO - Started process (PID=1503) to work on /home/airflow/.local/lib/python3.7/site-packages/airflow/example_dags/example_xcomargs.py
[2022-12-17T04:27:20.841+0000] {processor.py:743} INFO - Processing file /home/airflow/.local/lib/python3.7/site-packages/airflow/example_dags/example_xcomargs.py for tasks to queue
[2022-12-17T04:27:20.842+0000] {logging_mixin.py:137} INFO - [2022-12-17T04:27:20.841+0000] {dagbag.py:538} INFO - Filling up the DagBag from /home/airflow/.local/lib/python3.7/site-packages/airflow/example_dags/example_xcomargs.py
[2022-12-17T04:27:20.859+0000] {processor.py:753} INFO - DAG(s) dict_keys(['example_xcom_args', 'example_xcom_args_with_operators']) retrieved from /home/airflow/.local/lib/python3.7/site-packages/airflow/example_dags/example_xcomargs.py
[2022-12-17T04:27:20.889+0000] {logging_mixin.py:137} INFO - [2022-12-17T04:27:20.889+0000] {dag.py:2676} INFO - Sync 2 DAGs
[2022-12-17T04:27:20.909+0000] {logging_mixin.py:137} INFO - [2022-12-17T04:27:20.909+0000] {dag.py:3427} INFO - Setting next_dagrun for example_xcom_args to None, run_after=None
[2022-12-17T04:27:20.912+0000] {logging_mixin.py:137} INFO - [2022-12-17T04:27:20.912+0000] {dag.py:3427} INFO - Setting next_dagrun for example_xcom_args_with_operators to None, run_after=None
[2022-12-17T04:27:20.923+0000] {processor.py:175} INFO - Processing /home/airflow/.local/lib/python3.7/site-packages/airflow/example_dags/example_xcomargs.py took 0.085 seconds
[2022-12-17T04:27:51.288+0000] {processor.py:153} INFO - Started process (PID=1603) to work on /home/airflow/.local/lib/python3.7/site-packages/airflow/example_dags/example_xcomargs.py
[2022-12-17T04:27:51.288+0000] {processor.py:743} INFO - Processing file /home/airflow/.local/lib/python3.7/site-packages/airflow/example_dags/example_xcomargs.py for tasks to queue
[2022-12-17T04:27:51.289+0000] {logging_mixin.py:137} INFO - [2022-12-17T04:27:51.289+0000] {dagbag.py:538} INFO - Filling up the DagBag from /home/airflow/.local/lib/python3.7/site-packages/airflow/example_dags/example_xcomargs.py
[2022-12-17T04:27:51.306+0000] {processor.py:753} INFO - DAG(s) dict_keys(['example_xcom_args_with_operators', 'example_xcom_args']) retrieved from /home/airflow/.local/lib/python3.7/site-packages/airflow/example_dags/example_xcomargs.py
[2022-12-17T04:27:51.336+0000] {logging_mixin.py:137} INFO - [2022-12-17T04:27:51.336+0000] {dag.py:2676} INFO - Sync 2 DAGs
[2022-12-17T04:27:51.356+0000] {logging_mixin.py:137} INFO - [2022-12-17T04:27:51.355+0000] {dag.py:3427} INFO - Setting next_dagrun for example_xcom_args to None, run_after=None
[2022-12-17T04:27:51.358+0000] {logging_mixin.py:137} INFO - [2022-12-17T04:27:51.358+0000] {dag.py:3427} INFO - Setting next_dagrun for example_xcom_args_with_operators to None, run_after=None
[2022-12-17T04:27:51.369+0000] {processor.py:175} INFO - Processing /home/airflow/.local/lib/python3.7/site-packages/airflow/example_dags/example_xcomargs.py took 0.084 seconds
[2022-12-17T04:28:21.632+0000] {processor.py:153} INFO - Started process (PID=1682) to work on /home/airflow/.local/lib/python3.7/site-packages/airflow/example_dags/example_xcomargs.py
[2022-12-17T04:28:21.633+0000] {processor.py:743} INFO - Processing file /home/airflow/.local/lib/python3.7/site-packages/airflow/example_dags/example_xcomargs.py for tasks to queue
[2022-12-17T04:28:21.633+0000] {logging_mixin.py:137} INFO - [2022-12-17T04:28:21.633+0000] {dagbag.py:538} INFO - Filling up the DagBag from /home/airflow/.local/lib/python3.7/site-packages/airflow/example_dags/example_xcomargs.py
[2022-12-17T04:28:21.652+0000] {processor.py:753} INFO - DAG(s) dict_keys(['example_xcom_args', 'example_xcom_args_with_operators']) retrieved from /home/airflow/.local/lib/python3.7/site-packages/airflow/example_dags/example_xcomargs.py
[2022-12-17T04:28:21.687+0000] {logging_mixin.py:137} INFO - [2022-12-17T04:28:21.686+0000] {dag.py:2676} INFO - Sync 2 DAGs
[2022-12-17T04:28:21.708+0000] {logging_mixin.py:137} INFO - [2022-12-17T04:28:21.707+0000] {dag.py:3427} INFO - Setting next_dagrun for example_xcom_args to None, run_after=None
[2022-12-17T04:28:21.710+0000] {logging_mixin.py:137} INFO - [2022-12-17T04:28:21.710+0000] {dag.py:3427} INFO - Setting next_dagrun for example_xcom_args_with_operators to None, run_after=None
[2022-12-17T04:28:21.724+0000] {processor.py:175} INFO - Processing /home/airflow/.local/lib/python3.7/site-packages/airflow/example_dags/example_xcomargs.py took 0.095 seconds
[2022-12-17T04:28:51.817+0000] {processor.py:153} INFO - Started process (PID=1782) to work on /home/airflow/.local/lib/python3.7/site-packages/airflow/example_dags/example_xcomargs.py
[2022-12-17T04:28:51.817+0000] {processor.py:743} INFO - Processing file /home/airflow/.local/lib/python3.7/site-packages/airflow/example_dags/example_xcomargs.py for tasks to queue
[2022-12-17T04:28:51.818+0000] {logging_mixin.py:137} INFO - [2022-12-17T04:28:51.817+0000] {dagbag.py:538} INFO - Filling up the DagBag from /home/airflow/.local/lib/python3.7/site-packages/airflow/example_dags/example_xcomargs.py
[2022-12-17T04:28:51.835+0000] {processor.py:753} INFO - DAG(s) dict_keys(['example_xcom_args_with_operators', 'example_xcom_args']) retrieved from /home/airflow/.local/lib/python3.7/site-packages/airflow/example_dags/example_xcomargs.py
[2022-12-17T04:28:51.864+0000] {logging_mixin.py:137} INFO - [2022-12-17T04:28:51.864+0000] {dag.py:2676} INFO - Sync 2 DAGs
[2022-12-17T04:28:51.885+0000] {logging_mixin.py:137} INFO - [2022-12-17T04:28:51.885+0000] {dag.py:3427} INFO - Setting next_dagrun for example_xcom_args to None, run_after=None
[2022-12-17T04:28:51.888+0000] {logging_mixin.py:137} INFO - [2022-12-17T04:28:51.888+0000] {dag.py:3427} INFO - Setting next_dagrun for example_xcom_args_with_operators to None, run_after=None
[2022-12-17T04:28:51.898+0000] {processor.py:175} INFO - Processing /home/airflow/.local/lib/python3.7/site-packages/airflow/example_dags/example_xcomargs.py took 0.084 seconds
[2022-12-17T04:29:22.440+0000] {processor.py:153} INFO - Started process (PID=1870) to work on /home/airflow/.local/lib/python3.7/site-packages/airflow/example_dags/example_xcomargs.py
[2022-12-17T04:29:22.441+0000] {processor.py:743} INFO - Processing file /home/airflow/.local/lib/python3.7/site-packages/airflow/example_dags/example_xcomargs.py for tasks to queue
[2022-12-17T04:29:22.441+0000] {logging_mixin.py:137} INFO - [2022-12-17T04:29:22.441+0000] {dagbag.py:538} INFO - Filling up the DagBag from /home/airflow/.local/lib/python3.7/site-packages/airflow/example_dags/example_xcomargs.py
[2022-12-17T04:29:22.460+0000] {processor.py:753} INFO - DAG(s) dict_keys(['example_xcom_args_with_operators', 'example_xcom_args']) retrieved from /home/airflow/.local/lib/python3.7/site-packages/airflow/example_dags/example_xcomargs.py
[2022-12-17T04:29:22.494+0000] {logging_mixin.py:137} INFO - [2022-12-17T04:29:22.494+0000] {dag.py:2676} INFO - Sync 2 DAGs
[2022-12-17T04:29:22.519+0000] {logging_mixin.py:137} INFO - [2022-12-17T04:29:22.519+0000] {dag.py:3427} INFO - Setting next_dagrun for example_xcom_args to None, run_after=None
[2022-12-17T04:29:22.522+0000] {logging_mixin.py:137} INFO - [2022-12-17T04:29:22.522+0000] {dag.py:3427} INFO - Setting next_dagrun for example_xcom_args_with_operators to None, run_after=None
[2022-12-17T04:29:22.533+0000] {processor.py:175} INFO - Processing /home/airflow/.local/lib/python3.7/site-packages/airflow/example_dags/example_xcomargs.py took 0.096 seconds
[2022-12-17T04:29:52.601+0000] {processor.py:153} INFO - Started process (PID=1960) to work on /home/airflow/.local/lib/python3.7/site-packages/airflow/example_dags/example_xcomargs.py
[2022-12-17T04:29:52.601+0000] {processor.py:743} INFO - Processing file /home/airflow/.local/lib/python3.7/site-packages/airflow/example_dags/example_xcomargs.py for tasks to queue
[2022-12-17T04:29:52.602+0000] {logging_mixin.py:137} INFO - [2022-12-17T04:29:52.602+0000] {dagbag.py:538} INFO - Filling up the DagBag from /home/airflow/.local/lib/python3.7/site-packages/airflow/example_dags/example_xcomargs.py
[2022-12-17T04:29:52.618+0000] {processor.py:753} INFO - DAG(s) dict_keys(['example_xcom_args_with_operators', 'example_xcom_args']) retrieved from /home/airflow/.local/lib/python3.7/site-packages/airflow/example_dags/example_xcomargs.py
[2022-12-17T04:29:52.649+0000] {logging_mixin.py:137} INFO - [2022-12-17T04:29:52.649+0000] {dag.py:2676} INFO - Sync 2 DAGs
[2022-12-17T04:29:52.667+0000] {logging_mixin.py:137} INFO - [2022-12-17T04:29:52.667+0000] {dag.py:3427} INFO - Setting next_dagrun for example_xcom_args to None, run_after=None
[2022-12-17T04:29:52.669+0000] {logging_mixin.py:137} INFO - [2022-12-17T04:29:52.669+0000] {dag.py:3427} INFO - Setting next_dagrun for example_xcom_args_with_operators to None, run_after=None
[2022-12-17T04:29:52.679+0000] {processor.py:175} INFO - Processing /home/airflow/.local/lib/python3.7/site-packages/airflow/example_dags/example_xcomargs.py took 0.081 seconds
[2022-12-17T04:30:22.900+0000] {processor.py:153} INFO - Started process (PID=2059) to work on /home/airflow/.local/lib/python3.7/site-packages/airflow/example_dags/example_xcomargs.py
[2022-12-17T04:30:22.901+0000] {processor.py:743} INFO - Processing file /home/airflow/.local/lib/python3.7/site-packages/airflow/example_dags/example_xcomargs.py for tasks to queue
[2022-12-17T04:30:22.901+0000] {logging_mixin.py:137} INFO - [2022-12-17T04:30:22.901+0000] {dagbag.py:538} INFO - Filling up the DagBag from /home/airflow/.local/lib/python3.7/site-packages/airflow/example_dags/example_xcomargs.py
[2022-12-17T04:30:22.918+0000] {processor.py:753} INFO - DAG(s) dict_keys(['example_xcom_args', 'example_xcom_args_with_operators']) retrieved from /home/airflow/.local/lib/python3.7/site-packages/airflow/example_dags/example_xcomargs.py
[2022-12-17T04:30:22.951+0000] {logging_mixin.py:137} INFO - [2022-12-17T04:30:22.951+0000] {dag.py:2676} INFO - Sync 2 DAGs
[2022-12-17T04:30:22.969+0000] {logging_mixin.py:137} INFO - [2022-12-17T04:30:22.969+0000] {dag.py:3427} INFO - Setting next_dagrun for example_xcom_args to None, run_after=None
[2022-12-17T04:30:22.971+0000] {logging_mixin.py:137} INFO - [2022-12-17T04:30:22.971+0000] {dag.py:3427} INFO - Setting next_dagrun for example_xcom_args_with_operators to None, run_after=None
[2022-12-17T04:30:22.983+0000] {processor.py:175} INFO - Processing /home/airflow/.local/lib/python3.7/site-packages/airflow/example_dags/example_xcomargs.py took 0.085 seconds
[2022-12-17T04:30:53.287+0000] {processor.py:153} INFO - Started process (PID=2138) to work on /home/airflow/.local/lib/python3.7/site-packages/airflow/example_dags/example_xcomargs.py
[2022-12-17T04:30:53.287+0000] {processor.py:743} INFO - Processing file /home/airflow/.local/lib/python3.7/site-packages/airflow/example_dags/example_xcomargs.py for tasks to queue
[2022-12-17T04:30:53.288+0000] {logging_mixin.py:137} INFO - [2022-12-17T04:30:53.288+0000] {dagbag.py:538} INFO - Filling up the DagBag from /home/airflow/.local/lib/python3.7/site-packages/airflow/example_dags/example_xcomargs.py
[2022-12-17T04:30:53.306+0000] {processor.py:753} INFO - DAG(s) dict_keys(['example_xcom_args', 'example_xcom_args_with_operators']) retrieved from /home/airflow/.local/lib/python3.7/site-packages/airflow/example_dags/example_xcomargs.py
[2022-12-17T04:30:53.338+0000] {logging_mixin.py:137} INFO - [2022-12-17T04:30:53.338+0000] {dag.py:2676} INFO - Sync 2 DAGs
[2022-12-17T04:30:53.357+0000] {logging_mixin.py:137} INFO - [2022-12-17T04:30:53.357+0000] {dag.py:3427} INFO - Setting next_dagrun for example_xcom_args to None, run_after=None
[2022-12-17T04:30:53.360+0000] {logging_mixin.py:137} INFO - [2022-12-17T04:30:53.360+0000] {dag.py:3427} INFO - Setting next_dagrun for example_xcom_args_with_operators to None, run_after=None
[2022-12-17T04:30:53.372+0000] {processor.py:175} INFO - Processing /home/airflow/.local/lib/python3.7/site-packages/airflow/example_dags/example_xcomargs.py took 0.088 seconds
[2022-12-17T04:31:23.544+0000] {processor.py:153} INFO - Started process (PID=2237) to work on /home/airflow/.local/lib/python3.7/site-packages/airflow/example_dags/example_xcomargs.py
[2022-12-17T04:31:23.545+0000] {processor.py:743} INFO - Processing file /home/airflow/.local/lib/python3.7/site-packages/airflow/example_dags/example_xcomargs.py for tasks to queue
[2022-12-17T04:31:23.545+0000] {logging_mixin.py:137} INFO - [2022-12-17T04:31:23.545+0000] {dagbag.py:538} INFO - Filling up the DagBag from /home/airflow/.local/lib/python3.7/site-packages/airflow/example_dags/example_xcomargs.py
[2022-12-17T04:31:23.562+0000] {processor.py:753} INFO - DAG(s) dict_keys(['example_xcom_args_with_operators', 'example_xcom_args']) retrieved from /home/airflow/.local/lib/python3.7/site-packages/airflow/example_dags/example_xcomargs.py
[2022-12-17T04:31:23.598+0000] {logging_mixin.py:137} INFO - [2022-12-17T04:31:23.598+0000] {dag.py:2676} INFO - Sync 2 DAGs
[2022-12-17T04:31:23.623+0000] {logging_mixin.py:137} INFO - [2022-12-17T04:31:23.623+0000] {dag.py:3427} INFO - Setting next_dagrun for example_xcom_args to None, run_after=None
[2022-12-17T04:31:23.625+0000] {logging_mixin.py:137} INFO - [2022-12-17T04:31:23.625+0000] {dag.py:3427} INFO - Setting next_dagrun for example_xcom_args_with_operators to None, run_after=None
[2022-12-17T04:31:23.638+0000] {processor.py:175} INFO - Processing /home/airflow/.local/lib/python3.7/site-packages/airflow/example_dags/example_xcomargs.py took 0.097 seconds
[2022-12-17T04:31:54.060+0000] {processor.py:153} INFO - Started process (PID=2316) to work on /home/airflow/.local/lib/python3.7/site-packages/airflow/example_dags/example_xcomargs.py
[2022-12-17T04:31:54.061+0000] {processor.py:743} INFO - Processing file /home/airflow/.local/lib/python3.7/site-packages/airflow/example_dags/example_xcomargs.py for tasks to queue
[2022-12-17T04:31:54.062+0000] {logging_mixin.py:137} INFO - [2022-12-17T04:31:54.062+0000] {dagbag.py:538} INFO - Filling up the DagBag from /home/airflow/.local/lib/python3.7/site-packages/airflow/example_dags/example_xcomargs.py
[2022-12-17T04:31:54.079+0000] {processor.py:753} INFO - DAG(s) dict_keys(['example_xcom_args_with_operators', 'example_xcom_args']) retrieved from /home/airflow/.local/lib/python3.7/site-packages/airflow/example_dags/example_xcomargs.py
[2022-12-17T04:31:54.111+0000] {logging_mixin.py:137} INFO - [2022-12-17T04:31:54.111+0000] {dag.py:2676} INFO - Sync 2 DAGs
[2022-12-17T04:31:54.130+0000] {logging_mixin.py:137} INFO - [2022-12-17T04:31:54.130+0000] {dag.py:3427} INFO - Setting next_dagrun for example_xcom_args to None, run_after=None
[2022-12-17T04:31:54.132+0000] {logging_mixin.py:137} INFO - [2022-12-17T04:31:54.132+0000] {dag.py:3427} INFO - Setting next_dagrun for example_xcom_args_with_operators to None, run_after=None
[2022-12-17T04:31:54.146+0000] {processor.py:175} INFO - Processing /home/airflow/.local/lib/python3.7/site-packages/airflow/example_dags/example_xcomargs.py took 0.088 seconds
[2022-12-17T04:32:24.325+0000] {processor.py:153} INFO - Started process (PID=2416) to work on /home/airflow/.local/lib/python3.7/site-packages/airflow/example_dags/example_xcomargs.py
[2022-12-17T04:32:24.326+0000] {processor.py:743} INFO - Processing file /home/airflow/.local/lib/python3.7/site-packages/airflow/example_dags/example_xcomargs.py for tasks to queue
[2022-12-17T04:32:24.327+0000] {logging_mixin.py:137} INFO - [2022-12-17T04:32:24.327+0000] {dagbag.py:538} INFO - Filling up the DagBag from /home/airflow/.local/lib/python3.7/site-packages/airflow/example_dags/example_xcomargs.py
[2022-12-17T04:32:24.344+0000] {processor.py:753} INFO - DAG(s) dict_keys(['example_xcom_args', 'example_xcom_args_with_operators']) retrieved from /home/airflow/.local/lib/python3.7/site-packages/airflow/example_dags/example_xcomargs.py
[2022-12-17T04:32:24.376+0000] {logging_mixin.py:137} INFO - [2022-12-17T04:32:24.376+0000] {dag.py:2676} INFO - Sync 2 DAGs
[2022-12-17T04:32:24.396+0000] {logging_mixin.py:137} INFO - [2022-12-17T04:32:24.396+0000] {dag.py:3427} INFO - Setting next_dagrun for example_xcom_args to None, run_after=None
[2022-12-17T04:32:24.398+0000] {logging_mixin.py:137} INFO - [2022-12-17T04:32:24.398+0000] {dag.py:3427} INFO - Setting next_dagrun for example_xcom_args_with_operators to None, run_after=None
[2022-12-17T04:32:24.410+0000] {processor.py:175} INFO - Processing /home/airflow/.local/lib/python3.7/site-packages/airflow/example_dags/example_xcomargs.py took 0.087 seconds
[2022-12-17T04:32:54.645+0000] {processor.py:153} INFO - Started process (PID=2515) to work on /home/airflow/.local/lib/python3.7/site-packages/airflow/example_dags/example_xcomargs.py
[2022-12-17T04:32:54.646+0000] {processor.py:743} INFO - Processing file /home/airflow/.local/lib/python3.7/site-packages/airflow/example_dags/example_xcomargs.py for tasks to queue
[2022-12-17T04:32:54.646+0000] {logging_mixin.py:137} INFO - [2022-12-17T04:32:54.646+0000] {dagbag.py:538} INFO - Filling up the DagBag from /home/airflow/.local/lib/python3.7/site-packages/airflow/example_dags/example_xcomargs.py
[2022-12-17T04:32:54.665+0000] {processor.py:753} INFO - DAG(s) dict_keys(['example_xcom_args_with_operators', 'example_xcom_args']) retrieved from /home/airflow/.local/lib/python3.7/site-packages/airflow/example_dags/example_xcomargs.py
[2022-12-17T04:32:54.693+0000] {logging_mixin.py:137} INFO - [2022-12-17T04:32:54.693+0000] {dag.py:2676} INFO - Sync 2 DAGs
[2022-12-17T04:32:54.713+0000] {logging_mixin.py:137} INFO - [2022-12-17T04:32:54.713+0000] {dag.py:3427} INFO - Setting next_dagrun for example_xcom_args to None, run_after=None
[2022-12-17T04:32:54.715+0000] {logging_mixin.py:137} INFO - [2022-12-17T04:32:54.715+0000] {dag.py:3427} INFO - Setting next_dagrun for example_xcom_args_with_operators to None, run_after=None
[2022-12-17T04:32:54.726+0000] {processor.py:175} INFO - Processing /home/airflow/.local/lib/python3.7/site-packages/airflow/example_dags/example_xcomargs.py took 0.083 seconds
[2022-12-17T04:33:24.773+0000] {processor.py:153} INFO - Started process (PID=2595) to work on /home/airflow/.local/lib/python3.7/site-packages/airflow/example_dags/example_xcomargs.py
[2022-12-17T04:33:24.774+0000] {processor.py:743} INFO - Processing file /home/airflow/.local/lib/python3.7/site-packages/airflow/example_dags/example_xcomargs.py for tasks to queue
[2022-12-17T04:33:24.774+0000] {logging_mixin.py:137} INFO - [2022-12-17T04:33:24.774+0000] {dagbag.py:538} INFO - Filling up the DagBag from /home/airflow/.local/lib/python3.7/site-packages/airflow/example_dags/example_xcomargs.py
[2022-12-17T04:33:24.793+0000] {processor.py:753} INFO - DAG(s) dict_keys(['example_xcom_args_with_operators', 'example_xcom_args']) retrieved from /home/airflow/.local/lib/python3.7/site-packages/airflow/example_dags/example_xcomargs.py
[2022-12-17T04:33:24.827+0000] {logging_mixin.py:137} INFO - [2022-12-17T04:33:24.827+0000] {dag.py:2676} INFO - Sync 2 DAGs
[2022-12-17T04:33:24.854+0000] {logging_mixin.py:137} INFO - [2022-12-17T04:33:24.854+0000] {dag.py:3427} INFO - Setting next_dagrun for example_xcom_args to None, run_after=None
[2022-12-17T04:33:24.857+0000] {logging_mixin.py:137} INFO - [2022-12-17T04:33:24.857+0000] {dag.py:3427} INFO - Setting next_dagrun for example_xcom_args_with_operators to None, run_after=None
[2022-12-17T04:33:24.869+0000] {processor.py:175} INFO - Processing /home/airflow/.local/lib/python3.7/site-packages/airflow/example_dags/example_xcomargs.py took 0.099 seconds
[2022-12-17T04:33:55.446+0000] {processor.py:153} INFO - Started process (PID=2694) to work on /home/airflow/.local/lib/python3.7/site-packages/airflow/example_dags/example_xcomargs.py
[2022-12-17T04:33:55.447+0000] {processor.py:743} INFO - Processing file /home/airflow/.local/lib/python3.7/site-packages/airflow/example_dags/example_xcomargs.py for tasks to queue
[2022-12-17T04:33:55.447+0000] {logging_mixin.py:137} INFO - [2022-12-17T04:33:55.447+0000] {dagbag.py:538} INFO - Filling up the DagBag from /home/airflow/.local/lib/python3.7/site-packages/airflow/example_dags/example_xcomargs.py
[2022-12-17T04:33:55.464+0000] {processor.py:753} INFO - DAG(s) dict_keys(['example_xcom_args_with_operators', 'example_xcom_args']) retrieved from /home/airflow/.local/lib/python3.7/site-packages/airflow/example_dags/example_xcomargs.py
[2022-12-17T04:33:55.499+0000] {logging_mixin.py:137} INFO - [2022-12-17T04:33:55.499+0000] {dag.py:2676} INFO - Sync 2 DAGs
[2022-12-17T04:33:55.518+0000] {logging_mixin.py:137} INFO - [2022-12-17T04:33:55.518+0000] {dag.py:3427} INFO - Setting next_dagrun for example_xcom_args to None, run_after=None
[2022-12-17T04:33:55.521+0000] {logging_mixin.py:137} INFO - [2022-12-17T04:33:55.520+0000] {dag.py:3427} INFO - Setting next_dagrun for example_xcom_args_with_operators to None, run_after=None
[2022-12-17T04:33:55.531+0000] {processor.py:175} INFO - Processing /home/airflow/.local/lib/python3.7/site-packages/airflow/example_dags/example_xcomargs.py took 0.087 seconds
[2022-12-17T04:34:25.684+0000] {processor.py:153} INFO - Started process (PID=2773) to work on /home/airflow/.local/lib/python3.7/site-packages/airflow/example_dags/example_xcomargs.py
[2022-12-17T04:34:25.685+0000] {processor.py:743} INFO - Processing file /home/airflow/.local/lib/python3.7/site-packages/airflow/example_dags/example_xcomargs.py for tasks to queue
[2022-12-17T04:34:25.685+0000] {logging_mixin.py:137} INFO - [2022-12-17T04:34:25.685+0000] {dagbag.py:538} INFO - Filling up the DagBag from /home/airflow/.local/lib/python3.7/site-packages/airflow/example_dags/example_xcomargs.py
[2022-12-17T04:34:25.703+0000] {processor.py:753} INFO - DAG(s) dict_keys(['example_xcom_args', 'example_xcom_args_with_operators']) retrieved from /home/airflow/.local/lib/python3.7/site-packages/airflow/example_dags/example_xcomargs.py
[2022-12-17T04:34:25.774+0000] {logging_mixin.py:137} INFO - [2022-12-17T04:34:25.774+0000] {dag.py:2676} INFO - Sync 2 DAGs
[2022-12-17T04:34:25.794+0000] {logging_mixin.py:137} INFO - [2022-12-17T04:34:25.794+0000] {dag.py:3427} INFO - Setting next_dagrun for example_xcom_args to None, run_after=None
[2022-12-17T04:34:25.796+0000] {logging_mixin.py:137} INFO - [2022-12-17T04:34:25.796+0000] {dag.py:3427} INFO - Setting next_dagrun for example_xcom_args_with_operators to None, run_after=None
[2022-12-17T04:34:25.812+0000] {processor.py:175} INFO - Processing /home/airflow/.local/lib/python3.7/site-packages/airflow/example_dags/example_xcomargs.py took 0.131 seconds
[2022-12-17T04:34:55.983+0000] {processor.py:153} INFO - Started process (PID=2872) to work on /home/airflow/.local/lib/python3.7/site-packages/airflow/example_dags/example_xcomargs.py
[2022-12-17T04:34:55.984+0000] {processor.py:743} INFO - Processing file /home/airflow/.local/lib/python3.7/site-packages/airflow/example_dags/example_xcomargs.py for tasks to queue
[2022-12-17T04:34:55.984+0000] {logging_mixin.py:137} INFO - [2022-12-17T04:34:55.984+0000] {dagbag.py:538} INFO - Filling up the DagBag from /home/airflow/.local/lib/python3.7/site-packages/airflow/example_dags/example_xcomargs.py
[2022-12-17T04:34:56.009+0000] {processor.py:753} INFO - DAG(s) dict_keys(['example_xcom_args_with_operators', 'example_xcom_args']) retrieved from /home/airflow/.local/lib/python3.7/site-packages/airflow/example_dags/example_xcomargs.py
[2022-12-17T04:34:56.040+0000] {logging_mixin.py:137} INFO - [2022-12-17T04:34:56.040+0000] {dag.py:2676} INFO - Sync 2 DAGs
[2022-12-17T04:34:56.061+0000] {logging_mixin.py:137} INFO - [2022-12-17T04:34:56.061+0000] {dag.py:3427} INFO - Setting next_dagrun for example_xcom_args to None, run_after=None
[2022-12-17T04:34:56.063+0000] {logging_mixin.py:137} INFO - [2022-12-17T04:34:56.063+0000] {dag.py:3427} INFO - Setting next_dagrun for example_xcom_args_with_operators to None, run_after=None
[2022-12-17T04:34:56.075+0000] {processor.py:175} INFO - Processing /home/airflow/.local/lib/python3.7/site-packages/airflow/example_dags/example_xcomargs.py took 0.093 seconds
[2022-12-17T04:35:26.472+0000] {processor.py:153} INFO - Started process (PID=2951) to work on /home/airflow/.local/lib/python3.7/site-packages/airflow/example_dags/example_xcomargs.py
[2022-12-17T04:35:26.472+0000] {processor.py:743} INFO - Processing file /home/airflow/.local/lib/python3.7/site-packages/airflow/example_dags/example_xcomargs.py for tasks to queue
[2022-12-17T04:35:26.473+0000] {logging_mixin.py:137} INFO - [2022-12-17T04:35:26.473+0000] {dagbag.py:538} INFO - Filling up the DagBag from /home/airflow/.local/lib/python3.7/site-packages/airflow/example_dags/example_xcomargs.py
[2022-12-17T04:35:26.491+0000] {processor.py:753} INFO - DAG(s) dict_keys(['example_xcom_args_with_operators', 'example_xcom_args']) retrieved from /home/airflow/.local/lib/python3.7/site-packages/airflow/example_dags/example_xcomargs.py
[2022-12-17T04:35:26.548+0000] {logging_mixin.py:137} INFO - [2022-12-17T04:35:26.548+0000] {dag.py:2676} INFO - Sync 2 DAGs
[2022-12-17T04:35:26.568+0000] {logging_mixin.py:137} INFO - [2022-12-17T04:35:26.568+0000] {dag.py:3427} INFO - Setting next_dagrun for example_xcom_args to None, run_after=None
[2022-12-17T04:35:26.572+0000] {logging_mixin.py:137} INFO - [2022-12-17T04:35:26.571+0000] {dag.py:3427} INFO - Setting next_dagrun for example_xcom_args_with_operators to None, run_after=None
[2022-12-17T04:35:26.582+0000] {processor.py:175} INFO - Processing /home/airflow/.local/lib/python3.7/site-packages/airflow/example_dags/example_xcomargs.py took 0.113 seconds
[2022-12-17T04:35:57.084+0000] {processor.py:153} INFO - Started process (PID=3049) to work on /home/airflow/.local/lib/python3.7/site-packages/airflow/example_dags/example_xcomargs.py
[2022-12-17T04:35:57.084+0000] {processor.py:743} INFO - Processing file /home/airflow/.local/lib/python3.7/site-packages/airflow/example_dags/example_xcomargs.py for tasks to queue
[2022-12-17T04:35:57.085+0000] {logging_mixin.py:137} INFO - [2022-12-17T04:35:57.085+0000] {dagbag.py:538} INFO - Filling up the DagBag from /home/airflow/.local/lib/python3.7/site-packages/airflow/example_dags/example_xcomargs.py
[2022-12-17T04:35:57.103+0000] {processor.py:753} INFO - DAG(s) dict_keys(['example_xcom_args', 'example_xcom_args_with_operators']) retrieved from /home/airflow/.local/lib/python3.7/site-packages/airflow/example_dags/example_xcomargs.py
[2022-12-17T04:35:57.136+0000] {logging_mixin.py:137} INFO - [2022-12-17T04:35:57.135+0000] {dag.py:2676} INFO - Sync 2 DAGs
[2022-12-17T04:35:57.164+0000] {logging_mixin.py:137} INFO - [2022-12-17T04:35:57.163+0000] {dag.py:3427} INFO - Setting next_dagrun for example_xcom_args to None, run_after=None
[2022-12-17T04:35:57.166+0000] {logging_mixin.py:137} INFO - [2022-12-17T04:35:57.166+0000] {dag.py:3427} INFO - Setting next_dagrun for example_xcom_args_with_operators to None, run_after=None
[2022-12-17T04:35:57.180+0000] {processor.py:175} INFO - Processing /home/airflow/.local/lib/python3.7/site-packages/airflow/example_dags/example_xcomargs.py took 0.099 seconds
[2022-12-17T04:36:27.709+0000] {processor.py:153} INFO - Started process (PID=3137) to work on /home/airflow/.local/lib/python3.7/site-packages/airflow/example_dags/example_xcomargs.py
[2022-12-17T04:36:27.709+0000] {processor.py:743} INFO - Processing file /home/airflow/.local/lib/python3.7/site-packages/airflow/example_dags/example_xcomargs.py for tasks to queue
[2022-12-17T04:36:27.710+0000] {logging_mixin.py:137} INFO - [2022-12-17T04:36:27.710+0000] {dagbag.py:538} INFO - Filling up the DagBag from /home/airflow/.local/lib/python3.7/site-packages/airflow/example_dags/example_xcomargs.py
[2022-12-17T04:36:27.732+0000] {processor.py:753} INFO - DAG(s) dict_keys(['example_xcom_args_with_operators', 'example_xcom_args']) retrieved from /home/airflow/.local/lib/python3.7/site-packages/airflow/example_dags/example_xcomargs.py
[2022-12-17T04:36:27.789+0000] {logging_mixin.py:137} INFO - [2022-12-17T04:36:27.789+0000] {dag.py:2676} INFO - Sync 2 DAGs
[2022-12-17T04:36:27.810+0000] {logging_mixin.py:137} INFO - [2022-12-17T04:36:27.809+0000] {dag.py:3427} INFO - Setting next_dagrun for example_xcom_args to None, run_after=None
[2022-12-17T04:36:27.812+0000] {logging_mixin.py:137} INFO - [2022-12-17T04:36:27.812+0000] {dag.py:3427} INFO - Setting next_dagrun for example_xcom_args_with_operators to None, run_after=None
[2022-12-17T04:36:27.826+0000] {processor.py:175} INFO - Processing /home/airflow/.local/lib/python3.7/site-packages/airflow/example_dags/example_xcomargs.py took 0.120 seconds
[2022-12-17T04:36:58.081+0000] {processor.py:153} INFO - Started process (PID=3227) to work on /home/airflow/.local/lib/python3.7/site-packages/airflow/example_dags/example_xcomargs.py
[2022-12-17T04:36:58.082+0000] {processor.py:743} INFO - Processing file /home/airflow/.local/lib/python3.7/site-packages/airflow/example_dags/example_xcomargs.py for tasks to queue
[2022-12-17T04:36:58.082+0000] {logging_mixin.py:137} INFO - [2022-12-17T04:36:58.082+0000] {dagbag.py:538} INFO - Filling up the DagBag from /home/airflow/.local/lib/python3.7/site-packages/airflow/example_dags/example_xcomargs.py
[2022-12-17T04:36:58.099+0000] {processor.py:753} INFO - DAG(s) dict_keys(['example_xcom_args', 'example_xcom_args_with_operators']) retrieved from /home/airflow/.local/lib/python3.7/site-packages/airflow/example_dags/example_xcomargs.py
[2022-12-17T04:36:58.133+0000] {logging_mixin.py:137} INFO - [2022-12-17T04:36:58.133+0000] {dag.py:2676} INFO - Sync 2 DAGs
[2022-12-17T04:36:58.154+0000] {logging_mixin.py:137} INFO - [2022-12-17T04:36:58.154+0000] {dag.py:3427} INFO - Setting next_dagrun for example_xcom_args to None, run_after=None
[2022-12-17T04:36:58.157+0000] {logging_mixin.py:137} INFO - [2022-12-17T04:36:58.157+0000] {dag.py:3427} INFO - Setting next_dagrun for example_xcom_args_with_operators to None, run_after=None
[2022-12-17T04:36:58.168+0000] {processor.py:175} INFO - Processing /home/airflow/.local/lib/python3.7/site-packages/airflow/example_dags/example_xcomargs.py took 0.090 seconds
[2022-12-17T04:37:28.345+0000] {processor.py:153} INFO - Started process (PID=3326) to work on /home/airflow/.local/lib/python3.7/site-packages/airflow/example_dags/example_xcomargs.py
[2022-12-17T04:37:28.346+0000] {processor.py:743} INFO - Processing file /home/airflow/.local/lib/python3.7/site-packages/airflow/example_dags/example_xcomargs.py for tasks to queue
[2022-12-17T04:37:28.346+0000] {logging_mixin.py:137} INFO - [2022-12-17T04:37:28.346+0000] {dagbag.py:538} INFO - Filling up the DagBag from /home/airflow/.local/lib/python3.7/site-packages/airflow/example_dags/example_xcomargs.py
[2022-12-17T04:37:28.363+0000] {processor.py:753} INFO - DAG(s) dict_keys(['example_xcom_args', 'example_xcom_args_with_operators']) retrieved from /home/airflow/.local/lib/python3.7/site-packages/airflow/example_dags/example_xcomargs.py
[2022-12-17T04:37:28.393+0000] {logging_mixin.py:137} INFO - [2022-12-17T04:37:28.393+0000] {dag.py:2676} INFO - Sync 2 DAGs
[2022-12-17T04:37:28.414+0000] {logging_mixin.py:137} INFO - [2022-12-17T04:37:28.413+0000] {dag.py:3427} INFO - Setting next_dagrun for example_xcom_args to None, run_after=None
[2022-12-17T04:37:28.416+0000] {logging_mixin.py:137} INFO - [2022-12-17T04:37:28.416+0000] {dag.py:3427} INFO - Setting next_dagrun for example_xcom_args_with_operators to None, run_after=None
[2022-12-17T04:37:28.427+0000] {processor.py:175} INFO - Processing /home/airflow/.local/lib/python3.7/site-packages/airflow/example_dags/example_xcomargs.py took 0.084 seconds
[2022-12-17T04:37:58.778+0000] {processor.py:153} INFO - Started process (PID=3405) to work on /home/airflow/.local/lib/python3.7/site-packages/airflow/example_dags/example_xcomargs.py
[2022-12-17T04:37:58.778+0000] {processor.py:743} INFO - Processing file /home/airflow/.local/lib/python3.7/site-packages/airflow/example_dags/example_xcomargs.py for tasks to queue
[2022-12-17T04:37:58.779+0000] {logging_mixin.py:137} INFO - [2022-12-17T04:37:58.779+0000] {dagbag.py:538} INFO - Filling up the DagBag from /home/airflow/.local/lib/python3.7/site-packages/airflow/example_dags/example_xcomargs.py
[2022-12-17T04:37:58.796+0000] {processor.py:753} INFO - DAG(s) dict_keys(['example_xcom_args_with_operators', 'example_xcom_args']) retrieved from /home/airflow/.local/lib/python3.7/site-packages/airflow/example_dags/example_xcomargs.py
[2022-12-17T04:37:58.828+0000] {logging_mixin.py:137} INFO - [2022-12-17T04:37:58.828+0000] {dag.py:2676} INFO - Sync 2 DAGs
[2022-12-17T04:37:58.848+0000] {logging_mixin.py:137} INFO - [2022-12-17T04:37:58.847+0000] {dag.py:3427} INFO - Setting next_dagrun for example_xcom_args to None, run_after=None
[2022-12-17T04:37:58.850+0000] {logging_mixin.py:137} INFO - [2022-12-17T04:37:58.850+0000] {dag.py:3427} INFO - Setting next_dagrun for example_xcom_args_with_operators to None, run_after=None
[2022-12-17T04:37:58.862+0000] {processor.py:175} INFO - Processing /home/airflow/.local/lib/python3.7/site-packages/airflow/example_dags/example_xcomargs.py took 0.086 seconds
[2022-12-17T04:38:29.135+0000] {processor.py:153} INFO - Started process (PID=3504) to work on /home/airflow/.local/lib/python3.7/site-packages/airflow/example_dags/example_xcomargs.py
[2022-12-17T04:38:29.136+0000] {processor.py:743} INFO - Processing file /home/airflow/.local/lib/python3.7/site-packages/airflow/example_dags/example_xcomargs.py for tasks to queue
[2022-12-17T04:38:29.137+0000] {logging_mixin.py:137} INFO - [2022-12-17T04:38:29.137+0000] {dagbag.py:538} INFO - Filling up the DagBag from /home/airflow/.local/lib/python3.7/site-packages/airflow/example_dags/example_xcomargs.py
[2022-12-17T04:38:29.156+0000] {processor.py:753} INFO - DAG(s) dict_keys(['example_xcom_args_with_operators', 'example_xcom_args']) retrieved from /home/airflow/.local/lib/python3.7/site-packages/airflow/example_dags/example_xcomargs.py
[2022-12-17T04:38:29.214+0000] {logging_mixin.py:137} INFO - [2022-12-17T04:38:29.214+0000] {dag.py:2676} INFO - Sync 2 DAGs
[2022-12-17T04:38:29.234+0000] {logging_mixin.py:137} INFO - [2022-12-17T04:38:29.233+0000] {dag.py:3427} INFO - Setting next_dagrun for example_xcom_args to None, run_after=None
[2022-12-17T04:38:29.236+0000] {logging_mixin.py:137} INFO - [2022-12-17T04:38:29.236+0000] {dag.py:3427} INFO - Setting next_dagrun for example_xcom_args_with_operators to None, run_after=None
[2022-12-17T04:38:29.248+0000] {processor.py:175} INFO - Processing /home/airflow/.local/lib/python3.7/site-packages/airflow/example_dags/example_xcomargs.py took 0.115 seconds
[2022-12-17T04:38:59.543+0000] {processor.py:153} INFO - Started process (PID=3583) to work on /home/airflow/.local/lib/python3.7/site-packages/airflow/example_dags/example_xcomargs.py
[2022-12-17T04:38:59.544+0000] {processor.py:743} INFO - Processing file /home/airflow/.local/lib/python3.7/site-packages/airflow/example_dags/example_xcomargs.py for tasks to queue
[2022-12-17T04:38:59.544+0000] {logging_mixin.py:137} INFO - [2022-12-17T04:38:59.544+0000] {dagbag.py:538} INFO - Filling up the DagBag from /home/airflow/.local/lib/python3.7/site-packages/airflow/example_dags/example_xcomargs.py
[2022-12-17T04:38:59.561+0000] {processor.py:753} INFO - DAG(s) dict_keys(['example_xcom_args', 'example_xcom_args_with_operators']) retrieved from /home/airflow/.local/lib/python3.7/site-packages/airflow/example_dags/example_xcomargs.py
[2022-12-17T04:38:59.594+0000] {logging_mixin.py:137} INFO - [2022-12-17T04:38:59.594+0000] {dag.py:2676} INFO - Sync 2 DAGs
[2022-12-17T04:38:59.615+0000] {logging_mixin.py:137} INFO - [2022-12-17T04:38:59.614+0000] {dag.py:3427} INFO - Setting next_dagrun for example_xcom_args to None, run_after=None
[2022-12-17T04:38:59.617+0000] {logging_mixin.py:137} INFO - [2022-12-17T04:38:59.617+0000] {dag.py:3427} INFO - Setting next_dagrun for example_xcom_args_with_operators to None, run_after=None
[2022-12-17T04:38:59.627+0000] {processor.py:175} INFO - Processing /home/airflow/.local/lib/python3.7/site-packages/airflow/example_dags/example_xcomargs.py took 0.086 seconds
[2022-12-17T04:39:29.997+0000] {processor.py:153} INFO - Started process (PID=3682) to work on /home/airflow/.local/lib/python3.7/site-packages/airflow/example_dags/example_xcomargs.py
[2022-12-17T04:39:29.998+0000] {processor.py:743} INFO - Processing file /home/airflow/.local/lib/python3.7/site-packages/airflow/example_dags/example_xcomargs.py for tasks to queue
[2022-12-17T04:39:29.998+0000] {logging_mixin.py:137} INFO - [2022-12-17T04:39:29.998+0000] {dagbag.py:538} INFO - Filling up the DagBag from /home/airflow/.local/lib/python3.7/site-packages/airflow/example_dags/example_xcomargs.py
[2022-12-17T04:39:30.017+0000] {processor.py:753} INFO - DAG(s) dict_keys(['example_xcom_args', 'example_xcom_args_with_operators']) retrieved from /home/airflow/.local/lib/python3.7/site-packages/airflow/example_dags/example_xcomargs.py
[2022-12-17T04:39:30.056+0000] {logging_mixin.py:137} INFO - [2022-12-17T04:39:30.055+0000] {dag.py:2676} INFO - Sync 2 DAGs
[2022-12-17T04:39:30.077+0000] {logging_mixin.py:137} INFO - [2022-12-17T04:39:30.077+0000] {dag.py:3427} INFO - Setting next_dagrun for example_xcom_args to None, run_after=None
[2022-12-17T04:39:30.080+0000] {logging_mixin.py:137} INFO - [2022-12-17T04:39:30.080+0000] {dag.py:3427} INFO - Setting next_dagrun for example_xcom_args_with_operators to None, run_after=None
[2022-12-17T04:39:30.092+0000] {processor.py:175} INFO - Processing /home/airflow/.local/lib/python3.7/site-packages/airflow/example_dags/example_xcomargs.py took 0.098 seconds
[2022-12-17T04:40:00.484+0000] {processor.py:153} INFO - Started process (PID=3770) to work on /home/airflow/.local/lib/python3.7/site-packages/airflow/example_dags/example_xcomargs.py
[2022-12-17T04:40:00.484+0000] {processor.py:743} INFO - Processing file /home/airflow/.local/lib/python3.7/site-packages/airflow/example_dags/example_xcomargs.py for tasks to queue
[2022-12-17T04:40:00.485+0000] {logging_mixin.py:137} INFO - [2022-12-17T04:40:00.485+0000] {dagbag.py:538} INFO - Filling up the DagBag from /home/airflow/.local/lib/python3.7/site-packages/airflow/example_dags/example_xcomargs.py
[2022-12-17T04:40:00.506+0000] {processor.py:753} INFO - DAG(s) dict_keys(['example_xcom_args_with_operators', 'example_xcom_args']) retrieved from /home/airflow/.local/lib/python3.7/site-packages/airflow/example_dags/example_xcomargs.py
[2022-12-17T04:40:00.572+0000] {logging_mixin.py:137} INFO - [2022-12-17T04:40:00.572+0000] {dag.py:2676} INFO - Sync 2 DAGs
[2022-12-17T04:40:00.593+0000] {logging_mixin.py:137} INFO - [2022-12-17T04:40:00.593+0000] {dag.py:3427} INFO - Setting next_dagrun for example_xcom_args to None, run_after=None
[2022-12-17T04:40:00.596+0000] {logging_mixin.py:137} INFO - [2022-12-17T04:40:00.596+0000] {dag.py:3427} INFO - Setting next_dagrun for example_xcom_args_with_operators to None, run_after=None
[2022-12-17T04:40:00.609+0000] {processor.py:175} INFO - Processing /home/airflow/.local/lib/python3.7/site-packages/airflow/example_dags/example_xcomargs.py took 0.127 seconds
[2022-12-17T04:40:30.872+0000] {processor.py:153} INFO - Started process (PID=3861) to work on /home/airflow/.local/lib/python3.7/site-packages/airflow/example_dags/example_xcomargs.py
[2022-12-17T04:40:30.872+0000] {processor.py:743} INFO - Processing file /home/airflow/.local/lib/python3.7/site-packages/airflow/example_dags/example_xcomargs.py for tasks to queue
[2022-12-17T04:40:30.873+0000] {logging_mixin.py:137} INFO - [2022-12-17T04:40:30.873+0000] {dagbag.py:538} INFO - Filling up the DagBag from /home/airflow/.local/lib/python3.7/site-packages/airflow/example_dags/example_xcomargs.py
[2022-12-17T04:40:30.892+0000] {processor.py:753} INFO - DAG(s) dict_keys(['example_xcom_args', 'example_xcom_args_with_operators']) retrieved from /home/airflow/.local/lib/python3.7/site-packages/airflow/example_dags/example_xcomargs.py
[2022-12-17T04:40:30.923+0000] {logging_mixin.py:137} INFO - [2022-12-17T04:40:30.923+0000] {dag.py:2676} INFO - Sync 2 DAGs
[2022-12-17T04:40:30.946+0000] {logging_mixin.py:137} INFO - [2022-12-17T04:40:30.946+0000] {dag.py:3427} INFO - Setting next_dagrun for example_xcom_args to None, run_after=None
[2022-12-17T04:40:30.948+0000] {logging_mixin.py:137} INFO - [2022-12-17T04:40:30.948+0000] {dag.py:3427} INFO - Setting next_dagrun for example_xcom_args_with_operators to None, run_after=None
[2022-12-17T04:40:30.963+0000] {processor.py:175} INFO - Processing /home/airflow/.local/lib/python3.7/site-packages/airflow/example_dags/example_xcomargs.py took 0.094 seconds
[2022-12-17T04:41:01.066+0000] {processor.py:153} INFO - Started process (PID=3960) to work on /home/airflow/.local/lib/python3.7/site-packages/airflow/example_dags/example_xcomargs.py
[2022-12-17T04:41:01.067+0000] {processor.py:743} INFO - Processing file /home/airflow/.local/lib/python3.7/site-packages/airflow/example_dags/example_xcomargs.py for tasks to queue
[2022-12-17T04:41:01.068+0000] {logging_mixin.py:137} INFO - [2022-12-17T04:41:01.068+0000] {dagbag.py:538} INFO - Filling up the DagBag from /home/airflow/.local/lib/python3.7/site-packages/airflow/example_dags/example_xcomargs.py
[2022-12-17T04:41:01.084+0000] {processor.py:753} INFO - DAG(s) dict_keys(['example_xcom_args', 'example_xcom_args_with_operators']) retrieved from /home/airflow/.local/lib/python3.7/site-packages/airflow/example_dags/example_xcomargs.py
[2022-12-17T04:41:01.119+0000] {logging_mixin.py:137} INFO - [2022-12-17T04:41:01.119+0000] {dag.py:2676} INFO - Sync 2 DAGs
[2022-12-17T04:41:01.142+0000] {logging_mixin.py:137} INFO - [2022-12-17T04:41:01.142+0000] {dag.py:3427} INFO - Setting next_dagrun for example_xcom_args to None, run_after=None
[2022-12-17T04:41:01.145+0000] {logging_mixin.py:137} INFO - [2022-12-17T04:41:01.145+0000] {dag.py:3427} INFO - Setting next_dagrun for example_xcom_args_with_operators to None, run_after=None
[2022-12-17T04:41:01.158+0000] {processor.py:175} INFO - Processing /home/airflow/.local/lib/python3.7/site-packages/airflow/example_dags/example_xcomargs.py took 0.094 seconds
[2022-12-17T04:41:31.468+0000] {processor.py:153} INFO - Started process (PID=4039) to work on /home/airflow/.local/lib/python3.7/site-packages/airflow/example_dags/example_xcomargs.py
[2022-12-17T04:41:31.469+0000] {processor.py:743} INFO - Processing file /home/airflow/.local/lib/python3.7/site-packages/airflow/example_dags/example_xcomargs.py for tasks to queue
[2022-12-17T04:41:31.469+0000] {logging_mixin.py:137} INFO - [2022-12-17T04:41:31.469+0000] {dagbag.py:538} INFO - Filling up the DagBag from /home/airflow/.local/lib/python3.7/site-packages/airflow/example_dags/example_xcomargs.py
[2022-12-17T04:41:31.487+0000] {processor.py:753} INFO - DAG(s) dict_keys(['example_xcom_args', 'example_xcom_args_with_operators']) retrieved from /home/airflow/.local/lib/python3.7/site-packages/airflow/example_dags/example_xcomargs.py
[2022-12-17T04:41:31.520+0000] {logging_mixin.py:137} INFO - [2022-12-17T04:41:31.520+0000] {dag.py:2676} INFO - Sync 2 DAGs
[2022-12-17T04:41:31.546+0000] {logging_mixin.py:137} INFO - [2022-12-17T04:41:31.546+0000] {dag.py:3427} INFO - Setting next_dagrun for example_xcom_args to None, run_after=None
[2022-12-17T04:41:31.549+0000] {logging_mixin.py:137} INFO - [2022-12-17T04:41:31.549+0000] {dag.py:3427} INFO - Setting next_dagrun for example_xcom_args_with_operators to None, run_after=None
[2022-12-17T04:41:31.563+0000] {processor.py:175} INFO - Processing /home/airflow/.local/lib/python3.7/site-packages/airflow/example_dags/example_xcomargs.py took 0.098 seconds
[2022-12-17T04:42:01.748+0000] {processor.py:153} INFO - Started process (PID=4139) to work on /home/airflow/.local/lib/python3.7/site-packages/airflow/example_dags/example_xcomargs.py
[2022-12-17T04:42:01.749+0000] {processor.py:743} INFO - Processing file /home/airflow/.local/lib/python3.7/site-packages/airflow/example_dags/example_xcomargs.py for tasks to queue
[2022-12-17T04:42:01.750+0000] {logging_mixin.py:137} INFO - [2022-12-17T04:42:01.749+0000] {dagbag.py:538} INFO - Filling up the DagBag from /home/airflow/.local/lib/python3.7/site-packages/airflow/example_dags/example_xcomargs.py
[2022-12-17T04:42:01.767+0000] {processor.py:753} INFO - DAG(s) dict_keys(['example_xcom_args_with_operators', 'example_xcom_args']) retrieved from /home/airflow/.local/lib/python3.7/site-packages/airflow/example_dags/example_xcomargs.py
[2022-12-17T04:42:01.795+0000] {logging_mixin.py:137} INFO - [2022-12-17T04:42:01.795+0000] {dag.py:2676} INFO - Sync 2 DAGs
[2022-12-17T04:42:01.813+0000] {logging_mixin.py:137} INFO - [2022-12-17T04:42:01.813+0000] {dag.py:3427} INFO - Setting next_dagrun for example_xcom_args to None, run_after=None
[2022-12-17T04:42:01.815+0000] {logging_mixin.py:137} INFO - [2022-12-17T04:42:01.815+0000] {dag.py:3427} INFO - Setting next_dagrun for example_xcom_args_with_operators to None, run_after=None
[2022-12-17T04:42:01.825+0000] {processor.py:175} INFO - Processing /home/airflow/.local/lib/python3.7/site-packages/airflow/example_dags/example_xcomargs.py took 0.080 seconds
[2022-12-17T04:42:32.091+0000] {processor.py:153} INFO - Started process (PID=4218) to work on /home/airflow/.local/lib/python3.7/site-packages/airflow/example_dags/example_xcomargs.py
[2022-12-17T04:42:32.092+0000] {processor.py:743} INFO - Processing file /home/airflow/.local/lib/python3.7/site-packages/airflow/example_dags/example_xcomargs.py for tasks to queue
[2022-12-17T04:42:32.093+0000] {logging_mixin.py:137} INFO - [2022-12-17T04:42:32.093+0000] {dagbag.py:538} INFO - Filling up the DagBag from /home/airflow/.local/lib/python3.7/site-packages/airflow/example_dags/example_xcomargs.py
[2022-12-17T04:42:32.110+0000] {processor.py:753} INFO - DAG(s) dict_keys(['example_xcom_args_with_operators', 'example_xcom_args']) retrieved from /home/airflow/.local/lib/python3.7/site-packages/airflow/example_dags/example_xcomargs.py
[2022-12-17T04:42:32.140+0000] {logging_mixin.py:137} INFO - [2022-12-17T04:42:32.140+0000] {dag.py:2676} INFO - Sync 2 DAGs
[2022-12-17T04:42:32.162+0000] {logging_mixin.py:137} INFO - [2022-12-17T04:42:32.162+0000] {dag.py:3427} INFO - Setting next_dagrun for example_xcom_args to None, run_after=None
[2022-12-17T04:42:32.164+0000] {logging_mixin.py:137} INFO - [2022-12-17T04:42:32.164+0000] {dag.py:3427} INFO - Setting next_dagrun for example_xcom_args_with_operators to None, run_after=None
[2022-12-17T04:42:32.175+0000] {processor.py:175} INFO - Processing /home/airflow/.local/lib/python3.7/site-packages/airflow/example_dags/example_xcomargs.py took 0.087 seconds
[2022-12-17T04:43:02.702+0000] {processor.py:153} INFO - Started process (PID=4318) to work on /home/airflow/.local/lib/python3.7/site-packages/airflow/example_dags/example_xcomargs.py
[2022-12-17T04:43:02.703+0000] {processor.py:743} INFO - Processing file /home/airflow/.local/lib/python3.7/site-packages/airflow/example_dags/example_xcomargs.py for tasks to queue
[2022-12-17T04:43:02.703+0000] {logging_mixin.py:137} INFO - [2022-12-17T04:43:02.703+0000] {dagbag.py:538} INFO - Filling up the DagBag from /home/airflow/.local/lib/python3.7/site-packages/airflow/example_dags/example_xcomargs.py
[2022-12-17T04:43:02.721+0000] {processor.py:753} INFO - DAG(s) dict_keys(['example_xcom_args_with_operators', 'example_xcom_args']) retrieved from /home/airflow/.local/lib/python3.7/site-packages/airflow/example_dags/example_xcomargs.py
[2022-12-17T04:43:02.756+0000] {logging_mixin.py:137} INFO - [2022-12-17T04:43:02.756+0000] {dag.py:2676} INFO - Sync 2 DAGs
[2022-12-17T04:43:02.780+0000] {logging_mixin.py:137} INFO - [2022-12-17T04:43:02.780+0000] {dag.py:3427} INFO - Setting next_dagrun for example_xcom_args to None, run_after=None
[2022-12-17T04:43:02.782+0000] {logging_mixin.py:137} INFO - [2022-12-17T04:43:02.782+0000] {dag.py:3427} INFO - Setting next_dagrun for example_xcom_args_with_operators to None, run_after=None
[2022-12-17T04:43:02.793+0000] {processor.py:175} INFO - Processing /home/airflow/.local/lib/python3.7/site-packages/airflow/example_dags/example_xcomargs.py took 0.093 seconds
[2022-12-17T04:43:32.959+0000] {processor.py:153} INFO - Started process (PID=4397) to work on /home/airflow/.local/lib/python3.7/site-packages/airflow/example_dags/example_xcomargs.py
[2022-12-17T04:43:32.960+0000] {processor.py:743} INFO - Processing file /home/airflow/.local/lib/python3.7/site-packages/airflow/example_dags/example_xcomargs.py for tasks to queue
[2022-12-17T04:43:32.960+0000] {logging_mixin.py:137} INFO - [2022-12-17T04:43:32.960+0000] {dagbag.py:538} INFO - Filling up the DagBag from /home/airflow/.local/lib/python3.7/site-packages/airflow/example_dags/example_xcomargs.py
[2022-12-17T04:43:32.980+0000] {processor.py:753} INFO - DAG(s) dict_keys(['example_xcom_args_with_operators', 'example_xcom_args']) retrieved from /home/airflow/.local/lib/python3.7/site-packages/airflow/example_dags/example_xcomargs.py
[2022-12-17T04:43:33.016+0000] {logging_mixin.py:137} INFO - [2022-12-17T04:43:33.016+0000] {dag.py:2676} INFO - Sync 2 DAGs
[2022-12-17T04:43:33.038+0000] {logging_mixin.py:137} INFO - [2022-12-17T04:43:33.037+0000] {dag.py:3427} INFO - Setting next_dagrun for example_xcom_args to None, run_after=None
[2022-12-17T04:43:33.041+0000] {logging_mixin.py:137} INFO - [2022-12-17T04:43:33.041+0000] {dag.py:3427} INFO - Setting next_dagrun for example_xcom_args_with_operators to None, run_after=None
[2022-12-17T04:43:33.056+0000] {processor.py:175} INFO - Processing /home/airflow/.local/lib/python3.7/site-packages/airflow/example_dags/example_xcomargs.py took 0.100 seconds
[2022-12-17T04:44:03.184+0000] {processor.py:153} INFO - Started process (PID=4497) to work on /home/airflow/.local/lib/python3.7/site-packages/airflow/example_dags/example_xcomargs.py
[2022-12-17T04:44:03.184+0000] {processor.py:743} INFO - Processing file /home/airflow/.local/lib/python3.7/site-packages/airflow/example_dags/example_xcomargs.py for tasks to queue
[2022-12-17T04:44:03.185+0000] {logging_mixin.py:137} INFO - [2022-12-17T04:44:03.185+0000] {dagbag.py:538} INFO - Filling up the DagBag from /home/airflow/.local/lib/python3.7/site-packages/airflow/example_dags/example_xcomargs.py
[2022-12-17T04:44:03.205+0000] {processor.py:753} INFO - DAG(s) dict_keys(['example_xcom_args', 'example_xcom_args_with_operators']) retrieved from /home/airflow/.local/lib/python3.7/site-packages/airflow/example_dags/example_xcomargs.py
[2022-12-17T04:44:03.233+0000] {logging_mixin.py:137} INFO - [2022-12-17T04:44:03.233+0000] {dag.py:2676} INFO - Sync 2 DAGs
[2022-12-17T04:44:03.252+0000] {logging_mixin.py:137} INFO - [2022-12-17T04:44:03.252+0000] {dag.py:3427} INFO - Setting next_dagrun for example_xcom_args to None, run_after=None
[2022-12-17T04:44:03.254+0000] {logging_mixin.py:137} INFO - [2022-12-17T04:44:03.254+0000] {dag.py:3427} INFO - Setting next_dagrun for example_xcom_args_with_operators to None, run_after=None
[2022-12-17T04:44:03.266+0000] {processor.py:175} INFO - Processing /home/airflow/.local/lib/python3.7/site-packages/airflow/example_dags/example_xcomargs.py took 0.085 seconds
[2022-12-17T04:44:33.498+0000] {processor.py:153} INFO - Started process (PID=4585) to work on /home/airflow/.local/lib/python3.7/site-packages/airflow/example_dags/example_xcomargs.py
[2022-12-17T04:44:33.499+0000] {processor.py:743} INFO - Processing file /home/airflow/.local/lib/python3.7/site-packages/airflow/example_dags/example_xcomargs.py for tasks to queue
[2022-12-17T04:44:33.499+0000] {logging_mixin.py:137} INFO - [2022-12-17T04:44:33.499+0000] {dagbag.py:538} INFO - Filling up the DagBag from /home/airflow/.local/lib/python3.7/site-packages/airflow/example_dags/example_xcomargs.py
[2022-12-17T04:44:33.524+0000] {processor.py:753} INFO - DAG(s) dict_keys(['example_xcom_args_with_operators', 'example_xcom_args']) retrieved from /home/airflow/.local/lib/python3.7/site-packages/airflow/example_dags/example_xcomargs.py
[2022-12-17T04:44:33.572+0000] {logging_mixin.py:137} INFO - [2022-12-17T04:44:33.572+0000] {dag.py:2676} INFO - Sync 2 DAGs
[2022-12-17T04:44:33.598+0000] {logging_mixin.py:137} INFO - [2022-12-17T04:44:33.598+0000] {dag.py:3427} INFO - Setting next_dagrun for example_xcom_args to None, run_after=None
[2022-12-17T04:44:33.602+0000] {logging_mixin.py:137} INFO - [2022-12-17T04:44:33.602+0000] {dag.py:3427} INFO - Setting next_dagrun for example_xcom_args_with_operators to None, run_after=None
[2022-12-17T04:44:33.616+0000] {processor.py:175} INFO - Processing /home/airflow/.local/lib/python3.7/site-packages/airflow/example_dags/example_xcomargs.py took 0.120 seconds
[2022-12-17T04:45:03.777+0000] {processor.py:153} INFO - Started process (PID=4675) to work on /home/airflow/.local/lib/python3.7/site-packages/airflow/example_dags/example_xcomargs.py
[2022-12-17T04:45:03.778+0000] {processor.py:743} INFO - Processing file /home/airflow/.local/lib/python3.7/site-packages/airflow/example_dags/example_xcomargs.py for tasks to queue
[2022-12-17T04:45:03.778+0000] {logging_mixin.py:137} INFO - [2022-12-17T04:45:03.778+0000] {dagbag.py:538} INFO - Filling up the DagBag from /home/airflow/.local/lib/python3.7/site-packages/airflow/example_dags/example_xcomargs.py
[2022-12-17T04:45:03.795+0000] {processor.py:753} INFO - DAG(s) dict_keys(['example_xcom_args_with_operators', 'example_xcom_args']) retrieved from /home/airflow/.local/lib/python3.7/site-packages/airflow/example_dags/example_xcomargs.py
[2022-12-17T04:45:03.827+0000] {logging_mixin.py:137} INFO - [2022-12-17T04:45:03.827+0000] {dag.py:2676} INFO - Sync 2 DAGs
[2022-12-17T04:45:03.848+0000] {logging_mixin.py:137} INFO - [2022-12-17T04:45:03.848+0000] {dag.py:3427} INFO - Setting next_dagrun for example_xcom_args to None, run_after=None
[2022-12-17T04:45:03.850+0000] {logging_mixin.py:137} INFO - [2022-12-17T04:45:03.850+0000] {dag.py:3427} INFO - Setting next_dagrun for example_xcom_args_with_operators to None, run_after=None
[2022-12-17T04:45:03.863+0000] {processor.py:175} INFO - Processing /home/airflow/.local/lib/python3.7/site-packages/airflow/example_dags/example_xcomargs.py took 0.089 seconds
