[2022-12-17T04:19:17.097+0000] {processor.py:153} INFO - Started process (PID=84) to work on /home/airflow/.local/lib/python3.7/site-packages/airflow/example_dags/example_task_group.py
[2022-12-17T04:19:17.097+0000] {processor.py:743} INFO - Processing file /home/airflow/.local/lib/python3.7/site-packages/airflow/example_dags/example_task_group.py for tasks to queue
[2022-12-17T04:19:17.098+0000] {logging_mixin.py:137} INFO - [2022-12-17T04:19:17.098+0000] {dagbag.py:538} INFO - Filling up the DagBag from /home/airflow/.local/lib/python3.7/site-packages/airflow/example_dags/example_task_group.py
[2022-12-17T04:19:17.116+0000] {processor.py:753} INFO - DAG(s) dict_keys(['example_task_group']) retrieved from /home/airflow/.local/lib/python3.7/site-packages/airflow/example_dags/example_task_group.py
[2022-12-17T04:19:17.239+0000] {logging_mixin.py:137} INFO - [2022-12-17T04:19:17.239+0000] {manager.py:504} INFO - Created Permission View: can read on DAG:example_task_group
[2022-12-17T04:19:17.246+0000] {logging_mixin.py:137} INFO - [2022-12-17T04:19:17.246+0000] {manager.py:504} INFO - Created Permission View: can delete on DAG:example_task_group
[2022-12-17T04:19:17.252+0000] {logging_mixin.py:137} INFO - [2022-12-17T04:19:17.252+0000] {manager.py:504} INFO - Created Permission View: can edit on DAG:example_task_group
[2022-12-17T04:19:17.252+0000] {logging_mixin.py:137} INFO - [2022-12-17T04:19:17.252+0000] {dag.py:2676} INFO - Sync 1 DAGs
[2022-12-17T04:19:17.266+0000] {logging_mixin.py:137} INFO - [2022-12-17T04:19:17.266+0000] {dag.py:2697} INFO - Creating ORM DAG for example_task_group
[2022-12-17T04:19:17.278+0000] {logging_mixin.py:137} INFO - [2022-12-17T04:19:17.278+0000] {dag.py:3427} INFO - Setting next_dagrun for example_task_group to 2022-12-16T04:19:17.278588+00:00, run_after=2022-12-17T04:19:17.278588+00:00
[2022-12-17T04:19:17.298+0000] {processor.py:175} INFO - Processing /home/airflow/.local/lib/python3.7/site-packages/airflow/example_dags/example_task_group.py took 0.204 seconds
[2022-12-17T04:19:47.631+0000] {processor.py:153} INFO - Started process (PID=174) to work on /home/airflow/.local/lib/python3.7/site-packages/airflow/example_dags/example_task_group.py
[2022-12-17T04:19:47.632+0000] {processor.py:743} INFO - Processing file /home/airflow/.local/lib/python3.7/site-packages/airflow/example_dags/example_task_group.py for tasks to queue
[2022-12-17T04:19:47.632+0000] {logging_mixin.py:137} INFO - [2022-12-17T04:19:47.632+0000] {dagbag.py:538} INFO - Filling up the DagBag from /home/airflow/.local/lib/python3.7/site-packages/airflow/example_dags/example_task_group.py
[2022-12-17T04:19:47.647+0000] {processor.py:753} INFO - DAG(s) dict_keys(['example_task_group']) retrieved from /home/airflow/.local/lib/python3.7/site-packages/airflow/example_dags/example_task_group.py
[2022-12-17T04:19:47.679+0000] {logging_mixin.py:137} INFO - [2022-12-17T04:19:47.679+0000] {dag.py:2676} INFO - Sync 1 DAGs
[2022-12-17T04:19:47.699+0000] {logging_mixin.py:137} INFO - [2022-12-17T04:19:47.698+0000] {dag.py:3427} INFO - Setting next_dagrun for example_task_group to 2022-12-16T04:19:47.698780+00:00, run_after=2022-12-17T04:19:47.698780+00:00
[2022-12-17T04:19:47.711+0000] {processor.py:175} INFO - Processing /home/airflow/.local/lib/python3.7/site-packages/airflow/example_dags/example_task_group.py took 0.083 seconds
[2022-12-17T04:20:17.929+0000] {processor.py:153} INFO - Started process (PID=273) to work on /home/airflow/.local/lib/python3.7/site-packages/airflow/example_dags/example_task_group.py
[2022-12-17T04:20:17.929+0000] {processor.py:743} INFO - Processing file /home/airflow/.local/lib/python3.7/site-packages/airflow/example_dags/example_task_group.py for tasks to queue
[2022-12-17T04:20:17.930+0000] {logging_mixin.py:137} INFO - [2022-12-17T04:20:17.930+0000] {dagbag.py:538} INFO - Filling up the DagBag from /home/airflow/.local/lib/python3.7/site-packages/airflow/example_dags/example_task_group.py
[2022-12-17T04:20:17.940+0000] {processor.py:753} INFO - DAG(s) dict_keys(['example_task_group']) retrieved from /home/airflow/.local/lib/python3.7/site-packages/airflow/example_dags/example_task_group.py
[2022-12-17T04:20:17.971+0000] {logging_mixin.py:137} INFO - [2022-12-17T04:20:17.971+0000] {dag.py:2676} INFO - Sync 1 DAGs
[2022-12-17T04:20:17.991+0000] {logging_mixin.py:137} INFO - [2022-12-17T04:20:17.991+0000] {dag.py:3427} INFO - Setting next_dagrun for example_task_group to 2022-12-16T04:20:17.991353+00:00, run_after=2022-12-17T04:20:17.991353+00:00
[2022-12-17T04:20:18.004+0000] {processor.py:175} INFO - Processing /home/airflow/.local/lib/python3.7/site-packages/airflow/example_dags/example_task_group.py took 0.078 seconds
[2022-12-17T04:20:48.253+0000] {processor.py:153} INFO - Started process (PID=352) to work on /home/airflow/.local/lib/python3.7/site-packages/airflow/example_dags/example_task_group.py
[2022-12-17T04:20:48.253+0000] {processor.py:743} INFO - Processing file /home/airflow/.local/lib/python3.7/site-packages/airflow/example_dags/example_task_group.py for tasks to queue
[2022-12-17T04:20:48.254+0000] {logging_mixin.py:137} INFO - [2022-12-17T04:20:48.254+0000] {dagbag.py:538} INFO - Filling up the DagBag from /home/airflow/.local/lib/python3.7/site-packages/airflow/example_dags/example_task_group.py
[2022-12-17T04:20:48.268+0000] {processor.py:753} INFO - DAG(s) dict_keys(['example_task_group']) retrieved from /home/airflow/.local/lib/python3.7/site-packages/airflow/example_dags/example_task_group.py
[2022-12-17T04:20:48.302+0000] {logging_mixin.py:137} INFO - [2022-12-17T04:20:48.302+0000] {dag.py:2676} INFO - Sync 1 DAGs
[2022-12-17T04:20:48.326+0000] {logging_mixin.py:137} INFO - [2022-12-17T04:20:48.326+0000] {dag.py:3427} INFO - Setting next_dagrun for example_task_group to 2022-12-16T04:20:48.326281+00:00, run_after=2022-12-17T04:20:48.326281+00:00
[2022-12-17T04:20:48.342+0000] {processor.py:175} INFO - Processing /home/airflow/.local/lib/python3.7/site-packages/airflow/example_dags/example_task_group.py took 0.092 seconds
[2022-12-17T04:21:18.872+0000] {processor.py:153} INFO - Started process (PID=452) to work on /home/airflow/.local/lib/python3.7/site-packages/airflow/example_dags/example_task_group.py
[2022-12-17T04:21:18.873+0000] {processor.py:743} INFO - Processing file /home/airflow/.local/lib/python3.7/site-packages/airflow/example_dags/example_task_group.py for tasks to queue
[2022-12-17T04:21:18.873+0000] {logging_mixin.py:137} INFO - [2022-12-17T04:21:18.873+0000] {dagbag.py:538} INFO - Filling up the DagBag from /home/airflow/.local/lib/python3.7/site-packages/airflow/example_dags/example_task_group.py
[2022-12-17T04:21:18.888+0000] {processor.py:753} INFO - DAG(s) dict_keys(['example_task_group']) retrieved from /home/airflow/.local/lib/python3.7/site-packages/airflow/example_dags/example_task_group.py
[2022-12-17T04:21:18.915+0000] {logging_mixin.py:137} INFO - [2022-12-17T04:21:18.915+0000] {dag.py:2676} INFO - Sync 1 DAGs
[2022-12-17T04:21:18.934+0000] {logging_mixin.py:137} INFO - [2022-12-17T04:21:18.934+0000] {dag.py:3427} INFO - Setting next_dagrun for example_task_group to 2022-12-16T04:21:18.934668+00:00, run_after=2022-12-17T04:21:18.934668+00:00
[2022-12-17T04:21:18.947+0000] {processor.py:175} INFO - Processing /home/airflow/.local/lib/python3.7/site-packages/airflow/example_dags/example_task_group.py took 0.078 seconds
[2022-12-17T04:21:49.275+0000] {processor.py:153} INFO - Started process (PID=531) to work on /home/airflow/.local/lib/python3.7/site-packages/airflow/example_dags/example_task_group.py
[2022-12-17T04:21:49.276+0000] {processor.py:743} INFO - Processing file /home/airflow/.local/lib/python3.7/site-packages/airflow/example_dags/example_task_group.py for tasks to queue
[2022-12-17T04:21:49.277+0000] {logging_mixin.py:137} INFO - [2022-12-17T04:21:49.277+0000] {dagbag.py:538} INFO - Filling up the DagBag from /home/airflow/.local/lib/python3.7/site-packages/airflow/example_dags/example_task_group.py
[2022-12-17T04:21:49.290+0000] {processor.py:753} INFO - DAG(s) dict_keys(['example_task_group']) retrieved from /home/airflow/.local/lib/python3.7/site-packages/airflow/example_dags/example_task_group.py
[2022-12-17T04:21:49.319+0000] {logging_mixin.py:137} INFO - [2022-12-17T04:21:49.319+0000] {dag.py:2676} INFO - Sync 1 DAGs
[2022-12-17T04:21:49.340+0000] {logging_mixin.py:137} INFO - [2022-12-17T04:21:49.340+0000] {dag.py:3427} INFO - Setting next_dagrun for example_task_group to 2022-12-16T04:21:49.340020+00:00, run_after=2022-12-17T04:21:49.340020+00:00
[2022-12-17T04:21:49.353+0000] {processor.py:175} INFO - Processing /home/airflow/.local/lib/python3.7/site-packages/airflow/example_dags/example_task_group.py took 0.080 seconds
[2022-12-17T04:22:19.559+0000] {processor.py:153} INFO - Started process (PID=630) to work on /home/airflow/.local/lib/python3.7/site-packages/airflow/example_dags/example_task_group.py
[2022-12-17T04:22:19.559+0000] {processor.py:743} INFO - Processing file /home/airflow/.local/lib/python3.7/site-packages/airflow/example_dags/example_task_group.py for tasks to queue
[2022-12-17T04:22:19.560+0000] {logging_mixin.py:137} INFO - [2022-12-17T04:22:19.560+0000] {dagbag.py:538} INFO - Filling up the DagBag from /home/airflow/.local/lib/python3.7/site-packages/airflow/example_dags/example_task_group.py
[2022-12-17T04:22:19.571+0000] {processor.py:753} INFO - DAG(s) dict_keys(['example_task_group']) retrieved from /home/airflow/.local/lib/python3.7/site-packages/airflow/example_dags/example_task_group.py
[2022-12-17T04:22:19.603+0000] {logging_mixin.py:137} INFO - [2022-12-17T04:22:19.603+0000] {dag.py:2676} INFO - Sync 1 DAGs
[2022-12-17T04:22:19.629+0000] {logging_mixin.py:137} INFO - [2022-12-17T04:22:19.629+0000] {dag.py:3427} INFO - Setting next_dagrun for example_task_group to 2022-12-16T04:22:19.628980+00:00, run_after=2022-12-17T04:22:19.628980+00:00
[2022-12-17T04:22:19.641+0000] {processor.py:175} INFO - Processing /home/airflow/.local/lib/python3.7/site-packages/airflow/example_dags/example_task_group.py took 0.085 seconds
[2022-12-17T04:22:49.873+0000] {processor.py:153} INFO - Started process (PID=709) to work on /home/airflow/.local/lib/python3.7/site-packages/airflow/example_dags/example_task_group.py
[2022-12-17T04:22:49.874+0000] {processor.py:743} INFO - Processing file /home/airflow/.local/lib/python3.7/site-packages/airflow/example_dags/example_task_group.py for tasks to queue
[2022-12-17T04:22:49.874+0000] {logging_mixin.py:137} INFO - [2022-12-17T04:22:49.874+0000] {dagbag.py:538} INFO - Filling up the DagBag from /home/airflow/.local/lib/python3.7/site-packages/airflow/example_dags/example_task_group.py
[2022-12-17T04:22:49.890+0000] {processor.py:753} INFO - DAG(s) dict_keys(['example_task_group']) retrieved from /home/airflow/.local/lib/python3.7/site-packages/airflow/example_dags/example_task_group.py
[2022-12-17T04:22:49.925+0000] {logging_mixin.py:137} INFO - [2022-12-17T04:22:49.925+0000] {dag.py:2676} INFO - Sync 1 DAGs
[2022-12-17T04:22:49.947+0000] {logging_mixin.py:137} INFO - [2022-12-17T04:22:49.947+0000] {dag.py:3427} INFO - Setting next_dagrun for example_task_group to 2022-12-16T04:22:49.947071+00:00, run_after=2022-12-17T04:22:49.947071+00:00
[2022-12-17T04:22:49.963+0000] {processor.py:175} INFO - Processing /home/airflow/.local/lib/python3.7/site-packages/airflow/example_dags/example_task_group.py took 0.092 seconds
[2022-12-17T04:23:20.152+0000] {processor.py:153} INFO - Started process (PID=807) to work on /home/airflow/.local/lib/python3.7/site-packages/airflow/example_dags/example_task_group.py
[2022-12-17T04:23:20.153+0000] {processor.py:743} INFO - Processing file /home/airflow/.local/lib/python3.7/site-packages/airflow/example_dags/example_task_group.py for tasks to queue
[2022-12-17T04:23:20.153+0000] {logging_mixin.py:137} INFO - [2022-12-17T04:23:20.153+0000] {dagbag.py:538} INFO - Filling up the DagBag from /home/airflow/.local/lib/python3.7/site-packages/airflow/example_dags/example_task_group.py
[2022-12-17T04:23:20.168+0000] {processor.py:753} INFO - DAG(s) dict_keys(['example_task_group']) retrieved from /home/airflow/.local/lib/python3.7/site-packages/airflow/example_dags/example_task_group.py
[2022-12-17T04:23:20.196+0000] {logging_mixin.py:137} INFO - [2022-12-17T04:23:20.196+0000] {dag.py:2676} INFO - Sync 1 DAGs
[2022-12-17T04:23:20.216+0000] {logging_mixin.py:137} INFO - [2022-12-17T04:23:20.216+0000] {dag.py:3427} INFO - Setting next_dagrun for example_task_group to 2022-12-16T04:23:20.216597+00:00, run_after=2022-12-17T04:23:20.216597+00:00
[2022-12-17T04:23:20.229+0000] {processor.py:175} INFO - Processing /home/airflow/.local/lib/python3.7/site-packages/airflow/example_dags/example_task_group.py took 0.080 seconds
[2022-12-17T04:23:50.398+0000] {processor.py:153} INFO - Started process (PID=886) to work on /home/airflow/.local/lib/python3.7/site-packages/airflow/example_dags/example_task_group.py
[2022-12-17T04:23:50.398+0000] {processor.py:743} INFO - Processing file /home/airflow/.local/lib/python3.7/site-packages/airflow/example_dags/example_task_group.py for tasks to queue
[2022-12-17T04:23:50.399+0000] {logging_mixin.py:137} INFO - [2022-12-17T04:23:50.399+0000] {dagbag.py:538} INFO - Filling up the DagBag from /home/airflow/.local/lib/python3.7/site-packages/airflow/example_dags/example_task_group.py
[2022-12-17T04:23:50.409+0000] {processor.py:753} INFO - DAG(s) dict_keys(['example_task_group']) retrieved from /home/airflow/.local/lib/python3.7/site-packages/airflow/example_dags/example_task_group.py
[2022-12-17T04:23:50.438+0000] {logging_mixin.py:137} INFO - [2022-12-17T04:23:50.438+0000] {dag.py:2676} INFO - Sync 1 DAGs
[2022-12-17T04:23:50.458+0000] {logging_mixin.py:137} INFO - [2022-12-17T04:23:50.458+0000] {dag.py:3427} INFO - Setting next_dagrun for example_task_group to 2022-12-16T04:23:50.457868+00:00, run_after=2022-12-17T04:23:50.457868+00:00
[2022-12-17T04:23:50.470+0000] {processor.py:175} INFO - Processing /home/airflow/.local/lib/python3.7/site-packages/airflow/example_dags/example_task_group.py took 0.075 seconds
[2022-12-17T04:24:20.805+0000] {processor.py:153} INFO - Started process (PID=986) to work on /home/airflow/.local/lib/python3.7/site-packages/airflow/example_dags/example_task_group.py
[2022-12-17T04:24:20.807+0000] {processor.py:743} INFO - Processing file /home/airflow/.local/lib/python3.7/site-packages/airflow/example_dags/example_task_group.py for tasks to queue
[2022-12-17T04:24:20.808+0000] {logging_mixin.py:137} INFO - [2022-12-17T04:24:20.807+0000] {dagbag.py:538} INFO - Filling up the DagBag from /home/airflow/.local/lib/python3.7/site-packages/airflow/example_dags/example_task_group.py
[2022-12-17T04:24:20.820+0000] {processor.py:753} INFO - DAG(s) dict_keys(['example_task_group']) retrieved from /home/airflow/.local/lib/python3.7/site-packages/airflow/example_dags/example_task_group.py
[2022-12-17T04:24:20.846+0000] {logging_mixin.py:137} INFO - [2022-12-17T04:24:20.846+0000] {dag.py:2676} INFO - Sync 1 DAGs
[2022-12-17T04:24:20.863+0000] {logging_mixin.py:137} INFO - [2022-12-17T04:24:20.863+0000] {dag.py:3427} INFO - Setting next_dagrun for example_task_group to 2022-12-16T04:24:20.863611+00:00, run_after=2022-12-17T04:24:20.863611+00:00
[2022-12-17T04:24:20.876+0000] {processor.py:175} INFO - Processing /home/airflow/.local/lib/python3.7/site-packages/airflow/example_dags/example_task_group.py took 0.073 seconds
[2022-12-17T04:24:51.125+0000] {processor.py:153} INFO - Started process (PID=1085) to work on /home/airflow/.local/lib/python3.7/site-packages/airflow/example_dags/example_task_group.py
[2022-12-17T04:24:51.126+0000] {processor.py:743} INFO - Processing file /home/airflow/.local/lib/python3.7/site-packages/airflow/example_dags/example_task_group.py for tasks to queue
[2022-12-17T04:24:51.127+0000] {logging_mixin.py:137} INFO - [2022-12-17T04:24:51.127+0000] {dagbag.py:538} INFO - Filling up the DagBag from /home/airflow/.local/lib/python3.7/site-packages/airflow/example_dags/example_task_group.py
[2022-12-17T04:24:51.137+0000] {processor.py:753} INFO - DAG(s) dict_keys(['example_task_group']) retrieved from /home/airflow/.local/lib/python3.7/site-packages/airflow/example_dags/example_task_group.py
[2022-12-17T04:24:51.167+0000] {logging_mixin.py:137} INFO - [2022-12-17T04:24:51.166+0000] {dag.py:2676} INFO - Sync 1 DAGs
[2022-12-17T04:24:51.185+0000] {logging_mixin.py:137} INFO - [2022-12-17T04:24:51.185+0000] {dag.py:3427} INFO - Setting next_dagrun for example_task_group to 2022-12-16T04:24:51.185585+00:00, run_after=2022-12-17T04:24:51.185585+00:00
[2022-12-17T04:24:51.198+0000] {processor.py:175} INFO - Processing /home/airflow/.local/lib/python3.7/site-packages/airflow/example_dags/example_task_group.py took 0.076 seconds
[2022-12-17T04:25:21.425+0000] {processor.py:153} INFO - Started process (PID=1164) to work on /home/airflow/.local/lib/python3.7/site-packages/airflow/example_dags/example_task_group.py
[2022-12-17T04:25:21.426+0000] {processor.py:743} INFO - Processing file /home/airflow/.local/lib/python3.7/site-packages/airflow/example_dags/example_task_group.py for tasks to queue
[2022-12-17T04:25:21.427+0000] {logging_mixin.py:137} INFO - [2022-12-17T04:25:21.426+0000] {dagbag.py:538} INFO - Filling up the DagBag from /home/airflow/.local/lib/python3.7/site-packages/airflow/example_dags/example_task_group.py
[2022-12-17T04:25:21.438+0000] {processor.py:753} INFO - DAG(s) dict_keys(['example_task_group']) retrieved from /home/airflow/.local/lib/python3.7/site-packages/airflow/example_dags/example_task_group.py
[2022-12-17T04:25:21.468+0000] {logging_mixin.py:137} INFO - [2022-12-17T04:25:21.468+0000] {dag.py:2676} INFO - Sync 1 DAGs
[2022-12-17T04:25:21.487+0000] {logging_mixin.py:137} INFO - [2022-12-17T04:25:21.487+0000] {dag.py:3427} INFO - Setting next_dagrun for example_task_group to 2022-12-16T04:25:21.487430+00:00, run_after=2022-12-17T04:25:21.487430+00:00
[2022-12-17T04:25:21.500+0000] {processor.py:175} INFO - Processing /home/airflow/.local/lib/python3.7/site-packages/airflow/example_dags/example_task_group.py took 0.078 seconds
[2022-12-17T04:25:51.953+0000] {processor.py:153} INFO - Started process (PID=1263) to work on /home/airflow/.local/lib/python3.7/site-packages/airflow/example_dags/example_task_group.py
[2022-12-17T04:25:51.953+0000] {processor.py:743} INFO - Processing file /home/airflow/.local/lib/python3.7/site-packages/airflow/example_dags/example_task_group.py for tasks to queue
[2022-12-17T04:25:51.954+0000] {logging_mixin.py:137} INFO - [2022-12-17T04:25:51.954+0000] {dagbag.py:538} INFO - Filling up the DagBag from /home/airflow/.local/lib/python3.7/site-packages/airflow/example_dags/example_task_group.py
[2022-12-17T04:25:51.966+0000] {processor.py:753} INFO - DAG(s) dict_keys(['example_task_group']) retrieved from /home/airflow/.local/lib/python3.7/site-packages/airflow/example_dags/example_task_group.py
[2022-12-17T04:25:51.994+0000] {logging_mixin.py:137} INFO - [2022-12-17T04:25:51.994+0000] {dag.py:2676} INFO - Sync 1 DAGs
[2022-12-17T04:25:52.017+0000] {logging_mixin.py:137} INFO - [2022-12-17T04:25:52.017+0000] {dag.py:3427} INFO - Setting next_dagrun for example_task_group to 2022-12-16T04:25:52.017147+00:00, run_after=2022-12-17T04:25:52.017147+00:00
[2022-12-17T04:25:52.030+0000] {processor.py:175} INFO - Processing /home/airflow/.local/lib/python3.7/site-packages/airflow/example_dags/example_task_group.py took 0.080 seconds
[2022-12-17T04:26:22.449+0000] {processor.py:153} INFO - Started process (PID=1342) to work on /home/airflow/.local/lib/python3.7/site-packages/airflow/example_dags/example_task_group.py
[2022-12-17T04:26:22.450+0000] {processor.py:743} INFO - Processing file /home/airflow/.local/lib/python3.7/site-packages/airflow/example_dags/example_task_group.py for tasks to queue
[2022-12-17T04:26:22.450+0000] {logging_mixin.py:137} INFO - [2022-12-17T04:26:22.450+0000] {dagbag.py:538} INFO - Filling up the DagBag from /home/airflow/.local/lib/python3.7/site-packages/airflow/example_dags/example_task_group.py
[2022-12-17T04:26:22.464+0000] {processor.py:753} INFO - DAG(s) dict_keys(['example_task_group']) retrieved from /home/airflow/.local/lib/python3.7/site-packages/airflow/example_dags/example_task_group.py
[2022-12-17T04:26:22.497+0000] {logging_mixin.py:137} INFO - [2022-12-17T04:26:22.496+0000] {dag.py:2676} INFO - Sync 1 DAGs
[2022-12-17T04:26:22.516+0000] {logging_mixin.py:137} INFO - [2022-12-17T04:26:22.516+0000] {dag.py:3427} INFO - Setting next_dagrun for example_task_group to 2022-12-16T04:26:22.516396+00:00, run_after=2022-12-17T04:26:22.516396+00:00
[2022-12-17T04:26:22.532+0000] {processor.py:175} INFO - Processing /home/airflow/.local/lib/python3.7/site-packages/airflow/example_dags/example_task_group.py took 0.086 seconds
[2022-12-17T04:26:52.636+0000] {processor.py:153} INFO - Started process (PID=1441) to work on /home/airflow/.local/lib/python3.7/site-packages/airflow/example_dags/example_task_group.py
[2022-12-17T04:26:52.637+0000] {processor.py:743} INFO - Processing file /home/airflow/.local/lib/python3.7/site-packages/airflow/example_dags/example_task_group.py for tasks to queue
[2022-12-17T04:26:52.638+0000] {logging_mixin.py:137} INFO - [2022-12-17T04:26:52.637+0000] {dagbag.py:538} INFO - Filling up the DagBag from /home/airflow/.local/lib/python3.7/site-packages/airflow/example_dags/example_task_group.py
[2022-12-17T04:26:52.648+0000] {processor.py:753} INFO - DAG(s) dict_keys(['example_task_group']) retrieved from /home/airflow/.local/lib/python3.7/site-packages/airflow/example_dags/example_task_group.py
[2022-12-17T04:26:52.677+0000] {logging_mixin.py:137} INFO - [2022-12-17T04:26:52.677+0000] {dag.py:2676} INFO - Sync 1 DAGs
[2022-12-17T04:26:52.704+0000] {logging_mixin.py:137} INFO - [2022-12-17T04:26:52.704+0000] {dag.py:3427} INFO - Setting next_dagrun for example_task_group to 2022-12-16T04:26:52.704663+00:00, run_after=2022-12-17T04:26:52.704663+00:00
[2022-12-17T04:26:52.722+0000] {processor.py:175} INFO - Processing /home/airflow/.local/lib/python3.7/site-packages/airflow/example_dags/example_task_group.py took 0.089 seconds
[2022-12-17T04:27:22.961+0000] {processor.py:153} INFO - Started process (PID=1520) to work on /home/airflow/.local/lib/python3.7/site-packages/airflow/example_dags/example_task_group.py
[2022-12-17T04:27:22.962+0000] {processor.py:743} INFO - Processing file /home/airflow/.local/lib/python3.7/site-packages/airflow/example_dags/example_task_group.py for tasks to queue
[2022-12-17T04:27:22.962+0000] {logging_mixin.py:137} INFO - [2022-12-17T04:27:22.962+0000] {dagbag.py:538} INFO - Filling up the DagBag from /home/airflow/.local/lib/python3.7/site-packages/airflow/example_dags/example_task_group.py
[2022-12-17T04:27:22.974+0000] {processor.py:753} INFO - DAG(s) dict_keys(['example_task_group']) retrieved from /home/airflow/.local/lib/python3.7/site-packages/airflow/example_dags/example_task_group.py
[2022-12-17T04:27:23.006+0000] {logging_mixin.py:137} INFO - [2022-12-17T04:27:23.006+0000] {dag.py:2676} INFO - Sync 1 DAGs
[2022-12-17T04:27:23.032+0000] {logging_mixin.py:137} INFO - [2022-12-17T04:27:23.032+0000] {dag.py:3427} INFO - Setting next_dagrun for example_task_group to 2022-12-16T04:27:23.032276+00:00, run_after=2022-12-17T04:27:23.032276+00:00
[2022-12-17T04:27:23.045+0000] {processor.py:175} INFO - Processing /home/airflow/.local/lib/python3.7/site-packages/airflow/example_dags/example_task_group.py took 0.087 seconds
[2022-12-17T04:27:53.230+0000] {processor.py:153} INFO - Started process (PID=1620) to work on /home/airflow/.local/lib/python3.7/site-packages/airflow/example_dags/example_task_group.py
[2022-12-17T04:27:53.231+0000] {processor.py:743} INFO - Processing file /home/airflow/.local/lib/python3.7/site-packages/airflow/example_dags/example_task_group.py for tasks to queue
[2022-12-17T04:27:53.231+0000] {logging_mixin.py:137} INFO - [2022-12-17T04:27:53.231+0000] {dagbag.py:538} INFO - Filling up the DagBag from /home/airflow/.local/lib/python3.7/site-packages/airflow/example_dags/example_task_group.py
[2022-12-17T04:27:53.244+0000] {processor.py:753} INFO - DAG(s) dict_keys(['example_task_group']) retrieved from /home/airflow/.local/lib/python3.7/site-packages/airflow/example_dags/example_task_group.py
[2022-12-17T04:27:53.275+0000] {logging_mixin.py:137} INFO - [2022-12-17T04:27:53.275+0000] {dag.py:2676} INFO - Sync 1 DAGs
[2022-12-17T04:27:53.295+0000] {logging_mixin.py:137} INFO - [2022-12-17T04:27:53.295+0000] {dag.py:3427} INFO - Setting next_dagrun for example_task_group to 2022-12-16T04:27:53.295144+00:00, run_after=2022-12-17T04:27:53.295144+00:00
[2022-12-17T04:27:53.308+0000] {processor.py:175} INFO - Processing /home/airflow/.local/lib/python3.7/site-packages/airflow/example_dags/example_task_group.py took 0.081 seconds
[2022-12-17T04:28:23.586+0000] {processor.py:153} INFO - Started process (PID=1720) to work on /home/airflow/.local/lib/python3.7/site-packages/airflow/example_dags/example_task_group.py
[2022-12-17T04:28:23.586+0000] {processor.py:743} INFO - Processing file /home/airflow/.local/lib/python3.7/site-packages/airflow/example_dags/example_task_group.py for tasks to queue
[2022-12-17T04:28:23.587+0000] {logging_mixin.py:137} INFO - [2022-12-17T04:28:23.587+0000] {dagbag.py:538} INFO - Filling up the DagBag from /home/airflow/.local/lib/python3.7/site-packages/airflow/example_dags/example_task_group.py
[2022-12-17T04:28:23.599+0000] {processor.py:753} INFO - DAG(s) dict_keys(['example_task_group']) retrieved from /home/airflow/.local/lib/python3.7/site-packages/airflow/example_dags/example_task_group.py
[2022-12-17T04:28:23.627+0000] {logging_mixin.py:137} INFO - [2022-12-17T04:28:23.627+0000] {dag.py:2676} INFO - Sync 1 DAGs
[2022-12-17T04:28:23.646+0000] {logging_mixin.py:137} INFO - [2022-12-17T04:28:23.646+0000] {dag.py:3427} INFO - Setting next_dagrun for example_task_group to 2022-12-16T04:28:23.646134+00:00, run_after=2022-12-17T04:28:23.646134+00:00
[2022-12-17T04:28:23.658+0000] {processor.py:175} INFO - Processing /home/airflow/.local/lib/python3.7/site-packages/airflow/example_dags/example_task_group.py took 0.075 seconds
[2022-12-17T04:28:53.866+0000] {processor.py:153} INFO - Started process (PID=1799) to work on /home/airflow/.local/lib/python3.7/site-packages/airflow/example_dags/example_task_group.py
[2022-12-17T04:28:53.866+0000] {processor.py:743} INFO - Processing file /home/airflow/.local/lib/python3.7/site-packages/airflow/example_dags/example_task_group.py for tasks to queue
[2022-12-17T04:28:53.867+0000] {logging_mixin.py:137} INFO - [2022-12-17T04:28:53.867+0000] {dagbag.py:538} INFO - Filling up the DagBag from /home/airflow/.local/lib/python3.7/site-packages/airflow/example_dags/example_task_group.py
[2022-12-17T04:28:53.878+0000] {processor.py:753} INFO - DAG(s) dict_keys(['example_task_group']) retrieved from /home/airflow/.local/lib/python3.7/site-packages/airflow/example_dags/example_task_group.py
[2022-12-17T04:28:53.911+0000] {logging_mixin.py:137} INFO - [2022-12-17T04:28:53.911+0000] {dag.py:2676} INFO - Sync 1 DAGs
[2022-12-17T04:28:53.931+0000] {logging_mixin.py:137} INFO - [2022-12-17T04:28:53.931+0000] {dag.py:3427} INFO - Setting next_dagrun for example_task_group to 2022-12-16T04:28:53.930882+00:00, run_after=2022-12-17T04:28:53.930882+00:00
[2022-12-17T04:28:53.942+0000] {processor.py:175} INFO - Processing /home/airflow/.local/lib/python3.7/site-packages/airflow/example_dags/example_task_group.py took 0.080 seconds
[2022-12-17T04:29:24.295+0000] {processor.py:153} INFO - Started process (PID=1898) to work on /home/airflow/.local/lib/python3.7/site-packages/airflow/example_dags/example_task_group.py
[2022-12-17T04:29:24.296+0000] {processor.py:743} INFO - Processing file /home/airflow/.local/lib/python3.7/site-packages/airflow/example_dags/example_task_group.py for tasks to queue
[2022-12-17T04:29:24.296+0000] {logging_mixin.py:137} INFO - [2022-12-17T04:29:24.296+0000] {dagbag.py:538} INFO - Filling up the DagBag from /home/airflow/.local/lib/python3.7/site-packages/airflow/example_dags/example_task_group.py
[2022-12-17T04:29:24.309+0000] {processor.py:753} INFO - DAG(s) dict_keys(['example_task_group']) retrieved from /home/airflow/.local/lib/python3.7/site-packages/airflow/example_dags/example_task_group.py
[2022-12-17T04:29:24.337+0000] {logging_mixin.py:137} INFO - [2022-12-17T04:29:24.337+0000] {dag.py:2676} INFO - Sync 1 DAGs
[2022-12-17T04:29:24.357+0000] {logging_mixin.py:137} INFO - [2022-12-17T04:29:24.357+0000] {dag.py:3427} INFO - Setting next_dagrun for example_task_group to 2022-12-16T04:29:24.356990+00:00, run_after=2022-12-17T04:29:24.356990+00:00
[2022-12-17T04:29:24.370+0000] {processor.py:175} INFO - Processing /home/airflow/.local/lib/python3.7/site-packages/airflow/example_dags/example_task_group.py took 0.078 seconds
[2022-12-17T04:29:54.606+0000] {processor.py:153} INFO - Started process (PID=1977) to work on /home/airflow/.local/lib/python3.7/site-packages/airflow/example_dags/example_task_group.py
[2022-12-17T04:29:54.607+0000] {processor.py:743} INFO - Processing file /home/airflow/.local/lib/python3.7/site-packages/airflow/example_dags/example_task_group.py for tasks to queue
[2022-12-17T04:29:54.608+0000] {logging_mixin.py:137} INFO - [2022-12-17T04:29:54.607+0000] {dagbag.py:538} INFO - Filling up the DagBag from /home/airflow/.local/lib/python3.7/site-packages/airflow/example_dags/example_task_group.py
[2022-12-17T04:29:54.620+0000] {processor.py:753} INFO - DAG(s) dict_keys(['example_task_group']) retrieved from /home/airflow/.local/lib/python3.7/site-packages/airflow/example_dags/example_task_group.py
[2022-12-17T04:29:54.647+0000] {logging_mixin.py:137} INFO - [2022-12-17T04:29:54.647+0000] {dag.py:2676} INFO - Sync 1 DAGs
[2022-12-17T04:29:54.666+0000] {logging_mixin.py:137} INFO - [2022-12-17T04:29:54.666+0000] {dag.py:3427} INFO - Setting next_dagrun for example_task_group to 2022-12-16T04:29:54.666351+00:00, run_after=2022-12-17T04:29:54.666351+00:00
[2022-12-17T04:29:54.678+0000] {processor.py:175} INFO - Processing /home/airflow/.local/lib/python3.7/site-packages/airflow/example_dags/example_task_group.py took 0.075 seconds
[2022-12-17T04:30:24.854+0000] {processor.py:153} INFO - Started process (PID=2076) to work on /home/airflow/.local/lib/python3.7/site-packages/airflow/example_dags/example_task_group.py
[2022-12-17T04:30:24.855+0000] {processor.py:743} INFO - Processing file /home/airflow/.local/lib/python3.7/site-packages/airflow/example_dags/example_task_group.py for tasks to queue
[2022-12-17T04:30:24.855+0000] {logging_mixin.py:137} INFO - [2022-12-17T04:30:24.855+0000] {dagbag.py:538} INFO - Filling up the DagBag from /home/airflow/.local/lib/python3.7/site-packages/airflow/example_dags/example_task_group.py
[2022-12-17T04:30:24.865+0000] {processor.py:753} INFO - DAG(s) dict_keys(['example_task_group']) retrieved from /home/airflow/.local/lib/python3.7/site-packages/airflow/example_dags/example_task_group.py
[2022-12-17T04:30:24.890+0000] {logging_mixin.py:137} INFO - [2022-12-17T04:30:24.890+0000] {dag.py:2676} INFO - Sync 1 DAGs
[2022-12-17T04:30:24.909+0000] {logging_mixin.py:137} INFO - [2022-12-17T04:30:24.908+0000] {dag.py:3427} INFO - Setting next_dagrun for example_task_group to 2022-12-16T04:30:24.908829+00:00, run_after=2022-12-17T04:30:24.908829+00:00
[2022-12-17T04:30:24.920+0000] {processor.py:175} INFO - Processing /home/airflow/.local/lib/python3.7/site-packages/airflow/example_dags/example_task_group.py took 0.069 seconds
[2022-12-17T04:30:55.122+0000] {processor.py:153} INFO - Started process (PID=2155) to work on /home/airflow/.local/lib/python3.7/site-packages/airflow/example_dags/example_task_group.py
[2022-12-17T04:30:55.122+0000] {processor.py:743} INFO - Processing file /home/airflow/.local/lib/python3.7/site-packages/airflow/example_dags/example_task_group.py for tasks to queue
[2022-12-17T04:30:55.123+0000] {logging_mixin.py:137} INFO - [2022-12-17T04:30:55.123+0000] {dagbag.py:538} INFO - Filling up the DagBag from /home/airflow/.local/lib/python3.7/site-packages/airflow/example_dags/example_task_group.py
[2022-12-17T04:30:55.137+0000] {processor.py:753} INFO - DAG(s) dict_keys(['example_task_group']) retrieved from /home/airflow/.local/lib/python3.7/site-packages/airflow/example_dags/example_task_group.py
[2022-12-17T04:30:55.170+0000] {logging_mixin.py:137} INFO - [2022-12-17T04:30:55.169+0000] {dag.py:2676} INFO - Sync 1 DAGs
[2022-12-17T04:30:55.189+0000] {logging_mixin.py:137} INFO - [2022-12-17T04:30:55.188+0000] {dag.py:3427} INFO - Setting next_dagrun for example_task_group to 2022-12-16T04:30:55.188755+00:00, run_after=2022-12-17T04:30:55.188755+00:00
[2022-12-17T04:30:55.202+0000] {processor.py:175} INFO - Processing /home/airflow/.local/lib/python3.7/site-packages/airflow/example_dags/example_task_group.py took 0.084 seconds
[2022-12-17T04:31:25.599+0000] {processor.py:153} INFO - Started process (PID=2254) to work on /home/airflow/.local/lib/python3.7/site-packages/airflow/example_dags/example_task_group.py
[2022-12-17T04:31:25.600+0000] {processor.py:743} INFO - Processing file /home/airflow/.local/lib/python3.7/site-packages/airflow/example_dags/example_task_group.py for tasks to queue
[2022-12-17T04:31:25.601+0000] {logging_mixin.py:137} INFO - [2022-12-17T04:31:25.601+0000] {dagbag.py:538} INFO - Filling up the DagBag from /home/airflow/.local/lib/python3.7/site-packages/airflow/example_dags/example_task_group.py
[2022-12-17T04:31:25.613+0000] {processor.py:753} INFO - DAG(s) dict_keys(['example_task_group']) retrieved from /home/airflow/.local/lib/python3.7/site-packages/airflow/example_dags/example_task_group.py
[2022-12-17T04:31:25.646+0000] {logging_mixin.py:137} INFO - [2022-12-17T04:31:25.645+0000] {dag.py:2676} INFO - Sync 1 DAGs
[2022-12-17T04:31:25.666+0000] {logging_mixin.py:137} INFO - [2022-12-17T04:31:25.666+0000] {dag.py:3427} INFO - Setting next_dagrun for example_task_group to 2022-12-16T04:31:25.666189+00:00, run_after=2022-12-17T04:31:25.666189+00:00
[2022-12-17T04:31:25.678+0000] {processor.py:175} INFO - Processing /home/airflow/.local/lib/python3.7/site-packages/airflow/example_dags/example_task_group.py took 0.082 seconds
[2022-12-17T04:31:55.956+0000] {processor.py:153} INFO - Started process (PID=2354) to work on /home/airflow/.local/lib/python3.7/site-packages/airflow/example_dags/example_task_group.py
[2022-12-17T04:31:55.956+0000] {processor.py:743} INFO - Processing file /home/airflow/.local/lib/python3.7/site-packages/airflow/example_dags/example_task_group.py for tasks to queue
[2022-12-17T04:31:55.957+0000] {logging_mixin.py:137} INFO - [2022-12-17T04:31:55.957+0000] {dagbag.py:538} INFO - Filling up the DagBag from /home/airflow/.local/lib/python3.7/site-packages/airflow/example_dags/example_task_group.py
[2022-12-17T04:31:55.967+0000] {processor.py:753} INFO - DAG(s) dict_keys(['example_task_group']) retrieved from /home/airflow/.local/lib/python3.7/site-packages/airflow/example_dags/example_task_group.py
[2022-12-17T04:31:55.997+0000] {logging_mixin.py:137} INFO - [2022-12-17T04:31:55.996+0000] {dag.py:2676} INFO - Sync 1 DAGs
[2022-12-17T04:31:56.015+0000] {logging_mixin.py:137} INFO - [2022-12-17T04:31:56.015+0000] {dag.py:3427} INFO - Setting next_dagrun for example_task_group to 2022-12-16T04:31:56.015592+00:00, run_after=2022-12-17T04:31:56.015592+00:00
[2022-12-17T04:31:56.028+0000] {processor.py:175} INFO - Processing /home/airflow/.local/lib/python3.7/site-packages/airflow/example_dags/example_task_group.py took 0.074 seconds
[2022-12-17T04:32:26.228+0000] {processor.py:153} INFO - Started process (PID=2433) to work on /home/airflow/.local/lib/python3.7/site-packages/airflow/example_dags/example_task_group.py
[2022-12-17T04:32:26.228+0000] {processor.py:743} INFO - Processing file /home/airflow/.local/lib/python3.7/site-packages/airflow/example_dags/example_task_group.py for tasks to queue
[2022-12-17T04:32:26.229+0000] {logging_mixin.py:137} INFO - [2022-12-17T04:32:26.229+0000] {dagbag.py:538} INFO - Filling up the DagBag from /home/airflow/.local/lib/python3.7/site-packages/airflow/example_dags/example_task_group.py
[2022-12-17T04:32:26.241+0000] {processor.py:753} INFO - DAG(s) dict_keys(['example_task_group']) retrieved from /home/airflow/.local/lib/python3.7/site-packages/airflow/example_dags/example_task_group.py
[2022-12-17T04:32:26.271+0000] {logging_mixin.py:137} INFO - [2022-12-17T04:32:26.271+0000] {dag.py:2676} INFO - Sync 1 DAGs
[2022-12-17T04:32:26.288+0000] {logging_mixin.py:137} INFO - [2022-12-17T04:32:26.288+0000] {dag.py:3427} INFO - Setting next_dagrun for example_task_group to 2022-12-16T04:32:26.288597+00:00, run_after=2022-12-17T04:32:26.288597+00:00
[2022-12-17T04:32:26.300+0000] {processor.py:175} INFO - Processing /home/airflow/.local/lib/python3.7/site-packages/airflow/example_dags/example_task_group.py took 0.075 seconds
[2022-12-17T04:32:56.563+0000] {processor.py:153} INFO - Started process (PID=2533) to work on /home/airflow/.local/lib/python3.7/site-packages/airflow/example_dags/example_task_group.py
[2022-12-17T04:32:56.563+0000] {processor.py:743} INFO - Processing file /home/airflow/.local/lib/python3.7/site-packages/airflow/example_dags/example_task_group.py for tasks to queue
[2022-12-17T04:32:56.564+0000] {logging_mixin.py:137} INFO - [2022-12-17T04:32:56.564+0000] {dagbag.py:538} INFO - Filling up the DagBag from /home/airflow/.local/lib/python3.7/site-packages/airflow/example_dags/example_task_group.py
[2022-12-17T04:32:56.576+0000] {processor.py:753} INFO - DAG(s) dict_keys(['example_task_group']) retrieved from /home/airflow/.local/lib/python3.7/site-packages/airflow/example_dags/example_task_group.py
[2022-12-17T04:32:56.606+0000] {logging_mixin.py:137} INFO - [2022-12-17T04:32:56.605+0000] {dag.py:2676} INFO - Sync 1 DAGs
[2022-12-17T04:32:56.625+0000] {logging_mixin.py:137} INFO - [2022-12-17T04:32:56.625+0000] {dag.py:3427} INFO - Setting next_dagrun for example_task_group to 2022-12-16T04:32:56.624971+00:00, run_after=2022-12-17T04:32:56.624971+00:00
[2022-12-17T04:32:56.638+0000] {processor.py:175} INFO - Processing /home/airflow/.local/lib/python3.7/site-packages/airflow/example_dags/example_task_group.py took 0.078 seconds
[2022-12-17T04:33:26.955+0000] {processor.py:153} INFO - Started process (PID=2613) to work on /home/airflow/.local/lib/python3.7/site-packages/airflow/example_dags/example_task_group.py
[2022-12-17T04:33:26.956+0000] {processor.py:743} INFO - Processing file /home/airflow/.local/lib/python3.7/site-packages/airflow/example_dags/example_task_group.py for tasks to queue
[2022-12-17T04:33:26.956+0000] {logging_mixin.py:137} INFO - [2022-12-17T04:33:26.956+0000] {dagbag.py:538} INFO - Filling up the DagBag from /home/airflow/.local/lib/python3.7/site-packages/airflow/example_dags/example_task_group.py
[2022-12-17T04:33:26.970+0000] {processor.py:753} INFO - DAG(s) dict_keys(['example_task_group']) retrieved from /home/airflow/.local/lib/python3.7/site-packages/airflow/example_dags/example_task_group.py
[2022-12-17T04:33:26.998+0000] {logging_mixin.py:137} INFO - [2022-12-17T04:33:26.998+0000] {dag.py:2676} INFO - Sync 1 DAGs
[2022-12-17T04:33:27.023+0000] {logging_mixin.py:137} INFO - [2022-12-17T04:33:27.022+0000] {dag.py:3427} INFO - Setting next_dagrun for example_task_group to 2022-12-16T04:33:27.022648+00:00, run_after=2022-12-17T04:33:27.022648+00:00
[2022-12-17T04:33:27.040+0000] {processor.py:175} INFO - Processing /home/airflow/.local/lib/python3.7/site-packages/airflow/example_dags/example_task_group.py took 0.088 seconds
[2022-12-17T04:33:57.464+0000] {processor.py:153} INFO - Started process (PID=2712) to work on /home/airflow/.local/lib/python3.7/site-packages/airflow/example_dags/example_task_group.py
[2022-12-17T04:33:57.464+0000] {processor.py:743} INFO - Processing file /home/airflow/.local/lib/python3.7/site-packages/airflow/example_dags/example_task_group.py for tasks to queue
[2022-12-17T04:33:57.465+0000] {logging_mixin.py:137} INFO - [2022-12-17T04:33:57.465+0000] {dagbag.py:538} INFO - Filling up the DagBag from /home/airflow/.local/lib/python3.7/site-packages/airflow/example_dags/example_task_group.py
[2022-12-17T04:33:57.477+0000] {processor.py:753} INFO - DAG(s) dict_keys(['example_task_group']) retrieved from /home/airflow/.local/lib/python3.7/site-packages/airflow/example_dags/example_task_group.py
[2022-12-17T04:33:57.510+0000] {logging_mixin.py:137} INFO - [2022-12-17T04:33:57.509+0000] {dag.py:2676} INFO - Sync 1 DAGs
[2022-12-17T04:33:57.530+0000] {logging_mixin.py:137} INFO - [2022-12-17T04:33:57.530+0000] {dag.py:3427} INFO - Setting next_dagrun for example_task_group to 2022-12-16T04:33:57.530213+00:00, run_after=2022-12-17T04:33:57.530213+00:00
[2022-12-17T04:33:57.544+0000] {processor.py:175} INFO - Processing /home/airflow/.local/lib/python3.7/site-packages/airflow/example_dags/example_task_group.py took 0.082 seconds
[2022-12-17T04:34:27.699+0000] {processor.py:153} INFO - Started process (PID=2791) to work on /home/airflow/.local/lib/python3.7/site-packages/airflow/example_dags/example_task_group.py
[2022-12-17T04:34:27.699+0000] {processor.py:743} INFO - Processing file /home/airflow/.local/lib/python3.7/site-packages/airflow/example_dags/example_task_group.py for tasks to queue
[2022-12-17T04:34:27.700+0000] {logging_mixin.py:137} INFO - [2022-12-17T04:34:27.700+0000] {dagbag.py:538} INFO - Filling up the DagBag from /home/airflow/.local/lib/python3.7/site-packages/airflow/example_dags/example_task_group.py
[2022-12-17T04:34:27.710+0000] {processor.py:753} INFO - DAG(s) dict_keys(['example_task_group']) retrieved from /home/airflow/.local/lib/python3.7/site-packages/airflow/example_dags/example_task_group.py
[2022-12-17T04:34:27.738+0000] {logging_mixin.py:137} INFO - [2022-12-17T04:34:27.738+0000] {dag.py:2676} INFO - Sync 1 DAGs
[2022-12-17T04:34:27.758+0000] {logging_mixin.py:137} INFO - [2022-12-17T04:34:27.758+0000] {dag.py:3427} INFO - Setting next_dagrun for example_task_group to 2022-12-16T04:34:27.757926+00:00, run_after=2022-12-17T04:34:27.757926+00:00
[2022-12-17T04:34:27.772+0000] {processor.py:175} INFO - Processing /home/airflow/.local/lib/python3.7/site-packages/airflow/example_dags/example_task_group.py took 0.075 seconds
[2022-12-17T04:34:58.127+0000] {processor.py:153} INFO - Started process (PID=2890) to work on /home/airflow/.local/lib/python3.7/site-packages/airflow/example_dags/example_task_group.py
[2022-12-17T04:34:58.128+0000] {processor.py:743} INFO - Processing file /home/airflow/.local/lib/python3.7/site-packages/airflow/example_dags/example_task_group.py for tasks to queue
[2022-12-17T04:34:58.128+0000] {logging_mixin.py:137} INFO - [2022-12-17T04:34:58.128+0000] {dagbag.py:538} INFO - Filling up the DagBag from /home/airflow/.local/lib/python3.7/site-packages/airflow/example_dags/example_task_group.py
[2022-12-17T04:34:58.142+0000] {processor.py:753} INFO - DAG(s) dict_keys(['example_task_group']) retrieved from /home/airflow/.local/lib/python3.7/site-packages/airflow/example_dags/example_task_group.py
[2022-12-17T04:34:58.168+0000] {logging_mixin.py:137} INFO - [2022-12-17T04:34:58.168+0000] {dag.py:2676} INFO - Sync 1 DAGs
[2022-12-17T04:34:58.188+0000] {logging_mixin.py:137} INFO - [2022-12-17T04:34:58.187+0000] {dag.py:3427} INFO - Setting next_dagrun for example_task_group to 2022-12-16T04:34:58.187766+00:00, run_after=2022-12-17T04:34:58.187766+00:00
[2022-12-17T04:34:58.201+0000] {processor.py:175} INFO - Processing /home/airflow/.local/lib/python3.7/site-packages/airflow/example_dags/example_task_group.py took 0.077 seconds
[2022-12-17T04:35:28.745+0000] {processor.py:153} INFO - Started process (PID=2988) to work on /home/airflow/.local/lib/python3.7/site-packages/airflow/example_dags/example_task_group.py
[2022-12-17T04:35:28.747+0000] {processor.py:743} INFO - Processing file /home/airflow/.local/lib/python3.7/site-packages/airflow/example_dags/example_task_group.py for tasks to queue
[2022-12-17T04:35:28.748+0000] {logging_mixin.py:137} INFO - [2022-12-17T04:35:28.748+0000] {dagbag.py:538} INFO - Filling up the DagBag from /home/airflow/.local/lib/python3.7/site-packages/airflow/example_dags/example_task_group.py
[2022-12-17T04:35:28.776+0000] {processor.py:753} INFO - DAG(s) dict_keys(['example_task_group']) retrieved from /home/airflow/.local/lib/python3.7/site-packages/airflow/example_dags/example_task_group.py
[2022-12-17T04:35:28.810+0000] {logging_mixin.py:137} INFO - [2022-12-17T04:35:28.810+0000] {dag.py:2676} INFO - Sync 1 DAGs
[2022-12-17T04:35:28.830+0000] {logging_mixin.py:137} INFO - [2022-12-17T04:35:28.830+0000] {dag.py:3427} INFO - Setting next_dagrun for example_task_group to 2022-12-16T04:35:28.830460+00:00, run_after=2022-12-17T04:35:28.830460+00:00
[2022-12-17T04:35:28.844+0000] {processor.py:175} INFO - Processing /home/airflow/.local/lib/python3.7/site-packages/airflow/example_dags/example_task_group.py took 0.104 seconds
[2022-12-17T04:35:59.183+0000] {processor.py:153} INFO - Started process (PID=3067) to work on /home/airflow/.local/lib/python3.7/site-packages/airflow/example_dags/example_task_group.py
[2022-12-17T04:35:59.184+0000] {processor.py:743} INFO - Processing file /home/airflow/.local/lib/python3.7/site-packages/airflow/example_dags/example_task_group.py for tasks to queue
[2022-12-17T04:35:59.184+0000] {logging_mixin.py:137} INFO - [2022-12-17T04:35:59.184+0000] {dagbag.py:538} INFO - Filling up the DagBag from /home/airflow/.local/lib/python3.7/site-packages/airflow/example_dags/example_task_group.py
[2022-12-17T04:35:59.198+0000] {processor.py:753} INFO - DAG(s) dict_keys(['example_task_group']) retrieved from /home/airflow/.local/lib/python3.7/site-packages/airflow/example_dags/example_task_group.py
[2022-12-17T04:35:59.228+0000] {logging_mixin.py:137} INFO - [2022-12-17T04:35:59.228+0000] {dag.py:2676} INFO - Sync 1 DAGs
[2022-12-17T04:35:59.246+0000] {logging_mixin.py:137} INFO - [2022-12-17T04:35:59.246+0000] {dag.py:3427} INFO - Setting next_dagrun for example_task_group to 2022-12-16T04:35:59.246501+00:00, run_after=2022-12-17T04:35:59.246501+00:00
[2022-12-17T04:35:59.259+0000] {processor.py:175} INFO - Processing /home/airflow/.local/lib/python3.7/site-packages/airflow/example_dags/example_task_group.py took 0.079 seconds
[2022-12-17T04:36:29.809+0000] {processor.py:153} INFO - Started process (PID=3166) to work on /home/airflow/.local/lib/python3.7/site-packages/airflow/example_dags/example_task_group.py
[2022-12-17T04:36:29.810+0000] {processor.py:743} INFO - Processing file /home/airflow/.local/lib/python3.7/site-packages/airflow/example_dags/example_task_group.py for tasks to queue
[2022-12-17T04:36:29.810+0000] {logging_mixin.py:137} INFO - [2022-12-17T04:36:29.810+0000] {dagbag.py:538} INFO - Filling up the DagBag from /home/airflow/.local/lib/python3.7/site-packages/airflow/example_dags/example_task_group.py
[2022-12-17T04:36:29.821+0000] {processor.py:753} INFO - DAG(s) dict_keys(['example_task_group']) retrieved from /home/airflow/.local/lib/python3.7/site-packages/airflow/example_dags/example_task_group.py
[2022-12-17T04:36:29.853+0000] {logging_mixin.py:137} INFO - [2022-12-17T04:36:29.853+0000] {dag.py:2676} INFO - Sync 1 DAGs
[2022-12-17T04:36:29.874+0000] {logging_mixin.py:137} INFO - [2022-12-17T04:36:29.874+0000] {dag.py:3427} INFO - Setting next_dagrun for example_task_group to 2022-12-16T04:36:29.874047+00:00, run_after=2022-12-17T04:36:29.874047+00:00
[2022-12-17T04:36:29.886+0000] {processor.py:175} INFO - Processing /home/airflow/.local/lib/python3.7/site-packages/airflow/example_dags/example_task_group.py took 0.080 seconds
[2022-12-17T04:37:00.055+0000] {processor.py:153} INFO - Started process (PID=3245) to work on /home/airflow/.local/lib/python3.7/site-packages/airflow/example_dags/example_task_group.py
[2022-12-17T04:37:00.055+0000] {processor.py:743} INFO - Processing file /home/airflow/.local/lib/python3.7/site-packages/airflow/example_dags/example_task_group.py for tasks to queue
[2022-12-17T04:37:00.056+0000] {logging_mixin.py:137} INFO - [2022-12-17T04:37:00.056+0000] {dagbag.py:538} INFO - Filling up the DagBag from /home/airflow/.local/lib/python3.7/site-packages/airflow/example_dags/example_task_group.py
[2022-12-17T04:37:00.067+0000] {processor.py:753} INFO - DAG(s) dict_keys(['example_task_group']) retrieved from /home/airflow/.local/lib/python3.7/site-packages/airflow/example_dags/example_task_group.py
[2022-12-17T04:37:00.098+0000] {logging_mixin.py:137} INFO - [2022-12-17T04:37:00.098+0000] {dag.py:2676} INFO - Sync 1 DAGs
[2022-12-17T04:37:00.116+0000] {logging_mixin.py:137} INFO - [2022-12-17T04:37:00.116+0000] {dag.py:3427} INFO - Setting next_dagrun for example_task_group to 2022-12-16T04:37:00.116444+00:00, run_after=2022-12-17T04:37:00.116444+00:00
[2022-12-17T04:37:00.129+0000] {processor.py:175} INFO - Processing /home/airflow/.local/lib/python3.7/site-packages/airflow/example_dags/example_task_group.py took 0.078 seconds
[2022-12-17T04:37:30.412+0000] {processor.py:153} INFO - Started process (PID=3344) to work on /home/airflow/.local/lib/python3.7/site-packages/airflow/example_dags/example_task_group.py
[2022-12-17T04:37:30.412+0000] {processor.py:743} INFO - Processing file /home/airflow/.local/lib/python3.7/site-packages/airflow/example_dags/example_task_group.py for tasks to queue
[2022-12-17T04:37:30.413+0000] {logging_mixin.py:137} INFO - [2022-12-17T04:37:30.413+0000] {dagbag.py:538} INFO - Filling up the DagBag from /home/airflow/.local/lib/python3.7/site-packages/airflow/example_dags/example_task_group.py
[2022-12-17T04:37:30.424+0000] {processor.py:753} INFO - DAG(s) dict_keys(['example_task_group']) retrieved from /home/airflow/.local/lib/python3.7/site-packages/airflow/example_dags/example_task_group.py
[2022-12-17T04:37:30.454+0000] {logging_mixin.py:137} INFO - [2022-12-17T04:37:30.454+0000] {dag.py:2676} INFO - Sync 1 DAGs
[2022-12-17T04:37:30.476+0000] {logging_mixin.py:137} INFO - [2022-12-17T04:37:30.476+0000] {dag.py:3427} INFO - Setting next_dagrun for example_task_group to 2022-12-16T04:37:30.476178+00:00, run_after=2022-12-17T04:37:30.476178+00:00
[2022-12-17T04:37:30.488+0000] {processor.py:175} INFO - Processing /home/airflow/.local/lib/python3.7/site-packages/airflow/example_dags/example_task_group.py took 0.079 seconds
[2022-12-17T04:38:00.881+0000] {processor.py:153} INFO - Started process (PID=3423) to work on /home/airflow/.local/lib/python3.7/site-packages/airflow/example_dags/example_task_group.py
[2022-12-17T04:38:00.882+0000] {processor.py:743} INFO - Processing file /home/airflow/.local/lib/python3.7/site-packages/airflow/example_dags/example_task_group.py for tasks to queue
[2022-12-17T04:38:00.882+0000] {logging_mixin.py:137} INFO - [2022-12-17T04:38:00.882+0000] {dagbag.py:538} INFO - Filling up the DagBag from /home/airflow/.local/lib/python3.7/site-packages/airflow/example_dags/example_task_group.py
[2022-12-17T04:38:00.894+0000] {processor.py:753} INFO - DAG(s) dict_keys(['example_task_group']) retrieved from /home/airflow/.local/lib/python3.7/site-packages/airflow/example_dags/example_task_group.py
[2022-12-17T04:38:00.920+0000] {logging_mixin.py:137} INFO - [2022-12-17T04:38:00.920+0000] {dag.py:2676} INFO - Sync 1 DAGs
[2022-12-17T04:38:00.939+0000] {logging_mixin.py:137} INFO - [2022-12-17T04:38:00.939+0000] {dag.py:3427} INFO - Setting next_dagrun for example_task_group to 2022-12-16T04:38:00.939483+00:00, run_after=2022-12-17T04:38:00.939483+00:00
[2022-12-17T04:38:00.951+0000] {processor.py:175} INFO - Processing /home/airflow/.local/lib/python3.7/site-packages/airflow/example_dags/example_task_group.py took 0.073 seconds
[2022-12-17T04:38:31.341+0000] {processor.py:153} INFO - Started process (PID=3522) to work on /home/airflow/.local/lib/python3.7/site-packages/airflow/example_dags/example_task_group.py
[2022-12-17T04:38:31.342+0000] {processor.py:743} INFO - Processing file /home/airflow/.local/lib/python3.7/site-packages/airflow/example_dags/example_task_group.py for tasks to queue
[2022-12-17T04:38:31.343+0000] {logging_mixin.py:137} INFO - [2022-12-17T04:38:31.342+0000] {dagbag.py:538} INFO - Filling up the DagBag from /home/airflow/.local/lib/python3.7/site-packages/airflow/example_dags/example_task_group.py
[2022-12-17T04:38:31.354+0000] {processor.py:753} INFO - DAG(s) dict_keys(['example_task_group']) retrieved from /home/airflow/.local/lib/python3.7/site-packages/airflow/example_dags/example_task_group.py
[2022-12-17T04:38:31.388+0000] {logging_mixin.py:137} INFO - [2022-12-17T04:38:31.388+0000] {dag.py:2676} INFO - Sync 1 DAGs
[2022-12-17T04:38:31.411+0000] {logging_mixin.py:137} INFO - [2022-12-17T04:38:31.411+0000] {dag.py:3427} INFO - Setting next_dagrun for example_task_group to 2022-12-16T04:38:31.411596+00:00, run_after=2022-12-17T04:38:31.411596+00:00
[2022-12-17T04:38:31.424+0000] {processor.py:175} INFO - Processing /home/airflow/.local/lib/python3.7/site-packages/airflow/example_dags/example_task_group.py took 0.086 seconds
[2022-12-17T04:39:01.621+0000] {processor.py:153} INFO - Started process (PID=3621) to work on /home/airflow/.local/lib/python3.7/site-packages/airflow/example_dags/example_task_group.py
[2022-12-17T04:39:01.622+0000] {processor.py:743} INFO - Processing file /home/airflow/.local/lib/python3.7/site-packages/airflow/example_dags/example_task_group.py for tasks to queue
[2022-12-17T04:39:01.622+0000] {logging_mixin.py:137} INFO - [2022-12-17T04:39:01.622+0000] {dagbag.py:538} INFO - Filling up the DagBag from /home/airflow/.local/lib/python3.7/site-packages/airflow/example_dags/example_task_group.py
[2022-12-17T04:39:01.634+0000] {processor.py:753} INFO - DAG(s) dict_keys(['example_task_group']) retrieved from /home/airflow/.local/lib/python3.7/site-packages/airflow/example_dags/example_task_group.py
[2022-12-17T04:39:01.664+0000] {logging_mixin.py:137} INFO - [2022-12-17T04:39:01.664+0000] {dag.py:2676} INFO - Sync 1 DAGs
[2022-12-17T04:39:01.687+0000] {logging_mixin.py:137} INFO - [2022-12-17T04:39:01.686+0000] {dag.py:3427} INFO - Setting next_dagrun for example_task_group to 2022-12-16T04:39:01.686662+00:00, run_after=2022-12-17T04:39:01.686662+00:00
[2022-12-17T04:39:01.701+0000] {processor.py:175} INFO - Processing /home/airflow/.local/lib/python3.7/site-packages/airflow/example_dags/example_task_group.py took 0.082 seconds
[2022-12-17T04:39:32.101+0000] {processor.py:153} INFO - Started process (PID=3700) to work on /home/airflow/.local/lib/python3.7/site-packages/airflow/example_dags/example_task_group.py
[2022-12-17T04:39:32.102+0000] {processor.py:743} INFO - Processing file /home/airflow/.local/lib/python3.7/site-packages/airflow/example_dags/example_task_group.py for tasks to queue
[2022-12-17T04:39:32.102+0000] {logging_mixin.py:137} INFO - [2022-12-17T04:39:32.102+0000] {dagbag.py:538} INFO - Filling up the DagBag from /home/airflow/.local/lib/python3.7/site-packages/airflow/example_dags/example_task_group.py
[2022-12-17T04:39:32.113+0000] {processor.py:753} INFO - DAG(s) dict_keys(['example_task_group']) retrieved from /home/airflow/.local/lib/python3.7/site-packages/airflow/example_dags/example_task_group.py
[2022-12-17T04:39:32.143+0000] {logging_mixin.py:137} INFO - [2022-12-17T04:39:32.143+0000] {dag.py:2676} INFO - Sync 1 DAGs
[2022-12-17T04:39:32.162+0000] {logging_mixin.py:137} INFO - [2022-12-17T04:39:32.162+0000] {dag.py:3427} INFO - Setting next_dagrun for example_task_group to 2022-12-16T04:39:32.162577+00:00, run_after=2022-12-17T04:39:32.162577+00:00
[2022-12-17T04:39:32.176+0000] {processor.py:175} INFO - Processing /home/airflow/.local/lib/python3.7/site-packages/airflow/example_dags/example_task_group.py took 0.079 seconds
[2022-12-17T04:40:02.612+0000] {processor.py:153} INFO - Started process (PID=3799) to work on /home/airflow/.local/lib/python3.7/site-packages/airflow/example_dags/example_task_group.py
[2022-12-17T04:40:02.613+0000] {processor.py:743} INFO - Processing file /home/airflow/.local/lib/python3.7/site-packages/airflow/example_dags/example_task_group.py for tasks to queue
[2022-12-17T04:40:02.614+0000] {logging_mixin.py:137} INFO - [2022-12-17T04:40:02.614+0000] {dagbag.py:538} INFO - Filling up the DagBag from /home/airflow/.local/lib/python3.7/site-packages/airflow/example_dags/example_task_group.py
[2022-12-17T04:40:02.624+0000] {processor.py:753} INFO - DAG(s) dict_keys(['example_task_group']) retrieved from /home/airflow/.local/lib/python3.7/site-packages/airflow/example_dags/example_task_group.py
[2022-12-17T04:40:02.654+0000] {logging_mixin.py:137} INFO - [2022-12-17T04:40:02.654+0000] {dag.py:2676} INFO - Sync 1 DAGs
[2022-12-17T04:40:02.673+0000] {logging_mixin.py:137} INFO - [2022-12-17T04:40:02.673+0000] {dag.py:3427} INFO - Setting next_dagrun for example_task_group to 2022-12-16T04:40:02.673663+00:00, run_after=2022-12-17T04:40:02.673663+00:00
[2022-12-17T04:40:02.686+0000] {processor.py:175} INFO - Processing /home/airflow/.local/lib/python3.7/site-packages/airflow/example_dags/example_task_group.py took 0.077 seconds
[2022-12-17T04:40:32.825+0000] {processor.py:153} INFO - Started process (PID=3879) to work on /home/airflow/.local/lib/python3.7/site-packages/airflow/example_dags/example_task_group.py
[2022-12-17T04:40:32.826+0000] {processor.py:743} INFO - Processing file /home/airflow/.local/lib/python3.7/site-packages/airflow/example_dags/example_task_group.py for tasks to queue
[2022-12-17T04:40:32.827+0000] {logging_mixin.py:137} INFO - [2022-12-17T04:40:32.827+0000] {dagbag.py:538} INFO - Filling up the DagBag from /home/airflow/.local/lib/python3.7/site-packages/airflow/example_dags/example_task_group.py
[2022-12-17T04:40:32.838+0000] {processor.py:753} INFO - DAG(s) dict_keys(['example_task_group']) retrieved from /home/airflow/.local/lib/python3.7/site-packages/airflow/example_dags/example_task_group.py
[2022-12-17T04:40:32.868+0000] {logging_mixin.py:137} INFO - [2022-12-17T04:40:32.868+0000] {dag.py:2676} INFO - Sync 1 DAGs
[2022-12-17T04:40:32.886+0000] {logging_mixin.py:137} INFO - [2022-12-17T04:40:32.886+0000] {dag.py:3427} INFO - Setting next_dagrun for example_task_group to 2022-12-16T04:40:32.886170+00:00, run_after=2022-12-17T04:40:32.886170+00:00
[2022-12-17T04:40:32.899+0000] {processor.py:175} INFO - Processing /home/airflow/.local/lib/python3.7/site-packages/airflow/example_dags/example_task_group.py took 0.078 seconds
[2022-12-17T04:41:03.072+0000] {processor.py:153} INFO - Started process (PID=3978) to work on /home/airflow/.local/lib/python3.7/site-packages/airflow/example_dags/example_task_group.py
[2022-12-17T04:41:03.073+0000] {processor.py:743} INFO - Processing file /home/airflow/.local/lib/python3.7/site-packages/airflow/example_dags/example_task_group.py for tasks to queue
[2022-12-17T04:41:03.073+0000] {logging_mixin.py:137} INFO - [2022-12-17T04:41:03.073+0000] {dagbag.py:538} INFO - Filling up the DagBag from /home/airflow/.local/lib/python3.7/site-packages/airflow/example_dags/example_task_group.py
[2022-12-17T04:41:03.086+0000] {processor.py:753} INFO - DAG(s) dict_keys(['example_task_group']) retrieved from /home/airflow/.local/lib/python3.7/site-packages/airflow/example_dags/example_task_group.py
[2022-12-17T04:41:03.117+0000] {logging_mixin.py:137} INFO - [2022-12-17T04:41:03.117+0000] {dag.py:2676} INFO - Sync 1 DAGs
[2022-12-17T04:41:03.137+0000] {logging_mixin.py:137} INFO - [2022-12-17T04:41:03.137+0000] {dag.py:3427} INFO - Setting next_dagrun for example_task_group to 2022-12-16T04:41:03.137198+00:00, run_after=2022-12-17T04:41:03.137198+00:00
[2022-12-17T04:41:03.151+0000] {processor.py:175} INFO - Processing /home/airflow/.local/lib/python3.7/site-packages/airflow/example_dags/example_task_group.py took 0.081 seconds
[2022-12-17T04:41:33.445+0000] {processor.py:153} INFO - Started process (PID=4057) to work on /home/airflow/.local/lib/python3.7/site-packages/airflow/example_dags/example_task_group.py
[2022-12-17T04:41:33.446+0000] {processor.py:743} INFO - Processing file /home/airflow/.local/lib/python3.7/site-packages/airflow/example_dags/example_task_group.py for tasks to queue
[2022-12-17T04:41:33.447+0000] {logging_mixin.py:137} INFO - [2022-12-17T04:41:33.446+0000] {dagbag.py:538} INFO - Filling up the DagBag from /home/airflow/.local/lib/python3.7/site-packages/airflow/example_dags/example_task_group.py
[2022-12-17T04:41:33.458+0000] {processor.py:753} INFO - DAG(s) dict_keys(['example_task_group']) retrieved from /home/airflow/.local/lib/python3.7/site-packages/airflow/example_dags/example_task_group.py
[2022-12-17T04:41:33.491+0000] {logging_mixin.py:137} INFO - [2022-12-17T04:41:33.491+0000] {dag.py:2676} INFO - Sync 1 DAGs
[2022-12-17T04:41:33.510+0000] {logging_mixin.py:137} INFO - [2022-12-17T04:41:33.510+0000] {dag.py:3427} INFO - Setting next_dagrun for example_task_group to 2022-12-16T04:41:33.510638+00:00, run_after=2022-12-17T04:41:33.510638+00:00
[2022-12-17T04:41:33.522+0000] {processor.py:175} INFO - Processing /home/airflow/.local/lib/python3.7/site-packages/airflow/example_dags/example_task_group.py took 0.079 seconds
[2022-12-17T04:42:03.816+0000] {processor.py:153} INFO - Started process (PID=4157) to work on /home/airflow/.local/lib/python3.7/site-packages/airflow/example_dags/example_task_group.py
[2022-12-17T04:42:03.816+0000] {processor.py:743} INFO - Processing file /home/airflow/.local/lib/python3.7/site-packages/airflow/example_dags/example_task_group.py for tasks to queue
[2022-12-17T04:42:03.817+0000] {logging_mixin.py:137} INFO - [2022-12-17T04:42:03.817+0000] {dagbag.py:538} INFO - Filling up the DagBag from /home/airflow/.local/lib/python3.7/site-packages/airflow/example_dags/example_task_group.py
[2022-12-17T04:42:03.830+0000] {processor.py:753} INFO - DAG(s) dict_keys(['example_task_group']) retrieved from /home/airflow/.local/lib/python3.7/site-packages/airflow/example_dags/example_task_group.py
[2022-12-17T04:42:03.860+0000] {logging_mixin.py:137} INFO - [2022-12-17T04:42:03.860+0000] {dag.py:2676} INFO - Sync 1 DAGs
[2022-12-17T04:42:03.880+0000] {logging_mixin.py:137} INFO - [2022-12-17T04:42:03.880+0000] {dag.py:3427} INFO - Setting next_dagrun for example_task_group to 2022-12-16T04:42:03.880583+00:00, run_after=2022-12-17T04:42:03.880583+00:00
[2022-12-17T04:42:03.898+0000] {processor.py:175} INFO - Processing /home/airflow/.local/lib/python3.7/site-packages/airflow/example_dags/example_task_group.py took 0.085 seconds
[2022-12-17T04:42:34.244+0000] {processor.py:153} INFO - Started process (PID=4245) to work on /home/airflow/.local/lib/python3.7/site-packages/airflow/example_dags/example_task_group.py
[2022-12-17T04:42:34.244+0000] {processor.py:743} INFO - Processing file /home/airflow/.local/lib/python3.7/site-packages/airflow/example_dags/example_task_group.py for tasks to queue
[2022-12-17T04:42:34.245+0000] {logging_mixin.py:137} INFO - [2022-12-17T04:42:34.245+0000] {dagbag.py:538} INFO - Filling up the DagBag from /home/airflow/.local/lib/python3.7/site-packages/airflow/example_dags/example_task_group.py
[2022-12-17T04:42:34.258+0000] {processor.py:753} INFO - DAG(s) dict_keys(['example_task_group']) retrieved from /home/airflow/.local/lib/python3.7/site-packages/airflow/example_dags/example_task_group.py
[2022-12-17T04:42:34.289+0000] {logging_mixin.py:137} INFO - [2022-12-17T04:42:34.289+0000] {dag.py:2676} INFO - Sync 1 DAGs
[2022-12-17T04:42:34.312+0000] {logging_mixin.py:137} INFO - [2022-12-17T04:42:34.311+0000] {dag.py:3427} INFO - Setting next_dagrun for example_task_group to 2022-12-16T04:42:34.311739+00:00, run_after=2022-12-17T04:42:34.311739+00:00
[2022-12-17T04:42:34.329+0000] {processor.py:175} INFO - Processing /home/airflow/.local/lib/python3.7/site-packages/airflow/example_dags/example_task_group.py took 0.089 seconds
[2022-12-17T04:43:04.579+0000] {processor.py:153} INFO - Started process (PID=4335) to work on /home/airflow/.local/lib/python3.7/site-packages/airflow/example_dags/example_task_group.py
[2022-12-17T04:43:04.580+0000] {processor.py:743} INFO - Processing file /home/airflow/.local/lib/python3.7/site-packages/airflow/example_dags/example_task_group.py for tasks to queue
[2022-12-17T04:43:04.580+0000] {logging_mixin.py:137} INFO - [2022-12-17T04:43:04.580+0000] {dagbag.py:538} INFO - Filling up the DagBag from /home/airflow/.local/lib/python3.7/site-packages/airflow/example_dags/example_task_group.py
[2022-12-17T04:43:04.590+0000] {processor.py:753} INFO - DAG(s) dict_keys(['example_task_group']) retrieved from /home/airflow/.local/lib/python3.7/site-packages/airflow/example_dags/example_task_group.py
[2022-12-17T04:43:04.618+0000] {logging_mixin.py:137} INFO - [2022-12-17T04:43:04.618+0000] {dag.py:2676} INFO - Sync 1 DAGs
[2022-12-17T04:43:04.639+0000] {logging_mixin.py:137} INFO - [2022-12-17T04:43:04.639+0000] {dag.py:3427} INFO - Setting next_dagrun for example_task_group to 2022-12-16T04:43:04.639381+00:00, run_after=2022-12-17T04:43:04.639381+00:00
[2022-12-17T04:43:04.651+0000] {processor.py:175} INFO - Processing /home/airflow/.local/lib/python3.7/site-packages/airflow/example_dags/example_task_group.py took 0.075 seconds
[2022-12-17T04:43:34.928+0000] {processor.py:153} INFO - Started process (PID=4434) to work on /home/airflow/.local/lib/python3.7/site-packages/airflow/example_dags/example_task_group.py
[2022-12-17T04:43:34.929+0000] {processor.py:743} INFO - Processing file /home/airflow/.local/lib/python3.7/site-packages/airflow/example_dags/example_task_group.py for tasks to queue
[2022-12-17T04:43:34.930+0000] {logging_mixin.py:137} INFO - [2022-12-17T04:43:34.929+0000] {dagbag.py:538} INFO - Filling up the DagBag from /home/airflow/.local/lib/python3.7/site-packages/airflow/example_dags/example_task_group.py
[2022-12-17T04:43:34.945+0000] {processor.py:753} INFO - DAG(s) dict_keys(['example_task_group']) retrieved from /home/airflow/.local/lib/python3.7/site-packages/airflow/example_dags/example_task_group.py
[2022-12-17T04:43:34.977+0000] {logging_mixin.py:137} INFO - [2022-12-17T04:43:34.977+0000] {dag.py:2676} INFO - Sync 1 DAGs
[2022-12-17T04:43:34.999+0000] {logging_mixin.py:137} INFO - [2022-12-17T04:43:34.999+0000] {dag.py:3427} INFO - Setting next_dagrun for example_task_group to 2022-12-16T04:43:34.998938+00:00, run_after=2022-12-17T04:43:34.998938+00:00
[2022-12-17T04:43:35.013+0000] {processor.py:175} INFO - Processing /home/airflow/.local/lib/python3.7/site-packages/airflow/example_dags/example_task_group.py took 0.088 seconds
[2022-12-17T04:44:05.055+0000] {processor.py:153} INFO - Started process (PID=4514) to work on /home/airflow/.local/lib/python3.7/site-packages/airflow/example_dags/example_task_group.py
[2022-12-17T04:44:05.055+0000] {processor.py:743} INFO - Processing file /home/airflow/.local/lib/python3.7/site-packages/airflow/example_dags/example_task_group.py for tasks to queue
[2022-12-17T04:44:05.056+0000] {logging_mixin.py:137} INFO - [2022-12-17T04:44:05.056+0000] {dagbag.py:538} INFO - Filling up the DagBag from /home/airflow/.local/lib/python3.7/site-packages/airflow/example_dags/example_task_group.py
[2022-12-17T04:44:05.068+0000] {processor.py:753} INFO - DAG(s) dict_keys(['example_task_group']) retrieved from /home/airflow/.local/lib/python3.7/site-packages/airflow/example_dags/example_task_group.py
[2022-12-17T04:44:05.099+0000] {logging_mixin.py:137} INFO - [2022-12-17T04:44:05.099+0000] {dag.py:2676} INFO - Sync 1 DAGs
[2022-12-17T04:44:05.119+0000] {logging_mixin.py:137} INFO - [2022-12-17T04:44:05.119+0000] {dag.py:3427} INFO - Setting next_dagrun for example_task_group to 2022-12-16T04:44:05.119590+00:00, run_after=2022-12-17T04:44:05.119590+00:00
[2022-12-17T04:44:05.134+0000] {processor.py:175} INFO - Processing /home/airflow/.local/lib/python3.7/site-packages/airflow/example_dags/example_task_group.py took 0.081 seconds
[2022-12-17T04:44:35.427+0000] {processor.py:153} INFO - Started process (PID=4613) to work on /home/airflow/.local/lib/python3.7/site-packages/airflow/example_dags/example_task_group.py
[2022-12-17T04:44:35.428+0000] {processor.py:743} INFO - Processing file /home/airflow/.local/lib/python3.7/site-packages/airflow/example_dags/example_task_group.py for tasks to queue
[2022-12-17T04:44:35.428+0000] {logging_mixin.py:137} INFO - [2022-12-17T04:44:35.428+0000] {dagbag.py:538} INFO - Filling up the DagBag from /home/airflow/.local/lib/python3.7/site-packages/airflow/example_dags/example_task_group.py
[2022-12-17T04:44:35.439+0000] {processor.py:753} INFO - DAG(s) dict_keys(['example_task_group']) retrieved from /home/airflow/.local/lib/python3.7/site-packages/airflow/example_dags/example_task_group.py
[2022-12-17T04:44:35.468+0000] {logging_mixin.py:137} INFO - [2022-12-17T04:44:35.468+0000] {dag.py:2676} INFO - Sync 1 DAGs
[2022-12-17T04:44:35.488+0000] {logging_mixin.py:137} INFO - [2022-12-17T04:44:35.488+0000] {dag.py:3427} INFO - Setting next_dagrun for example_task_group to 2022-12-16T04:44:35.487988+00:00, run_after=2022-12-17T04:44:35.487988+00:00
[2022-12-17T04:44:35.499+0000] {processor.py:175} INFO - Processing /home/airflow/.local/lib/python3.7/site-packages/airflow/example_dags/example_task_group.py took 0.075 seconds
[2022-12-17T04:45:05.758+0000] {processor.py:153} INFO - Started process (PID=4692) to work on /home/airflow/.local/lib/python3.7/site-packages/airflow/example_dags/example_task_group.py
[2022-12-17T04:45:05.758+0000] {processor.py:743} INFO - Processing file /home/airflow/.local/lib/python3.7/site-packages/airflow/example_dags/example_task_group.py for tasks to queue
[2022-12-17T04:45:05.759+0000] {logging_mixin.py:137} INFO - [2022-12-17T04:45:05.758+0000] {dagbag.py:538} INFO - Filling up the DagBag from /home/airflow/.local/lib/python3.7/site-packages/airflow/example_dags/example_task_group.py
[2022-12-17T04:45:05.770+0000] {processor.py:753} INFO - DAG(s) dict_keys(['example_task_group']) retrieved from /home/airflow/.local/lib/python3.7/site-packages/airflow/example_dags/example_task_group.py
[2022-12-17T04:45:05.799+0000] {logging_mixin.py:137} INFO - [2022-12-17T04:45:05.799+0000] {dag.py:2676} INFO - Sync 1 DAGs
[2022-12-17T04:45:05.822+0000] {logging_mixin.py:137} INFO - [2022-12-17T04:45:05.822+0000] {dag.py:3427} INFO - Setting next_dagrun for example_task_group to 2022-12-16T04:45:05.822221+00:00, run_after=2022-12-17T04:45:05.822221+00:00
[2022-12-17T04:45:05.834+0000] {processor.py:175} INFO - Processing /home/airflow/.local/lib/python3.7/site-packages/airflow/example_dags/example_task_group.py took 0.079 seconds
