[2022-12-17T04:19:16.023+0000] {processor.py:153} INFO - Started process (PID=66) to work on /home/airflow/.local/lib/python3.7/site-packages/airflow/example_dags/example_latest_only.py
[2022-12-17T04:19:16.024+0000] {processor.py:743} INFO - Processing file /home/airflow/.local/lib/python3.7/site-packages/airflow/example_dags/example_latest_only.py for tasks to queue
[2022-12-17T04:19:16.025+0000] {logging_mixin.py:137} INFO - [2022-12-17T04:19:16.025+0000] {dagbag.py:538} INFO - Filling up the DagBag from /home/airflow/.local/lib/python3.7/site-packages/airflow/example_dags/example_latest_only.py
[2022-12-17T04:19:16.037+0000] {processor.py:753} INFO - DAG(s) dict_keys(['latest_only']) retrieved from /home/airflow/.local/lib/python3.7/site-packages/airflow/example_dags/example_latest_only.py
[2022-12-17T04:19:16.152+0000] {logging_mixin.py:137} INFO - [2022-12-17T04:19:16.152+0000] {manager.py:504} INFO - Created Permission View: can read on DAG:latest_only
[2022-12-17T04:19:16.159+0000] {logging_mixin.py:137} INFO - [2022-12-17T04:19:16.159+0000] {manager.py:504} INFO - Created Permission View: can delete on DAG:latest_only
[2022-12-17T04:19:16.166+0000] {logging_mixin.py:137} INFO - [2022-12-17T04:19:16.165+0000] {manager.py:504} INFO - Created Permission View: can edit on DAG:latest_only
[2022-12-17T04:19:16.166+0000] {logging_mixin.py:137} INFO - [2022-12-17T04:19:16.166+0000] {dag.py:2676} INFO - Sync 1 DAGs
[2022-12-17T04:19:16.177+0000] {logging_mixin.py:137} INFO - [2022-12-17T04:19:16.176+0000] {dag.py:2697} INFO - Creating ORM DAG for latest_only
[2022-12-17T04:19:16.187+0000] {logging_mixin.py:137} INFO - [2022-12-17T04:19:16.187+0000] {dag.py:3427} INFO - Setting next_dagrun for latest_only to 2022-12-17T00:19:16.187594+00:00, run_after=2022-12-17T04:19:16.187594+00:00
[2022-12-17T04:19:16.204+0000] {processor.py:175} INFO - Processing /home/airflow/.local/lib/python3.7/site-packages/airflow/example_dags/example_latest_only.py took 0.184 seconds
[2022-12-17T04:19:47.122+0000] {processor.py:153} INFO - Started process (PID=165) to work on /home/airflow/.local/lib/python3.7/site-packages/airflow/example_dags/example_latest_only.py
[2022-12-17T04:19:47.123+0000] {processor.py:743} INFO - Processing file /home/airflow/.local/lib/python3.7/site-packages/airflow/example_dags/example_latest_only.py for tasks to queue
[2022-12-17T04:19:47.123+0000] {logging_mixin.py:137} INFO - [2022-12-17T04:19:47.123+0000] {dagbag.py:538} INFO - Filling up the DagBag from /home/airflow/.local/lib/python3.7/site-packages/airflow/example_dags/example_latest_only.py
[2022-12-17T04:19:47.133+0000] {processor.py:753} INFO - DAG(s) dict_keys(['latest_only']) retrieved from /home/airflow/.local/lib/python3.7/site-packages/airflow/example_dags/example_latest_only.py
[2022-12-17T04:19:47.158+0000] {logging_mixin.py:137} INFO - [2022-12-17T04:19:47.158+0000] {dag.py:2676} INFO - Sync 1 DAGs
[2022-12-17T04:19:47.177+0000] {logging_mixin.py:137} INFO - [2022-12-17T04:19:47.177+0000] {dag.py:3427} INFO - Setting next_dagrun for latest_only to 2022-12-17T00:19:47.177049+00:00, run_after=2022-12-17T04:19:47.177049+00:00
[2022-12-17T04:19:47.195+0000] {processor.py:175} INFO - Processing /home/airflow/.local/lib/python3.7/site-packages/airflow/example_dags/example_latest_only.py took 0.076 seconds
[2022-12-17T04:20:17.295+0000] {processor.py:153} INFO - Started process (PID=264) to work on /home/airflow/.local/lib/python3.7/site-packages/airflow/example_dags/example_latest_only.py
[2022-12-17T04:20:17.295+0000] {processor.py:743} INFO - Processing file /home/airflow/.local/lib/python3.7/site-packages/airflow/example_dags/example_latest_only.py for tasks to queue
[2022-12-17T04:20:17.296+0000] {logging_mixin.py:137} INFO - [2022-12-17T04:20:17.296+0000] {dagbag.py:538} INFO - Filling up the DagBag from /home/airflow/.local/lib/python3.7/site-packages/airflow/example_dags/example_latest_only.py
[2022-12-17T04:20:17.308+0000] {processor.py:753} INFO - DAG(s) dict_keys(['latest_only']) retrieved from /home/airflow/.local/lib/python3.7/site-packages/airflow/example_dags/example_latest_only.py
[2022-12-17T04:20:17.336+0000] {logging_mixin.py:137} INFO - [2022-12-17T04:20:17.335+0000] {dag.py:2676} INFO - Sync 1 DAGs
[2022-12-17T04:20:17.355+0000] {logging_mixin.py:137} INFO - [2022-12-17T04:20:17.355+0000] {dag.py:3427} INFO - Setting next_dagrun for latest_only to 2022-12-17T00:20:17.355202+00:00, run_after=2022-12-17T04:20:17.355202+00:00
[2022-12-17T04:20:17.368+0000] {processor.py:175} INFO - Processing /home/airflow/.local/lib/python3.7/site-packages/airflow/example_dags/example_latest_only.py took 0.076 seconds
[2022-12-17T04:20:47.619+0000] {processor.py:153} INFO - Started process (PID=343) to work on /home/airflow/.local/lib/python3.7/site-packages/airflow/example_dags/example_latest_only.py
[2022-12-17T04:20:47.621+0000] {processor.py:743} INFO - Processing file /home/airflow/.local/lib/python3.7/site-packages/airflow/example_dags/example_latest_only.py for tasks to queue
[2022-12-17T04:20:47.622+0000] {logging_mixin.py:137} INFO - [2022-12-17T04:20:47.622+0000] {dagbag.py:538} INFO - Filling up the DagBag from /home/airflow/.local/lib/python3.7/site-packages/airflow/example_dags/example_latest_only.py
[2022-12-17T04:20:47.631+0000] {processor.py:753} INFO - DAG(s) dict_keys(['latest_only']) retrieved from /home/airflow/.local/lib/python3.7/site-packages/airflow/example_dags/example_latest_only.py
[2022-12-17T04:20:47.661+0000] {logging_mixin.py:137} INFO - [2022-12-17T04:20:47.660+0000] {dag.py:2676} INFO - Sync 1 DAGs
[2022-12-17T04:20:47.681+0000] {logging_mixin.py:137} INFO - [2022-12-17T04:20:47.681+0000] {dag.py:3427} INFO - Setting next_dagrun for latest_only to 2022-12-17T00:20:47.681158+00:00, run_after=2022-12-17T04:20:47.681158+00:00
[2022-12-17T04:20:47.693+0000] {processor.py:175} INFO - Processing /home/airflow/.local/lib/python3.7/site-packages/airflow/example_dags/example_latest_only.py took 0.078 seconds
[2022-12-17T04:21:18.368+0000] {processor.py:153} INFO - Started process (PID=443) to work on /home/airflow/.local/lib/python3.7/site-packages/airflow/example_dags/example_latest_only.py
[2022-12-17T04:21:18.369+0000] {processor.py:743} INFO - Processing file /home/airflow/.local/lib/python3.7/site-packages/airflow/example_dags/example_latest_only.py for tasks to queue
[2022-12-17T04:21:18.370+0000] {logging_mixin.py:137} INFO - [2022-12-17T04:21:18.370+0000] {dagbag.py:538} INFO - Filling up the DagBag from /home/airflow/.local/lib/python3.7/site-packages/airflow/example_dags/example_latest_only.py
[2022-12-17T04:21:18.378+0000] {processor.py:753} INFO - DAG(s) dict_keys(['latest_only']) retrieved from /home/airflow/.local/lib/python3.7/site-packages/airflow/example_dags/example_latest_only.py
[2022-12-17T04:21:18.402+0000] {logging_mixin.py:137} INFO - [2022-12-17T04:21:18.402+0000] {dag.py:2676} INFO - Sync 1 DAGs
[2022-12-17T04:21:18.419+0000] {logging_mixin.py:137} INFO - [2022-12-17T04:21:18.419+0000] {dag.py:3427} INFO - Setting next_dagrun for latest_only to 2022-12-17T00:21:18.419526+00:00, run_after=2022-12-17T04:21:18.419526+00:00
[2022-12-17T04:21:18.432+0000] {processor.py:175} INFO - Processing /home/airflow/.local/lib/python3.7/site-packages/airflow/example_dags/example_latest_only.py took 0.067 seconds
[2022-12-17T04:21:48.589+0000] {processor.py:153} INFO - Started process (PID=522) to work on /home/airflow/.local/lib/python3.7/site-packages/airflow/example_dags/example_latest_only.py
[2022-12-17T04:21:48.590+0000] {processor.py:743} INFO - Processing file /home/airflow/.local/lib/python3.7/site-packages/airflow/example_dags/example_latest_only.py for tasks to queue
[2022-12-17T04:21:48.590+0000] {logging_mixin.py:137} INFO - [2022-12-17T04:21:48.590+0000] {dagbag.py:538} INFO - Filling up the DagBag from /home/airflow/.local/lib/python3.7/site-packages/airflow/example_dags/example_latest_only.py
[2022-12-17T04:21:48.601+0000] {processor.py:753} INFO - DAG(s) dict_keys(['latest_only']) retrieved from /home/airflow/.local/lib/python3.7/site-packages/airflow/example_dags/example_latest_only.py
[2022-12-17T04:21:48.636+0000] {logging_mixin.py:137} INFO - [2022-12-17T04:21:48.636+0000] {dag.py:2676} INFO - Sync 1 DAGs
[2022-12-17T04:21:48.660+0000] {logging_mixin.py:137} INFO - [2022-12-17T04:21:48.660+0000] {dag.py:3427} INFO - Setting next_dagrun for latest_only to 2022-12-17T00:21:48.660196+00:00, run_after=2022-12-17T04:21:48.660196+00:00
[2022-12-17T04:21:48.673+0000] {processor.py:175} INFO - Processing /home/airflow/.local/lib/python3.7/site-packages/airflow/example_dags/example_latest_only.py took 0.087 seconds
[2022-12-17T04:22:19.116+0000] {processor.py:153} INFO - Started process (PID=621) to work on /home/airflow/.local/lib/python3.7/site-packages/airflow/example_dags/example_latest_only.py
[2022-12-17T04:22:19.116+0000] {processor.py:743} INFO - Processing file /home/airflow/.local/lib/python3.7/site-packages/airflow/example_dags/example_latest_only.py for tasks to queue
[2022-12-17T04:22:19.117+0000] {logging_mixin.py:137} INFO - [2022-12-17T04:22:19.117+0000] {dagbag.py:538} INFO - Filling up the DagBag from /home/airflow/.local/lib/python3.7/site-packages/airflow/example_dags/example_latest_only.py
[2022-12-17T04:22:19.128+0000] {processor.py:753} INFO - DAG(s) dict_keys(['latest_only']) retrieved from /home/airflow/.local/lib/python3.7/site-packages/airflow/example_dags/example_latest_only.py
[2022-12-17T04:22:19.159+0000] {logging_mixin.py:137} INFO - [2022-12-17T04:22:19.159+0000] {dag.py:2676} INFO - Sync 1 DAGs
[2022-12-17T04:22:19.183+0000] {logging_mixin.py:137} INFO - [2022-12-17T04:22:19.182+0000] {dag.py:3427} INFO - Setting next_dagrun for latest_only to 2022-12-17T00:22:19.182722+00:00, run_after=2022-12-17T04:22:19.182722+00:00
[2022-12-17T04:22:19.195+0000] {processor.py:175} INFO - Processing /home/airflow/.local/lib/python3.7/site-packages/airflow/example_dags/example_latest_only.py took 0.082 seconds
[2022-12-17T04:22:49.450+0000] {processor.py:153} INFO - Started process (PID=700) to work on /home/airflow/.local/lib/python3.7/site-packages/airflow/example_dags/example_latest_only.py
[2022-12-17T04:22:49.451+0000] {processor.py:743} INFO - Processing file /home/airflow/.local/lib/python3.7/site-packages/airflow/example_dags/example_latest_only.py for tasks to queue
[2022-12-17T04:22:49.452+0000] {logging_mixin.py:137} INFO - [2022-12-17T04:22:49.451+0000] {dagbag.py:538} INFO - Filling up the DagBag from /home/airflow/.local/lib/python3.7/site-packages/airflow/example_dags/example_latest_only.py
[2022-12-17T04:22:49.463+0000] {processor.py:753} INFO - DAG(s) dict_keys(['latest_only']) retrieved from /home/airflow/.local/lib/python3.7/site-packages/airflow/example_dags/example_latest_only.py
[2022-12-17T04:22:49.493+0000] {logging_mixin.py:137} INFO - [2022-12-17T04:22:49.493+0000] {dag.py:2676} INFO - Sync 1 DAGs
[2022-12-17T04:22:49.512+0000] {logging_mixin.py:137} INFO - [2022-12-17T04:22:49.512+0000] {dag.py:3427} INFO - Setting next_dagrun for latest_only to 2022-12-17T00:22:49.512262+00:00, run_after=2022-12-17T04:22:49.512262+00:00
[2022-12-17T04:22:49.525+0000] {processor.py:175} INFO - Processing /home/airflow/.local/lib/python3.7/site-packages/airflow/example_dags/example_latest_only.py took 0.078 seconds
[2022-12-17T04:23:19.629+0000] {processor.py:153} INFO - Started process (PID=798) to work on /home/airflow/.local/lib/python3.7/site-packages/airflow/example_dags/example_latest_only.py
[2022-12-17T04:23:19.630+0000] {processor.py:743} INFO - Processing file /home/airflow/.local/lib/python3.7/site-packages/airflow/example_dags/example_latest_only.py for tasks to queue
[2022-12-17T04:23:19.630+0000] {logging_mixin.py:137} INFO - [2022-12-17T04:23:19.630+0000] {dagbag.py:538} INFO - Filling up the DagBag from /home/airflow/.local/lib/python3.7/site-packages/airflow/example_dags/example_latest_only.py
[2022-12-17T04:23:19.639+0000] {processor.py:753} INFO - DAG(s) dict_keys(['latest_only']) retrieved from /home/airflow/.local/lib/python3.7/site-packages/airflow/example_dags/example_latest_only.py
[2022-12-17T04:23:19.669+0000] {logging_mixin.py:137} INFO - [2022-12-17T04:23:19.669+0000] {dag.py:2676} INFO - Sync 1 DAGs
[2022-12-17T04:23:19.687+0000] {logging_mixin.py:137} INFO - [2022-12-17T04:23:19.687+0000] {dag.py:3427} INFO - Setting next_dagrun for latest_only to 2022-12-17T00:23:19.686990+00:00, run_after=2022-12-17T04:23:19.686990+00:00
[2022-12-17T04:23:19.703+0000] {processor.py:175} INFO - Processing /home/airflow/.local/lib/python3.7/site-packages/airflow/example_dags/example_latest_only.py took 0.076 seconds
[2022-12-17T04:23:49.831+0000] {processor.py:153} INFO - Started process (PID=877) to work on /home/airflow/.local/lib/python3.7/site-packages/airflow/example_dags/example_latest_only.py
[2022-12-17T04:23:49.832+0000] {processor.py:743} INFO - Processing file /home/airflow/.local/lib/python3.7/site-packages/airflow/example_dags/example_latest_only.py for tasks to queue
[2022-12-17T04:23:49.832+0000] {logging_mixin.py:137} INFO - [2022-12-17T04:23:49.832+0000] {dagbag.py:538} INFO - Filling up the DagBag from /home/airflow/.local/lib/python3.7/site-packages/airflow/example_dags/example_latest_only.py
[2022-12-17T04:23:49.842+0000] {processor.py:753} INFO - DAG(s) dict_keys(['latest_only']) retrieved from /home/airflow/.local/lib/python3.7/site-packages/airflow/example_dags/example_latest_only.py
[2022-12-17T04:23:49.866+0000] {logging_mixin.py:137} INFO - [2022-12-17T04:23:49.866+0000] {dag.py:2676} INFO - Sync 1 DAGs
[2022-12-17T04:23:49.885+0000] {logging_mixin.py:137} INFO - [2022-12-17T04:23:49.885+0000] {dag.py:3427} INFO - Setting next_dagrun for latest_only to 2022-12-17T00:23:49.885453+00:00, run_after=2022-12-17T04:23:49.885453+00:00
[2022-12-17T04:23:49.897+0000] {processor.py:175} INFO - Processing /home/airflow/.local/lib/python3.7/site-packages/airflow/example_dags/example_latest_only.py took 0.068 seconds
[2022-12-17T04:24:20.203+0000] {processor.py:153} INFO - Started process (PID=977) to work on /home/airflow/.local/lib/python3.7/site-packages/airflow/example_dags/example_latest_only.py
[2022-12-17T04:24:20.204+0000] {processor.py:743} INFO - Processing file /home/airflow/.local/lib/python3.7/site-packages/airflow/example_dags/example_latest_only.py for tasks to queue
[2022-12-17T04:24:20.204+0000] {logging_mixin.py:137} INFO - [2022-12-17T04:24:20.204+0000] {dagbag.py:538} INFO - Filling up the DagBag from /home/airflow/.local/lib/python3.7/site-packages/airflow/example_dags/example_latest_only.py
[2022-12-17T04:24:20.215+0000] {processor.py:753} INFO - DAG(s) dict_keys(['latest_only']) retrieved from /home/airflow/.local/lib/python3.7/site-packages/airflow/example_dags/example_latest_only.py
[2022-12-17T04:24:20.241+0000] {logging_mixin.py:137} INFO - [2022-12-17T04:24:20.241+0000] {dag.py:2676} INFO - Sync 1 DAGs
[2022-12-17T04:24:20.261+0000] {logging_mixin.py:137} INFO - [2022-12-17T04:24:20.260+0000] {dag.py:3427} INFO - Setting next_dagrun for latest_only to 2022-12-17T00:24:20.260441+00:00, run_after=2022-12-17T04:24:20.260441+00:00
[2022-12-17T04:24:20.276+0000] {processor.py:175} INFO - Processing /home/airflow/.local/lib/python3.7/site-packages/airflow/example_dags/example_latest_only.py took 0.075 seconds
[2022-12-17T04:24:50.592+0000] {processor.py:153} INFO - Started process (PID=1076) to work on /home/airflow/.local/lib/python3.7/site-packages/airflow/example_dags/example_latest_only.py
[2022-12-17T04:24:50.592+0000] {processor.py:743} INFO - Processing file /home/airflow/.local/lib/python3.7/site-packages/airflow/example_dags/example_latest_only.py for tasks to queue
[2022-12-17T04:24:50.593+0000] {logging_mixin.py:137} INFO - [2022-12-17T04:24:50.593+0000] {dagbag.py:538} INFO - Filling up the DagBag from /home/airflow/.local/lib/python3.7/site-packages/airflow/example_dags/example_latest_only.py
[2022-12-17T04:24:50.603+0000] {processor.py:753} INFO - DAG(s) dict_keys(['latest_only']) retrieved from /home/airflow/.local/lib/python3.7/site-packages/airflow/example_dags/example_latest_only.py
[2022-12-17T04:24:50.633+0000] {logging_mixin.py:137} INFO - [2022-12-17T04:24:50.633+0000] {dag.py:2676} INFO - Sync 1 DAGs
[2022-12-17T04:24:50.659+0000] {logging_mixin.py:137} INFO - [2022-12-17T04:24:50.659+0000] {dag.py:3427} INFO - Setting next_dagrun for latest_only to 2022-12-17T00:24:50.659297+00:00, run_after=2022-12-17T04:24:50.659297+00:00
[2022-12-17T04:24:50.672+0000] {processor.py:175} INFO - Processing /home/airflow/.local/lib/python3.7/site-packages/airflow/example_dags/example_latest_only.py took 0.083 seconds
[2022-12-17T04:25:20.718+0000] {processor.py:153} INFO - Started process (PID=1155) to work on /home/airflow/.local/lib/python3.7/site-packages/airflow/example_dags/example_latest_only.py
[2022-12-17T04:25:20.718+0000] {processor.py:743} INFO - Processing file /home/airflow/.local/lib/python3.7/site-packages/airflow/example_dags/example_latest_only.py for tasks to queue
[2022-12-17T04:25:20.719+0000] {logging_mixin.py:137} INFO - [2022-12-17T04:25:20.719+0000] {dagbag.py:538} INFO - Filling up the DagBag from /home/airflow/.local/lib/python3.7/site-packages/airflow/example_dags/example_latest_only.py
[2022-12-17T04:25:20.730+0000] {processor.py:753} INFO - DAG(s) dict_keys(['latest_only']) retrieved from /home/airflow/.local/lib/python3.7/site-packages/airflow/example_dags/example_latest_only.py
[2022-12-17T04:25:20.759+0000] {logging_mixin.py:137} INFO - [2022-12-17T04:25:20.758+0000] {dag.py:2676} INFO - Sync 1 DAGs
[2022-12-17T04:25:20.777+0000] {logging_mixin.py:137} INFO - [2022-12-17T04:25:20.777+0000] {dag.py:3427} INFO - Setting next_dagrun for latest_only to 2022-12-17T00:25:20.777659+00:00, run_after=2022-12-17T04:25:20.777659+00:00
[2022-12-17T04:25:20.791+0000] {processor.py:175} INFO - Processing /home/airflow/.local/lib/python3.7/site-packages/airflow/example_dags/example_latest_only.py took 0.076 seconds
[2022-12-17T04:25:51.325+0000] {processor.py:153} INFO - Started process (PID=1254) to work on /home/airflow/.local/lib/python3.7/site-packages/airflow/example_dags/example_latest_only.py
[2022-12-17T04:25:51.326+0000] {processor.py:743} INFO - Processing file /home/airflow/.local/lib/python3.7/site-packages/airflow/example_dags/example_latest_only.py for tasks to queue
[2022-12-17T04:25:51.326+0000] {logging_mixin.py:137} INFO - [2022-12-17T04:25:51.326+0000] {dagbag.py:538} INFO - Filling up the DagBag from /home/airflow/.local/lib/python3.7/site-packages/airflow/example_dags/example_latest_only.py
[2022-12-17T04:25:51.334+0000] {processor.py:753} INFO - DAG(s) dict_keys(['latest_only']) retrieved from /home/airflow/.local/lib/python3.7/site-packages/airflow/example_dags/example_latest_only.py
[2022-12-17T04:25:51.365+0000] {logging_mixin.py:137} INFO - [2022-12-17T04:25:51.365+0000] {dag.py:2676} INFO - Sync 1 DAGs
[2022-12-17T04:25:51.384+0000] {logging_mixin.py:137} INFO - [2022-12-17T04:25:51.384+0000] {dag.py:3427} INFO - Setting next_dagrun for latest_only to 2022-12-17T00:25:51.384606+00:00, run_after=2022-12-17T04:25:51.384606+00:00
[2022-12-17T04:25:51.396+0000] {processor.py:175} INFO - Processing /home/airflow/.local/lib/python3.7/site-packages/airflow/example_dags/example_latest_only.py took 0.074 seconds
[2022-12-17T04:26:21.847+0000] {processor.py:153} INFO - Started process (PID=1333) to work on /home/airflow/.local/lib/python3.7/site-packages/airflow/example_dags/example_latest_only.py
[2022-12-17T04:26:21.848+0000] {processor.py:743} INFO - Processing file /home/airflow/.local/lib/python3.7/site-packages/airflow/example_dags/example_latest_only.py for tasks to queue
[2022-12-17T04:26:21.848+0000] {logging_mixin.py:137} INFO - [2022-12-17T04:26:21.848+0000] {dagbag.py:538} INFO - Filling up the DagBag from /home/airflow/.local/lib/python3.7/site-packages/airflow/example_dags/example_latest_only.py
[2022-12-17T04:26:21.857+0000] {processor.py:753} INFO - DAG(s) dict_keys(['latest_only']) retrieved from /home/airflow/.local/lib/python3.7/site-packages/airflow/example_dags/example_latest_only.py
[2022-12-17T04:26:21.885+0000] {logging_mixin.py:137} INFO - [2022-12-17T04:26:21.885+0000] {dag.py:2676} INFO - Sync 1 DAGs
[2022-12-17T04:26:21.904+0000] {logging_mixin.py:137} INFO - [2022-12-17T04:26:21.904+0000] {dag.py:3427} INFO - Setting next_dagrun for latest_only to 2022-12-17T00:26:21.904213+00:00, run_after=2022-12-17T04:26:21.904213+00:00
[2022-12-17T04:26:21.917+0000] {processor.py:175} INFO - Processing /home/airflow/.local/lib/python3.7/site-packages/airflow/example_dags/example_latest_only.py took 0.073 seconds
[2022-12-17T04:26:52.108+0000] {processor.py:153} INFO - Started process (PID=1432) to work on /home/airflow/.local/lib/python3.7/site-packages/airflow/example_dags/example_latest_only.py
[2022-12-17T04:26:52.108+0000] {processor.py:743} INFO - Processing file /home/airflow/.local/lib/python3.7/site-packages/airflow/example_dags/example_latest_only.py for tasks to queue
[2022-12-17T04:26:52.109+0000] {logging_mixin.py:137} INFO - [2022-12-17T04:26:52.109+0000] {dagbag.py:538} INFO - Filling up the DagBag from /home/airflow/.local/lib/python3.7/site-packages/airflow/example_dags/example_latest_only.py
[2022-12-17T04:26:52.120+0000] {processor.py:753} INFO - DAG(s) dict_keys(['latest_only']) retrieved from /home/airflow/.local/lib/python3.7/site-packages/airflow/example_dags/example_latest_only.py
[2022-12-17T04:26:52.152+0000] {logging_mixin.py:137} INFO - [2022-12-17T04:26:52.152+0000] {dag.py:2676} INFO - Sync 1 DAGs
[2022-12-17T04:26:52.175+0000] {logging_mixin.py:137} INFO - [2022-12-17T04:26:52.175+0000] {dag.py:3427} INFO - Setting next_dagrun for latest_only to 2022-12-17T00:26:52.175124+00:00, run_after=2022-12-17T04:26:52.175124+00:00
[2022-12-17T04:26:52.187+0000] {processor.py:175} INFO - Processing /home/airflow/.local/lib/python3.7/site-packages/airflow/example_dags/example_latest_only.py took 0.082 seconds
[2022-12-17T04:27:22.361+0000] {processor.py:153} INFO - Started process (PID=1511) to work on /home/airflow/.local/lib/python3.7/site-packages/airflow/example_dags/example_latest_only.py
[2022-12-17T04:27:22.362+0000] {processor.py:743} INFO - Processing file /home/airflow/.local/lib/python3.7/site-packages/airflow/example_dags/example_latest_only.py for tasks to queue
[2022-12-17T04:27:22.363+0000] {logging_mixin.py:137} INFO - [2022-12-17T04:27:22.363+0000] {dagbag.py:538} INFO - Filling up the DagBag from /home/airflow/.local/lib/python3.7/site-packages/airflow/example_dags/example_latest_only.py
[2022-12-17T04:27:22.375+0000] {processor.py:753} INFO - DAG(s) dict_keys(['latest_only']) retrieved from /home/airflow/.local/lib/python3.7/site-packages/airflow/example_dags/example_latest_only.py
[2022-12-17T04:27:22.423+0000] {logging_mixin.py:137} INFO - [2022-12-17T04:27:22.422+0000] {dag.py:2676} INFO - Sync 1 DAGs
[2022-12-17T04:27:22.443+0000] {logging_mixin.py:137} INFO - [2022-12-17T04:27:22.443+0000] {dag.py:3427} INFO - Setting next_dagrun for latest_only to 2022-12-17T00:27:22.443218+00:00, run_after=2022-12-17T04:27:22.443218+00:00
[2022-12-17T04:27:22.457+0000] {processor.py:175} INFO - Processing /home/airflow/.local/lib/python3.7/site-packages/airflow/example_dags/example_latest_only.py took 0.100 seconds
[2022-12-17T04:27:52.703+0000] {processor.py:153} INFO - Started process (PID=1611) to work on /home/airflow/.local/lib/python3.7/site-packages/airflow/example_dags/example_latest_only.py
[2022-12-17T04:27:52.704+0000] {processor.py:743} INFO - Processing file /home/airflow/.local/lib/python3.7/site-packages/airflow/example_dags/example_latest_only.py for tasks to queue
[2022-12-17T04:27:52.704+0000] {logging_mixin.py:137} INFO - [2022-12-17T04:27:52.704+0000] {dagbag.py:538} INFO - Filling up the DagBag from /home/airflow/.local/lib/python3.7/site-packages/airflow/example_dags/example_latest_only.py
[2022-12-17T04:27:52.714+0000] {processor.py:753} INFO - DAG(s) dict_keys(['latest_only']) retrieved from /home/airflow/.local/lib/python3.7/site-packages/airflow/example_dags/example_latest_only.py
[2022-12-17T04:27:52.744+0000] {logging_mixin.py:137} INFO - [2022-12-17T04:27:52.743+0000] {dag.py:2676} INFO - Sync 1 DAGs
[2022-12-17T04:27:52.765+0000] {logging_mixin.py:137} INFO - [2022-12-17T04:27:52.765+0000] {dag.py:3427} INFO - Setting next_dagrun for latest_only to 2022-12-17T00:27:52.765256+00:00, run_after=2022-12-17T04:27:52.765256+00:00
[2022-12-17T04:27:52.779+0000] {processor.py:175} INFO - Processing /home/airflow/.local/lib/python3.7/site-packages/airflow/example_dags/example_latest_only.py took 0.079 seconds
[2022-12-17T04:28:23.071+0000] {processor.py:153} INFO - Started process (PID=1700) to work on /home/airflow/.local/lib/python3.7/site-packages/airflow/example_dags/example_latest_only.py
[2022-12-17T04:28:23.072+0000] {processor.py:743} INFO - Processing file /home/airflow/.local/lib/python3.7/site-packages/airflow/example_dags/example_latest_only.py for tasks to queue
[2022-12-17T04:28:23.072+0000] {logging_mixin.py:137} INFO - [2022-12-17T04:28:23.072+0000] {dagbag.py:538} INFO - Filling up the DagBag from /home/airflow/.local/lib/python3.7/site-packages/airflow/example_dags/example_latest_only.py
[2022-12-17T04:28:23.082+0000] {processor.py:753} INFO - DAG(s) dict_keys(['latest_only']) retrieved from /home/airflow/.local/lib/python3.7/site-packages/airflow/example_dags/example_latest_only.py
[2022-12-17T04:28:23.114+0000] {logging_mixin.py:137} INFO - [2022-12-17T04:28:23.114+0000] {dag.py:2676} INFO - Sync 1 DAGs
[2022-12-17T04:28:23.142+0000] {logging_mixin.py:137} INFO - [2022-12-17T04:28:23.142+0000] {dag.py:3427} INFO - Setting next_dagrun for latest_only to 2022-12-17T00:28:23.142611+00:00, run_after=2022-12-17T04:28:23.142611+00:00
[2022-12-17T04:28:23.160+0000] {processor.py:175} INFO - Processing /home/airflow/.local/lib/python3.7/site-packages/airflow/example_dags/example_latest_only.py took 0.090 seconds
[2022-12-17T04:28:53.224+0000] {processor.py:153} INFO - Started process (PID=1790) to work on /home/airflow/.local/lib/python3.7/site-packages/airflow/example_dags/example_latest_only.py
[2022-12-17T04:28:53.224+0000] {processor.py:743} INFO - Processing file /home/airflow/.local/lib/python3.7/site-packages/airflow/example_dags/example_latest_only.py for tasks to queue
[2022-12-17T04:28:53.225+0000] {logging_mixin.py:137} INFO - [2022-12-17T04:28:53.225+0000] {dagbag.py:538} INFO - Filling up the DagBag from /home/airflow/.local/lib/python3.7/site-packages/airflow/example_dags/example_latest_only.py
[2022-12-17T04:28:53.235+0000] {processor.py:753} INFO - DAG(s) dict_keys(['latest_only']) retrieved from /home/airflow/.local/lib/python3.7/site-packages/airflow/example_dags/example_latest_only.py
[2022-12-17T04:28:53.264+0000] {logging_mixin.py:137} INFO - [2022-12-17T04:28:53.264+0000] {dag.py:2676} INFO - Sync 1 DAGs
[2022-12-17T04:28:53.284+0000] {logging_mixin.py:137} INFO - [2022-12-17T04:28:53.284+0000] {dag.py:3427} INFO - Setting next_dagrun for latest_only to 2022-12-17T00:28:53.284475+00:00, run_after=2022-12-17T04:28:53.284475+00:00
[2022-12-17T04:28:53.302+0000] {processor.py:175} INFO - Processing /home/airflow/.local/lib/python3.7/site-packages/airflow/example_dags/example_latest_only.py took 0.082 seconds
[2022-12-17T04:29:23.878+0000] {processor.py:153} INFO - Started process (PID=1889) to work on /home/airflow/.local/lib/python3.7/site-packages/airflow/example_dags/example_latest_only.py
[2022-12-17T04:29:23.879+0000] {processor.py:743} INFO - Processing file /home/airflow/.local/lib/python3.7/site-packages/airflow/example_dags/example_latest_only.py for tasks to queue
[2022-12-17T04:29:23.879+0000] {logging_mixin.py:137} INFO - [2022-12-17T04:29:23.879+0000] {dagbag.py:538} INFO - Filling up the DagBag from /home/airflow/.local/lib/python3.7/site-packages/airflow/example_dags/example_latest_only.py
[2022-12-17T04:29:23.890+0000] {processor.py:753} INFO - DAG(s) dict_keys(['latest_only']) retrieved from /home/airflow/.local/lib/python3.7/site-packages/airflow/example_dags/example_latest_only.py
[2022-12-17T04:29:23.918+0000] {logging_mixin.py:137} INFO - [2022-12-17T04:29:23.918+0000] {dag.py:2676} INFO - Sync 1 DAGs
[2022-12-17T04:29:23.938+0000] {logging_mixin.py:137} INFO - [2022-12-17T04:29:23.938+0000] {dag.py:3427} INFO - Setting next_dagrun for latest_only to 2022-12-17T00:29:23.938072+00:00, run_after=2022-12-17T04:29:23.938072+00:00
[2022-12-17T04:29:23.951+0000] {processor.py:175} INFO - Processing /home/airflow/.local/lib/python3.7/site-packages/airflow/example_dags/example_latest_only.py took 0.075 seconds
[2022-12-17T04:29:54.105+0000] {processor.py:153} INFO - Started process (PID=1968) to work on /home/airflow/.local/lib/python3.7/site-packages/airflow/example_dags/example_latest_only.py
[2022-12-17T04:29:54.106+0000] {processor.py:743} INFO - Processing file /home/airflow/.local/lib/python3.7/site-packages/airflow/example_dags/example_latest_only.py for tasks to queue
[2022-12-17T04:29:54.106+0000] {logging_mixin.py:137} INFO - [2022-12-17T04:29:54.106+0000] {dagbag.py:538} INFO - Filling up the DagBag from /home/airflow/.local/lib/python3.7/site-packages/airflow/example_dags/example_latest_only.py
[2022-12-17T04:29:54.118+0000] {processor.py:753} INFO - DAG(s) dict_keys(['latest_only']) retrieved from /home/airflow/.local/lib/python3.7/site-packages/airflow/example_dags/example_latest_only.py
[2022-12-17T04:29:54.148+0000] {logging_mixin.py:137} INFO - [2022-12-17T04:29:54.148+0000] {dag.py:2676} INFO - Sync 1 DAGs
[2022-12-17T04:29:54.167+0000] {logging_mixin.py:137} INFO - [2022-12-17T04:29:54.167+0000] {dag.py:3427} INFO - Setting next_dagrun for latest_only to 2022-12-17T00:29:54.167467+00:00, run_after=2022-12-17T04:29:54.167467+00:00
[2022-12-17T04:29:54.179+0000] {processor.py:175} INFO - Processing /home/airflow/.local/lib/python3.7/site-packages/airflow/example_dags/example_latest_only.py took 0.077 seconds
[2022-12-17T04:30:24.432+0000] {processor.py:153} INFO - Started process (PID=2067) to work on /home/airflow/.local/lib/python3.7/site-packages/airflow/example_dags/example_latest_only.py
[2022-12-17T04:30:24.432+0000] {processor.py:743} INFO - Processing file /home/airflow/.local/lib/python3.7/site-packages/airflow/example_dags/example_latest_only.py for tasks to queue
[2022-12-17T04:30:24.433+0000] {logging_mixin.py:137} INFO - [2022-12-17T04:30:24.433+0000] {dagbag.py:538} INFO - Filling up the DagBag from /home/airflow/.local/lib/python3.7/site-packages/airflow/example_dags/example_latest_only.py
[2022-12-17T04:30:24.441+0000] {processor.py:753} INFO - DAG(s) dict_keys(['latest_only']) retrieved from /home/airflow/.local/lib/python3.7/site-packages/airflow/example_dags/example_latest_only.py
[2022-12-17T04:30:24.471+0000] {logging_mixin.py:137} INFO - [2022-12-17T04:30:24.471+0000] {dag.py:2676} INFO - Sync 1 DAGs
[2022-12-17T04:30:24.490+0000] {logging_mixin.py:137} INFO - [2022-12-17T04:30:24.489+0000] {dag.py:3427} INFO - Setting next_dagrun for latest_only to 2022-12-17T00:30:24.489795+00:00, run_after=2022-12-17T04:30:24.489795+00:00
[2022-12-17T04:30:24.502+0000] {processor.py:175} INFO - Processing /home/airflow/.local/lib/python3.7/site-packages/airflow/example_dags/example_latest_only.py took 0.073 seconds
[2022-12-17T04:30:54.697+0000] {processor.py:153} INFO - Started process (PID=2146) to work on /home/airflow/.local/lib/python3.7/site-packages/airflow/example_dags/example_latest_only.py
[2022-12-17T04:30:54.697+0000] {processor.py:743} INFO - Processing file /home/airflow/.local/lib/python3.7/site-packages/airflow/example_dags/example_latest_only.py for tasks to queue
[2022-12-17T04:30:54.698+0000] {logging_mixin.py:137} INFO - [2022-12-17T04:30:54.698+0000] {dagbag.py:538} INFO - Filling up the DagBag from /home/airflow/.local/lib/python3.7/site-packages/airflow/example_dags/example_latest_only.py
[2022-12-17T04:30:54.706+0000] {processor.py:753} INFO - DAG(s) dict_keys(['latest_only']) retrieved from /home/airflow/.local/lib/python3.7/site-packages/airflow/example_dags/example_latest_only.py
[2022-12-17T04:30:54.737+0000] {logging_mixin.py:137} INFO - [2022-12-17T04:30:54.737+0000] {dag.py:2676} INFO - Sync 1 DAGs
[2022-12-17T04:30:54.756+0000] {logging_mixin.py:137} INFO - [2022-12-17T04:30:54.756+0000] {dag.py:3427} INFO - Setting next_dagrun for latest_only to 2022-12-17T00:30:54.755973+00:00, run_after=2022-12-17T04:30:54.755973+00:00
[2022-12-17T04:30:54.770+0000] {processor.py:175} INFO - Processing /home/airflow/.local/lib/python3.7/site-packages/airflow/example_dags/example_latest_only.py took 0.076 seconds
[2022-12-17T04:31:25.072+0000] {processor.py:153} INFO - Started process (PID=2245) to work on /home/airflow/.local/lib/python3.7/site-packages/airflow/example_dags/example_latest_only.py
[2022-12-17T04:31:25.073+0000] {processor.py:743} INFO - Processing file /home/airflow/.local/lib/python3.7/site-packages/airflow/example_dags/example_latest_only.py for tasks to queue
[2022-12-17T04:31:25.074+0000] {logging_mixin.py:137} INFO - [2022-12-17T04:31:25.074+0000] {dagbag.py:538} INFO - Filling up the DagBag from /home/airflow/.local/lib/python3.7/site-packages/airflow/example_dags/example_latest_only.py
[2022-12-17T04:31:25.086+0000] {processor.py:753} INFO - DAG(s) dict_keys(['latest_only']) retrieved from /home/airflow/.local/lib/python3.7/site-packages/airflow/example_dags/example_latest_only.py
[2022-12-17T04:31:25.118+0000] {logging_mixin.py:137} INFO - [2022-12-17T04:31:25.118+0000] {dag.py:2676} INFO - Sync 1 DAGs
[2022-12-17T04:31:25.145+0000] {logging_mixin.py:137} INFO - [2022-12-17T04:31:25.144+0000] {dag.py:3427} INFO - Setting next_dagrun for latest_only to 2022-12-17T00:31:25.144680+00:00, run_after=2022-12-17T04:31:25.144680+00:00
[2022-12-17T04:31:25.157+0000] {processor.py:175} INFO - Processing /home/airflow/.local/lib/python3.7/site-packages/airflow/example_dags/example_latest_only.py took 0.088 seconds
[2022-12-17T04:31:55.486+0000] {processor.py:153} INFO - Started process (PID=2334) to work on /home/airflow/.local/lib/python3.7/site-packages/airflow/example_dags/example_latest_only.py
[2022-12-17T04:31:55.486+0000] {processor.py:743} INFO - Processing file /home/airflow/.local/lib/python3.7/site-packages/airflow/example_dags/example_latest_only.py for tasks to queue
[2022-12-17T04:31:55.487+0000] {logging_mixin.py:137} INFO - [2022-12-17T04:31:55.487+0000] {dagbag.py:538} INFO - Filling up the DagBag from /home/airflow/.local/lib/python3.7/site-packages/airflow/example_dags/example_latest_only.py
[2022-12-17T04:31:55.497+0000] {processor.py:753} INFO - DAG(s) dict_keys(['latest_only']) retrieved from /home/airflow/.local/lib/python3.7/site-packages/airflow/example_dags/example_latest_only.py
[2022-12-17T04:31:55.528+0000] {logging_mixin.py:137} INFO - [2022-12-17T04:31:55.528+0000] {dag.py:2676} INFO - Sync 1 DAGs
[2022-12-17T04:31:55.555+0000] {logging_mixin.py:137} INFO - [2022-12-17T04:31:55.555+0000] {dag.py:3427} INFO - Setting next_dagrun for latest_only to 2022-12-17T00:31:55.555196+00:00, run_after=2022-12-17T04:31:55.555196+00:00
[2022-12-17T04:31:55.571+0000] {processor.py:175} INFO - Processing /home/airflow/.local/lib/python3.7/site-packages/airflow/example_dags/example_latest_only.py took 0.089 seconds
[2022-12-17T04:32:25.723+0000] {processor.py:153} INFO - Started process (PID=2424) to work on /home/airflow/.local/lib/python3.7/site-packages/airflow/example_dags/example_latest_only.py
[2022-12-17T04:32:25.723+0000] {processor.py:743} INFO - Processing file /home/airflow/.local/lib/python3.7/site-packages/airflow/example_dags/example_latest_only.py for tasks to queue
[2022-12-17T04:32:25.724+0000] {logging_mixin.py:137} INFO - [2022-12-17T04:32:25.724+0000] {dagbag.py:538} INFO - Filling up the DagBag from /home/airflow/.local/lib/python3.7/site-packages/airflow/example_dags/example_latest_only.py
[2022-12-17T04:32:25.732+0000] {processor.py:753} INFO - DAG(s) dict_keys(['latest_only']) retrieved from /home/airflow/.local/lib/python3.7/site-packages/airflow/example_dags/example_latest_only.py
[2022-12-17T04:32:25.762+0000] {logging_mixin.py:137} INFO - [2022-12-17T04:32:25.762+0000] {dag.py:2676} INFO - Sync 1 DAGs
[2022-12-17T04:32:25.780+0000] {logging_mixin.py:137} INFO - [2022-12-17T04:32:25.780+0000] {dag.py:3427} INFO - Setting next_dagrun for latest_only to 2022-12-17T00:32:25.780045+00:00, run_after=2022-12-17T04:32:25.780045+00:00
[2022-12-17T04:32:25.797+0000] {processor.py:175} INFO - Processing /home/airflow/.local/lib/python3.7/site-packages/airflow/example_dags/example_latest_only.py took 0.076 seconds
[2022-12-17T04:32:56.104+0000] {processor.py:153} INFO - Started process (PID=2524) to work on /home/airflow/.local/lib/python3.7/site-packages/airflow/example_dags/example_latest_only.py
[2022-12-17T04:32:56.104+0000] {processor.py:743} INFO - Processing file /home/airflow/.local/lib/python3.7/site-packages/airflow/example_dags/example_latest_only.py for tasks to queue
[2022-12-17T04:32:56.105+0000] {logging_mixin.py:137} INFO - [2022-12-17T04:32:56.105+0000] {dagbag.py:538} INFO - Filling up the DagBag from /home/airflow/.local/lib/python3.7/site-packages/airflow/example_dags/example_latest_only.py
[2022-12-17T04:32:56.114+0000] {processor.py:753} INFO - DAG(s) dict_keys(['latest_only']) retrieved from /home/airflow/.local/lib/python3.7/site-packages/airflow/example_dags/example_latest_only.py
[2022-12-17T04:32:56.139+0000] {logging_mixin.py:137} INFO - [2022-12-17T04:32:56.139+0000] {dag.py:2676} INFO - Sync 1 DAGs
[2022-12-17T04:32:56.158+0000] {logging_mixin.py:137} INFO - [2022-12-17T04:32:56.158+0000] {dag.py:3427} INFO - Setting next_dagrun for latest_only to 2022-12-17T00:32:56.158195+00:00, run_after=2022-12-17T04:32:56.158195+00:00
[2022-12-17T04:32:56.170+0000] {processor.py:175} INFO - Processing /home/airflow/.local/lib/python3.7/site-packages/airflow/example_dags/example_latest_only.py took 0.070 seconds
[2022-12-17T04:33:26.428+0000] {processor.py:153} INFO - Started process (PID=2604) to work on /home/airflow/.local/lib/python3.7/site-packages/airflow/example_dags/example_latest_only.py
[2022-12-17T04:33:26.429+0000] {processor.py:743} INFO - Processing file /home/airflow/.local/lib/python3.7/site-packages/airflow/example_dags/example_latest_only.py for tasks to queue
[2022-12-17T04:33:26.429+0000] {logging_mixin.py:137} INFO - [2022-12-17T04:33:26.429+0000] {dagbag.py:538} INFO - Filling up the DagBag from /home/airflow/.local/lib/python3.7/site-packages/airflow/example_dags/example_latest_only.py
[2022-12-17T04:33:26.440+0000] {processor.py:753} INFO - DAG(s) dict_keys(['latest_only']) retrieved from /home/airflow/.local/lib/python3.7/site-packages/airflow/example_dags/example_latest_only.py
[2022-12-17T04:33:26.469+0000] {logging_mixin.py:137} INFO - [2022-12-17T04:33:26.469+0000] {dag.py:2676} INFO - Sync 1 DAGs
[2022-12-17T04:33:26.491+0000] {logging_mixin.py:137} INFO - [2022-12-17T04:33:26.491+0000] {dag.py:3427} INFO - Setting next_dagrun for latest_only to 2022-12-17T00:33:26.491209+00:00, run_after=2022-12-17T04:33:26.491209+00:00
[2022-12-17T04:33:26.506+0000] {processor.py:175} INFO - Processing /home/airflow/.local/lib/python3.7/site-packages/airflow/example_dags/example_latest_only.py took 0.081 seconds
[2022-12-17T04:33:57.004+0000] {processor.py:153} INFO - Started process (PID=2703) to work on /home/airflow/.local/lib/python3.7/site-packages/airflow/example_dags/example_latest_only.py
[2022-12-17T04:33:57.005+0000] {processor.py:743} INFO - Processing file /home/airflow/.local/lib/python3.7/site-packages/airflow/example_dags/example_latest_only.py for tasks to queue
[2022-12-17T04:33:57.006+0000] {logging_mixin.py:137} INFO - [2022-12-17T04:33:57.006+0000] {dagbag.py:538} INFO - Filling up the DagBag from /home/airflow/.local/lib/python3.7/site-packages/airflow/example_dags/example_latest_only.py
[2022-12-17T04:33:57.018+0000] {processor.py:753} INFO - DAG(s) dict_keys(['latest_only']) retrieved from /home/airflow/.local/lib/python3.7/site-packages/airflow/example_dags/example_latest_only.py
[2022-12-17T04:33:57.049+0000] {logging_mixin.py:137} INFO - [2022-12-17T04:33:57.049+0000] {dag.py:2676} INFO - Sync 1 DAGs
[2022-12-17T04:33:57.077+0000] {logging_mixin.py:137} INFO - [2022-12-17T04:33:57.076+0000] {dag.py:3427} INFO - Setting next_dagrun for latest_only to 2022-12-17T00:33:57.076725+00:00, run_after=2022-12-17T04:33:57.076725+00:00
[2022-12-17T04:33:57.094+0000] {processor.py:175} INFO - Processing /home/airflow/.local/lib/python3.7/site-packages/airflow/example_dags/example_latest_only.py took 0.093 seconds
[2022-12-17T04:34:27.169+0000] {processor.py:153} INFO - Started process (PID=2782) to work on /home/airflow/.local/lib/python3.7/site-packages/airflow/example_dags/example_latest_only.py
[2022-12-17T04:34:27.170+0000] {processor.py:743} INFO - Processing file /home/airflow/.local/lib/python3.7/site-packages/airflow/example_dags/example_latest_only.py for tasks to queue
[2022-12-17T04:34:27.170+0000] {logging_mixin.py:137} INFO - [2022-12-17T04:34:27.170+0000] {dagbag.py:538} INFO - Filling up the DagBag from /home/airflow/.local/lib/python3.7/site-packages/airflow/example_dags/example_latest_only.py
[2022-12-17T04:34:27.183+0000] {processor.py:753} INFO - DAG(s) dict_keys(['latest_only']) retrieved from /home/airflow/.local/lib/python3.7/site-packages/airflow/example_dags/example_latest_only.py
[2022-12-17T04:34:27.241+0000] {logging_mixin.py:137} INFO - [2022-12-17T04:34:27.240+0000] {dag.py:2676} INFO - Sync 1 DAGs
[2022-12-17T04:34:27.259+0000] {logging_mixin.py:137} INFO - [2022-12-17T04:34:27.259+0000] {dag.py:3427} INFO - Setting next_dagrun for latest_only to 2022-12-17T00:34:27.259450+00:00, run_after=2022-12-17T04:34:27.259450+00:00
[2022-12-17T04:34:27.272+0000] {processor.py:175} INFO - Processing /home/airflow/.local/lib/python3.7/site-packages/airflow/example_dags/example_latest_only.py took 0.105 seconds
[2022-12-17T04:34:57.463+0000] {processor.py:153} INFO - Started process (PID=2881) to work on /home/airflow/.local/lib/python3.7/site-packages/airflow/example_dags/example_latest_only.py
[2022-12-17T04:34:57.463+0000] {processor.py:743} INFO - Processing file /home/airflow/.local/lib/python3.7/site-packages/airflow/example_dags/example_latest_only.py for tasks to queue
[2022-12-17T04:34:57.464+0000] {logging_mixin.py:137} INFO - [2022-12-17T04:34:57.464+0000] {dagbag.py:538} INFO - Filling up the DagBag from /home/airflow/.local/lib/python3.7/site-packages/airflow/example_dags/example_latest_only.py
[2022-12-17T04:34:57.475+0000] {processor.py:753} INFO - DAG(s) dict_keys(['latest_only']) retrieved from /home/airflow/.local/lib/python3.7/site-packages/airflow/example_dags/example_latest_only.py
[2022-12-17T04:34:57.507+0000] {logging_mixin.py:137} INFO - [2022-12-17T04:34:57.506+0000] {dag.py:2676} INFO - Sync 1 DAGs
[2022-12-17T04:34:57.526+0000] {logging_mixin.py:137} INFO - [2022-12-17T04:34:57.525+0000] {dag.py:3427} INFO - Setting next_dagrun for latest_only to 2022-12-17T00:34:57.525809+00:00, run_after=2022-12-17T04:34:57.525809+00:00
[2022-12-17T04:34:57.539+0000] {processor.py:175} INFO - Processing /home/airflow/.local/lib/python3.7/site-packages/airflow/example_dags/example_latest_only.py took 0.079 seconds
[2022-12-17T04:35:28.221+0000] {processor.py:153} INFO - Started process (PID=2968) to work on /home/airflow/.local/lib/python3.7/site-packages/airflow/example_dags/example_latest_only.py
[2022-12-17T04:35:28.221+0000] {processor.py:743} INFO - Processing file /home/airflow/.local/lib/python3.7/site-packages/airflow/example_dags/example_latest_only.py for tasks to queue
[2022-12-17T04:35:28.222+0000] {logging_mixin.py:137} INFO - [2022-12-17T04:35:28.222+0000] {dagbag.py:538} INFO - Filling up the DagBag from /home/airflow/.local/lib/python3.7/site-packages/airflow/example_dags/example_latest_only.py
[2022-12-17T04:35:28.233+0000] {processor.py:753} INFO - DAG(s) dict_keys(['latest_only']) retrieved from /home/airflow/.local/lib/python3.7/site-packages/airflow/example_dags/example_latest_only.py
[2022-12-17T04:35:28.265+0000] {logging_mixin.py:137} INFO - [2022-12-17T04:35:28.265+0000] {dag.py:2676} INFO - Sync 1 DAGs
[2022-12-17T04:35:28.291+0000] {logging_mixin.py:137} INFO - [2022-12-17T04:35:28.291+0000] {dag.py:3427} INFO - Setting next_dagrun for latest_only to 2022-12-17T00:35:28.290850+00:00, run_after=2022-12-17T04:35:28.290850+00:00
[2022-12-17T04:35:28.306+0000] {processor.py:175} INFO - Processing /home/airflow/.local/lib/python3.7/site-packages/airflow/example_dags/example_latest_only.py took 0.089 seconds
[2022-12-17T04:35:58.543+0000] {processor.py:153} INFO - Started process (PID=3058) to work on /home/airflow/.local/lib/python3.7/site-packages/airflow/example_dags/example_latest_only.py
[2022-12-17T04:35:58.543+0000] {processor.py:743} INFO - Processing file /home/airflow/.local/lib/python3.7/site-packages/airflow/example_dags/example_latest_only.py for tasks to queue
[2022-12-17T04:35:58.544+0000] {logging_mixin.py:137} INFO - [2022-12-17T04:35:58.544+0000] {dagbag.py:538} INFO - Filling up the DagBag from /home/airflow/.local/lib/python3.7/site-packages/airflow/example_dags/example_latest_only.py
[2022-12-17T04:35:58.556+0000] {processor.py:753} INFO - DAG(s) dict_keys(['latest_only']) retrieved from /home/airflow/.local/lib/python3.7/site-packages/airflow/example_dags/example_latest_only.py
[2022-12-17T04:35:58.582+0000] {logging_mixin.py:137} INFO - [2022-12-17T04:35:58.582+0000] {dag.py:2676} INFO - Sync 1 DAGs
[2022-12-17T04:35:58.600+0000] {logging_mixin.py:137} INFO - [2022-12-17T04:35:58.600+0000] {dag.py:3427} INFO - Setting next_dagrun for latest_only to 2022-12-17T00:35:58.600096+00:00, run_after=2022-12-17T04:35:58.600096+00:00
[2022-12-17T04:35:58.613+0000] {processor.py:175} INFO - Processing /home/airflow/.local/lib/python3.7/site-packages/airflow/example_dags/example_latest_only.py took 0.073 seconds
[2022-12-17T04:36:29.186+0000] {processor.py:153} INFO - Started process (PID=3157) to work on /home/airflow/.local/lib/python3.7/site-packages/airflow/example_dags/example_latest_only.py
[2022-12-17T04:36:29.187+0000] {processor.py:743} INFO - Processing file /home/airflow/.local/lib/python3.7/site-packages/airflow/example_dags/example_latest_only.py for tasks to queue
[2022-12-17T04:36:29.187+0000] {logging_mixin.py:137} INFO - [2022-12-17T04:36:29.187+0000] {dagbag.py:538} INFO - Filling up the DagBag from /home/airflow/.local/lib/python3.7/site-packages/airflow/example_dags/example_latest_only.py
[2022-12-17T04:36:29.197+0000] {processor.py:753} INFO - DAG(s) dict_keys(['latest_only']) retrieved from /home/airflow/.local/lib/python3.7/site-packages/airflow/example_dags/example_latest_only.py
[2022-12-17T04:36:29.227+0000] {logging_mixin.py:137} INFO - [2022-12-17T04:36:29.227+0000] {dag.py:2676} INFO - Sync 1 DAGs
[2022-12-17T04:36:29.246+0000] {logging_mixin.py:137} INFO - [2022-12-17T04:36:29.246+0000] {dag.py:3427} INFO - Setting next_dagrun for latest_only to 2022-12-17T00:36:29.246390+00:00, run_after=2022-12-17T04:36:29.246390+00:00
[2022-12-17T04:36:29.260+0000] {processor.py:175} INFO - Processing /home/airflow/.local/lib/python3.7/site-packages/airflow/example_dags/example_latest_only.py took 0.076 seconds
[2022-12-17T04:36:59.533+0000] {processor.py:153} INFO - Started process (PID=3236) to work on /home/airflow/.local/lib/python3.7/site-packages/airflow/example_dags/example_latest_only.py
[2022-12-17T04:36:59.533+0000] {processor.py:743} INFO - Processing file /home/airflow/.local/lib/python3.7/site-packages/airflow/example_dags/example_latest_only.py for tasks to queue
[2022-12-17T04:36:59.534+0000] {logging_mixin.py:137} INFO - [2022-12-17T04:36:59.534+0000] {dagbag.py:538} INFO - Filling up the DagBag from /home/airflow/.local/lib/python3.7/site-packages/airflow/example_dags/example_latest_only.py
[2022-12-17T04:36:59.544+0000] {processor.py:753} INFO - DAG(s) dict_keys(['latest_only']) retrieved from /home/airflow/.local/lib/python3.7/site-packages/airflow/example_dags/example_latest_only.py
[2022-12-17T04:36:59.572+0000] {logging_mixin.py:137} INFO - [2022-12-17T04:36:59.572+0000] {dag.py:2676} INFO - Sync 1 DAGs
[2022-12-17T04:36:59.591+0000] {logging_mixin.py:137} INFO - [2022-12-17T04:36:59.591+0000] {dag.py:3427} INFO - Setting next_dagrun for latest_only to 2022-12-17T00:36:59.590974+00:00, run_after=2022-12-17T04:36:59.590974+00:00
[2022-12-17T04:36:59.606+0000] {processor.py:175} INFO - Processing /home/airflow/.local/lib/python3.7/site-packages/airflow/example_dags/example_latest_only.py took 0.076 seconds
[2022-12-17T04:37:29.789+0000] {processor.py:153} INFO - Started process (PID=3335) to work on /home/airflow/.local/lib/python3.7/site-packages/airflow/example_dags/example_latest_only.py
[2022-12-17T04:37:29.790+0000] {processor.py:743} INFO - Processing file /home/airflow/.local/lib/python3.7/site-packages/airflow/example_dags/example_latest_only.py for tasks to queue
[2022-12-17T04:37:29.790+0000] {logging_mixin.py:137} INFO - [2022-12-17T04:37:29.790+0000] {dagbag.py:538} INFO - Filling up the DagBag from /home/airflow/.local/lib/python3.7/site-packages/airflow/example_dags/example_latest_only.py
[2022-12-17T04:37:29.800+0000] {processor.py:753} INFO - DAG(s) dict_keys(['latest_only']) retrieved from /home/airflow/.local/lib/python3.7/site-packages/airflow/example_dags/example_latest_only.py
[2022-12-17T04:37:29.832+0000] {logging_mixin.py:137} INFO - [2022-12-17T04:37:29.832+0000] {dag.py:2676} INFO - Sync 1 DAGs
[2022-12-17T04:37:29.853+0000] {logging_mixin.py:137} INFO - [2022-12-17T04:37:29.853+0000] {dag.py:3427} INFO - Setting next_dagrun for latest_only to 2022-12-17T00:37:29.853324+00:00, run_after=2022-12-17T04:37:29.853324+00:00
[2022-12-17T04:37:29.866+0000] {processor.py:175} INFO - Processing /home/airflow/.local/lib/python3.7/site-packages/airflow/example_dags/example_latest_only.py took 0.080 seconds
[2022-12-17T04:38:00.244+0000] {processor.py:153} INFO - Started process (PID=3414) to work on /home/airflow/.local/lib/python3.7/site-packages/airflow/example_dags/example_latest_only.py
[2022-12-17T04:38:00.245+0000] {processor.py:743} INFO - Processing file /home/airflow/.local/lib/python3.7/site-packages/airflow/example_dags/example_latest_only.py for tasks to queue
[2022-12-17T04:38:00.245+0000] {logging_mixin.py:137} INFO - [2022-12-17T04:38:00.245+0000] {dagbag.py:538} INFO - Filling up the DagBag from /home/airflow/.local/lib/python3.7/site-packages/airflow/example_dags/example_latest_only.py
[2022-12-17T04:38:00.254+0000] {processor.py:753} INFO - DAG(s) dict_keys(['latest_only']) retrieved from /home/airflow/.local/lib/python3.7/site-packages/airflow/example_dags/example_latest_only.py
[2022-12-17T04:38:00.283+0000] {logging_mixin.py:137} INFO - [2022-12-17T04:38:00.283+0000] {dag.py:2676} INFO - Sync 1 DAGs
[2022-12-17T04:38:00.301+0000] {logging_mixin.py:137} INFO - [2022-12-17T04:38:00.301+0000] {dag.py:3427} INFO - Setting next_dagrun for latest_only to 2022-12-17T00:38:00.301587+00:00, run_after=2022-12-17T04:38:00.301587+00:00
[2022-12-17T04:38:00.314+0000] {processor.py:175} INFO - Processing /home/airflow/.local/lib/python3.7/site-packages/airflow/example_dags/example_latest_only.py took 0.073 seconds
[2022-12-17T04:38:30.707+0000] {processor.py:153} INFO - Started process (PID=3513) to work on /home/airflow/.local/lib/python3.7/site-packages/airflow/example_dags/example_latest_only.py
[2022-12-17T04:38:30.707+0000] {processor.py:743} INFO - Processing file /home/airflow/.local/lib/python3.7/site-packages/airflow/example_dags/example_latest_only.py for tasks to queue
[2022-12-17T04:38:30.708+0000] {logging_mixin.py:137} INFO - [2022-12-17T04:38:30.708+0000] {dagbag.py:538} INFO - Filling up the DagBag from /home/airflow/.local/lib/python3.7/site-packages/airflow/example_dags/example_latest_only.py
[2022-12-17T04:38:30.719+0000] {processor.py:753} INFO - DAG(s) dict_keys(['latest_only']) retrieved from /home/airflow/.local/lib/python3.7/site-packages/airflow/example_dags/example_latest_only.py
[2022-12-17T04:38:30.747+0000] {logging_mixin.py:137} INFO - [2022-12-17T04:38:30.747+0000] {dag.py:2676} INFO - Sync 1 DAGs
[2022-12-17T04:38:30.770+0000] {logging_mixin.py:137} INFO - [2022-12-17T04:38:30.770+0000] {dag.py:3427} INFO - Setting next_dagrun for latest_only to 2022-12-17T00:38:30.769776+00:00, run_after=2022-12-17T04:38:30.769776+00:00
[2022-12-17T04:38:30.786+0000] {processor.py:175} INFO - Processing /home/airflow/.local/lib/python3.7/site-packages/airflow/example_dags/example_latest_only.py took 0.082 seconds
[2022-12-17T04:39:01.036+0000] {processor.py:153} INFO - Started process (PID=3601) to work on /home/airflow/.local/lib/python3.7/site-packages/airflow/example_dags/example_latest_only.py
[2022-12-17T04:39:01.037+0000] {processor.py:743} INFO - Processing file /home/airflow/.local/lib/python3.7/site-packages/airflow/example_dags/example_latest_only.py for tasks to queue
[2022-12-17T04:39:01.038+0000] {logging_mixin.py:137} INFO - [2022-12-17T04:39:01.038+0000] {dagbag.py:538} INFO - Filling up the DagBag from /home/airflow/.local/lib/python3.7/site-packages/airflow/example_dags/example_latest_only.py
[2022-12-17T04:39:01.048+0000] {processor.py:753} INFO - DAG(s) dict_keys(['latest_only']) retrieved from /home/airflow/.local/lib/python3.7/site-packages/airflow/example_dags/example_latest_only.py
[2022-12-17T04:39:01.075+0000] {logging_mixin.py:137} INFO - [2022-12-17T04:39:01.075+0000] {dag.py:2676} INFO - Sync 1 DAGs
[2022-12-17T04:39:01.098+0000] {logging_mixin.py:137} INFO - [2022-12-17T04:39:01.098+0000] {dag.py:3427} INFO - Setting next_dagrun for latest_only to 2022-12-17T00:39:01.098593+00:00, run_after=2022-12-17T04:39:01.098593+00:00
[2022-12-17T04:39:01.114+0000] {processor.py:175} INFO - Processing /home/airflow/.local/lib/python3.7/site-packages/airflow/example_dags/example_latest_only.py took 0.080 seconds
[2022-12-17T04:39:31.476+0000] {processor.py:153} INFO - Started process (PID=3691) to work on /home/airflow/.local/lib/python3.7/site-packages/airflow/example_dags/example_latest_only.py
[2022-12-17T04:39:31.476+0000] {processor.py:743} INFO - Processing file /home/airflow/.local/lib/python3.7/site-packages/airflow/example_dags/example_latest_only.py for tasks to queue
[2022-12-17T04:39:31.477+0000] {logging_mixin.py:137} INFO - [2022-12-17T04:39:31.477+0000] {dagbag.py:538} INFO - Filling up the DagBag from /home/airflow/.local/lib/python3.7/site-packages/airflow/example_dags/example_latest_only.py
[2022-12-17T04:39:31.487+0000] {processor.py:753} INFO - DAG(s) dict_keys(['latest_only']) retrieved from /home/airflow/.local/lib/python3.7/site-packages/airflow/example_dags/example_latest_only.py
[2022-12-17T04:39:31.519+0000] {logging_mixin.py:137} INFO - [2022-12-17T04:39:31.519+0000] {dag.py:2676} INFO - Sync 1 DAGs
[2022-12-17T04:39:31.539+0000] {logging_mixin.py:137} INFO - [2022-12-17T04:39:31.539+0000] {dag.py:3427} INFO - Setting next_dagrun for latest_only to 2022-12-17T00:39:31.539319+00:00, run_after=2022-12-17T04:39:31.539319+00:00
[2022-12-17T04:39:31.554+0000] {processor.py:175} INFO - Processing /home/airflow/.local/lib/python3.7/site-packages/airflow/example_dags/example_latest_only.py took 0.081 seconds
[2022-12-17T04:40:02.002+0000] {processor.py:153} INFO - Started process (PID=3790) to work on /home/airflow/.local/lib/python3.7/site-packages/airflow/example_dags/example_latest_only.py
[2022-12-17T04:40:02.002+0000] {processor.py:743} INFO - Processing file /home/airflow/.local/lib/python3.7/site-packages/airflow/example_dags/example_latest_only.py for tasks to queue
[2022-12-17T04:40:02.002+0000] {logging_mixin.py:137} INFO - [2022-12-17T04:40:02.002+0000] {dagbag.py:538} INFO - Filling up the DagBag from /home/airflow/.local/lib/python3.7/site-packages/airflow/example_dags/example_latest_only.py
[2022-12-17T04:40:02.012+0000] {processor.py:753} INFO - DAG(s) dict_keys(['latest_only']) retrieved from /home/airflow/.local/lib/python3.7/site-packages/airflow/example_dags/example_latest_only.py
[2022-12-17T04:40:02.043+0000] {logging_mixin.py:137} INFO - [2022-12-17T04:40:02.043+0000] {dag.py:2676} INFO - Sync 1 DAGs
[2022-12-17T04:40:02.064+0000] {logging_mixin.py:137} INFO - [2022-12-17T04:40:02.064+0000] {dag.py:3427} INFO - Setting next_dagrun for latest_only to 2022-12-17T00:40:02.063972+00:00, run_after=2022-12-17T04:40:02.063972+00:00
[2022-12-17T04:40:02.080+0000] {processor.py:175} INFO - Processing /home/airflow/.local/lib/python3.7/site-packages/airflow/example_dags/example_latest_only.py took 0.082 seconds
[2022-12-17T04:40:32.346+0000] {processor.py:153} INFO - Started process (PID=3870) to work on /home/airflow/.local/lib/python3.7/site-packages/airflow/example_dags/example_latest_only.py
[2022-12-17T04:40:32.346+0000] {processor.py:743} INFO - Processing file /home/airflow/.local/lib/python3.7/site-packages/airflow/example_dags/example_latest_only.py for tasks to queue
[2022-12-17T04:40:32.346+0000] {logging_mixin.py:137} INFO - [2022-12-17T04:40:32.346+0000] {dagbag.py:538} INFO - Filling up the DagBag from /home/airflow/.local/lib/python3.7/site-packages/airflow/example_dags/example_latest_only.py
[2022-12-17T04:40:32.355+0000] {processor.py:753} INFO - DAG(s) dict_keys(['latest_only']) retrieved from /home/airflow/.local/lib/python3.7/site-packages/airflow/example_dags/example_latest_only.py
[2022-12-17T04:40:32.382+0000] {logging_mixin.py:137} INFO - [2022-12-17T04:40:32.381+0000] {dag.py:2676} INFO - Sync 1 DAGs
[2022-12-17T04:40:32.410+0000] {logging_mixin.py:137} INFO - [2022-12-17T04:40:32.410+0000] {dag.py:3427} INFO - Setting next_dagrun for latest_only to 2022-12-17T00:40:32.410299+00:00, run_after=2022-12-17T04:40:32.410299+00:00
[2022-12-17T04:40:32.423+0000] {processor.py:175} INFO - Processing /home/airflow/.local/lib/python3.7/site-packages/airflow/example_dags/example_latest_only.py took 0.080 seconds
[2022-12-17T04:41:02.618+0000] {processor.py:153} INFO - Started process (PID=3969) to work on /home/airflow/.local/lib/python3.7/site-packages/airflow/example_dags/example_latest_only.py
[2022-12-17T04:41:02.619+0000] {processor.py:743} INFO - Processing file /home/airflow/.local/lib/python3.7/site-packages/airflow/example_dags/example_latest_only.py for tasks to queue
[2022-12-17T04:41:02.620+0000] {logging_mixin.py:137} INFO - [2022-12-17T04:41:02.620+0000] {dagbag.py:538} INFO - Filling up the DagBag from /home/airflow/.local/lib/python3.7/site-packages/airflow/example_dags/example_latest_only.py
[2022-12-17T04:41:02.631+0000] {processor.py:753} INFO - DAG(s) dict_keys(['latest_only']) retrieved from /home/airflow/.local/lib/python3.7/site-packages/airflow/example_dags/example_latest_only.py
[2022-12-17T04:41:02.659+0000] {logging_mixin.py:137} INFO - [2022-12-17T04:41:02.659+0000] {dag.py:2676} INFO - Sync 1 DAGs
[2022-12-17T04:41:02.682+0000] {logging_mixin.py:137} INFO - [2022-12-17T04:41:02.682+0000] {dag.py:3427} INFO - Setting next_dagrun for latest_only to 2022-12-17T00:41:02.682476+00:00, run_after=2022-12-17T04:41:02.682476+00:00
[2022-12-17T04:41:02.700+0000] {processor.py:175} INFO - Processing /home/airflow/.local/lib/python3.7/site-packages/airflow/example_dags/example_latest_only.py took 0.084 seconds
[2022-12-17T04:41:32.947+0000] {processor.py:153} INFO - Started process (PID=4048) to work on /home/airflow/.local/lib/python3.7/site-packages/airflow/example_dags/example_latest_only.py
[2022-12-17T04:41:32.947+0000] {processor.py:743} INFO - Processing file /home/airflow/.local/lib/python3.7/site-packages/airflow/example_dags/example_latest_only.py for tasks to queue
[2022-12-17T04:41:32.948+0000] {logging_mixin.py:137} INFO - [2022-12-17T04:41:32.948+0000] {dagbag.py:538} INFO - Filling up the DagBag from /home/airflow/.local/lib/python3.7/site-packages/airflow/example_dags/example_latest_only.py
[2022-12-17T04:41:32.959+0000] {processor.py:753} INFO - DAG(s) dict_keys(['latest_only']) retrieved from /home/airflow/.local/lib/python3.7/site-packages/airflow/example_dags/example_latest_only.py
[2022-12-17T04:41:32.989+0000] {logging_mixin.py:137} INFO - [2022-12-17T04:41:32.988+0000] {dag.py:2676} INFO - Sync 1 DAGs
[2022-12-17T04:41:33.011+0000] {logging_mixin.py:137} INFO - [2022-12-17T04:41:33.011+0000] {dag.py:3427} INFO - Setting next_dagrun for latest_only to 2022-12-17T00:41:33.011617+00:00, run_after=2022-12-17T04:41:33.011617+00:00
[2022-12-17T04:41:33.027+0000] {processor.py:175} INFO - Processing /home/airflow/.local/lib/python3.7/site-packages/airflow/example_dags/example_latest_only.py took 0.083 seconds
[2022-12-17T04:42:03.205+0000] {processor.py:153} INFO - Started process (PID=4148) to work on /home/airflow/.local/lib/python3.7/site-packages/airflow/example_dags/example_latest_only.py
[2022-12-17T04:42:03.206+0000] {processor.py:743} INFO - Processing file /home/airflow/.local/lib/python3.7/site-packages/airflow/example_dags/example_latest_only.py for tasks to queue
[2022-12-17T04:42:03.206+0000] {logging_mixin.py:137} INFO - [2022-12-17T04:42:03.206+0000] {dagbag.py:538} INFO - Filling up the DagBag from /home/airflow/.local/lib/python3.7/site-packages/airflow/example_dags/example_latest_only.py
[2022-12-17T04:42:03.218+0000] {processor.py:753} INFO - DAG(s) dict_keys(['latest_only']) retrieved from /home/airflow/.local/lib/python3.7/site-packages/airflow/example_dags/example_latest_only.py
[2022-12-17T04:42:03.250+0000] {logging_mixin.py:137} INFO - [2022-12-17T04:42:03.250+0000] {dag.py:2676} INFO - Sync 1 DAGs
[2022-12-17T04:42:03.269+0000] {logging_mixin.py:137} INFO - [2022-12-17T04:42:03.269+0000] {dag.py:3427} INFO - Setting next_dagrun for latest_only to 2022-12-17T00:42:03.269125+00:00, run_after=2022-12-17T04:42:03.269125+00:00
[2022-12-17T04:42:03.282+0000] {processor.py:175} INFO - Processing /home/airflow/.local/lib/python3.7/site-packages/airflow/example_dags/example_latest_only.py took 0.080 seconds
[2022-12-17T04:42:33.552+0000] {processor.py:153} INFO - Started process (PID=4227) to work on /home/airflow/.local/lib/python3.7/site-packages/airflow/example_dags/example_latest_only.py
[2022-12-17T04:42:33.553+0000] {processor.py:743} INFO - Processing file /home/airflow/.local/lib/python3.7/site-packages/airflow/example_dags/example_latest_only.py for tasks to queue
[2022-12-17T04:42:33.553+0000] {logging_mixin.py:137} INFO - [2022-12-17T04:42:33.553+0000] {dagbag.py:538} INFO - Filling up the DagBag from /home/airflow/.local/lib/python3.7/site-packages/airflow/example_dags/example_latest_only.py
[2022-12-17T04:42:33.564+0000] {processor.py:753} INFO - DAG(s) dict_keys(['latest_only']) retrieved from /home/airflow/.local/lib/python3.7/site-packages/airflow/example_dags/example_latest_only.py
[2022-12-17T04:42:33.590+0000] {logging_mixin.py:137} INFO - [2022-12-17T04:42:33.590+0000] {dag.py:2676} INFO - Sync 1 DAGs
[2022-12-17T04:42:33.611+0000] {logging_mixin.py:137} INFO - [2022-12-17T04:42:33.611+0000] {dag.py:3427} INFO - Setting next_dagrun for latest_only to 2022-12-17T00:42:33.611020+00:00, run_after=2022-12-17T04:42:33.611020+00:00
[2022-12-17T04:42:33.626+0000] {processor.py:175} INFO - Processing /home/airflow/.local/lib/python3.7/site-packages/airflow/example_dags/example_latest_only.py took 0.077 seconds
[2022-12-17T04:43:04.123+0000] {processor.py:153} INFO - Started process (PID=4326) to work on /home/airflow/.local/lib/python3.7/site-packages/airflow/example_dags/example_latest_only.py
[2022-12-17T04:43:04.124+0000] {processor.py:743} INFO - Processing file /home/airflow/.local/lib/python3.7/site-packages/airflow/example_dags/example_latest_only.py for tasks to queue
[2022-12-17T04:43:04.125+0000] {logging_mixin.py:137} INFO - [2022-12-17T04:43:04.125+0000] {dagbag.py:538} INFO - Filling up the DagBag from /home/airflow/.local/lib/python3.7/site-packages/airflow/example_dags/example_latest_only.py
[2022-12-17T04:43:04.136+0000] {processor.py:753} INFO - DAG(s) dict_keys(['latest_only']) retrieved from /home/airflow/.local/lib/python3.7/site-packages/airflow/example_dags/example_latest_only.py
[2022-12-17T04:43:04.166+0000] {logging_mixin.py:137} INFO - [2022-12-17T04:43:04.166+0000] {dag.py:2676} INFO - Sync 1 DAGs
[2022-12-17T04:43:04.187+0000] {logging_mixin.py:137} INFO - [2022-12-17T04:43:04.187+0000] {dag.py:3427} INFO - Setting next_dagrun for latest_only to 2022-12-17T00:43:04.187683+00:00, run_after=2022-12-17T04:43:04.187683+00:00
[2022-12-17T04:43:04.200+0000] {processor.py:175} INFO - Processing /home/airflow/.local/lib/python3.7/site-packages/airflow/example_dags/example_latest_only.py took 0.079 seconds
[2022-12-17T04:43:34.427+0000] {processor.py:153} INFO - Started process (PID=4425) to work on /home/airflow/.local/lib/python3.7/site-packages/airflow/example_dags/example_latest_only.py
[2022-12-17T04:43:34.428+0000] {processor.py:743} INFO - Processing file /home/airflow/.local/lib/python3.7/site-packages/airflow/example_dags/example_latest_only.py for tasks to queue
[2022-12-17T04:43:34.428+0000] {logging_mixin.py:137} INFO - [2022-12-17T04:43:34.428+0000] {dagbag.py:538} INFO - Filling up the DagBag from /home/airflow/.local/lib/python3.7/site-packages/airflow/example_dags/example_latest_only.py
[2022-12-17T04:43:34.438+0000] {processor.py:753} INFO - DAG(s) dict_keys(['latest_only']) retrieved from /home/airflow/.local/lib/python3.7/site-packages/airflow/example_dags/example_latest_only.py
[2022-12-17T04:43:34.472+0000] {logging_mixin.py:137} INFO - [2022-12-17T04:43:34.472+0000] {dag.py:2676} INFO - Sync 1 DAGs
[2022-12-17T04:43:34.493+0000] {logging_mixin.py:137} INFO - [2022-12-17T04:43:34.493+0000] {dag.py:3427} INFO - Setting next_dagrun for latest_only to 2022-12-17T00:43:34.493085+00:00, run_after=2022-12-17T04:43:34.493085+00:00
[2022-12-17T04:43:34.508+0000] {processor.py:175} INFO - Processing /home/airflow/.local/lib/python3.7/site-packages/airflow/example_dags/example_latest_only.py took 0.085 seconds
[2022-12-17T04:44:04.612+0000] {processor.py:153} INFO - Started process (PID=4505) to work on /home/airflow/.local/lib/python3.7/site-packages/airflow/example_dags/example_latest_only.py
[2022-12-17T04:44:04.613+0000] {processor.py:743} INFO - Processing file /home/airflow/.local/lib/python3.7/site-packages/airflow/example_dags/example_latest_only.py for tasks to queue
[2022-12-17T04:44:04.613+0000] {logging_mixin.py:137} INFO - [2022-12-17T04:44:04.613+0000] {dagbag.py:538} INFO - Filling up the DagBag from /home/airflow/.local/lib/python3.7/site-packages/airflow/example_dags/example_latest_only.py
[2022-12-17T04:44:04.622+0000] {processor.py:753} INFO - DAG(s) dict_keys(['latest_only']) retrieved from /home/airflow/.local/lib/python3.7/site-packages/airflow/example_dags/example_latest_only.py
[2022-12-17T04:44:04.647+0000] {logging_mixin.py:137} INFO - [2022-12-17T04:44:04.647+0000] {dag.py:2676} INFO - Sync 1 DAGs
[2022-12-17T04:44:04.665+0000] {logging_mixin.py:137} INFO - [2022-12-17T04:44:04.665+0000] {dag.py:3427} INFO - Setting next_dagrun for latest_only to 2022-12-17T00:44:04.665425+00:00, run_after=2022-12-17T04:44:04.665425+00:00
[2022-12-17T04:44:04.679+0000] {processor.py:175} INFO - Processing /home/airflow/.local/lib/python3.7/site-packages/airflow/example_dags/example_latest_only.py took 0.071 seconds
[2022-12-17T04:44:34.956+0000] {processor.py:153} INFO - Started process (PID=4604) to work on /home/airflow/.local/lib/python3.7/site-packages/airflow/example_dags/example_latest_only.py
[2022-12-17T04:44:34.956+0000] {processor.py:743} INFO - Processing file /home/airflow/.local/lib/python3.7/site-packages/airflow/example_dags/example_latest_only.py for tasks to queue
[2022-12-17T04:44:34.957+0000] {logging_mixin.py:137} INFO - [2022-12-17T04:44:34.956+0000] {dagbag.py:538} INFO - Filling up the DagBag from /home/airflow/.local/lib/python3.7/site-packages/airflow/example_dags/example_latest_only.py
[2022-12-17T04:44:34.968+0000] {processor.py:753} INFO - DAG(s) dict_keys(['latest_only']) retrieved from /home/airflow/.local/lib/python3.7/site-packages/airflow/example_dags/example_latest_only.py
[2022-12-17T04:44:34.996+0000] {logging_mixin.py:137} INFO - [2022-12-17T04:44:34.996+0000] {dag.py:2676} INFO - Sync 1 DAGs
[2022-12-17T04:44:35.015+0000] {logging_mixin.py:137} INFO - [2022-12-17T04:44:35.015+0000] {dag.py:3427} INFO - Setting next_dagrun for latest_only to 2022-12-17T00:44:35.015357+00:00, run_after=2022-12-17T04:44:35.015357+00:00
[2022-12-17T04:44:35.027+0000] {processor.py:175} INFO - Processing /home/airflow/.local/lib/python3.7/site-packages/airflow/example_dags/example_latest_only.py took 0.074 seconds
[2022-12-17T04:45:05.305+0000] {processor.py:153} INFO - Started process (PID=4683) to work on /home/airflow/.local/lib/python3.7/site-packages/airflow/example_dags/example_latest_only.py
[2022-12-17T04:45:05.305+0000] {processor.py:743} INFO - Processing file /home/airflow/.local/lib/python3.7/site-packages/airflow/example_dags/example_latest_only.py for tasks to queue
[2022-12-17T04:45:05.306+0000] {logging_mixin.py:137} INFO - [2022-12-17T04:45:05.306+0000] {dagbag.py:538} INFO - Filling up the DagBag from /home/airflow/.local/lib/python3.7/site-packages/airflow/example_dags/example_latest_only.py
[2022-12-17T04:45:05.317+0000] {processor.py:753} INFO - DAG(s) dict_keys(['latest_only']) retrieved from /home/airflow/.local/lib/python3.7/site-packages/airflow/example_dags/example_latest_only.py
[2022-12-17T04:45:05.348+0000] {logging_mixin.py:137} INFO - [2022-12-17T04:45:05.348+0000] {dag.py:2676} INFO - Sync 1 DAGs
[2022-12-17T04:45:05.368+0000] {logging_mixin.py:137} INFO - [2022-12-17T04:45:05.368+0000] {dag.py:3427} INFO - Setting next_dagrun for latest_only to 2022-12-17T00:45:05.368548+00:00, run_after=2022-12-17T04:45:05.368548+00:00
[2022-12-17T04:45:05.381+0000] {processor.py:175} INFO - Processing /home/airflow/.local/lib/python3.7/site-packages/airflow/example_dags/example_latest_only.py took 0.078 seconds
