[2022-12-17T04:19:15.027+0000] {processor.py:153} INFO - Started process (PID=57) to work on /home/airflow/.local/lib/python3.7/site-packages/airflow/example_dags/example_skip_dag.py
[2022-12-17T04:19:15.027+0000] {processor.py:743} INFO - Processing file /home/airflow/.local/lib/python3.7/site-packages/airflow/example_dags/example_skip_dag.py for tasks to queue
[2022-12-17T04:19:15.028+0000] {logging_mixin.py:137} INFO - [2022-12-17T04:19:15.028+0000] {dagbag.py:538} INFO - Filling up the DagBag from /home/airflow/.local/lib/python3.7/site-packages/airflow/example_dags/example_skip_dag.py
[2022-12-17T04:19:15.041+0000] {processor.py:753} INFO - DAG(s) dict_keys(['example_skip_dag']) retrieved from /home/airflow/.local/lib/python3.7/site-packages/airflow/example_dags/example_skip_dag.py
[2022-12-17T04:19:15.134+0000] {logging_mixin.py:137} INFO - [2022-12-17T04:19:15.134+0000] {manager.py:504} INFO - Created Permission View: can read on DAG:example_skip_dag
[2022-12-17T04:19:15.141+0000] {logging_mixin.py:137} INFO - [2022-12-17T04:19:15.141+0000] {manager.py:504} INFO - Created Permission View: can delete on DAG:example_skip_dag
[2022-12-17T04:19:15.145+0000] {logging_mixin.py:137} INFO - [2022-12-17T04:19:15.145+0000] {manager.py:504} INFO - Created Permission View: can edit on DAG:example_skip_dag
[2022-12-17T04:19:15.145+0000] {logging_mixin.py:137} INFO - [2022-12-17T04:19:15.145+0000] {dag.py:2676} INFO - Sync 1 DAGs
[2022-12-17T04:19:15.155+0000] {logging_mixin.py:137} INFO - [2022-12-17T04:19:15.155+0000] {dag.py:2697} INFO - Creating ORM DAG for example_skip_dag
[2022-12-17T04:19:15.164+0000] {logging_mixin.py:137} INFO - [2022-12-17T04:19:15.164+0000] {dag.py:3427} INFO - Setting next_dagrun for example_skip_dag to 2022-12-16T04:19:15.163903+00:00, run_after=2022-12-17T04:19:15.163903+00:00
[2022-12-17T04:19:15.176+0000] {processor.py:175} INFO - Processing /home/airflow/.local/lib/python3.7/site-packages/airflow/example_dags/example_skip_dag.py took 0.153 seconds
[2022-12-17T04:19:45.583+0000] {processor.py:153} INFO - Started process (PID=156) to work on /home/airflow/.local/lib/python3.7/site-packages/airflow/example_dags/example_skip_dag.py
[2022-12-17T04:19:45.586+0000] {processor.py:743} INFO - Processing file /home/airflow/.local/lib/python3.7/site-packages/airflow/example_dags/example_skip_dag.py for tasks to queue
[2022-12-17T04:19:45.586+0000] {logging_mixin.py:137} INFO - [2022-12-17T04:19:45.586+0000] {dagbag.py:538} INFO - Filling up the DagBag from /home/airflow/.local/lib/python3.7/site-packages/airflow/example_dags/example_skip_dag.py
[2022-12-17T04:19:45.597+0000] {processor.py:753} INFO - DAG(s) dict_keys(['example_skip_dag']) retrieved from /home/airflow/.local/lib/python3.7/site-packages/airflow/example_dags/example_skip_dag.py
[2022-12-17T04:19:45.624+0000] {logging_mixin.py:137} INFO - [2022-12-17T04:19:45.624+0000] {dag.py:2676} INFO - Sync 1 DAGs
[2022-12-17T04:19:45.642+0000] {logging_mixin.py:137} INFO - [2022-12-17T04:19:45.642+0000] {dag.py:3427} INFO - Setting next_dagrun for example_skip_dag to 2022-12-16T04:19:45.642648+00:00, run_after=2022-12-17T04:19:45.642648+00:00
[2022-12-17T04:19:45.654+0000] {processor.py:175} INFO - Processing /home/airflow/.local/lib/python3.7/site-packages/airflow/example_dags/example_skip_dag.py took 0.073 seconds
[2022-12-17T04:20:15.820+0000] {processor.py:153} INFO - Started process (PID=235) to work on /home/airflow/.local/lib/python3.7/site-packages/airflow/example_dags/example_skip_dag.py
[2022-12-17T04:20:15.821+0000] {processor.py:743} INFO - Processing file /home/airflow/.local/lib/python3.7/site-packages/airflow/example_dags/example_skip_dag.py for tasks to queue
[2022-12-17T04:20:15.821+0000] {logging_mixin.py:137} INFO - [2022-12-17T04:20:15.821+0000] {dagbag.py:538} INFO - Filling up the DagBag from /home/airflow/.local/lib/python3.7/site-packages/airflow/example_dags/example_skip_dag.py
[2022-12-17T04:20:15.833+0000] {processor.py:753} INFO - DAG(s) dict_keys(['example_skip_dag']) retrieved from /home/airflow/.local/lib/python3.7/site-packages/airflow/example_dags/example_skip_dag.py
[2022-12-17T04:20:15.863+0000] {logging_mixin.py:137} INFO - [2022-12-17T04:20:15.863+0000] {dag.py:2676} INFO - Sync 1 DAGs
[2022-12-17T04:20:15.883+0000] {logging_mixin.py:137} INFO - [2022-12-17T04:20:15.883+0000] {dag.py:3427} INFO - Setting next_dagrun for example_skip_dag to 2022-12-16T04:20:15.883691+00:00, run_after=2022-12-17T04:20:15.883691+00:00
[2022-12-17T04:20:15.896+0000] {processor.py:175} INFO - Processing /home/airflow/.local/lib/python3.7/site-packages/airflow/example_dags/example_skip_dag.py took 0.078 seconds
[2022-12-17T04:20:46.199+0000] {processor.py:153} INFO - Started process (PID=334) to work on /home/airflow/.local/lib/python3.7/site-packages/airflow/example_dags/example_skip_dag.py
[2022-12-17T04:20:46.200+0000] {processor.py:743} INFO - Processing file /home/airflow/.local/lib/python3.7/site-packages/airflow/example_dags/example_skip_dag.py for tasks to queue
[2022-12-17T04:20:46.200+0000] {logging_mixin.py:137} INFO - [2022-12-17T04:20:46.200+0000] {dagbag.py:538} INFO - Filling up the DagBag from /home/airflow/.local/lib/python3.7/site-packages/airflow/example_dags/example_skip_dag.py
[2022-12-17T04:20:46.212+0000] {processor.py:753} INFO - DAG(s) dict_keys(['example_skip_dag']) retrieved from /home/airflow/.local/lib/python3.7/site-packages/airflow/example_dags/example_skip_dag.py
[2022-12-17T04:20:46.242+0000] {logging_mixin.py:137} INFO - [2022-12-17T04:20:46.242+0000] {dag.py:2676} INFO - Sync 1 DAGs
[2022-12-17T04:20:46.261+0000] {logging_mixin.py:137} INFO - [2022-12-17T04:20:46.261+0000] {dag.py:3427} INFO - Setting next_dagrun for example_skip_dag to 2022-12-16T04:20:46.261419+00:00, run_after=2022-12-17T04:20:46.261419+00:00
[2022-12-17T04:20:46.274+0000] {processor.py:175} INFO - Processing /home/airflow/.local/lib/python3.7/site-packages/airflow/example_dags/example_skip_dag.py took 0.076 seconds
[2022-12-17T04:21:16.841+0000] {processor.py:153} INFO - Started process (PID=423) to work on /home/airflow/.local/lib/python3.7/site-packages/airflow/example_dags/example_skip_dag.py
[2022-12-17T04:21:16.842+0000] {processor.py:743} INFO - Processing file /home/airflow/.local/lib/python3.7/site-packages/airflow/example_dags/example_skip_dag.py for tasks to queue
[2022-12-17T04:21:16.842+0000] {logging_mixin.py:137} INFO - [2022-12-17T04:21:16.842+0000] {dagbag.py:538} INFO - Filling up the DagBag from /home/airflow/.local/lib/python3.7/site-packages/airflow/example_dags/example_skip_dag.py
[2022-12-17T04:21:16.856+0000] {processor.py:753} INFO - DAG(s) dict_keys(['example_skip_dag']) retrieved from /home/airflow/.local/lib/python3.7/site-packages/airflow/example_dags/example_skip_dag.py
[2022-12-17T04:21:16.898+0000] {logging_mixin.py:137} INFO - [2022-12-17T04:21:16.897+0000] {dag.py:2676} INFO - Sync 1 DAGs
[2022-12-17T04:21:16.925+0000] {logging_mixin.py:137} INFO - [2022-12-17T04:21:16.925+0000] {dag.py:3427} INFO - Setting next_dagrun for example_skip_dag to 2022-12-16T04:21:16.925429+00:00, run_after=2022-12-17T04:21:16.925429+00:00
[2022-12-17T04:21:16.939+0000] {processor.py:175} INFO - Processing /home/airflow/.local/lib/python3.7/site-packages/airflow/example_dags/example_skip_dag.py took 0.102 seconds
[2022-12-17T04:21:47.028+0000] {processor.py:153} INFO - Started process (PID=513) to work on /home/airflow/.local/lib/python3.7/site-packages/airflow/example_dags/example_skip_dag.py
[2022-12-17T04:21:47.029+0000] {processor.py:743} INFO - Processing file /home/airflow/.local/lib/python3.7/site-packages/airflow/example_dags/example_skip_dag.py for tasks to queue
[2022-12-17T04:21:47.029+0000] {logging_mixin.py:137} INFO - [2022-12-17T04:21:47.029+0000] {dagbag.py:538} INFO - Filling up the DagBag from /home/airflow/.local/lib/python3.7/site-packages/airflow/example_dags/example_skip_dag.py
[2022-12-17T04:21:47.040+0000] {processor.py:753} INFO - DAG(s) dict_keys(['example_skip_dag']) retrieved from /home/airflow/.local/lib/python3.7/site-packages/airflow/example_dags/example_skip_dag.py
[2022-12-17T04:21:47.072+0000] {logging_mixin.py:137} INFO - [2022-12-17T04:21:47.072+0000] {dag.py:2676} INFO - Sync 1 DAGs
[2022-12-17T04:21:47.098+0000] {logging_mixin.py:137} INFO - [2022-12-17T04:21:47.098+0000] {dag.py:3427} INFO - Setting next_dagrun for example_skip_dag to 2022-12-16T04:21:47.098633+00:00, run_after=2022-12-17T04:21:47.098633+00:00
[2022-12-17T04:21:47.112+0000] {processor.py:175} INFO - Processing /home/airflow/.local/lib/python3.7/site-packages/airflow/example_dags/example_skip_dag.py took 0.086 seconds
[2022-12-17T04:22:17.672+0000] {processor.py:153} INFO - Started process (PID=612) to work on /home/airflow/.local/lib/python3.7/site-packages/airflow/example_dags/example_skip_dag.py
[2022-12-17T04:22:17.674+0000] {processor.py:743} INFO - Processing file /home/airflow/.local/lib/python3.7/site-packages/airflow/example_dags/example_skip_dag.py for tasks to queue
[2022-12-17T04:22:17.674+0000] {logging_mixin.py:137} INFO - [2022-12-17T04:22:17.674+0000] {dagbag.py:538} INFO - Filling up the DagBag from /home/airflow/.local/lib/python3.7/site-packages/airflow/example_dags/example_skip_dag.py
[2022-12-17T04:22:17.686+0000] {processor.py:753} INFO - DAG(s) dict_keys(['example_skip_dag']) retrieved from /home/airflow/.local/lib/python3.7/site-packages/airflow/example_dags/example_skip_dag.py
[2022-12-17T04:22:17.717+0000] {logging_mixin.py:137} INFO - [2022-12-17T04:22:17.716+0000] {dag.py:2676} INFO - Sync 1 DAGs
[2022-12-17T04:22:17.737+0000] {logging_mixin.py:137} INFO - [2022-12-17T04:22:17.737+0000] {dag.py:3427} INFO - Setting next_dagrun for example_skip_dag to 2022-12-16T04:22:17.736966+00:00, run_after=2022-12-17T04:22:17.736966+00:00
[2022-12-17T04:22:17.752+0000] {processor.py:175} INFO - Processing /home/airflow/.local/lib/python3.7/site-packages/airflow/example_dags/example_skip_dag.py took 0.082 seconds
[2022-12-17T04:22:47.928+0000] {processor.py:153} INFO - Started process (PID=691) to work on /home/airflow/.local/lib/python3.7/site-packages/airflow/example_dags/example_skip_dag.py
[2022-12-17T04:22:47.929+0000] {processor.py:743} INFO - Processing file /home/airflow/.local/lib/python3.7/site-packages/airflow/example_dags/example_skip_dag.py for tasks to queue
[2022-12-17T04:22:47.930+0000] {logging_mixin.py:137} INFO - [2022-12-17T04:22:47.930+0000] {dagbag.py:538} INFO - Filling up the DagBag from /home/airflow/.local/lib/python3.7/site-packages/airflow/example_dags/example_skip_dag.py
[2022-12-17T04:22:47.941+0000] {processor.py:753} INFO - DAG(s) dict_keys(['example_skip_dag']) retrieved from /home/airflow/.local/lib/python3.7/site-packages/airflow/example_dags/example_skip_dag.py
[2022-12-17T04:22:47.973+0000] {logging_mixin.py:137} INFO - [2022-12-17T04:22:47.973+0000] {dag.py:2676} INFO - Sync 1 DAGs
[2022-12-17T04:22:47.992+0000] {logging_mixin.py:137} INFO - [2022-12-17T04:22:47.992+0000] {dag.py:3427} INFO - Setting next_dagrun for example_skip_dag to 2022-12-16T04:22:47.992647+00:00, run_after=2022-12-17T04:22:47.992647+00:00
[2022-12-17T04:22:48.005+0000] {processor.py:175} INFO - Processing /home/airflow/.local/lib/python3.7/site-packages/airflow/example_dags/example_skip_dag.py took 0.080 seconds
[2022-12-17T04:23:18.040+0000] {processor.py:153} INFO - Started process (PID=789) to work on /home/airflow/.local/lib/python3.7/site-packages/airflow/example_dags/example_skip_dag.py
[2022-12-17T04:23:18.041+0000] {processor.py:743} INFO - Processing file /home/airflow/.local/lib/python3.7/site-packages/airflow/example_dags/example_skip_dag.py for tasks to queue
[2022-12-17T04:23:18.042+0000] {logging_mixin.py:137} INFO - [2022-12-17T04:23:18.042+0000] {dagbag.py:538} INFO - Filling up the DagBag from /home/airflow/.local/lib/python3.7/site-packages/airflow/example_dags/example_skip_dag.py
[2022-12-17T04:23:18.052+0000] {processor.py:753} INFO - DAG(s) dict_keys(['example_skip_dag']) retrieved from /home/airflow/.local/lib/python3.7/site-packages/airflow/example_dags/example_skip_dag.py
[2022-12-17T04:23:18.082+0000] {logging_mixin.py:137} INFO - [2022-12-17T04:23:18.082+0000] {dag.py:2676} INFO - Sync 1 DAGs
[2022-12-17T04:23:18.103+0000] {logging_mixin.py:137} INFO - [2022-12-17T04:23:18.103+0000] {dag.py:3427} INFO - Setting next_dagrun for example_skip_dag to 2022-12-16T04:23:18.103346+00:00, run_after=2022-12-17T04:23:18.103346+00:00
[2022-12-17T04:23:18.117+0000] {processor.py:175} INFO - Processing /home/airflow/.local/lib/python3.7/site-packages/airflow/example_dags/example_skip_dag.py took 0.079 seconds
[2022-12-17T04:23:48.381+0000] {processor.py:153} INFO - Started process (PID=868) to work on /home/airflow/.local/lib/python3.7/site-packages/airflow/example_dags/example_skip_dag.py
[2022-12-17T04:23:48.382+0000] {processor.py:743} INFO - Processing file /home/airflow/.local/lib/python3.7/site-packages/airflow/example_dags/example_skip_dag.py for tasks to queue
[2022-12-17T04:23:48.382+0000] {logging_mixin.py:137} INFO - [2022-12-17T04:23:48.382+0000] {dagbag.py:538} INFO - Filling up the DagBag from /home/airflow/.local/lib/python3.7/site-packages/airflow/example_dags/example_skip_dag.py
[2022-12-17T04:23:48.391+0000] {processor.py:753} INFO - DAG(s) dict_keys(['example_skip_dag']) retrieved from /home/airflow/.local/lib/python3.7/site-packages/airflow/example_dags/example_skip_dag.py
[2022-12-17T04:23:48.417+0000] {logging_mixin.py:137} INFO - [2022-12-17T04:23:48.417+0000] {dag.py:2676} INFO - Sync 1 DAGs
[2022-12-17T04:23:48.437+0000] {logging_mixin.py:137} INFO - [2022-12-17T04:23:48.437+0000] {dag.py:3427} INFO - Setting next_dagrun for example_skip_dag to 2022-12-16T04:23:48.437392+00:00, run_after=2022-12-17T04:23:48.437392+00:00
[2022-12-17T04:23:48.449+0000] {processor.py:175} INFO - Processing /home/airflow/.local/lib/python3.7/site-packages/airflow/example_dags/example_skip_dag.py took 0.070 seconds
[2022-12-17T04:24:18.782+0000] {processor.py:153} INFO - Started process (PID=968) to work on /home/airflow/.local/lib/python3.7/site-packages/airflow/example_dags/example_skip_dag.py
[2022-12-17T04:24:18.782+0000] {processor.py:743} INFO - Processing file /home/airflow/.local/lib/python3.7/site-packages/airflow/example_dags/example_skip_dag.py for tasks to queue
[2022-12-17T04:24:18.783+0000] {logging_mixin.py:137} INFO - [2022-12-17T04:24:18.783+0000] {dagbag.py:538} INFO - Filling up the DagBag from /home/airflow/.local/lib/python3.7/site-packages/airflow/example_dags/example_skip_dag.py
[2022-12-17T04:24:18.791+0000] {processor.py:753} INFO - DAG(s) dict_keys(['example_skip_dag']) retrieved from /home/airflow/.local/lib/python3.7/site-packages/airflow/example_dags/example_skip_dag.py
[2022-12-17T04:24:18.821+0000] {logging_mixin.py:137} INFO - [2022-12-17T04:24:18.820+0000] {dag.py:2676} INFO - Sync 1 DAGs
[2022-12-17T04:24:18.838+0000] {logging_mixin.py:137} INFO - [2022-12-17T04:24:18.838+0000] {dag.py:3427} INFO - Setting next_dagrun for example_skip_dag to 2022-12-16T04:24:18.838715+00:00, run_after=2022-12-17T04:24:18.838715+00:00
[2022-12-17T04:24:18.850+0000] {processor.py:175} INFO - Processing /home/airflow/.local/lib/python3.7/site-packages/airflow/example_dags/example_skip_dag.py took 0.072 seconds
[2022-12-17T04:24:49.114+0000] {processor.py:153} INFO - Started process (PID=1047) to work on /home/airflow/.local/lib/python3.7/site-packages/airflow/example_dags/example_skip_dag.py
[2022-12-17T04:24:49.115+0000] {processor.py:743} INFO - Processing file /home/airflow/.local/lib/python3.7/site-packages/airflow/example_dags/example_skip_dag.py for tasks to queue
[2022-12-17T04:24:49.115+0000] {logging_mixin.py:137} INFO - [2022-12-17T04:24:49.115+0000] {dagbag.py:538} INFO - Filling up the DagBag from /home/airflow/.local/lib/python3.7/site-packages/airflow/example_dags/example_skip_dag.py
[2022-12-17T04:24:49.125+0000] {processor.py:753} INFO - DAG(s) dict_keys(['example_skip_dag']) retrieved from /home/airflow/.local/lib/python3.7/site-packages/airflow/example_dags/example_skip_dag.py
[2022-12-17T04:24:49.155+0000] {logging_mixin.py:137} INFO - [2022-12-17T04:24:49.155+0000] {dag.py:2676} INFO - Sync 1 DAGs
[2022-12-17T04:24:49.175+0000] {logging_mixin.py:137} INFO - [2022-12-17T04:24:49.175+0000] {dag.py:3427} INFO - Setting next_dagrun for example_skip_dag to 2022-12-16T04:24:49.175165+00:00, run_after=2022-12-17T04:24:49.175165+00:00
[2022-12-17T04:24:49.188+0000] {processor.py:175} INFO - Processing /home/airflow/.local/lib/python3.7/site-packages/airflow/example_dags/example_skip_dag.py took 0.077 seconds
[2022-12-17T04:25:19.265+0000] {processor.py:153} INFO - Started process (PID=1146) to work on /home/airflow/.local/lib/python3.7/site-packages/airflow/example_dags/example_skip_dag.py
[2022-12-17T04:25:19.265+0000] {processor.py:743} INFO - Processing file /home/airflow/.local/lib/python3.7/site-packages/airflow/example_dags/example_skip_dag.py for tasks to queue
[2022-12-17T04:25:19.266+0000] {logging_mixin.py:137} INFO - [2022-12-17T04:25:19.266+0000] {dagbag.py:538} INFO - Filling up the DagBag from /home/airflow/.local/lib/python3.7/site-packages/airflow/example_dags/example_skip_dag.py
[2022-12-17T04:25:19.278+0000] {processor.py:753} INFO - DAG(s) dict_keys(['example_skip_dag']) retrieved from /home/airflow/.local/lib/python3.7/site-packages/airflow/example_dags/example_skip_dag.py
[2022-12-17T04:25:19.304+0000] {logging_mixin.py:137} INFO - [2022-12-17T04:25:19.303+0000] {dag.py:2676} INFO - Sync 1 DAGs
[2022-12-17T04:25:19.322+0000] {logging_mixin.py:137} INFO - [2022-12-17T04:25:19.322+0000] {dag.py:3427} INFO - Setting next_dagrun for example_skip_dag to 2022-12-16T04:25:19.321901+00:00, run_after=2022-12-17T04:25:19.321901+00:00
[2022-12-17T04:25:19.335+0000] {processor.py:175} INFO - Processing /home/airflow/.local/lib/python3.7/site-packages/airflow/example_dags/example_skip_dag.py took 0.073 seconds
[2022-12-17T04:25:49.835+0000] {processor.py:153} INFO - Started process (PID=1245) to work on /home/airflow/.local/lib/python3.7/site-packages/airflow/example_dags/example_skip_dag.py
[2022-12-17T04:25:49.836+0000] {processor.py:743} INFO - Processing file /home/airflow/.local/lib/python3.7/site-packages/airflow/example_dags/example_skip_dag.py for tasks to queue
[2022-12-17T04:25:49.836+0000] {logging_mixin.py:137} INFO - [2022-12-17T04:25:49.836+0000] {dagbag.py:538} INFO - Filling up the DagBag from /home/airflow/.local/lib/python3.7/site-packages/airflow/example_dags/example_skip_dag.py
[2022-12-17T04:25:49.847+0000] {processor.py:753} INFO - DAG(s) dict_keys(['example_skip_dag']) retrieved from /home/airflow/.local/lib/python3.7/site-packages/airflow/example_dags/example_skip_dag.py
[2022-12-17T04:25:49.873+0000] {logging_mixin.py:137} INFO - [2022-12-17T04:25:49.873+0000] {dag.py:2676} INFO - Sync 1 DAGs
[2022-12-17T04:25:49.893+0000] {logging_mixin.py:137} INFO - [2022-12-17T04:25:49.893+0000] {dag.py:3427} INFO - Setting next_dagrun for example_skip_dag to 2022-12-16T04:25:49.893098+00:00, run_after=2022-12-17T04:25:49.893098+00:00
[2022-12-17T04:25:49.905+0000] {processor.py:175} INFO - Processing /home/airflow/.local/lib/python3.7/site-packages/airflow/example_dags/example_skip_dag.py took 0.071 seconds
[2022-12-17T04:26:20.291+0000] {processor.py:153} INFO - Started process (PID=1324) to work on /home/airflow/.local/lib/python3.7/site-packages/airflow/example_dags/example_skip_dag.py
[2022-12-17T04:26:20.292+0000] {processor.py:743} INFO - Processing file /home/airflow/.local/lib/python3.7/site-packages/airflow/example_dags/example_skip_dag.py for tasks to queue
[2022-12-17T04:26:20.292+0000] {logging_mixin.py:137} INFO - [2022-12-17T04:26:20.292+0000] {dagbag.py:538} INFO - Filling up the DagBag from /home/airflow/.local/lib/python3.7/site-packages/airflow/example_dags/example_skip_dag.py
[2022-12-17T04:26:20.305+0000] {processor.py:753} INFO - DAG(s) dict_keys(['example_skip_dag']) retrieved from /home/airflow/.local/lib/python3.7/site-packages/airflow/example_dags/example_skip_dag.py
[2022-12-17T04:26:20.338+0000] {logging_mixin.py:137} INFO - [2022-12-17T04:26:20.338+0000] {dag.py:2676} INFO - Sync 1 DAGs
[2022-12-17T04:26:20.361+0000] {logging_mixin.py:137} INFO - [2022-12-17T04:26:20.361+0000] {dag.py:3427} INFO - Setting next_dagrun for example_skip_dag to 2022-12-16T04:26:20.361519+00:00, run_after=2022-12-17T04:26:20.361519+00:00
[2022-12-17T04:26:20.376+0000] {processor.py:175} INFO - Processing /home/airflow/.local/lib/python3.7/site-packages/airflow/example_dags/example_skip_dag.py took 0.087 seconds
[2022-12-17T04:26:50.636+0000] {processor.py:153} INFO - Started process (PID=1423) to work on /home/airflow/.local/lib/python3.7/site-packages/airflow/example_dags/example_skip_dag.py
[2022-12-17T04:26:50.637+0000] {processor.py:743} INFO - Processing file /home/airflow/.local/lib/python3.7/site-packages/airflow/example_dags/example_skip_dag.py for tasks to queue
[2022-12-17T04:26:50.637+0000] {logging_mixin.py:137} INFO - [2022-12-17T04:26:50.637+0000] {dagbag.py:538} INFO - Filling up the DagBag from /home/airflow/.local/lib/python3.7/site-packages/airflow/example_dags/example_skip_dag.py
[2022-12-17T04:26:50.647+0000] {processor.py:753} INFO - DAG(s) dict_keys(['example_skip_dag']) retrieved from /home/airflow/.local/lib/python3.7/site-packages/airflow/example_dags/example_skip_dag.py
[2022-12-17T04:26:50.678+0000] {logging_mixin.py:137} INFO - [2022-12-17T04:26:50.678+0000] {dag.py:2676} INFO - Sync 1 DAGs
[2022-12-17T04:26:50.701+0000] {logging_mixin.py:137} INFO - [2022-12-17T04:26:50.701+0000] {dag.py:3427} INFO - Setting next_dagrun for example_skip_dag to 2022-12-16T04:26:50.700895+00:00, run_after=2022-12-17T04:26:50.700895+00:00
[2022-12-17T04:26:50.713+0000] {processor.py:175} INFO - Processing /home/airflow/.local/lib/python3.7/site-packages/airflow/example_dags/example_skip_dag.py took 0.080 seconds
[2022-12-17T04:27:20.796+0000] {processor.py:153} INFO - Started process (PID=1502) to work on /home/airflow/.local/lib/python3.7/site-packages/airflow/example_dags/example_skip_dag.py
[2022-12-17T04:27:20.797+0000] {processor.py:743} INFO - Processing file /home/airflow/.local/lib/python3.7/site-packages/airflow/example_dags/example_skip_dag.py for tasks to queue
[2022-12-17T04:27:20.797+0000] {logging_mixin.py:137} INFO - [2022-12-17T04:27:20.797+0000] {dagbag.py:538} INFO - Filling up the DagBag from /home/airflow/.local/lib/python3.7/site-packages/airflow/example_dags/example_skip_dag.py
[2022-12-17T04:27:20.806+0000] {processor.py:753} INFO - DAG(s) dict_keys(['example_skip_dag']) retrieved from /home/airflow/.local/lib/python3.7/site-packages/airflow/example_dags/example_skip_dag.py
[2022-12-17T04:27:20.836+0000] {logging_mixin.py:137} INFO - [2022-12-17T04:27:20.836+0000] {dag.py:2676} INFO - Sync 1 DAGs
[2022-12-17T04:27:20.854+0000] {logging_mixin.py:137} INFO - [2022-12-17T04:27:20.854+0000] {dag.py:3427} INFO - Setting next_dagrun for example_skip_dag to 2022-12-16T04:27:20.854253+00:00, run_after=2022-12-17T04:27:20.854253+00:00
[2022-12-17T04:27:20.867+0000] {processor.py:175} INFO - Processing /home/airflow/.local/lib/python3.7/site-packages/airflow/example_dags/example_skip_dag.py took 0.074 seconds
[2022-12-17T04:27:51.258+0000] {processor.py:153} INFO - Started process (PID=1602) to work on /home/airflow/.local/lib/python3.7/site-packages/airflow/example_dags/example_skip_dag.py
[2022-12-17T04:27:51.259+0000] {processor.py:743} INFO - Processing file /home/airflow/.local/lib/python3.7/site-packages/airflow/example_dags/example_skip_dag.py for tasks to queue
[2022-12-17T04:27:51.259+0000] {logging_mixin.py:137} INFO - [2022-12-17T04:27:51.259+0000] {dagbag.py:538} INFO - Filling up the DagBag from /home/airflow/.local/lib/python3.7/site-packages/airflow/example_dags/example_skip_dag.py
[2022-12-17T04:27:51.270+0000] {processor.py:753} INFO - DAG(s) dict_keys(['example_skip_dag']) retrieved from /home/airflow/.local/lib/python3.7/site-packages/airflow/example_dags/example_skip_dag.py
[2022-12-17T04:27:51.298+0000] {logging_mixin.py:137} INFO - [2022-12-17T04:27:51.298+0000] {dag.py:2676} INFO - Sync 1 DAGs
[2022-12-17T04:27:51.318+0000] {logging_mixin.py:137} INFO - [2022-12-17T04:27:51.318+0000] {dag.py:3427} INFO - Setting next_dagrun for example_skip_dag to 2022-12-16T04:27:51.318074+00:00, run_after=2022-12-17T04:27:51.318074+00:00
[2022-12-17T04:27:51.330+0000] {processor.py:175} INFO - Processing /home/airflow/.local/lib/python3.7/site-packages/airflow/example_dags/example_skip_dag.py took 0.075 seconds
[2022-12-17T04:28:21.613+0000] {processor.py:153} INFO - Started process (PID=1681) to work on /home/airflow/.local/lib/python3.7/site-packages/airflow/example_dags/example_skip_dag.py
[2022-12-17T04:28:21.614+0000] {processor.py:743} INFO - Processing file /home/airflow/.local/lib/python3.7/site-packages/airflow/example_dags/example_skip_dag.py for tasks to queue
[2022-12-17T04:28:21.614+0000] {logging_mixin.py:137} INFO - [2022-12-17T04:28:21.614+0000] {dagbag.py:538} INFO - Filling up the DagBag from /home/airflow/.local/lib/python3.7/site-packages/airflow/example_dags/example_skip_dag.py
[2022-12-17T04:28:21.624+0000] {processor.py:753} INFO - DAG(s) dict_keys(['example_skip_dag']) retrieved from /home/airflow/.local/lib/python3.7/site-packages/airflow/example_dags/example_skip_dag.py
[2022-12-17T04:28:21.655+0000] {logging_mixin.py:137} INFO - [2022-12-17T04:28:21.655+0000] {dag.py:2676} INFO - Sync 1 DAGs
[2022-12-17T04:28:21.675+0000] {logging_mixin.py:137} INFO - [2022-12-17T04:28:21.675+0000] {dag.py:3427} INFO - Setting next_dagrun for example_skip_dag to 2022-12-16T04:28:21.674961+00:00, run_after=2022-12-17T04:28:21.674961+00:00
[2022-12-17T04:28:21.691+0000] {processor.py:175} INFO - Processing /home/airflow/.local/lib/python3.7/site-packages/airflow/example_dags/example_skip_dag.py took 0.082 seconds
[2022-12-17T04:28:51.756+0000] {processor.py:153} INFO - Started process (PID=1781) to work on /home/airflow/.local/lib/python3.7/site-packages/airflow/example_dags/example_skip_dag.py
[2022-12-17T04:28:51.757+0000] {processor.py:743} INFO - Processing file /home/airflow/.local/lib/python3.7/site-packages/airflow/example_dags/example_skip_dag.py for tasks to queue
[2022-12-17T04:28:51.758+0000] {logging_mixin.py:137} INFO - [2022-12-17T04:28:51.757+0000] {dagbag.py:538} INFO - Filling up the DagBag from /home/airflow/.local/lib/python3.7/site-packages/airflow/example_dags/example_skip_dag.py
[2022-12-17T04:28:51.768+0000] {processor.py:753} INFO - DAG(s) dict_keys(['example_skip_dag']) retrieved from /home/airflow/.local/lib/python3.7/site-packages/airflow/example_dags/example_skip_dag.py
[2022-12-17T04:28:51.794+0000] {logging_mixin.py:137} INFO - [2022-12-17T04:28:51.794+0000] {dag.py:2676} INFO - Sync 1 DAGs
[2022-12-17T04:28:51.813+0000] {logging_mixin.py:137} INFO - [2022-12-17T04:28:51.813+0000] {dag.py:3427} INFO - Setting next_dagrun for example_skip_dag to 2022-12-16T04:28:51.813243+00:00, run_after=2022-12-17T04:28:51.813243+00:00
[2022-12-17T04:28:51.826+0000] {processor.py:175} INFO - Processing /home/airflow/.local/lib/python3.7/site-packages/airflow/example_dags/example_skip_dag.py took 0.072 seconds
[2022-12-17T04:29:22.347+0000] {processor.py:153} INFO - Started process (PID=1869) to work on /home/airflow/.local/lib/python3.7/site-packages/airflow/example_dags/example_skip_dag.py
[2022-12-17T04:29:22.348+0000] {processor.py:743} INFO - Processing file /home/airflow/.local/lib/python3.7/site-packages/airflow/example_dags/example_skip_dag.py for tasks to queue
[2022-12-17T04:29:22.348+0000] {logging_mixin.py:137} INFO - [2022-12-17T04:29:22.348+0000] {dagbag.py:538} INFO - Filling up the DagBag from /home/airflow/.local/lib/python3.7/site-packages/airflow/example_dags/example_skip_dag.py
[2022-12-17T04:29:22.358+0000] {processor.py:753} INFO - DAG(s) dict_keys(['example_skip_dag']) retrieved from /home/airflow/.local/lib/python3.7/site-packages/airflow/example_dags/example_skip_dag.py
[2022-12-17T04:29:22.384+0000] {logging_mixin.py:137} INFO - [2022-12-17T04:29:22.384+0000] {dag.py:2676} INFO - Sync 1 DAGs
[2022-12-17T04:29:22.403+0000] {logging_mixin.py:137} INFO - [2022-12-17T04:29:22.403+0000] {dag.py:3427} INFO - Setting next_dagrun for example_skip_dag to 2022-12-16T04:29:22.403139+00:00, run_after=2022-12-17T04:29:22.403139+00:00
[2022-12-17T04:29:22.416+0000] {processor.py:175} INFO - Processing /home/airflow/.local/lib/python3.7/site-packages/airflow/example_dags/example_skip_dag.py took 0.072 seconds
[2022-12-17T04:29:52.439+0000] {processor.py:153} INFO - Started process (PID=1958) to work on /home/airflow/.local/lib/python3.7/site-packages/airflow/example_dags/example_skip_dag.py
[2022-12-17T04:29:52.439+0000] {processor.py:743} INFO - Processing file /home/airflow/.local/lib/python3.7/site-packages/airflow/example_dags/example_skip_dag.py for tasks to queue
[2022-12-17T04:29:52.440+0000] {logging_mixin.py:137} INFO - [2022-12-17T04:29:52.439+0000] {dagbag.py:538} INFO - Filling up the DagBag from /home/airflow/.local/lib/python3.7/site-packages/airflow/example_dags/example_skip_dag.py
[2022-12-17T04:29:52.449+0000] {processor.py:753} INFO - DAG(s) dict_keys(['example_skip_dag']) retrieved from /home/airflow/.local/lib/python3.7/site-packages/airflow/example_dags/example_skip_dag.py
[2022-12-17T04:29:52.477+0000] {logging_mixin.py:137} INFO - [2022-12-17T04:29:52.477+0000] {dag.py:2676} INFO - Sync 1 DAGs
[2022-12-17T04:29:52.495+0000] {logging_mixin.py:137} INFO - [2022-12-17T04:29:52.495+0000] {dag.py:3427} INFO - Setting next_dagrun for example_skip_dag to 2022-12-16T04:29:52.495090+00:00, run_after=2022-12-17T04:29:52.495090+00:00
[2022-12-17T04:29:52.507+0000] {processor.py:175} INFO - Processing /home/airflow/.local/lib/python3.7/site-packages/airflow/example_dags/example_skip_dag.py took 0.071 seconds
[2022-12-17T04:30:22.808+0000] {processor.py:153} INFO - Started process (PID=2057) to work on /home/airflow/.local/lib/python3.7/site-packages/airflow/example_dags/example_skip_dag.py
[2022-12-17T04:30:22.808+0000] {processor.py:743} INFO - Processing file /home/airflow/.local/lib/python3.7/site-packages/airflow/example_dags/example_skip_dag.py for tasks to queue
[2022-12-17T04:30:22.809+0000] {logging_mixin.py:137} INFO - [2022-12-17T04:30:22.809+0000] {dagbag.py:538} INFO - Filling up the DagBag from /home/airflow/.local/lib/python3.7/site-packages/airflow/example_dags/example_skip_dag.py
[2022-12-17T04:30:22.820+0000] {processor.py:753} INFO - DAG(s) dict_keys(['example_skip_dag']) retrieved from /home/airflow/.local/lib/python3.7/site-packages/airflow/example_dags/example_skip_dag.py
[2022-12-17T04:30:22.849+0000] {logging_mixin.py:137} INFO - [2022-12-17T04:30:22.849+0000] {dag.py:2676} INFO - Sync 1 DAGs
[2022-12-17T04:30:22.869+0000] {logging_mixin.py:137} INFO - [2022-12-17T04:30:22.868+0000] {dag.py:3427} INFO - Setting next_dagrun for example_skip_dag to 2022-12-16T04:30:22.868732+00:00, run_after=2022-12-17T04:30:22.868732+00:00
[2022-12-17T04:30:22.882+0000] {processor.py:175} INFO - Processing /home/airflow/.local/lib/python3.7/site-packages/airflow/example_dags/example_skip_dag.py took 0.077 seconds
[2022-12-17T04:30:53.192+0000] {processor.py:153} INFO - Started process (PID=2137) to work on /home/airflow/.local/lib/python3.7/site-packages/airflow/example_dags/example_skip_dag.py
[2022-12-17T04:30:53.192+0000] {processor.py:743} INFO - Processing file /home/airflow/.local/lib/python3.7/site-packages/airflow/example_dags/example_skip_dag.py for tasks to queue
[2022-12-17T04:30:53.193+0000] {logging_mixin.py:137} INFO - [2022-12-17T04:30:53.193+0000] {dagbag.py:538} INFO - Filling up the DagBag from /home/airflow/.local/lib/python3.7/site-packages/airflow/example_dags/example_skip_dag.py
[2022-12-17T04:30:53.204+0000] {processor.py:753} INFO - DAG(s) dict_keys(['example_skip_dag']) retrieved from /home/airflow/.local/lib/python3.7/site-packages/airflow/example_dags/example_skip_dag.py
[2022-12-17T04:30:53.235+0000] {logging_mixin.py:137} INFO - [2022-12-17T04:30:53.234+0000] {dag.py:2676} INFO - Sync 1 DAGs
[2022-12-17T04:30:53.253+0000] {logging_mixin.py:137} INFO - [2022-12-17T04:30:53.253+0000] {dag.py:3427} INFO - Setting next_dagrun for example_skip_dag to 2022-12-16T04:30:53.253151+00:00, run_after=2022-12-17T04:30:53.253151+00:00
[2022-12-17T04:30:53.265+0000] {processor.py:175} INFO - Processing /home/airflow/.local/lib/python3.7/site-packages/airflow/example_dags/example_skip_dag.py took 0.076 seconds
[2022-12-17T04:31:23.450+0000] {processor.py:153} INFO - Started process (PID=2236) to work on /home/airflow/.local/lib/python3.7/site-packages/airflow/example_dags/example_skip_dag.py
[2022-12-17T04:31:23.450+0000] {processor.py:743} INFO - Processing file /home/airflow/.local/lib/python3.7/site-packages/airflow/example_dags/example_skip_dag.py for tasks to queue
[2022-12-17T04:31:23.450+0000] {logging_mixin.py:137} INFO - [2022-12-17T04:31:23.450+0000] {dagbag.py:538} INFO - Filling up the DagBag from /home/airflow/.local/lib/python3.7/site-packages/airflow/example_dags/example_skip_dag.py
[2022-12-17T04:31:23.460+0000] {processor.py:753} INFO - DAG(s) dict_keys(['example_skip_dag']) retrieved from /home/airflow/.local/lib/python3.7/site-packages/airflow/example_dags/example_skip_dag.py
[2022-12-17T04:31:23.488+0000] {logging_mixin.py:137} INFO - [2022-12-17T04:31:23.488+0000] {dag.py:2676} INFO - Sync 1 DAGs
[2022-12-17T04:31:23.508+0000] {logging_mixin.py:137} INFO - [2022-12-17T04:31:23.508+0000] {dag.py:3427} INFO - Setting next_dagrun for example_skip_dag to 2022-12-16T04:31:23.507896+00:00, run_after=2022-12-17T04:31:23.507896+00:00
[2022-12-17T04:31:23.521+0000] {processor.py:175} INFO - Processing /home/airflow/.local/lib/python3.7/site-packages/airflow/example_dags/example_skip_dag.py took 0.074 seconds
[2022-12-17T04:31:54.011+0000] {processor.py:153} INFO - Started process (PID=2315) to work on /home/airflow/.local/lib/python3.7/site-packages/airflow/example_dags/example_skip_dag.py
[2022-12-17T04:31:54.012+0000] {processor.py:743} INFO - Processing file /home/airflow/.local/lib/python3.7/site-packages/airflow/example_dags/example_skip_dag.py for tasks to queue
[2022-12-17T04:31:54.013+0000] {logging_mixin.py:137} INFO - [2022-12-17T04:31:54.013+0000] {dagbag.py:538} INFO - Filling up the DagBag from /home/airflow/.local/lib/python3.7/site-packages/airflow/example_dags/example_skip_dag.py
[2022-12-17T04:31:54.022+0000] {processor.py:753} INFO - DAG(s) dict_keys(['example_skip_dag']) retrieved from /home/airflow/.local/lib/python3.7/site-packages/airflow/example_dags/example_skip_dag.py
[2022-12-17T04:31:54.049+0000] {logging_mixin.py:137} INFO - [2022-12-17T04:31:54.049+0000] {dag.py:2676} INFO - Sync 1 DAGs
[2022-12-17T04:31:54.072+0000] {logging_mixin.py:137} INFO - [2022-12-17T04:31:54.072+0000] {dag.py:3427} INFO - Setting next_dagrun for example_skip_dag to 2022-12-16T04:31:54.072276+00:00, run_after=2022-12-17T04:31:54.072276+00:00
[2022-12-17T04:31:54.084+0000] {processor.py:175} INFO - Processing /home/airflow/.local/lib/python3.7/site-packages/airflow/example_dags/example_skip_dag.py took 0.076 seconds
[2022-12-17T04:32:24.233+0000] {processor.py:153} INFO - Started process (PID=2415) to work on /home/airflow/.local/lib/python3.7/site-packages/airflow/example_dags/example_skip_dag.py
[2022-12-17T04:32:24.234+0000] {processor.py:743} INFO - Processing file /home/airflow/.local/lib/python3.7/site-packages/airflow/example_dags/example_skip_dag.py for tasks to queue
[2022-12-17T04:32:24.234+0000] {logging_mixin.py:137} INFO - [2022-12-17T04:32:24.234+0000] {dagbag.py:538} INFO - Filling up the DagBag from /home/airflow/.local/lib/python3.7/site-packages/airflow/example_dags/example_skip_dag.py
[2022-12-17T04:32:24.243+0000] {processor.py:753} INFO - DAG(s) dict_keys(['example_skip_dag']) retrieved from /home/airflow/.local/lib/python3.7/site-packages/airflow/example_dags/example_skip_dag.py
[2022-12-17T04:32:24.274+0000] {logging_mixin.py:137} INFO - [2022-12-17T04:32:24.274+0000] {dag.py:2676} INFO - Sync 1 DAGs
[2022-12-17T04:32:24.292+0000] {logging_mixin.py:137} INFO - [2022-12-17T04:32:24.292+0000] {dag.py:3427} INFO - Setting next_dagrun for example_skip_dag to 2022-12-16T04:32:24.292517+00:00, run_after=2022-12-17T04:32:24.292517+00:00
[2022-12-17T04:32:24.304+0000] {processor.py:175} INFO - Processing /home/airflow/.local/lib/python3.7/site-packages/airflow/example_dags/example_skip_dag.py took 0.073 seconds
[2022-12-17T04:32:54.601+0000] {processor.py:153} INFO - Started process (PID=2514) to work on /home/airflow/.local/lib/python3.7/site-packages/airflow/example_dags/example_skip_dag.py
[2022-12-17T04:32:54.601+0000] {processor.py:743} INFO - Processing file /home/airflow/.local/lib/python3.7/site-packages/airflow/example_dags/example_skip_dag.py for tasks to queue
[2022-12-17T04:32:54.602+0000] {logging_mixin.py:137} INFO - [2022-12-17T04:32:54.602+0000] {dagbag.py:538} INFO - Filling up the DagBag from /home/airflow/.local/lib/python3.7/site-packages/airflow/example_dags/example_skip_dag.py
[2022-12-17T04:32:54.612+0000] {processor.py:753} INFO - DAG(s) dict_keys(['example_skip_dag']) retrieved from /home/airflow/.local/lib/python3.7/site-packages/airflow/example_dags/example_skip_dag.py
[2022-12-17T04:32:54.644+0000] {logging_mixin.py:137} INFO - [2022-12-17T04:32:54.643+0000] {dag.py:2676} INFO - Sync 1 DAGs
[2022-12-17T04:32:54.671+0000] {logging_mixin.py:137} INFO - [2022-12-17T04:32:54.671+0000] {dag.py:3427} INFO - Setting next_dagrun for example_skip_dag to 2022-12-16T04:32:54.671064+00:00, run_after=2022-12-17T04:32:54.671064+00:00
[2022-12-17T04:32:54.688+0000] {processor.py:175} INFO - Processing /home/airflow/.local/lib/python3.7/site-packages/airflow/example_dags/example_skip_dag.py took 0.090 seconds
[2022-12-17T04:33:24.765+0000] {processor.py:153} INFO - Started process (PID=2594) to work on /home/airflow/.local/lib/python3.7/site-packages/airflow/example_dags/example_skip_dag.py
[2022-12-17T04:33:24.766+0000] {processor.py:743} INFO - Processing file /home/airflow/.local/lib/python3.7/site-packages/airflow/example_dags/example_skip_dag.py for tasks to queue
[2022-12-17T04:33:24.766+0000] {logging_mixin.py:137} INFO - [2022-12-17T04:33:24.766+0000] {dagbag.py:538} INFO - Filling up the DagBag from /home/airflow/.local/lib/python3.7/site-packages/airflow/example_dags/example_skip_dag.py
[2022-12-17T04:33:24.779+0000] {processor.py:753} INFO - DAG(s) dict_keys(['example_skip_dag']) retrieved from /home/airflow/.local/lib/python3.7/site-packages/airflow/example_dags/example_skip_dag.py
[2022-12-17T04:33:24.810+0000] {logging_mixin.py:137} INFO - [2022-12-17T04:33:24.810+0000] {dag.py:2676} INFO - Sync 1 DAGs
[2022-12-17T04:33:24.839+0000] {logging_mixin.py:137} INFO - [2022-12-17T04:33:24.839+0000] {dag.py:3427} INFO - Setting next_dagrun for example_skip_dag to 2022-12-16T04:33:24.839536+00:00, run_after=2022-12-17T04:33:24.839536+00:00
[2022-12-17T04:33:24.857+0000] {processor.py:175} INFO - Processing /home/airflow/.local/lib/python3.7/site-packages/airflow/example_dags/example_skip_dag.py took 0.094 seconds
[2022-12-17T04:33:55.345+0000] {processor.py:153} INFO - Started process (PID=2693) to work on /home/airflow/.local/lib/python3.7/site-packages/airflow/example_dags/example_skip_dag.py
[2022-12-17T04:33:55.346+0000] {processor.py:743} INFO - Processing file /home/airflow/.local/lib/python3.7/site-packages/airflow/example_dags/example_skip_dag.py for tasks to queue
[2022-12-17T04:33:55.346+0000] {logging_mixin.py:137} INFO - [2022-12-17T04:33:55.346+0000] {dagbag.py:538} INFO - Filling up the DagBag from /home/airflow/.local/lib/python3.7/site-packages/airflow/example_dags/example_skip_dag.py
[2022-12-17T04:33:55.358+0000] {processor.py:753} INFO - DAG(s) dict_keys(['example_skip_dag']) retrieved from /home/airflow/.local/lib/python3.7/site-packages/airflow/example_dags/example_skip_dag.py
[2022-12-17T04:33:55.387+0000] {logging_mixin.py:137} INFO - [2022-12-17T04:33:55.387+0000] {dag.py:2676} INFO - Sync 1 DAGs
[2022-12-17T04:33:55.408+0000] {logging_mixin.py:137} INFO - [2022-12-17T04:33:55.408+0000] {dag.py:3427} INFO - Setting next_dagrun for example_skip_dag to 2022-12-16T04:33:55.407990+00:00, run_after=2022-12-17T04:33:55.407990+00:00
[2022-12-17T04:33:55.423+0000] {processor.py:175} INFO - Processing /home/airflow/.local/lib/python3.7/site-packages/airflow/example_dags/example_skip_dag.py took 0.080 seconds
[2022-12-17T04:34:25.634+0000] {processor.py:153} INFO - Started process (PID=2772) to work on /home/airflow/.local/lib/python3.7/site-packages/airflow/example_dags/example_skip_dag.py
[2022-12-17T04:34:25.635+0000] {processor.py:743} INFO - Processing file /home/airflow/.local/lib/python3.7/site-packages/airflow/example_dags/example_skip_dag.py for tasks to queue
[2022-12-17T04:34:25.636+0000] {logging_mixin.py:137} INFO - [2022-12-17T04:34:25.636+0000] {dagbag.py:538} INFO - Filling up the DagBag from /home/airflow/.local/lib/python3.7/site-packages/airflow/example_dags/example_skip_dag.py
[2022-12-17T04:34:25.646+0000] {processor.py:753} INFO - DAG(s) dict_keys(['example_skip_dag']) retrieved from /home/airflow/.local/lib/python3.7/site-packages/airflow/example_dags/example_skip_dag.py
[2022-12-17T04:34:25.676+0000] {logging_mixin.py:137} INFO - [2022-12-17T04:34:25.676+0000] {dag.py:2676} INFO - Sync 1 DAGs
[2022-12-17T04:34:25.698+0000] {logging_mixin.py:137} INFO - [2022-12-17T04:34:25.698+0000] {dag.py:3427} INFO - Setting next_dagrun for example_skip_dag to 2022-12-16T04:34:25.698408+00:00, run_after=2022-12-17T04:34:25.698408+00:00
[2022-12-17T04:34:25.715+0000] {processor.py:175} INFO - Processing /home/airflow/.local/lib/python3.7/site-packages/airflow/example_dags/example_skip_dag.py took 0.083 seconds
[2022-12-17T04:34:55.949+0000] {processor.py:153} INFO - Started process (PID=2871) to work on /home/airflow/.local/lib/python3.7/site-packages/airflow/example_dags/example_skip_dag.py
[2022-12-17T04:34:55.949+0000] {processor.py:743} INFO - Processing file /home/airflow/.local/lib/python3.7/site-packages/airflow/example_dags/example_skip_dag.py for tasks to queue
[2022-12-17T04:34:55.950+0000] {logging_mixin.py:137} INFO - [2022-12-17T04:34:55.950+0000] {dagbag.py:538} INFO - Filling up the DagBag from /home/airflow/.local/lib/python3.7/site-packages/airflow/example_dags/example_skip_dag.py
[2022-12-17T04:34:55.961+0000] {processor.py:753} INFO - DAG(s) dict_keys(['example_skip_dag']) retrieved from /home/airflow/.local/lib/python3.7/site-packages/airflow/example_dags/example_skip_dag.py
[2022-12-17T04:34:55.992+0000] {logging_mixin.py:137} INFO - [2022-12-17T04:34:55.991+0000] {dag.py:2676} INFO - Sync 1 DAGs
[2022-12-17T04:34:56.011+0000] {logging_mixin.py:137} INFO - [2022-12-17T04:34:56.011+0000] {dag.py:3427} INFO - Setting next_dagrun for example_skip_dag to 2022-12-16T04:34:56.010958+00:00, run_after=2022-12-17T04:34:56.010958+00:00
[2022-12-17T04:34:56.027+0000] {processor.py:175} INFO - Processing /home/airflow/.local/lib/python3.7/site-packages/airflow/example_dags/example_skip_dag.py took 0.080 seconds
[2022-12-17T04:35:26.468+0000] {processor.py:153} INFO - Started process (PID=2950) to work on /home/airflow/.local/lib/python3.7/site-packages/airflow/example_dags/example_skip_dag.py
[2022-12-17T04:35:26.469+0000] {processor.py:743} INFO - Processing file /home/airflow/.local/lib/python3.7/site-packages/airflow/example_dags/example_skip_dag.py for tasks to queue
[2022-12-17T04:35:26.469+0000] {logging_mixin.py:137} INFO - [2022-12-17T04:35:26.469+0000] {dagbag.py:538} INFO - Filling up the DagBag from /home/airflow/.local/lib/python3.7/site-packages/airflow/example_dags/example_skip_dag.py
[2022-12-17T04:35:26.482+0000] {processor.py:753} INFO - DAG(s) dict_keys(['example_skip_dag']) retrieved from /home/airflow/.local/lib/python3.7/site-packages/airflow/example_dags/example_skip_dag.py
[2022-12-17T04:35:26.547+0000] {logging_mixin.py:137} INFO - [2022-12-17T04:35:26.547+0000] {dag.py:2676} INFO - Sync 1 DAGs
[2022-12-17T04:35:26.567+0000] {logging_mixin.py:137} INFO - [2022-12-17T04:35:26.567+0000] {dag.py:3427} INFO - Setting next_dagrun for example_skip_dag to 2022-12-16T04:35:26.566970+00:00, run_after=2022-12-17T04:35:26.566970+00:00
[2022-12-17T04:35:26.581+0000] {processor.py:175} INFO - Processing /home/airflow/.local/lib/python3.7/site-packages/airflow/example_dags/example_skip_dag.py took 0.115 seconds
[2022-12-17T04:35:57.076+0000] {processor.py:153} INFO - Started process (PID=3048) to work on /home/airflow/.local/lib/python3.7/site-packages/airflow/example_dags/example_skip_dag.py
[2022-12-17T04:35:57.077+0000] {processor.py:743} INFO - Processing file /home/airflow/.local/lib/python3.7/site-packages/airflow/example_dags/example_skip_dag.py for tasks to queue
[2022-12-17T04:35:57.077+0000] {logging_mixin.py:137} INFO - [2022-12-17T04:35:57.077+0000] {dagbag.py:538} INFO - Filling up the DagBag from /home/airflow/.local/lib/python3.7/site-packages/airflow/example_dags/example_skip_dag.py
[2022-12-17T04:35:57.088+0000] {processor.py:753} INFO - DAG(s) dict_keys(['example_skip_dag']) retrieved from /home/airflow/.local/lib/python3.7/site-packages/airflow/example_dags/example_skip_dag.py
[2022-12-17T04:35:57.119+0000] {logging_mixin.py:137} INFO - [2022-12-17T04:35:57.118+0000] {dag.py:2676} INFO - Sync 1 DAGs
[2022-12-17T04:35:57.140+0000] {logging_mixin.py:137} INFO - [2022-12-17T04:35:57.140+0000] {dag.py:3427} INFO - Setting next_dagrun for example_skip_dag to 2022-12-16T04:35:57.139946+00:00, run_after=2022-12-17T04:35:57.139946+00:00
[2022-12-17T04:35:57.151+0000] {processor.py:175} INFO - Processing /home/airflow/.local/lib/python3.7/site-packages/airflow/example_dags/example_skip_dag.py took 0.078 seconds
[2022-12-17T04:36:27.700+0000] {processor.py:153} INFO - Started process (PID=3136) to work on /home/airflow/.local/lib/python3.7/site-packages/airflow/example_dags/example_skip_dag.py
[2022-12-17T04:36:27.701+0000] {processor.py:743} INFO - Processing file /home/airflow/.local/lib/python3.7/site-packages/airflow/example_dags/example_skip_dag.py for tasks to queue
[2022-12-17T04:36:27.701+0000] {logging_mixin.py:137} INFO - [2022-12-17T04:36:27.701+0000] {dagbag.py:538} INFO - Filling up the DagBag from /home/airflow/.local/lib/python3.7/site-packages/airflow/example_dags/example_skip_dag.py
[2022-12-17T04:36:27.713+0000] {processor.py:753} INFO - DAG(s) dict_keys(['example_skip_dag']) retrieved from /home/airflow/.local/lib/python3.7/site-packages/airflow/example_dags/example_skip_dag.py
[2022-12-17T04:36:27.758+0000] {logging_mixin.py:137} INFO - [2022-12-17T04:36:27.758+0000] {dag.py:2676} INFO - Sync 1 DAGs
[2022-12-17T04:36:27.799+0000] {logging_mixin.py:137} INFO - [2022-12-17T04:36:27.799+0000] {dag.py:3427} INFO - Setting next_dagrun for example_skip_dag to 2022-12-16T04:36:27.799313+00:00, run_after=2022-12-17T04:36:27.799313+00:00
[2022-12-17T04:36:27.816+0000] {processor.py:175} INFO - Processing /home/airflow/.local/lib/python3.7/site-packages/airflow/example_dags/example_skip_dag.py took 0.118 seconds
[2022-12-17T04:36:57.995+0000] {processor.py:153} INFO - Started process (PID=3226) to work on /home/airflow/.local/lib/python3.7/site-packages/airflow/example_dags/example_skip_dag.py
[2022-12-17T04:36:57.996+0000] {processor.py:743} INFO - Processing file /home/airflow/.local/lib/python3.7/site-packages/airflow/example_dags/example_skip_dag.py for tasks to queue
[2022-12-17T04:36:57.996+0000] {logging_mixin.py:137} INFO - [2022-12-17T04:36:57.996+0000] {dagbag.py:538} INFO - Filling up the DagBag from /home/airflow/.local/lib/python3.7/site-packages/airflow/example_dags/example_skip_dag.py
[2022-12-17T04:36:58.007+0000] {processor.py:753} INFO - DAG(s) dict_keys(['example_skip_dag']) retrieved from /home/airflow/.local/lib/python3.7/site-packages/airflow/example_dags/example_skip_dag.py
[2022-12-17T04:36:58.035+0000] {logging_mixin.py:137} INFO - [2022-12-17T04:36:58.035+0000] {dag.py:2676} INFO - Sync 1 DAGs
[2022-12-17T04:36:58.055+0000] {logging_mixin.py:137} INFO - [2022-12-17T04:36:58.054+0000] {dag.py:3427} INFO - Setting next_dagrun for example_skip_dag to 2022-12-16T04:36:58.054749+00:00, run_after=2022-12-17T04:36:58.054749+00:00
[2022-12-17T04:36:58.069+0000] {processor.py:175} INFO - Processing /home/airflow/.local/lib/python3.7/site-packages/airflow/example_dags/example_skip_dag.py took 0.075 seconds
[2022-12-17T04:37:28.258+0000] {processor.py:153} INFO - Started process (PID=3325) to work on /home/airflow/.local/lib/python3.7/site-packages/airflow/example_dags/example_skip_dag.py
[2022-12-17T04:37:28.259+0000] {processor.py:743} INFO - Processing file /home/airflow/.local/lib/python3.7/site-packages/airflow/example_dags/example_skip_dag.py for tasks to queue
[2022-12-17T04:37:28.260+0000] {logging_mixin.py:137} INFO - [2022-12-17T04:37:28.260+0000] {dagbag.py:538} INFO - Filling up the DagBag from /home/airflow/.local/lib/python3.7/site-packages/airflow/example_dags/example_skip_dag.py
[2022-12-17T04:37:28.272+0000] {processor.py:753} INFO - DAG(s) dict_keys(['example_skip_dag']) retrieved from /home/airflow/.local/lib/python3.7/site-packages/airflow/example_dags/example_skip_dag.py
[2022-12-17T04:37:28.335+0000] {logging_mixin.py:137} INFO - [2022-12-17T04:37:28.335+0000] {dag.py:2676} INFO - Sync 1 DAGs
[2022-12-17T04:37:28.361+0000] {logging_mixin.py:137} INFO - [2022-12-17T04:37:28.361+0000] {dag.py:3427} INFO - Setting next_dagrun for example_skip_dag to 2022-12-16T04:37:28.361597+00:00, run_after=2022-12-17T04:37:28.361597+00:00
[2022-12-17T04:37:28.377+0000] {processor.py:175} INFO - Processing /home/airflow/.local/lib/python3.7/site-packages/airflow/example_dags/example_skip_dag.py took 0.122 seconds
[2022-12-17T04:37:58.707+0000] {processor.py:153} INFO - Started process (PID=3404) to work on /home/airflow/.local/lib/python3.7/site-packages/airflow/example_dags/example_skip_dag.py
[2022-12-17T04:37:58.708+0000] {processor.py:743} INFO - Processing file /home/airflow/.local/lib/python3.7/site-packages/airflow/example_dags/example_skip_dag.py for tasks to queue
[2022-12-17T04:37:58.708+0000] {logging_mixin.py:137} INFO - [2022-12-17T04:37:58.708+0000] {dagbag.py:538} INFO - Filling up the DagBag from /home/airflow/.local/lib/python3.7/site-packages/airflow/example_dags/example_skip_dag.py
[2022-12-17T04:37:58.720+0000] {processor.py:753} INFO - DAG(s) dict_keys(['example_skip_dag']) retrieved from /home/airflow/.local/lib/python3.7/site-packages/airflow/example_dags/example_skip_dag.py
[2022-12-17T04:37:58.768+0000] {logging_mixin.py:137} INFO - [2022-12-17T04:37:58.768+0000] {dag.py:2676} INFO - Sync 1 DAGs
[2022-12-17T04:37:58.790+0000] {logging_mixin.py:137} INFO - [2022-12-17T04:37:58.790+0000] {dag.py:3427} INFO - Setting next_dagrun for example_skip_dag to 2022-12-16T04:37:58.790579+00:00, run_after=2022-12-17T04:37:58.790579+00:00
[2022-12-17T04:37:58.807+0000] {processor.py:175} INFO - Processing /home/airflow/.local/lib/python3.7/site-packages/airflow/example_dags/example_skip_dag.py took 0.102 seconds
[2022-12-17T04:38:29.122+0000] {processor.py:153} INFO - Started process (PID=3503) to work on /home/airflow/.local/lib/python3.7/site-packages/airflow/example_dags/example_skip_dag.py
[2022-12-17T04:38:29.123+0000] {processor.py:743} INFO - Processing file /home/airflow/.local/lib/python3.7/site-packages/airflow/example_dags/example_skip_dag.py for tasks to queue
[2022-12-17T04:38:29.124+0000] {logging_mixin.py:137} INFO - [2022-12-17T04:38:29.123+0000] {dagbag.py:538} INFO - Filling up the DagBag from /home/airflow/.local/lib/python3.7/site-packages/airflow/example_dags/example_skip_dag.py
[2022-12-17T04:38:29.136+0000] {processor.py:753} INFO - DAG(s) dict_keys(['example_skip_dag']) retrieved from /home/airflow/.local/lib/python3.7/site-packages/airflow/example_dags/example_skip_dag.py
[2022-12-17T04:38:29.167+0000] {logging_mixin.py:137} INFO - [2022-12-17T04:38:29.166+0000] {dag.py:2676} INFO - Sync 1 DAGs
[2022-12-17T04:38:29.185+0000] {logging_mixin.py:137} INFO - [2022-12-17T04:38:29.185+0000] {dag.py:3427} INFO - Setting next_dagrun for example_skip_dag to 2022-12-16T04:38:29.184976+00:00, run_after=2022-12-17T04:38:29.184976+00:00
[2022-12-17T04:38:29.199+0000] {processor.py:175} INFO - Processing /home/airflow/.local/lib/python3.7/site-packages/airflow/example_dags/example_skip_dag.py took 0.079 seconds
[2022-12-17T04:38:59.490+0000] {processor.py:153} INFO - Started process (PID=3582) to work on /home/airflow/.local/lib/python3.7/site-packages/airflow/example_dags/example_skip_dag.py
[2022-12-17T04:38:59.490+0000] {processor.py:743} INFO - Processing file /home/airflow/.local/lib/python3.7/site-packages/airflow/example_dags/example_skip_dag.py for tasks to queue
[2022-12-17T04:38:59.491+0000] {logging_mixin.py:137} INFO - [2022-12-17T04:38:59.491+0000] {dagbag.py:538} INFO - Filling up the DagBag from /home/airflow/.local/lib/python3.7/site-packages/airflow/example_dags/example_skip_dag.py
[2022-12-17T04:38:59.500+0000] {processor.py:753} INFO - DAG(s) dict_keys(['example_skip_dag']) retrieved from /home/airflow/.local/lib/python3.7/site-packages/airflow/example_dags/example_skip_dag.py
[2022-12-17T04:38:59.525+0000] {logging_mixin.py:137} INFO - [2022-12-17T04:38:59.525+0000] {dag.py:2676} INFO - Sync 1 DAGs
[2022-12-17T04:38:59.543+0000] {logging_mixin.py:137} INFO - [2022-12-17T04:38:59.543+0000] {dag.py:3427} INFO - Setting next_dagrun for example_skip_dag to 2022-12-16T04:38:59.543284+00:00, run_after=2022-12-17T04:38:59.543284+00:00
[2022-12-17T04:38:59.557+0000] {processor.py:175} INFO - Processing /home/airflow/.local/lib/python3.7/site-packages/airflow/example_dags/example_skip_dag.py took 0.071 seconds
[2022-12-17T04:39:29.959+0000] {processor.py:153} INFO - Started process (PID=3681) to work on /home/airflow/.local/lib/python3.7/site-packages/airflow/example_dags/example_skip_dag.py
[2022-12-17T04:39:29.960+0000] {processor.py:743} INFO - Processing file /home/airflow/.local/lib/python3.7/site-packages/airflow/example_dags/example_skip_dag.py for tasks to queue
[2022-12-17T04:39:29.960+0000] {logging_mixin.py:137} INFO - [2022-12-17T04:39:29.960+0000] {dagbag.py:538} INFO - Filling up the DagBag from /home/airflow/.local/lib/python3.7/site-packages/airflow/example_dags/example_skip_dag.py
[2022-12-17T04:39:29.971+0000] {processor.py:753} INFO - DAG(s) dict_keys(['example_skip_dag']) retrieved from /home/airflow/.local/lib/python3.7/site-packages/airflow/example_dags/example_skip_dag.py
[2022-12-17T04:39:30.002+0000] {logging_mixin.py:137} INFO - [2022-12-17T04:39:30.002+0000] {dag.py:2676} INFO - Sync 1 DAGs
[2022-12-17T04:39:30.024+0000] {logging_mixin.py:137} INFO - [2022-12-17T04:39:30.024+0000] {dag.py:3427} INFO - Setting next_dagrun for example_skip_dag to 2022-12-16T04:39:30.024063+00:00, run_after=2022-12-17T04:39:30.024063+00:00
[2022-12-17T04:39:30.037+0000] {processor.py:175} INFO - Processing /home/airflow/.local/lib/python3.7/site-packages/airflow/example_dags/example_skip_dag.py took 0.080 seconds
[2022-12-17T04:40:00.385+0000] {processor.py:153} INFO - Started process (PID=3769) to work on /home/airflow/.local/lib/python3.7/site-packages/airflow/example_dags/example_skip_dag.py
[2022-12-17T04:40:00.385+0000] {processor.py:743} INFO - Processing file /home/airflow/.local/lib/python3.7/site-packages/airflow/example_dags/example_skip_dag.py for tasks to queue
[2022-12-17T04:40:00.386+0000] {logging_mixin.py:137} INFO - [2022-12-17T04:40:00.386+0000] {dagbag.py:538} INFO - Filling up the DagBag from /home/airflow/.local/lib/python3.7/site-packages/airflow/example_dags/example_skip_dag.py
[2022-12-17T04:40:00.396+0000] {processor.py:753} INFO - DAG(s) dict_keys(['example_skip_dag']) retrieved from /home/airflow/.local/lib/python3.7/site-packages/airflow/example_dags/example_skip_dag.py
[2022-12-17T04:40:00.429+0000] {logging_mixin.py:137} INFO - [2022-12-17T04:40:00.429+0000] {dag.py:2676} INFO - Sync 1 DAGs
[2022-12-17T04:40:00.449+0000] {logging_mixin.py:137} INFO - [2022-12-17T04:40:00.449+0000] {dag.py:3427} INFO - Setting next_dagrun for example_skip_dag to 2022-12-16T04:40:00.449000+00:00, run_after=2022-12-17T04:40:00.449000+00:00
[2022-12-17T04:40:00.462+0000] {processor.py:175} INFO - Processing /home/airflow/.local/lib/python3.7/site-packages/airflow/example_dags/example_skip_dag.py took 0.079 seconds
[2022-12-17T04:40:30.812+0000] {processor.py:153} INFO - Started process (PID=3860) to work on /home/airflow/.local/lib/python3.7/site-packages/airflow/example_dags/example_skip_dag.py
[2022-12-17T04:40:30.812+0000] {processor.py:743} INFO - Processing file /home/airflow/.local/lib/python3.7/site-packages/airflow/example_dags/example_skip_dag.py for tasks to queue
[2022-12-17T04:40:30.813+0000] {logging_mixin.py:137} INFO - [2022-12-17T04:40:30.813+0000] {dagbag.py:538} INFO - Filling up the DagBag from /home/airflow/.local/lib/python3.7/site-packages/airflow/example_dags/example_skip_dag.py
[2022-12-17T04:40:30.823+0000] {processor.py:753} INFO - DAG(s) dict_keys(['example_skip_dag']) retrieved from /home/airflow/.local/lib/python3.7/site-packages/airflow/example_dags/example_skip_dag.py
[2022-12-17T04:40:30.853+0000] {logging_mixin.py:137} INFO - [2022-12-17T04:40:30.853+0000] {dag.py:2676} INFO - Sync 1 DAGs
[2022-12-17T04:40:30.876+0000] {logging_mixin.py:137} INFO - [2022-12-17T04:40:30.876+0000] {dag.py:3427} INFO - Setting next_dagrun for example_skip_dag to 2022-12-16T04:40:30.875824+00:00, run_after=2022-12-17T04:40:30.875824+00:00
[2022-12-17T04:40:30.889+0000] {processor.py:175} INFO - Processing /home/airflow/.local/lib/python3.7/site-packages/airflow/example_dags/example_skip_dag.py took 0.081 seconds
[2022-12-17T04:41:01.006+0000] {processor.py:153} INFO - Started process (PID=3959) to work on /home/airflow/.local/lib/python3.7/site-packages/airflow/example_dags/example_skip_dag.py
[2022-12-17T04:41:01.007+0000] {processor.py:743} INFO - Processing file /home/airflow/.local/lib/python3.7/site-packages/airflow/example_dags/example_skip_dag.py for tasks to queue
[2022-12-17T04:41:01.007+0000] {logging_mixin.py:137} INFO - [2022-12-17T04:41:01.007+0000] {dagbag.py:538} INFO - Filling up the DagBag from /home/airflow/.local/lib/python3.7/site-packages/airflow/example_dags/example_skip_dag.py
[2022-12-17T04:41:01.018+0000] {processor.py:753} INFO - DAG(s) dict_keys(['example_skip_dag']) retrieved from /home/airflow/.local/lib/python3.7/site-packages/airflow/example_dags/example_skip_dag.py
[2022-12-17T04:41:01.052+0000] {logging_mixin.py:137} INFO - [2022-12-17T04:41:01.052+0000] {dag.py:2676} INFO - Sync 1 DAGs
[2022-12-17T04:41:01.072+0000] {logging_mixin.py:137} INFO - [2022-12-17T04:41:01.072+0000] {dag.py:3427} INFO - Setting next_dagrun for example_skip_dag to 2022-12-16T04:41:01.072306+00:00, run_after=2022-12-17T04:41:01.072306+00:00
[2022-12-17T04:41:01.085+0000] {processor.py:175} INFO - Processing /home/airflow/.local/lib/python3.7/site-packages/airflow/example_dags/example_skip_dag.py took 0.081 seconds
[2022-12-17T04:41:31.420+0000] {processor.py:153} INFO - Started process (PID=4038) to work on /home/airflow/.local/lib/python3.7/site-packages/airflow/example_dags/example_skip_dag.py
[2022-12-17T04:41:31.421+0000] {processor.py:743} INFO - Processing file /home/airflow/.local/lib/python3.7/site-packages/airflow/example_dags/example_skip_dag.py for tasks to queue
[2022-12-17T04:41:31.421+0000] {logging_mixin.py:137} INFO - [2022-12-17T04:41:31.421+0000] {dagbag.py:538} INFO - Filling up the DagBag from /home/airflow/.local/lib/python3.7/site-packages/airflow/example_dags/example_skip_dag.py
[2022-12-17T04:41:31.433+0000] {processor.py:753} INFO - DAG(s) dict_keys(['example_skip_dag']) retrieved from /home/airflow/.local/lib/python3.7/site-packages/airflow/example_dags/example_skip_dag.py
[2022-12-17T04:41:31.460+0000] {logging_mixin.py:137} INFO - [2022-12-17T04:41:31.460+0000] {dag.py:2676} INFO - Sync 1 DAGs
[2022-12-17T04:41:31.479+0000] {logging_mixin.py:137} INFO - [2022-12-17T04:41:31.479+0000] {dag.py:3427} INFO - Setting next_dagrun for example_skip_dag to 2022-12-16T04:41:31.478928+00:00, run_after=2022-12-17T04:41:31.478928+00:00
[2022-12-17T04:41:31.493+0000] {processor.py:175} INFO - Processing /home/airflow/.local/lib/python3.7/site-packages/airflow/example_dags/example_skip_dag.py took 0.076 seconds
[2022-12-17T04:42:01.657+0000] {processor.py:153} INFO - Started process (PID=4138) to work on /home/airflow/.local/lib/python3.7/site-packages/airflow/example_dags/example_skip_dag.py
[2022-12-17T04:42:01.658+0000] {processor.py:743} INFO - Processing file /home/airflow/.local/lib/python3.7/site-packages/airflow/example_dags/example_skip_dag.py for tasks to queue
[2022-12-17T04:42:01.659+0000] {logging_mixin.py:137} INFO - [2022-12-17T04:42:01.659+0000] {dagbag.py:538} INFO - Filling up the DagBag from /home/airflow/.local/lib/python3.7/site-packages/airflow/example_dags/example_skip_dag.py
[2022-12-17T04:42:01.669+0000] {processor.py:753} INFO - DAG(s) dict_keys(['example_skip_dag']) retrieved from /home/airflow/.local/lib/python3.7/site-packages/airflow/example_dags/example_skip_dag.py
[2022-12-17T04:42:01.700+0000] {logging_mixin.py:137} INFO - [2022-12-17T04:42:01.700+0000] {dag.py:2676} INFO - Sync 1 DAGs
[2022-12-17T04:42:01.720+0000] {logging_mixin.py:137} INFO - [2022-12-17T04:42:01.720+0000] {dag.py:3427} INFO - Setting next_dagrun for example_skip_dag to 2022-12-16T04:42:01.720006+00:00, run_after=2022-12-17T04:42:01.720006+00:00
[2022-12-17T04:42:01.734+0000] {processor.py:175} INFO - Processing /home/airflow/.local/lib/python3.7/site-packages/airflow/example_dags/example_skip_dag.py took 0.079 seconds
[2022-12-17T04:42:32.038+0000] {processor.py:153} INFO - Started process (PID=4217) to work on /home/airflow/.local/lib/python3.7/site-packages/airflow/example_dags/example_skip_dag.py
[2022-12-17T04:42:32.038+0000] {processor.py:743} INFO - Processing file /home/airflow/.local/lib/python3.7/site-packages/airflow/example_dags/example_skip_dag.py for tasks to queue
[2022-12-17T04:42:32.038+0000] {logging_mixin.py:137} INFO - [2022-12-17T04:42:32.038+0000] {dagbag.py:538} INFO - Filling up the DagBag from /home/airflow/.local/lib/python3.7/site-packages/airflow/example_dags/example_skip_dag.py
[2022-12-17T04:42:32.049+0000] {processor.py:753} INFO - DAG(s) dict_keys(['example_skip_dag']) retrieved from /home/airflow/.local/lib/python3.7/site-packages/airflow/example_dags/example_skip_dag.py
[2022-12-17T04:42:32.079+0000] {logging_mixin.py:137} INFO - [2022-12-17T04:42:32.079+0000] {dag.py:2676} INFO - Sync 1 DAGs
[2022-12-17T04:42:32.098+0000] {logging_mixin.py:137} INFO - [2022-12-17T04:42:32.098+0000] {dag.py:3427} INFO - Setting next_dagrun for example_skip_dag to 2022-12-16T04:42:32.098140+00:00, run_after=2022-12-17T04:42:32.098140+00:00
[2022-12-17T04:42:32.110+0000] {processor.py:175} INFO - Processing /home/airflow/.local/lib/python3.7/site-packages/airflow/example_dags/example_skip_dag.py took 0.074 seconds
[2022-12-17T04:43:02.613+0000] {processor.py:153} INFO - Started process (PID=4317) to work on /home/airflow/.local/lib/python3.7/site-packages/airflow/example_dags/example_skip_dag.py
[2022-12-17T04:43:02.614+0000] {processor.py:743} INFO - Processing file /home/airflow/.local/lib/python3.7/site-packages/airflow/example_dags/example_skip_dag.py for tasks to queue
[2022-12-17T04:43:02.614+0000] {logging_mixin.py:137} INFO - [2022-12-17T04:43:02.614+0000] {dagbag.py:538} INFO - Filling up the DagBag from /home/airflow/.local/lib/python3.7/site-packages/airflow/example_dags/example_skip_dag.py
[2022-12-17T04:43:02.623+0000] {processor.py:753} INFO - DAG(s) dict_keys(['example_skip_dag']) retrieved from /home/airflow/.local/lib/python3.7/site-packages/airflow/example_dags/example_skip_dag.py
[2022-12-17T04:43:02.649+0000] {logging_mixin.py:137} INFO - [2022-12-17T04:43:02.649+0000] {dag.py:2676} INFO - Sync 1 DAGs
[2022-12-17T04:43:02.668+0000] {logging_mixin.py:137} INFO - [2022-12-17T04:43:02.668+0000] {dag.py:3427} INFO - Setting next_dagrun for example_skip_dag to 2022-12-16T04:43:02.668141+00:00, run_after=2022-12-17T04:43:02.668141+00:00
[2022-12-17T04:43:02.680+0000] {processor.py:175} INFO - Processing /home/airflow/.local/lib/python3.7/site-packages/airflow/example_dags/example_skip_dag.py took 0.070 seconds
[2022-12-17T04:43:32.911+0000] {processor.py:153} INFO - Started process (PID=4396) to work on /home/airflow/.local/lib/python3.7/site-packages/airflow/example_dags/example_skip_dag.py
[2022-12-17T04:43:32.911+0000] {processor.py:743} INFO - Processing file /home/airflow/.local/lib/python3.7/site-packages/airflow/example_dags/example_skip_dag.py for tasks to queue
[2022-12-17T04:43:32.912+0000] {logging_mixin.py:137} INFO - [2022-12-17T04:43:32.912+0000] {dagbag.py:538} INFO - Filling up the DagBag from /home/airflow/.local/lib/python3.7/site-packages/airflow/example_dags/example_skip_dag.py
[2022-12-17T04:43:32.922+0000] {processor.py:753} INFO - DAG(s) dict_keys(['example_skip_dag']) retrieved from /home/airflow/.local/lib/python3.7/site-packages/airflow/example_dags/example_skip_dag.py
[2022-12-17T04:43:32.972+0000] {logging_mixin.py:137} INFO - [2022-12-17T04:43:32.972+0000] {dag.py:2676} INFO - Sync 1 DAGs
[2022-12-17T04:43:32.993+0000] {logging_mixin.py:137} INFO - [2022-12-17T04:43:32.993+0000] {dag.py:3427} INFO - Setting next_dagrun for example_skip_dag to 2022-12-16T04:43:32.993304+00:00, run_after=2022-12-17T04:43:32.993304+00:00
[2022-12-17T04:43:33.005+0000] {processor.py:175} INFO - Processing /home/airflow/.local/lib/python3.7/site-packages/airflow/example_dags/example_skip_dag.py took 0.099 seconds
[2022-12-17T04:44:03.120+0000] {processor.py:153} INFO - Started process (PID=4496) to work on /home/airflow/.local/lib/python3.7/site-packages/airflow/example_dags/example_skip_dag.py
[2022-12-17T04:44:03.121+0000] {processor.py:743} INFO - Processing file /home/airflow/.local/lib/python3.7/site-packages/airflow/example_dags/example_skip_dag.py for tasks to queue
[2022-12-17T04:44:03.121+0000] {logging_mixin.py:137} INFO - [2022-12-17T04:44:03.121+0000] {dagbag.py:538} INFO - Filling up the DagBag from /home/airflow/.local/lib/python3.7/site-packages/airflow/example_dags/example_skip_dag.py
[2022-12-17T04:44:03.131+0000] {processor.py:753} INFO - DAG(s) dict_keys(['example_skip_dag']) retrieved from /home/airflow/.local/lib/python3.7/site-packages/airflow/example_dags/example_skip_dag.py
[2022-12-17T04:44:03.160+0000] {logging_mixin.py:137} INFO - [2022-12-17T04:44:03.160+0000] {dag.py:2676} INFO - Sync 1 DAGs
[2022-12-17T04:44:03.179+0000] {logging_mixin.py:137} INFO - [2022-12-17T04:44:03.179+0000] {dag.py:3427} INFO - Setting next_dagrun for example_skip_dag to 2022-12-16T04:44:03.179079+00:00, run_after=2022-12-17T04:44:03.179079+00:00
[2022-12-17T04:44:03.192+0000] {processor.py:175} INFO - Processing /home/airflow/.local/lib/python3.7/site-packages/airflow/example_dags/example_skip_dag.py took 0.074 seconds
[2022-12-17T04:44:33.404+0000] {processor.py:153} INFO - Started process (PID=4584) to work on /home/airflow/.local/lib/python3.7/site-packages/airflow/example_dags/example_skip_dag.py
[2022-12-17T04:44:33.405+0000] {processor.py:743} INFO - Processing file /home/airflow/.local/lib/python3.7/site-packages/airflow/example_dags/example_skip_dag.py for tasks to queue
[2022-12-17T04:44:33.405+0000] {logging_mixin.py:137} INFO - [2022-12-17T04:44:33.405+0000] {dagbag.py:538} INFO - Filling up the DagBag from /home/airflow/.local/lib/python3.7/site-packages/airflow/example_dags/example_skip_dag.py
[2022-12-17T04:44:33.418+0000] {processor.py:753} INFO - DAG(s) dict_keys(['example_skip_dag']) retrieved from /home/airflow/.local/lib/python3.7/site-packages/airflow/example_dags/example_skip_dag.py
[2022-12-17T04:44:33.447+0000] {logging_mixin.py:137} INFO - [2022-12-17T04:44:33.447+0000] {dag.py:2676} INFO - Sync 1 DAGs
[2022-12-17T04:44:33.466+0000] {logging_mixin.py:137} INFO - [2022-12-17T04:44:33.466+0000] {dag.py:3427} INFO - Setting next_dagrun for example_skip_dag to 2022-12-16T04:44:33.466491+00:00, run_after=2022-12-17T04:44:33.466491+00:00
[2022-12-17T04:44:33.483+0000] {processor.py:175} INFO - Processing /home/airflow/.local/lib/python3.7/site-packages/airflow/example_dags/example_skip_dag.py took 0.082 seconds
[2022-12-17T04:45:03.757+0000] {processor.py:153} INFO - Started process (PID=4674) to work on /home/airflow/.local/lib/python3.7/site-packages/airflow/example_dags/example_skip_dag.py
[2022-12-17T04:45:03.758+0000] {processor.py:743} INFO - Processing file /home/airflow/.local/lib/python3.7/site-packages/airflow/example_dags/example_skip_dag.py for tasks to queue
[2022-12-17T04:45:03.759+0000] {logging_mixin.py:137} INFO - [2022-12-17T04:45:03.758+0000] {dagbag.py:538} INFO - Filling up the DagBag from /home/airflow/.local/lib/python3.7/site-packages/airflow/example_dags/example_skip_dag.py
[2022-12-17T04:45:03.768+0000] {processor.py:753} INFO - DAG(s) dict_keys(['example_skip_dag']) retrieved from /home/airflow/.local/lib/python3.7/site-packages/airflow/example_dags/example_skip_dag.py
[2022-12-17T04:45:03.795+0000] {logging_mixin.py:137} INFO - [2022-12-17T04:45:03.795+0000] {dag.py:2676} INFO - Sync 1 DAGs
[2022-12-17T04:45:03.815+0000] {logging_mixin.py:137} INFO - [2022-12-17T04:45:03.815+0000] {dag.py:3427} INFO - Setting next_dagrun for example_skip_dag to 2022-12-16T04:45:03.815601+00:00, run_after=2022-12-17T04:45:03.815601+00:00
[2022-12-17T04:45:03.828+0000] {processor.py:175} INFO - Processing /home/airflow/.local/lib/python3.7/site-packages/airflow/example_dags/example_skip_dag.py took 0.074 seconds
