[2022-12-17T04:19:15.838+0000] {processor.py:153} INFO - Started process (PID=64) to work on /home/airflow/.local/lib/python3.7/site-packages/airflow/example_dags/example_short_circuit_operator.py
[2022-12-17T04:19:15.838+0000] {processor.py:743} INFO - Processing file /home/airflow/.local/lib/python3.7/site-packages/airflow/example_dags/example_short_circuit_operator.py for tasks to queue
[2022-12-17T04:19:15.839+0000] {logging_mixin.py:137} INFO - [2022-12-17T04:19:15.839+0000] {dagbag.py:538} INFO - Filling up the DagBag from /home/airflow/.local/lib/python3.7/site-packages/airflow/example_dags/example_short_circuit_operator.py
[2022-12-17T04:19:15.854+0000] {processor.py:753} INFO - DAG(s) dict_keys(['example_short_circuit_operator']) retrieved from /home/airflow/.local/lib/python3.7/site-packages/airflow/example_dags/example_short_circuit_operator.py
[2022-12-17T04:19:15.953+0000] {logging_mixin.py:137} INFO - [2022-12-17T04:19:15.953+0000] {manager.py:504} INFO - Created Permission View: can read on DAG:example_short_circuit_operator
[2022-12-17T04:19:15.959+0000] {logging_mixin.py:137} INFO - [2022-12-17T04:19:15.959+0000] {manager.py:504} INFO - Created Permission View: can delete on DAG:example_short_circuit_operator
[2022-12-17T04:19:15.964+0000] {logging_mixin.py:137} INFO - [2022-12-17T04:19:15.964+0000] {manager.py:504} INFO - Created Permission View: can edit on DAG:example_short_circuit_operator
[2022-12-17T04:19:15.964+0000] {logging_mixin.py:137} INFO - [2022-12-17T04:19:15.964+0000] {dag.py:2676} INFO - Sync 1 DAGs
[2022-12-17T04:19:15.974+0000] {logging_mixin.py:137} INFO - [2022-12-17T04:19:15.974+0000] {dag.py:2697} INFO - Creating ORM DAG for example_short_circuit_operator
[2022-12-17T04:19:15.984+0000] {logging_mixin.py:137} INFO - [2022-12-17T04:19:15.984+0000] {dag.py:3427} INFO - Setting next_dagrun for example_short_circuit_operator to 2022-12-16T04:19:15.984417+00:00, run_after=2022-12-17T04:19:15.984417+00:00
[2022-12-17T04:19:15.996+0000] {processor.py:175} INFO - Processing /home/airflow/.local/lib/python3.7/site-packages/airflow/example_dags/example_short_circuit_operator.py took 0.161 seconds
[2022-12-17T04:19:46.104+0000] {processor.py:153} INFO - Started process (PID=163) to work on /home/airflow/.local/lib/python3.7/site-packages/airflow/example_dags/example_short_circuit_operator.py
[2022-12-17T04:19:46.105+0000] {processor.py:743} INFO - Processing file /home/airflow/.local/lib/python3.7/site-packages/airflow/example_dags/example_short_circuit_operator.py for tasks to queue
[2022-12-17T04:19:46.106+0000] {logging_mixin.py:137} INFO - [2022-12-17T04:19:46.106+0000] {dagbag.py:538} INFO - Filling up the DagBag from /home/airflow/.local/lib/python3.7/site-packages/airflow/example_dags/example_short_circuit_operator.py
[2022-12-17T04:19:46.121+0000] {processor.py:753} INFO - DAG(s) dict_keys(['example_short_circuit_operator']) retrieved from /home/airflow/.local/lib/python3.7/site-packages/airflow/example_dags/example_short_circuit_operator.py
[2022-12-17T04:19:46.147+0000] {logging_mixin.py:137} INFO - [2022-12-17T04:19:46.147+0000] {dag.py:2676} INFO - Sync 1 DAGs
[2022-12-17T04:19:46.164+0000] {logging_mixin.py:137} INFO - [2022-12-17T04:19:46.164+0000] {dag.py:3427} INFO - Setting next_dagrun for example_short_circuit_operator to 2022-12-16T04:19:46.164483+00:00, run_after=2022-12-17T04:19:46.164483+00:00
[2022-12-17T04:19:46.175+0000] {processor.py:175} INFO - Processing /home/airflow/.local/lib/python3.7/site-packages/airflow/example_dags/example_short_circuit_operator.py took 0.073 seconds
[2022-12-17T04:20:16.275+0000] {processor.py:153} INFO - Started process (PID=244) to work on /home/airflow/.local/lib/python3.7/site-packages/airflow/example_dags/example_short_circuit_operator.py
[2022-12-17T04:20:16.275+0000] {processor.py:743} INFO - Processing file /home/airflow/.local/lib/python3.7/site-packages/airflow/example_dags/example_short_circuit_operator.py for tasks to queue
[2022-12-17T04:20:16.276+0000] {logging_mixin.py:137} INFO - [2022-12-17T04:20:16.276+0000] {dagbag.py:538} INFO - Filling up the DagBag from /home/airflow/.local/lib/python3.7/site-packages/airflow/example_dags/example_short_circuit_operator.py
[2022-12-17T04:20:16.290+0000] {processor.py:753} INFO - DAG(s) dict_keys(['example_short_circuit_operator']) retrieved from /home/airflow/.local/lib/python3.7/site-packages/airflow/example_dags/example_short_circuit_operator.py
[2022-12-17T04:20:16.319+0000] {logging_mixin.py:137} INFO - [2022-12-17T04:20:16.319+0000] {dag.py:2676} INFO - Sync 1 DAGs
[2022-12-17T04:20:16.338+0000] {logging_mixin.py:137} INFO - [2022-12-17T04:20:16.338+0000] {dag.py:3427} INFO - Setting next_dagrun for example_short_circuit_operator to 2022-12-16T04:20:16.338048+00:00, run_after=2022-12-17T04:20:16.338048+00:00
[2022-12-17T04:20:16.351+0000] {processor.py:175} INFO - Processing /home/airflow/.local/lib/python3.7/site-packages/airflow/example_dags/example_short_circuit_operator.py took 0.079 seconds
[2022-12-17T04:20:46.571+0000] {processor.py:153} INFO - Started process (PID=341) to work on /home/airflow/.local/lib/python3.7/site-packages/airflow/example_dags/example_short_circuit_operator.py
[2022-12-17T04:20:46.572+0000] {processor.py:743} INFO - Processing file /home/airflow/.local/lib/python3.7/site-packages/airflow/example_dags/example_short_circuit_operator.py for tasks to queue
[2022-12-17T04:20:46.572+0000] {logging_mixin.py:137} INFO - [2022-12-17T04:20:46.572+0000] {dagbag.py:538} INFO - Filling up the DagBag from /home/airflow/.local/lib/python3.7/site-packages/airflow/example_dags/example_short_circuit_operator.py
[2022-12-17T04:20:46.586+0000] {processor.py:753} INFO - DAG(s) dict_keys(['example_short_circuit_operator']) retrieved from /home/airflow/.local/lib/python3.7/site-packages/airflow/example_dags/example_short_circuit_operator.py
[2022-12-17T04:20:46.613+0000] {logging_mixin.py:137} INFO - [2022-12-17T04:20:46.613+0000] {dag.py:2676} INFO - Sync 1 DAGs
[2022-12-17T04:20:46.632+0000] {logging_mixin.py:137} INFO - [2022-12-17T04:20:46.632+0000] {dag.py:3427} INFO - Setting next_dagrun for example_short_circuit_operator to 2022-12-16T04:20:46.632303+00:00, run_after=2022-12-17T04:20:46.632303+00:00
[2022-12-17T04:20:46.645+0000] {processor.py:175} INFO - Processing /home/airflow/.local/lib/python3.7/site-packages/airflow/example_dags/example_short_circuit_operator.py took 0.077 seconds
[2022-12-17T04:21:17.353+0000] {processor.py:153} INFO - Started process (PID=441) to work on /home/airflow/.local/lib/python3.7/site-packages/airflow/example_dags/example_short_circuit_operator.py
[2022-12-17T04:21:17.354+0000] {processor.py:743} INFO - Processing file /home/airflow/.local/lib/python3.7/site-packages/airflow/example_dags/example_short_circuit_operator.py for tasks to queue
[2022-12-17T04:21:17.354+0000] {logging_mixin.py:137} INFO - [2022-12-17T04:21:17.354+0000] {dagbag.py:538} INFO - Filling up the DagBag from /home/airflow/.local/lib/python3.7/site-packages/airflow/example_dags/example_short_circuit_operator.py
[2022-12-17T04:21:17.365+0000] {processor.py:753} INFO - DAG(s) dict_keys(['example_short_circuit_operator']) retrieved from /home/airflow/.local/lib/python3.7/site-packages/airflow/example_dags/example_short_circuit_operator.py
[2022-12-17T04:21:17.395+0000] {logging_mixin.py:137} INFO - [2022-12-17T04:21:17.395+0000] {dag.py:2676} INFO - Sync 1 DAGs
[2022-12-17T04:21:17.418+0000] {logging_mixin.py:137} INFO - [2022-12-17T04:21:17.417+0000] {dag.py:3427} INFO - Setting next_dagrun for example_short_circuit_operator to 2022-12-16T04:21:17.417652+00:00, run_after=2022-12-17T04:21:17.417652+00:00
[2022-12-17T04:21:17.438+0000] {processor.py:175} INFO - Processing /home/airflow/.local/lib/python3.7/site-packages/airflow/example_dags/example_short_circuit_operator.py took 0.088 seconds
[2022-12-17T04:21:48.454+0000] {processor.py:153} INFO - Started process (PID=520) to work on /home/airflow/.local/lib/python3.7/site-packages/airflow/example_dags/example_short_circuit_operator.py
[2022-12-17T04:21:48.455+0000] {processor.py:743} INFO - Processing file /home/airflow/.local/lib/python3.7/site-packages/airflow/example_dags/example_short_circuit_operator.py for tasks to queue
[2022-12-17T04:21:48.456+0000] {logging_mixin.py:137} INFO - [2022-12-17T04:21:48.456+0000] {dagbag.py:538} INFO - Filling up the DagBag from /home/airflow/.local/lib/python3.7/site-packages/airflow/example_dags/example_short_circuit_operator.py
[2022-12-17T04:21:48.471+0000] {processor.py:753} INFO - DAG(s) dict_keys(['example_short_circuit_operator']) retrieved from /home/airflow/.local/lib/python3.7/site-packages/airflow/example_dags/example_short_circuit_operator.py
[2022-12-17T04:21:48.509+0000] {logging_mixin.py:137} INFO - [2022-12-17T04:21:48.509+0000] {dag.py:2676} INFO - Sync 1 DAGs
[2022-12-17T04:21:48.539+0000] {logging_mixin.py:137} INFO - [2022-12-17T04:21:48.538+0000] {dag.py:3427} INFO - Setting next_dagrun for example_short_circuit_operator to 2022-12-16T04:21:48.538648+00:00, run_after=2022-12-17T04:21:48.538648+00:00
[2022-12-17T04:21:48.557+0000] {processor.py:175} INFO - Processing /home/airflow/.local/lib/python3.7/site-packages/airflow/example_dags/example_short_circuit_operator.py took 0.105 seconds
[2022-12-17T04:22:19.013+0000] {processor.py:153} INFO - Started process (PID=619) to work on /home/airflow/.local/lib/python3.7/site-packages/airflow/example_dags/example_short_circuit_operator.py
[2022-12-17T04:22:19.013+0000] {processor.py:743} INFO - Processing file /home/airflow/.local/lib/python3.7/site-packages/airflow/example_dags/example_short_circuit_operator.py for tasks to queue
[2022-12-17T04:22:19.014+0000] {logging_mixin.py:137} INFO - [2022-12-17T04:22:19.014+0000] {dagbag.py:538} INFO - Filling up the DagBag from /home/airflow/.local/lib/python3.7/site-packages/airflow/example_dags/example_short_circuit_operator.py
[2022-12-17T04:22:19.025+0000] {processor.py:753} INFO - DAG(s) dict_keys(['example_short_circuit_operator']) retrieved from /home/airflow/.local/lib/python3.7/site-packages/airflow/example_dags/example_short_circuit_operator.py
[2022-12-17T04:22:19.056+0000] {logging_mixin.py:137} INFO - [2022-12-17T04:22:19.056+0000] {dag.py:2676} INFO - Sync 1 DAGs
[2022-12-17T04:22:19.077+0000] {logging_mixin.py:137} INFO - [2022-12-17T04:22:19.077+0000] {dag.py:3427} INFO - Setting next_dagrun for example_short_circuit_operator to 2022-12-16T04:22:19.077521+00:00, run_after=2022-12-17T04:22:19.077521+00:00
[2022-12-17T04:22:19.090+0000] {processor.py:175} INFO - Processing /home/airflow/.local/lib/python3.7/site-packages/airflow/example_dags/example_short_circuit_operator.py took 0.080 seconds
[2022-12-17T04:22:49.252+0000] {processor.py:153} INFO - Started process (PID=698) to work on /home/airflow/.local/lib/python3.7/site-packages/airflow/example_dags/example_short_circuit_operator.py
[2022-12-17T04:22:49.253+0000] {processor.py:743} INFO - Processing file /home/airflow/.local/lib/python3.7/site-packages/airflow/example_dags/example_short_circuit_operator.py for tasks to queue
[2022-12-17T04:22:49.253+0000] {logging_mixin.py:137} INFO - [2022-12-17T04:22:49.253+0000] {dagbag.py:538} INFO - Filling up the DagBag from /home/airflow/.local/lib/python3.7/site-packages/airflow/example_dags/example_short_circuit_operator.py
[2022-12-17T04:22:49.267+0000] {processor.py:753} INFO - DAG(s) dict_keys(['example_short_circuit_operator']) retrieved from /home/airflow/.local/lib/python3.7/site-packages/airflow/example_dags/example_short_circuit_operator.py
[2022-12-17T04:22:49.297+0000] {logging_mixin.py:137} INFO - [2022-12-17T04:22:49.297+0000] {dag.py:2676} INFO - Sync 1 DAGs
[2022-12-17T04:22:49.315+0000] {logging_mixin.py:137} INFO - [2022-12-17T04:22:49.315+0000] {dag.py:3427} INFO - Setting next_dagrun for example_short_circuit_operator to 2022-12-16T04:22:49.315386+00:00, run_after=2022-12-17T04:22:49.315386+00:00
[2022-12-17T04:22:49.328+0000] {processor.py:175} INFO - Processing /home/airflow/.local/lib/python3.7/site-packages/airflow/example_dags/example_short_circuit_operator.py took 0.078 seconds
[2022-12-17T04:23:19.433+0000] {processor.py:153} INFO - Started process (PID=796) to work on /home/airflow/.local/lib/python3.7/site-packages/airflow/example_dags/example_short_circuit_operator.py
[2022-12-17T04:23:19.434+0000] {processor.py:743} INFO - Processing file /home/airflow/.local/lib/python3.7/site-packages/airflow/example_dags/example_short_circuit_operator.py for tasks to queue
[2022-12-17T04:23:19.434+0000] {logging_mixin.py:137} INFO - [2022-12-17T04:23:19.434+0000] {dagbag.py:538} INFO - Filling up the DagBag from /home/airflow/.local/lib/python3.7/site-packages/airflow/example_dags/example_short_circuit_operator.py
[2022-12-17T04:23:19.445+0000] {processor.py:753} INFO - DAG(s) dict_keys(['example_short_circuit_operator']) retrieved from /home/airflow/.local/lib/python3.7/site-packages/airflow/example_dags/example_short_circuit_operator.py
[2022-12-17T04:23:19.476+0000] {logging_mixin.py:137} INFO - [2022-12-17T04:23:19.476+0000] {dag.py:2676} INFO - Sync 1 DAGs
[2022-12-17T04:23:19.496+0000] {logging_mixin.py:137} INFO - [2022-12-17T04:23:19.496+0000] {dag.py:3427} INFO - Setting next_dagrun for example_short_circuit_operator to 2022-12-16T04:23:19.495841+00:00, run_after=2022-12-17T04:23:19.495841+00:00
[2022-12-17T04:23:19.509+0000] {processor.py:175} INFO - Processing /home/airflow/.local/lib/python3.7/site-packages/airflow/example_dags/example_short_circuit_operator.py took 0.079 seconds
[2022-12-17T04:23:49.732+0000] {processor.py:153} INFO - Started process (PID=875) to work on /home/airflow/.local/lib/python3.7/site-packages/airflow/example_dags/example_short_circuit_operator.py
[2022-12-17T04:23:49.732+0000] {processor.py:743} INFO - Processing file /home/airflow/.local/lib/python3.7/site-packages/airflow/example_dags/example_short_circuit_operator.py for tasks to queue
[2022-12-17T04:23:49.733+0000] {logging_mixin.py:137} INFO - [2022-12-17T04:23:49.733+0000] {dagbag.py:538} INFO - Filling up the DagBag from /home/airflow/.local/lib/python3.7/site-packages/airflow/example_dags/example_short_circuit_operator.py
[2022-12-17T04:23:49.745+0000] {processor.py:753} INFO - DAG(s) dict_keys(['example_short_circuit_operator']) retrieved from /home/airflow/.local/lib/python3.7/site-packages/airflow/example_dags/example_short_circuit_operator.py
[2022-12-17T04:23:49.776+0000] {logging_mixin.py:137} INFO - [2022-12-17T04:23:49.776+0000] {dag.py:2676} INFO - Sync 1 DAGs
[2022-12-17T04:23:49.795+0000] {logging_mixin.py:137} INFO - [2022-12-17T04:23:49.795+0000] {dag.py:3427} INFO - Setting next_dagrun for example_short_circuit_operator to 2022-12-16T04:23:49.795665+00:00, run_after=2022-12-17T04:23:49.795665+00:00
[2022-12-17T04:23:49.808+0000] {processor.py:175} INFO - Processing /home/airflow/.local/lib/python3.7/site-packages/airflow/example_dags/example_short_circuit_operator.py took 0.079 seconds
[2022-12-17T04:24:20.111+0000] {processor.py:153} INFO - Started process (PID=975) to work on /home/airflow/.local/lib/python3.7/site-packages/airflow/example_dags/example_short_circuit_operator.py
[2022-12-17T04:24:20.112+0000] {processor.py:743} INFO - Processing file /home/airflow/.local/lib/python3.7/site-packages/airflow/example_dags/example_short_circuit_operator.py for tasks to queue
[2022-12-17T04:24:20.112+0000] {logging_mixin.py:137} INFO - [2022-12-17T04:24:20.112+0000] {dagbag.py:538} INFO - Filling up the DagBag from /home/airflow/.local/lib/python3.7/site-packages/airflow/example_dags/example_short_circuit_operator.py
[2022-12-17T04:24:20.124+0000] {processor.py:753} INFO - DAG(s) dict_keys(['example_short_circuit_operator']) retrieved from /home/airflow/.local/lib/python3.7/site-packages/airflow/example_dags/example_short_circuit_operator.py
[2022-12-17T04:24:20.150+0000] {logging_mixin.py:137} INFO - [2022-12-17T04:24:20.150+0000] {dag.py:2676} INFO - Sync 1 DAGs
[2022-12-17T04:24:20.169+0000] {logging_mixin.py:137} INFO - [2022-12-17T04:24:20.169+0000] {dag.py:3427} INFO - Setting next_dagrun for example_short_circuit_operator to 2022-12-16T04:24:20.169118+00:00, run_after=2022-12-17T04:24:20.169118+00:00
[2022-12-17T04:24:20.182+0000] {processor.py:175} INFO - Processing /home/airflow/.local/lib/python3.7/site-packages/airflow/example_dags/example_short_circuit_operator.py took 0.073 seconds
[2022-12-17T04:24:50.484+0000] {processor.py:153} INFO - Started process (PID=1074) to work on /home/airflow/.local/lib/python3.7/site-packages/airflow/example_dags/example_short_circuit_operator.py
[2022-12-17T04:24:50.485+0000] {processor.py:743} INFO - Processing file /home/airflow/.local/lib/python3.7/site-packages/airflow/example_dags/example_short_circuit_operator.py for tasks to queue
[2022-12-17T04:24:50.485+0000] {logging_mixin.py:137} INFO - [2022-12-17T04:24:50.485+0000] {dagbag.py:538} INFO - Filling up the DagBag from /home/airflow/.local/lib/python3.7/site-packages/airflow/example_dags/example_short_circuit_operator.py
[2022-12-17T04:24:50.498+0000] {processor.py:753} INFO - DAG(s) dict_keys(['example_short_circuit_operator']) retrieved from /home/airflow/.local/lib/python3.7/site-packages/airflow/example_dags/example_short_circuit_operator.py
[2022-12-17T04:24:50.531+0000] {logging_mixin.py:137} INFO - [2022-12-17T04:24:50.531+0000] {dag.py:2676} INFO - Sync 1 DAGs
[2022-12-17T04:24:50.549+0000] {logging_mixin.py:137} INFO - [2022-12-17T04:24:50.549+0000] {dag.py:3427} INFO - Setting next_dagrun for example_short_circuit_operator to 2022-12-16T04:24:50.549018+00:00, run_after=2022-12-17T04:24:50.549018+00:00
[2022-12-17T04:24:50.560+0000] {processor.py:175} INFO - Processing /home/airflow/.local/lib/python3.7/site-packages/airflow/example_dags/example_short_circuit_operator.py took 0.079 seconds
[2022-12-17T04:25:20.620+0000] {processor.py:153} INFO - Started process (PID=1153) to work on /home/airflow/.local/lib/python3.7/site-packages/airflow/example_dags/example_short_circuit_operator.py
[2022-12-17T04:25:20.621+0000] {processor.py:743} INFO - Processing file /home/airflow/.local/lib/python3.7/site-packages/airflow/example_dags/example_short_circuit_operator.py for tasks to queue
[2022-12-17T04:25:20.621+0000] {logging_mixin.py:137} INFO - [2022-12-17T04:25:20.621+0000] {dagbag.py:538} INFO - Filling up the DagBag from /home/airflow/.local/lib/python3.7/site-packages/airflow/example_dags/example_short_circuit_operator.py
[2022-12-17T04:25:20.632+0000] {processor.py:753} INFO - DAG(s) dict_keys(['example_short_circuit_operator']) retrieved from /home/airflow/.local/lib/python3.7/site-packages/airflow/example_dags/example_short_circuit_operator.py
[2022-12-17T04:25:20.661+0000] {logging_mixin.py:137} INFO - [2022-12-17T04:25:20.661+0000] {dag.py:2676} INFO - Sync 1 DAGs
[2022-12-17T04:25:20.680+0000] {logging_mixin.py:137} INFO - [2022-12-17T04:25:20.680+0000] {dag.py:3427} INFO - Setting next_dagrun for example_short_circuit_operator to 2022-12-16T04:25:20.680350+00:00, run_after=2022-12-17T04:25:20.680350+00:00
[2022-12-17T04:25:20.692+0000] {processor.py:175} INFO - Processing /home/airflow/.local/lib/python3.7/site-packages/airflow/example_dags/example_short_circuit_operator.py took 0.075 seconds
[2022-12-17T04:25:51.223+0000] {processor.py:153} INFO - Started process (PID=1252) to work on /home/airflow/.local/lib/python3.7/site-packages/airflow/example_dags/example_short_circuit_operator.py
[2022-12-17T04:25:51.223+0000] {processor.py:743} INFO - Processing file /home/airflow/.local/lib/python3.7/site-packages/airflow/example_dags/example_short_circuit_operator.py for tasks to queue
[2022-12-17T04:25:51.224+0000] {logging_mixin.py:137} INFO - [2022-12-17T04:25:51.224+0000] {dagbag.py:538} INFO - Filling up the DagBag from /home/airflow/.local/lib/python3.7/site-packages/airflow/example_dags/example_short_circuit_operator.py
[2022-12-17T04:25:51.238+0000] {processor.py:753} INFO - DAG(s) dict_keys(['example_short_circuit_operator']) retrieved from /home/airflow/.local/lib/python3.7/site-packages/airflow/example_dags/example_short_circuit_operator.py
[2022-12-17T04:25:51.268+0000] {logging_mixin.py:137} INFO - [2022-12-17T04:25:51.268+0000] {dag.py:2676} INFO - Sync 1 DAGs
[2022-12-17T04:25:51.289+0000] {logging_mixin.py:137} INFO - [2022-12-17T04:25:51.289+0000] {dag.py:3427} INFO - Setting next_dagrun for example_short_circuit_operator to 2022-12-16T04:25:51.288846+00:00, run_after=2022-12-17T04:25:51.288846+00:00
[2022-12-17T04:25:51.303+0000] {processor.py:175} INFO - Processing /home/airflow/.local/lib/python3.7/site-packages/airflow/example_dags/example_short_circuit_operator.py took 0.082 seconds
[2022-12-17T04:26:21.736+0000] {processor.py:153} INFO - Started process (PID=1331) to work on /home/airflow/.local/lib/python3.7/site-packages/airflow/example_dags/example_short_circuit_operator.py
[2022-12-17T04:26:21.737+0000] {processor.py:743} INFO - Processing file /home/airflow/.local/lib/python3.7/site-packages/airflow/example_dags/example_short_circuit_operator.py for tasks to queue
[2022-12-17T04:26:21.737+0000] {logging_mixin.py:137} INFO - [2022-12-17T04:26:21.737+0000] {dagbag.py:538} INFO - Filling up the DagBag from /home/airflow/.local/lib/python3.7/site-packages/airflow/example_dags/example_short_circuit_operator.py
[2022-12-17T04:26:21.751+0000] {processor.py:753} INFO - DAG(s) dict_keys(['example_short_circuit_operator']) retrieved from /home/airflow/.local/lib/python3.7/site-packages/airflow/example_dags/example_short_circuit_operator.py
[2022-12-17T04:26:21.781+0000] {logging_mixin.py:137} INFO - [2022-12-17T04:26:21.781+0000] {dag.py:2676} INFO - Sync 1 DAGs
[2022-12-17T04:26:21.801+0000] {logging_mixin.py:137} INFO - [2022-12-17T04:26:21.801+0000] {dag.py:3427} INFO - Setting next_dagrun for example_short_circuit_operator to 2022-12-16T04:26:21.800720+00:00, run_after=2022-12-17T04:26:21.800720+00:00
[2022-12-17T04:26:21.818+0000] {processor.py:175} INFO - Processing /home/airflow/.local/lib/python3.7/site-packages/airflow/example_dags/example_short_circuit_operator.py took 0.085 seconds
[2022-12-17T04:26:52.012+0000] {processor.py:153} INFO - Started process (PID=1430) to work on /home/airflow/.local/lib/python3.7/site-packages/airflow/example_dags/example_short_circuit_operator.py
[2022-12-17T04:26:52.013+0000] {processor.py:743} INFO - Processing file /home/airflow/.local/lib/python3.7/site-packages/airflow/example_dags/example_short_circuit_operator.py for tasks to queue
[2022-12-17T04:26:52.013+0000] {logging_mixin.py:137} INFO - [2022-12-17T04:26:52.013+0000] {dagbag.py:538} INFO - Filling up the DagBag from /home/airflow/.local/lib/python3.7/site-packages/airflow/example_dags/example_short_circuit_operator.py
[2022-12-17T04:26:52.025+0000] {processor.py:753} INFO - DAG(s) dict_keys(['example_short_circuit_operator']) retrieved from /home/airflow/.local/lib/python3.7/site-packages/airflow/example_dags/example_short_circuit_operator.py
[2022-12-17T04:26:52.054+0000] {logging_mixin.py:137} INFO - [2022-12-17T04:26:52.054+0000] {dag.py:2676} INFO - Sync 1 DAGs
[2022-12-17T04:26:52.072+0000] {logging_mixin.py:137} INFO - [2022-12-17T04:26:52.072+0000] {dag.py:3427} INFO - Setting next_dagrun for example_short_circuit_operator to 2022-12-16T04:26:52.072305+00:00, run_after=2022-12-17T04:26:52.072305+00:00
[2022-12-17T04:26:52.086+0000] {processor.py:175} INFO - Processing /home/airflow/.local/lib/python3.7/site-packages/airflow/example_dags/example_short_circuit_operator.py took 0.078 seconds
[2022-12-17T04:27:22.149+0000] {processor.py:153} INFO - Started process (PID=1509) to work on /home/airflow/.local/lib/python3.7/site-packages/airflow/example_dags/example_short_circuit_operator.py
[2022-12-17T04:27:22.150+0000] {processor.py:743} INFO - Processing file /home/airflow/.local/lib/python3.7/site-packages/airflow/example_dags/example_short_circuit_operator.py for tasks to queue
[2022-12-17T04:27:22.150+0000] {logging_mixin.py:137} INFO - [2022-12-17T04:27:22.150+0000] {dagbag.py:538} INFO - Filling up the DagBag from /home/airflow/.local/lib/python3.7/site-packages/airflow/example_dags/example_short_circuit_operator.py
[2022-12-17T04:27:22.163+0000] {processor.py:753} INFO - DAG(s) dict_keys(['example_short_circuit_operator']) retrieved from /home/airflow/.local/lib/python3.7/site-packages/airflow/example_dags/example_short_circuit_operator.py
[2022-12-17T04:27:22.193+0000] {logging_mixin.py:137} INFO - [2022-12-17T04:27:22.193+0000] {dag.py:2676} INFO - Sync 1 DAGs
[2022-12-17T04:27:22.213+0000] {logging_mixin.py:137} INFO - [2022-12-17T04:27:22.213+0000] {dag.py:3427} INFO - Setting next_dagrun for example_short_circuit_operator to 2022-12-16T04:27:22.213036+00:00, run_after=2022-12-17T04:27:22.213036+00:00
[2022-12-17T04:27:22.226+0000] {processor.py:175} INFO - Processing /home/airflow/.local/lib/python3.7/site-packages/airflow/example_dags/example_short_circuit_operator.py took 0.080 seconds
[2022-12-17T04:27:52.594+0000] {processor.py:153} INFO - Started process (PID=1609) to work on /home/airflow/.local/lib/python3.7/site-packages/airflow/example_dags/example_short_circuit_operator.py
[2022-12-17T04:27:52.595+0000] {processor.py:743} INFO - Processing file /home/airflow/.local/lib/python3.7/site-packages/airflow/example_dags/example_short_circuit_operator.py for tasks to queue
[2022-12-17T04:27:52.595+0000] {logging_mixin.py:137} INFO - [2022-12-17T04:27:52.595+0000] {dagbag.py:538} INFO - Filling up the DagBag from /home/airflow/.local/lib/python3.7/site-packages/airflow/example_dags/example_short_circuit_operator.py
[2022-12-17T04:27:52.607+0000] {processor.py:753} INFO - DAG(s) dict_keys(['example_short_circuit_operator']) retrieved from /home/airflow/.local/lib/python3.7/site-packages/airflow/example_dags/example_short_circuit_operator.py
[2022-12-17T04:27:52.638+0000] {logging_mixin.py:137} INFO - [2022-12-17T04:27:52.637+0000] {dag.py:2676} INFO - Sync 1 DAGs
[2022-12-17T04:27:52.656+0000] {logging_mixin.py:137} INFO - [2022-12-17T04:27:52.656+0000] {dag.py:3427} INFO - Setting next_dagrun for example_short_circuit_operator to 2022-12-16T04:27:52.656526+00:00, run_after=2022-12-17T04:27:52.656526+00:00
[2022-12-17T04:27:52.671+0000] {processor.py:175} INFO - Processing /home/airflow/.local/lib/python3.7/site-packages/airflow/example_dags/example_short_circuit_operator.py took 0.079 seconds
[2022-12-17T04:28:22.969+0000] {processor.py:153} INFO - Started process (PID=1698) to work on /home/airflow/.local/lib/python3.7/site-packages/airflow/example_dags/example_short_circuit_operator.py
[2022-12-17T04:28:22.970+0000] {processor.py:743} INFO - Processing file /home/airflow/.local/lib/python3.7/site-packages/airflow/example_dags/example_short_circuit_operator.py for tasks to queue
[2022-12-17T04:28:22.970+0000] {logging_mixin.py:137} INFO - [2022-12-17T04:28:22.970+0000] {dagbag.py:538} INFO - Filling up the DagBag from /home/airflow/.local/lib/python3.7/site-packages/airflow/example_dags/example_short_circuit_operator.py
[2022-12-17T04:28:22.983+0000] {processor.py:753} INFO - DAG(s) dict_keys(['example_short_circuit_operator']) retrieved from /home/airflow/.local/lib/python3.7/site-packages/airflow/example_dags/example_short_circuit_operator.py
[2022-12-17T04:28:23.012+0000] {logging_mixin.py:137} INFO - [2022-12-17T04:28:23.012+0000] {dag.py:2676} INFO - Sync 1 DAGs
[2022-12-17T04:28:23.033+0000] {logging_mixin.py:137} INFO - [2022-12-17T04:28:23.033+0000] {dag.py:3427} INFO - Setting next_dagrun for example_short_circuit_operator to 2022-12-16T04:28:23.033310+00:00, run_after=2022-12-17T04:28:23.033310+00:00
[2022-12-17T04:28:23.046+0000] {processor.py:175} INFO - Processing /home/airflow/.local/lib/python3.7/site-packages/airflow/example_dags/example_short_circuit_operator.py took 0.079 seconds
[2022-12-17T04:28:53.121+0000] {processor.py:153} INFO - Started process (PID=1788) to work on /home/airflow/.local/lib/python3.7/site-packages/airflow/example_dags/example_short_circuit_operator.py
[2022-12-17T04:28:53.121+0000] {processor.py:743} INFO - Processing file /home/airflow/.local/lib/python3.7/site-packages/airflow/example_dags/example_short_circuit_operator.py for tasks to queue
[2022-12-17T04:28:53.121+0000] {logging_mixin.py:137} INFO - [2022-12-17T04:28:53.121+0000] {dagbag.py:538} INFO - Filling up the DagBag from /home/airflow/.local/lib/python3.7/site-packages/airflow/example_dags/example_short_circuit_operator.py
[2022-12-17T04:28:53.132+0000] {processor.py:753} INFO - DAG(s) dict_keys(['example_short_circuit_operator']) retrieved from /home/airflow/.local/lib/python3.7/site-packages/airflow/example_dags/example_short_circuit_operator.py
[2022-12-17T04:28:53.162+0000] {logging_mixin.py:137} INFO - [2022-12-17T04:28:53.162+0000] {dag.py:2676} INFO - Sync 1 DAGs
[2022-12-17T04:28:53.184+0000] {logging_mixin.py:137} INFO - [2022-12-17T04:28:53.184+0000] {dag.py:3427} INFO - Setting next_dagrun for example_short_circuit_operator to 2022-12-16T04:28:53.184229+00:00, run_after=2022-12-17T04:28:53.184229+00:00
[2022-12-17T04:28:53.196+0000] {processor.py:175} INFO - Processing /home/airflow/.local/lib/python3.7/site-packages/airflow/example_dags/example_short_circuit_operator.py took 0.078 seconds
[2022-12-17T04:29:23.775+0000] {processor.py:153} INFO - Started process (PID=1887) to work on /home/airflow/.local/lib/python3.7/site-packages/airflow/example_dags/example_short_circuit_operator.py
[2022-12-17T04:29:23.775+0000] {processor.py:743} INFO - Processing file /home/airflow/.local/lib/python3.7/site-packages/airflow/example_dags/example_short_circuit_operator.py for tasks to queue
[2022-12-17T04:29:23.776+0000] {logging_mixin.py:137} INFO - [2022-12-17T04:29:23.776+0000] {dagbag.py:538} INFO - Filling up the DagBag from /home/airflow/.local/lib/python3.7/site-packages/airflow/example_dags/example_short_circuit_operator.py
[2022-12-17T04:29:23.787+0000] {processor.py:753} INFO - DAG(s) dict_keys(['example_short_circuit_operator']) retrieved from /home/airflow/.local/lib/python3.7/site-packages/airflow/example_dags/example_short_circuit_operator.py
[2022-12-17T04:29:23.819+0000] {logging_mixin.py:137} INFO - [2022-12-17T04:29:23.819+0000] {dag.py:2676} INFO - Sync 1 DAGs
[2022-12-17T04:29:23.840+0000] {logging_mixin.py:137} INFO - [2022-12-17T04:29:23.840+0000] {dag.py:3427} INFO - Setting next_dagrun for example_short_circuit_operator to 2022-12-16T04:29:23.840246+00:00, run_after=2022-12-17T04:29:23.840246+00:00
[2022-12-17T04:29:23.854+0000] {processor.py:175} INFO - Processing /home/airflow/.local/lib/python3.7/site-packages/airflow/example_dags/example_short_circuit_operator.py took 0.082 seconds
[2022-12-17T04:29:53.916+0000] {processor.py:153} INFO - Started process (PID=1966) to work on /home/airflow/.local/lib/python3.7/site-packages/airflow/example_dags/example_short_circuit_operator.py
[2022-12-17T04:29:53.917+0000] {processor.py:743} INFO - Processing file /home/airflow/.local/lib/python3.7/site-packages/airflow/example_dags/example_short_circuit_operator.py for tasks to queue
[2022-12-17T04:29:53.917+0000] {logging_mixin.py:137} INFO - [2022-12-17T04:29:53.917+0000] {dagbag.py:538} INFO - Filling up the DagBag from /home/airflow/.local/lib/python3.7/site-packages/airflow/example_dags/example_short_circuit_operator.py
[2022-12-17T04:29:53.928+0000] {processor.py:753} INFO - DAG(s) dict_keys(['example_short_circuit_operator']) retrieved from /home/airflow/.local/lib/python3.7/site-packages/airflow/example_dags/example_short_circuit_operator.py
[2022-12-17T04:29:53.957+0000] {logging_mixin.py:137} INFO - [2022-12-17T04:29:53.957+0000] {dag.py:2676} INFO - Sync 1 DAGs
[2022-12-17T04:29:53.976+0000] {logging_mixin.py:137} INFO - [2022-12-17T04:29:53.975+0000] {dag.py:3427} INFO - Setting next_dagrun for example_short_circuit_operator to 2022-12-16T04:29:53.975812+00:00, run_after=2022-12-17T04:29:53.975812+00:00
[2022-12-17T04:29:53.987+0000] {processor.py:175} INFO - Processing /home/airflow/.local/lib/python3.7/site-packages/airflow/example_dags/example_short_circuit_operator.py took 0.074 seconds
[2022-12-17T04:30:24.327+0000] {processor.py:153} INFO - Started process (PID=2065) to work on /home/airflow/.local/lib/python3.7/site-packages/airflow/example_dags/example_short_circuit_operator.py
[2022-12-17T04:30:24.328+0000] {processor.py:743} INFO - Processing file /home/airflow/.local/lib/python3.7/site-packages/airflow/example_dags/example_short_circuit_operator.py for tasks to queue
[2022-12-17T04:30:24.328+0000] {logging_mixin.py:137} INFO - [2022-12-17T04:30:24.328+0000] {dagbag.py:538} INFO - Filling up the DagBag from /home/airflow/.local/lib/python3.7/site-packages/airflow/example_dags/example_short_circuit_operator.py
[2022-12-17T04:30:24.341+0000] {processor.py:753} INFO - DAG(s) dict_keys(['example_short_circuit_operator']) retrieved from /home/airflow/.local/lib/python3.7/site-packages/airflow/example_dags/example_short_circuit_operator.py
[2022-12-17T04:30:24.370+0000] {logging_mixin.py:137} INFO - [2022-12-17T04:30:24.370+0000] {dag.py:2676} INFO - Sync 1 DAGs
[2022-12-17T04:30:24.392+0000] {logging_mixin.py:137} INFO - [2022-12-17T04:30:24.392+0000] {dag.py:3427} INFO - Setting next_dagrun for example_short_circuit_operator to 2022-12-16T04:30:24.391853+00:00, run_after=2022-12-17T04:30:24.391853+00:00
[2022-12-17T04:30:24.408+0000] {processor.py:175} INFO - Processing /home/airflow/.local/lib/python3.7/site-packages/airflow/example_dags/example_short_circuit_operator.py took 0.083 seconds
[2022-12-17T04:30:54.602+0000] {processor.py:153} INFO - Started process (PID=2144) to work on /home/airflow/.local/lib/python3.7/site-packages/airflow/example_dags/example_short_circuit_operator.py
[2022-12-17T04:30:54.603+0000] {processor.py:743} INFO - Processing file /home/airflow/.local/lib/python3.7/site-packages/airflow/example_dags/example_short_circuit_operator.py for tasks to queue
[2022-12-17T04:30:54.603+0000] {logging_mixin.py:137} INFO - [2022-12-17T04:30:54.603+0000] {dagbag.py:538} INFO - Filling up the DagBag from /home/airflow/.local/lib/python3.7/site-packages/airflow/example_dags/example_short_circuit_operator.py
[2022-12-17T04:30:54.617+0000] {processor.py:753} INFO - DAG(s) dict_keys(['example_short_circuit_operator']) retrieved from /home/airflow/.local/lib/python3.7/site-packages/airflow/example_dags/example_short_circuit_operator.py
[2022-12-17T04:30:54.646+0000] {logging_mixin.py:137} INFO - [2022-12-17T04:30:54.645+0000] {dag.py:2676} INFO - Sync 1 DAGs
[2022-12-17T04:30:54.664+0000] {logging_mixin.py:137} INFO - [2022-12-17T04:30:54.664+0000] {dag.py:3427} INFO - Setting next_dagrun for example_short_circuit_operator to 2022-12-16T04:30:54.663925+00:00, run_after=2022-12-17T04:30:54.663925+00:00
[2022-12-17T04:30:54.676+0000] {processor.py:175} INFO - Processing /home/airflow/.local/lib/python3.7/site-packages/airflow/example_dags/example_short_circuit_operator.py took 0.076 seconds
[2022-12-17T04:31:24.870+0000] {processor.py:153} INFO - Started process (PID=2243) to work on /home/airflow/.local/lib/python3.7/site-packages/airflow/example_dags/example_short_circuit_operator.py
[2022-12-17T04:31:24.870+0000] {processor.py:743} INFO - Processing file /home/airflow/.local/lib/python3.7/site-packages/airflow/example_dags/example_short_circuit_operator.py for tasks to queue
[2022-12-17T04:31:24.871+0000] {logging_mixin.py:137} INFO - [2022-12-17T04:31:24.871+0000] {dagbag.py:538} INFO - Filling up the DagBag from /home/airflow/.local/lib/python3.7/site-packages/airflow/example_dags/example_short_circuit_operator.py
[2022-12-17T04:31:24.881+0000] {processor.py:753} INFO - DAG(s) dict_keys(['example_short_circuit_operator']) retrieved from /home/airflow/.local/lib/python3.7/site-packages/airflow/example_dags/example_short_circuit_operator.py
[2022-12-17T04:31:24.913+0000] {logging_mixin.py:137} INFO - [2022-12-17T04:31:24.913+0000] {dag.py:2676} INFO - Sync 1 DAGs
[2022-12-17T04:31:24.931+0000] {logging_mixin.py:137} INFO - [2022-12-17T04:31:24.931+0000] {dag.py:3427} INFO - Setting next_dagrun for example_short_circuit_operator to 2022-12-16T04:31:24.931460+00:00, run_after=2022-12-17T04:31:24.931460+00:00
[2022-12-17T04:31:24.945+0000] {processor.py:175} INFO - Processing /home/airflow/.local/lib/python3.7/site-packages/airflow/example_dags/example_short_circuit_operator.py took 0.076 seconds
[2022-12-17T04:31:55.384+0000] {processor.py:153} INFO - Started process (PID=2332) to work on /home/airflow/.local/lib/python3.7/site-packages/airflow/example_dags/example_short_circuit_operator.py
[2022-12-17T04:31:55.385+0000] {processor.py:743} INFO - Processing file /home/airflow/.local/lib/python3.7/site-packages/airflow/example_dags/example_short_circuit_operator.py for tasks to queue
[2022-12-17T04:31:55.386+0000] {logging_mixin.py:137} INFO - [2022-12-17T04:31:55.386+0000] {dagbag.py:538} INFO - Filling up the DagBag from /home/airflow/.local/lib/python3.7/site-packages/airflow/example_dags/example_short_circuit_operator.py
[2022-12-17T04:31:55.397+0000] {processor.py:753} INFO - DAG(s) dict_keys(['example_short_circuit_operator']) retrieved from /home/airflow/.local/lib/python3.7/site-packages/airflow/example_dags/example_short_circuit_operator.py
[2022-12-17T04:31:55.427+0000] {logging_mixin.py:137} INFO - [2022-12-17T04:31:55.427+0000] {dag.py:2676} INFO - Sync 1 DAGs
[2022-12-17T04:31:55.448+0000] {logging_mixin.py:137} INFO - [2022-12-17T04:31:55.447+0000] {dag.py:3427} INFO - Setting next_dagrun for example_short_circuit_operator to 2022-12-16T04:31:55.447764+00:00, run_after=2022-12-17T04:31:55.447764+00:00
[2022-12-17T04:31:55.460+0000] {processor.py:175} INFO - Processing /home/airflow/.local/lib/python3.7/site-packages/airflow/example_dags/example_short_circuit_operator.py took 0.078 seconds
[2022-12-17T04:32:25.628+0000] {processor.py:153} INFO - Started process (PID=2422) to work on /home/airflow/.local/lib/python3.7/site-packages/airflow/example_dags/example_short_circuit_operator.py
[2022-12-17T04:32:25.628+0000] {processor.py:743} INFO - Processing file /home/airflow/.local/lib/python3.7/site-packages/airflow/example_dags/example_short_circuit_operator.py for tasks to queue
[2022-12-17T04:32:25.629+0000] {logging_mixin.py:137} INFO - [2022-12-17T04:32:25.629+0000] {dagbag.py:538} INFO - Filling up the DagBag from /home/airflow/.local/lib/python3.7/site-packages/airflow/example_dags/example_short_circuit_operator.py
[2022-12-17T04:32:25.642+0000] {processor.py:753} INFO - DAG(s) dict_keys(['example_short_circuit_operator']) retrieved from /home/airflow/.local/lib/python3.7/site-packages/airflow/example_dags/example_short_circuit_operator.py
[2022-12-17T04:32:25.673+0000] {logging_mixin.py:137} INFO - [2022-12-17T04:32:25.673+0000] {dag.py:2676} INFO - Sync 1 DAGs
[2022-12-17T04:32:25.691+0000] {logging_mixin.py:137} INFO - [2022-12-17T04:32:25.690+0000] {dag.py:3427} INFO - Setting next_dagrun for example_short_circuit_operator to 2022-12-16T04:32:25.690841+00:00, run_after=2022-12-17T04:32:25.690841+00:00
[2022-12-17T04:32:25.702+0000] {processor.py:175} INFO - Processing /home/airflow/.local/lib/python3.7/site-packages/airflow/example_dags/example_short_circuit_operator.py took 0.077 seconds
[2022-12-17T04:32:55.982+0000] {processor.py:153} INFO - Started process (PID=2522) to work on /home/airflow/.local/lib/python3.7/site-packages/airflow/example_dags/example_short_circuit_operator.py
[2022-12-17T04:32:55.982+0000] {processor.py:743} INFO - Processing file /home/airflow/.local/lib/python3.7/site-packages/airflow/example_dags/example_short_circuit_operator.py for tasks to queue
[2022-12-17T04:32:55.983+0000] {logging_mixin.py:137} INFO - [2022-12-17T04:32:55.983+0000] {dagbag.py:538} INFO - Filling up the DagBag from /home/airflow/.local/lib/python3.7/site-packages/airflow/example_dags/example_short_circuit_operator.py
[2022-12-17T04:32:55.994+0000] {processor.py:753} INFO - DAG(s) dict_keys(['example_short_circuit_operator']) retrieved from /home/airflow/.local/lib/python3.7/site-packages/airflow/example_dags/example_short_circuit_operator.py
[2022-12-17T04:32:56.020+0000] {logging_mixin.py:137} INFO - [2022-12-17T04:32:56.020+0000] {dag.py:2676} INFO - Sync 1 DAGs
[2022-12-17T04:32:56.039+0000] {logging_mixin.py:137} INFO - [2022-12-17T04:32:56.039+0000] {dag.py:3427} INFO - Setting next_dagrun for example_short_circuit_operator to 2022-12-16T04:32:56.039157+00:00, run_after=2022-12-17T04:32:56.039157+00:00
[2022-12-17T04:32:56.056+0000] {processor.py:175} INFO - Processing /home/airflow/.local/lib/python3.7/site-packages/airflow/example_dags/example_short_circuit_operator.py took 0.077 seconds
[2022-12-17T04:33:26.296+0000] {processor.py:153} INFO - Started process (PID=2602) to work on /home/airflow/.local/lib/python3.7/site-packages/airflow/example_dags/example_short_circuit_operator.py
[2022-12-17T04:33:26.297+0000] {processor.py:743} INFO - Processing file /home/airflow/.local/lib/python3.7/site-packages/airflow/example_dags/example_short_circuit_operator.py for tasks to queue
[2022-12-17T04:33:26.297+0000] {logging_mixin.py:137} INFO - [2022-12-17T04:33:26.297+0000] {dagbag.py:538} INFO - Filling up the DagBag from /home/airflow/.local/lib/python3.7/site-packages/airflow/example_dags/example_short_circuit_operator.py
[2022-12-17T04:33:26.313+0000] {processor.py:753} INFO - DAG(s) dict_keys(['example_short_circuit_operator']) retrieved from /home/airflow/.local/lib/python3.7/site-packages/airflow/example_dags/example_short_circuit_operator.py
[2022-12-17T04:33:26.345+0000] {logging_mixin.py:137} INFO - [2022-12-17T04:33:26.345+0000] {dag.py:2676} INFO - Sync 1 DAGs
[2022-12-17T04:33:26.370+0000] {logging_mixin.py:137} INFO - [2022-12-17T04:33:26.370+0000] {dag.py:3427} INFO - Setting next_dagrun for example_short_circuit_operator to 2022-12-16T04:33:26.370235+00:00, run_after=2022-12-17T04:33:26.370235+00:00
[2022-12-17T04:33:26.384+0000] {processor.py:175} INFO - Processing /home/airflow/.local/lib/python3.7/site-packages/airflow/example_dags/example_short_circuit_operator.py took 0.090 seconds
[2022-12-17T04:33:56.787+0000] {processor.py:153} INFO - Started process (PID=2701) to work on /home/airflow/.local/lib/python3.7/site-packages/airflow/example_dags/example_short_circuit_operator.py
[2022-12-17T04:33:56.788+0000] {processor.py:743} INFO - Processing file /home/airflow/.local/lib/python3.7/site-packages/airflow/example_dags/example_short_circuit_operator.py for tasks to queue
[2022-12-17T04:33:56.788+0000] {logging_mixin.py:137} INFO - [2022-12-17T04:33:56.788+0000] {dagbag.py:538} INFO - Filling up the DagBag from /home/airflow/.local/lib/python3.7/site-packages/airflow/example_dags/example_short_circuit_operator.py
[2022-12-17T04:33:56.802+0000] {processor.py:753} INFO - DAG(s) dict_keys(['example_short_circuit_operator']) retrieved from /home/airflow/.local/lib/python3.7/site-packages/airflow/example_dags/example_short_circuit_operator.py
[2022-12-17T04:33:56.834+0000] {logging_mixin.py:137} INFO - [2022-12-17T04:33:56.834+0000] {dag.py:2676} INFO - Sync 1 DAGs
[2022-12-17T04:33:56.853+0000] {logging_mixin.py:137} INFO - [2022-12-17T04:33:56.853+0000] {dag.py:3427} INFO - Setting next_dagrun for example_short_circuit_operator to 2022-12-16T04:33:56.852923+00:00, run_after=2022-12-17T04:33:56.852923+00:00
[2022-12-17T04:33:56.867+0000] {processor.py:175} INFO - Processing /home/airflow/.local/lib/python3.7/site-packages/airflow/example_dags/example_short_circuit_operator.py took 0.082 seconds
[2022-12-17T04:34:27.072+0000] {processor.py:153} INFO - Started process (PID=2780) to work on /home/airflow/.local/lib/python3.7/site-packages/airflow/example_dags/example_short_circuit_operator.py
[2022-12-17T04:34:27.072+0000] {processor.py:743} INFO - Processing file /home/airflow/.local/lib/python3.7/site-packages/airflow/example_dags/example_short_circuit_operator.py for tasks to queue
[2022-12-17T04:34:27.073+0000] {logging_mixin.py:137} INFO - [2022-12-17T04:34:27.073+0000] {dagbag.py:538} INFO - Filling up the DagBag from /home/airflow/.local/lib/python3.7/site-packages/airflow/example_dags/example_short_circuit_operator.py
[2022-12-17T04:34:27.087+0000] {processor.py:753} INFO - DAG(s) dict_keys(['example_short_circuit_operator']) retrieved from /home/airflow/.local/lib/python3.7/site-packages/airflow/example_dags/example_short_circuit_operator.py
[2022-12-17T04:34:27.116+0000] {logging_mixin.py:137} INFO - [2022-12-17T04:34:27.116+0000] {dag.py:2676} INFO - Sync 1 DAGs
[2022-12-17T04:34:27.134+0000] {logging_mixin.py:137} INFO - [2022-12-17T04:34:27.134+0000] {dag.py:3427} INFO - Setting next_dagrun for example_short_circuit_operator to 2022-12-16T04:34:27.134482+00:00, run_after=2022-12-17T04:34:27.134482+00:00
[2022-12-17T04:34:27.147+0000] {processor.py:175} INFO - Processing /home/airflow/.local/lib/python3.7/site-packages/airflow/example_dags/example_short_circuit_operator.py took 0.078 seconds
[2022-12-17T04:34:57.360+0000] {processor.py:153} INFO - Started process (PID=2879) to work on /home/airflow/.local/lib/python3.7/site-packages/airflow/example_dags/example_short_circuit_operator.py
[2022-12-17T04:34:57.361+0000] {processor.py:743} INFO - Processing file /home/airflow/.local/lib/python3.7/site-packages/airflow/example_dags/example_short_circuit_operator.py for tasks to queue
[2022-12-17T04:34:57.362+0000] {logging_mixin.py:137} INFO - [2022-12-17T04:34:57.362+0000] {dagbag.py:538} INFO - Filling up the DagBag from /home/airflow/.local/lib/python3.7/site-packages/airflow/example_dags/example_short_circuit_operator.py
[2022-12-17T04:34:57.374+0000] {processor.py:753} INFO - DAG(s) dict_keys(['example_short_circuit_operator']) retrieved from /home/airflow/.local/lib/python3.7/site-packages/airflow/example_dags/example_short_circuit_operator.py
[2022-12-17T04:34:57.406+0000] {logging_mixin.py:137} INFO - [2022-12-17T04:34:57.406+0000] {dag.py:2676} INFO - Sync 1 DAGs
[2022-12-17T04:34:57.425+0000] {logging_mixin.py:137} INFO - [2022-12-17T04:34:57.425+0000] {dag.py:3427} INFO - Setting next_dagrun for example_short_circuit_operator to 2022-12-16T04:34:57.425188+00:00, run_after=2022-12-17T04:34:57.425188+00:00
[2022-12-17T04:34:57.439+0000] {processor.py:175} INFO - Processing /home/airflow/.local/lib/python3.7/site-packages/airflow/example_dags/example_short_circuit_operator.py took 0.082 seconds
[2022-12-17T04:35:28.016+0000] {processor.py:153} INFO - Started process (PID=2964) to work on /home/airflow/.local/lib/python3.7/site-packages/airflow/example_dags/example_short_circuit_operator.py
[2022-12-17T04:35:28.017+0000] {processor.py:743} INFO - Processing file /home/airflow/.local/lib/python3.7/site-packages/airflow/example_dags/example_short_circuit_operator.py for tasks to queue
[2022-12-17T04:35:28.017+0000] {logging_mixin.py:137} INFO - [2022-12-17T04:35:28.017+0000] {dagbag.py:538} INFO - Filling up the DagBag from /home/airflow/.local/lib/python3.7/site-packages/airflow/example_dags/example_short_circuit_operator.py
[2022-12-17T04:35:28.030+0000] {processor.py:753} INFO - DAG(s) dict_keys(['example_short_circuit_operator']) retrieved from /home/airflow/.local/lib/python3.7/site-packages/airflow/example_dags/example_short_circuit_operator.py
[2022-12-17T04:35:28.059+0000] {logging_mixin.py:137} INFO - [2022-12-17T04:35:28.058+0000] {dag.py:2676} INFO - Sync 1 DAGs
[2022-12-17T04:35:28.080+0000] {logging_mixin.py:137} INFO - [2022-12-17T04:35:28.080+0000] {dag.py:3427} INFO - Setting next_dagrun for example_short_circuit_operator to 2022-12-16T04:35:28.080143+00:00, run_after=2022-12-17T04:35:28.080143+00:00
[2022-12-17T04:35:28.095+0000] {processor.py:175} INFO - Processing /home/airflow/.local/lib/python3.7/site-packages/airflow/example_dags/example_short_circuit_operator.py took 0.082 seconds
[2022-12-17T04:35:58.438+0000] {processor.py:153} INFO - Started process (PID=3056) to work on /home/airflow/.local/lib/python3.7/site-packages/airflow/example_dags/example_short_circuit_operator.py
[2022-12-17T04:35:58.438+0000] {processor.py:743} INFO - Processing file /home/airflow/.local/lib/python3.7/site-packages/airflow/example_dags/example_short_circuit_operator.py for tasks to queue
[2022-12-17T04:35:58.439+0000] {logging_mixin.py:137} INFO - [2022-12-17T04:35:58.439+0000] {dagbag.py:538} INFO - Filling up the DagBag from /home/airflow/.local/lib/python3.7/site-packages/airflow/example_dags/example_short_circuit_operator.py
[2022-12-17T04:35:58.451+0000] {processor.py:753} INFO - DAG(s) dict_keys(['example_short_circuit_operator']) retrieved from /home/airflow/.local/lib/python3.7/site-packages/airflow/example_dags/example_short_circuit_operator.py
[2022-12-17T04:35:58.486+0000] {logging_mixin.py:137} INFO - [2022-12-17T04:35:58.486+0000] {dag.py:2676} INFO - Sync 1 DAGs
[2022-12-17T04:35:58.507+0000] {logging_mixin.py:137} INFO - [2022-12-17T04:35:58.506+0000] {dag.py:3427} INFO - Setting next_dagrun for example_short_circuit_operator to 2022-12-16T04:35:58.506690+00:00, run_after=2022-12-17T04:35:58.506690+00:00
[2022-12-17T04:35:58.521+0000] {processor.py:175} INFO - Processing /home/airflow/.local/lib/python3.7/site-packages/airflow/example_dags/example_short_circuit_operator.py took 0.086 seconds
[2022-12-17T04:36:29.084+0000] {processor.py:153} INFO - Started process (PID=3155) to work on /home/airflow/.local/lib/python3.7/site-packages/airflow/example_dags/example_short_circuit_operator.py
[2022-12-17T04:36:29.085+0000] {processor.py:743} INFO - Processing file /home/airflow/.local/lib/python3.7/site-packages/airflow/example_dags/example_short_circuit_operator.py for tasks to queue
[2022-12-17T04:36:29.085+0000] {logging_mixin.py:137} INFO - [2022-12-17T04:36:29.085+0000] {dagbag.py:538} INFO - Filling up the DagBag from /home/airflow/.local/lib/python3.7/site-packages/airflow/example_dags/example_short_circuit_operator.py
[2022-12-17T04:36:29.096+0000] {processor.py:753} INFO - DAG(s) dict_keys(['example_short_circuit_operator']) retrieved from /home/airflow/.local/lib/python3.7/site-packages/airflow/example_dags/example_short_circuit_operator.py
[2022-12-17T04:36:29.127+0000] {logging_mixin.py:137} INFO - [2022-12-17T04:36:29.127+0000] {dag.py:2676} INFO - Sync 1 DAGs
[2022-12-17T04:36:29.148+0000] {logging_mixin.py:137} INFO - [2022-12-17T04:36:29.147+0000] {dag.py:3427} INFO - Setting next_dagrun for example_short_circuit_operator to 2022-12-16T04:36:29.147466+00:00, run_after=2022-12-17T04:36:29.147466+00:00
[2022-12-17T04:36:29.163+0000] {processor.py:175} INFO - Processing /home/airflow/.local/lib/python3.7/site-packages/airflow/example_dags/example_short_circuit_operator.py took 0.082 seconds
[2022-12-17T04:36:59.423+0000] {processor.py:153} INFO - Started process (PID=3234) to work on /home/airflow/.local/lib/python3.7/site-packages/airflow/example_dags/example_short_circuit_operator.py
[2022-12-17T04:36:59.423+0000] {processor.py:743} INFO - Processing file /home/airflow/.local/lib/python3.7/site-packages/airflow/example_dags/example_short_circuit_operator.py for tasks to queue
[2022-12-17T04:36:59.424+0000] {logging_mixin.py:137} INFO - [2022-12-17T04:36:59.424+0000] {dagbag.py:538} INFO - Filling up the DagBag from /home/airflow/.local/lib/python3.7/site-packages/airflow/example_dags/example_short_circuit_operator.py
[2022-12-17T04:36:59.438+0000] {processor.py:753} INFO - DAG(s) dict_keys(['example_short_circuit_operator']) retrieved from /home/airflow/.local/lib/python3.7/site-packages/airflow/example_dags/example_short_circuit_operator.py
[2022-12-17T04:36:59.474+0000] {logging_mixin.py:137} INFO - [2022-12-17T04:36:59.474+0000] {dag.py:2676} INFO - Sync 1 DAGs
[2022-12-17T04:36:59.495+0000] {logging_mixin.py:137} INFO - [2022-12-17T04:36:59.495+0000] {dag.py:3427} INFO - Setting next_dagrun for example_short_circuit_operator to 2022-12-16T04:36:59.494907+00:00, run_after=2022-12-17T04:36:59.494907+00:00
[2022-12-17T04:36:59.509+0000] {processor.py:175} INFO - Processing /home/airflow/.local/lib/python3.7/site-packages/airflow/example_dags/example_short_circuit_operator.py took 0.090 seconds
[2022-12-17T04:37:29.691+0000] {processor.py:153} INFO - Started process (PID=3333) to work on /home/airflow/.local/lib/python3.7/site-packages/airflow/example_dags/example_short_circuit_operator.py
[2022-12-17T04:37:29.691+0000] {processor.py:743} INFO - Processing file /home/airflow/.local/lib/python3.7/site-packages/airflow/example_dags/example_short_circuit_operator.py for tasks to queue
[2022-12-17T04:37:29.692+0000] {logging_mixin.py:137} INFO - [2022-12-17T04:37:29.692+0000] {dagbag.py:538} INFO - Filling up the DagBag from /home/airflow/.local/lib/python3.7/site-packages/airflow/example_dags/example_short_circuit_operator.py
[2022-12-17T04:37:29.705+0000] {processor.py:753} INFO - DAG(s) dict_keys(['example_short_circuit_operator']) retrieved from /home/airflow/.local/lib/python3.7/site-packages/airflow/example_dags/example_short_circuit_operator.py
[2022-12-17T04:37:29.732+0000] {logging_mixin.py:137} INFO - [2022-12-17T04:37:29.732+0000] {dag.py:2676} INFO - Sync 1 DAGs
[2022-12-17T04:37:29.752+0000] {logging_mixin.py:137} INFO - [2022-12-17T04:37:29.752+0000] {dag.py:3427} INFO - Setting next_dagrun for example_short_circuit_operator to 2022-12-16T04:37:29.752101+00:00, run_after=2022-12-17T04:37:29.752101+00:00
[2022-12-17T04:37:29.764+0000] {processor.py:175} INFO - Processing /home/airflow/.local/lib/python3.7/site-packages/airflow/example_dags/example_short_circuit_operator.py took 0.077 seconds
[2022-12-17T04:38:00.144+0000] {processor.py:153} INFO - Started process (PID=3412) to work on /home/airflow/.local/lib/python3.7/site-packages/airflow/example_dags/example_short_circuit_operator.py
[2022-12-17T04:38:00.144+0000] {processor.py:743} INFO - Processing file /home/airflow/.local/lib/python3.7/site-packages/airflow/example_dags/example_short_circuit_operator.py for tasks to queue
[2022-12-17T04:38:00.145+0000] {logging_mixin.py:137} INFO - [2022-12-17T04:38:00.144+0000] {dagbag.py:538} INFO - Filling up the DagBag from /home/airflow/.local/lib/python3.7/site-packages/airflow/example_dags/example_short_circuit_operator.py
[2022-12-17T04:38:00.156+0000] {processor.py:753} INFO - DAG(s) dict_keys(['example_short_circuit_operator']) retrieved from /home/airflow/.local/lib/python3.7/site-packages/airflow/example_dags/example_short_circuit_operator.py
[2022-12-17T04:38:00.184+0000] {logging_mixin.py:137} INFO - [2022-12-17T04:38:00.183+0000] {dag.py:2676} INFO - Sync 1 DAGs
[2022-12-17T04:38:00.203+0000] {logging_mixin.py:137} INFO - [2022-12-17T04:38:00.202+0000] {dag.py:3427} INFO - Setting next_dagrun for example_short_circuit_operator to 2022-12-16T04:38:00.202499+00:00, run_after=2022-12-17T04:38:00.202499+00:00
[2022-12-17T04:38:00.218+0000] {processor.py:175} INFO - Processing /home/airflow/.local/lib/python3.7/site-packages/airflow/example_dags/example_short_circuit_operator.py took 0.078 seconds
[2022-12-17T04:38:30.598+0000] {processor.py:153} INFO - Started process (PID=3511) to work on /home/airflow/.local/lib/python3.7/site-packages/airflow/example_dags/example_short_circuit_operator.py
[2022-12-17T04:38:30.599+0000] {processor.py:743} INFO - Processing file /home/airflow/.local/lib/python3.7/site-packages/airflow/example_dags/example_short_circuit_operator.py for tasks to queue
[2022-12-17T04:38:30.599+0000] {logging_mixin.py:137} INFO - [2022-12-17T04:38:30.599+0000] {dagbag.py:538} INFO - Filling up the DagBag from /home/airflow/.local/lib/python3.7/site-packages/airflow/example_dags/example_short_circuit_operator.py
[2022-12-17T04:38:30.613+0000] {processor.py:753} INFO - DAG(s) dict_keys(['example_short_circuit_operator']) retrieved from /home/airflow/.local/lib/python3.7/site-packages/airflow/example_dags/example_short_circuit_operator.py
[2022-12-17T04:38:30.645+0000] {logging_mixin.py:137} INFO - [2022-12-17T04:38:30.645+0000] {dag.py:2676} INFO - Sync 1 DAGs
[2022-12-17T04:38:30.664+0000] {logging_mixin.py:137} INFO - [2022-12-17T04:38:30.664+0000] {dag.py:3427} INFO - Setting next_dagrun for example_short_circuit_operator to 2022-12-16T04:38:30.663992+00:00, run_after=2022-12-17T04:38:30.663992+00:00
[2022-12-17T04:38:30.682+0000] {processor.py:175} INFO - Processing /home/airflow/.local/lib/python3.7/site-packages/airflow/example_dags/example_short_circuit_operator.py took 0.086 seconds
[2022-12-17T04:39:00.913+0000] {processor.py:153} INFO - Started process (PID=3599) to work on /home/airflow/.local/lib/python3.7/site-packages/airflow/example_dags/example_short_circuit_operator.py
[2022-12-17T04:39:00.914+0000] {processor.py:743} INFO - Processing file /home/airflow/.local/lib/python3.7/site-packages/airflow/example_dags/example_short_circuit_operator.py for tasks to queue
[2022-12-17T04:39:00.914+0000] {logging_mixin.py:137} INFO - [2022-12-17T04:39:00.914+0000] {dagbag.py:538} INFO - Filling up the DagBag from /home/airflow/.local/lib/python3.7/site-packages/airflow/example_dags/example_short_circuit_operator.py
[2022-12-17T04:39:00.929+0000] {processor.py:753} INFO - DAG(s) dict_keys(['example_short_circuit_operator']) retrieved from /home/airflow/.local/lib/python3.7/site-packages/airflow/example_dags/example_short_circuit_operator.py
[2022-12-17T04:39:00.967+0000] {logging_mixin.py:137} INFO - [2022-12-17T04:39:00.967+0000] {dag.py:2676} INFO - Sync 1 DAGs
[2022-12-17T04:39:00.996+0000] {logging_mixin.py:137} INFO - [2022-12-17T04:39:00.996+0000] {dag.py:3427} INFO - Setting next_dagrun for example_short_circuit_operator to 2022-12-16T04:39:00.995816+00:00, run_after=2022-12-17T04:39:00.995816+00:00
[2022-12-17T04:39:01.010+0000] {processor.py:175} INFO - Processing /home/airflow/.local/lib/python3.7/site-packages/airflow/example_dags/example_short_circuit_operator.py took 0.099 seconds
[2022-12-17T04:39:31.371+0000] {processor.py:153} INFO - Started process (PID=3689) to work on /home/airflow/.local/lib/python3.7/site-packages/airflow/example_dags/example_short_circuit_operator.py
[2022-12-17T04:39:31.371+0000] {processor.py:743} INFO - Processing file /home/airflow/.local/lib/python3.7/site-packages/airflow/example_dags/example_short_circuit_operator.py for tasks to queue
[2022-12-17T04:39:31.372+0000] {logging_mixin.py:137} INFO - [2022-12-17T04:39:31.372+0000] {dagbag.py:538} INFO - Filling up the DagBag from /home/airflow/.local/lib/python3.7/site-packages/airflow/example_dags/example_short_circuit_operator.py
[2022-12-17T04:39:31.386+0000] {processor.py:753} INFO - DAG(s) dict_keys(['example_short_circuit_operator']) retrieved from /home/airflow/.local/lib/python3.7/site-packages/airflow/example_dags/example_short_circuit_operator.py
[2022-12-17T04:39:31.419+0000] {logging_mixin.py:137} INFO - [2022-12-17T04:39:31.418+0000] {dag.py:2676} INFO - Sync 1 DAGs
[2022-12-17T04:39:31.438+0000] {logging_mixin.py:137} INFO - [2022-12-17T04:39:31.438+0000] {dag.py:3427} INFO - Setting next_dagrun for example_short_circuit_operator to 2022-12-16T04:39:31.438636+00:00, run_after=2022-12-17T04:39:31.438636+00:00
[2022-12-17T04:39:31.451+0000] {processor.py:175} INFO - Processing /home/airflow/.local/lib/python3.7/site-packages/airflow/example_dags/example_short_circuit_operator.py took 0.083 seconds
[2022-12-17T04:40:01.900+0000] {processor.py:153} INFO - Started process (PID=3788) to work on /home/airflow/.local/lib/python3.7/site-packages/airflow/example_dags/example_short_circuit_operator.py
[2022-12-17T04:40:01.901+0000] {processor.py:743} INFO - Processing file /home/airflow/.local/lib/python3.7/site-packages/airflow/example_dags/example_short_circuit_operator.py for tasks to queue
[2022-12-17T04:40:01.901+0000] {logging_mixin.py:137} INFO - [2022-12-17T04:40:01.901+0000] {dagbag.py:538} INFO - Filling up the DagBag from /home/airflow/.local/lib/python3.7/site-packages/airflow/example_dags/example_short_circuit_operator.py
[2022-12-17T04:40:01.916+0000] {processor.py:753} INFO - DAG(s) dict_keys(['example_short_circuit_operator']) retrieved from /home/airflow/.local/lib/python3.7/site-packages/airflow/example_dags/example_short_circuit_operator.py
[2022-12-17T04:40:01.947+0000] {logging_mixin.py:137} INFO - [2022-12-17T04:40:01.947+0000] {dag.py:2676} INFO - Sync 1 DAGs
[2022-12-17T04:40:01.965+0000] {logging_mixin.py:137} INFO - [2022-12-17T04:40:01.965+0000] {dag.py:3427} INFO - Setting next_dagrun for example_short_circuit_operator to 2022-12-16T04:40:01.965641+00:00, run_after=2022-12-17T04:40:01.965641+00:00
[2022-12-17T04:40:01.978+0000] {processor.py:175} INFO - Processing /home/airflow/.local/lib/python3.7/site-packages/airflow/example_dags/example_short_circuit_operator.py took 0.081 seconds
[2022-12-17T04:40:32.237+0000] {processor.py:153} INFO - Started process (PID=3868) to work on /home/airflow/.local/lib/python3.7/site-packages/airflow/example_dags/example_short_circuit_operator.py
[2022-12-17T04:40:32.238+0000] {processor.py:743} INFO - Processing file /home/airflow/.local/lib/python3.7/site-packages/airflow/example_dags/example_short_circuit_operator.py for tasks to queue
[2022-12-17T04:40:32.239+0000] {logging_mixin.py:137} INFO - [2022-12-17T04:40:32.238+0000] {dagbag.py:538} INFO - Filling up the DagBag from /home/airflow/.local/lib/python3.7/site-packages/airflow/example_dags/example_short_circuit_operator.py
[2022-12-17T04:40:32.252+0000] {processor.py:753} INFO - DAG(s) dict_keys(['example_short_circuit_operator']) retrieved from /home/airflow/.local/lib/python3.7/site-packages/airflow/example_dags/example_short_circuit_operator.py
[2022-12-17T04:40:32.281+0000] {logging_mixin.py:137} INFO - [2022-12-17T04:40:32.281+0000] {dag.py:2676} INFO - Sync 1 DAGs
[2022-12-17T04:40:32.305+0000] {logging_mixin.py:137} INFO - [2022-12-17T04:40:32.305+0000] {dag.py:3427} INFO - Setting next_dagrun for example_short_circuit_operator to 2022-12-16T04:40:32.305429+00:00, run_after=2022-12-17T04:40:32.305429+00:00
[2022-12-17T04:40:32.322+0000] {processor.py:175} INFO - Processing /home/airflow/.local/lib/python3.7/site-packages/airflow/example_dags/example_short_circuit_operator.py took 0.087 seconds
[2022-12-17T04:41:02.416+0000] {processor.py:153} INFO - Started process (PID=3967) to work on /home/airflow/.local/lib/python3.7/site-packages/airflow/example_dags/example_short_circuit_operator.py
[2022-12-17T04:41:02.416+0000] {processor.py:743} INFO - Processing file /home/airflow/.local/lib/python3.7/site-packages/airflow/example_dags/example_short_circuit_operator.py for tasks to queue
[2022-12-17T04:41:02.417+0000] {logging_mixin.py:137} INFO - [2022-12-17T04:41:02.417+0000] {dagbag.py:538} INFO - Filling up the DagBag from /home/airflow/.local/lib/python3.7/site-packages/airflow/example_dags/example_short_circuit_operator.py
[2022-12-17T04:41:02.429+0000] {processor.py:753} INFO - DAG(s) dict_keys(['example_short_circuit_operator']) retrieved from /home/airflow/.local/lib/python3.7/site-packages/airflow/example_dags/example_short_circuit_operator.py
[2022-12-17T04:41:02.455+0000] {logging_mixin.py:137} INFO - [2022-12-17T04:41:02.455+0000] {dag.py:2676} INFO - Sync 1 DAGs
[2022-12-17T04:41:02.475+0000] {logging_mixin.py:137} INFO - [2022-12-17T04:41:02.475+0000] {dag.py:3427} INFO - Setting next_dagrun for example_short_circuit_operator to 2022-12-16T04:41:02.475193+00:00, run_after=2022-12-17T04:41:02.475193+00:00
[2022-12-17T04:41:02.493+0000] {processor.py:175} INFO - Processing /home/airflow/.local/lib/python3.7/site-packages/airflow/example_dags/example_short_circuit_operator.py took 0.079 seconds
[2022-12-17T04:41:32.847+0000] {processor.py:153} INFO - Started process (PID=4046) to work on /home/airflow/.local/lib/python3.7/site-packages/airflow/example_dags/example_short_circuit_operator.py
[2022-12-17T04:41:32.847+0000] {processor.py:743} INFO - Processing file /home/airflow/.local/lib/python3.7/site-packages/airflow/example_dags/example_short_circuit_operator.py for tasks to queue
[2022-12-17T04:41:32.848+0000] {logging_mixin.py:137} INFO - [2022-12-17T04:41:32.848+0000] {dagbag.py:538} INFO - Filling up the DagBag from /home/airflow/.local/lib/python3.7/site-packages/airflow/example_dags/example_short_circuit_operator.py
[2022-12-17T04:41:32.860+0000] {processor.py:753} INFO - DAG(s) dict_keys(['example_short_circuit_operator']) retrieved from /home/airflow/.local/lib/python3.7/site-packages/airflow/example_dags/example_short_circuit_operator.py
[2022-12-17T04:41:32.888+0000] {logging_mixin.py:137} INFO - [2022-12-17T04:41:32.888+0000] {dag.py:2676} INFO - Sync 1 DAGs
[2022-12-17T04:41:32.906+0000] {logging_mixin.py:137} INFO - [2022-12-17T04:41:32.906+0000] {dag.py:3427} INFO - Setting next_dagrun for example_short_circuit_operator to 2022-12-16T04:41:32.906457+00:00, run_after=2022-12-17T04:41:32.906457+00:00
[2022-12-17T04:41:32.920+0000] {processor.py:175} INFO - Processing /home/airflow/.local/lib/python3.7/site-packages/airflow/example_dags/example_short_circuit_operator.py took 0.077 seconds
[2022-12-17T04:42:03.094+0000] {processor.py:153} INFO - Started process (PID=4146) to work on /home/airflow/.local/lib/python3.7/site-packages/airflow/example_dags/example_short_circuit_operator.py
[2022-12-17T04:42:03.095+0000] {processor.py:743} INFO - Processing file /home/airflow/.local/lib/python3.7/site-packages/airflow/example_dags/example_short_circuit_operator.py for tasks to queue
[2022-12-17T04:42:03.095+0000] {logging_mixin.py:137} INFO - [2022-12-17T04:42:03.095+0000] {dagbag.py:538} INFO - Filling up the DagBag from /home/airflow/.local/lib/python3.7/site-packages/airflow/example_dags/example_short_circuit_operator.py
[2022-12-17T04:42:03.108+0000] {processor.py:753} INFO - DAG(s) dict_keys(['example_short_circuit_operator']) retrieved from /home/airflow/.local/lib/python3.7/site-packages/airflow/example_dags/example_short_circuit_operator.py
[2022-12-17T04:42:03.145+0000] {logging_mixin.py:137} INFO - [2022-12-17T04:42:03.145+0000] {dag.py:2676} INFO - Sync 1 DAGs
[2022-12-17T04:42:03.165+0000] {logging_mixin.py:137} INFO - [2022-12-17T04:42:03.165+0000] {dag.py:3427} INFO - Setting next_dagrun for example_short_circuit_operator to 2022-12-16T04:42:03.165195+00:00, run_after=2022-12-17T04:42:03.165195+00:00
[2022-12-17T04:42:03.180+0000] {processor.py:175} INFO - Processing /home/airflow/.local/lib/python3.7/site-packages/airflow/example_dags/example_short_circuit_operator.py took 0.090 seconds
[2022-12-17T04:42:33.431+0000] {processor.py:153} INFO - Started process (PID=4225) to work on /home/airflow/.local/lib/python3.7/site-packages/airflow/example_dags/example_short_circuit_operator.py
[2022-12-17T04:42:33.432+0000] {processor.py:743} INFO - Processing file /home/airflow/.local/lib/python3.7/site-packages/airflow/example_dags/example_short_circuit_operator.py for tasks to queue
[2022-12-17T04:42:33.433+0000] {logging_mixin.py:137} INFO - [2022-12-17T04:42:33.433+0000] {dagbag.py:538} INFO - Filling up the DagBag from /home/airflow/.local/lib/python3.7/site-packages/airflow/example_dags/example_short_circuit_operator.py
[2022-12-17T04:42:33.447+0000] {processor.py:753} INFO - DAG(s) dict_keys(['example_short_circuit_operator']) retrieved from /home/airflow/.local/lib/python3.7/site-packages/airflow/example_dags/example_short_circuit_operator.py
[2022-12-17T04:42:33.481+0000] {logging_mixin.py:137} INFO - [2022-12-17T04:42:33.481+0000] {dag.py:2676} INFO - Sync 1 DAGs
[2022-12-17T04:42:33.508+0000] {logging_mixin.py:137} INFO - [2022-12-17T04:42:33.508+0000] {dag.py:3427} INFO - Setting next_dagrun for example_short_circuit_operator to 2022-12-16T04:42:33.508226+00:00, run_after=2022-12-17T04:42:33.508226+00:00
[2022-12-17T04:42:33.527+0000] {processor.py:175} INFO - Processing /home/airflow/.local/lib/python3.7/site-packages/airflow/example_dags/example_short_circuit_operator.py took 0.098 seconds
[2022-12-17T04:43:04.023+0000] {processor.py:153} INFO - Started process (PID=4324) to work on /home/airflow/.local/lib/python3.7/site-packages/airflow/example_dags/example_short_circuit_operator.py
[2022-12-17T04:43:04.024+0000] {processor.py:743} INFO - Processing file /home/airflow/.local/lib/python3.7/site-packages/airflow/example_dags/example_short_circuit_operator.py for tasks to queue
[2022-12-17T04:43:04.025+0000] {logging_mixin.py:137} INFO - [2022-12-17T04:43:04.025+0000] {dagbag.py:538} INFO - Filling up the DagBag from /home/airflow/.local/lib/python3.7/site-packages/airflow/example_dags/example_short_circuit_operator.py
[2022-12-17T04:43:04.037+0000] {processor.py:753} INFO - DAG(s) dict_keys(['example_short_circuit_operator']) retrieved from /home/airflow/.local/lib/python3.7/site-packages/airflow/example_dags/example_short_circuit_operator.py
[2022-12-17T04:43:04.068+0000] {logging_mixin.py:137} INFO - [2022-12-17T04:43:04.068+0000] {dag.py:2676} INFO - Sync 1 DAGs
[2022-12-17T04:43:04.088+0000] {logging_mixin.py:137} INFO - [2022-12-17T04:43:04.088+0000] {dag.py:3427} INFO - Setting next_dagrun for example_short_circuit_operator to 2022-12-16T04:43:04.088202+00:00, run_after=2022-12-17T04:43:04.088202+00:00
[2022-12-17T04:43:04.101+0000] {processor.py:175} INFO - Processing /home/airflow/.local/lib/python3.7/site-packages/airflow/example_dags/example_short_circuit_operator.py took 0.081 seconds
[2022-12-17T04:43:34.306+0000] {processor.py:153} INFO - Started process (PID=4423) to work on /home/airflow/.local/lib/python3.7/site-packages/airflow/example_dags/example_short_circuit_operator.py
[2022-12-17T04:43:34.307+0000] {processor.py:743} INFO - Processing file /home/airflow/.local/lib/python3.7/site-packages/airflow/example_dags/example_short_circuit_operator.py for tasks to queue
[2022-12-17T04:43:34.307+0000] {logging_mixin.py:137} INFO - [2022-12-17T04:43:34.307+0000] {dagbag.py:538} INFO - Filling up the DagBag from /home/airflow/.local/lib/python3.7/site-packages/airflow/example_dags/example_short_circuit_operator.py
[2022-12-17T04:43:34.322+0000] {processor.py:753} INFO - DAG(s) dict_keys(['example_short_circuit_operator']) retrieved from /home/airflow/.local/lib/python3.7/site-packages/airflow/example_dags/example_short_circuit_operator.py
[2022-12-17T04:43:34.357+0000] {logging_mixin.py:137} INFO - [2022-12-17T04:43:34.357+0000] {dag.py:2676} INFO - Sync 1 DAGs
[2022-12-17T04:43:34.382+0000] {logging_mixin.py:137} INFO - [2022-12-17T04:43:34.382+0000] {dag.py:3427} INFO - Setting next_dagrun for example_short_circuit_operator to 2022-12-16T04:43:34.382001+00:00, run_after=2022-12-17T04:43:34.382001+00:00
[2022-12-17T04:43:34.397+0000] {processor.py:175} INFO - Processing /home/airflow/.local/lib/python3.7/site-packages/airflow/example_dags/example_short_circuit_operator.py took 0.093 seconds
[2022-12-17T04:44:04.514+0000] {processor.py:153} INFO - Started process (PID=4503) to work on /home/airflow/.local/lib/python3.7/site-packages/airflow/example_dags/example_short_circuit_operator.py
[2022-12-17T04:44:04.515+0000] {processor.py:743} INFO - Processing file /home/airflow/.local/lib/python3.7/site-packages/airflow/example_dags/example_short_circuit_operator.py for tasks to queue
[2022-12-17T04:44:04.515+0000] {logging_mixin.py:137} INFO - [2022-12-17T04:44:04.515+0000] {dagbag.py:538} INFO - Filling up the DagBag from /home/airflow/.local/lib/python3.7/site-packages/airflow/example_dags/example_short_circuit_operator.py
[2022-12-17T04:44:04.530+0000] {processor.py:753} INFO - DAG(s) dict_keys(['example_short_circuit_operator']) retrieved from /home/airflow/.local/lib/python3.7/site-packages/airflow/example_dags/example_short_circuit_operator.py
[2022-12-17T04:44:04.558+0000] {logging_mixin.py:137} INFO - [2022-12-17T04:44:04.558+0000] {dag.py:2676} INFO - Sync 1 DAGs
[2022-12-17T04:44:04.576+0000] {logging_mixin.py:137} INFO - [2022-12-17T04:44:04.575+0000] {dag.py:3427} INFO - Setting next_dagrun for example_short_circuit_operator to 2022-12-16T04:44:04.575825+00:00, run_after=2022-12-17T04:44:04.575825+00:00
[2022-12-17T04:44:04.587+0000] {processor.py:175} INFO - Processing /home/airflow/.local/lib/python3.7/site-packages/airflow/example_dags/example_short_circuit_operator.py took 0.076 seconds
[2022-12-17T04:44:34.864+0000] {processor.py:153} INFO - Started process (PID=4602) to work on /home/airflow/.local/lib/python3.7/site-packages/airflow/example_dags/example_short_circuit_operator.py
[2022-12-17T04:44:34.864+0000] {processor.py:743} INFO - Processing file /home/airflow/.local/lib/python3.7/site-packages/airflow/example_dags/example_short_circuit_operator.py for tasks to queue
[2022-12-17T04:44:34.865+0000] {logging_mixin.py:137} INFO - [2022-12-17T04:44:34.865+0000] {dagbag.py:538} INFO - Filling up the DagBag from /home/airflow/.local/lib/python3.7/site-packages/airflow/example_dags/example_short_circuit_operator.py
[2022-12-17T04:44:34.877+0000] {processor.py:753} INFO - DAG(s) dict_keys(['example_short_circuit_operator']) retrieved from /home/airflow/.local/lib/python3.7/site-packages/airflow/example_dags/example_short_circuit_operator.py
[2022-12-17T04:44:34.904+0000] {logging_mixin.py:137} INFO - [2022-12-17T04:44:34.904+0000] {dag.py:2676} INFO - Sync 1 DAGs
[2022-12-17T04:44:34.923+0000] {logging_mixin.py:137} INFO - [2022-12-17T04:44:34.923+0000] {dag.py:3427} INFO - Setting next_dagrun for example_short_circuit_operator to 2022-12-16T04:44:34.923702+00:00, run_after=2022-12-17T04:44:34.923702+00:00
[2022-12-17T04:44:34.935+0000] {processor.py:175} INFO - Processing /home/airflow/.local/lib/python3.7/site-packages/airflow/example_dags/example_short_circuit_operator.py took 0.074 seconds
[2022-12-17T04:45:05.092+0000] {processor.py:153} INFO - Started process (PID=4681) to work on /home/airflow/.local/lib/python3.7/site-packages/airflow/example_dags/example_short_circuit_operator.py
[2022-12-17T04:45:05.093+0000] {processor.py:743} INFO - Processing file /home/airflow/.local/lib/python3.7/site-packages/airflow/example_dags/example_short_circuit_operator.py for tasks to queue
[2022-12-17T04:45:05.093+0000] {logging_mixin.py:137} INFO - [2022-12-17T04:45:05.093+0000] {dagbag.py:538} INFO - Filling up the DagBag from /home/airflow/.local/lib/python3.7/site-packages/airflow/example_dags/example_short_circuit_operator.py
[2022-12-17T04:45:05.104+0000] {processor.py:753} INFO - DAG(s) dict_keys(['example_short_circuit_operator']) retrieved from /home/airflow/.local/lib/python3.7/site-packages/airflow/example_dags/example_short_circuit_operator.py
[2022-12-17T04:45:05.139+0000] {logging_mixin.py:137} INFO - [2022-12-17T04:45:05.139+0000] {dag.py:2676} INFO - Sync 1 DAGs
[2022-12-17T04:45:05.158+0000] {logging_mixin.py:137} INFO - [2022-12-17T04:45:05.158+0000] {dag.py:3427} INFO - Setting next_dagrun for example_short_circuit_operator to 2022-12-16T04:45:05.158431+00:00, run_after=2022-12-17T04:45:05.158431+00:00
[2022-12-17T04:45:05.172+0000] {processor.py:175} INFO - Processing /home/airflow/.local/lib/python3.7/site-packages/airflow/example_dags/example_short_circuit_operator.py took 0.083 seconds
