[2022-12-17T04:19:15.437+0000] {processor.py:153} INFO - Started process (PID=60) to work on /home/airflow/.local/lib/python3.7/site-packages/airflow/example_dags/example_short_circuit_decorator.py
[2022-12-17T04:19:15.438+0000] {processor.py:743} INFO - Processing file /home/airflow/.local/lib/python3.7/site-packages/airflow/example_dags/example_short_circuit_decorator.py for tasks to queue
[2022-12-17T04:19:15.438+0000] {logging_mixin.py:137} INFO - [2022-12-17T04:19:15.438+0000] {dagbag.py:538} INFO - Filling up the DagBag from /home/airflow/.local/lib/python3.7/site-packages/airflow/example_dags/example_short_circuit_decorator.py
[2022-12-17T04:19:15.458+0000] {processor.py:753} INFO - DAG(s) dict_keys(['example_short_circuit_decorator']) retrieved from /home/airflow/.local/lib/python3.7/site-packages/airflow/example_dags/example_short_circuit_decorator.py
[2022-12-17T04:19:15.556+0000] {logging_mixin.py:137} INFO - [2022-12-17T04:19:15.556+0000] {manager.py:504} INFO - Created Permission View: can read on DAG:example_short_circuit_decorator
[2022-12-17T04:19:15.563+0000] {logging_mixin.py:137} INFO - [2022-12-17T04:19:15.562+0000] {manager.py:504} INFO - Created Permission View: can delete on DAG:example_short_circuit_decorator
[2022-12-17T04:19:15.567+0000] {logging_mixin.py:137} INFO - [2022-12-17T04:19:15.567+0000] {manager.py:504} INFO - Created Permission View: can edit on DAG:example_short_circuit_decorator
[2022-12-17T04:19:15.567+0000] {logging_mixin.py:137} INFO - [2022-12-17T04:19:15.567+0000] {dag.py:2676} INFO - Sync 1 DAGs
[2022-12-17T04:19:15.579+0000] {logging_mixin.py:137} INFO - [2022-12-17T04:19:15.579+0000] {dag.py:2697} INFO - Creating ORM DAG for example_short_circuit_decorator
[2022-12-17T04:19:15.588+0000] {logging_mixin.py:137} INFO - [2022-12-17T04:19:15.587+0000] {dag.py:3427} INFO - Setting next_dagrun for example_short_circuit_decorator to 2022-12-16T04:19:15.587743+00:00, run_after=2022-12-17T04:19:15.587743+00:00
[2022-12-17T04:19:15.600+0000] {processor.py:175} INFO - Processing /home/airflow/.local/lib/python3.7/site-packages/airflow/example_dags/example_short_circuit_decorator.py took 0.166 seconds
[2022-12-17T04:19:45.719+0000] {processor.py:153} INFO - Started process (PID=159) to work on /home/airflow/.local/lib/python3.7/site-packages/airflow/example_dags/example_short_circuit_decorator.py
[2022-12-17T04:19:45.720+0000] {processor.py:743} INFO - Processing file /home/airflow/.local/lib/python3.7/site-packages/airflow/example_dags/example_short_circuit_decorator.py for tasks to queue
[2022-12-17T04:19:45.721+0000] {logging_mixin.py:137} INFO - [2022-12-17T04:19:45.720+0000] {dagbag.py:538} INFO - Filling up the DagBag from /home/airflow/.local/lib/python3.7/site-packages/airflow/example_dags/example_short_circuit_decorator.py
[2022-12-17T04:19:45.739+0000] {processor.py:753} INFO - DAG(s) dict_keys(['example_short_circuit_decorator']) retrieved from /home/airflow/.local/lib/python3.7/site-packages/airflow/example_dags/example_short_circuit_decorator.py
[2022-12-17T04:19:45.765+0000] {logging_mixin.py:137} INFO - [2022-12-17T04:19:45.765+0000] {dag.py:2676} INFO - Sync 1 DAGs
[2022-12-17T04:19:45.786+0000] {logging_mixin.py:137} INFO - [2022-12-17T04:19:45.786+0000] {dag.py:3427} INFO - Setting next_dagrun for example_short_circuit_decorator to 2022-12-16T04:19:45.786601+00:00, run_after=2022-12-17T04:19:45.786601+00:00
[2022-12-17T04:19:45.798+0000] {processor.py:175} INFO - Processing /home/airflow/.local/lib/python3.7/site-packages/airflow/example_dags/example_short_circuit_decorator.py took 0.082 seconds
[2022-12-17T04:20:15.981+0000] {processor.py:153} INFO - Started process (PID=238) to work on /home/airflow/.local/lib/python3.7/site-packages/airflow/example_dags/example_short_circuit_decorator.py
[2022-12-17T04:20:15.982+0000] {processor.py:743} INFO - Processing file /home/airflow/.local/lib/python3.7/site-packages/airflow/example_dags/example_short_circuit_decorator.py for tasks to queue
[2022-12-17T04:20:15.982+0000] {logging_mixin.py:137} INFO - [2022-12-17T04:20:15.982+0000] {dagbag.py:538} INFO - Filling up the DagBag from /home/airflow/.local/lib/python3.7/site-packages/airflow/example_dags/example_short_circuit_decorator.py
[2022-12-17T04:20:15.999+0000] {processor.py:753} INFO - DAG(s) dict_keys(['example_short_circuit_decorator']) retrieved from /home/airflow/.local/lib/python3.7/site-packages/airflow/example_dags/example_short_circuit_decorator.py
[2022-12-17T04:20:16.027+0000] {logging_mixin.py:137} INFO - [2022-12-17T04:20:16.027+0000] {dag.py:2676} INFO - Sync 1 DAGs
[2022-12-17T04:20:16.046+0000] {logging_mixin.py:137} INFO - [2022-12-17T04:20:16.046+0000] {dag.py:3427} INFO - Setting next_dagrun for example_short_circuit_decorator to 2022-12-16T04:20:16.046111+00:00, run_after=2022-12-17T04:20:16.046111+00:00
[2022-12-17T04:20:16.061+0000] {processor.py:175} INFO - Processing /home/airflow/.local/lib/python3.7/site-packages/airflow/example_dags/example_short_circuit_decorator.py took 0.082 seconds
[2022-12-17T04:20:46.354+0000] {processor.py:153} INFO - Started process (PID=337) to work on /home/airflow/.local/lib/python3.7/site-packages/airflow/example_dags/example_short_circuit_decorator.py
[2022-12-17T04:20:46.355+0000] {processor.py:743} INFO - Processing file /home/airflow/.local/lib/python3.7/site-packages/airflow/example_dags/example_short_circuit_decorator.py for tasks to queue
[2022-12-17T04:20:46.355+0000] {logging_mixin.py:137} INFO - [2022-12-17T04:20:46.355+0000] {dagbag.py:538} INFO - Filling up the DagBag from /home/airflow/.local/lib/python3.7/site-packages/airflow/example_dags/example_short_circuit_decorator.py
[2022-12-17T04:20:46.373+0000] {processor.py:753} INFO - DAG(s) dict_keys(['example_short_circuit_decorator']) retrieved from /home/airflow/.local/lib/python3.7/site-packages/airflow/example_dags/example_short_circuit_decorator.py
[2022-12-17T04:20:46.406+0000] {logging_mixin.py:137} INFO - [2022-12-17T04:20:46.406+0000] {dag.py:2676} INFO - Sync 1 DAGs
[2022-12-17T04:20:46.427+0000] {logging_mixin.py:137} INFO - [2022-12-17T04:20:46.427+0000] {dag.py:3427} INFO - Setting next_dagrun for example_short_circuit_decorator to 2022-12-16T04:20:46.427468+00:00, run_after=2022-12-17T04:20:46.427468+00:00
[2022-12-17T04:20:46.444+0000] {processor.py:175} INFO - Processing /home/airflow/.local/lib/python3.7/site-packages/airflow/example_dags/example_short_circuit_decorator.py took 0.093 seconds
[2022-12-17T04:21:16.984+0000] {processor.py:153} INFO - Started process (PID=426) to work on /home/airflow/.local/lib/python3.7/site-packages/airflow/example_dags/example_short_circuit_decorator.py
[2022-12-17T04:21:16.985+0000] {processor.py:743} INFO - Processing file /home/airflow/.local/lib/python3.7/site-packages/airflow/example_dags/example_short_circuit_decorator.py for tasks to queue
[2022-12-17T04:21:16.985+0000] {logging_mixin.py:137} INFO - [2022-12-17T04:21:16.985+0000] {dagbag.py:538} INFO - Filling up the DagBag from /home/airflow/.local/lib/python3.7/site-packages/airflow/example_dags/example_short_circuit_decorator.py
[2022-12-17T04:21:17.006+0000] {processor.py:753} INFO - DAG(s) dict_keys(['example_short_circuit_decorator']) retrieved from /home/airflow/.local/lib/python3.7/site-packages/airflow/example_dags/example_short_circuit_decorator.py
[2022-12-17T04:21:17.036+0000] {logging_mixin.py:137} INFO - [2022-12-17T04:21:17.036+0000] {dag.py:2676} INFO - Sync 1 DAGs
[2022-12-17T04:21:17.059+0000] {logging_mixin.py:137} INFO - [2022-12-17T04:21:17.059+0000] {dag.py:3427} INFO - Setting next_dagrun for example_short_circuit_decorator to 2022-12-16T04:21:17.059253+00:00, run_after=2022-12-17T04:21:17.059253+00:00
[2022-12-17T04:21:17.073+0000] {processor.py:175} INFO - Processing /home/airflow/.local/lib/python3.7/site-packages/airflow/example_dags/example_short_circuit_decorator.py took 0.092 seconds
[2022-12-17T04:21:47.223+0000] {processor.py:153} INFO - Started process (PID=516) to work on /home/airflow/.local/lib/python3.7/site-packages/airflow/example_dags/example_short_circuit_decorator.py
[2022-12-17T04:21:47.224+0000] {processor.py:743} INFO - Processing file /home/airflow/.local/lib/python3.7/site-packages/airflow/example_dags/example_short_circuit_decorator.py for tasks to queue
[2022-12-17T04:21:47.225+0000] {logging_mixin.py:137} INFO - [2022-12-17T04:21:47.225+0000] {dagbag.py:538} INFO - Filling up the DagBag from /home/airflow/.local/lib/python3.7/site-packages/airflow/example_dags/example_short_circuit_decorator.py
[2022-12-17T04:21:47.244+0000] {processor.py:753} INFO - DAG(s) dict_keys(['example_short_circuit_decorator']) retrieved from /home/airflow/.local/lib/python3.7/site-packages/airflow/example_dags/example_short_circuit_decorator.py
[2022-12-17T04:21:47.275+0000] {logging_mixin.py:137} INFO - [2022-12-17T04:21:47.275+0000] {dag.py:2676} INFO - Sync 1 DAGs
[2022-12-17T04:21:47.295+0000] {logging_mixin.py:137} INFO - [2022-12-17T04:21:47.294+0000] {dag.py:3427} INFO - Setting next_dagrun for example_short_circuit_decorator to 2022-12-16T04:21:47.294817+00:00, run_after=2022-12-17T04:21:47.294817+00:00
[2022-12-17T04:21:47.307+0000] {processor.py:175} INFO - Processing /home/airflow/.local/lib/python3.7/site-packages/airflow/example_dags/example_short_circuit_decorator.py took 0.087 seconds
[2022-12-17T04:22:17.795+0000] {processor.py:153} INFO - Started process (PID=615) to work on /home/airflow/.local/lib/python3.7/site-packages/airflow/example_dags/example_short_circuit_decorator.py
[2022-12-17T04:22:17.795+0000] {processor.py:743} INFO - Processing file /home/airflow/.local/lib/python3.7/site-packages/airflow/example_dags/example_short_circuit_decorator.py for tasks to queue
[2022-12-17T04:22:17.796+0000] {logging_mixin.py:137} INFO - [2022-12-17T04:22:17.796+0000] {dagbag.py:538} INFO - Filling up the DagBag from /home/airflow/.local/lib/python3.7/site-packages/airflow/example_dags/example_short_circuit_decorator.py
[2022-12-17T04:22:17.818+0000] {processor.py:753} INFO - DAG(s) dict_keys(['example_short_circuit_decorator']) retrieved from /home/airflow/.local/lib/python3.7/site-packages/airflow/example_dags/example_short_circuit_decorator.py
[2022-12-17T04:22:17.853+0000] {logging_mixin.py:137} INFO - [2022-12-17T04:22:17.853+0000] {dag.py:2676} INFO - Sync 1 DAGs
[2022-12-17T04:22:17.877+0000] {logging_mixin.py:137} INFO - [2022-12-17T04:22:17.877+0000] {dag.py:3427} INFO - Setting next_dagrun for example_short_circuit_decorator to 2022-12-16T04:22:17.876935+00:00, run_after=2022-12-17T04:22:17.876935+00:00
[2022-12-17T04:22:17.889+0000] {processor.py:175} INFO - Processing /home/airflow/.local/lib/python3.7/site-packages/airflow/example_dags/example_short_circuit_decorator.py took 0.097 seconds
[2022-12-17T04:22:48.046+0000] {processor.py:153} INFO - Started process (PID=694) to work on /home/airflow/.local/lib/python3.7/site-packages/airflow/example_dags/example_short_circuit_decorator.py
[2022-12-17T04:22:48.047+0000] {processor.py:743} INFO - Processing file /home/airflow/.local/lib/python3.7/site-packages/airflow/example_dags/example_short_circuit_decorator.py for tasks to queue
[2022-12-17T04:22:48.047+0000] {logging_mixin.py:137} INFO - [2022-12-17T04:22:48.047+0000] {dagbag.py:538} INFO - Filling up the DagBag from /home/airflow/.local/lib/python3.7/site-packages/airflow/example_dags/example_short_circuit_decorator.py
[2022-12-17T04:22:48.067+0000] {processor.py:753} INFO - DAG(s) dict_keys(['example_short_circuit_decorator']) retrieved from /home/airflow/.local/lib/python3.7/site-packages/airflow/example_dags/example_short_circuit_decorator.py
[2022-12-17T04:22:48.095+0000] {logging_mixin.py:137} INFO - [2022-12-17T04:22:48.095+0000] {dag.py:2676} INFO - Sync 1 DAGs
[2022-12-17T04:22:48.115+0000] {logging_mixin.py:137} INFO - [2022-12-17T04:22:48.115+0000] {dag.py:3427} INFO - Setting next_dagrun for example_short_circuit_decorator to 2022-12-16T04:22:48.114837+00:00, run_after=2022-12-17T04:22:48.114837+00:00
[2022-12-17T04:22:48.128+0000] {processor.py:175} INFO - Processing /home/airflow/.local/lib/python3.7/site-packages/airflow/example_dags/example_short_circuit_decorator.py took 0.085 seconds
[2022-12-17T04:23:18.239+0000] {processor.py:153} INFO - Started process (PID=792) to work on /home/airflow/.local/lib/python3.7/site-packages/airflow/example_dags/example_short_circuit_decorator.py
[2022-12-17T04:23:18.240+0000] {processor.py:743} INFO - Processing file /home/airflow/.local/lib/python3.7/site-packages/airflow/example_dags/example_short_circuit_decorator.py for tasks to queue
[2022-12-17T04:23:18.240+0000] {logging_mixin.py:137} INFO - [2022-12-17T04:23:18.240+0000] {dagbag.py:538} INFO - Filling up the DagBag from /home/airflow/.local/lib/python3.7/site-packages/airflow/example_dags/example_short_circuit_decorator.py
[2022-12-17T04:23:18.259+0000] {processor.py:753} INFO - DAG(s) dict_keys(['example_short_circuit_decorator']) retrieved from /home/airflow/.local/lib/python3.7/site-packages/airflow/example_dags/example_short_circuit_decorator.py
[2022-12-17T04:23:18.289+0000] {logging_mixin.py:137} INFO - [2022-12-17T04:23:18.289+0000] {dag.py:2676} INFO - Sync 1 DAGs
[2022-12-17T04:23:18.307+0000] {logging_mixin.py:137} INFO - [2022-12-17T04:23:18.307+0000] {dag.py:3427} INFO - Setting next_dagrun for example_short_circuit_decorator to 2022-12-16T04:23:18.307414+00:00, run_after=2022-12-17T04:23:18.307414+00:00
[2022-12-17T04:23:18.319+0000] {processor.py:175} INFO - Processing /home/airflow/.local/lib/python3.7/site-packages/airflow/example_dags/example_short_circuit_decorator.py took 0.082 seconds
[2022-12-17T04:23:48.538+0000] {processor.py:153} INFO - Started process (PID=871) to work on /home/airflow/.local/lib/python3.7/site-packages/airflow/example_dags/example_short_circuit_decorator.py
[2022-12-17T04:23:48.539+0000] {processor.py:743} INFO - Processing file /home/airflow/.local/lib/python3.7/site-packages/airflow/example_dags/example_short_circuit_decorator.py for tasks to queue
[2022-12-17T04:23:48.540+0000] {logging_mixin.py:137} INFO - [2022-12-17T04:23:48.539+0000] {dagbag.py:538} INFO - Filling up the DagBag from /home/airflow/.local/lib/python3.7/site-packages/airflow/example_dags/example_short_circuit_decorator.py
[2022-12-17T04:23:48.557+0000] {processor.py:753} INFO - DAG(s) dict_keys(['example_short_circuit_decorator']) retrieved from /home/airflow/.local/lib/python3.7/site-packages/airflow/example_dags/example_short_circuit_decorator.py
[2022-12-17T04:23:48.585+0000] {logging_mixin.py:137} INFO - [2022-12-17T04:23:48.585+0000] {dag.py:2676} INFO - Sync 1 DAGs
[2022-12-17T04:23:48.604+0000] {logging_mixin.py:137} INFO - [2022-12-17T04:23:48.604+0000] {dag.py:3427} INFO - Setting next_dagrun for example_short_circuit_decorator to 2022-12-16T04:23:48.603853+00:00, run_after=2022-12-17T04:23:48.603853+00:00
[2022-12-17T04:23:48.618+0000] {processor.py:175} INFO - Processing /home/airflow/.local/lib/python3.7/site-packages/airflow/example_dags/example_short_circuit_decorator.py took 0.082 seconds
[2022-12-17T04:24:18.923+0000] {processor.py:153} INFO - Started process (PID=971) to work on /home/airflow/.local/lib/python3.7/site-packages/airflow/example_dags/example_short_circuit_decorator.py
[2022-12-17T04:24:18.923+0000] {processor.py:743} INFO - Processing file /home/airflow/.local/lib/python3.7/site-packages/airflow/example_dags/example_short_circuit_decorator.py for tasks to queue
[2022-12-17T04:24:18.924+0000] {logging_mixin.py:137} INFO - [2022-12-17T04:24:18.924+0000] {dagbag.py:538} INFO - Filling up the DagBag from /home/airflow/.local/lib/python3.7/site-packages/airflow/example_dags/example_short_circuit_decorator.py
[2022-12-17T04:24:18.940+0000] {processor.py:753} INFO - DAG(s) dict_keys(['example_short_circuit_decorator']) retrieved from /home/airflow/.local/lib/python3.7/site-packages/airflow/example_dags/example_short_circuit_decorator.py
[2022-12-17T04:24:18.969+0000] {logging_mixin.py:137} INFO - [2022-12-17T04:24:18.969+0000] {dag.py:2676} INFO - Sync 1 DAGs
[2022-12-17T04:24:18.987+0000] {logging_mixin.py:137} INFO - [2022-12-17T04:24:18.987+0000] {dag.py:3427} INFO - Setting next_dagrun for example_short_circuit_decorator to 2022-12-16T04:24:18.987081+00:00, run_after=2022-12-17T04:24:18.987081+00:00
[2022-12-17T04:24:18.999+0000] {processor.py:175} INFO - Processing /home/airflow/.local/lib/python3.7/site-packages/airflow/example_dags/example_short_circuit_decorator.py took 0.078 seconds
[2022-12-17T04:24:49.264+0000] {processor.py:153} INFO - Started process (PID=1050) to work on /home/airflow/.local/lib/python3.7/site-packages/airflow/example_dags/example_short_circuit_decorator.py
[2022-12-17T04:24:49.265+0000] {processor.py:743} INFO - Processing file /home/airflow/.local/lib/python3.7/site-packages/airflow/example_dags/example_short_circuit_decorator.py for tasks to queue
[2022-12-17T04:24:49.265+0000] {logging_mixin.py:137} INFO - [2022-12-17T04:24:49.265+0000] {dagbag.py:538} INFO - Filling up the DagBag from /home/airflow/.local/lib/python3.7/site-packages/airflow/example_dags/example_short_circuit_decorator.py
[2022-12-17T04:24:49.283+0000] {processor.py:753} INFO - DAG(s) dict_keys(['example_short_circuit_decorator']) retrieved from /home/airflow/.local/lib/python3.7/site-packages/airflow/example_dags/example_short_circuit_decorator.py
[2022-12-17T04:24:49.312+0000] {logging_mixin.py:137} INFO - [2022-12-17T04:24:49.312+0000] {dag.py:2676} INFO - Sync 1 DAGs
[2022-12-17T04:24:49.331+0000] {logging_mixin.py:137} INFO - [2022-12-17T04:24:49.331+0000] {dag.py:3427} INFO - Setting next_dagrun for example_short_circuit_decorator to 2022-12-16T04:24:49.330936+00:00, run_after=2022-12-17T04:24:49.330936+00:00
[2022-12-17T04:24:49.349+0000] {processor.py:175} INFO - Processing /home/airflow/.local/lib/python3.7/site-packages/airflow/example_dags/example_short_circuit_decorator.py took 0.088 seconds
[2022-12-17T04:25:19.413+0000] {processor.py:153} INFO - Started process (PID=1149) to work on /home/airflow/.local/lib/python3.7/site-packages/airflow/example_dags/example_short_circuit_decorator.py
[2022-12-17T04:25:19.414+0000] {processor.py:743} INFO - Processing file /home/airflow/.local/lib/python3.7/site-packages/airflow/example_dags/example_short_circuit_decorator.py for tasks to queue
[2022-12-17T04:25:19.415+0000] {logging_mixin.py:137} INFO - [2022-12-17T04:25:19.415+0000] {dagbag.py:538} INFO - Filling up the DagBag from /home/airflow/.local/lib/python3.7/site-packages/airflow/example_dags/example_short_circuit_decorator.py
[2022-12-17T04:25:19.431+0000] {processor.py:753} INFO - DAG(s) dict_keys(['example_short_circuit_decorator']) retrieved from /home/airflow/.local/lib/python3.7/site-packages/airflow/example_dags/example_short_circuit_decorator.py
[2022-12-17T04:25:19.458+0000] {logging_mixin.py:137} INFO - [2022-12-17T04:25:19.457+0000] {dag.py:2676} INFO - Sync 1 DAGs
[2022-12-17T04:25:19.476+0000] {logging_mixin.py:137} INFO - [2022-12-17T04:25:19.476+0000] {dag.py:3427} INFO - Setting next_dagrun for example_short_circuit_decorator to 2022-12-16T04:25:19.476143+00:00, run_after=2022-12-17T04:25:19.476143+00:00
[2022-12-17T04:25:19.487+0000] {processor.py:175} INFO - Processing /home/airflow/.local/lib/python3.7/site-packages/airflow/example_dags/example_short_circuit_decorator.py took 0.077 seconds
[2022-12-17T04:25:49.993+0000] {processor.py:153} INFO - Started process (PID=1248) to work on /home/airflow/.local/lib/python3.7/site-packages/airflow/example_dags/example_short_circuit_decorator.py
[2022-12-17T04:25:49.994+0000] {processor.py:743} INFO - Processing file /home/airflow/.local/lib/python3.7/site-packages/airflow/example_dags/example_short_circuit_decorator.py for tasks to queue
[2022-12-17T04:25:49.994+0000] {logging_mixin.py:137} INFO - [2022-12-17T04:25:49.994+0000] {dagbag.py:538} INFO - Filling up the DagBag from /home/airflow/.local/lib/python3.7/site-packages/airflow/example_dags/example_short_circuit_decorator.py
[2022-12-17T04:25:50.012+0000] {processor.py:753} INFO - DAG(s) dict_keys(['example_short_circuit_decorator']) retrieved from /home/airflow/.local/lib/python3.7/site-packages/airflow/example_dags/example_short_circuit_decorator.py
[2022-12-17T04:25:50.042+0000] {logging_mixin.py:137} INFO - [2022-12-17T04:25:50.042+0000] {dag.py:2676} INFO - Sync 1 DAGs
[2022-12-17T04:25:50.063+0000] {logging_mixin.py:137} INFO - [2022-12-17T04:25:50.063+0000] {dag.py:3427} INFO - Setting next_dagrun for example_short_circuit_decorator to 2022-12-16T04:25:50.063599+00:00, run_after=2022-12-17T04:25:50.063599+00:00
[2022-12-17T04:25:50.086+0000] {processor.py:175} INFO - Processing /home/airflow/.local/lib/python3.7/site-packages/airflow/example_dags/example_short_circuit_decorator.py took 0.097 seconds
[2022-12-17T04:26:20.518+0000] {processor.py:153} INFO - Started process (PID=1327) to work on /home/airflow/.local/lib/python3.7/site-packages/airflow/example_dags/example_short_circuit_decorator.py
[2022-12-17T04:26:20.518+0000] {processor.py:743} INFO - Processing file /home/airflow/.local/lib/python3.7/site-packages/airflow/example_dags/example_short_circuit_decorator.py for tasks to queue
[2022-12-17T04:26:20.519+0000] {logging_mixin.py:137} INFO - [2022-12-17T04:26:20.518+0000] {dagbag.py:538} INFO - Filling up the DagBag from /home/airflow/.local/lib/python3.7/site-packages/airflow/example_dags/example_short_circuit_decorator.py
[2022-12-17T04:26:20.541+0000] {processor.py:753} INFO - DAG(s) dict_keys(['example_short_circuit_decorator']) retrieved from /home/airflow/.local/lib/python3.7/site-packages/airflow/example_dags/example_short_circuit_decorator.py
[2022-12-17T04:26:20.575+0000] {logging_mixin.py:137} INFO - [2022-12-17T04:26:20.575+0000] {dag.py:2676} INFO - Sync 1 DAGs
[2022-12-17T04:26:20.596+0000] {logging_mixin.py:137} INFO - [2022-12-17T04:26:20.596+0000] {dag.py:3427} INFO - Setting next_dagrun for example_short_circuit_decorator to 2022-12-16T04:26:20.596540+00:00, run_after=2022-12-17T04:26:20.596540+00:00
[2022-12-17T04:26:20.615+0000] {processor.py:175} INFO - Processing /home/airflow/.local/lib/python3.7/site-packages/airflow/example_dags/example_short_circuit_decorator.py took 0.100 seconds
[2022-12-17T04:26:50.810+0000] {processor.py:153} INFO - Started process (PID=1426) to work on /home/airflow/.local/lib/python3.7/site-packages/airflow/example_dags/example_short_circuit_decorator.py
[2022-12-17T04:26:50.811+0000] {processor.py:743} INFO - Processing file /home/airflow/.local/lib/python3.7/site-packages/airflow/example_dags/example_short_circuit_decorator.py for tasks to queue
[2022-12-17T04:26:50.811+0000] {logging_mixin.py:137} INFO - [2022-12-17T04:26:50.811+0000] {dagbag.py:538} INFO - Filling up the DagBag from /home/airflow/.local/lib/python3.7/site-packages/airflow/example_dags/example_short_circuit_decorator.py
[2022-12-17T04:26:50.828+0000] {processor.py:753} INFO - DAG(s) dict_keys(['example_short_circuit_decorator']) retrieved from /home/airflow/.local/lib/python3.7/site-packages/airflow/example_dags/example_short_circuit_decorator.py
[2022-12-17T04:26:50.855+0000] {logging_mixin.py:137} INFO - [2022-12-17T04:26:50.855+0000] {dag.py:2676} INFO - Sync 1 DAGs
[2022-12-17T04:26:50.874+0000] {logging_mixin.py:137} INFO - [2022-12-17T04:26:50.874+0000] {dag.py:3427} INFO - Setting next_dagrun for example_short_circuit_decorator to 2022-12-16T04:26:50.874482+00:00, run_after=2022-12-17T04:26:50.874482+00:00
[2022-12-17T04:26:50.889+0000] {processor.py:175} INFO - Processing /home/airflow/.local/lib/python3.7/site-packages/airflow/example_dags/example_short_circuit_decorator.py took 0.082 seconds
[2022-12-17T04:27:20.949+0000] {processor.py:153} INFO - Started process (PID=1505) to work on /home/airflow/.local/lib/python3.7/site-packages/airflow/example_dags/example_short_circuit_decorator.py
[2022-12-17T04:27:20.950+0000] {processor.py:743} INFO - Processing file /home/airflow/.local/lib/python3.7/site-packages/airflow/example_dags/example_short_circuit_decorator.py for tasks to queue
[2022-12-17T04:27:20.950+0000] {logging_mixin.py:137} INFO - [2022-12-17T04:27:20.950+0000] {dagbag.py:538} INFO - Filling up the DagBag from /home/airflow/.local/lib/python3.7/site-packages/airflow/example_dags/example_short_circuit_decorator.py
[2022-12-17T04:27:20.967+0000] {processor.py:753} INFO - DAG(s) dict_keys(['example_short_circuit_decorator']) retrieved from /home/airflow/.local/lib/python3.7/site-packages/airflow/example_dags/example_short_circuit_decorator.py
[2022-12-17T04:27:20.996+0000] {logging_mixin.py:137} INFO - [2022-12-17T04:27:20.996+0000] {dag.py:2676} INFO - Sync 1 DAGs
[2022-12-17T04:27:21.016+0000] {logging_mixin.py:137} INFO - [2022-12-17T04:27:21.016+0000] {dag.py:3427} INFO - Setting next_dagrun for example_short_circuit_decorator to 2022-12-16T04:27:21.016696+00:00, run_after=2022-12-17T04:27:21.016696+00:00
[2022-12-17T04:27:21.029+0000] {processor.py:175} INFO - Processing /home/airflow/.local/lib/python3.7/site-packages/airflow/example_dags/example_short_circuit_decorator.py took 0.083 seconds
[2022-12-17T04:27:51.393+0000] {processor.py:153} INFO - Started process (PID=1605) to work on /home/airflow/.local/lib/python3.7/site-packages/airflow/example_dags/example_short_circuit_decorator.py
[2022-12-17T04:27:51.393+0000] {processor.py:743} INFO - Processing file /home/airflow/.local/lib/python3.7/site-packages/airflow/example_dags/example_short_circuit_decorator.py for tasks to queue
[2022-12-17T04:27:51.394+0000] {logging_mixin.py:137} INFO - [2022-12-17T04:27:51.394+0000] {dagbag.py:538} INFO - Filling up the DagBag from /home/airflow/.local/lib/python3.7/site-packages/airflow/example_dags/example_short_circuit_decorator.py
[2022-12-17T04:27:51.412+0000] {processor.py:753} INFO - DAG(s) dict_keys(['example_short_circuit_decorator']) retrieved from /home/airflow/.local/lib/python3.7/site-packages/airflow/example_dags/example_short_circuit_decorator.py
[2022-12-17T04:27:51.446+0000] {logging_mixin.py:137} INFO - [2022-12-17T04:27:51.446+0000] {dag.py:2676} INFO - Sync 1 DAGs
[2022-12-17T04:27:51.465+0000] {logging_mixin.py:137} INFO - [2022-12-17T04:27:51.465+0000] {dag.py:3427} INFO - Setting next_dagrun for example_short_circuit_decorator to 2022-12-16T04:27:51.465592+00:00, run_after=2022-12-17T04:27:51.465592+00:00
[2022-12-17T04:27:51.477+0000] {processor.py:175} INFO - Processing /home/airflow/.local/lib/python3.7/site-packages/airflow/example_dags/example_short_circuit_decorator.py took 0.087 seconds
[2022-12-17T04:28:21.750+0000] {processor.py:153} INFO - Started process (PID=1684) to work on /home/airflow/.local/lib/python3.7/site-packages/airflow/example_dags/example_short_circuit_decorator.py
[2022-12-17T04:28:21.751+0000] {processor.py:743} INFO - Processing file /home/airflow/.local/lib/python3.7/site-packages/airflow/example_dags/example_short_circuit_decorator.py for tasks to queue
[2022-12-17T04:28:21.752+0000] {logging_mixin.py:137} INFO - [2022-12-17T04:28:21.752+0000] {dagbag.py:538} INFO - Filling up the DagBag from /home/airflow/.local/lib/python3.7/site-packages/airflow/example_dags/example_short_circuit_decorator.py
[2022-12-17T04:28:21.770+0000] {processor.py:753} INFO - DAG(s) dict_keys(['example_short_circuit_decorator']) retrieved from /home/airflow/.local/lib/python3.7/site-packages/airflow/example_dags/example_short_circuit_decorator.py
[2022-12-17T04:28:21.803+0000] {logging_mixin.py:137} INFO - [2022-12-17T04:28:21.803+0000] {dag.py:2676} INFO - Sync 1 DAGs
[2022-12-17T04:28:21.823+0000] {logging_mixin.py:137} INFO - [2022-12-17T04:28:21.822+0000] {dag.py:3427} INFO - Setting next_dagrun for example_short_circuit_decorator to 2022-12-16T04:28:21.822705+00:00, run_after=2022-12-17T04:28:21.822705+00:00
[2022-12-17T04:28:21.840+0000] {processor.py:175} INFO - Processing /home/airflow/.local/lib/python3.7/site-packages/airflow/example_dags/example_short_circuit_decorator.py took 0.092 seconds
[2022-12-17T04:28:51.921+0000] {processor.py:153} INFO - Started process (PID=1784) to work on /home/airflow/.local/lib/python3.7/site-packages/airflow/example_dags/example_short_circuit_decorator.py
[2022-12-17T04:28:51.921+0000] {processor.py:743} INFO - Processing file /home/airflow/.local/lib/python3.7/site-packages/airflow/example_dags/example_short_circuit_decorator.py for tasks to queue
[2022-12-17T04:28:51.922+0000] {logging_mixin.py:137} INFO - [2022-12-17T04:28:51.921+0000] {dagbag.py:538} INFO - Filling up the DagBag from /home/airflow/.local/lib/python3.7/site-packages/airflow/example_dags/example_short_circuit_decorator.py
[2022-12-17T04:28:51.940+0000] {processor.py:753} INFO - DAG(s) dict_keys(['example_short_circuit_decorator']) retrieved from /home/airflow/.local/lib/python3.7/site-packages/airflow/example_dags/example_short_circuit_decorator.py
[2022-12-17T04:28:51.966+0000] {logging_mixin.py:137} INFO - [2022-12-17T04:28:51.966+0000] {dag.py:2676} INFO - Sync 1 DAGs
[2022-12-17T04:28:51.984+0000] {logging_mixin.py:137} INFO - [2022-12-17T04:28:51.984+0000] {dag.py:3427} INFO - Setting next_dagrun for example_short_circuit_decorator to 2022-12-16T04:28:51.984519+00:00, run_after=2022-12-17T04:28:51.984519+00:00
[2022-12-17T04:28:51.999+0000] {processor.py:175} INFO - Processing /home/airflow/.local/lib/python3.7/site-packages/airflow/example_dags/example_short_circuit_decorator.py took 0.080 seconds
[2022-12-17T04:29:22.557+0000] {processor.py:153} INFO - Started process (PID=1883) to work on /home/airflow/.local/lib/python3.7/site-packages/airflow/example_dags/example_short_circuit_decorator.py
[2022-12-17T04:29:22.557+0000] {processor.py:743} INFO - Processing file /home/airflow/.local/lib/python3.7/site-packages/airflow/example_dags/example_short_circuit_decorator.py for tasks to queue
[2022-12-17T04:29:22.558+0000] {logging_mixin.py:137} INFO - [2022-12-17T04:29:22.558+0000] {dagbag.py:538} INFO - Filling up the DagBag from /home/airflow/.local/lib/python3.7/site-packages/airflow/example_dags/example_short_circuit_decorator.py
[2022-12-17T04:29:22.575+0000] {processor.py:753} INFO - DAG(s) dict_keys(['example_short_circuit_decorator']) retrieved from /home/airflow/.local/lib/python3.7/site-packages/airflow/example_dags/example_short_circuit_decorator.py
[2022-12-17T04:29:22.606+0000] {logging_mixin.py:137} INFO - [2022-12-17T04:29:22.606+0000] {dag.py:2676} INFO - Sync 1 DAGs
[2022-12-17T04:29:22.628+0000] {logging_mixin.py:137} INFO - [2022-12-17T04:29:22.628+0000] {dag.py:3427} INFO - Setting next_dagrun for example_short_circuit_decorator to 2022-12-16T04:29:22.628490+00:00, run_after=2022-12-17T04:29:22.628490+00:00
[2022-12-17T04:29:22.645+0000] {processor.py:175} INFO - Processing /home/airflow/.local/lib/python3.7/site-packages/airflow/example_dags/example_short_circuit_decorator.py took 0.091 seconds
[2022-12-17T04:29:52.712+0000] {processor.py:153} INFO - Started process (PID=1962) to work on /home/airflow/.local/lib/python3.7/site-packages/airflow/example_dags/example_short_circuit_decorator.py
[2022-12-17T04:29:52.712+0000] {processor.py:743} INFO - Processing file /home/airflow/.local/lib/python3.7/site-packages/airflow/example_dags/example_short_circuit_decorator.py for tasks to queue
[2022-12-17T04:29:52.713+0000] {logging_mixin.py:137} INFO - [2022-12-17T04:29:52.713+0000] {dagbag.py:538} INFO - Filling up the DagBag from /home/airflow/.local/lib/python3.7/site-packages/airflow/example_dags/example_short_circuit_decorator.py
[2022-12-17T04:29:52.732+0000] {processor.py:753} INFO - DAG(s) dict_keys(['example_short_circuit_decorator']) retrieved from /home/airflow/.local/lib/python3.7/site-packages/airflow/example_dags/example_short_circuit_decorator.py
[2022-12-17T04:29:52.761+0000] {logging_mixin.py:137} INFO - [2022-12-17T04:29:52.761+0000] {dag.py:2676} INFO - Sync 1 DAGs
[2022-12-17T04:29:52.780+0000] {logging_mixin.py:137} INFO - [2022-12-17T04:29:52.780+0000] {dag.py:3427} INFO - Setting next_dagrun for example_short_circuit_decorator to 2022-12-16T04:29:52.780004+00:00, run_after=2022-12-17T04:29:52.780004+00:00
[2022-12-17T04:29:52.793+0000] {processor.py:175} INFO - Processing /home/airflow/.local/lib/python3.7/site-packages/airflow/example_dags/example_short_circuit_decorator.py took 0.083 seconds
[2022-12-17T04:30:23.123+0000] {processor.py:153} INFO - Started process (PID=2061) to work on /home/airflow/.local/lib/python3.7/site-packages/airflow/example_dags/example_short_circuit_decorator.py
[2022-12-17T04:30:23.124+0000] {processor.py:743} INFO - Processing file /home/airflow/.local/lib/python3.7/site-packages/airflow/example_dags/example_short_circuit_decorator.py for tasks to queue
[2022-12-17T04:30:23.124+0000] {logging_mixin.py:137} INFO - [2022-12-17T04:30:23.124+0000] {dagbag.py:538} INFO - Filling up the DagBag from /home/airflow/.local/lib/python3.7/site-packages/airflow/example_dags/example_short_circuit_decorator.py
[2022-12-17T04:30:23.143+0000] {processor.py:753} INFO - DAG(s) dict_keys(['example_short_circuit_decorator']) retrieved from /home/airflow/.local/lib/python3.7/site-packages/airflow/example_dags/example_short_circuit_decorator.py
[2022-12-17T04:30:23.175+0000] {logging_mixin.py:137} INFO - [2022-12-17T04:30:23.175+0000] {dag.py:2676} INFO - Sync 1 DAGs
[2022-12-17T04:30:23.197+0000] {logging_mixin.py:137} INFO - [2022-12-17T04:30:23.196+0000] {dag.py:3427} INFO - Setting next_dagrun for example_short_circuit_decorator to 2022-12-16T04:30:23.196784+00:00, run_after=2022-12-17T04:30:23.196784+00:00
[2022-12-17T04:30:23.209+0000] {processor.py:175} INFO - Processing /home/airflow/.local/lib/python3.7/site-packages/airflow/example_dags/example_short_circuit_decorator.py took 0.089 seconds
[2022-12-17T04:30:53.393+0000] {processor.py:153} INFO - Started process (PID=2140) to work on /home/airflow/.local/lib/python3.7/site-packages/airflow/example_dags/example_short_circuit_decorator.py
[2022-12-17T04:30:53.393+0000] {processor.py:743} INFO - Processing file /home/airflow/.local/lib/python3.7/site-packages/airflow/example_dags/example_short_circuit_decorator.py for tasks to queue
[2022-12-17T04:30:53.394+0000] {logging_mixin.py:137} INFO - [2022-12-17T04:30:53.394+0000] {dagbag.py:538} INFO - Filling up the DagBag from /home/airflow/.local/lib/python3.7/site-packages/airflow/example_dags/example_short_circuit_decorator.py
[2022-12-17T04:30:53.414+0000] {processor.py:753} INFO - DAG(s) dict_keys(['example_short_circuit_decorator']) retrieved from /home/airflow/.local/lib/python3.7/site-packages/airflow/example_dags/example_short_circuit_decorator.py
[2022-12-17T04:30:53.443+0000] {logging_mixin.py:137} INFO - [2022-12-17T04:30:53.443+0000] {dag.py:2676} INFO - Sync 1 DAGs
[2022-12-17T04:30:53.461+0000] {logging_mixin.py:137} INFO - [2022-12-17T04:30:53.461+0000] {dag.py:3427} INFO - Setting next_dagrun for example_short_circuit_decorator to 2022-12-16T04:30:53.461206+00:00, run_after=2022-12-17T04:30:53.461206+00:00
[2022-12-17T04:30:53.472+0000] {processor.py:175} INFO - Processing /home/airflow/.local/lib/python3.7/site-packages/airflow/example_dags/example_short_circuit_decorator.py took 0.082 seconds
[2022-12-17T04:31:23.662+0000] {processor.py:153} INFO - Started process (PID=2239) to work on /home/airflow/.local/lib/python3.7/site-packages/airflow/example_dags/example_short_circuit_decorator.py
[2022-12-17T04:31:23.663+0000] {processor.py:743} INFO - Processing file /home/airflow/.local/lib/python3.7/site-packages/airflow/example_dags/example_short_circuit_decorator.py for tasks to queue
[2022-12-17T04:31:23.664+0000] {logging_mixin.py:137} INFO - [2022-12-17T04:31:23.663+0000] {dagbag.py:538} INFO - Filling up the DagBag from /home/airflow/.local/lib/python3.7/site-packages/airflow/example_dags/example_short_circuit_decorator.py
[2022-12-17T04:31:23.682+0000] {processor.py:753} INFO - DAG(s) dict_keys(['example_short_circuit_decorator']) retrieved from /home/airflow/.local/lib/python3.7/site-packages/airflow/example_dags/example_short_circuit_decorator.py
[2022-12-17T04:31:23.715+0000] {logging_mixin.py:137} INFO - [2022-12-17T04:31:23.715+0000] {dag.py:2676} INFO - Sync 1 DAGs
[2022-12-17T04:31:23.734+0000] {logging_mixin.py:137} INFO - [2022-12-17T04:31:23.734+0000] {dag.py:3427} INFO - Setting next_dagrun for example_short_circuit_decorator to 2022-12-16T04:31:23.734474+00:00, run_after=2022-12-17T04:31:23.734474+00:00
[2022-12-17T04:31:23.746+0000] {processor.py:175} INFO - Processing /home/airflow/.local/lib/python3.7/site-packages/airflow/example_dags/example_short_circuit_decorator.py took 0.086 seconds
[2022-12-17T04:31:54.169+0000] {processor.py:153} INFO - Started process (PID=2318) to work on /home/airflow/.local/lib/python3.7/site-packages/airflow/example_dags/example_short_circuit_decorator.py
[2022-12-17T04:31:54.170+0000] {processor.py:743} INFO - Processing file /home/airflow/.local/lib/python3.7/site-packages/airflow/example_dags/example_short_circuit_decorator.py for tasks to queue
[2022-12-17T04:31:54.170+0000] {logging_mixin.py:137} INFO - [2022-12-17T04:31:54.170+0000] {dagbag.py:538} INFO - Filling up the DagBag from /home/airflow/.local/lib/python3.7/site-packages/airflow/example_dags/example_short_circuit_decorator.py
[2022-12-17T04:31:54.188+0000] {processor.py:753} INFO - DAG(s) dict_keys(['example_short_circuit_decorator']) retrieved from /home/airflow/.local/lib/python3.7/site-packages/airflow/example_dags/example_short_circuit_decorator.py
[2022-12-17T04:31:54.215+0000] {logging_mixin.py:137} INFO - [2022-12-17T04:31:54.215+0000] {dag.py:2676} INFO - Sync 1 DAGs
[2022-12-17T04:31:54.232+0000] {logging_mixin.py:137} INFO - [2022-12-17T04:31:54.232+0000] {dag.py:3427} INFO - Setting next_dagrun for example_short_circuit_decorator to 2022-12-16T04:31:54.232597+00:00, run_after=2022-12-17T04:31:54.232597+00:00
[2022-12-17T04:31:54.245+0000] {processor.py:175} INFO - Processing /home/airflow/.local/lib/python3.7/site-packages/airflow/example_dags/example_short_circuit_decorator.py took 0.078 seconds
[2022-12-17T04:32:24.433+0000] {processor.py:153} INFO - Started process (PID=2418) to work on /home/airflow/.local/lib/python3.7/site-packages/airflow/example_dags/example_short_circuit_decorator.py
[2022-12-17T04:32:24.434+0000] {processor.py:743} INFO - Processing file /home/airflow/.local/lib/python3.7/site-packages/airflow/example_dags/example_short_circuit_decorator.py for tasks to queue
[2022-12-17T04:32:24.434+0000] {logging_mixin.py:137} INFO - [2022-12-17T04:32:24.434+0000] {dagbag.py:538} INFO - Filling up the DagBag from /home/airflow/.local/lib/python3.7/site-packages/airflow/example_dags/example_short_circuit_decorator.py
[2022-12-17T04:32:24.451+0000] {processor.py:753} INFO - DAG(s) dict_keys(['example_short_circuit_decorator']) retrieved from /home/airflow/.local/lib/python3.7/site-packages/airflow/example_dags/example_short_circuit_decorator.py
[2022-12-17T04:32:24.478+0000] {logging_mixin.py:137} INFO - [2022-12-17T04:32:24.478+0000] {dag.py:2676} INFO - Sync 1 DAGs
[2022-12-17T04:32:24.496+0000] {logging_mixin.py:137} INFO - [2022-12-17T04:32:24.496+0000] {dag.py:3427} INFO - Setting next_dagrun for example_short_circuit_decorator to 2022-12-16T04:32:24.496054+00:00, run_after=2022-12-17T04:32:24.496054+00:00
[2022-12-17T04:32:24.510+0000] {processor.py:175} INFO - Processing /home/airflow/.local/lib/python3.7/site-packages/airflow/example_dags/example_short_circuit_decorator.py took 0.080 seconds
[2022-12-17T04:32:54.748+0000] {processor.py:153} INFO - Started process (PID=2517) to work on /home/airflow/.local/lib/python3.7/site-packages/airflow/example_dags/example_short_circuit_decorator.py
[2022-12-17T04:32:54.749+0000] {processor.py:743} INFO - Processing file /home/airflow/.local/lib/python3.7/site-packages/airflow/example_dags/example_short_circuit_decorator.py for tasks to queue
[2022-12-17T04:32:54.749+0000] {logging_mixin.py:137} INFO - [2022-12-17T04:32:54.749+0000] {dagbag.py:538} INFO - Filling up the DagBag from /home/airflow/.local/lib/python3.7/site-packages/airflow/example_dags/example_short_circuit_decorator.py
[2022-12-17T04:32:54.766+0000] {processor.py:753} INFO - DAG(s) dict_keys(['example_short_circuit_decorator']) retrieved from /home/airflow/.local/lib/python3.7/site-packages/airflow/example_dags/example_short_circuit_decorator.py
[2022-12-17T04:32:54.799+0000] {logging_mixin.py:137} INFO - [2022-12-17T04:32:54.799+0000] {dag.py:2676} INFO - Sync 1 DAGs
[2022-12-17T04:32:54.819+0000] {logging_mixin.py:137} INFO - [2022-12-17T04:32:54.819+0000] {dag.py:3427} INFO - Setting next_dagrun for example_short_circuit_decorator to 2022-12-16T04:32:54.818866+00:00, run_after=2022-12-17T04:32:54.818866+00:00
[2022-12-17T04:32:54.831+0000] {processor.py:175} INFO - Processing /home/airflow/.local/lib/python3.7/site-packages/airflow/example_dags/example_short_circuit_decorator.py took 0.085 seconds
[2022-12-17T04:33:25.005+0000] {processor.py:153} INFO - Started process (PID=2597) to work on /home/airflow/.local/lib/python3.7/site-packages/airflow/example_dags/example_short_circuit_decorator.py
[2022-12-17T04:33:25.006+0000] {processor.py:743} INFO - Processing file /home/airflow/.local/lib/python3.7/site-packages/airflow/example_dags/example_short_circuit_decorator.py for tasks to queue
[2022-12-17T04:33:25.006+0000] {logging_mixin.py:137} INFO - [2022-12-17T04:33:25.006+0000] {dagbag.py:538} INFO - Filling up the DagBag from /home/airflow/.local/lib/python3.7/site-packages/airflow/example_dags/example_short_circuit_decorator.py
[2022-12-17T04:33:25.029+0000] {processor.py:753} INFO - DAG(s) dict_keys(['example_short_circuit_decorator']) retrieved from /home/airflow/.local/lib/python3.7/site-packages/airflow/example_dags/example_short_circuit_decorator.py
[2022-12-17T04:33:25.064+0000] {logging_mixin.py:137} INFO - [2022-12-17T04:33:25.064+0000] {dag.py:2676} INFO - Sync 1 DAGs
[2022-12-17T04:33:25.092+0000] {logging_mixin.py:137} INFO - [2022-12-17T04:33:25.092+0000] {dag.py:3427} INFO - Setting next_dagrun for example_short_circuit_decorator to 2022-12-16T04:33:25.092043+00:00, run_after=2022-12-17T04:33:25.092043+00:00
[2022-12-17T04:33:25.111+0000] {processor.py:175} INFO - Processing /home/airflow/.local/lib/python3.7/site-packages/airflow/example_dags/example_short_circuit_decorator.py took 0.109 seconds
[2022-12-17T04:33:55.559+0000] {processor.py:153} INFO - Started process (PID=2696) to work on /home/airflow/.local/lib/python3.7/site-packages/airflow/example_dags/example_short_circuit_decorator.py
[2022-12-17T04:33:55.560+0000] {processor.py:743} INFO - Processing file /home/airflow/.local/lib/python3.7/site-packages/airflow/example_dags/example_short_circuit_decorator.py for tasks to queue
[2022-12-17T04:33:55.560+0000] {logging_mixin.py:137} INFO - [2022-12-17T04:33:55.560+0000] {dagbag.py:538} INFO - Filling up the DagBag from /home/airflow/.local/lib/python3.7/site-packages/airflow/example_dags/example_short_circuit_decorator.py
[2022-12-17T04:33:55.581+0000] {processor.py:753} INFO - DAG(s) dict_keys(['example_short_circuit_decorator']) retrieved from /home/airflow/.local/lib/python3.7/site-packages/airflow/example_dags/example_short_circuit_decorator.py
[2022-12-17T04:33:55.615+0000] {logging_mixin.py:137} INFO - [2022-12-17T04:33:55.615+0000] {dag.py:2676} INFO - Sync 1 DAGs
[2022-12-17T04:33:55.633+0000] {logging_mixin.py:137} INFO - [2022-12-17T04:33:55.633+0000] {dag.py:3427} INFO - Setting next_dagrun for example_short_circuit_decorator to 2022-12-16T04:33:55.633522+00:00, run_after=2022-12-17T04:33:55.633522+00:00
[2022-12-17T04:33:55.645+0000] {processor.py:175} INFO - Processing /home/airflow/.local/lib/python3.7/site-packages/airflow/example_dags/example_short_circuit_decorator.py took 0.088 seconds
[2022-12-17T04:34:25.834+0000] {processor.py:153} INFO - Started process (PID=2775) to work on /home/airflow/.local/lib/python3.7/site-packages/airflow/example_dags/example_short_circuit_decorator.py
[2022-12-17T04:34:25.835+0000] {processor.py:743} INFO - Processing file /home/airflow/.local/lib/python3.7/site-packages/airflow/example_dags/example_short_circuit_decorator.py for tasks to queue
[2022-12-17T04:34:25.836+0000] {logging_mixin.py:137} INFO - [2022-12-17T04:34:25.836+0000] {dagbag.py:538} INFO - Filling up the DagBag from /home/airflow/.local/lib/python3.7/site-packages/airflow/example_dags/example_short_circuit_decorator.py
[2022-12-17T04:34:25.854+0000] {processor.py:753} INFO - DAG(s) dict_keys(['example_short_circuit_decorator']) retrieved from /home/airflow/.local/lib/python3.7/site-packages/airflow/example_dags/example_short_circuit_decorator.py
[2022-12-17T04:34:25.890+0000] {logging_mixin.py:137} INFO - [2022-12-17T04:34:25.889+0000] {dag.py:2676} INFO - Sync 1 DAGs
[2022-12-17T04:34:25.914+0000] {logging_mixin.py:137} INFO - [2022-12-17T04:34:25.914+0000] {dag.py:3427} INFO - Setting next_dagrun for example_short_circuit_decorator to 2022-12-16T04:34:25.914145+00:00, run_after=2022-12-17T04:34:25.914145+00:00
[2022-12-17T04:34:25.927+0000] {processor.py:175} INFO - Processing /home/airflow/.local/lib/python3.7/site-packages/airflow/example_dags/example_short_circuit_decorator.py took 0.095 seconds
[2022-12-17T04:34:56.123+0000] {processor.py:153} INFO - Started process (PID=2874) to work on /home/airflow/.local/lib/python3.7/site-packages/airflow/example_dags/example_short_circuit_decorator.py
[2022-12-17T04:34:56.124+0000] {processor.py:743} INFO - Processing file /home/airflow/.local/lib/python3.7/site-packages/airflow/example_dags/example_short_circuit_decorator.py for tasks to queue
[2022-12-17T04:34:56.125+0000] {logging_mixin.py:137} INFO - [2022-12-17T04:34:56.124+0000] {dagbag.py:538} INFO - Filling up the DagBag from /home/airflow/.local/lib/python3.7/site-packages/airflow/example_dags/example_short_circuit_decorator.py
[2022-12-17T04:34:56.146+0000] {processor.py:753} INFO - DAG(s) dict_keys(['example_short_circuit_decorator']) retrieved from /home/airflow/.local/lib/python3.7/site-packages/airflow/example_dags/example_short_circuit_decorator.py
[2022-12-17T04:34:56.175+0000] {logging_mixin.py:137} INFO - [2022-12-17T04:34:56.175+0000] {dag.py:2676} INFO - Sync 1 DAGs
[2022-12-17T04:34:56.196+0000] {logging_mixin.py:137} INFO - [2022-12-17T04:34:56.196+0000] {dag.py:3427} INFO - Setting next_dagrun for example_short_circuit_decorator to 2022-12-16T04:34:56.196208+00:00, run_after=2022-12-17T04:34:56.196208+00:00
[2022-12-17T04:34:56.211+0000] {processor.py:175} INFO - Processing /home/airflow/.local/lib/python3.7/site-packages/airflow/example_dags/example_short_circuit_decorator.py took 0.091 seconds
[2022-12-17T04:35:26.722+0000] {processor.py:153} INFO - Started process (PID=2953) to work on /home/airflow/.local/lib/python3.7/site-packages/airflow/example_dags/example_short_circuit_decorator.py
[2022-12-17T04:35:26.723+0000] {processor.py:743} INFO - Processing file /home/airflow/.local/lib/python3.7/site-packages/airflow/example_dags/example_short_circuit_decorator.py for tasks to queue
[2022-12-17T04:35:26.724+0000] {logging_mixin.py:137} INFO - [2022-12-17T04:35:26.723+0000] {dagbag.py:538} INFO - Filling up the DagBag from /home/airflow/.local/lib/python3.7/site-packages/airflow/example_dags/example_short_circuit_decorator.py
[2022-12-17T04:35:26.742+0000] {processor.py:753} INFO - DAG(s) dict_keys(['example_short_circuit_decorator']) retrieved from /home/airflow/.local/lib/python3.7/site-packages/airflow/example_dags/example_short_circuit_decorator.py
[2022-12-17T04:35:26.780+0000] {logging_mixin.py:137} INFO - [2022-12-17T04:35:26.780+0000] {dag.py:2676} INFO - Sync 1 DAGs
[2022-12-17T04:35:26.801+0000] {logging_mixin.py:137} INFO - [2022-12-17T04:35:26.801+0000] {dag.py:3427} INFO - Setting next_dagrun for example_short_circuit_decorator to 2022-12-16T04:35:26.801212+00:00, run_after=2022-12-17T04:35:26.801212+00:00
[2022-12-17T04:35:26.816+0000] {processor.py:175} INFO - Processing /home/airflow/.local/lib/python3.7/site-packages/airflow/example_dags/example_short_circuit_decorator.py took 0.097 seconds
[2022-12-17T04:35:57.205+0000] {processor.py:153} INFO - Started process (PID=3051) to work on /home/airflow/.local/lib/python3.7/site-packages/airflow/example_dags/example_short_circuit_decorator.py
[2022-12-17T04:35:57.206+0000] {processor.py:743} INFO - Processing file /home/airflow/.local/lib/python3.7/site-packages/airflow/example_dags/example_short_circuit_decorator.py for tasks to queue
[2022-12-17T04:35:57.206+0000] {logging_mixin.py:137} INFO - [2022-12-17T04:35:57.206+0000] {dagbag.py:538} INFO - Filling up the DagBag from /home/airflow/.local/lib/python3.7/site-packages/airflow/example_dags/example_short_circuit_decorator.py
[2022-12-17T04:35:57.224+0000] {processor.py:753} INFO - DAG(s) dict_keys(['example_short_circuit_decorator']) retrieved from /home/airflow/.local/lib/python3.7/site-packages/airflow/example_dags/example_short_circuit_decorator.py
[2022-12-17T04:35:57.256+0000] {logging_mixin.py:137} INFO - [2022-12-17T04:35:57.255+0000] {dag.py:2676} INFO - Sync 1 DAGs
[2022-12-17T04:35:57.276+0000] {logging_mixin.py:137} INFO - [2022-12-17T04:35:57.275+0000] {dag.py:3427} INFO - Setting next_dagrun for example_short_circuit_decorator to 2022-12-16T04:35:57.275815+00:00, run_after=2022-12-17T04:35:57.275815+00:00
[2022-12-17T04:35:57.288+0000] {processor.py:175} INFO - Processing /home/airflow/.local/lib/python3.7/site-packages/airflow/example_dags/example_short_circuit_decorator.py took 0.086 seconds
[2022-12-17T04:36:27.850+0000] {processor.py:153} INFO - Started process (PID=3150) to work on /home/airflow/.local/lib/python3.7/site-packages/airflow/example_dags/example_short_circuit_decorator.py
[2022-12-17T04:36:27.851+0000] {processor.py:743} INFO - Processing file /home/airflow/.local/lib/python3.7/site-packages/airflow/example_dags/example_short_circuit_decorator.py for tasks to queue
[2022-12-17T04:36:27.851+0000] {logging_mixin.py:137} INFO - [2022-12-17T04:36:27.851+0000] {dagbag.py:538} INFO - Filling up the DagBag from /home/airflow/.local/lib/python3.7/site-packages/airflow/example_dags/example_short_circuit_decorator.py
[2022-12-17T04:36:27.872+0000] {processor.py:753} INFO - DAG(s) dict_keys(['example_short_circuit_decorator']) retrieved from /home/airflow/.local/lib/python3.7/site-packages/airflow/example_dags/example_short_circuit_decorator.py
[2022-12-17T04:36:27.907+0000] {logging_mixin.py:137} INFO - [2022-12-17T04:36:27.906+0000] {dag.py:2676} INFO - Sync 1 DAGs
[2022-12-17T04:36:27.929+0000] {logging_mixin.py:137} INFO - [2022-12-17T04:36:27.929+0000] {dag.py:3427} INFO - Setting next_dagrun for example_short_circuit_decorator to 2022-12-16T04:36:27.929673+00:00, run_after=2022-12-17T04:36:27.929673+00:00
[2022-12-17T04:36:27.942+0000] {processor.py:175} INFO - Processing /home/airflow/.local/lib/python3.7/site-packages/airflow/example_dags/example_short_circuit_decorator.py took 0.095 seconds
[2022-12-17T04:36:58.190+0000] {processor.py:153} INFO - Started process (PID=3229) to work on /home/airflow/.local/lib/python3.7/site-packages/airflow/example_dags/example_short_circuit_decorator.py
[2022-12-17T04:36:58.190+0000] {processor.py:743} INFO - Processing file /home/airflow/.local/lib/python3.7/site-packages/airflow/example_dags/example_short_circuit_decorator.py for tasks to queue
[2022-12-17T04:36:58.191+0000] {logging_mixin.py:137} INFO - [2022-12-17T04:36:58.191+0000] {dagbag.py:538} INFO - Filling up the DagBag from /home/airflow/.local/lib/python3.7/site-packages/airflow/example_dags/example_short_circuit_decorator.py
[2022-12-17T04:36:58.209+0000] {processor.py:753} INFO - DAG(s) dict_keys(['example_short_circuit_decorator']) retrieved from /home/airflow/.local/lib/python3.7/site-packages/airflow/example_dags/example_short_circuit_decorator.py
[2022-12-17T04:36:58.237+0000] {logging_mixin.py:137} INFO - [2022-12-17T04:36:58.237+0000] {dag.py:2676} INFO - Sync 1 DAGs
[2022-12-17T04:36:58.255+0000] {logging_mixin.py:137} INFO - [2022-12-17T04:36:58.255+0000] {dag.py:3427} INFO - Setting next_dagrun for example_short_circuit_decorator to 2022-12-16T04:36:58.255665+00:00, run_after=2022-12-17T04:36:58.255665+00:00
[2022-12-17T04:36:58.267+0000] {processor.py:175} INFO - Processing /home/airflow/.local/lib/python3.7/site-packages/airflow/example_dags/example_short_circuit_decorator.py took 0.080 seconds
[2022-12-17T04:37:28.451+0000] {processor.py:153} INFO - Started process (PID=3328) to work on /home/airflow/.local/lib/python3.7/site-packages/airflow/example_dags/example_short_circuit_decorator.py
[2022-12-17T04:37:28.451+0000] {processor.py:743} INFO - Processing file /home/airflow/.local/lib/python3.7/site-packages/airflow/example_dags/example_short_circuit_decorator.py for tasks to queue
[2022-12-17T04:37:28.452+0000] {logging_mixin.py:137} INFO - [2022-12-17T04:37:28.452+0000] {dagbag.py:538} INFO - Filling up the DagBag from /home/airflow/.local/lib/python3.7/site-packages/airflow/example_dags/example_short_circuit_decorator.py
[2022-12-17T04:37:28.471+0000] {processor.py:753} INFO - DAG(s) dict_keys(['example_short_circuit_decorator']) retrieved from /home/airflow/.local/lib/python3.7/site-packages/airflow/example_dags/example_short_circuit_decorator.py
[2022-12-17T04:37:28.503+0000] {logging_mixin.py:137} INFO - [2022-12-17T04:37:28.503+0000] {dag.py:2676} INFO - Sync 1 DAGs
[2022-12-17T04:37:28.523+0000] {logging_mixin.py:137} INFO - [2022-12-17T04:37:28.523+0000] {dag.py:3427} INFO - Setting next_dagrun for example_short_circuit_decorator to 2022-12-16T04:37:28.523039+00:00, run_after=2022-12-17T04:37:28.523039+00:00
[2022-12-17T04:37:28.537+0000] {processor.py:175} INFO - Processing /home/airflow/.local/lib/python3.7/site-packages/airflow/example_dags/example_short_circuit_decorator.py took 0.090 seconds
[2022-12-17T04:37:58.889+0000] {processor.py:153} INFO - Started process (PID=3407) to work on /home/airflow/.local/lib/python3.7/site-packages/airflow/example_dags/example_short_circuit_decorator.py
[2022-12-17T04:37:58.890+0000] {processor.py:743} INFO - Processing file /home/airflow/.local/lib/python3.7/site-packages/airflow/example_dags/example_short_circuit_decorator.py for tasks to queue
[2022-12-17T04:37:58.890+0000] {logging_mixin.py:137} INFO - [2022-12-17T04:37:58.890+0000] {dagbag.py:538} INFO - Filling up the DagBag from /home/airflow/.local/lib/python3.7/site-packages/airflow/example_dags/example_short_circuit_decorator.py
[2022-12-17T04:37:58.913+0000] {processor.py:753} INFO - DAG(s) dict_keys(['example_short_circuit_decorator']) retrieved from /home/airflow/.local/lib/python3.7/site-packages/airflow/example_dags/example_short_circuit_decorator.py
[2022-12-17T04:37:58.943+0000] {logging_mixin.py:137} INFO - [2022-12-17T04:37:58.943+0000] {dag.py:2676} INFO - Sync 1 DAGs
[2022-12-17T04:37:58.962+0000] {logging_mixin.py:137} INFO - [2022-12-17T04:37:58.962+0000] {dag.py:3427} INFO - Setting next_dagrun for example_short_circuit_decorator to 2022-12-16T04:37:58.962602+00:00, run_after=2022-12-17T04:37:58.962602+00:00
[2022-12-17T04:37:58.978+0000] {processor.py:175} INFO - Processing /home/airflow/.local/lib/python3.7/site-packages/airflow/example_dags/example_short_circuit_decorator.py took 0.092 seconds
[2022-12-17T04:38:29.274+0000] {processor.py:153} INFO - Started process (PID=3506) to work on /home/airflow/.local/lib/python3.7/site-packages/airflow/example_dags/example_short_circuit_decorator.py
[2022-12-17T04:38:29.275+0000] {processor.py:743} INFO - Processing file /home/airflow/.local/lib/python3.7/site-packages/airflow/example_dags/example_short_circuit_decorator.py for tasks to queue
[2022-12-17T04:38:29.275+0000] {logging_mixin.py:137} INFO - [2022-12-17T04:38:29.275+0000] {dagbag.py:538} INFO - Filling up the DagBag from /home/airflow/.local/lib/python3.7/site-packages/airflow/example_dags/example_short_circuit_decorator.py
[2022-12-17T04:38:29.295+0000] {processor.py:753} INFO - DAG(s) dict_keys(['example_short_circuit_decorator']) retrieved from /home/airflow/.local/lib/python3.7/site-packages/airflow/example_dags/example_short_circuit_decorator.py
[2022-12-17T04:38:29.328+0000] {logging_mixin.py:137} INFO - [2022-12-17T04:38:29.328+0000] {dag.py:2676} INFO - Sync 1 DAGs
[2022-12-17T04:38:29.347+0000] {logging_mixin.py:137} INFO - [2022-12-17T04:38:29.347+0000] {dag.py:3427} INFO - Setting next_dagrun for example_short_circuit_decorator to 2022-12-16T04:38:29.347596+00:00, run_after=2022-12-17T04:38:29.347596+00:00
[2022-12-17T04:38:29.362+0000] {processor.py:175} INFO - Processing /home/airflow/.local/lib/python3.7/site-packages/airflow/example_dags/example_short_circuit_decorator.py took 0.091 seconds
[2022-12-17T04:38:59.673+0000] {processor.py:153} INFO - Started process (PID=3585) to work on /home/airflow/.local/lib/python3.7/site-packages/airflow/example_dags/example_short_circuit_decorator.py
[2022-12-17T04:38:59.674+0000] {processor.py:743} INFO - Processing file /home/airflow/.local/lib/python3.7/site-packages/airflow/example_dags/example_short_circuit_decorator.py for tasks to queue
[2022-12-17T04:38:59.674+0000] {logging_mixin.py:137} INFO - [2022-12-17T04:38:59.674+0000] {dagbag.py:538} INFO - Filling up the DagBag from /home/airflow/.local/lib/python3.7/site-packages/airflow/example_dags/example_short_circuit_decorator.py
[2022-12-17T04:38:59.695+0000] {processor.py:753} INFO - DAG(s) dict_keys(['example_short_circuit_decorator']) retrieved from /home/airflow/.local/lib/python3.7/site-packages/airflow/example_dags/example_short_circuit_decorator.py
[2022-12-17T04:38:59.727+0000] {logging_mixin.py:137} INFO - [2022-12-17T04:38:59.727+0000] {dag.py:2676} INFO - Sync 1 DAGs
[2022-12-17T04:38:59.747+0000] {logging_mixin.py:137} INFO - [2022-12-17T04:38:59.747+0000] {dag.py:3427} INFO - Setting next_dagrun for example_short_circuit_decorator to 2022-12-16T04:38:59.747276+00:00, run_after=2022-12-17T04:38:59.747276+00:00
[2022-12-17T04:38:59.760+0000] {processor.py:175} INFO - Processing /home/airflow/.local/lib/python3.7/site-packages/airflow/example_dags/example_short_circuit_decorator.py took 0.091 seconds
[2022-12-17T04:39:30.138+0000] {processor.py:153} INFO - Started process (PID=3684) to work on /home/airflow/.local/lib/python3.7/site-packages/airflow/example_dags/example_short_circuit_decorator.py
[2022-12-17T04:39:30.139+0000] {processor.py:743} INFO - Processing file /home/airflow/.local/lib/python3.7/site-packages/airflow/example_dags/example_short_circuit_decorator.py for tasks to queue
[2022-12-17T04:39:30.139+0000] {logging_mixin.py:137} INFO - [2022-12-17T04:39:30.139+0000] {dagbag.py:538} INFO - Filling up the DagBag from /home/airflow/.local/lib/python3.7/site-packages/airflow/example_dags/example_short_circuit_decorator.py
[2022-12-17T04:39:30.157+0000] {processor.py:753} INFO - DAG(s) dict_keys(['example_short_circuit_decorator']) retrieved from /home/airflow/.local/lib/python3.7/site-packages/airflow/example_dags/example_short_circuit_decorator.py
[2022-12-17T04:39:30.189+0000] {logging_mixin.py:137} INFO - [2022-12-17T04:39:30.189+0000] {dag.py:2676} INFO - Sync 1 DAGs
[2022-12-17T04:39:30.209+0000] {logging_mixin.py:137} INFO - [2022-12-17T04:39:30.209+0000] {dag.py:3427} INFO - Setting next_dagrun for example_short_circuit_decorator to 2022-12-16T04:39:30.209415+00:00, run_after=2022-12-17T04:39:30.209415+00:00
[2022-12-17T04:39:30.222+0000] {processor.py:175} INFO - Processing /home/airflow/.local/lib/python3.7/site-packages/airflow/example_dags/example_short_circuit_decorator.py took 0.086 seconds
[2022-12-17T04:40:00.636+0000] {processor.py:153} INFO - Started process (PID=3783) to work on /home/airflow/.local/lib/python3.7/site-packages/airflow/example_dags/example_short_circuit_decorator.py
[2022-12-17T04:40:00.637+0000] {processor.py:743} INFO - Processing file /home/airflow/.local/lib/python3.7/site-packages/airflow/example_dags/example_short_circuit_decorator.py for tasks to queue
[2022-12-17T04:40:00.638+0000] {logging_mixin.py:137} INFO - [2022-12-17T04:40:00.637+0000] {dagbag.py:538} INFO - Filling up the DagBag from /home/airflow/.local/lib/python3.7/site-packages/airflow/example_dags/example_short_circuit_decorator.py
[2022-12-17T04:40:00.663+0000] {processor.py:753} INFO - DAG(s) dict_keys(['example_short_circuit_decorator']) retrieved from /home/airflow/.local/lib/python3.7/site-packages/airflow/example_dags/example_short_circuit_decorator.py
[2022-12-17T04:40:00.701+0000] {logging_mixin.py:137} INFO - [2022-12-17T04:40:00.701+0000] {dag.py:2676} INFO - Sync 1 DAGs
[2022-12-17T04:40:00.727+0000] {logging_mixin.py:137} INFO - [2022-12-17T04:40:00.727+0000] {dag.py:3427} INFO - Setting next_dagrun for example_short_circuit_decorator to 2022-12-16T04:40:00.726956+00:00, run_after=2022-12-17T04:40:00.726956+00:00
[2022-12-17T04:40:00.746+0000] {processor.py:175} INFO - Processing /home/airflow/.local/lib/python3.7/site-packages/airflow/example_dags/example_short_circuit_decorator.py took 0.112 seconds
[2022-12-17T04:40:31.006+0000] {processor.py:153} INFO - Started process (PID=3863) to work on /home/airflow/.local/lib/python3.7/site-packages/airflow/example_dags/example_short_circuit_decorator.py
[2022-12-17T04:40:31.007+0000] {processor.py:743} INFO - Processing file /home/airflow/.local/lib/python3.7/site-packages/airflow/example_dags/example_short_circuit_decorator.py for tasks to queue
[2022-12-17T04:40:31.007+0000] {logging_mixin.py:137} INFO - [2022-12-17T04:40:31.007+0000] {dagbag.py:538} INFO - Filling up the DagBag from /home/airflow/.local/lib/python3.7/site-packages/airflow/example_dags/example_short_circuit_decorator.py
[2022-12-17T04:40:31.025+0000] {processor.py:753} INFO - DAG(s) dict_keys(['example_short_circuit_decorator']) retrieved from /home/airflow/.local/lib/python3.7/site-packages/airflow/example_dags/example_short_circuit_decorator.py
[2022-12-17T04:40:31.051+0000] {logging_mixin.py:137} INFO - [2022-12-17T04:40:31.051+0000] {dag.py:2676} INFO - Sync 1 DAGs
[2022-12-17T04:40:31.070+0000] {logging_mixin.py:137} INFO - [2022-12-17T04:40:31.070+0000] {dag.py:3427} INFO - Setting next_dagrun for example_short_circuit_decorator to 2022-12-16T04:40:31.070654+00:00, run_after=2022-12-17T04:40:31.070654+00:00
[2022-12-17T04:40:31.082+0000] {processor.py:175} INFO - Processing /home/airflow/.local/lib/python3.7/site-packages/airflow/example_dags/example_short_circuit_decorator.py took 0.079 seconds
[2022-12-17T04:41:01.181+0000] {processor.py:153} INFO - Started process (PID=3962) to work on /home/airflow/.local/lib/python3.7/site-packages/airflow/example_dags/example_short_circuit_decorator.py
[2022-12-17T04:41:01.181+0000] {processor.py:743} INFO - Processing file /home/airflow/.local/lib/python3.7/site-packages/airflow/example_dags/example_short_circuit_decorator.py for tasks to queue
[2022-12-17T04:41:01.182+0000] {logging_mixin.py:137} INFO - [2022-12-17T04:41:01.182+0000] {dagbag.py:538} INFO - Filling up the DagBag from /home/airflow/.local/lib/python3.7/site-packages/airflow/example_dags/example_short_circuit_decorator.py
[2022-12-17T04:41:01.198+0000] {processor.py:753} INFO - DAG(s) dict_keys(['example_short_circuit_decorator']) retrieved from /home/airflow/.local/lib/python3.7/site-packages/airflow/example_dags/example_short_circuit_decorator.py
[2022-12-17T04:41:01.229+0000] {logging_mixin.py:137} INFO - [2022-12-17T04:41:01.229+0000] {dag.py:2676} INFO - Sync 1 DAGs
[2022-12-17T04:41:01.249+0000] {logging_mixin.py:137} INFO - [2022-12-17T04:41:01.249+0000] {dag.py:3427} INFO - Setting next_dagrun for example_short_circuit_decorator to 2022-12-16T04:41:01.249022+00:00, run_after=2022-12-17T04:41:01.249022+00:00
[2022-12-17T04:41:01.265+0000] {processor.py:175} INFO - Processing /home/airflow/.local/lib/python3.7/site-packages/airflow/example_dags/example_short_circuit_decorator.py took 0.087 seconds
[2022-12-17T04:41:31.588+0000] {processor.py:153} INFO - Started process (PID=4041) to work on /home/airflow/.local/lib/python3.7/site-packages/airflow/example_dags/example_short_circuit_decorator.py
[2022-12-17T04:41:31.588+0000] {processor.py:743} INFO - Processing file /home/airflow/.local/lib/python3.7/site-packages/airflow/example_dags/example_short_circuit_decorator.py for tasks to queue
[2022-12-17T04:41:31.589+0000] {logging_mixin.py:137} INFO - [2022-12-17T04:41:31.589+0000] {dagbag.py:538} INFO - Filling up the DagBag from /home/airflow/.local/lib/python3.7/site-packages/airflow/example_dags/example_short_circuit_decorator.py
[2022-12-17T04:41:31.606+0000] {processor.py:753} INFO - DAG(s) dict_keys(['example_short_circuit_decorator']) retrieved from /home/airflow/.local/lib/python3.7/site-packages/airflow/example_dags/example_short_circuit_decorator.py
[2022-12-17T04:41:31.637+0000] {logging_mixin.py:137} INFO - [2022-12-17T04:41:31.637+0000] {dag.py:2676} INFO - Sync 1 DAGs
[2022-12-17T04:41:31.656+0000] {logging_mixin.py:137} INFO - [2022-12-17T04:41:31.656+0000] {dag.py:3427} INFO - Setting next_dagrun for example_short_circuit_decorator to 2022-12-16T04:41:31.656065+00:00, run_after=2022-12-17T04:41:31.656065+00:00
[2022-12-17T04:41:31.671+0000] {processor.py:175} INFO - Processing /home/airflow/.local/lib/python3.7/site-packages/airflow/example_dags/example_short_circuit_decorator.py took 0.087 seconds
[2022-12-17T04:42:01.851+0000] {processor.py:153} INFO - Started process (PID=4141) to work on /home/airflow/.local/lib/python3.7/site-packages/airflow/example_dags/example_short_circuit_decorator.py
[2022-12-17T04:42:01.852+0000] {processor.py:743} INFO - Processing file /home/airflow/.local/lib/python3.7/site-packages/airflow/example_dags/example_short_circuit_decorator.py for tasks to queue
[2022-12-17T04:42:01.852+0000] {logging_mixin.py:137} INFO - [2022-12-17T04:42:01.852+0000] {dagbag.py:538} INFO - Filling up the DagBag from /home/airflow/.local/lib/python3.7/site-packages/airflow/example_dags/example_short_circuit_decorator.py
[2022-12-17T04:42:01.873+0000] {processor.py:753} INFO - DAG(s) dict_keys(['example_short_circuit_decorator']) retrieved from /home/airflow/.local/lib/python3.7/site-packages/airflow/example_dags/example_short_circuit_decorator.py
[2022-12-17T04:42:01.903+0000] {logging_mixin.py:137} INFO - [2022-12-17T04:42:01.903+0000] {dag.py:2676} INFO - Sync 1 DAGs
[2022-12-17T04:42:01.923+0000] {logging_mixin.py:137} INFO - [2022-12-17T04:42:01.922+0000] {dag.py:3427} INFO - Setting next_dagrun for example_short_circuit_decorator to 2022-12-16T04:42:01.922732+00:00, run_after=2022-12-17T04:42:01.922732+00:00
[2022-12-17T04:42:01.938+0000] {processor.py:175} INFO - Processing /home/airflow/.local/lib/python3.7/site-packages/airflow/example_dags/example_short_circuit_decorator.py took 0.089 seconds
[2022-12-17T04:42:32.199+0000] {processor.py:153} INFO - Started process (PID=4220) to work on /home/airflow/.local/lib/python3.7/site-packages/airflow/example_dags/example_short_circuit_decorator.py
[2022-12-17T04:42:32.199+0000] {processor.py:743} INFO - Processing file /home/airflow/.local/lib/python3.7/site-packages/airflow/example_dags/example_short_circuit_decorator.py for tasks to queue
[2022-12-17T04:42:32.200+0000] {logging_mixin.py:137} INFO - [2022-12-17T04:42:32.200+0000] {dagbag.py:538} INFO - Filling up the DagBag from /home/airflow/.local/lib/python3.7/site-packages/airflow/example_dags/example_short_circuit_decorator.py
[2022-12-17T04:42:32.217+0000] {processor.py:753} INFO - DAG(s) dict_keys(['example_short_circuit_decorator']) retrieved from /home/airflow/.local/lib/python3.7/site-packages/airflow/example_dags/example_short_circuit_decorator.py
[2022-12-17T04:42:32.243+0000] {logging_mixin.py:137} INFO - [2022-12-17T04:42:32.243+0000] {dag.py:2676} INFO - Sync 1 DAGs
[2022-12-17T04:42:32.264+0000] {logging_mixin.py:137} INFO - [2022-12-17T04:42:32.263+0000] {dag.py:3427} INFO - Setting next_dagrun for example_short_circuit_decorator to 2022-12-16T04:42:32.263797+00:00, run_after=2022-12-17T04:42:32.263797+00:00
[2022-12-17T04:42:32.276+0000] {processor.py:175} INFO - Processing /home/airflow/.local/lib/python3.7/site-packages/airflow/example_dags/example_short_circuit_decorator.py took 0.080 seconds
[2022-12-17T04:43:02.817+0000] {processor.py:153} INFO - Started process (PID=4320) to work on /home/airflow/.local/lib/python3.7/site-packages/airflow/example_dags/example_short_circuit_decorator.py
[2022-12-17T04:43:02.818+0000] {processor.py:743} INFO - Processing file /home/airflow/.local/lib/python3.7/site-packages/airflow/example_dags/example_short_circuit_decorator.py for tasks to queue
[2022-12-17T04:43:02.818+0000] {logging_mixin.py:137} INFO - [2022-12-17T04:43:02.818+0000] {dagbag.py:538} INFO - Filling up the DagBag from /home/airflow/.local/lib/python3.7/site-packages/airflow/example_dags/example_short_circuit_decorator.py
[2022-12-17T04:43:02.836+0000] {processor.py:753} INFO - DAG(s) dict_keys(['example_short_circuit_decorator']) retrieved from /home/airflow/.local/lib/python3.7/site-packages/airflow/example_dags/example_short_circuit_decorator.py
[2022-12-17T04:43:02.866+0000] {logging_mixin.py:137} INFO - [2022-12-17T04:43:02.866+0000] {dag.py:2676} INFO - Sync 1 DAGs
[2022-12-17T04:43:02.886+0000] {logging_mixin.py:137} INFO - [2022-12-17T04:43:02.886+0000] {dag.py:3427} INFO - Setting next_dagrun for example_short_circuit_decorator to 2022-12-16T04:43:02.886508+00:00, run_after=2022-12-17T04:43:02.886508+00:00
[2022-12-17T04:43:02.900+0000] {processor.py:175} INFO - Processing /home/airflow/.local/lib/python3.7/site-packages/airflow/example_dags/example_short_circuit_decorator.py took 0.086 seconds
[2022-12-17T04:43:33.085+0000] {processor.py:153} INFO - Started process (PID=4399) to work on /home/airflow/.local/lib/python3.7/site-packages/airflow/example_dags/example_short_circuit_decorator.py
[2022-12-17T04:43:33.086+0000] {processor.py:743} INFO - Processing file /home/airflow/.local/lib/python3.7/site-packages/airflow/example_dags/example_short_circuit_decorator.py for tasks to queue
[2022-12-17T04:43:33.086+0000] {logging_mixin.py:137} INFO - [2022-12-17T04:43:33.086+0000] {dagbag.py:538} INFO - Filling up the DagBag from /home/airflow/.local/lib/python3.7/site-packages/airflow/example_dags/example_short_circuit_decorator.py
[2022-12-17T04:43:33.104+0000] {processor.py:753} INFO - DAG(s) dict_keys(['example_short_circuit_decorator']) retrieved from /home/airflow/.local/lib/python3.7/site-packages/airflow/example_dags/example_short_circuit_decorator.py
[2022-12-17T04:43:33.136+0000] {logging_mixin.py:137} INFO - [2022-12-17T04:43:33.136+0000] {dag.py:2676} INFO - Sync 1 DAGs
[2022-12-17T04:43:33.156+0000] {logging_mixin.py:137} INFO - [2022-12-17T04:43:33.156+0000] {dag.py:3427} INFO - Setting next_dagrun for example_short_circuit_decorator to 2022-12-16T04:43:33.156629+00:00, run_after=2022-12-17T04:43:33.156629+00:00
[2022-12-17T04:43:33.172+0000] {processor.py:175} INFO - Processing /home/airflow/.local/lib/python3.7/site-packages/airflow/example_dags/example_short_circuit_decorator.py took 0.090 seconds
[2022-12-17T04:44:03.290+0000] {processor.py:153} INFO - Started process (PID=4499) to work on /home/airflow/.local/lib/python3.7/site-packages/airflow/example_dags/example_short_circuit_decorator.py
[2022-12-17T04:44:03.290+0000] {processor.py:743} INFO - Processing file /home/airflow/.local/lib/python3.7/site-packages/airflow/example_dags/example_short_circuit_decorator.py for tasks to queue
[2022-12-17T04:44:03.291+0000] {logging_mixin.py:137} INFO - [2022-12-17T04:44:03.291+0000] {dagbag.py:538} INFO - Filling up the DagBag from /home/airflow/.local/lib/python3.7/site-packages/airflow/example_dags/example_short_circuit_decorator.py
[2022-12-17T04:44:03.310+0000] {processor.py:753} INFO - DAG(s) dict_keys(['example_short_circuit_decorator']) retrieved from /home/airflow/.local/lib/python3.7/site-packages/airflow/example_dags/example_short_circuit_decorator.py
[2022-12-17T04:44:03.358+0000] {logging_mixin.py:137} INFO - [2022-12-17T04:44:03.357+0000] {dag.py:2676} INFO - Sync 1 DAGs
[2022-12-17T04:44:03.378+0000] {logging_mixin.py:137} INFO - [2022-12-17T04:44:03.377+0000] {dag.py:3427} INFO - Setting next_dagrun for example_short_circuit_decorator to 2022-12-16T04:44:03.377772+00:00, run_after=2022-12-17T04:44:03.377772+00:00
[2022-12-17T04:44:03.392+0000] {processor.py:175} INFO - Processing /home/airflow/.local/lib/python3.7/site-packages/airflow/example_dags/example_short_circuit_decorator.py took 0.104 seconds
[2022-12-17T04:44:33.645+0000] {processor.py:153} INFO - Started process (PID=4598) to work on /home/airflow/.local/lib/python3.7/site-packages/airflow/example_dags/example_short_circuit_decorator.py
[2022-12-17T04:44:33.646+0000] {processor.py:743} INFO - Processing file /home/airflow/.local/lib/python3.7/site-packages/airflow/example_dags/example_short_circuit_decorator.py for tasks to queue
[2022-12-17T04:44:33.646+0000] {logging_mixin.py:137} INFO - [2022-12-17T04:44:33.646+0000] {dagbag.py:538} INFO - Filling up the DagBag from /home/airflow/.local/lib/python3.7/site-packages/airflow/example_dags/example_short_circuit_decorator.py
[2022-12-17T04:44:33.663+0000] {processor.py:753} INFO - DAG(s) dict_keys(['example_short_circuit_decorator']) retrieved from /home/airflow/.local/lib/python3.7/site-packages/airflow/example_dags/example_short_circuit_decorator.py
[2022-12-17T04:44:33.695+0000] {logging_mixin.py:137} INFO - [2022-12-17T04:44:33.694+0000] {dag.py:2676} INFO - Sync 1 DAGs
[2022-12-17T04:44:33.716+0000] {logging_mixin.py:137} INFO - [2022-12-17T04:44:33.716+0000] {dag.py:3427} INFO - Setting next_dagrun for example_short_circuit_decorator to 2022-12-16T04:44:33.715846+00:00, run_after=2022-12-17T04:44:33.715846+00:00
[2022-12-17T04:44:33.731+0000] {processor.py:175} INFO - Processing /home/airflow/.local/lib/python3.7/site-packages/airflow/example_dags/example_short_circuit_decorator.py took 0.088 seconds
[2022-12-17T04:45:03.889+0000] {processor.py:153} INFO - Started process (PID=4677) to work on /home/airflow/.local/lib/python3.7/site-packages/airflow/example_dags/example_short_circuit_decorator.py
[2022-12-17T04:45:03.890+0000] {processor.py:743} INFO - Processing file /home/airflow/.local/lib/python3.7/site-packages/airflow/example_dags/example_short_circuit_decorator.py for tasks to queue
[2022-12-17T04:45:03.890+0000] {logging_mixin.py:137} INFO - [2022-12-17T04:45:03.890+0000] {dagbag.py:538} INFO - Filling up the DagBag from /home/airflow/.local/lib/python3.7/site-packages/airflow/example_dags/example_short_circuit_decorator.py
[2022-12-17T04:45:03.908+0000] {processor.py:753} INFO - DAG(s) dict_keys(['example_short_circuit_decorator']) retrieved from /home/airflow/.local/lib/python3.7/site-packages/airflow/example_dags/example_short_circuit_decorator.py
[2022-12-17T04:45:03.934+0000] {logging_mixin.py:137} INFO - [2022-12-17T04:45:03.934+0000] {dag.py:2676} INFO - Sync 1 DAGs
[2022-12-17T04:45:03.954+0000] {logging_mixin.py:137} INFO - [2022-12-17T04:45:03.954+0000] {dag.py:3427} INFO - Setting next_dagrun for example_short_circuit_decorator to 2022-12-16T04:45:03.953949+00:00, run_after=2022-12-17T04:45:03.953949+00:00
[2022-12-17T04:45:03.966+0000] {processor.py:175} INFO - Processing /home/airflow/.local/lib/python3.7/site-packages/airflow/example_dags/example_short_circuit_decorator.py took 0.081 seconds
