[2022-12-17T04:19:14.587+0000] {processor.py:153} INFO - Started process (PID=52) to work on /home/airflow/.local/lib/python3.7/site-packages/airflow/example_dags/example_task_group_decorator.py
[2022-12-17T04:19:14.588+0000] {processor.py:743} INFO - Processing file /home/airflow/.local/lib/python3.7/site-packages/airflow/example_dags/example_task_group_decorator.py for tasks to queue
[2022-12-17T04:19:14.588+0000] {logging_mixin.py:137} INFO - [2022-12-17T04:19:14.588+0000] {dagbag.py:538} INFO - Filling up the DagBag from /home/airflow/.local/lib/python3.7/site-packages/airflow/example_dags/example_task_group_decorator.py
[2022-12-17T04:19:14.611+0000] {processor.py:753} INFO - DAG(s) dict_keys(['example_task_group_decorator']) retrieved from /home/airflow/.local/lib/python3.7/site-packages/airflow/example_dags/example_task_group_decorator.py
[2022-12-17T04:19:14.716+0000] {logging_mixin.py:137} INFO - [2022-12-17T04:19:14.716+0000] {manager.py:504} INFO - Created Permission View: can read on DAG:example_task_group_decorator
[2022-12-17T04:19:14.723+0000] {logging_mixin.py:137} INFO - [2022-12-17T04:19:14.722+0000] {manager.py:504} INFO - Created Permission View: can delete on DAG:example_task_group_decorator
[2022-12-17T04:19:14.727+0000] {logging_mixin.py:137} INFO - [2022-12-17T04:19:14.727+0000] {manager.py:504} INFO - Created Permission View: can edit on DAG:example_task_group_decorator
[2022-12-17T04:19:14.727+0000] {logging_mixin.py:137} INFO - [2022-12-17T04:19:14.727+0000] {dag.py:2676} INFO - Sync 1 DAGs
[2022-12-17T04:19:14.738+0000] {logging_mixin.py:137} INFO - [2022-12-17T04:19:14.738+0000] {dag.py:2697} INFO - Creating ORM DAG for example_task_group_decorator
[2022-12-17T04:19:14.749+0000] {logging_mixin.py:137} INFO - [2022-12-17T04:19:14.749+0000] {dag.py:3427} INFO - Setting next_dagrun for example_task_group_decorator to 2022-12-16T04:19:14.749307+00:00, run_after=2022-12-17T04:19:14.749307+00:00
[2022-12-17T04:19:14.766+0000] {processor.py:175} INFO - Processing /home/airflow/.local/lib/python3.7/site-packages/airflow/example_dags/example_task_group_decorator.py took 0.182 seconds
[2022-12-17T04:19:45.289+0000] {processor.py:153} INFO - Started process (PID=151) to work on /home/airflow/.local/lib/python3.7/site-packages/airflow/example_dags/example_task_group_decorator.py
[2022-12-17T04:19:45.289+0000] {processor.py:743} INFO - Processing file /home/airflow/.local/lib/python3.7/site-packages/airflow/example_dags/example_task_group_decorator.py for tasks to queue
[2022-12-17T04:19:45.290+0000] {logging_mixin.py:137} INFO - [2022-12-17T04:19:45.290+0000] {dagbag.py:538} INFO - Filling up the DagBag from /home/airflow/.local/lib/python3.7/site-packages/airflow/example_dags/example_task_group_decorator.py
[2022-12-17T04:19:45.312+0000] {processor.py:753} INFO - DAG(s) dict_keys(['example_task_group_decorator']) retrieved from /home/airflow/.local/lib/python3.7/site-packages/airflow/example_dags/example_task_group_decorator.py
[2022-12-17T04:19:45.342+0000] {logging_mixin.py:137} INFO - [2022-12-17T04:19:45.341+0000] {dag.py:2676} INFO - Sync 1 DAGs
[2022-12-17T04:19:45.360+0000] {logging_mixin.py:137} INFO - [2022-12-17T04:19:45.360+0000] {dag.py:3427} INFO - Setting next_dagrun for example_task_group_decorator to 2022-12-16T04:19:45.359870+00:00, run_after=2022-12-17T04:19:45.359870+00:00
[2022-12-17T04:19:45.372+0000] {processor.py:175} INFO - Processing /home/airflow/.local/lib/python3.7/site-packages/airflow/example_dags/example_task_group_decorator.py took 0.085 seconds
[2022-12-17T04:20:15.504+0000] {processor.py:153} INFO - Started process (PID=230) to work on /home/airflow/.local/lib/python3.7/site-packages/airflow/example_dags/example_task_group_decorator.py
[2022-12-17T04:20:15.505+0000] {processor.py:743} INFO - Processing file /home/airflow/.local/lib/python3.7/site-packages/airflow/example_dags/example_task_group_decorator.py for tasks to queue
[2022-12-17T04:20:15.505+0000] {logging_mixin.py:137} INFO - [2022-12-17T04:20:15.505+0000] {dagbag.py:538} INFO - Filling up the DagBag from /home/airflow/.local/lib/python3.7/site-packages/airflow/example_dags/example_task_group_decorator.py
[2022-12-17T04:20:15.528+0000] {processor.py:753} INFO - DAG(s) dict_keys(['example_task_group_decorator']) retrieved from /home/airflow/.local/lib/python3.7/site-packages/airflow/example_dags/example_task_group_decorator.py
[2022-12-17T04:20:15.562+0000] {logging_mixin.py:137} INFO - [2022-12-17T04:20:15.562+0000] {dag.py:2676} INFO - Sync 1 DAGs
[2022-12-17T04:20:15.585+0000] {logging_mixin.py:137} INFO - [2022-12-17T04:20:15.585+0000] {dag.py:3427} INFO - Setting next_dagrun for example_task_group_decorator to 2022-12-16T04:20:15.585330+00:00, run_after=2022-12-17T04:20:15.585330+00:00
[2022-12-17T04:20:15.601+0000] {processor.py:175} INFO - Processing /home/airflow/.local/lib/python3.7/site-packages/airflow/example_dags/example_task_group_decorator.py took 0.099 seconds
[2022-12-17T04:20:45.901+0000] {processor.py:153} INFO - Started process (PID=329) to work on /home/airflow/.local/lib/python3.7/site-packages/airflow/example_dags/example_task_group_decorator.py
[2022-12-17T04:20:45.902+0000] {processor.py:743} INFO - Processing file /home/airflow/.local/lib/python3.7/site-packages/airflow/example_dags/example_task_group_decorator.py for tasks to queue
[2022-12-17T04:20:45.903+0000] {logging_mixin.py:137} INFO - [2022-12-17T04:20:45.903+0000] {dagbag.py:538} INFO - Filling up the DagBag from /home/airflow/.local/lib/python3.7/site-packages/airflow/example_dags/example_task_group_decorator.py
[2022-12-17T04:20:45.923+0000] {processor.py:753} INFO - DAG(s) dict_keys(['example_task_group_decorator']) retrieved from /home/airflow/.local/lib/python3.7/site-packages/airflow/example_dags/example_task_group_decorator.py
[2022-12-17T04:20:45.955+0000] {logging_mixin.py:137} INFO - [2022-12-17T04:20:45.955+0000] {dag.py:2676} INFO - Sync 1 DAGs
[2022-12-17T04:20:45.975+0000] {logging_mixin.py:137} INFO - [2022-12-17T04:20:45.975+0000] {dag.py:3427} INFO - Setting next_dagrun for example_task_group_decorator to 2022-12-16T04:20:45.975131+00:00, run_after=2022-12-17T04:20:45.975131+00:00
[2022-12-17T04:20:45.989+0000] {processor.py:175} INFO - Processing /home/airflow/.local/lib/python3.7/site-packages/airflow/example_dags/example_task_group_decorator.py took 0.091 seconds
[2022-12-17T04:21:16.355+0000] {processor.py:153} INFO - Started process (PID=418) to work on /home/airflow/.local/lib/python3.7/site-packages/airflow/example_dags/example_task_group_decorator.py
[2022-12-17T04:21:16.356+0000] {processor.py:743} INFO - Processing file /home/airflow/.local/lib/python3.7/site-packages/airflow/example_dags/example_task_group_decorator.py for tasks to queue
[2022-12-17T04:21:16.356+0000] {logging_mixin.py:137} INFO - [2022-12-17T04:21:16.356+0000] {dagbag.py:538} INFO - Filling up the DagBag from /home/airflow/.local/lib/python3.7/site-packages/airflow/example_dags/example_task_group_decorator.py
[2022-12-17T04:21:16.382+0000] {processor.py:753} INFO - DAG(s) dict_keys(['example_task_group_decorator']) retrieved from /home/airflow/.local/lib/python3.7/site-packages/airflow/example_dags/example_task_group_decorator.py
[2022-12-17T04:21:16.412+0000] {logging_mixin.py:137} INFO - [2022-12-17T04:21:16.412+0000] {dag.py:2676} INFO - Sync 1 DAGs
[2022-12-17T04:21:16.437+0000] {logging_mixin.py:137} INFO - [2022-12-17T04:21:16.436+0000] {dag.py:3427} INFO - Setting next_dagrun for example_task_group_decorator to 2022-12-16T04:21:16.436565+00:00, run_after=2022-12-17T04:21:16.436565+00:00
[2022-12-17T04:21:16.454+0000] {processor.py:175} INFO - Processing /home/airflow/.local/lib/python3.7/site-packages/airflow/example_dags/example_task_group_decorator.py took 0.101 seconds
[2022-12-17T04:21:46.735+0000] {processor.py:153} INFO - Started process (PID=508) to work on /home/airflow/.local/lib/python3.7/site-packages/airflow/example_dags/example_task_group_decorator.py
[2022-12-17T04:21:46.735+0000] {processor.py:743} INFO - Processing file /home/airflow/.local/lib/python3.7/site-packages/airflow/example_dags/example_task_group_decorator.py for tasks to queue
[2022-12-17T04:21:46.736+0000] {logging_mixin.py:137} INFO - [2022-12-17T04:21:46.736+0000] {dagbag.py:538} INFO - Filling up the DagBag from /home/airflow/.local/lib/python3.7/site-packages/airflow/example_dags/example_task_group_decorator.py
[2022-12-17T04:21:46.757+0000] {processor.py:753} INFO - DAG(s) dict_keys(['example_task_group_decorator']) retrieved from /home/airflow/.local/lib/python3.7/site-packages/airflow/example_dags/example_task_group_decorator.py
[2022-12-17T04:21:46.792+0000] {logging_mixin.py:137} INFO - [2022-12-17T04:21:46.792+0000] {dag.py:2676} INFO - Sync 1 DAGs
[2022-12-17T04:21:46.817+0000] {logging_mixin.py:137} INFO - [2022-12-17T04:21:46.816+0000] {dag.py:3427} INFO - Setting next_dagrun for example_task_group_decorator to 2022-12-16T04:21:46.816719+00:00, run_after=2022-12-17T04:21:46.816719+00:00
[2022-12-17T04:21:46.836+0000] {processor.py:175} INFO - Processing /home/airflow/.local/lib/python3.7/site-packages/airflow/example_dags/example_task_group_decorator.py took 0.103 seconds
[2022-12-17T04:22:17.329+0000] {processor.py:153} INFO - Started process (PID=607) to work on /home/airflow/.local/lib/python3.7/site-packages/airflow/example_dags/example_task_group_decorator.py
[2022-12-17T04:22:17.330+0000] {processor.py:743} INFO - Processing file /home/airflow/.local/lib/python3.7/site-packages/airflow/example_dags/example_task_group_decorator.py for tasks to queue
[2022-12-17T04:22:17.330+0000] {logging_mixin.py:137} INFO - [2022-12-17T04:22:17.330+0000] {dagbag.py:538} INFO - Filling up the DagBag from /home/airflow/.local/lib/python3.7/site-packages/airflow/example_dags/example_task_group_decorator.py
[2022-12-17T04:22:17.354+0000] {processor.py:753} INFO - DAG(s) dict_keys(['example_task_group_decorator']) retrieved from /home/airflow/.local/lib/python3.7/site-packages/airflow/example_dags/example_task_group_decorator.py
[2022-12-17T04:22:17.384+0000] {logging_mixin.py:137} INFO - [2022-12-17T04:22:17.384+0000] {dag.py:2676} INFO - Sync 1 DAGs
[2022-12-17T04:22:17.403+0000] {logging_mixin.py:137} INFO - [2022-12-17T04:22:17.403+0000] {dag.py:3427} INFO - Setting next_dagrun for example_task_group_decorator to 2022-12-16T04:22:17.402927+00:00, run_after=2022-12-17T04:22:17.402927+00:00
[2022-12-17T04:22:17.416+0000] {processor.py:175} INFO - Processing /home/airflow/.local/lib/python3.7/site-packages/airflow/example_dags/example_task_group_decorator.py took 0.089 seconds
[2022-12-17T04:22:47.504+0000] {processor.py:153} INFO - Started process (PID=686) to work on /home/airflow/.local/lib/python3.7/site-packages/airflow/example_dags/example_task_group_decorator.py
[2022-12-17T04:22:47.504+0000] {processor.py:743} INFO - Processing file /home/airflow/.local/lib/python3.7/site-packages/airflow/example_dags/example_task_group_decorator.py for tasks to queue
[2022-12-17T04:22:47.505+0000] {logging_mixin.py:137} INFO - [2022-12-17T04:22:47.505+0000] {dagbag.py:538} INFO - Filling up the DagBag from /home/airflow/.local/lib/python3.7/site-packages/airflow/example_dags/example_task_group_decorator.py
[2022-12-17T04:22:47.525+0000] {processor.py:753} INFO - DAG(s) dict_keys(['example_task_group_decorator']) retrieved from /home/airflow/.local/lib/python3.7/site-packages/airflow/example_dags/example_task_group_decorator.py
[2022-12-17T04:22:47.556+0000] {logging_mixin.py:137} INFO - [2022-12-17T04:22:47.556+0000] {dag.py:2676} INFO - Sync 1 DAGs
[2022-12-17T04:22:47.575+0000] {logging_mixin.py:137} INFO - [2022-12-17T04:22:47.575+0000] {dag.py:3427} INFO - Setting next_dagrun for example_task_group_decorator to 2022-12-16T04:22:47.574843+00:00, run_after=2022-12-17T04:22:47.574843+00:00
[2022-12-17T04:22:47.588+0000] {processor.py:175} INFO - Processing /home/airflow/.local/lib/python3.7/site-packages/airflow/example_dags/example_task_group_decorator.py took 0.088 seconds
[2022-12-17T04:23:17.723+0000] {processor.py:153} INFO - Started process (PID=784) to work on /home/airflow/.local/lib/python3.7/site-packages/airflow/example_dags/example_task_group_decorator.py
[2022-12-17T04:23:17.724+0000] {processor.py:743} INFO - Processing file /home/airflow/.local/lib/python3.7/site-packages/airflow/example_dags/example_task_group_decorator.py for tasks to queue
[2022-12-17T04:23:17.724+0000] {logging_mixin.py:137} INFO - [2022-12-17T04:23:17.724+0000] {dagbag.py:538} INFO - Filling up the DagBag from /home/airflow/.local/lib/python3.7/site-packages/airflow/example_dags/example_task_group_decorator.py
[2022-12-17T04:23:17.745+0000] {processor.py:753} INFO - DAG(s) dict_keys(['example_task_group_decorator']) retrieved from /home/airflow/.local/lib/python3.7/site-packages/airflow/example_dags/example_task_group_decorator.py
[2022-12-17T04:23:17.775+0000] {logging_mixin.py:137} INFO - [2022-12-17T04:23:17.775+0000] {dag.py:2676} INFO - Sync 1 DAGs
[2022-12-17T04:23:17.794+0000] {logging_mixin.py:137} INFO - [2022-12-17T04:23:17.794+0000] {dag.py:3427} INFO - Setting next_dagrun for example_task_group_decorator to 2022-12-16T04:23:17.794396+00:00, run_after=2022-12-17T04:23:17.794396+00:00
[2022-12-17T04:23:17.806+0000] {processor.py:175} INFO - Processing /home/airflow/.local/lib/python3.7/site-packages/airflow/example_dags/example_task_group_decorator.py took 0.086 seconds
[2022-12-17T04:23:48.094+0000] {processor.py:153} INFO - Started process (PID=863) to work on /home/airflow/.local/lib/python3.7/site-packages/airflow/example_dags/example_task_group_decorator.py
[2022-12-17T04:23:48.094+0000] {processor.py:743} INFO - Processing file /home/airflow/.local/lib/python3.7/site-packages/airflow/example_dags/example_task_group_decorator.py for tasks to queue
[2022-12-17T04:23:48.095+0000] {logging_mixin.py:137} INFO - [2022-12-17T04:23:48.095+0000] {dagbag.py:538} INFO - Filling up the DagBag from /home/airflow/.local/lib/python3.7/site-packages/airflow/example_dags/example_task_group_decorator.py
[2022-12-17T04:23:48.113+0000] {processor.py:753} INFO - DAG(s) dict_keys(['example_task_group_decorator']) retrieved from /home/airflow/.local/lib/python3.7/site-packages/airflow/example_dags/example_task_group_decorator.py
[2022-12-17T04:23:48.141+0000] {logging_mixin.py:137} INFO - [2022-12-17T04:23:48.141+0000] {dag.py:2676} INFO - Sync 1 DAGs
[2022-12-17T04:23:48.159+0000] {logging_mixin.py:137} INFO - [2022-12-17T04:23:48.159+0000] {dag.py:3427} INFO - Setting next_dagrun for example_task_group_decorator to 2022-12-16T04:23:48.159111+00:00, run_after=2022-12-17T04:23:48.159111+00:00
[2022-12-17T04:23:48.171+0000] {processor.py:175} INFO - Processing /home/airflow/.local/lib/python3.7/site-packages/airflow/example_dags/example_task_group_decorator.py took 0.081 seconds
[2022-12-17T04:24:18.464+0000] {processor.py:153} INFO - Started process (PID=963) to work on /home/airflow/.local/lib/python3.7/site-packages/airflow/example_dags/example_task_group_decorator.py
[2022-12-17T04:24:18.465+0000] {processor.py:743} INFO - Processing file /home/airflow/.local/lib/python3.7/site-packages/airflow/example_dags/example_task_group_decorator.py for tasks to queue
[2022-12-17T04:24:18.465+0000] {logging_mixin.py:137} INFO - [2022-12-17T04:24:18.465+0000] {dagbag.py:538} INFO - Filling up the DagBag from /home/airflow/.local/lib/python3.7/site-packages/airflow/example_dags/example_task_group_decorator.py
[2022-12-17T04:24:18.488+0000] {processor.py:753} INFO - DAG(s) dict_keys(['example_task_group_decorator']) retrieved from /home/airflow/.local/lib/python3.7/site-packages/airflow/example_dags/example_task_group_decorator.py
[2022-12-17T04:24:18.522+0000] {logging_mixin.py:137} INFO - [2022-12-17T04:24:18.522+0000] {dag.py:2676} INFO - Sync 1 DAGs
[2022-12-17T04:24:18.542+0000] {logging_mixin.py:137} INFO - [2022-12-17T04:24:18.542+0000] {dag.py:3427} INFO - Setting next_dagrun for example_task_group_decorator to 2022-12-16T04:24:18.542423+00:00, run_after=2022-12-17T04:24:18.542423+00:00
[2022-12-17T04:24:18.555+0000] {processor.py:175} INFO - Processing /home/airflow/.local/lib/python3.7/site-packages/airflow/example_dags/example_task_group_decorator.py took 0.094 seconds
[2022-12-17T04:24:48.830+0000] {processor.py:153} INFO - Started process (PID=1042) to work on /home/airflow/.local/lib/python3.7/site-packages/airflow/example_dags/example_task_group_decorator.py
[2022-12-17T04:24:48.830+0000] {processor.py:743} INFO - Processing file /home/airflow/.local/lib/python3.7/site-packages/airflow/example_dags/example_task_group_decorator.py for tasks to queue
[2022-12-17T04:24:48.831+0000] {logging_mixin.py:137} INFO - [2022-12-17T04:24:48.831+0000] {dagbag.py:538} INFO - Filling up the DagBag from /home/airflow/.local/lib/python3.7/site-packages/airflow/example_dags/example_task_group_decorator.py
[2022-12-17T04:24:48.855+0000] {processor.py:753} INFO - DAG(s) dict_keys(['example_task_group_decorator']) retrieved from /home/airflow/.local/lib/python3.7/site-packages/airflow/example_dags/example_task_group_decorator.py
[2022-12-17T04:24:48.887+0000] {logging_mixin.py:137} INFO - [2022-12-17T04:24:48.887+0000] {dag.py:2676} INFO - Sync 1 DAGs
[2022-12-17T04:24:48.906+0000] {logging_mixin.py:137} INFO - [2022-12-17T04:24:48.906+0000] {dag.py:3427} INFO - Setting next_dagrun for example_task_group_decorator to 2022-12-16T04:24:48.906358+00:00, run_after=2022-12-17T04:24:48.906358+00:00
[2022-12-17T04:24:48.921+0000] {processor.py:175} INFO - Processing /home/airflow/.local/lib/python3.7/site-packages/airflow/example_dags/example_task_group_decorator.py took 0.094 seconds
[2022-12-17T04:25:18.967+0000] {processor.py:153} INFO - Started process (PID=1141) to work on /home/airflow/.local/lib/python3.7/site-packages/airflow/example_dags/example_task_group_decorator.py
[2022-12-17T04:25:18.967+0000] {processor.py:743} INFO - Processing file /home/airflow/.local/lib/python3.7/site-packages/airflow/example_dags/example_task_group_decorator.py for tasks to queue
[2022-12-17T04:25:18.968+0000] {logging_mixin.py:137} INFO - [2022-12-17T04:25:18.967+0000] {dagbag.py:538} INFO - Filling up the DagBag from /home/airflow/.local/lib/python3.7/site-packages/airflow/example_dags/example_task_group_decorator.py
[2022-12-17T04:25:18.988+0000] {processor.py:753} INFO - DAG(s) dict_keys(['example_task_group_decorator']) retrieved from /home/airflow/.local/lib/python3.7/site-packages/airflow/example_dags/example_task_group_decorator.py
[2022-12-17T04:25:19.017+0000] {logging_mixin.py:137} INFO - [2022-12-17T04:25:19.017+0000] {dag.py:2676} INFO - Sync 1 DAGs
[2022-12-17T04:25:19.037+0000] {logging_mixin.py:137} INFO - [2022-12-17T04:25:19.037+0000] {dag.py:3427} INFO - Setting next_dagrun for example_task_group_decorator to 2022-12-16T04:25:19.037044+00:00, run_after=2022-12-17T04:25:19.037044+00:00
[2022-12-17T04:25:19.049+0000] {processor.py:175} INFO - Processing /home/airflow/.local/lib/python3.7/site-packages/airflow/example_dags/example_task_group_decorator.py took 0.085 seconds
[2022-12-17T04:25:49.537+0000] {processor.py:153} INFO - Started process (PID=1240) to work on /home/airflow/.local/lib/python3.7/site-packages/airflow/example_dags/example_task_group_decorator.py
[2022-12-17T04:25:49.538+0000] {processor.py:743} INFO - Processing file /home/airflow/.local/lib/python3.7/site-packages/airflow/example_dags/example_task_group_decorator.py for tasks to queue
[2022-12-17T04:25:49.538+0000] {logging_mixin.py:137} INFO - [2022-12-17T04:25:49.538+0000] {dagbag.py:538} INFO - Filling up the DagBag from /home/airflow/.local/lib/python3.7/site-packages/airflow/example_dags/example_task_group_decorator.py
[2022-12-17T04:25:49.558+0000] {processor.py:753} INFO - DAG(s) dict_keys(['example_task_group_decorator']) retrieved from /home/airflow/.local/lib/python3.7/site-packages/airflow/example_dags/example_task_group_decorator.py
[2022-12-17T04:25:49.587+0000] {logging_mixin.py:137} INFO - [2022-12-17T04:25:49.587+0000] {dag.py:2676} INFO - Sync 1 DAGs
[2022-12-17T04:25:49.606+0000] {logging_mixin.py:137} INFO - [2022-12-17T04:25:49.606+0000] {dag.py:3427} INFO - Setting next_dagrun for example_task_group_decorator to 2022-12-16T04:25:49.606536+00:00, run_after=2022-12-17T04:25:49.606536+00:00
[2022-12-17T04:25:49.619+0000] {processor.py:175} INFO - Processing /home/airflow/.local/lib/python3.7/site-packages/airflow/example_dags/example_task_group_decorator.py took 0.086 seconds
[2022-12-17T04:26:20.045+0000] {processor.py:153} INFO - Started process (PID=1319) to work on /home/airflow/.local/lib/python3.7/site-packages/airflow/example_dags/example_task_group_decorator.py
[2022-12-17T04:26:20.045+0000] {processor.py:743} INFO - Processing file /home/airflow/.local/lib/python3.7/site-packages/airflow/example_dags/example_task_group_decorator.py for tasks to queue
[2022-12-17T04:26:20.046+0000] {logging_mixin.py:137} INFO - [2022-12-17T04:26:20.046+0000] {dagbag.py:538} INFO - Filling up the DagBag from /home/airflow/.local/lib/python3.7/site-packages/airflow/example_dags/example_task_group_decorator.py
[2022-12-17T04:26:20.067+0000] {processor.py:753} INFO - DAG(s) dict_keys(['example_task_group_decorator']) retrieved from /home/airflow/.local/lib/python3.7/site-packages/airflow/example_dags/example_task_group_decorator.py
[2022-12-17T04:26:20.096+0000] {logging_mixin.py:137} INFO - [2022-12-17T04:26:20.096+0000] {dag.py:2676} INFO - Sync 1 DAGs
[2022-12-17T04:26:20.116+0000] {logging_mixin.py:137} INFO - [2022-12-17T04:26:20.116+0000] {dag.py:3427} INFO - Setting next_dagrun for example_task_group_decorator to 2022-12-16T04:26:20.116320+00:00, run_after=2022-12-17T04:26:20.116320+00:00
[2022-12-17T04:26:20.128+0000] {processor.py:175} INFO - Processing /home/airflow/.local/lib/python3.7/site-packages/airflow/example_dags/example_task_group_decorator.py took 0.087 seconds
[2022-12-17T04:26:50.373+0000] {processor.py:153} INFO - Started process (PID=1418) to work on /home/airflow/.local/lib/python3.7/site-packages/airflow/example_dags/example_task_group_decorator.py
[2022-12-17T04:26:50.374+0000] {processor.py:743} INFO - Processing file /home/airflow/.local/lib/python3.7/site-packages/airflow/example_dags/example_task_group_decorator.py for tasks to queue
[2022-12-17T04:26:50.374+0000] {logging_mixin.py:137} INFO - [2022-12-17T04:26:50.374+0000] {dagbag.py:538} INFO - Filling up the DagBag from /home/airflow/.local/lib/python3.7/site-packages/airflow/example_dags/example_task_group_decorator.py
[2022-12-17T04:26:50.396+0000] {processor.py:753} INFO - DAG(s) dict_keys(['example_task_group_decorator']) retrieved from /home/airflow/.local/lib/python3.7/site-packages/airflow/example_dags/example_task_group_decorator.py
[2022-12-17T04:26:50.428+0000] {logging_mixin.py:137} INFO - [2022-12-17T04:26:50.428+0000] {dag.py:2676} INFO - Sync 1 DAGs
[2022-12-17T04:26:50.448+0000] {logging_mixin.py:137} INFO - [2022-12-17T04:26:50.448+0000] {dag.py:3427} INFO - Setting next_dagrun for example_task_group_decorator to 2022-12-16T04:26:50.448051+00:00, run_after=2022-12-17T04:26:50.448051+00:00
[2022-12-17T04:26:50.461+0000] {processor.py:175} INFO - Processing /home/airflow/.local/lib/python3.7/site-packages/airflow/example_dags/example_task_group_decorator.py took 0.090 seconds
[2022-12-17T04:27:20.509+0000] {processor.py:153} INFO - Started process (PID=1497) to work on /home/airflow/.local/lib/python3.7/site-packages/airflow/example_dags/example_task_group_decorator.py
[2022-12-17T04:27:20.510+0000] {processor.py:743} INFO - Processing file /home/airflow/.local/lib/python3.7/site-packages/airflow/example_dags/example_task_group_decorator.py for tasks to queue
[2022-12-17T04:27:20.511+0000] {logging_mixin.py:137} INFO - [2022-12-17T04:27:20.510+0000] {dagbag.py:538} INFO - Filling up the DagBag from /home/airflow/.local/lib/python3.7/site-packages/airflow/example_dags/example_task_group_decorator.py
[2022-12-17T04:27:20.533+0000] {processor.py:753} INFO - DAG(s) dict_keys(['example_task_group_decorator']) retrieved from /home/airflow/.local/lib/python3.7/site-packages/airflow/example_dags/example_task_group_decorator.py
[2022-12-17T04:27:20.565+0000] {logging_mixin.py:137} INFO - [2022-12-17T04:27:20.565+0000] {dag.py:2676} INFO - Sync 1 DAGs
[2022-12-17T04:27:20.585+0000] {logging_mixin.py:137} INFO - [2022-12-17T04:27:20.585+0000] {dag.py:3427} INFO - Setting next_dagrun for example_task_group_decorator to 2022-12-16T04:27:20.585421+00:00, run_after=2022-12-17T04:27:20.585421+00:00
[2022-12-17T04:27:20.597+0000] {processor.py:175} INFO - Processing /home/airflow/.local/lib/python3.7/site-packages/airflow/example_dags/example_task_group_decorator.py took 0.090 seconds
[2022-12-17T04:27:50.952+0000] {processor.py:153} INFO - Started process (PID=1597) to work on /home/airflow/.local/lib/python3.7/site-packages/airflow/example_dags/example_task_group_decorator.py
[2022-12-17T04:27:50.953+0000] {processor.py:743} INFO - Processing file /home/airflow/.local/lib/python3.7/site-packages/airflow/example_dags/example_task_group_decorator.py for tasks to queue
[2022-12-17T04:27:50.953+0000] {logging_mixin.py:137} INFO - [2022-12-17T04:27:50.953+0000] {dagbag.py:538} INFO - Filling up the DagBag from /home/airflow/.local/lib/python3.7/site-packages/airflow/example_dags/example_task_group_decorator.py
[2022-12-17T04:27:50.976+0000] {processor.py:753} INFO - DAG(s) dict_keys(['example_task_group_decorator']) retrieved from /home/airflow/.local/lib/python3.7/site-packages/airflow/example_dags/example_task_group_decorator.py
[2022-12-17T04:27:51.010+0000] {logging_mixin.py:137} INFO - [2022-12-17T04:27:51.010+0000] {dag.py:2676} INFO - Sync 1 DAGs
[2022-12-17T04:27:51.029+0000] {logging_mixin.py:137} INFO - [2022-12-17T04:27:51.029+0000] {dag.py:3427} INFO - Setting next_dagrun for example_task_group_decorator to 2022-12-16T04:27:51.029352+00:00, run_after=2022-12-17T04:27:51.029352+00:00
[2022-12-17T04:27:51.041+0000] {processor.py:175} INFO - Processing /home/airflow/.local/lib/python3.7/site-packages/airflow/example_dags/example_task_group_decorator.py took 0.091 seconds
[2022-12-17T04:28:21.285+0000] {processor.py:153} INFO - Started process (PID=1676) to work on /home/airflow/.local/lib/python3.7/site-packages/airflow/example_dags/example_task_group_decorator.py
[2022-12-17T04:28:21.285+0000] {processor.py:743} INFO - Processing file /home/airflow/.local/lib/python3.7/site-packages/airflow/example_dags/example_task_group_decorator.py for tasks to queue
[2022-12-17T04:28:21.286+0000] {logging_mixin.py:137} INFO - [2022-12-17T04:28:21.286+0000] {dagbag.py:538} INFO - Filling up the DagBag from /home/airflow/.local/lib/python3.7/site-packages/airflow/example_dags/example_task_group_decorator.py
[2022-12-17T04:28:21.312+0000] {processor.py:753} INFO - DAG(s) dict_keys(['example_task_group_decorator']) retrieved from /home/airflow/.local/lib/python3.7/site-packages/airflow/example_dags/example_task_group_decorator.py
[2022-12-17T04:28:21.344+0000] {logging_mixin.py:137} INFO - [2022-12-17T04:28:21.344+0000] {dag.py:2676} INFO - Sync 1 DAGs
[2022-12-17T04:28:21.365+0000] {logging_mixin.py:137} INFO - [2022-12-17T04:28:21.364+0000] {dag.py:3427} INFO - Setting next_dagrun for example_task_group_decorator to 2022-12-16T04:28:21.364757+00:00, run_after=2022-12-17T04:28:21.364757+00:00
[2022-12-17T04:28:21.380+0000] {processor.py:175} INFO - Processing /home/airflow/.local/lib/python3.7/site-packages/airflow/example_dags/example_task_group_decorator.py took 0.098 seconds
[2022-12-17T04:28:51.486+0000] {processor.py:153} INFO - Started process (PID=1776) to work on /home/airflow/.local/lib/python3.7/site-packages/airflow/example_dags/example_task_group_decorator.py
[2022-12-17T04:28:51.487+0000] {processor.py:743} INFO - Processing file /home/airflow/.local/lib/python3.7/site-packages/airflow/example_dags/example_task_group_decorator.py for tasks to queue
[2022-12-17T04:28:51.488+0000] {logging_mixin.py:137} INFO - [2022-12-17T04:28:51.487+0000] {dagbag.py:538} INFO - Filling up the DagBag from /home/airflow/.local/lib/python3.7/site-packages/airflow/example_dags/example_task_group_decorator.py
[2022-12-17T04:28:51.508+0000] {processor.py:753} INFO - DAG(s) dict_keys(['example_task_group_decorator']) retrieved from /home/airflow/.local/lib/python3.7/site-packages/airflow/example_dags/example_task_group_decorator.py
[2022-12-17T04:28:51.535+0000] {logging_mixin.py:137} INFO - [2022-12-17T04:28:51.535+0000] {dag.py:2676} INFO - Sync 1 DAGs
[2022-12-17T04:28:51.554+0000] {logging_mixin.py:137} INFO - [2022-12-17T04:28:51.554+0000] {dag.py:3427} INFO - Setting next_dagrun for example_task_group_decorator to 2022-12-16T04:28:51.554175+00:00, run_after=2022-12-17T04:28:51.554175+00:00
[2022-12-17T04:28:51.567+0000] {processor.py:175} INFO - Processing /home/airflow/.local/lib/python3.7/site-packages/airflow/example_dags/example_task_group_decorator.py took 0.084 seconds
[2022-12-17T04:29:22.024+0000] {processor.py:153} INFO - Started process (PID=1864) to work on /home/airflow/.local/lib/python3.7/site-packages/airflow/example_dags/example_task_group_decorator.py
[2022-12-17T04:29:22.025+0000] {processor.py:743} INFO - Processing file /home/airflow/.local/lib/python3.7/site-packages/airflow/example_dags/example_task_group_decorator.py for tasks to queue
[2022-12-17T04:29:22.025+0000] {logging_mixin.py:137} INFO - [2022-12-17T04:29:22.025+0000] {dagbag.py:538} INFO - Filling up the DagBag from /home/airflow/.local/lib/python3.7/site-packages/airflow/example_dags/example_task_group_decorator.py
[2022-12-17T04:29:22.048+0000] {processor.py:753} INFO - DAG(s) dict_keys(['example_task_group_decorator']) retrieved from /home/airflow/.local/lib/python3.7/site-packages/airflow/example_dags/example_task_group_decorator.py
[2022-12-17T04:29:22.079+0000] {logging_mixin.py:137} INFO - [2022-12-17T04:29:22.079+0000] {dag.py:2676} INFO - Sync 1 DAGs
[2022-12-17T04:29:22.099+0000] {logging_mixin.py:137} INFO - [2022-12-17T04:29:22.099+0000] {dag.py:3427} INFO - Setting next_dagrun for example_task_group_decorator to 2022-12-16T04:29:22.098913+00:00, run_after=2022-12-17T04:29:22.098913+00:00
[2022-12-17T04:29:22.118+0000] {processor.py:175} INFO - Processing /home/airflow/.local/lib/python3.7/site-packages/airflow/example_dags/example_task_group_decorator.py took 0.098 seconds
[2022-12-17T04:29:52.187+0000] {processor.py:153} INFO - Started process (PID=1954) to work on /home/airflow/.local/lib/python3.7/site-packages/airflow/example_dags/example_task_group_decorator.py
[2022-12-17T04:29:52.188+0000] {processor.py:743} INFO - Processing file /home/airflow/.local/lib/python3.7/site-packages/airflow/example_dags/example_task_group_decorator.py for tasks to queue
[2022-12-17T04:29:52.188+0000] {logging_mixin.py:137} INFO - [2022-12-17T04:29:52.188+0000] {dagbag.py:538} INFO - Filling up the DagBag from /home/airflow/.local/lib/python3.7/site-packages/airflow/example_dags/example_task_group_decorator.py
[2022-12-17T04:29:52.207+0000] {processor.py:753} INFO - DAG(s) dict_keys(['example_task_group_decorator']) retrieved from /home/airflow/.local/lib/python3.7/site-packages/airflow/example_dags/example_task_group_decorator.py
[2022-12-17T04:29:52.239+0000] {logging_mixin.py:137} INFO - [2022-12-17T04:29:52.239+0000] {dag.py:2676} INFO - Sync 1 DAGs
[2022-12-17T04:29:52.257+0000] {logging_mixin.py:137} INFO - [2022-12-17T04:29:52.257+0000] {dag.py:3427} INFO - Setting next_dagrun for example_task_group_decorator to 2022-12-16T04:29:52.257048+00:00, run_after=2022-12-17T04:29:52.257048+00:00
[2022-12-17T04:29:52.268+0000] {processor.py:175} INFO - Processing /home/airflow/.local/lib/python3.7/site-packages/airflow/example_dags/example_task_group_decorator.py took 0.083 seconds
[2022-12-17T04:30:22.596+0000] {processor.py:153} INFO - Started process (PID=2053) to work on /home/airflow/.local/lib/python3.7/site-packages/airflow/example_dags/example_task_group_decorator.py
[2022-12-17T04:30:22.597+0000] {processor.py:743} INFO - Processing file /home/airflow/.local/lib/python3.7/site-packages/airflow/example_dags/example_task_group_decorator.py for tasks to queue
[2022-12-17T04:30:22.598+0000] {logging_mixin.py:137} INFO - [2022-12-17T04:30:22.598+0000] {dagbag.py:538} INFO - Filling up the DagBag from /home/airflow/.local/lib/python3.7/site-packages/airflow/example_dags/example_task_group_decorator.py
[2022-12-17T04:30:22.617+0000] {processor.py:753} INFO - DAG(s) dict_keys(['example_task_group_decorator']) retrieved from /home/airflow/.local/lib/python3.7/site-packages/airflow/example_dags/example_task_group_decorator.py
[2022-12-17T04:30:22.649+0000] {logging_mixin.py:137} INFO - [2022-12-17T04:30:22.649+0000] {dag.py:2676} INFO - Sync 1 DAGs
[2022-12-17T04:30:22.667+0000] {logging_mixin.py:137} INFO - [2022-12-17T04:30:22.666+0000] {dag.py:3427} INFO - Setting next_dagrun for example_task_group_decorator to 2022-12-16T04:30:22.666815+00:00, run_after=2022-12-17T04:30:22.666815+00:00
[2022-12-17T04:30:22.679+0000] {processor.py:175} INFO - Processing /home/airflow/.local/lib/python3.7/site-packages/airflow/example_dags/example_task_group_decorator.py took 0.086 seconds
[2022-12-17T04:30:52.801+0000] {processor.py:153} INFO - Started process (PID=2132) to work on /home/airflow/.local/lib/python3.7/site-packages/airflow/example_dags/example_task_group_decorator.py
[2022-12-17T04:30:52.802+0000] {processor.py:743} INFO - Processing file /home/airflow/.local/lib/python3.7/site-packages/airflow/example_dags/example_task_group_decorator.py for tasks to queue
[2022-12-17T04:30:52.802+0000] {logging_mixin.py:137} INFO - [2022-12-17T04:30:52.802+0000] {dagbag.py:538} INFO - Filling up the DagBag from /home/airflow/.local/lib/python3.7/site-packages/airflow/example_dags/example_task_group_decorator.py
[2022-12-17T04:30:52.821+0000] {processor.py:753} INFO - DAG(s) dict_keys(['example_task_group_decorator']) retrieved from /home/airflow/.local/lib/python3.7/site-packages/airflow/example_dags/example_task_group_decorator.py
[2022-12-17T04:30:52.853+0000] {logging_mixin.py:137} INFO - [2022-12-17T04:30:52.853+0000] {dag.py:2676} INFO - Sync 1 DAGs
[2022-12-17T04:30:52.872+0000] {logging_mixin.py:137} INFO - [2022-12-17T04:30:52.872+0000] {dag.py:3427} INFO - Setting next_dagrun for example_task_group_decorator to 2022-12-16T04:30:52.872378+00:00, run_after=2022-12-17T04:30:52.872378+00:00
[2022-12-17T04:30:52.884+0000] {processor.py:175} INFO - Processing /home/airflow/.local/lib/python3.7/site-packages/airflow/example_dags/example_task_group_decorator.py took 0.084 seconds
[2022-12-17T04:31:23.105+0000] {processor.py:153} INFO - Started process (PID=2231) to work on /home/airflow/.local/lib/python3.7/site-packages/airflow/example_dags/example_task_group_decorator.py
[2022-12-17T04:31:23.106+0000] {processor.py:743} INFO - Processing file /home/airflow/.local/lib/python3.7/site-packages/airflow/example_dags/example_task_group_decorator.py for tasks to queue
[2022-12-17T04:31:23.106+0000] {logging_mixin.py:137} INFO - [2022-12-17T04:31:23.106+0000] {dagbag.py:538} INFO - Filling up the DagBag from /home/airflow/.local/lib/python3.7/site-packages/airflow/example_dags/example_task_group_decorator.py
[2022-12-17T04:31:23.125+0000] {processor.py:753} INFO - DAG(s) dict_keys(['example_task_group_decorator']) retrieved from /home/airflow/.local/lib/python3.7/site-packages/airflow/example_dags/example_task_group_decorator.py
[2022-12-17T04:31:23.152+0000] {logging_mixin.py:137} INFO - [2022-12-17T04:31:23.152+0000] {dag.py:2676} INFO - Sync 1 DAGs
[2022-12-17T04:31:23.171+0000] {logging_mixin.py:137} INFO - [2022-12-17T04:31:23.171+0000] {dag.py:3427} INFO - Setting next_dagrun for example_task_group_decorator to 2022-12-16T04:31:23.171571+00:00, run_after=2022-12-17T04:31:23.171571+00:00
[2022-12-17T04:31:23.188+0000] {processor.py:175} INFO - Processing /home/airflow/.local/lib/python3.7/site-packages/airflow/example_dags/example_task_group_decorator.py took 0.085 seconds
[2022-12-17T04:31:53.721+0000] {processor.py:153} INFO - Started process (PID=2310) to work on /home/airflow/.local/lib/python3.7/site-packages/airflow/example_dags/example_task_group_decorator.py
[2022-12-17T04:31:53.722+0000] {processor.py:743} INFO - Processing file /home/airflow/.local/lib/python3.7/site-packages/airflow/example_dags/example_task_group_decorator.py for tasks to queue
[2022-12-17T04:31:53.722+0000] {logging_mixin.py:137} INFO - [2022-12-17T04:31:53.722+0000] {dagbag.py:538} INFO - Filling up the DagBag from /home/airflow/.local/lib/python3.7/site-packages/airflow/example_dags/example_task_group_decorator.py
[2022-12-17T04:31:53.746+0000] {processor.py:753} INFO - DAG(s) dict_keys(['example_task_group_decorator']) retrieved from /home/airflow/.local/lib/python3.7/site-packages/airflow/example_dags/example_task_group_decorator.py
[2022-12-17T04:31:53.780+0000] {logging_mixin.py:137} INFO - [2022-12-17T04:31:53.780+0000] {dag.py:2676} INFO - Sync 1 DAGs
[2022-12-17T04:31:53.799+0000] {logging_mixin.py:137} INFO - [2022-12-17T04:31:53.799+0000] {dag.py:3427} INFO - Setting next_dagrun for example_task_group_decorator to 2022-12-16T04:31:53.799517+00:00, run_after=2022-12-17T04:31:53.799517+00:00
[2022-12-17T04:31:53.812+0000] {processor.py:175} INFO - Processing /home/airflow/.local/lib/python3.7/site-packages/airflow/example_dags/example_task_group_decorator.py took 0.094 seconds
[2022-12-17T04:32:23.916+0000] {processor.py:153} INFO - Started process (PID=2410) to work on /home/airflow/.local/lib/python3.7/site-packages/airflow/example_dags/example_task_group_decorator.py
[2022-12-17T04:32:23.916+0000] {processor.py:743} INFO - Processing file /home/airflow/.local/lib/python3.7/site-packages/airflow/example_dags/example_task_group_decorator.py for tasks to queue
[2022-12-17T04:32:23.917+0000] {logging_mixin.py:137} INFO - [2022-12-17T04:32:23.917+0000] {dagbag.py:538} INFO - Filling up the DagBag from /home/airflow/.local/lib/python3.7/site-packages/airflow/example_dags/example_task_group_decorator.py
[2022-12-17T04:32:23.938+0000] {processor.py:753} INFO - DAG(s) dict_keys(['example_task_group_decorator']) retrieved from /home/airflow/.local/lib/python3.7/site-packages/airflow/example_dags/example_task_group_decorator.py
[2022-12-17T04:32:23.970+0000] {logging_mixin.py:137} INFO - [2022-12-17T04:32:23.970+0000] {dag.py:2676} INFO - Sync 1 DAGs
[2022-12-17T04:32:23.988+0000] {logging_mixin.py:137} INFO - [2022-12-17T04:32:23.988+0000] {dag.py:3427} INFO - Setting next_dagrun for example_task_group_decorator to 2022-12-16T04:32:23.988535+00:00, run_after=2022-12-17T04:32:23.988535+00:00
[2022-12-17T04:32:24.001+0000] {processor.py:175} INFO - Processing /home/airflow/.local/lib/python3.7/site-packages/airflow/example_dags/example_task_group_decorator.py took 0.088 seconds
[2022-12-17T04:32:54.264+0000] {processor.py:153} INFO - Started process (PID=2498) to work on /home/airflow/.local/lib/python3.7/site-packages/airflow/example_dags/example_task_group_decorator.py
[2022-12-17T04:32:54.264+0000] {processor.py:743} INFO - Processing file /home/airflow/.local/lib/python3.7/site-packages/airflow/example_dags/example_task_group_decorator.py for tasks to queue
[2022-12-17T04:32:54.265+0000] {logging_mixin.py:137} INFO - [2022-12-17T04:32:54.264+0000] {dagbag.py:538} INFO - Filling up the DagBag from /home/airflow/.local/lib/python3.7/site-packages/airflow/example_dags/example_task_group_decorator.py
[2022-12-17T04:32:54.287+0000] {processor.py:753} INFO - DAG(s) dict_keys(['example_task_group_decorator']) retrieved from /home/airflow/.local/lib/python3.7/site-packages/airflow/example_dags/example_task_group_decorator.py
[2022-12-17T04:32:54.314+0000] {logging_mixin.py:137} INFO - [2022-12-17T04:32:54.314+0000] {dag.py:2676} INFO - Sync 1 DAGs
[2022-12-17T04:32:54.333+0000] {logging_mixin.py:137} INFO - [2022-12-17T04:32:54.333+0000] {dag.py:3427} INFO - Setting next_dagrun for example_task_group_decorator to 2022-12-16T04:32:54.333337+00:00, run_after=2022-12-17T04:32:54.333337+00:00
[2022-12-17T04:32:54.345+0000] {processor.py:175} INFO - Processing /home/airflow/.local/lib/python3.7/site-packages/airflow/example_dags/example_task_group_decorator.py took 0.083 seconds
[2022-12-17T04:33:24.428+0000] {processor.py:153} INFO - Started process (PID=2589) to work on /home/airflow/.local/lib/python3.7/site-packages/airflow/example_dags/example_task_group_decorator.py
[2022-12-17T04:33:24.429+0000] {processor.py:743} INFO - Processing file /home/airflow/.local/lib/python3.7/site-packages/airflow/example_dags/example_task_group_decorator.py for tasks to queue
[2022-12-17T04:33:24.429+0000] {logging_mixin.py:137} INFO - [2022-12-17T04:33:24.429+0000] {dagbag.py:538} INFO - Filling up the DagBag from /home/airflow/.local/lib/python3.7/site-packages/airflow/example_dags/example_task_group_decorator.py
[2022-12-17T04:33:24.452+0000] {processor.py:753} INFO - DAG(s) dict_keys(['example_task_group_decorator']) retrieved from /home/airflow/.local/lib/python3.7/site-packages/airflow/example_dags/example_task_group_decorator.py
[2022-12-17T04:33:24.487+0000] {logging_mixin.py:137} INFO - [2022-12-17T04:33:24.487+0000] {dag.py:2676} INFO - Sync 1 DAGs
[2022-12-17T04:33:24.509+0000] {logging_mixin.py:137} INFO - [2022-12-17T04:33:24.508+0000] {dag.py:3427} INFO - Setting next_dagrun for example_task_group_decorator to 2022-12-16T04:33:24.508715+00:00, run_after=2022-12-17T04:33:24.508715+00:00
[2022-12-17T04:33:24.521+0000] {processor.py:175} INFO - Processing /home/airflow/.local/lib/python3.7/site-packages/airflow/example_dags/example_task_group_decorator.py took 0.095 seconds
[2022-12-17T04:33:54.988+0000] {processor.py:153} INFO - Started process (PID=2688) to work on /home/airflow/.local/lib/python3.7/site-packages/airflow/example_dags/example_task_group_decorator.py
[2022-12-17T04:33:54.989+0000] {processor.py:743} INFO - Processing file /home/airflow/.local/lib/python3.7/site-packages/airflow/example_dags/example_task_group_decorator.py for tasks to queue
[2022-12-17T04:33:54.990+0000] {logging_mixin.py:137} INFO - [2022-12-17T04:33:54.990+0000] {dagbag.py:538} INFO - Filling up the DagBag from /home/airflow/.local/lib/python3.7/site-packages/airflow/example_dags/example_task_group_decorator.py
[2022-12-17T04:33:55.011+0000] {processor.py:753} INFO - DAG(s) dict_keys(['example_task_group_decorator']) retrieved from /home/airflow/.local/lib/python3.7/site-packages/airflow/example_dags/example_task_group_decorator.py
[2022-12-17T04:33:55.043+0000] {logging_mixin.py:137} INFO - [2022-12-17T04:33:55.043+0000] {dag.py:2676} INFO - Sync 1 DAGs
[2022-12-17T04:33:55.063+0000] {logging_mixin.py:137} INFO - [2022-12-17T04:33:55.062+0000] {dag.py:3427} INFO - Setting next_dagrun for example_task_group_decorator to 2022-12-16T04:33:55.062735+00:00, run_after=2022-12-17T04:33:55.062735+00:00
[2022-12-17T04:33:55.077+0000] {processor.py:175} INFO - Processing /home/airflow/.local/lib/python3.7/site-packages/airflow/example_dags/example_task_group_decorator.py took 0.091 seconds
[2022-12-17T04:34:25.348+0000] {processor.py:153} INFO - Started process (PID=2767) to work on /home/airflow/.local/lib/python3.7/site-packages/airflow/example_dags/example_task_group_decorator.py
[2022-12-17T04:34:25.349+0000] {processor.py:743} INFO - Processing file /home/airflow/.local/lib/python3.7/site-packages/airflow/example_dags/example_task_group_decorator.py for tasks to queue
[2022-12-17T04:34:25.349+0000] {logging_mixin.py:137} INFO - [2022-12-17T04:34:25.349+0000] {dagbag.py:538} INFO - Filling up the DagBag from /home/airflow/.local/lib/python3.7/site-packages/airflow/example_dags/example_task_group_decorator.py
[2022-12-17T04:34:25.372+0000] {processor.py:753} INFO - DAG(s) dict_keys(['example_task_group_decorator']) retrieved from /home/airflow/.local/lib/python3.7/site-packages/airflow/example_dags/example_task_group_decorator.py
[2022-12-17T04:34:25.406+0000] {logging_mixin.py:137} INFO - [2022-12-17T04:34:25.406+0000] {dag.py:2676} INFO - Sync 1 DAGs
[2022-12-17T04:34:25.425+0000] {logging_mixin.py:137} INFO - [2022-12-17T04:34:25.425+0000] {dag.py:3427} INFO - Setting next_dagrun for example_task_group_decorator to 2022-12-16T04:34:25.425300+00:00, run_after=2022-12-17T04:34:25.425300+00:00
[2022-12-17T04:34:25.439+0000] {processor.py:175} INFO - Processing /home/airflow/.local/lib/python3.7/site-packages/airflow/example_dags/example_task_group_decorator.py took 0.093 seconds
[2022-12-17T04:34:55.659+0000] {processor.py:153} INFO - Started process (PID=2866) to work on /home/airflow/.local/lib/python3.7/site-packages/airflow/example_dags/example_task_group_decorator.py
[2022-12-17T04:34:55.660+0000] {processor.py:743} INFO - Processing file /home/airflow/.local/lib/python3.7/site-packages/airflow/example_dags/example_task_group_decorator.py for tasks to queue
[2022-12-17T04:34:55.661+0000] {logging_mixin.py:137} INFO - [2022-12-17T04:34:55.661+0000] {dagbag.py:538} INFO - Filling up the DagBag from /home/airflow/.local/lib/python3.7/site-packages/airflow/example_dags/example_task_group_decorator.py
[2022-12-17T04:34:55.682+0000] {processor.py:753} INFO - DAG(s) dict_keys(['example_task_group_decorator']) retrieved from /home/airflow/.local/lib/python3.7/site-packages/airflow/example_dags/example_task_group_decorator.py
[2022-12-17T04:34:55.711+0000] {logging_mixin.py:137} INFO - [2022-12-17T04:34:55.711+0000] {dag.py:2676} INFO - Sync 1 DAGs
[2022-12-17T04:34:55.730+0000] {logging_mixin.py:137} INFO - [2022-12-17T04:34:55.730+0000] {dag.py:3427} INFO - Setting next_dagrun for example_task_group_decorator to 2022-12-16T04:34:55.729836+00:00, run_after=2022-12-17T04:34:55.729836+00:00
[2022-12-17T04:34:55.745+0000] {processor.py:175} INFO - Processing /home/airflow/.local/lib/python3.7/site-packages/airflow/example_dags/example_task_group_decorator.py took 0.088 seconds
[2022-12-17T04:35:26.133+0000] {processor.py:153} INFO - Started process (PID=2945) to work on /home/airflow/.local/lib/python3.7/site-packages/airflow/example_dags/example_task_group_decorator.py
[2022-12-17T04:35:26.133+0000] {processor.py:743} INFO - Processing file /home/airflow/.local/lib/python3.7/site-packages/airflow/example_dags/example_task_group_decorator.py for tasks to queue
[2022-12-17T04:35:26.134+0000] {logging_mixin.py:137} INFO - [2022-12-17T04:35:26.134+0000] {dagbag.py:538} INFO - Filling up the DagBag from /home/airflow/.local/lib/python3.7/site-packages/airflow/example_dags/example_task_group_decorator.py
[2022-12-17T04:35:26.157+0000] {processor.py:753} INFO - DAG(s) dict_keys(['example_task_group_decorator']) retrieved from /home/airflow/.local/lib/python3.7/site-packages/airflow/example_dags/example_task_group_decorator.py
[2022-12-17T04:35:26.186+0000] {logging_mixin.py:137} INFO - [2022-12-17T04:35:26.186+0000] {dag.py:2676} INFO - Sync 1 DAGs
[2022-12-17T04:35:26.207+0000] {logging_mixin.py:137} INFO - [2022-12-17T04:35:26.207+0000] {dag.py:3427} INFO - Setting next_dagrun for example_task_group_decorator to 2022-12-16T04:35:26.207638+00:00, run_after=2022-12-17T04:35:26.207638+00:00
[2022-12-17T04:35:26.221+0000] {processor.py:175} INFO - Processing /home/airflow/.local/lib/python3.7/site-packages/airflow/example_dags/example_task_group_decorator.py took 0.089 seconds
[2022-12-17T04:35:56.726+0000] {processor.py:153} INFO - Started process (PID=3043) to work on /home/airflow/.local/lib/python3.7/site-packages/airflow/example_dags/example_task_group_decorator.py
[2022-12-17T04:35:56.727+0000] {processor.py:743} INFO - Processing file /home/airflow/.local/lib/python3.7/site-packages/airflow/example_dags/example_task_group_decorator.py for tasks to queue
[2022-12-17T04:35:56.727+0000] {logging_mixin.py:137} INFO - [2022-12-17T04:35:56.727+0000] {dagbag.py:538} INFO - Filling up the DagBag from /home/airflow/.local/lib/python3.7/site-packages/airflow/example_dags/example_task_group_decorator.py
[2022-12-17T04:35:56.752+0000] {processor.py:753} INFO - DAG(s) dict_keys(['example_task_group_decorator']) retrieved from /home/airflow/.local/lib/python3.7/site-packages/airflow/example_dags/example_task_group_decorator.py
[2022-12-17T04:35:56.785+0000] {logging_mixin.py:137} INFO - [2022-12-17T04:35:56.785+0000] {dag.py:2676} INFO - Sync 1 DAGs
[2022-12-17T04:35:56.805+0000] {logging_mixin.py:137} INFO - [2022-12-17T04:35:56.805+0000] {dag.py:3427} INFO - Setting next_dagrun for example_task_group_decorator to 2022-12-16T04:35:56.805261+00:00, run_after=2022-12-17T04:35:56.805261+00:00
[2022-12-17T04:35:56.817+0000] {processor.py:175} INFO - Processing /home/airflow/.local/lib/python3.7/site-packages/airflow/example_dags/example_task_group_decorator.py took 0.094 seconds
[2022-12-17T04:36:27.247+0000] {processor.py:153} INFO - Started process (PID=3131) to work on /home/airflow/.local/lib/python3.7/site-packages/airflow/example_dags/example_task_group_decorator.py
[2022-12-17T04:36:27.248+0000] {processor.py:743} INFO - Processing file /home/airflow/.local/lib/python3.7/site-packages/airflow/example_dags/example_task_group_decorator.py for tasks to queue
[2022-12-17T04:36:27.248+0000] {logging_mixin.py:137} INFO - [2022-12-17T04:36:27.248+0000] {dagbag.py:538} INFO - Filling up the DagBag from /home/airflow/.local/lib/python3.7/site-packages/airflow/example_dags/example_task_group_decorator.py
[2022-12-17T04:36:27.270+0000] {processor.py:753} INFO - DAG(s) dict_keys(['example_task_group_decorator']) retrieved from /home/airflow/.local/lib/python3.7/site-packages/airflow/example_dags/example_task_group_decorator.py
[2022-12-17T04:36:27.305+0000] {logging_mixin.py:137} INFO - [2022-12-17T04:36:27.305+0000] {dag.py:2676} INFO - Sync 1 DAGs
[2022-12-17T04:36:27.324+0000] {logging_mixin.py:137} INFO - [2022-12-17T04:36:27.324+0000] {dag.py:3427} INFO - Setting next_dagrun for example_task_group_decorator to 2022-12-16T04:36:27.324481+00:00, run_after=2022-12-17T04:36:27.324481+00:00
[2022-12-17T04:36:27.338+0000] {processor.py:175} INFO - Processing /home/airflow/.local/lib/python3.7/site-packages/airflow/example_dags/example_task_group_decorator.py took 0.093 seconds
[2022-12-17T04:36:57.707+0000] {processor.py:153} INFO - Started process (PID=3221) to work on /home/airflow/.local/lib/python3.7/site-packages/airflow/example_dags/example_task_group_decorator.py
[2022-12-17T04:36:57.708+0000] {processor.py:743} INFO - Processing file /home/airflow/.local/lib/python3.7/site-packages/airflow/example_dags/example_task_group_decorator.py for tasks to queue
[2022-12-17T04:36:57.708+0000] {logging_mixin.py:137} INFO - [2022-12-17T04:36:57.708+0000] {dagbag.py:538} INFO - Filling up the DagBag from /home/airflow/.local/lib/python3.7/site-packages/airflow/example_dags/example_task_group_decorator.py
[2022-12-17T04:36:57.729+0000] {processor.py:753} INFO - DAG(s) dict_keys(['example_task_group_decorator']) retrieved from /home/airflow/.local/lib/python3.7/site-packages/airflow/example_dags/example_task_group_decorator.py
[2022-12-17T04:36:57.758+0000] {logging_mixin.py:137} INFO - [2022-12-17T04:36:57.758+0000] {dag.py:2676} INFO - Sync 1 DAGs
[2022-12-17T04:36:57.779+0000] {logging_mixin.py:137} INFO - [2022-12-17T04:36:57.779+0000] {dag.py:3427} INFO - Setting next_dagrun for example_task_group_decorator to 2022-12-16T04:36:57.778965+00:00, run_after=2022-12-17T04:36:57.778965+00:00
[2022-12-17T04:36:57.792+0000] {processor.py:175} INFO - Processing /home/airflow/.local/lib/python3.7/site-packages/airflow/example_dags/example_task_group_decorator.py took 0.087 seconds
[2022-12-17T04:37:27.978+0000] {processor.py:153} INFO - Started process (PID=3320) to work on /home/airflow/.local/lib/python3.7/site-packages/airflow/example_dags/example_task_group_decorator.py
[2022-12-17T04:37:27.978+0000] {processor.py:743} INFO - Processing file /home/airflow/.local/lib/python3.7/site-packages/airflow/example_dags/example_task_group_decorator.py for tasks to queue
[2022-12-17T04:37:27.979+0000] {logging_mixin.py:137} INFO - [2022-12-17T04:37:27.979+0000] {dagbag.py:538} INFO - Filling up the DagBag from /home/airflow/.local/lib/python3.7/site-packages/airflow/example_dags/example_task_group_decorator.py
[2022-12-17T04:37:27.998+0000] {processor.py:753} INFO - DAG(s) dict_keys(['example_task_group_decorator']) retrieved from /home/airflow/.local/lib/python3.7/site-packages/airflow/example_dags/example_task_group_decorator.py
[2022-12-17T04:37:28.028+0000] {logging_mixin.py:137} INFO - [2022-12-17T04:37:28.028+0000] {dag.py:2676} INFO - Sync 1 DAGs
[2022-12-17T04:37:28.047+0000] {logging_mixin.py:137} INFO - [2022-12-17T04:37:28.047+0000] {dag.py:3427} INFO - Setting next_dagrun for example_task_group_decorator to 2022-12-16T04:37:28.047382+00:00, run_after=2022-12-17T04:37:28.047382+00:00
[2022-12-17T04:37:28.059+0000] {processor.py:175} INFO - Processing /home/airflow/.local/lib/python3.7/site-packages/airflow/example_dags/example_task_group_decorator.py took 0.084 seconds
[2022-12-17T04:37:58.414+0000] {processor.py:153} INFO - Started process (PID=3399) to work on /home/airflow/.local/lib/python3.7/site-packages/airflow/example_dags/example_task_group_decorator.py
[2022-12-17T04:37:58.415+0000] {processor.py:743} INFO - Processing file /home/airflow/.local/lib/python3.7/site-packages/airflow/example_dags/example_task_group_decorator.py for tasks to queue
[2022-12-17T04:37:58.415+0000] {logging_mixin.py:137} INFO - [2022-12-17T04:37:58.415+0000] {dagbag.py:538} INFO - Filling up the DagBag from /home/airflow/.local/lib/python3.7/site-packages/airflow/example_dags/example_task_group_decorator.py
[2022-12-17T04:37:58.437+0000] {processor.py:753} INFO - DAG(s) dict_keys(['example_task_group_decorator']) retrieved from /home/airflow/.local/lib/python3.7/site-packages/airflow/example_dags/example_task_group_decorator.py
[2022-12-17T04:37:58.470+0000] {logging_mixin.py:137} INFO - [2022-12-17T04:37:58.470+0000] {dag.py:2676} INFO - Sync 1 DAGs
[2022-12-17T04:37:58.498+0000] {logging_mixin.py:137} INFO - [2022-12-17T04:37:58.498+0000] {dag.py:3427} INFO - Setting next_dagrun for example_task_group_decorator to 2022-12-16T04:37:58.498248+00:00, run_after=2022-12-17T04:37:58.498248+00:00
[2022-12-17T04:37:58.515+0000] {processor.py:175} INFO - Processing /home/airflow/.local/lib/python3.7/site-packages/airflow/example_dags/example_task_group_decorator.py took 0.104 seconds
[2022-12-17T04:38:28.806+0000] {processor.py:153} INFO - Started process (PID=3498) to work on /home/airflow/.local/lib/python3.7/site-packages/airflow/example_dags/example_task_group_decorator.py
[2022-12-17T04:38:28.806+0000] {processor.py:743} INFO - Processing file /home/airflow/.local/lib/python3.7/site-packages/airflow/example_dags/example_task_group_decorator.py for tasks to queue
[2022-12-17T04:38:28.807+0000] {logging_mixin.py:137} INFO - [2022-12-17T04:38:28.807+0000] {dagbag.py:538} INFO - Filling up the DagBag from /home/airflow/.local/lib/python3.7/site-packages/airflow/example_dags/example_task_group_decorator.py
[2022-12-17T04:38:28.827+0000] {processor.py:753} INFO - DAG(s) dict_keys(['example_task_group_decorator']) retrieved from /home/airflow/.local/lib/python3.7/site-packages/airflow/example_dags/example_task_group_decorator.py
[2022-12-17T04:38:28.859+0000] {logging_mixin.py:137} INFO - [2022-12-17T04:38:28.859+0000] {dag.py:2676} INFO - Sync 1 DAGs
[2022-12-17T04:38:28.878+0000] {logging_mixin.py:137} INFO - [2022-12-17T04:38:28.878+0000] {dag.py:3427} INFO - Setting next_dagrun for example_task_group_decorator to 2022-12-16T04:38:28.878407+00:00, run_after=2022-12-17T04:38:28.878407+00:00
[2022-12-17T04:38:28.894+0000] {processor.py:175} INFO - Processing /home/airflow/.local/lib/python3.7/site-packages/airflow/example_dags/example_task_group_decorator.py took 0.092 seconds
[2022-12-17T04:38:59.208+0000] {processor.py:153} INFO - Started process (PID=3577) to work on /home/airflow/.local/lib/python3.7/site-packages/airflow/example_dags/example_task_group_decorator.py
[2022-12-17T04:38:59.208+0000] {processor.py:743} INFO - Processing file /home/airflow/.local/lib/python3.7/site-packages/airflow/example_dags/example_task_group_decorator.py for tasks to queue
[2022-12-17T04:38:59.209+0000] {logging_mixin.py:137} INFO - [2022-12-17T04:38:59.209+0000] {dagbag.py:538} INFO - Filling up the DagBag from /home/airflow/.local/lib/python3.7/site-packages/airflow/example_dags/example_task_group_decorator.py
[2022-12-17T04:38:59.232+0000] {processor.py:753} INFO - DAG(s) dict_keys(['example_task_group_decorator']) retrieved from /home/airflow/.local/lib/python3.7/site-packages/airflow/example_dags/example_task_group_decorator.py
[2022-12-17T04:38:59.260+0000] {logging_mixin.py:137} INFO - [2022-12-17T04:38:59.260+0000] {dag.py:2676} INFO - Sync 1 DAGs
[2022-12-17T04:38:59.281+0000] {logging_mixin.py:137} INFO - [2022-12-17T04:38:59.280+0000] {dag.py:3427} INFO - Setting next_dagrun for example_task_group_decorator to 2022-12-16T04:38:59.280791+00:00, run_after=2022-12-17T04:38:59.280791+00:00
[2022-12-17T04:38:59.299+0000] {processor.py:175} INFO - Processing /home/airflow/.local/lib/python3.7/site-packages/airflow/example_dags/example_task_group_decorator.py took 0.093 seconds
[2022-12-17T04:39:29.630+0000] {processor.py:153} INFO - Started process (PID=3676) to work on /home/airflow/.local/lib/python3.7/site-packages/airflow/example_dags/example_task_group_decorator.py
[2022-12-17T04:39:29.631+0000] {processor.py:743} INFO - Processing file /home/airflow/.local/lib/python3.7/site-packages/airflow/example_dags/example_task_group_decorator.py for tasks to queue
[2022-12-17T04:39:29.632+0000] {logging_mixin.py:137} INFO - [2022-12-17T04:39:29.631+0000] {dagbag.py:538} INFO - Filling up the DagBag from /home/airflow/.local/lib/python3.7/site-packages/airflow/example_dags/example_task_group_decorator.py
[2022-12-17T04:39:29.653+0000] {processor.py:753} INFO - DAG(s) dict_keys(['example_task_group_decorator']) retrieved from /home/airflow/.local/lib/python3.7/site-packages/airflow/example_dags/example_task_group_decorator.py
[2022-12-17T04:39:29.685+0000] {logging_mixin.py:137} INFO - [2022-12-17T04:39:29.685+0000] {dag.py:2676} INFO - Sync 1 DAGs
[2022-12-17T04:39:29.706+0000] {logging_mixin.py:137} INFO - [2022-12-17T04:39:29.706+0000] {dag.py:3427} INFO - Setting next_dagrun for example_task_group_decorator to 2022-12-16T04:39:29.705866+00:00, run_after=2022-12-17T04:39:29.705866+00:00
[2022-12-17T04:39:29.724+0000] {processor.py:175} INFO - Processing /home/airflow/.local/lib/python3.7/site-packages/airflow/example_dags/example_task_group_decorator.py took 0.097 seconds
[2022-12-17T04:40:00.128+0000] {processor.py:153} INFO - Started process (PID=3764) to work on /home/airflow/.local/lib/python3.7/site-packages/airflow/example_dags/example_task_group_decorator.py
[2022-12-17T04:40:00.129+0000] {processor.py:743} INFO - Processing file /home/airflow/.local/lib/python3.7/site-packages/airflow/example_dags/example_task_group_decorator.py for tasks to queue
[2022-12-17T04:40:00.129+0000] {logging_mixin.py:137} INFO - [2022-12-17T04:40:00.129+0000] {dagbag.py:538} INFO - Filling up the DagBag from /home/airflow/.local/lib/python3.7/site-packages/airflow/example_dags/example_task_group_decorator.py
[2022-12-17T04:40:00.153+0000] {processor.py:753} INFO - DAG(s) dict_keys(['example_task_group_decorator']) retrieved from /home/airflow/.local/lib/python3.7/site-packages/airflow/example_dags/example_task_group_decorator.py
[2022-12-17T04:40:00.190+0000] {logging_mixin.py:137} INFO - [2022-12-17T04:40:00.190+0000] {dag.py:2676} INFO - Sync 1 DAGs
[2022-12-17T04:40:00.218+0000] {logging_mixin.py:137} INFO - [2022-12-17T04:40:00.218+0000] {dag.py:3427} INFO - Setting next_dagrun for example_task_group_decorator to 2022-12-16T04:40:00.218356+00:00, run_after=2022-12-17T04:40:00.218356+00:00
[2022-12-17T04:40:00.236+0000] {processor.py:175} INFO - Processing /home/airflow/.local/lib/python3.7/site-packages/airflow/example_dags/example_task_group_decorator.py took 0.112 seconds
[2022-12-17T04:40:30.529+0000] {processor.py:153} INFO - Started process (PID=3855) to work on /home/airflow/.local/lib/python3.7/site-packages/airflow/example_dags/example_task_group_decorator.py
[2022-12-17T04:40:30.530+0000] {processor.py:743} INFO - Processing file /home/airflow/.local/lib/python3.7/site-packages/airflow/example_dags/example_task_group_decorator.py for tasks to queue
[2022-12-17T04:40:30.530+0000] {logging_mixin.py:137} INFO - [2022-12-17T04:40:30.530+0000] {dagbag.py:538} INFO - Filling up the DagBag from /home/airflow/.local/lib/python3.7/site-packages/airflow/example_dags/example_task_group_decorator.py
[2022-12-17T04:40:30.551+0000] {processor.py:753} INFO - DAG(s) dict_keys(['example_task_group_decorator']) retrieved from /home/airflow/.local/lib/python3.7/site-packages/airflow/example_dags/example_task_group_decorator.py
[2022-12-17T04:40:30.583+0000] {logging_mixin.py:137} INFO - [2022-12-17T04:40:30.583+0000] {dag.py:2676} INFO - Sync 1 DAGs
[2022-12-17T04:40:30.605+0000] {logging_mixin.py:137} INFO - [2022-12-17T04:40:30.605+0000] {dag.py:3427} INFO - Setting next_dagrun for example_task_group_decorator to 2022-12-16T04:40:30.605401+00:00, run_after=2022-12-17T04:40:30.605401+00:00
[2022-12-17T04:40:30.619+0000] {processor.py:175} INFO - Processing /home/airflow/.local/lib/python3.7/site-packages/airflow/example_dags/example_task_group_decorator.py took 0.091 seconds
[2022-12-17T04:41:00.684+0000] {processor.py:153} INFO - Started process (PID=3954) to work on /home/airflow/.local/lib/python3.7/site-packages/airflow/example_dags/example_task_group_decorator.py
[2022-12-17T04:41:00.684+0000] {processor.py:743} INFO - Processing file /home/airflow/.local/lib/python3.7/site-packages/airflow/example_dags/example_task_group_decorator.py for tasks to queue
[2022-12-17T04:41:00.685+0000] {logging_mixin.py:137} INFO - [2022-12-17T04:41:00.685+0000] {dagbag.py:538} INFO - Filling up the DagBag from /home/airflow/.local/lib/python3.7/site-packages/airflow/example_dags/example_task_group_decorator.py
[2022-12-17T04:41:00.714+0000] {processor.py:753} INFO - DAG(s) dict_keys(['example_task_group_decorator']) retrieved from /home/airflow/.local/lib/python3.7/site-packages/airflow/example_dags/example_task_group_decorator.py
[2022-12-17T04:41:00.752+0000] {logging_mixin.py:137} INFO - [2022-12-17T04:41:00.752+0000] {dag.py:2676} INFO - Sync 1 DAGs
[2022-12-17T04:41:00.775+0000] {logging_mixin.py:137} INFO - [2022-12-17T04:41:00.775+0000] {dag.py:3427} INFO - Setting next_dagrun for example_task_group_decorator to 2022-12-16T04:41:00.775111+00:00, run_after=2022-12-17T04:41:00.775111+00:00
[2022-12-17T04:41:00.789+0000] {processor.py:175} INFO - Processing /home/airflow/.local/lib/python3.7/site-packages/airflow/example_dags/example_task_group_decorator.py took 0.109 seconds
[2022-12-17T04:41:31.123+0000] {processor.py:153} INFO - Started process (PID=4033) to work on /home/airflow/.local/lib/python3.7/site-packages/airflow/example_dags/example_task_group_decorator.py
[2022-12-17T04:41:31.124+0000] {processor.py:743} INFO - Processing file /home/airflow/.local/lib/python3.7/site-packages/airflow/example_dags/example_task_group_decorator.py for tasks to queue
[2022-12-17T04:41:31.124+0000] {logging_mixin.py:137} INFO - [2022-12-17T04:41:31.124+0000] {dagbag.py:538} INFO - Filling up the DagBag from /home/airflow/.local/lib/python3.7/site-packages/airflow/example_dags/example_task_group_decorator.py
[2022-12-17T04:41:31.146+0000] {processor.py:753} INFO - DAG(s) dict_keys(['example_task_group_decorator']) retrieved from /home/airflow/.local/lib/python3.7/site-packages/airflow/example_dags/example_task_group_decorator.py
[2022-12-17T04:41:31.179+0000] {logging_mixin.py:137} INFO - [2022-12-17T04:41:31.179+0000] {dag.py:2676} INFO - Sync 1 DAGs
[2022-12-17T04:41:31.200+0000] {logging_mixin.py:137} INFO - [2022-12-17T04:41:31.200+0000] {dag.py:3427} INFO - Setting next_dagrun for example_task_group_decorator to 2022-12-16T04:41:31.200285+00:00, run_after=2022-12-17T04:41:31.200285+00:00
[2022-12-17T04:41:31.212+0000] {processor.py:175} INFO - Processing /home/airflow/.local/lib/python3.7/site-packages/airflow/example_dags/example_task_group_decorator.py took 0.092 seconds
[2022-12-17T04:42:01.395+0000] {processor.py:153} INFO - Started process (PID=4133) to work on /home/airflow/.local/lib/python3.7/site-packages/airflow/example_dags/example_task_group_decorator.py
[2022-12-17T04:42:01.396+0000] {processor.py:743} INFO - Processing file /home/airflow/.local/lib/python3.7/site-packages/airflow/example_dags/example_task_group_decorator.py for tasks to queue
[2022-12-17T04:42:01.396+0000] {logging_mixin.py:137} INFO - [2022-12-17T04:42:01.396+0000] {dagbag.py:538} INFO - Filling up the DagBag from /home/airflow/.local/lib/python3.7/site-packages/airflow/example_dags/example_task_group_decorator.py
[2022-12-17T04:42:01.416+0000] {processor.py:753} INFO - DAG(s) dict_keys(['example_task_group_decorator']) retrieved from /home/airflow/.local/lib/python3.7/site-packages/airflow/example_dags/example_task_group_decorator.py
[2022-12-17T04:42:01.453+0000] {logging_mixin.py:137} INFO - [2022-12-17T04:42:01.453+0000] {dag.py:2676} INFO - Sync 1 DAGs
[2022-12-17T04:42:01.473+0000] {logging_mixin.py:137} INFO - [2022-12-17T04:42:01.472+0000] {dag.py:3427} INFO - Setting next_dagrun for example_task_group_decorator to 2022-12-16T04:42:01.472740+00:00, run_after=2022-12-17T04:42:01.472740+00:00
[2022-12-17T04:42:01.495+0000] {processor.py:175} INFO - Processing /home/airflow/.local/lib/python3.7/site-packages/airflow/example_dags/example_task_group_decorator.py took 0.104 seconds
[2022-12-17T04:42:31.771+0000] {processor.py:153} INFO - Started process (PID=4212) to work on /home/airflow/.local/lib/python3.7/site-packages/airflow/example_dags/example_task_group_decorator.py
[2022-12-17T04:42:31.772+0000] {processor.py:743} INFO - Processing file /home/airflow/.local/lib/python3.7/site-packages/airflow/example_dags/example_task_group_decorator.py for tasks to queue
[2022-12-17T04:42:31.772+0000] {logging_mixin.py:137} INFO - [2022-12-17T04:42:31.772+0000] {dagbag.py:538} INFO - Filling up the DagBag from /home/airflow/.local/lib/python3.7/site-packages/airflow/example_dags/example_task_group_decorator.py
[2022-12-17T04:42:31.792+0000] {processor.py:753} INFO - DAG(s) dict_keys(['example_task_group_decorator']) retrieved from /home/airflow/.local/lib/python3.7/site-packages/airflow/example_dags/example_task_group_decorator.py
[2022-12-17T04:42:31.827+0000] {logging_mixin.py:137} INFO - [2022-12-17T04:42:31.827+0000] {dag.py:2676} INFO - Sync 1 DAGs
[2022-12-17T04:42:31.848+0000] {logging_mixin.py:137} INFO - [2022-12-17T04:42:31.848+0000] {dag.py:3427} INFO - Setting next_dagrun for example_task_group_decorator to 2022-12-16T04:42:31.847882+00:00, run_after=2022-12-17T04:42:31.847882+00:00
[2022-12-17T04:42:31.861+0000] {processor.py:175} INFO - Processing /home/airflow/.local/lib/python3.7/site-packages/airflow/example_dags/example_task_group_decorator.py took 0.091 seconds
[2022-12-17T04:43:02.276+0000] {processor.py:153} INFO - Started process (PID=4312) to work on /home/airflow/.local/lib/python3.7/site-packages/airflow/example_dags/example_task_group_decorator.py
[2022-12-17T04:43:02.277+0000] {processor.py:743} INFO - Processing file /home/airflow/.local/lib/python3.7/site-packages/airflow/example_dags/example_task_group_decorator.py for tasks to queue
[2022-12-17T04:43:02.278+0000] {logging_mixin.py:137} INFO - [2022-12-17T04:43:02.278+0000] {dagbag.py:538} INFO - Filling up the DagBag from /home/airflow/.local/lib/python3.7/site-packages/airflow/example_dags/example_task_group_decorator.py
[2022-12-17T04:43:02.299+0000] {processor.py:753} INFO - DAG(s) dict_keys(['example_task_group_decorator']) retrieved from /home/airflow/.local/lib/python3.7/site-packages/airflow/example_dags/example_task_group_decorator.py
[2022-12-17T04:43:02.333+0000] {logging_mixin.py:137} INFO - [2022-12-17T04:43:02.333+0000] {dag.py:2676} INFO - Sync 1 DAGs
[2022-12-17T04:43:02.354+0000] {logging_mixin.py:137} INFO - [2022-12-17T04:43:02.353+0000] {dag.py:3427} INFO - Setting next_dagrun for example_task_group_decorator to 2022-12-16T04:43:02.353817+00:00, run_after=2022-12-17T04:43:02.353817+00:00
[2022-12-17T04:43:02.367+0000] {processor.py:175} INFO - Processing /home/airflow/.local/lib/python3.7/site-packages/airflow/example_dags/example_task_group_decorator.py took 0.094 seconds
[2022-12-17T04:43:32.565+0000] {processor.py:153} INFO - Started process (PID=4391) to work on /home/airflow/.local/lib/python3.7/site-packages/airflow/example_dags/example_task_group_decorator.py
[2022-12-17T04:43:32.566+0000] {processor.py:743} INFO - Processing file /home/airflow/.local/lib/python3.7/site-packages/airflow/example_dags/example_task_group_decorator.py for tasks to queue
[2022-12-17T04:43:32.566+0000] {logging_mixin.py:137} INFO - [2022-12-17T04:43:32.566+0000] {dagbag.py:538} INFO - Filling up the DagBag from /home/airflow/.local/lib/python3.7/site-packages/airflow/example_dags/example_task_group_decorator.py
[2022-12-17T04:43:32.589+0000] {processor.py:753} INFO - DAG(s) dict_keys(['example_task_group_decorator']) retrieved from /home/airflow/.local/lib/python3.7/site-packages/airflow/example_dags/example_task_group_decorator.py
[2022-12-17T04:43:32.626+0000] {logging_mixin.py:137} INFO - [2022-12-17T04:43:32.626+0000] {dag.py:2676} INFO - Sync 1 DAGs
[2022-12-17T04:43:32.652+0000] {logging_mixin.py:137} INFO - [2022-12-17T04:43:32.652+0000] {dag.py:3427} INFO - Setting next_dagrun for example_task_group_decorator to 2022-12-16T04:43:32.652229+00:00, run_after=2022-12-17T04:43:32.652229+00:00
[2022-12-17T04:43:32.669+0000] {processor.py:175} INFO - Processing /home/airflow/.local/lib/python3.7/site-packages/airflow/example_dags/example_task_group_decorator.py took 0.108 seconds
[2022-12-17T04:44:02.847+0000] {processor.py:153} INFO - Started process (PID=4491) to work on /home/airflow/.local/lib/python3.7/site-packages/airflow/example_dags/example_task_group_decorator.py
[2022-12-17T04:44:02.848+0000] {processor.py:743} INFO - Processing file /home/airflow/.local/lib/python3.7/site-packages/airflow/example_dags/example_task_group_decorator.py for tasks to queue
[2022-12-17T04:44:02.849+0000] {logging_mixin.py:137} INFO - [2022-12-17T04:44:02.849+0000] {dagbag.py:538} INFO - Filling up the DagBag from /home/airflow/.local/lib/python3.7/site-packages/airflow/example_dags/example_task_group_decorator.py
[2022-12-17T04:44:02.869+0000] {processor.py:753} INFO - DAG(s) dict_keys(['example_task_group_decorator']) retrieved from /home/airflow/.local/lib/python3.7/site-packages/airflow/example_dags/example_task_group_decorator.py
[2022-12-17T04:44:02.897+0000] {logging_mixin.py:137} INFO - [2022-12-17T04:44:02.897+0000] {dag.py:2676} INFO - Sync 1 DAGs
[2022-12-17T04:44:02.916+0000] {logging_mixin.py:137} INFO - [2022-12-17T04:44:02.916+0000] {dag.py:3427} INFO - Setting next_dagrun for example_task_group_decorator to 2022-12-16T04:44:02.915960+00:00, run_after=2022-12-17T04:44:02.915960+00:00
[2022-12-17T04:44:02.931+0000] {processor.py:175} INFO - Processing /home/airflow/.local/lib/python3.7/site-packages/airflow/example_dags/example_task_group_decorator.py took 0.087 seconds
[2022-12-17T04:44:33.066+0000] {processor.py:153} INFO - Started process (PID=4579) to work on /home/airflow/.local/lib/python3.7/site-packages/airflow/example_dags/example_task_group_decorator.py
[2022-12-17T04:44:33.067+0000] {processor.py:743} INFO - Processing file /home/airflow/.local/lib/python3.7/site-packages/airflow/example_dags/example_task_group_decorator.py for tasks to queue
[2022-12-17T04:44:33.067+0000] {logging_mixin.py:137} INFO - [2022-12-17T04:44:33.067+0000] {dagbag.py:538} INFO - Filling up the DagBag from /home/airflow/.local/lib/python3.7/site-packages/airflow/example_dags/example_task_group_decorator.py
[2022-12-17T04:44:33.089+0000] {processor.py:753} INFO - DAG(s) dict_keys(['example_task_group_decorator']) retrieved from /home/airflow/.local/lib/python3.7/site-packages/airflow/example_dags/example_task_group_decorator.py
[2022-12-17T04:44:33.118+0000] {logging_mixin.py:137} INFO - [2022-12-17T04:44:33.117+0000] {dag.py:2676} INFO - Sync 1 DAGs
[2022-12-17T04:44:33.137+0000] {logging_mixin.py:137} INFO - [2022-12-17T04:44:33.137+0000] {dag.py:3427} INFO - Setting next_dagrun for example_task_group_decorator to 2022-12-16T04:44:33.137117+00:00, run_after=2022-12-17T04:44:33.137117+00:00
[2022-12-17T04:44:33.150+0000] {processor.py:175} INFO - Processing /home/airflow/.local/lib/python3.7/site-packages/airflow/example_dags/example_task_group_decorator.py took 0.087 seconds
[2022-12-17T04:45:03.440+0000] {processor.py:153} INFO - Started process (PID=4669) to work on /home/airflow/.local/lib/python3.7/site-packages/airflow/example_dags/example_task_group_decorator.py
[2022-12-17T04:45:03.441+0000] {processor.py:743} INFO - Processing file /home/airflow/.local/lib/python3.7/site-packages/airflow/example_dags/example_task_group_decorator.py for tasks to queue
[2022-12-17T04:45:03.441+0000] {logging_mixin.py:137} INFO - [2022-12-17T04:45:03.441+0000] {dagbag.py:538} INFO - Filling up the DagBag from /home/airflow/.local/lib/python3.7/site-packages/airflow/example_dags/example_task_group_decorator.py
[2022-12-17T04:45:03.462+0000] {processor.py:753} INFO - DAG(s) dict_keys(['example_task_group_decorator']) retrieved from /home/airflow/.local/lib/python3.7/site-packages/airflow/example_dags/example_task_group_decorator.py
[2022-12-17T04:45:03.492+0000] {logging_mixin.py:137} INFO - [2022-12-17T04:45:03.492+0000] {dag.py:2676} INFO - Sync 1 DAGs
[2022-12-17T04:45:03.511+0000] {logging_mixin.py:137} INFO - [2022-12-17T04:45:03.511+0000] {dag.py:3427} INFO - Setting next_dagrun for example_task_group_decorator to 2022-12-16T04:45:03.510951+00:00, run_after=2022-12-17T04:45:03.510951+00:00
[2022-12-17T04:45:03.524+0000] {processor.py:175} INFO - Processing /home/airflow/.local/lib/python3.7/site-packages/airflow/example_dags/example_task_group_decorator.py took 0.086 seconds
