[2022-12-17T04:19:17.328+0000] {processor.py:153} INFO - Started process (PID=97) to work on /home/airflow/.local/lib/python3.7/site-packages/airflow/example_dags/example_bash_operator.py
[2022-12-17T04:19:17.329+0000] {processor.py:743} INFO - Processing file /home/airflow/.local/lib/python3.7/site-packages/airflow/example_dags/example_bash_operator.py for tasks to queue
[2022-12-17T04:19:17.329+0000] {logging_mixin.py:137} INFO - [2022-12-17T04:19:17.329+0000] {dagbag.py:538} INFO - Filling up the DagBag from /home/airflow/.local/lib/python3.7/site-packages/airflow/example_dags/example_bash_operator.py
[2022-12-17T04:19:17.352+0000] {processor.py:753} INFO - DAG(s) dict_keys(['example_bash_operator']) retrieved from /home/airflow/.local/lib/python3.7/site-packages/airflow/example_dags/example_bash_operator.py
[2022-12-17T04:19:17.471+0000] {logging_mixin.py:137} INFO - [2022-12-17T04:19:17.471+0000] {manager.py:504} INFO - Created Permission View: can read on DAG:example_bash_operator
[2022-12-17T04:19:17.477+0000] {logging_mixin.py:137} INFO - [2022-12-17T04:19:17.477+0000] {manager.py:504} INFO - Created Permission View: can delete on DAG:example_bash_operator
[2022-12-17T04:19:17.483+0000] {logging_mixin.py:137} INFO - [2022-12-17T04:19:17.483+0000] {manager.py:504} INFO - Created Permission View: can edit on DAG:example_bash_operator
[2022-12-17T04:19:17.483+0000] {logging_mixin.py:137} INFO - [2022-12-17T04:19:17.483+0000] {dag.py:2676} INFO - Sync 1 DAGs
[2022-12-17T04:19:17.500+0000] {logging_mixin.py:137} INFO - [2022-12-17T04:19:17.499+0000] {dag.py:2697} INFO - Creating ORM DAG for example_bash_operator
[2022-12-17T04:19:17.514+0000] {logging_mixin.py:137} INFO - [2022-12-17T04:19:17.513+0000] {dag.py:3427} INFO - Setting next_dagrun for example_bash_operator to 2022-12-16T00:00:00+00:00, run_after=2022-12-17T00:00:00+00:00
[2022-12-17T04:19:17.530+0000] {processor.py:175} INFO - Processing /home/airflow/.local/lib/python3.7/site-packages/airflow/example_dags/example_bash_operator.py took 0.205 seconds
[2022-12-17T04:19:47.737+0000] {processor.py:153} INFO - Started process (PID=176) to work on /home/airflow/.local/lib/python3.7/site-packages/airflow/example_dags/example_bash_operator.py
[2022-12-17T04:19:47.738+0000] {processor.py:743} INFO - Processing file /home/airflow/.local/lib/python3.7/site-packages/airflow/example_dags/example_bash_operator.py for tasks to queue
[2022-12-17T04:19:47.739+0000] {logging_mixin.py:137} INFO - [2022-12-17T04:19:47.739+0000] {dagbag.py:538} INFO - Filling up the DagBag from /home/airflow/.local/lib/python3.7/site-packages/airflow/example_dags/example_bash_operator.py
[2022-12-17T04:19:47.754+0000] {processor.py:753} INFO - DAG(s) dict_keys(['example_bash_operator']) retrieved from /home/airflow/.local/lib/python3.7/site-packages/airflow/example_dags/example_bash_operator.py
[2022-12-17T04:19:47.793+0000] {logging_mixin.py:137} INFO - [2022-12-17T04:19:47.792+0000] {dag.py:2676} INFO - Sync 1 DAGs
[2022-12-17T04:19:47.814+0000] {logging_mixin.py:137} INFO - [2022-12-17T04:19:47.814+0000] {dag.py:3427} INFO - Setting next_dagrun for example_bash_operator to 2022-12-16T00:00:00+00:00, run_after=2022-12-17T00:00:00+00:00
[2022-12-17T04:19:47.826+0000] {processor.py:175} INFO - Processing /home/airflow/.local/lib/python3.7/site-packages/airflow/example_dags/example_bash_operator.py took 0.094 seconds
[2022-12-17T04:20:18.033+0000] {processor.py:153} INFO - Started process (PID=275) to work on /home/airflow/.local/lib/python3.7/site-packages/airflow/example_dags/example_bash_operator.py
[2022-12-17T04:20:18.034+0000] {processor.py:743} INFO - Processing file /home/airflow/.local/lib/python3.7/site-packages/airflow/example_dags/example_bash_operator.py for tasks to queue
[2022-12-17T04:20:18.034+0000] {logging_mixin.py:137} INFO - [2022-12-17T04:20:18.034+0000] {dagbag.py:538} INFO - Filling up the DagBag from /home/airflow/.local/lib/python3.7/site-packages/airflow/example_dags/example_bash_operator.py
[2022-12-17T04:20:18.050+0000] {processor.py:753} INFO - DAG(s) dict_keys(['example_bash_operator']) retrieved from /home/airflow/.local/lib/python3.7/site-packages/airflow/example_dags/example_bash_operator.py
[2022-12-17T04:20:18.088+0000] {logging_mixin.py:137} INFO - [2022-12-17T04:20:18.087+0000] {dag.py:2676} INFO - Sync 1 DAGs
[2022-12-17T04:20:18.108+0000] {logging_mixin.py:137} INFO - [2022-12-17T04:20:18.108+0000] {dag.py:3427} INFO - Setting next_dagrun for example_bash_operator to 2022-12-16T00:00:00+00:00, run_after=2022-12-17T00:00:00+00:00
[2022-12-17T04:20:18.121+0000] {processor.py:175} INFO - Processing /home/airflow/.local/lib/python3.7/site-packages/airflow/example_dags/example_bash_operator.py took 0.091 seconds
[2022-12-17T04:20:48.375+0000] {processor.py:153} INFO - Started process (PID=354) to work on /home/airflow/.local/lib/python3.7/site-packages/airflow/example_dags/example_bash_operator.py
[2022-12-17T04:20:48.376+0000] {processor.py:743} INFO - Processing file /home/airflow/.local/lib/python3.7/site-packages/airflow/example_dags/example_bash_operator.py for tasks to queue
[2022-12-17T04:20:48.376+0000] {logging_mixin.py:137} INFO - [2022-12-17T04:20:48.376+0000] {dagbag.py:538} INFO - Filling up the DagBag from /home/airflow/.local/lib/python3.7/site-packages/airflow/example_dags/example_bash_operator.py
[2022-12-17T04:20:48.392+0000] {processor.py:753} INFO - DAG(s) dict_keys(['example_bash_operator']) retrieved from /home/airflow/.local/lib/python3.7/site-packages/airflow/example_dags/example_bash_operator.py
[2022-12-17T04:20:48.430+0000] {logging_mixin.py:137} INFO - [2022-12-17T04:20:48.430+0000] {dag.py:2676} INFO - Sync 1 DAGs
[2022-12-17T04:20:48.451+0000] {logging_mixin.py:137} INFO - [2022-12-17T04:20:48.451+0000] {dag.py:3427} INFO - Setting next_dagrun for example_bash_operator to 2022-12-16T00:00:00+00:00, run_after=2022-12-17T00:00:00+00:00
[2022-12-17T04:20:48.465+0000] {processor.py:175} INFO - Processing /home/airflow/.local/lib/python3.7/site-packages/airflow/example_dags/example_bash_operator.py took 0.092 seconds
[2022-12-17T04:21:18.972+0000] {processor.py:153} INFO - Started process (PID=454) to work on /home/airflow/.local/lib/python3.7/site-packages/airflow/example_dags/example_bash_operator.py
[2022-12-17T04:21:18.973+0000] {processor.py:743} INFO - Processing file /home/airflow/.local/lib/python3.7/site-packages/airflow/example_dags/example_bash_operator.py for tasks to queue
[2022-12-17T04:21:18.974+0000] {logging_mixin.py:137} INFO - [2022-12-17T04:21:18.974+0000] {dagbag.py:538} INFO - Filling up the DagBag from /home/airflow/.local/lib/python3.7/site-packages/airflow/example_dags/example_bash_operator.py
[2022-12-17T04:21:18.991+0000] {processor.py:753} INFO - DAG(s) dict_keys(['example_bash_operator']) retrieved from /home/airflow/.local/lib/python3.7/site-packages/airflow/example_dags/example_bash_operator.py
[2022-12-17T04:21:19.031+0000] {logging_mixin.py:137} INFO - [2022-12-17T04:21:19.031+0000] {dag.py:2676} INFO - Sync 1 DAGs
[2022-12-17T04:21:19.051+0000] {logging_mixin.py:137} INFO - [2022-12-17T04:21:19.051+0000] {dag.py:3427} INFO - Setting next_dagrun for example_bash_operator to 2022-12-16T00:00:00+00:00, run_after=2022-12-17T00:00:00+00:00
[2022-12-17T04:21:19.063+0000] {processor.py:175} INFO - Processing /home/airflow/.local/lib/python3.7/site-packages/airflow/example_dags/example_bash_operator.py took 0.094 seconds
[2022-12-17T04:21:49.377+0000] {processor.py:153} INFO - Started process (PID=533) to work on /home/airflow/.local/lib/python3.7/site-packages/airflow/example_dags/example_bash_operator.py
[2022-12-17T04:21:49.377+0000] {processor.py:743} INFO - Processing file /home/airflow/.local/lib/python3.7/site-packages/airflow/example_dags/example_bash_operator.py for tasks to queue
[2022-12-17T04:21:49.378+0000] {logging_mixin.py:137} INFO - [2022-12-17T04:21:49.378+0000] {dagbag.py:538} INFO - Filling up the DagBag from /home/airflow/.local/lib/python3.7/site-packages/airflow/example_dags/example_bash_operator.py
[2022-12-17T04:21:49.394+0000] {processor.py:753} INFO - DAG(s) dict_keys(['example_bash_operator']) retrieved from /home/airflow/.local/lib/python3.7/site-packages/airflow/example_dags/example_bash_operator.py
[2022-12-17T04:21:49.443+0000] {logging_mixin.py:137} INFO - [2022-12-17T04:21:49.443+0000] {dag.py:2676} INFO - Sync 1 DAGs
[2022-12-17T04:21:49.474+0000] {logging_mixin.py:137} INFO - [2022-12-17T04:21:49.474+0000] {dag.py:3427} INFO - Setting next_dagrun for example_bash_operator to 2022-12-16T00:00:00+00:00, run_after=2022-12-17T00:00:00+00:00
[2022-12-17T04:21:49.489+0000] {processor.py:175} INFO - Processing /home/airflow/.local/lib/python3.7/site-packages/airflow/example_dags/example_bash_operator.py took 0.115 seconds
[2022-12-17T04:22:19.663+0000] {processor.py:153} INFO - Started process (PID=632) to work on /home/airflow/.local/lib/python3.7/site-packages/airflow/example_dags/example_bash_operator.py
[2022-12-17T04:22:19.663+0000] {processor.py:743} INFO - Processing file /home/airflow/.local/lib/python3.7/site-packages/airflow/example_dags/example_bash_operator.py for tasks to queue
[2022-12-17T04:22:19.664+0000] {logging_mixin.py:137} INFO - [2022-12-17T04:22:19.664+0000] {dagbag.py:538} INFO - Filling up the DagBag from /home/airflow/.local/lib/python3.7/site-packages/airflow/example_dags/example_bash_operator.py
[2022-12-17T04:22:19.678+0000] {processor.py:753} INFO - DAG(s) dict_keys(['example_bash_operator']) retrieved from /home/airflow/.local/lib/python3.7/site-packages/airflow/example_dags/example_bash_operator.py
[2022-12-17T04:22:19.724+0000] {logging_mixin.py:137} INFO - [2022-12-17T04:22:19.724+0000] {dag.py:2676} INFO - Sync 1 DAGs
[2022-12-17T04:22:19.745+0000] {logging_mixin.py:137} INFO - [2022-12-17T04:22:19.744+0000] {dag.py:3427} INFO - Setting next_dagrun for example_bash_operator to 2022-12-16T00:00:00+00:00, run_after=2022-12-17T00:00:00+00:00
[2022-12-17T04:22:19.756+0000] {processor.py:175} INFO - Processing /home/airflow/.local/lib/python3.7/site-packages/airflow/example_dags/example_bash_operator.py took 0.096 seconds
[2022-12-17T04:22:49.987+0000] {processor.py:153} INFO - Started process (PID=711) to work on /home/airflow/.local/lib/python3.7/site-packages/airflow/example_dags/example_bash_operator.py
[2022-12-17T04:22:49.988+0000] {processor.py:743} INFO - Processing file /home/airflow/.local/lib/python3.7/site-packages/airflow/example_dags/example_bash_operator.py for tasks to queue
[2022-12-17T04:22:49.988+0000] {logging_mixin.py:137} INFO - [2022-12-17T04:22:49.988+0000] {dagbag.py:538} INFO - Filling up the DagBag from /home/airflow/.local/lib/python3.7/site-packages/airflow/example_dags/example_bash_operator.py
[2022-12-17T04:22:50.007+0000] {processor.py:753} INFO - DAG(s) dict_keys(['example_bash_operator']) retrieved from /home/airflow/.local/lib/python3.7/site-packages/airflow/example_dags/example_bash_operator.py
[2022-12-17T04:22:50.043+0000] {logging_mixin.py:137} INFO - [2022-12-17T04:22:50.043+0000] {dag.py:2676} INFO - Sync 1 DAGs
[2022-12-17T04:22:50.063+0000] {logging_mixin.py:137} INFO - [2022-12-17T04:22:50.063+0000] {dag.py:3427} INFO - Setting next_dagrun for example_bash_operator to 2022-12-16T00:00:00+00:00, run_after=2022-12-17T00:00:00+00:00
[2022-12-17T04:22:50.075+0000] {processor.py:175} INFO - Processing /home/airflow/.local/lib/python3.7/site-packages/airflow/example_dags/example_bash_operator.py took 0.091 seconds
[2022-12-17T04:23:20.253+0000] {processor.py:153} INFO - Started process (PID=809) to work on /home/airflow/.local/lib/python3.7/site-packages/airflow/example_dags/example_bash_operator.py
[2022-12-17T04:23:20.254+0000] {processor.py:743} INFO - Processing file /home/airflow/.local/lib/python3.7/site-packages/airflow/example_dags/example_bash_operator.py for tasks to queue
[2022-12-17T04:23:20.254+0000] {logging_mixin.py:137} INFO - [2022-12-17T04:23:20.254+0000] {dagbag.py:538} INFO - Filling up the DagBag from /home/airflow/.local/lib/python3.7/site-packages/airflow/example_dags/example_bash_operator.py
[2022-12-17T04:23:20.271+0000] {processor.py:753} INFO - DAG(s) dict_keys(['example_bash_operator']) retrieved from /home/airflow/.local/lib/python3.7/site-packages/airflow/example_dags/example_bash_operator.py
[2022-12-17T04:23:20.312+0000] {logging_mixin.py:137} INFO - [2022-12-17T04:23:20.312+0000] {dag.py:2676} INFO - Sync 1 DAGs
[2022-12-17T04:23:20.333+0000] {logging_mixin.py:137} INFO - [2022-12-17T04:23:20.333+0000] {dag.py:3427} INFO - Setting next_dagrun for example_bash_operator to 2022-12-16T00:00:00+00:00, run_after=2022-12-17T00:00:00+00:00
[2022-12-17T04:23:20.346+0000] {processor.py:175} INFO - Processing /home/airflow/.local/lib/python3.7/site-packages/airflow/example_dags/example_bash_operator.py took 0.095 seconds
[2022-12-17T04:23:50.624+0000] {processor.py:153} INFO - Started process (PID=895) to work on /home/airflow/.local/lib/python3.7/site-packages/airflow/example_dags/example_bash_operator.py
[2022-12-17T04:23:50.625+0000] {processor.py:743} INFO - Processing file /home/airflow/.local/lib/python3.7/site-packages/airflow/example_dags/example_bash_operator.py for tasks to queue
[2022-12-17T04:23:50.625+0000] {logging_mixin.py:137} INFO - [2022-12-17T04:23:50.625+0000] {dagbag.py:538} INFO - Filling up the DagBag from /home/airflow/.local/lib/python3.7/site-packages/airflow/example_dags/example_bash_operator.py
[2022-12-17T04:23:50.640+0000] {processor.py:753} INFO - DAG(s) dict_keys(['example_bash_operator']) retrieved from /home/airflow/.local/lib/python3.7/site-packages/airflow/example_dags/example_bash_operator.py
[2022-12-17T04:23:50.682+0000] {logging_mixin.py:137} INFO - [2022-12-17T04:23:50.681+0000] {dag.py:2676} INFO - Sync 1 DAGs
[2022-12-17T04:23:50.704+0000] {logging_mixin.py:137} INFO - [2022-12-17T04:23:50.704+0000] {dag.py:3427} INFO - Setting next_dagrun for example_bash_operator to 2022-12-16T00:00:00+00:00, run_after=2022-12-17T00:00:00+00:00
[2022-12-17T04:23:50.717+0000] {processor.py:175} INFO - Processing /home/airflow/.local/lib/python3.7/site-packages/airflow/example_dags/example_bash_operator.py took 0.096 seconds
[2022-12-17T04:24:20.991+0000] {processor.py:153} INFO - Started process (PID=988) to work on /home/airflow/.local/lib/python3.7/site-packages/airflow/example_dags/example_bash_operator.py
[2022-12-17T04:24:20.992+0000] {processor.py:743} INFO - Processing file /home/airflow/.local/lib/python3.7/site-packages/airflow/example_dags/example_bash_operator.py for tasks to queue
[2022-12-17T04:24:20.993+0000] {logging_mixin.py:137} INFO - [2022-12-17T04:24:20.993+0000] {dagbag.py:538} INFO - Filling up the DagBag from /home/airflow/.local/lib/python3.7/site-packages/airflow/example_dags/example_bash_operator.py
[2022-12-17T04:24:21.007+0000] {processor.py:753} INFO - DAG(s) dict_keys(['example_bash_operator']) retrieved from /home/airflow/.local/lib/python3.7/site-packages/airflow/example_dags/example_bash_operator.py
[2022-12-17T04:24:21.044+0000] {logging_mixin.py:137} INFO - [2022-12-17T04:24:21.044+0000] {dag.py:2676} INFO - Sync 1 DAGs
[2022-12-17T04:24:21.066+0000] {logging_mixin.py:137} INFO - [2022-12-17T04:24:21.066+0000] {dag.py:3427} INFO - Setting next_dagrun for example_bash_operator to 2022-12-16T00:00:00+00:00, run_after=2022-12-17T00:00:00+00:00
[2022-12-17T04:24:21.079+0000] {processor.py:175} INFO - Processing /home/airflow/.local/lib/python3.7/site-packages/airflow/example_dags/example_bash_operator.py took 0.091 seconds
[2022-12-17T04:24:51.223+0000] {processor.py:153} INFO - Started process (PID=1087) to work on /home/airflow/.local/lib/python3.7/site-packages/airflow/example_dags/example_bash_operator.py
[2022-12-17T04:24:51.224+0000] {processor.py:743} INFO - Processing file /home/airflow/.local/lib/python3.7/site-packages/airflow/example_dags/example_bash_operator.py for tasks to queue
[2022-12-17T04:24:51.224+0000] {logging_mixin.py:137} INFO - [2022-12-17T04:24:51.224+0000] {dagbag.py:538} INFO - Filling up the DagBag from /home/airflow/.local/lib/python3.7/site-packages/airflow/example_dags/example_bash_operator.py
[2022-12-17T04:24:51.239+0000] {processor.py:753} INFO - DAG(s) dict_keys(['example_bash_operator']) retrieved from /home/airflow/.local/lib/python3.7/site-packages/airflow/example_dags/example_bash_operator.py
[2022-12-17T04:24:51.276+0000] {logging_mixin.py:137} INFO - [2022-12-17T04:24:51.276+0000] {dag.py:2676} INFO - Sync 1 DAGs
[2022-12-17T04:24:51.296+0000] {logging_mixin.py:137} INFO - [2022-12-17T04:24:51.296+0000] {dag.py:3427} INFO - Setting next_dagrun for example_bash_operator to 2022-12-16T00:00:00+00:00, run_after=2022-12-17T00:00:00+00:00
[2022-12-17T04:24:51.311+0000] {processor.py:175} INFO - Processing /home/airflow/.local/lib/python3.7/site-packages/airflow/example_dags/example_bash_operator.py took 0.092 seconds
[2022-12-17T04:25:21.621+0000] {processor.py:153} INFO - Started process (PID=1166) to work on /home/airflow/.local/lib/python3.7/site-packages/airflow/example_dags/example_bash_operator.py
[2022-12-17T04:25:21.622+0000] {processor.py:743} INFO - Processing file /home/airflow/.local/lib/python3.7/site-packages/airflow/example_dags/example_bash_operator.py for tasks to queue
[2022-12-17T04:25:21.622+0000] {logging_mixin.py:137} INFO - [2022-12-17T04:25:21.622+0000] {dagbag.py:538} INFO - Filling up the DagBag from /home/airflow/.local/lib/python3.7/site-packages/airflow/example_dags/example_bash_operator.py
[2022-12-17T04:25:21.637+0000] {processor.py:753} INFO - DAG(s) dict_keys(['example_bash_operator']) retrieved from /home/airflow/.local/lib/python3.7/site-packages/airflow/example_dags/example_bash_operator.py
[2022-12-17T04:25:21.675+0000] {logging_mixin.py:137} INFO - [2022-12-17T04:25:21.675+0000] {dag.py:2676} INFO - Sync 1 DAGs
[2022-12-17T04:25:21.696+0000] {logging_mixin.py:137} INFO - [2022-12-17T04:25:21.696+0000] {dag.py:3427} INFO - Setting next_dagrun for example_bash_operator to 2022-12-16T00:00:00+00:00, run_after=2022-12-17T00:00:00+00:00
[2022-12-17T04:25:21.714+0000] {processor.py:175} INFO - Processing /home/airflow/.local/lib/python3.7/site-packages/airflow/example_dags/example_bash_operator.py took 0.095 seconds
[2022-12-17T04:25:52.151+0000] {processor.py:153} INFO - Started process (PID=1265) to work on /home/airflow/.local/lib/python3.7/site-packages/airflow/example_dags/example_bash_operator.py
[2022-12-17T04:25:52.152+0000] {processor.py:743} INFO - Processing file /home/airflow/.local/lib/python3.7/site-packages/airflow/example_dags/example_bash_operator.py for tasks to queue
[2022-12-17T04:25:52.152+0000] {logging_mixin.py:137} INFO - [2022-12-17T04:25:52.152+0000] {dagbag.py:538} INFO - Filling up the DagBag from /home/airflow/.local/lib/python3.7/site-packages/airflow/example_dags/example_bash_operator.py
[2022-12-17T04:25:52.169+0000] {processor.py:753} INFO - DAG(s) dict_keys(['example_bash_operator']) retrieved from /home/airflow/.local/lib/python3.7/site-packages/airflow/example_dags/example_bash_operator.py
[2022-12-17T04:25:52.206+0000] {logging_mixin.py:137} INFO - [2022-12-17T04:25:52.206+0000] {dag.py:2676} INFO - Sync 1 DAGs
[2022-12-17T04:25:52.225+0000] {logging_mixin.py:137} INFO - [2022-12-17T04:25:52.225+0000] {dag.py:3427} INFO - Setting next_dagrun for example_bash_operator to 2022-12-16T00:00:00+00:00, run_after=2022-12-17T00:00:00+00:00
[2022-12-17T04:25:52.238+0000] {processor.py:175} INFO - Processing /home/airflow/.local/lib/python3.7/site-packages/airflow/example_dags/example_bash_operator.py took 0.090 seconds
[2022-12-17T04:26:22.554+0000] {processor.py:153} INFO - Started process (PID=1344) to work on /home/airflow/.local/lib/python3.7/site-packages/airflow/example_dags/example_bash_operator.py
[2022-12-17T04:26:22.555+0000] {processor.py:743} INFO - Processing file /home/airflow/.local/lib/python3.7/site-packages/airflow/example_dags/example_bash_operator.py for tasks to queue
[2022-12-17T04:26:22.555+0000] {logging_mixin.py:137} INFO - [2022-12-17T04:26:22.555+0000] {dagbag.py:538} INFO - Filling up the DagBag from /home/airflow/.local/lib/python3.7/site-packages/airflow/example_dags/example_bash_operator.py
[2022-12-17T04:26:22.571+0000] {processor.py:753} INFO - DAG(s) dict_keys(['example_bash_operator']) retrieved from /home/airflow/.local/lib/python3.7/site-packages/airflow/example_dags/example_bash_operator.py
[2022-12-17T04:26:22.611+0000] {logging_mixin.py:137} INFO - [2022-12-17T04:26:22.611+0000] {dag.py:2676} INFO - Sync 1 DAGs
[2022-12-17T04:26:22.630+0000] {logging_mixin.py:137} INFO - [2022-12-17T04:26:22.630+0000] {dag.py:3427} INFO - Setting next_dagrun for example_bash_operator to 2022-12-16T00:00:00+00:00, run_after=2022-12-17T00:00:00+00:00
[2022-12-17T04:26:22.642+0000] {processor.py:175} INFO - Processing /home/airflow/.local/lib/python3.7/site-packages/airflow/example_dags/example_bash_operator.py took 0.091 seconds
[2022-12-17T04:26:52.748+0000] {processor.py:153} INFO - Started process (PID=1443) to work on /home/airflow/.local/lib/python3.7/site-packages/airflow/example_dags/example_bash_operator.py
[2022-12-17T04:26:52.748+0000] {processor.py:743} INFO - Processing file /home/airflow/.local/lib/python3.7/site-packages/airflow/example_dags/example_bash_operator.py for tasks to queue
[2022-12-17T04:26:52.748+0000] {logging_mixin.py:137} INFO - [2022-12-17T04:26:52.748+0000] {dagbag.py:538} INFO - Filling up the DagBag from /home/airflow/.local/lib/python3.7/site-packages/airflow/example_dags/example_bash_operator.py
[2022-12-17T04:26:52.765+0000] {processor.py:753} INFO - DAG(s) dict_keys(['example_bash_operator']) retrieved from /home/airflow/.local/lib/python3.7/site-packages/airflow/example_dags/example_bash_operator.py
[2022-12-17T04:26:52.805+0000] {logging_mixin.py:137} INFO - [2022-12-17T04:26:52.805+0000] {dag.py:2676} INFO - Sync 1 DAGs
[2022-12-17T04:26:52.828+0000] {logging_mixin.py:137} INFO - [2022-12-17T04:26:52.827+0000] {dag.py:3427} INFO - Setting next_dagrun for example_bash_operator to 2022-12-16T00:00:00+00:00, run_after=2022-12-17T00:00:00+00:00
[2022-12-17T04:26:52.842+0000] {processor.py:175} INFO - Processing /home/airflow/.local/lib/python3.7/site-packages/airflow/example_dags/example_bash_operator.py took 0.097 seconds
[2022-12-17T04:27:23.071+0000] {processor.py:153} INFO - Started process (PID=1522) to work on /home/airflow/.local/lib/python3.7/site-packages/airflow/example_dags/example_bash_operator.py
[2022-12-17T04:27:23.072+0000] {processor.py:743} INFO - Processing file /home/airflow/.local/lib/python3.7/site-packages/airflow/example_dags/example_bash_operator.py for tasks to queue
[2022-12-17T04:27:23.072+0000] {logging_mixin.py:137} INFO - [2022-12-17T04:27:23.072+0000] {dagbag.py:538} INFO - Filling up the DagBag from /home/airflow/.local/lib/python3.7/site-packages/airflow/example_dags/example_bash_operator.py
[2022-12-17T04:27:23.089+0000] {processor.py:753} INFO - DAG(s) dict_keys(['example_bash_operator']) retrieved from /home/airflow/.local/lib/python3.7/site-packages/airflow/example_dags/example_bash_operator.py
[2022-12-17T04:27:23.133+0000] {logging_mixin.py:137} INFO - [2022-12-17T04:27:23.132+0000] {dag.py:2676} INFO - Sync 1 DAGs
[2022-12-17T04:27:23.153+0000] {logging_mixin.py:137} INFO - [2022-12-17T04:27:23.153+0000] {dag.py:3427} INFO - Setting next_dagrun for example_bash_operator to 2022-12-16T00:00:00+00:00, run_after=2022-12-17T00:00:00+00:00
[2022-12-17T04:27:23.166+0000] {processor.py:175} INFO - Processing /home/airflow/.local/lib/python3.7/site-packages/airflow/example_dags/example_bash_operator.py took 0.097 seconds
[2022-12-17T04:27:53.331+0000] {processor.py:153} INFO - Started process (PID=1622) to work on /home/airflow/.local/lib/python3.7/site-packages/airflow/example_dags/example_bash_operator.py
[2022-12-17T04:27:53.332+0000] {processor.py:743} INFO - Processing file /home/airflow/.local/lib/python3.7/site-packages/airflow/example_dags/example_bash_operator.py for tasks to queue
[2022-12-17T04:27:53.333+0000] {logging_mixin.py:137} INFO - [2022-12-17T04:27:53.333+0000] {dagbag.py:538} INFO - Filling up the DagBag from /home/airflow/.local/lib/python3.7/site-packages/airflow/example_dags/example_bash_operator.py
[2022-12-17T04:27:53.350+0000] {processor.py:753} INFO - DAG(s) dict_keys(['example_bash_operator']) retrieved from /home/airflow/.local/lib/python3.7/site-packages/airflow/example_dags/example_bash_operator.py
[2022-12-17T04:27:53.389+0000] {logging_mixin.py:137} INFO - [2022-12-17T04:27:53.389+0000] {dag.py:2676} INFO - Sync 1 DAGs
[2022-12-17T04:27:53.411+0000] {logging_mixin.py:137} INFO - [2022-12-17T04:27:53.411+0000] {dag.py:3427} INFO - Setting next_dagrun for example_bash_operator to 2022-12-16T00:00:00+00:00, run_after=2022-12-17T00:00:00+00:00
[2022-12-17T04:27:53.424+0000] {processor.py:175} INFO - Processing /home/airflow/.local/lib/python3.7/site-packages/airflow/example_dags/example_bash_operator.py took 0.096 seconds
[2022-12-17T04:28:23.682+0000] {processor.py:153} INFO - Started process (PID=1722) to work on /home/airflow/.local/lib/python3.7/site-packages/airflow/example_dags/example_bash_operator.py
[2022-12-17T04:28:23.683+0000] {processor.py:743} INFO - Processing file /home/airflow/.local/lib/python3.7/site-packages/airflow/example_dags/example_bash_operator.py for tasks to queue
[2022-12-17T04:28:23.683+0000] {logging_mixin.py:137} INFO - [2022-12-17T04:28:23.683+0000] {dagbag.py:538} INFO - Filling up the DagBag from /home/airflow/.local/lib/python3.7/site-packages/airflow/example_dags/example_bash_operator.py
[2022-12-17T04:28:23.700+0000] {processor.py:753} INFO - DAG(s) dict_keys(['example_bash_operator']) retrieved from /home/airflow/.local/lib/python3.7/site-packages/airflow/example_dags/example_bash_operator.py
[2022-12-17T04:28:23.742+0000] {logging_mixin.py:137} INFO - [2022-12-17T04:28:23.742+0000] {dag.py:2676} INFO - Sync 1 DAGs
[2022-12-17T04:28:23.763+0000] {logging_mixin.py:137} INFO - [2022-12-17T04:28:23.763+0000] {dag.py:3427} INFO - Setting next_dagrun for example_bash_operator to 2022-12-16T00:00:00+00:00, run_after=2022-12-17T00:00:00+00:00
[2022-12-17T04:28:23.776+0000] {processor.py:175} INFO - Processing /home/airflow/.local/lib/python3.7/site-packages/airflow/example_dags/example_bash_operator.py took 0.096 seconds
[2022-12-17T04:28:54.063+0000] {processor.py:153} INFO - Started process (PID=1801) to work on /home/airflow/.local/lib/python3.7/site-packages/airflow/example_dags/example_bash_operator.py
[2022-12-17T04:28:54.063+0000] {processor.py:743} INFO - Processing file /home/airflow/.local/lib/python3.7/site-packages/airflow/example_dags/example_bash_operator.py for tasks to queue
[2022-12-17T04:28:54.064+0000] {logging_mixin.py:137} INFO - [2022-12-17T04:28:54.064+0000] {dagbag.py:538} INFO - Filling up the DagBag from /home/airflow/.local/lib/python3.7/site-packages/airflow/example_dags/example_bash_operator.py
[2022-12-17T04:28:54.081+0000] {processor.py:753} INFO - DAG(s) dict_keys(['example_bash_operator']) retrieved from /home/airflow/.local/lib/python3.7/site-packages/airflow/example_dags/example_bash_operator.py
[2022-12-17T04:28:54.130+0000] {logging_mixin.py:137} INFO - [2022-12-17T04:28:54.130+0000] {dag.py:2676} INFO - Sync 1 DAGs
[2022-12-17T04:28:54.157+0000] {logging_mixin.py:137} INFO - [2022-12-17T04:28:54.157+0000] {dag.py:3427} INFO - Setting next_dagrun for example_bash_operator to 2022-12-16T00:00:00+00:00, run_after=2022-12-17T00:00:00+00:00
[2022-12-17T04:28:54.176+0000] {processor.py:175} INFO - Processing /home/airflow/.local/lib/python3.7/site-packages/airflow/example_dags/example_bash_operator.py took 0.117 seconds
[2022-12-17T04:29:24.395+0000] {processor.py:153} INFO - Started process (PID=1900) to work on /home/airflow/.local/lib/python3.7/site-packages/airflow/example_dags/example_bash_operator.py
[2022-12-17T04:29:24.396+0000] {processor.py:743} INFO - Processing file /home/airflow/.local/lib/python3.7/site-packages/airflow/example_dags/example_bash_operator.py for tasks to queue
[2022-12-17T04:29:24.396+0000] {logging_mixin.py:137} INFO - [2022-12-17T04:29:24.396+0000] {dagbag.py:538} INFO - Filling up the DagBag from /home/airflow/.local/lib/python3.7/site-packages/airflow/example_dags/example_bash_operator.py
[2022-12-17T04:29:24.411+0000] {processor.py:753} INFO - DAG(s) dict_keys(['example_bash_operator']) retrieved from /home/airflow/.local/lib/python3.7/site-packages/airflow/example_dags/example_bash_operator.py
[2022-12-17T04:29:24.447+0000] {logging_mixin.py:137} INFO - [2022-12-17T04:29:24.447+0000] {dag.py:2676} INFO - Sync 1 DAGs
[2022-12-17T04:29:24.467+0000] {logging_mixin.py:137} INFO - [2022-12-17T04:29:24.466+0000] {dag.py:3427} INFO - Setting next_dagrun for example_bash_operator to 2022-12-16T00:00:00+00:00, run_after=2022-12-17T00:00:00+00:00
[2022-12-17T04:29:24.480+0000] {processor.py:175} INFO - Processing /home/airflow/.local/lib/python3.7/site-packages/airflow/example_dags/example_bash_operator.py took 0.088 seconds
[2022-12-17T04:29:54.793+0000] {processor.py:153} INFO - Started process (PID=1979) to work on /home/airflow/.local/lib/python3.7/site-packages/airflow/example_dags/example_bash_operator.py
[2022-12-17T04:29:54.793+0000] {processor.py:743} INFO - Processing file /home/airflow/.local/lib/python3.7/site-packages/airflow/example_dags/example_bash_operator.py for tasks to queue
[2022-12-17T04:29:54.794+0000] {logging_mixin.py:137} INFO - [2022-12-17T04:29:54.794+0000] {dagbag.py:538} INFO - Filling up the DagBag from /home/airflow/.local/lib/python3.7/site-packages/airflow/example_dags/example_bash_operator.py
[2022-12-17T04:29:54.808+0000] {processor.py:753} INFO - DAG(s) dict_keys(['example_bash_operator']) retrieved from /home/airflow/.local/lib/python3.7/site-packages/airflow/example_dags/example_bash_operator.py
[2022-12-17T04:29:54.850+0000] {logging_mixin.py:137} INFO - [2022-12-17T04:29:54.849+0000] {dag.py:2676} INFO - Sync 1 DAGs
[2022-12-17T04:29:54.868+0000] {logging_mixin.py:137} INFO - [2022-12-17T04:29:54.868+0000] {dag.py:3427} INFO - Setting next_dagrun for example_bash_operator to 2022-12-16T00:00:00+00:00, run_after=2022-12-17T00:00:00+00:00
[2022-12-17T04:29:54.886+0000] {processor.py:175} INFO - Processing /home/airflow/.local/lib/python3.7/site-packages/airflow/example_dags/example_bash_operator.py took 0.097 seconds
[2022-12-17T04:30:24.943+0000] {processor.py:153} INFO - Started process (PID=2078) to work on /home/airflow/.local/lib/python3.7/site-packages/airflow/example_dags/example_bash_operator.py
[2022-12-17T04:30:24.944+0000] {processor.py:743} INFO - Processing file /home/airflow/.local/lib/python3.7/site-packages/airflow/example_dags/example_bash_operator.py for tasks to queue
[2022-12-17T04:30:24.945+0000] {logging_mixin.py:137} INFO - [2022-12-17T04:30:24.945+0000] {dagbag.py:538} INFO - Filling up the DagBag from /home/airflow/.local/lib/python3.7/site-packages/airflow/example_dags/example_bash_operator.py
[2022-12-17T04:30:24.959+0000] {processor.py:753} INFO - DAG(s) dict_keys(['example_bash_operator']) retrieved from /home/airflow/.local/lib/python3.7/site-packages/airflow/example_dags/example_bash_operator.py
[2022-12-17T04:30:24.995+0000] {logging_mixin.py:137} INFO - [2022-12-17T04:30:24.995+0000] {dag.py:2676} INFO - Sync 1 DAGs
[2022-12-17T04:30:25.015+0000] {logging_mixin.py:137} INFO - [2022-12-17T04:30:25.015+0000] {dag.py:3427} INFO - Setting next_dagrun for example_bash_operator to 2022-12-16T00:00:00+00:00, run_after=2022-12-17T00:00:00+00:00
[2022-12-17T04:30:25.027+0000] {processor.py:175} INFO - Processing /home/airflow/.local/lib/python3.7/site-packages/airflow/example_dags/example_bash_operator.py took 0.087 seconds
[2022-12-17T04:30:55.228+0000] {processor.py:153} INFO - Started process (PID=2157) to work on /home/airflow/.local/lib/python3.7/site-packages/airflow/example_dags/example_bash_operator.py
[2022-12-17T04:30:55.228+0000] {processor.py:743} INFO - Processing file /home/airflow/.local/lib/python3.7/site-packages/airflow/example_dags/example_bash_operator.py for tasks to queue
[2022-12-17T04:30:55.229+0000] {logging_mixin.py:137} INFO - [2022-12-17T04:30:55.229+0000] {dagbag.py:538} INFO - Filling up the DagBag from /home/airflow/.local/lib/python3.7/site-packages/airflow/example_dags/example_bash_operator.py
[2022-12-17T04:30:55.251+0000] {processor.py:753} INFO - DAG(s) dict_keys(['example_bash_operator']) retrieved from /home/airflow/.local/lib/python3.7/site-packages/airflow/example_dags/example_bash_operator.py
[2022-12-17T04:30:55.307+0000] {logging_mixin.py:137} INFO - [2022-12-17T04:30:55.307+0000] {dag.py:2676} INFO - Sync 1 DAGs
[2022-12-17T04:30:55.327+0000] {logging_mixin.py:137} INFO - [2022-12-17T04:30:55.327+0000] {dag.py:3427} INFO - Setting next_dagrun for example_bash_operator to 2022-12-16T00:00:00+00:00, run_after=2022-12-17T00:00:00+00:00
[2022-12-17T04:30:55.342+0000] {processor.py:175} INFO - Processing /home/airflow/.local/lib/python3.7/site-packages/airflow/example_dags/example_bash_operator.py took 0.117 seconds
[2022-12-17T04:31:25.700+0000] {processor.py:153} INFO - Started process (PID=2256) to work on /home/airflow/.local/lib/python3.7/site-packages/airflow/example_dags/example_bash_operator.py
[2022-12-17T04:31:25.701+0000] {processor.py:743} INFO - Processing file /home/airflow/.local/lib/python3.7/site-packages/airflow/example_dags/example_bash_operator.py for tasks to queue
[2022-12-17T04:31:25.701+0000] {logging_mixin.py:137} INFO - [2022-12-17T04:31:25.701+0000] {dagbag.py:538} INFO - Filling up the DagBag from /home/airflow/.local/lib/python3.7/site-packages/airflow/example_dags/example_bash_operator.py
[2022-12-17T04:31:25.718+0000] {processor.py:753} INFO - DAG(s) dict_keys(['example_bash_operator']) retrieved from /home/airflow/.local/lib/python3.7/site-packages/airflow/example_dags/example_bash_operator.py
[2022-12-17T04:31:25.756+0000] {logging_mixin.py:137} INFO - [2022-12-17T04:31:25.756+0000] {dag.py:2676} INFO - Sync 1 DAGs
[2022-12-17T04:31:25.775+0000] {logging_mixin.py:137} INFO - [2022-12-17T04:31:25.775+0000] {dag.py:3427} INFO - Setting next_dagrun for example_bash_operator to 2022-12-16T00:00:00+00:00, run_after=2022-12-17T00:00:00+00:00
[2022-12-17T04:31:25.786+0000] {processor.py:175} INFO - Processing /home/airflow/.local/lib/python3.7/site-packages/airflow/example_dags/example_bash_operator.py took 0.089 seconds
[2022-12-17T04:31:56.053+0000] {processor.py:153} INFO - Started process (PID=2356) to work on /home/airflow/.local/lib/python3.7/site-packages/airflow/example_dags/example_bash_operator.py
[2022-12-17T04:31:56.054+0000] {processor.py:743} INFO - Processing file /home/airflow/.local/lib/python3.7/site-packages/airflow/example_dags/example_bash_operator.py for tasks to queue
[2022-12-17T04:31:56.055+0000] {logging_mixin.py:137} INFO - [2022-12-17T04:31:56.054+0000] {dagbag.py:538} INFO - Filling up the DagBag from /home/airflow/.local/lib/python3.7/site-packages/airflow/example_dags/example_bash_operator.py
[2022-12-17T04:31:56.069+0000] {processor.py:753} INFO - DAG(s) dict_keys(['example_bash_operator']) retrieved from /home/airflow/.local/lib/python3.7/site-packages/airflow/example_dags/example_bash_operator.py
[2022-12-17T04:31:56.106+0000] {logging_mixin.py:137} INFO - [2022-12-17T04:31:56.106+0000] {dag.py:2676} INFO - Sync 1 DAGs
[2022-12-17T04:31:56.126+0000] {logging_mixin.py:137} INFO - [2022-12-17T04:31:56.126+0000] {dag.py:3427} INFO - Setting next_dagrun for example_bash_operator to 2022-12-16T00:00:00+00:00, run_after=2022-12-17T00:00:00+00:00
[2022-12-17T04:31:56.141+0000] {processor.py:175} INFO - Processing /home/airflow/.local/lib/python3.7/site-packages/airflow/example_dags/example_bash_operator.py took 0.090 seconds
[2022-12-17T04:32:26.410+0000] {processor.py:153} INFO - Started process (PID=2435) to work on /home/airflow/.local/lib/python3.7/site-packages/airflow/example_dags/example_bash_operator.py
[2022-12-17T04:32:26.411+0000] {processor.py:743} INFO - Processing file /home/airflow/.local/lib/python3.7/site-packages/airflow/example_dags/example_bash_operator.py for tasks to queue
[2022-12-17T04:32:26.411+0000] {logging_mixin.py:137} INFO - [2022-12-17T04:32:26.411+0000] {dagbag.py:538} INFO - Filling up the DagBag from /home/airflow/.local/lib/python3.7/site-packages/airflow/example_dags/example_bash_operator.py
[2022-12-17T04:32:26.429+0000] {processor.py:753} INFO - DAG(s) dict_keys(['example_bash_operator']) retrieved from /home/airflow/.local/lib/python3.7/site-packages/airflow/example_dags/example_bash_operator.py
[2022-12-17T04:32:26.469+0000] {logging_mixin.py:137} INFO - [2022-12-17T04:32:26.469+0000] {dag.py:2676} INFO - Sync 1 DAGs
[2022-12-17T04:32:26.490+0000] {logging_mixin.py:137} INFO - [2022-12-17T04:32:26.489+0000] {dag.py:3427} INFO - Setting next_dagrun for example_bash_operator to 2022-12-16T00:00:00+00:00, run_after=2022-12-17T00:00:00+00:00
[2022-12-17T04:32:26.502+0000] {processor.py:175} INFO - Processing /home/airflow/.local/lib/python3.7/site-packages/airflow/example_dags/example_bash_operator.py took 0.095 seconds
[2022-12-17T04:32:56.662+0000] {processor.py:153} INFO - Started process (PID=2535) to work on /home/airflow/.local/lib/python3.7/site-packages/airflow/example_dags/example_bash_operator.py
[2022-12-17T04:32:56.662+0000] {processor.py:743} INFO - Processing file /home/airflow/.local/lib/python3.7/site-packages/airflow/example_dags/example_bash_operator.py for tasks to queue
[2022-12-17T04:32:56.663+0000] {logging_mixin.py:137} INFO - [2022-12-17T04:32:56.663+0000] {dagbag.py:538} INFO - Filling up the DagBag from /home/airflow/.local/lib/python3.7/site-packages/airflow/example_dags/example_bash_operator.py
[2022-12-17T04:32:56.678+0000] {processor.py:753} INFO - DAG(s) dict_keys(['example_bash_operator']) retrieved from /home/airflow/.local/lib/python3.7/site-packages/airflow/example_dags/example_bash_operator.py
[2022-12-17T04:32:56.717+0000] {logging_mixin.py:137} INFO - [2022-12-17T04:32:56.717+0000] {dag.py:2676} INFO - Sync 1 DAGs
[2022-12-17T04:32:56.742+0000] {logging_mixin.py:137} INFO - [2022-12-17T04:32:56.742+0000] {dag.py:3427} INFO - Setting next_dagrun for example_bash_operator to 2022-12-16T00:00:00+00:00, run_after=2022-12-17T00:00:00+00:00
[2022-12-17T04:32:56.758+0000] {processor.py:175} INFO - Processing /home/airflow/.local/lib/python3.7/site-packages/airflow/example_dags/example_bash_operator.py took 0.099 seconds
[2022-12-17T04:33:27.066+0000] {processor.py:153} INFO - Started process (PID=2615) to work on /home/airflow/.local/lib/python3.7/site-packages/airflow/example_dags/example_bash_operator.py
[2022-12-17T04:33:27.067+0000] {processor.py:743} INFO - Processing file /home/airflow/.local/lib/python3.7/site-packages/airflow/example_dags/example_bash_operator.py for tasks to queue
[2022-12-17T04:33:27.067+0000] {logging_mixin.py:137} INFO - [2022-12-17T04:33:27.067+0000] {dagbag.py:538} INFO - Filling up the DagBag from /home/airflow/.local/lib/python3.7/site-packages/airflow/example_dags/example_bash_operator.py
[2022-12-17T04:33:27.084+0000] {processor.py:753} INFO - DAG(s) dict_keys(['example_bash_operator']) retrieved from /home/airflow/.local/lib/python3.7/site-packages/airflow/example_dags/example_bash_operator.py
[2022-12-17T04:33:27.127+0000] {logging_mixin.py:137} INFO - [2022-12-17T04:33:27.127+0000] {dag.py:2676} INFO - Sync 1 DAGs
[2022-12-17T04:33:27.148+0000] {logging_mixin.py:137} INFO - [2022-12-17T04:33:27.148+0000] {dag.py:3427} INFO - Setting next_dagrun for example_bash_operator to 2022-12-16T00:00:00+00:00, run_after=2022-12-17T00:00:00+00:00
[2022-12-17T04:33:27.163+0000] {processor.py:175} INFO - Processing /home/airflow/.local/lib/python3.7/site-packages/airflow/example_dags/example_bash_operator.py took 0.099 seconds
[2022-12-17T04:33:57.571+0000] {processor.py:153} INFO - Started process (PID=2714) to work on /home/airflow/.local/lib/python3.7/site-packages/airflow/example_dags/example_bash_operator.py
[2022-12-17T04:33:57.571+0000] {processor.py:743} INFO - Processing file /home/airflow/.local/lib/python3.7/site-packages/airflow/example_dags/example_bash_operator.py for tasks to queue
[2022-12-17T04:33:57.572+0000] {logging_mixin.py:137} INFO - [2022-12-17T04:33:57.572+0000] {dagbag.py:538} INFO - Filling up the DagBag from /home/airflow/.local/lib/python3.7/site-packages/airflow/example_dags/example_bash_operator.py
[2022-12-17T04:33:57.587+0000] {processor.py:753} INFO - DAG(s) dict_keys(['example_bash_operator']) retrieved from /home/airflow/.local/lib/python3.7/site-packages/airflow/example_dags/example_bash_operator.py
[2022-12-17T04:33:57.629+0000] {logging_mixin.py:137} INFO - [2022-12-17T04:33:57.629+0000] {dag.py:2676} INFO - Sync 1 DAGs
[2022-12-17T04:33:57.648+0000] {logging_mixin.py:137} INFO - [2022-12-17T04:33:57.648+0000] {dag.py:3427} INFO - Setting next_dagrun for example_bash_operator to 2022-12-16T00:00:00+00:00, run_after=2022-12-17T00:00:00+00:00
[2022-12-17T04:33:57.660+0000] {processor.py:175} INFO - Processing /home/airflow/.local/lib/python3.7/site-packages/airflow/example_dags/example_bash_operator.py took 0.092 seconds
[2022-12-17T04:34:27.797+0000] {processor.py:153} INFO - Started process (PID=2793) to work on /home/airflow/.local/lib/python3.7/site-packages/airflow/example_dags/example_bash_operator.py
[2022-12-17T04:34:27.797+0000] {processor.py:743} INFO - Processing file /home/airflow/.local/lib/python3.7/site-packages/airflow/example_dags/example_bash_operator.py for tasks to queue
[2022-12-17T04:34:27.798+0000] {logging_mixin.py:137} INFO - [2022-12-17T04:34:27.798+0000] {dagbag.py:538} INFO - Filling up the DagBag from /home/airflow/.local/lib/python3.7/site-packages/airflow/example_dags/example_bash_operator.py
[2022-12-17T04:34:27.815+0000] {processor.py:753} INFO - DAG(s) dict_keys(['example_bash_operator']) retrieved from /home/airflow/.local/lib/python3.7/site-packages/airflow/example_dags/example_bash_operator.py
[2022-12-17T04:34:27.851+0000] {logging_mixin.py:137} INFO - [2022-12-17T04:34:27.851+0000] {dag.py:2676} INFO - Sync 1 DAGs
[2022-12-17T04:34:27.871+0000] {logging_mixin.py:137} INFO - [2022-12-17T04:34:27.871+0000] {dag.py:3427} INFO - Setting next_dagrun for example_bash_operator to 2022-12-16T00:00:00+00:00, run_after=2022-12-17T00:00:00+00:00
[2022-12-17T04:34:27.883+0000] {processor.py:175} INFO - Processing /home/airflow/.local/lib/python3.7/site-packages/airflow/example_dags/example_bash_operator.py took 0.089 seconds
[2022-12-17T04:34:58.231+0000] {processor.py:153} INFO - Started process (PID=2892) to work on /home/airflow/.local/lib/python3.7/site-packages/airflow/example_dags/example_bash_operator.py
[2022-12-17T04:34:58.231+0000] {processor.py:743} INFO - Processing file /home/airflow/.local/lib/python3.7/site-packages/airflow/example_dags/example_bash_operator.py for tasks to queue
[2022-12-17T04:34:58.231+0000] {logging_mixin.py:137} INFO - [2022-12-17T04:34:58.231+0000] {dagbag.py:538} INFO - Filling up the DagBag from /home/airflow/.local/lib/python3.7/site-packages/airflow/example_dags/example_bash_operator.py
[2022-12-17T04:34:58.247+0000] {processor.py:753} INFO - DAG(s) dict_keys(['example_bash_operator']) retrieved from /home/airflow/.local/lib/python3.7/site-packages/airflow/example_dags/example_bash_operator.py
[2022-12-17T04:34:58.285+0000] {logging_mixin.py:137} INFO - [2022-12-17T04:34:58.284+0000] {dag.py:2676} INFO - Sync 1 DAGs
[2022-12-17T04:34:58.305+0000] {logging_mixin.py:137} INFO - [2022-12-17T04:34:58.305+0000] {dag.py:3427} INFO - Setting next_dagrun for example_bash_operator to 2022-12-16T00:00:00+00:00, run_after=2022-12-17T00:00:00+00:00
[2022-12-17T04:34:58.317+0000] {processor.py:175} INFO - Processing /home/airflow/.local/lib/python3.7/site-packages/airflow/example_dags/example_bash_operator.py took 0.089 seconds
[2022-12-17T04:35:28.868+0000] {processor.py:153} INFO - Started process (PID=2990) to work on /home/airflow/.local/lib/python3.7/site-packages/airflow/example_dags/example_bash_operator.py
[2022-12-17T04:35:28.869+0000] {processor.py:743} INFO - Processing file /home/airflow/.local/lib/python3.7/site-packages/airflow/example_dags/example_bash_operator.py for tasks to queue
[2022-12-17T04:35:28.870+0000] {logging_mixin.py:137} INFO - [2022-12-17T04:35:28.870+0000] {dagbag.py:538} INFO - Filling up the DagBag from /home/airflow/.local/lib/python3.7/site-packages/airflow/example_dags/example_bash_operator.py
[2022-12-17T04:35:28.886+0000] {processor.py:753} INFO - DAG(s) dict_keys(['example_bash_operator']) retrieved from /home/airflow/.local/lib/python3.7/site-packages/airflow/example_dags/example_bash_operator.py
[2022-12-17T04:35:28.929+0000] {logging_mixin.py:137} INFO - [2022-12-17T04:35:28.929+0000] {dag.py:2676} INFO - Sync 1 DAGs
[2022-12-17T04:35:28.952+0000] {logging_mixin.py:137} INFO - [2022-12-17T04:35:28.951+0000] {dag.py:3427} INFO - Setting next_dagrun for example_bash_operator to 2022-12-16T00:00:00+00:00, run_after=2022-12-17T00:00:00+00:00
[2022-12-17T04:35:28.964+0000] {processor.py:175} INFO - Processing /home/airflow/.local/lib/python3.7/site-packages/airflow/example_dags/example_bash_operator.py took 0.098 seconds
[2022-12-17T04:35:59.285+0000] {processor.py:153} INFO - Started process (PID=3069) to work on /home/airflow/.local/lib/python3.7/site-packages/airflow/example_dags/example_bash_operator.py
[2022-12-17T04:35:59.286+0000] {processor.py:743} INFO - Processing file /home/airflow/.local/lib/python3.7/site-packages/airflow/example_dags/example_bash_operator.py for tasks to queue
[2022-12-17T04:35:59.286+0000] {logging_mixin.py:137} INFO - [2022-12-17T04:35:59.286+0000] {dagbag.py:538} INFO - Filling up the DagBag from /home/airflow/.local/lib/python3.7/site-packages/airflow/example_dags/example_bash_operator.py
[2022-12-17T04:35:59.301+0000] {processor.py:753} INFO - DAG(s) dict_keys(['example_bash_operator']) retrieved from /home/airflow/.local/lib/python3.7/site-packages/airflow/example_dags/example_bash_operator.py
[2022-12-17T04:35:59.348+0000] {logging_mixin.py:137} INFO - [2022-12-17T04:35:59.348+0000] {dag.py:2676} INFO - Sync 1 DAGs
[2022-12-17T04:35:59.375+0000] {logging_mixin.py:137} INFO - [2022-12-17T04:35:59.375+0000] {dag.py:3427} INFO - Setting next_dagrun for example_bash_operator to 2022-12-16T00:00:00+00:00, run_after=2022-12-17T00:00:00+00:00
[2022-12-17T04:35:59.390+0000] {processor.py:175} INFO - Processing /home/airflow/.local/lib/python3.7/site-packages/airflow/example_dags/example_bash_operator.py took 0.108 seconds
[2022-12-17T04:36:29.913+0000] {processor.py:153} INFO - Started process (PID=3168) to work on /home/airflow/.local/lib/python3.7/site-packages/airflow/example_dags/example_bash_operator.py
[2022-12-17T04:36:29.914+0000] {processor.py:743} INFO - Processing file /home/airflow/.local/lib/python3.7/site-packages/airflow/example_dags/example_bash_operator.py for tasks to queue
[2022-12-17T04:36:29.914+0000] {logging_mixin.py:137} INFO - [2022-12-17T04:36:29.914+0000] {dagbag.py:538} INFO - Filling up the DagBag from /home/airflow/.local/lib/python3.7/site-packages/airflow/example_dags/example_bash_operator.py
[2022-12-17T04:36:29.931+0000] {processor.py:753} INFO - DAG(s) dict_keys(['example_bash_operator']) retrieved from /home/airflow/.local/lib/python3.7/site-packages/airflow/example_dags/example_bash_operator.py
[2022-12-17T04:36:29.975+0000] {logging_mixin.py:137} INFO - [2022-12-17T04:36:29.975+0000] {dag.py:2676} INFO - Sync 1 DAGs
[2022-12-17T04:36:29.994+0000] {logging_mixin.py:137} INFO - [2022-12-17T04:36:29.994+0000] {dag.py:3427} INFO - Setting next_dagrun for example_bash_operator to 2022-12-16T00:00:00+00:00, run_after=2022-12-17T00:00:00+00:00
[2022-12-17T04:36:30.008+0000] {processor.py:175} INFO - Processing /home/airflow/.local/lib/python3.7/site-packages/airflow/example_dags/example_bash_operator.py took 0.097 seconds
[2022-12-17T04:37:00.152+0000] {processor.py:153} INFO - Started process (PID=3247) to work on /home/airflow/.local/lib/python3.7/site-packages/airflow/example_dags/example_bash_operator.py
[2022-12-17T04:37:00.152+0000] {processor.py:743} INFO - Processing file /home/airflow/.local/lib/python3.7/site-packages/airflow/example_dags/example_bash_operator.py for tasks to queue
[2022-12-17T04:37:00.153+0000] {logging_mixin.py:137} INFO - [2022-12-17T04:37:00.153+0000] {dagbag.py:538} INFO - Filling up the DagBag from /home/airflow/.local/lib/python3.7/site-packages/airflow/example_dags/example_bash_operator.py
[2022-12-17T04:37:00.173+0000] {processor.py:753} INFO - DAG(s) dict_keys(['example_bash_operator']) retrieved from /home/airflow/.local/lib/python3.7/site-packages/airflow/example_dags/example_bash_operator.py
[2022-12-17T04:37:00.215+0000] {logging_mixin.py:137} INFO - [2022-12-17T04:37:00.214+0000] {dag.py:2676} INFO - Sync 1 DAGs
[2022-12-17T04:37:00.236+0000] {logging_mixin.py:137} INFO - [2022-12-17T04:37:00.235+0000] {dag.py:3427} INFO - Setting next_dagrun for example_bash_operator to 2022-12-16T00:00:00+00:00, run_after=2022-12-17T00:00:00+00:00
[2022-12-17T04:37:00.249+0000] {processor.py:175} INFO - Processing /home/airflow/.local/lib/python3.7/site-packages/airflow/example_dags/example_bash_operator.py took 0.100 seconds
[2022-12-17T04:37:30.515+0000] {processor.py:153} INFO - Started process (PID=3346) to work on /home/airflow/.local/lib/python3.7/site-packages/airflow/example_dags/example_bash_operator.py
[2022-12-17T04:37:30.516+0000] {processor.py:743} INFO - Processing file /home/airflow/.local/lib/python3.7/site-packages/airflow/example_dags/example_bash_operator.py for tasks to queue
[2022-12-17T04:37:30.517+0000] {logging_mixin.py:137} INFO - [2022-12-17T04:37:30.517+0000] {dagbag.py:538} INFO - Filling up the DagBag from /home/airflow/.local/lib/python3.7/site-packages/airflow/example_dags/example_bash_operator.py
[2022-12-17T04:37:30.533+0000] {processor.py:753} INFO - DAG(s) dict_keys(['example_bash_operator']) retrieved from /home/airflow/.local/lib/python3.7/site-packages/airflow/example_dags/example_bash_operator.py
[2022-12-17T04:37:30.576+0000] {logging_mixin.py:137} INFO - [2022-12-17T04:37:30.576+0000] {dag.py:2676} INFO - Sync 1 DAGs
[2022-12-17T04:37:30.596+0000] {logging_mixin.py:137} INFO - [2022-12-17T04:37:30.596+0000] {dag.py:3427} INFO - Setting next_dagrun for example_bash_operator to 2022-12-16T00:00:00+00:00, run_after=2022-12-17T00:00:00+00:00
[2022-12-17T04:37:30.610+0000] {processor.py:175} INFO - Processing /home/airflow/.local/lib/python3.7/site-packages/airflow/example_dags/example_bash_operator.py took 0.097 seconds
[2022-12-17T04:38:00.972+0000] {processor.py:153} INFO - Started process (PID=3425) to work on /home/airflow/.local/lib/python3.7/site-packages/airflow/example_dags/example_bash_operator.py
[2022-12-17T04:38:00.972+0000] {processor.py:743} INFO - Processing file /home/airflow/.local/lib/python3.7/site-packages/airflow/example_dags/example_bash_operator.py for tasks to queue
[2022-12-17T04:38:00.972+0000] {logging_mixin.py:137} INFO - [2022-12-17T04:38:00.972+0000] {dagbag.py:538} INFO - Filling up the DagBag from /home/airflow/.local/lib/python3.7/site-packages/airflow/example_dags/example_bash_operator.py
[2022-12-17T04:38:00.988+0000] {processor.py:753} INFO - DAG(s) dict_keys(['example_bash_operator']) retrieved from /home/airflow/.local/lib/python3.7/site-packages/airflow/example_dags/example_bash_operator.py
[2022-12-17T04:38:01.029+0000] {logging_mixin.py:137} INFO - [2022-12-17T04:38:01.029+0000] {dag.py:2676} INFO - Sync 1 DAGs
[2022-12-17T04:38:01.050+0000] {logging_mixin.py:137} INFO - [2022-12-17T04:38:01.050+0000] {dag.py:3427} INFO - Setting next_dagrun for example_bash_operator to 2022-12-16T00:00:00+00:00, run_after=2022-12-17T00:00:00+00:00
[2022-12-17T04:38:01.063+0000] {processor.py:175} INFO - Processing /home/airflow/.local/lib/python3.7/site-packages/airflow/example_dags/example_bash_operator.py took 0.094 seconds
[2022-12-17T04:38:31.454+0000] {processor.py:153} INFO - Started process (PID=3524) to work on /home/airflow/.local/lib/python3.7/site-packages/airflow/example_dags/example_bash_operator.py
[2022-12-17T04:38:31.455+0000] {processor.py:743} INFO - Processing file /home/airflow/.local/lib/python3.7/site-packages/airflow/example_dags/example_bash_operator.py for tasks to queue
[2022-12-17T04:38:31.455+0000] {logging_mixin.py:137} INFO - [2022-12-17T04:38:31.455+0000] {dagbag.py:538} INFO - Filling up the DagBag from /home/airflow/.local/lib/python3.7/site-packages/airflow/example_dags/example_bash_operator.py
[2022-12-17T04:38:31.471+0000] {processor.py:753} INFO - DAG(s) dict_keys(['example_bash_operator']) retrieved from /home/airflow/.local/lib/python3.7/site-packages/airflow/example_dags/example_bash_operator.py
[2022-12-17T04:38:31.508+0000] {logging_mixin.py:137} INFO - [2022-12-17T04:38:31.508+0000] {dag.py:2676} INFO - Sync 1 DAGs
[2022-12-17T04:38:31.527+0000] {logging_mixin.py:137} INFO - [2022-12-17T04:38:31.527+0000] {dag.py:3427} INFO - Setting next_dagrun for example_bash_operator to 2022-12-16T00:00:00+00:00, run_after=2022-12-17T00:00:00+00:00
[2022-12-17T04:38:31.540+0000] {processor.py:175} INFO - Processing /home/airflow/.local/lib/python3.7/site-packages/airflow/example_dags/example_bash_operator.py took 0.090 seconds
[2022-12-17T04:39:01.724+0000] {processor.py:153} INFO - Started process (PID=3623) to work on /home/airflow/.local/lib/python3.7/site-packages/airflow/example_dags/example_bash_operator.py
[2022-12-17T04:39:01.724+0000] {processor.py:743} INFO - Processing file /home/airflow/.local/lib/python3.7/site-packages/airflow/example_dags/example_bash_operator.py for tasks to queue
[2022-12-17T04:39:01.725+0000] {logging_mixin.py:137} INFO - [2022-12-17T04:39:01.725+0000] {dagbag.py:538} INFO - Filling up the DagBag from /home/airflow/.local/lib/python3.7/site-packages/airflow/example_dags/example_bash_operator.py
[2022-12-17T04:39:01.745+0000] {processor.py:753} INFO - DAG(s) dict_keys(['example_bash_operator']) retrieved from /home/airflow/.local/lib/python3.7/site-packages/airflow/example_dags/example_bash_operator.py
[2022-12-17T04:39:01.789+0000] {logging_mixin.py:137} INFO - [2022-12-17T04:39:01.789+0000] {dag.py:2676} INFO - Sync 1 DAGs
[2022-12-17T04:39:01.811+0000] {logging_mixin.py:137} INFO - [2022-12-17T04:39:01.811+0000] {dag.py:3427} INFO - Setting next_dagrun for example_bash_operator to 2022-12-16T00:00:00+00:00, run_after=2022-12-17T00:00:00+00:00
[2022-12-17T04:39:01.826+0000] {processor.py:175} INFO - Processing /home/airflow/.local/lib/python3.7/site-packages/airflow/example_dags/example_bash_operator.py took 0.106 seconds
[2022-12-17T04:39:32.311+0000] {processor.py:153} INFO - Started process (PID=3702) to work on /home/airflow/.local/lib/python3.7/site-packages/airflow/example_dags/example_bash_operator.py
[2022-12-17T04:39:32.311+0000] {processor.py:743} INFO - Processing file /home/airflow/.local/lib/python3.7/site-packages/airflow/example_dags/example_bash_operator.py for tasks to queue
[2022-12-17T04:39:32.312+0000] {logging_mixin.py:137} INFO - [2022-12-17T04:39:32.312+0000] {dagbag.py:538} INFO - Filling up the DagBag from /home/airflow/.local/lib/python3.7/site-packages/airflow/example_dags/example_bash_operator.py
[2022-12-17T04:39:32.327+0000] {processor.py:753} INFO - DAG(s) dict_keys(['example_bash_operator']) retrieved from /home/airflow/.local/lib/python3.7/site-packages/airflow/example_dags/example_bash_operator.py
[2022-12-17T04:39:32.365+0000] {logging_mixin.py:137} INFO - [2022-12-17T04:39:32.365+0000] {dag.py:2676} INFO - Sync 1 DAGs
[2022-12-17T04:39:32.389+0000] {logging_mixin.py:137} INFO - [2022-12-17T04:39:32.389+0000] {dag.py:3427} INFO - Setting next_dagrun for example_bash_operator to 2022-12-16T00:00:00+00:00, run_after=2022-12-17T00:00:00+00:00
[2022-12-17T04:39:32.403+0000] {processor.py:175} INFO - Processing /home/airflow/.local/lib/python3.7/site-packages/airflow/example_dags/example_bash_operator.py took 0.094 seconds
[2022-12-17T04:40:02.718+0000] {processor.py:153} INFO - Started process (PID=3801) to work on /home/airflow/.local/lib/python3.7/site-packages/airflow/example_dags/example_bash_operator.py
[2022-12-17T04:40:02.718+0000] {processor.py:743} INFO - Processing file /home/airflow/.local/lib/python3.7/site-packages/airflow/example_dags/example_bash_operator.py for tasks to queue
[2022-12-17T04:40:02.719+0000] {logging_mixin.py:137} INFO - [2022-12-17T04:40:02.719+0000] {dagbag.py:538} INFO - Filling up the DagBag from /home/airflow/.local/lib/python3.7/site-packages/airflow/example_dags/example_bash_operator.py
[2022-12-17T04:40:02.736+0000] {processor.py:753} INFO - DAG(s) dict_keys(['example_bash_operator']) retrieved from /home/airflow/.local/lib/python3.7/site-packages/airflow/example_dags/example_bash_operator.py
[2022-12-17T04:40:02.775+0000] {logging_mixin.py:137} INFO - [2022-12-17T04:40:02.775+0000] {dag.py:2676} INFO - Sync 1 DAGs
[2022-12-17T04:40:02.800+0000] {logging_mixin.py:137} INFO - [2022-12-17T04:40:02.800+0000] {dag.py:3427} INFO - Setting next_dagrun for example_bash_operator to 2022-12-16T00:00:00+00:00, run_after=2022-12-17T00:00:00+00:00
[2022-12-17T04:40:02.815+0000] {processor.py:175} INFO - Processing /home/airflow/.local/lib/python3.7/site-packages/airflow/example_dags/example_bash_operator.py took 0.101 seconds
[2022-12-17T04:40:32.923+0000] {processor.py:153} INFO - Started process (PID=3881) to work on /home/airflow/.local/lib/python3.7/site-packages/airflow/example_dags/example_bash_operator.py
[2022-12-17T04:40:32.923+0000] {processor.py:743} INFO - Processing file /home/airflow/.local/lib/python3.7/site-packages/airflow/example_dags/example_bash_operator.py for tasks to queue
[2022-12-17T04:40:32.924+0000] {logging_mixin.py:137} INFO - [2022-12-17T04:40:32.924+0000] {dagbag.py:538} INFO - Filling up the DagBag from /home/airflow/.local/lib/python3.7/site-packages/airflow/example_dags/example_bash_operator.py
[2022-12-17T04:40:32.941+0000] {processor.py:753} INFO - DAG(s) dict_keys(['example_bash_operator']) retrieved from /home/airflow/.local/lib/python3.7/site-packages/airflow/example_dags/example_bash_operator.py
[2022-12-17T04:40:32.981+0000] {logging_mixin.py:137} INFO - [2022-12-17T04:40:32.981+0000] {dag.py:2676} INFO - Sync 1 DAGs
[2022-12-17T04:40:33.004+0000] {logging_mixin.py:137} INFO - [2022-12-17T04:40:33.003+0000] {dag.py:3427} INFO - Setting next_dagrun for example_bash_operator to 2022-12-16T00:00:00+00:00, run_after=2022-12-17T00:00:00+00:00
[2022-12-17T04:40:33.017+0000] {processor.py:175} INFO - Processing /home/airflow/.local/lib/python3.7/site-packages/airflow/example_dags/example_bash_operator.py took 0.096 seconds
[2022-12-17T04:41:03.174+0000] {processor.py:153} INFO - Started process (PID=3980) to work on /home/airflow/.local/lib/python3.7/site-packages/airflow/example_dags/example_bash_operator.py
[2022-12-17T04:41:03.174+0000] {processor.py:743} INFO - Processing file /home/airflow/.local/lib/python3.7/site-packages/airflow/example_dags/example_bash_operator.py for tasks to queue
[2022-12-17T04:41:03.175+0000] {logging_mixin.py:137} INFO - [2022-12-17T04:41:03.175+0000] {dagbag.py:538} INFO - Filling up the DagBag from /home/airflow/.local/lib/python3.7/site-packages/airflow/example_dags/example_bash_operator.py
[2022-12-17T04:41:03.194+0000] {processor.py:753} INFO - DAG(s) dict_keys(['example_bash_operator']) retrieved from /home/airflow/.local/lib/python3.7/site-packages/airflow/example_dags/example_bash_operator.py
[2022-12-17T04:41:03.244+0000] {logging_mixin.py:137} INFO - [2022-12-17T04:41:03.244+0000] {dag.py:2676} INFO - Sync 1 DAGs
[2022-12-17T04:41:03.279+0000] {logging_mixin.py:137} INFO - [2022-12-17T04:41:03.279+0000] {dag.py:3427} INFO - Setting next_dagrun for example_bash_operator to 2022-12-16T00:00:00+00:00, run_after=2022-12-17T00:00:00+00:00
[2022-12-17T04:41:03.296+0000] {processor.py:175} INFO - Processing /home/airflow/.local/lib/python3.7/site-packages/airflow/example_dags/example_bash_operator.py took 0.126 seconds
[2022-12-17T04:41:33.547+0000] {processor.py:153} INFO - Started process (PID=4059) to work on /home/airflow/.local/lib/python3.7/site-packages/airflow/example_dags/example_bash_operator.py
[2022-12-17T04:41:33.547+0000] {processor.py:743} INFO - Processing file /home/airflow/.local/lib/python3.7/site-packages/airflow/example_dags/example_bash_operator.py for tasks to queue
[2022-12-17T04:41:33.548+0000] {logging_mixin.py:137} INFO - [2022-12-17T04:41:33.548+0000] {dagbag.py:538} INFO - Filling up the DagBag from /home/airflow/.local/lib/python3.7/site-packages/airflow/example_dags/example_bash_operator.py
[2022-12-17T04:41:33.564+0000] {processor.py:753} INFO - DAG(s) dict_keys(['example_bash_operator']) retrieved from /home/airflow/.local/lib/python3.7/site-packages/airflow/example_dags/example_bash_operator.py
[2022-12-17T04:41:33.600+0000] {logging_mixin.py:137} INFO - [2022-12-17T04:41:33.600+0000] {dag.py:2676} INFO - Sync 1 DAGs
[2022-12-17T04:41:33.620+0000] {logging_mixin.py:137} INFO - [2022-12-17T04:41:33.620+0000] {dag.py:3427} INFO - Setting next_dagrun for example_bash_operator to 2022-12-16T00:00:00+00:00, run_after=2022-12-17T00:00:00+00:00
[2022-12-17T04:41:33.631+0000] {processor.py:175} INFO - Processing /home/airflow/.local/lib/python3.7/site-packages/airflow/example_dags/example_bash_operator.py took 0.087 seconds
[2022-12-17T04:42:03.934+0000] {processor.py:153} INFO - Started process (PID=4159) to work on /home/airflow/.local/lib/python3.7/site-packages/airflow/example_dags/example_bash_operator.py
[2022-12-17T04:42:03.935+0000] {processor.py:743} INFO - Processing file /home/airflow/.local/lib/python3.7/site-packages/airflow/example_dags/example_bash_operator.py for tasks to queue
[2022-12-17T04:42:03.935+0000] {logging_mixin.py:137} INFO - [2022-12-17T04:42:03.935+0000] {dagbag.py:538} INFO - Filling up the DagBag from /home/airflow/.local/lib/python3.7/site-packages/airflow/example_dags/example_bash_operator.py
[2022-12-17T04:42:03.954+0000] {processor.py:753} INFO - DAG(s) dict_keys(['example_bash_operator']) retrieved from /home/airflow/.local/lib/python3.7/site-packages/airflow/example_dags/example_bash_operator.py
[2022-12-17T04:42:04.006+0000] {logging_mixin.py:137} INFO - [2022-12-17T04:42:04.006+0000] {dag.py:2676} INFO - Sync 1 DAGs
[2022-12-17T04:42:04.032+0000] {logging_mixin.py:137} INFO - [2022-12-17T04:42:04.032+0000] {dag.py:3427} INFO - Setting next_dagrun for example_bash_operator to 2022-12-16T00:00:00+00:00, run_after=2022-12-17T00:00:00+00:00
[2022-12-17T04:42:04.044+0000] {processor.py:175} INFO - Processing /home/airflow/.local/lib/python3.7/site-packages/airflow/example_dags/example_bash_operator.py took 0.113 seconds
[2022-12-17T04:42:34.355+0000] {processor.py:153} INFO - Started process (PID=4247) to work on /home/airflow/.local/lib/python3.7/site-packages/airflow/example_dags/example_bash_operator.py
[2022-12-17T04:42:34.356+0000] {processor.py:743} INFO - Processing file /home/airflow/.local/lib/python3.7/site-packages/airflow/example_dags/example_bash_operator.py for tasks to queue
[2022-12-17T04:42:34.356+0000] {logging_mixin.py:137} INFO - [2022-12-17T04:42:34.356+0000] {dagbag.py:538} INFO - Filling up the DagBag from /home/airflow/.local/lib/python3.7/site-packages/airflow/example_dags/example_bash_operator.py
[2022-12-17T04:42:34.377+0000] {processor.py:753} INFO - DAG(s) dict_keys(['example_bash_operator']) retrieved from /home/airflow/.local/lib/python3.7/site-packages/airflow/example_dags/example_bash_operator.py
[2022-12-17T04:42:34.423+0000] {logging_mixin.py:137} INFO - [2022-12-17T04:42:34.423+0000] {dag.py:2676} INFO - Sync 1 DAGs
[2022-12-17T04:42:34.445+0000] {logging_mixin.py:137} INFO - [2022-12-17T04:42:34.445+0000] {dag.py:3427} INFO - Setting next_dagrun for example_bash_operator to 2022-12-16T00:00:00+00:00, run_after=2022-12-17T00:00:00+00:00
[2022-12-17T04:42:34.458+0000] {processor.py:175} INFO - Processing /home/airflow/.local/lib/python3.7/site-packages/airflow/example_dags/example_bash_operator.py took 0.106 seconds
[2022-12-17T04:43:04.674+0000] {processor.py:153} INFO - Started process (PID=4337) to work on /home/airflow/.local/lib/python3.7/site-packages/airflow/example_dags/example_bash_operator.py
[2022-12-17T04:43:04.675+0000] {processor.py:743} INFO - Processing file /home/airflow/.local/lib/python3.7/site-packages/airflow/example_dags/example_bash_operator.py for tasks to queue
[2022-12-17T04:43:04.675+0000] {logging_mixin.py:137} INFO - [2022-12-17T04:43:04.675+0000] {dagbag.py:538} INFO - Filling up the DagBag from /home/airflow/.local/lib/python3.7/site-packages/airflow/example_dags/example_bash_operator.py
[2022-12-17T04:43:04.692+0000] {processor.py:753} INFO - DAG(s) dict_keys(['example_bash_operator']) retrieved from /home/airflow/.local/lib/python3.7/site-packages/airflow/example_dags/example_bash_operator.py
[2022-12-17T04:43:04.732+0000] {logging_mixin.py:137} INFO - [2022-12-17T04:43:04.732+0000] {dag.py:2676} INFO - Sync 1 DAGs
[2022-12-17T04:43:04.754+0000] {logging_mixin.py:137} INFO - [2022-12-17T04:43:04.754+0000] {dag.py:3427} INFO - Setting next_dagrun for example_bash_operator to 2022-12-16T00:00:00+00:00, run_after=2022-12-17T00:00:00+00:00
[2022-12-17T04:43:04.767+0000] {processor.py:175} INFO - Processing /home/airflow/.local/lib/python3.7/site-packages/airflow/example_dags/example_bash_operator.py took 0.096 seconds
[2022-12-17T04:43:35.040+0000] {processor.py:153} INFO - Started process (PID=4436) to work on /home/airflow/.local/lib/python3.7/site-packages/airflow/example_dags/example_bash_operator.py
[2022-12-17T04:43:35.041+0000] {processor.py:743} INFO - Processing file /home/airflow/.local/lib/python3.7/site-packages/airflow/example_dags/example_bash_operator.py for tasks to queue
[2022-12-17T04:43:35.041+0000] {logging_mixin.py:137} INFO - [2022-12-17T04:43:35.041+0000] {dagbag.py:538} INFO - Filling up the DagBag from /home/airflow/.local/lib/python3.7/site-packages/airflow/example_dags/example_bash_operator.py
[2022-12-17T04:43:35.061+0000] {processor.py:753} INFO - DAG(s) dict_keys(['example_bash_operator']) retrieved from /home/airflow/.local/lib/python3.7/site-packages/airflow/example_dags/example_bash_operator.py
[2022-12-17T04:43:35.105+0000] {logging_mixin.py:137} INFO - [2022-12-17T04:43:35.105+0000] {dag.py:2676} INFO - Sync 1 DAGs
[2022-12-17T04:43:35.126+0000] {logging_mixin.py:137} INFO - [2022-12-17T04:43:35.125+0000] {dag.py:3427} INFO - Setting next_dagrun for example_bash_operator to 2022-12-16T00:00:00+00:00, run_after=2022-12-17T00:00:00+00:00
[2022-12-17T04:43:35.138+0000] {processor.py:175} INFO - Processing /home/airflow/.local/lib/python3.7/site-packages/airflow/example_dags/example_bash_operator.py took 0.101 seconds
[2022-12-17T04:44:05.212+0000] {processor.py:153} INFO - Started process (PID=4516) to work on /home/airflow/.local/lib/python3.7/site-packages/airflow/example_dags/example_bash_operator.py
[2022-12-17T04:44:05.213+0000] {processor.py:743} INFO - Processing file /home/airflow/.local/lib/python3.7/site-packages/airflow/example_dags/example_bash_operator.py for tasks to queue
[2022-12-17T04:44:05.213+0000] {logging_mixin.py:137} INFO - [2022-12-17T04:44:05.213+0000] {dagbag.py:538} INFO - Filling up the DagBag from /home/airflow/.local/lib/python3.7/site-packages/airflow/example_dags/example_bash_operator.py
[2022-12-17T04:44:05.228+0000] {processor.py:753} INFO - DAG(s) dict_keys(['example_bash_operator']) retrieved from /home/airflow/.local/lib/python3.7/site-packages/airflow/example_dags/example_bash_operator.py
[2022-12-17T04:44:05.264+0000] {logging_mixin.py:137} INFO - [2022-12-17T04:44:05.264+0000] {dag.py:2676} INFO - Sync 1 DAGs
[2022-12-17T04:44:05.284+0000] {logging_mixin.py:137} INFO - [2022-12-17T04:44:05.284+0000] {dag.py:3427} INFO - Setting next_dagrun for example_bash_operator to 2022-12-16T00:00:00+00:00, run_after=2022-12-17T00:00:00+00:00
[2022-12-17T04:44:05.298+0000] {processor.py:175} INFO - Processing /home/airflow/.local/lib/python3.7/site-packages/airflow/example_dags/example_bash_operator.py took 0.089 seconds
[2022-12-17T04:44:35.555+0000] {processor.py:153} INFO - Started process (PID=4616) to work on /home/airflow/.local/lib/python3.7/site-packages/airflow/example_dags/example_bash_operator.py
[2022-12-17T04:44:35.556+0000] {processor.py:743} INFO - Processing file /home/airflow/.local/lib/python3.7/site-packages/airflow/example_dags/example_bash_operator.py for tasks to queue
[2022-12-17T04:44:35.556+0000] {logging_mixin.py:137} INFO - [2022-12-17T04:44:35.556+0000] {dagbag.py:538} INFO - Filling up the DagBag from /home/airflow/.local/lib/python3.7/site-packages/airflow/example_dags/example_bash_operator.py
[2022-12-17T04:44:35.576+0000] {processor.py:753} INFO - DAG(s) dict_keys(['example_bash_operator']) retrieved from /home/airflow/.local/lib/python3.7/site-packages/airflow/example_dags/example_bash_operator.py
[2022-12-17T04:44:35.618+0000] {logging_mixin.py:137} INFO - [2022-12-17T04:44:35.618+0000] {dag.py:2676} INFO - Sync 1 DAGs
[2022-12-17T04:44:35.640+0000] {logging_mixin.py:137} INFO - [2022-12-17T04:44:35.639+0000] {dag.py:3427} INFO - Setting next_dagrun for example_bash_operator to 2022-12-16T00:00:00+00:00, run_after=2022-12-17T00:00:00+00:00
[2022-12-17T04:44:35.653+0000] {processor.py:175} INFO - Processing /home/airflow/.local/lib/python3.7/site-packages/airflow/example_dags/example_bash_operator.py took 0.101 seconds
[2022-12-17T04:45:05.858+0000] {processor.py:153} INFO - Started process (PID=4694) to work on /home/airflow/.local/lib/python3.7/site-packages/airflow/example_dags/example_bash_operator.py
[2022-12-17T04:45:05.859+0000] {processor.py:743} INFO - Processing file /home/airflow/.local/lib/python3.7/site-packages/airflow/example_dags/example_bash_operator.py for tasks to queue
[2022-12-17T04:45:05.859+0000] {logging_mixin.py:137} INFO - [2022-12-17T04:45:05.859+0000] {dagbag.py:538} INFO - Filling up the DagBag from /home/airflow/.local/lib/python3.7/site-packages/airflow/example_dags/example_bash_operator.py
[2022-12-17T04:45:05.874+0000] {processor.py:753} INFO - DAG(s) dict_keys(['example_bash_operator']) retrieved from /home/airflow/.local/lib/python3.7/site-packages/airflow/example_dags/example_bash_operator.py
[2022-12-17T04:45:05.913+0000] {logging_mixin.py:137} INFO - [2022-12-17T04:45:05.913+0000] {dag.py:2676} INFO - Sync 1 DAGs
[2022-12-17T04:45:05.933+0000] {logging_mixin.py:137} INFO - [2022-12-17T04:45:05.933+0000] {dag.py:3427} INFO - Setting next_dagrun for example_bash_operator to 2022-12-16T00:00:00+00:00, run_after=2022-12-17T00:00:00+00:00
[2022-12-17T04:45:05.945+0000] {processor.py:175} INFO - Processing /home/airflow/.local/lib/python3.7/site-packages/airflow/example_dags/example_bash_operator.py took 0.091 seconds
