[2022-12-17T04:19:16.667+0000] {processor.py:153} INFO - Started process (PID=80) to work on /home/airflow/.local/lib/python3.7/site-packages/airflow/example_dags/example_latest_only_with_trigger.py
[2022-12-17T04:19:16.667+0000] {processor.py:743} INFO - Processing file /home/airflow/.local/lib/python3.7/site-packages/airflow/example_dags/example_latest_only_with_trigger.py for tasks to queue
[2022-12-17T04:19:16.668+0000] {logging_mixin.py:137} INFO - [2022-12-17T04:19:16.668+0000] {dagbag.py:538} INFO - Filling up the DagBag from /home/airflow/.local/lib/python3.7/site-packages/airflow/example_dags/example_latest_only_with_trigger.py
[2022-12-17T04:19:16.680+0000] {processor.py:753} INFO - DAG(s) dict_keys(['latest_only_with_trigger']) retrieved from /home/airflow/.local/lib/python3.7/site-packages/airflow/example_dags/example_latest_only_with_trigger.py
[2022-12-17T04:19:16.793+0000] {logging_mixin.py:137} INFO - [2022-12-17T04:19:16.793+0000] {manager.py:504} INFO - Created Permission View: can read on DAG:latest_only_with_trigger
[2022-12-17T04:19:16.799+0000] {logging_mixin.py:137} INFO - [2022-12-17T04:19:16.799+0000] {manager.py:504} INFO - Created Permission View: can delete on DAG:latest_only_with_trigger
[2022-12-17T04:19:16.804+0000] {logging_mixin.py:137} INFO - [2022-12-17T04:19:16.804+0000] {manager.py:504} INFO - Created Permission View: can edit on DAG:latest_only_with_trigger
[2022-12-17T04:19:16.804+0000] {logging_mixin.py:137} INFO - [2022-12-17T04:19:16.804+0000] {dag.py:2676} INFO - Sync 1 DAGs
[2022-12-17T04:19:16.815+0000] {logging_mixin.py:137} INFO - [2022-12-17T04:19:16.815+0000] {dag.py:2697} INFO - Creating ORM DAG for latest_only_with_trigger
[2022-12-17T04:19:16.826+0000] {logging_mixin.py:137} INFO - [2022-12-17T04:19:16.826+0000] {dag.py:3427} INFO - Setting next_dagrun for latest_only_with_trigger to 2022-12-17T00:19:16.826573+00:00, run_after=2022-12-17T04:19:16.826573+00:00
[2022-12-17T04:19:16.840+0000] {processor.py:175} INFO - Processing /home/airflow/.local/lib/python3.7/site-packages/airflow/example_dags/example_latest_only_with_trigger.py took 0.175 seconds
[2022-12-17T04:19:47.431+0000] {processor.py:153} INFO - Started process (PID=170) to work on /home/airflow/.local/lib/python3.7/site-packages/airflow/example_dags/example_latest_only_with_trigger.py
[2022-12-17T04:19:47.432+0000] {processor.py:743} INFO - Processing file /home/airflow/.local/lib/python3.7/site-packages/airflow/example_dags/example_latest_only_with_trigger.py for tasks to queue
[2022-12-17T04:19:47.432+0000] {logging_mixin.py:137} INFO - [2022-12-17T04:19:47.432+0000] {dagbag.py:538} INFO - Filling up the DagBag from /home/airflow/.local/lib/python3.7/site-packages/airflow/example_dags/example_latest_only_with_trigger.py
[2022-12-17T04:19:47.446+0000] {processor.py:753} INFO - DAG(s) dict_keys(['latest_only_with_trigger']) retrieved from /home/airflow/.local/lib/python3.7/site-packages/airflow/example_dags/example_latest_only_with_trigger.py
[2022-12-17T04:19:47.472+0000] {logging_mixin.py:137} INFO - [2022-12-17T04:19:47.472+0000] {dag.py:2676} INFO - Sync 1 DAGs
[2022-12-17T04:19:47.491+0000] {logging_mixin.py:137} INFO - [2022-12-17T04:19:47.491+0000] {dag.py:3427} INFO - Setting next_dagrun for latest_only_with_trigger to 2022-12-17T00:19:47.491510+00:00, run_after=2022-12-17T04:19:47.491510+00:00
[2022-12-17T04:19:47.503+0000] {processor.py:175} INFO - Processing /home/airflow/.local/lib/python3.7/site-packages/airflow/example_dags/example_latest_only_with_trigger.py took 0.074 seconds
[2022-12-17T04:20:17.618+0000] {processor.py:153} INFO - Started process (PID=269) to work on /home/airflow/.local/lib/python3.7/site-packages/airflow/example_dags/example_latest_only_with_trigger.py
[2022-12-17T04:20:17.618+0000] {processor.py:743} INFO - Processing file /home/airflow/.local/lib/python3.7/site-packages/airflow/example_dags/example_latest_only_with_trigger.py for tasks to queue
[2022-12-17T04:20:17.619+0000] {logging_mixin.py:137} INFO - [2022-12-17T04:20:17.619+0000] {dagbag.py:538} INFO - Filling up the DagBag from /home/airflow/.local/lib/python3.7/site-packages/airflow/example_dags/example_latest_only_with_trigger.py
[2022-12-17T04:20:17.631+0000] {processor.py:753} INFO - DAG(s) dict_keys(['latest_only_with_trigger']) retrieved from /home/airflow/.local/lib/python3.7/site-packages/airflow/example_dags/example_latest_only_with_trigger.py
[2022-12-17T04:20:17.661+0000] {logging_mixin.py:137} INFO - [2022-12-17T04:20:17.661+0000] {dag.py:2676} INFO - Sync 1 DAGs
[2022-12-17T04:20:17.682+0000] {logging_mixin.py:137} INFO - [2022-12-17T04:20:17.682+0000] {dag.py:3427} INFO - Setting next_dagrun for latest_only_with_trigger to 2022-12-17T00:20:17.682669+00:00, run_after=2022-12-17T04:20:17.682669+00:00
[2022-12-17T04:20:17.696+0000] {processor.py:175} INFO - Processing /home/airflow/.local/lib/python3.7/site-packages/airflow/example_dags/example_latest_only_with_trigger.py took 0.082 seconds
[2022-12-17T04:20:47.926+0000] {processor.py:153} INFO - Started process (PID=348) to work on /home/airflow/.local/lib/python3.7/site-packages/airflow/example_dags/example_latest_only_with_trigger.py
[2022-12-17T04:20:47.926+0000] {processor.py:743} INFO - Processing file /home/airflow/.local/lib/python3.7/site-packages/airflow/example_dags/example_latest_only_with_trigger.py for tasks to queue
[2022-12-17T04:20:47.927+0000] {logging_mixin.py:137} INFO - [2022-12-17T04:20:47.927+0000] {dagbag.py:538} INFO - Filling up the DagBag from /home/airflow/.local/lib/python3.7/site-packages/airflow/example_dags/example_latest_only_with_trigger.py
[2022-12-17T04:20:47.936+0000] {processor.py:753} INFO - DAG(s) dict_keys(['latest_only_with_trigger']) retrieved from /home/airflow/.local/lib/python3.7/site-packages/airflow/example_dags/example_latest_only_with_trigger.py
[2022-12-17T04:20:47.962+0000] {logging_mixin.py:137} INFO - [2022-12-17T04:20:47.961+0000] {dag.py:2676} INFO - Sync 1 DAGs
[2022-12-17T04:20:47.980+0000] {logging_mixin.py:137} INFO - [2022-12-17T04:20:47.980+0000] {dag.py:3427} INFO - Setting next_dagrun for latest_only_with_trigger to 2022-12-17T00:20:47.979871+00:00, run_after=2022-12-17T04:20:47.979871+00:00
[2022-12-17T04:20:47.992+0000] {processor.py:175} INFO - Processing /home/airflow/.local/lib/python3.7/site-packages/airflow/example_dags/example_latest_only_with_trigger.py took 0.068 seconds
[2022-12-17T04:21:18.663+0000] {processor.py:153} INFO - Started process (PID=448) to work on /home/airflow/.local/lib/python3.7/site-packages/airflow/example_dags/example_latest_only_with_trigger.py
[2022-12-17T04:21:18.664+0000] {processor.py:743} INFO - Processing file /home/airflow/.local/lib/python3.7/site-packages/airflow/example_dags/example_latest_only_with_trigger.py for tasks to queue
[2022-12-17T04:21:18.664+0000] {logging_mixin.py:137} INFO - [2022-12-17T04:21:18.664+0000] {dagbag.py:538} INFO - Filling up the DagBag from /home/airflow/.local/lib/python3.7/site-packages/airflow/example_dags/example_latest_only_with_trigger.py
[2022-12-17T04:21:18.675+0000] {processor.py:753} INFO - DAG(s) dict_keys(['latest_only_with_trigger']) retrieved from /home/airflow/.local/lib/python3.7/site-packages/airflow/example_dags/example_latest_only_with_trigger.py
[2022-12-17T04:21:18.700+0000] {logging_mixin.py:137} INFO - [2022-12-17T04:21:18.700+0000] {dag.py:2676} INFO - Sync 1 DAGs
[2022-12-17T04:21:18.719+0000] {logging_mixin.py:137} INFO - [2022-12-17T04:21:18.719+0000] {dag.py:3427} INFO - Setting next_dagrun for latest_only_with_trigger to 2022-12-17T00:21:18.719564+00:00, run_after=2022-12-17T04:21:18.719564+00:00
[2022-12-17T04:21:18.733+0000] {processor.py:175} INFO - Processing /home/airflow/.local/lib/python3.7/site-packages/airflow/example_dags/example_latest_only_with_trigger.py took 0.073 seconds
[2022-12-17T04:21:49.047+0000] {processor.py:153} INFO - Started process (PID=527) to work on /home/airflow/.local/lib/python3.7/site-packages/airflow/example_dags/example_latest_only_with_trigger.py
[2022-12-17T04:21:49.048+0000] {processor.py:743} INFO - Processing file /home/airflow/.local/lib/python3.7/site-packages/airflow/example_dags/example_latest_only_with_trigger.py for tasks to queue
[2022-12-17T04:21:49.049+0000] {logging_mixin.py:137} INFO - [2022-12-17T04:21:49.048+0000] {dagbag.py:538} INFO - Filling up the DagBag from /home/airflow/.local/lib/python3.7/site-packages/airflow/example_dags/example_latest_only_with_trigger.py
[2022-12-17T04:21:49.058+0000] {processor.py:753} INFO - DAG(s) dict_keys(['latest_only_with_trigger']) retrieved from /home/airflow/.local/lib/python3.7/site-packages/airflow/example_dags/example_latest_only_with_trigger.py
[2022-12-17T04:21:49.089+0000] {logging_mixin.py:137} INFO - [2022-12-17T04:21:49.089+0000] {dag.py:2676} INFO - Sync 1 DAGs
[2022-12-17T04:21:49.109+0000] {logging_mixin.py:137} INFO - [2022-12-17T04:21:49.109+0000] {dag.py:3427} INFO - Setting next_dagrun for latest_only_with_trigger to 2022-12-17T00:21:49.109162+00:00, run_after=2022-12-17T04:21:49.109162+00:00
[2022-12-17T04:21:49.122+0000] {processor.py:175} INFO - Processing /home/airflow/.local/lib/python3.7/site-packages/airflow/example_dags/example_latest_only_with_trigger.py took 0.078 seconds
[2022-12-17T04:22:19.360+0000] {processor.py:153} INFO - Started process (PID=626) to work on /home/airflow/.local/lib/python3.7/site-packages/airflow/example_dags/example_latest_only_with_trigger.py
[2022-12-17T04:22:19.361+0000] {processor.py:743} INFO - Processing file /home/airflow/.local/lib/python3.7/site-packages/airflow/example_dags/example_latest_only_with_trigger.py for tasks to queue
[2022-12-17T04:22:19.361+0000] {logging_mixin.py:137} INFO - [2022-12-17T04:22:19.361+0000] {dagbag.py:538} INFO - Filling up the DagBag from /home/airflow/.local/lib/python3.7/site-packages/airflow/example_dags/example_latest_only_with_trigger.py
[2022-12-17T04:22:19.372+0000] {processor.py:753} INFO - DAG(s) dict_keys(['latest_only_with_trigger']) retrieved from /home/airflow/.local/lib/python3.7/site-packages/airflow/example_dags/example_latest_only_with_trigger.py
[2022-12-17T04:22:19.400+0000] {logging_mixin.py:137} INFO - [2022-12-17T04:22:19.400+0000] {dag.py:2676} INFO - Sync 1 DAGs
[2022-12-17T04:22:19.419+0000] {logging_mixin.py:137} INFO - [2022-12-17T04:22:19.419+0000] {dag.py:3427} INFO - Setting next_dagrun for latest_only_with_trigger to 2022-12-17T00:22:19.418937+00:00, run_after=2022-12-17T04:22:19.418937+00:00
[2022-12-17T04:22:19.431+0000] {processor.py:175} INFO - Processing /home/airflow/.local/lib/python3.7/site-packages/airflow/example_dags/example_latest_only_with_trigger.py took 0.074 seconds
[2022-12-17T04:22:49.673+0000] {processor.py:153} INFO - Started process (PID=705) to work on /home/airflow/.local/lib/python3.7/site-packages/airflow/example_dags/example_latest_only_with_trigger.py
[2022-12-17T04:22:49.674+0000] {processor.py:743} INFO - Processing file /home/airflow/.local/lib/python3.7/site-packages/airflow/example_dags/example_latest_only_with_trigger.py for tasks to queue
[2022-12-17T04:22:49.674+0000] {logging_mixin.py:137} INFO - [2022-12-17T04:22:49.674+0000] {dagbag.py:538} INFO - Filling up the DagBag from /home/airflow/.local/lib/python3.7/site-packages/airflow/example_dags/example_latest_only_with_trigger.py
[2022-12-17T04:22:49.683+0000] {processor.py:753} INFO - DAG(s) dict_keys(['latest_only_with_trigger']) retrieved from /home/airflow/.local/lib/python3.7/site-packages/airflow/example_dags/example_latest_only_with_trigger.py
[2022-12-17T04:22:49.709+0000] {logging_mixin.py:137} INFO - [2022-12-17T04:22:49.708+0000] {dag.py:2676} INFO - Sync 1 DAGs
[2022-12-17T04:22:49.731+0000] {logging_mixin.py:137} INFO - [2022-12-17T04:22:49.730+0000] {dag.py:3427} INFO - Setting next_dagrun for latest_only_with_trigger to 2022-12-17T00:22:49.730811+00:00, run_after=2022-12-17T04:22:49.730811+00:00
[2022-12-17T04:22:49.746+0000] {processor.py:175} INFO - Processing /home/airflow/.local/lib/python3.7/site-packages/airflow/example_dags/example_latest_only_with_trigger.py took 0.076 seconds
[2022-12-17T04:23:19.931+0000] {processor.py:153} INFO - Started process (PID=803) to work on /home/airflow/.local/lib/python3.7/site-packages/airflow/example_dags/example_latest_only_with_trigger.py
[2022-12-17T04:23:19.932+0000] {processor.py:743} INFO - Processing file /home/airflow/.local/lib/python3.7/site-packages/airflow/example_dags/example_latest_only_with_trigger.py for tasks to queue
[2022-12-17T04:23:19.933+0000] {logging_mixin.py:137} INFO - [2022-12-17T04:23:19.932+0000] {dagbag.py:538} INFO - Filling up the DagBag from /home/airflow/.local/lib/python3.7/site-packages/airflow/example_dags/example_latest_only_with_trigger.py
[2022-12-17T04:23:19.944+0000] {processor.py:753} INFO - DAG(s) dict_keys(['latest_only_with_trigger']) retrieved from /home/airflow/.local/lib/python3.7/site-packages/airflow/example_dags/example_latest_only_with_trigger.py
[2022-12-17T04:23:19.974+0000] {logging_mixin.py:137} INFO - [2022-12-17T04:23:19.974+0000] {dag.py:2676} INFO - Sync 1 DAGs
[2022-12-17T04:23:20.001+0000] {logging_mixin.py:137} INFO - [2022-12-17T04:23:20.001+0000] {dag.py:3427} INFO - Setting next_dagrun for latest_only_with_trigger to 2022-12-17T00:23:20.001325+00:00, run_after=2022-12-17T04:23:20.001325+00:00
[2022-12-17T04:23:20.019+0000] {processor.py:175} INFO - Processing /home/airflow/.local/lib/python3.7/site-packages/airflow/example_dags/example_latest_only_with_trigger.py took 0.090 seconds
[2022-12-17T04:23:50.091+0000] {processor.py:153} INFO - Started process (PID=882) to work on /home/airflow/.local/lib/python3.7/site-packages/airflow/example_dags/example_latest_only_with_trigger.py
[2022-12-17T04:23:50.092+0000] {processor.py:743} INFO - Processing file /home/airflow/.local/lib/python3.7/site-packages/airflow/example_dags/example_latest_only_with_trigger.py for tasks to queue
[2022-12-17T04:23:50.092+0000] {logging_mixin.py:137} INFO - [2022-12-17T04:23:50.092+0000] {dagbag.py:538} INFO - Filling up the DagBag from /home/airflow/.local/lib/python3.7/site-packages/airflow/example_dags/example_latest_only_with_trigger.py
[2022-12-17T04:23:50.103+0000] {processor.py:753} INFO - DAG(s) dict_keys(['latest_only_with_trigger']) retrieved from /home/airflow/.local/lib/python3.7/site-packages/airflow/example_dags/example_latest_only_with_trigger.py
[2022-12-17T04:23:50.129+0000] {logging_mixin.py:137} INFO - [2022-12-17T04:23:50.129+0000] {dag.py:2676} INFO - Sync 1 DAGs
[2022-12-17T04:23:50.149+0000] {logging_mixin.py:137} INFO - [2022-12-17T04:23:50.149+0000] {dag.py:3427} INFO - Setting next_dagrun for latest_only_with_trigger to 2022-12-17T00:23:50.148865+00:00, run_after=2022-12-17T04:23:50.148865+00:00
[2022-12-17T04:23:50.161+0000] {processor.py:175} INFO - Processing /home/airflow/.local/lib/python3.7/site-packages/airflow/example_dags/example_latest_only_with_trigger.py took 0.072 seconds
[2022-12-17T04:24:20.506+0000] {processor.py:153} INFO - Started process (PID=982) to work on /home/airflow/.local/lib/python3.7/site-packages/airflow/example_dags/example_latest_only_with_trigger.py
[2022-12-17T04:24:20.507+0000] {processor.py:743} INFO - Processing file /home/airflow/.local/lib/python3.7/site-packages/airflow/example_dags/example_latest_only_with_trigger.py for tasks to queue
[2022-12-17T04:24:20.507+0000] {logging_mixin.py:137} INFO - [2022-12-17T04:24:20.507+0000] {dagbag.py:538} INFO - Filling up the DagBag from /home/airflow/.local/lib/python3.7/site-packages/airflow/example_dags/example_latest_only_with_trigger.py
[2022-12-17T04:24:20.516+0000] {processor.py:753} INFO - DAG(s) dict_keys(['latest_only_with_trigger']) retrieved from /home/airflow/.local/lib/python3.7/site-packages/airflow/example_dags/example_latest_only_with_trigger.py
[2022-12-17T04:24:20.548+0000] {logging_mixin.py:137} INFO - [2022-12-17T04:24:20.548+0000] {dag.py:2676} INFO - Sync 1 DAGs
[2022-12-17T04:24:20.566+0000] {logging_mixin.py:137} INFO - [2022-12-17T04:24:20.566+0000] {dag.py:3427} INFO - Setting next_dagrun for latest_only_with_trigger to 2022-12-17T00:24:20.566334+00:00, run_after=2022-12-17T04:24:20.566334+00:00
[2022-12-17T04:24:20.578+0000] {processor.py:175} INFO - Processing /home/airflow/.local/lib/python3.7/site-packages/airflow/example_dags/example_latest_only_with_trigger.py took 0.075 seconds
[2022-12-17T04:24:50.929+0000] {processor.py:153} INFO - Started process (PID=1081) to work on /home/airflow/.local/lib/python3.7/site-packages/airflow/example_dags/example_latest_only_with_trigger.py
[2022-12-17T04:24:50.930+0000] {processor.py:743} INFO - Processing file /home/airflow/.local/lib/python3.7/site-packages/airflow/example_dags/example_latest_only_with_trigger.py for tasks to queue
[2022-12-17T04:24:50.930+0000] {logging_mixin.py:137} INFO - [2022-12-17T04:24:50.930+0000] {dagbag.py:538} INFO - Filling up the DagBag from /home/airflow/.local/lib/python3.7/site-packages/airflow/example_dags/example_latest_only_with_trigger.py
[2022-12-17T04:24:50.939+0000] {processor.py:753} INFO - DAG(s) dict_keys(['latest_only_with_trigger']) retrieved from /home/airflow/.local/lib/python3.7/site-packages/airflow/example_dags/example_latest_only_with_trigger.py
[2022-12-17T04:24:50.968+0000] {logging_mixin.py:137} INFO - [2022-12-17T04:24:50.968+0000] {dag.py:2676} INFO - Sync 1 DAGs
[2022-12-17T04:24:50.987+0000] {logging_mixin.py:137} INFO - [2022-12-17T04:24:50.987+0000] {dag.py:3427} INFO - Setting next_dagrun for latest_only_with_trigger to 2022-12-17T00:24:50.986978+00:00, run_after=2022-12-17T04:24:50.986978+00:00
[2022-12-17T04:24:50.999+0000] {processor.py:175} INFO - Processing /home/airflow/.local/lib/python3.7/site-packages/airflow/example_dags/example_latest_only_with_trigger.py took 0.073 seconds
[2022-12-17T04:25:21.118+0000] {processor.py:153} INFO - Started process (PID=1160) to work on /home/airflow/.local/lib/python3.7/site-packages/airflow/example_dags/example_latest_only_with_trigger.py
[2022-12-17T04:25:21.119+0000] {processor.py:743} INFO - Processing file /home/airflow/.local/lib/python3.7/site-packages/airflow/example_dags/example_latest_only_with_trigger.py for tasks to queue
[2022-12-17T04:25:21.119+0000] {logging_mixin.py:137} INFO - [2022-12-17T04:25:21.119+0000] {dagbag.py:538} INFO - Filling up the DagBag from /home/airflow/.local/lib/python3.7/site-packages/airflow/example_dags/example_latest_only_with_trigger.py
[2022-12-17T04:25:21.128+0000] {processor.py:753} INFO - DAG(s) dict_keys(['latest_only_with_trigger']) retrieved from /home/airflow/.local/lib/python3.7/site-packages/airflow/example_dags/example_latest_only_with_trigger.py
[2022-12-17T04:25:21.159+0000] {logging_mixin.py:137} INFO - [2022-12-17T04:25:21.159+0000] {dag.py:2676} INFO - Sync 1 DAGs
[2022-12-17T04:25:21.177+0000] {logging_mixin.py:137} INFO - [2022-12-17T04:25:21.177+0000] {dag.py:3427} INFO - Setting next_dagrun for latest_only_with_trigger to 2022-12-17T00:25:21.177438+00:00, run_after=2022-12-17T04:25:21.177438+00:00
[2022-12-17T04:25:21.189+0000] {processor.py:175} INFO - Processing /home/airflow/.local/lib/python3.7/site-packages/airflow/example_dags/example_latest_only_with_trigger.py took 0.073 seconds
[2022-12-17T04:25:51.636+0000] {processor.py:153} INFO - Started process (PID=1259) to work on /home/airflow/.local/lib/python3.7/site-packages/airflow/example_dags/example_latest_only_with_trigger.py
[2022-12-17T04:25:51.637+0000] {processor.py:743} INFO - Processing file /home/airflow/.local/lib/python3.7/site-packages/airflow/example_dags/example_latest_only_with_trigger.py for tasks to queue
[2022-12-17T04:25:51.637+0000] {logging_mixin.py:137} INFO - [2022-12-17T04:25:51.637+0000] {dagbag.py:538} INFO - Filling up the DagBag from /home/airflow/.local/lib/python3.7/site-packages/airflow/example_dags/example_latest_only_with_trigger.py
[2022-12-17T04:25:51.646+0000] {processor.py:753} INFO - DAG(s) dict_keys(['latest_only_with_trigger']) retrieved from /home/airflow/.local/lib/python3.7/site-packages/airflow/example_dags/example_latest_only_with_trigger.py
[2022-12-17T04:25:51.680+0000] {logging_mixin.py:137} INFO - [2022-12-17T04:25:51.679+0000] {dag.py:2676} INFO - Sync 1 DAGs
[2022-12-17T04:25:51.708+0000] {logging_mixin.py:137} INFO - [2022-12-17T04:25:51.708+0000] {dag.py:3427} INFO - Setting next_dagrun for latest_only_with_trigger to 2022-12-17T00:25:51.707861+00:00, run_after=2022-12-17T04:25:51.707861+00:00
[2022-12-17T04:25:51.724+0000] {processor.py:175} INFO - Processing /home/airflow/.local/lib/python3.7/site-packages/airflow/example_dags/example_latest_only_with_trigger.py took 0.090 seconds
[2022-12-17T04:26:22.152+0000] {processor.py:153} INFO - Started process (PID=1338) to work on /home/airflow/.local/lib/python3.7/site-packages/airflow/example_dags/example_latest_only_with_trigger.py
[2022-12-17T04:26:22.153+0000] {processor.py:743} INFO - Processing file /home/airflow/.local/lib/python3.7/site-packages/airflow/example_dags/example_latest_only_with_trigger.py for tasks to queue
[2022-12-17T04:26:22.154+0000] {logging_mixin.py:137} INFO - [2022-12-17T04:26:22.153+0000] {dagbag.py:538} INFO - Filling up the DagBag from /home/airflow/.local/lib/python3.7/site-packages/airflow/example_dags/example_latest_only_with_trigger.py
[2022-12-17T04:26:22.163+0000] {processor.py:753} INFO - DAG(s) dict_keys(['latest_only_with_trigger']) retrieved from /home/airflow/.local/lib/python3.7/site-packages/airflow/example_dags/example_latest_only_with_trigger.py
[2022-12-17T04:26:22.191+0000] {logging_mixin.py:137} INFO - [2022-12-17T04:26:22.190+0000] {dag.py:2676} INFO - Sync 1 DAGs
[2022-12-17T04:26:22.210+0000] {logging_mixin.py:137} INFO - [2022-12-17T04:26:22.210+0000] {dag.py:3427} INFO - Setting next_dagrun for latest_only_with_trigger to 2022-12-17T00:26:22.209874+00:00, run_after=2022-12-17T04:26:22.209874+00:00
[2022-12-17T04:26:22.223+0000] {processor.py:175} INFO - Processing /home/airflow/.local/lib/python3.7/site-packages/airflow/example_dags/example_latest_only_with_trigger.py took 0.074 seconds
[2022-12-17T04:26:52.346+0000] {processor.py:153} INFO - Started process (PID=1437) to work on /home/airflow/.local/lib/python3.7/site-packages/airflow/example_dags/example_latest_only_with_trigger.py
[2022-12-17T04:26:52.346+0000] {processor.py:743} INFO - Processing file /home/airflow/.local/lib/python3.7/site-packages/airflow/example_dags/example_latest_only_with_trigger.py for tasks to queue
[2022-12-17T04:26:52.347+0000] {logging_mixin.py:137} INFO - [2022-12-17T04:26:52.347+0000] {dagbag.py:538} INFO - Filling up the DagBag from /home/airflow/.local/lib/python3.7/site-packages/airflow/example_dags/example_latest_only_with_trigger.py
[2022-12-17T04:26:52.358+0000] {processor.py:753} INFO - DAG(s) dict_keys(['latest_only_with_trigger']) retrieved from /home/airflow/.local/lib/python3.7/site-packages/airflow/example_dags/example_latest_only_with_trigger.py
[2022-12-17T04:26:52.392+0000] {logging_mixin.py:137} INFO - [2022-12-17T04:26:52.392+0000] {dag.py:2676} INFO - Sync 1 DAGs
[2022-12-17T04:26:52.411+0000] {logging_mixin.py:137} INFO - [2022-12-17T04:26:52.411+0000] {dag.py:3427} INFO - Setting next_dagrun for latest_only_with_trigger to 2022-12-17T00:26:52.411517+00:00, run_after=2022-12-17T04:26:52.411517+00:00
[2022-12-17T04:26:52.424+0000] {processor.py:175} INFO - Processing /home/airflow/.local/lib/python3.7/site-packages/airflow/example_dags/example_latest_only_with_trigger.py took 0.082 seconds
[2022-12-17T04:27:22.732+0000] {processor.py:153} INFO - Started process (PID=1516) to work on /home/airflow/.local/lib/python3.7/site-packages/airflow/example_dags/example_latest_only_with_trigger.py
[2022-12-17T04:27:22.732+0000] {processor.py:743} INFO - Processing file /home/airflow/.local/lib/python3.7/site-packages/airflow/example_dags/example_latest_only_with_trigger.py for tasks to queue
[2022-12-17T04:27:22.733+0000] {logging_mixin.py:137} INFO - [2022-12-17T04:27:22.733+0000] {dagbag.py:538} INFO - Filling up the DagBag from /home/airflow/.local/lib/python3.7/site-packages/airflow/example_dags/example_latest_only_with_trigger.py
[2022-12-17T04:27:22.742+0000] {processor.py:753} INFO - DAG(s) dict_keys(['latest_only_with_trigger']) retrieved from /home/airflow/.local/lib/python3.7/site-packages/airflow/example_dags/example_latest_only_with_trigger.py
[2022-12-17T04:27:22.771+0000] {logging_mixin.py:137} INFO - [2022-12-17T04:27:22.770+0000] {dag.py:2676} INFO - Sync 1 DAGs
[2022-12-17T04:27:22.790+0000] {logging_mixin.py:137} INFO - [2022-12-17T04:27:22.790+0000] {dag.py:3427} INFO - Setting next_dagrun for latest_only_with_trigger to 2022-12-17T00:27:22.790501+00:00, run_after=2022-12-17T04:27:22.790501+00:00
[2022-12-17T04:27:22.805+0000] {processor.py:175} INFO - Processing /home/airflow/.local/lib/python3.7/site-packages/airflow/example_dags/example_latest_only_with_trigger.py took 0.076 seconds
[2022-12-17T04:27:53.022+0000] {processor.py:153} INFO - Started process (PID=1616) to work on /home/airflow/.local/lib/python3.7/site-packages/airflow/example_dags/example_latest_only_with_trigger.py
[2022-12-17T04:27:53.022+0000] {processor.py:743} INFO - Processing file /home/airflow/.local/lib/python3.7/site-packages/airflow/example_dags/example_latest_only_with_trigger.py for tasks to queue
[2022-12-17T04:27:53.023+0000] {logging_mixin.py:137} INFO - [2022-12-17T04:27:53.022+0000] {dagbag.py:538} INFO - Filling up the DagBag from /home/airflow/.local/lib/python3.7/site-packages/airflow/example_dags/example_latest_only_with_trigger.py
[2022-12-17T04:27:53.033+0000] {processor.py:753} INFO - DAG(s) dict_keys(['latest_only_with_trigger']) retrieved from /home/airflow/.local/lib/python3.7/site-packages/airflow/example_dags/example_latest_only_with_trigger.py
[2022-12-17T04:27:53.061+0000] {logging_mixin.py:137} INFO - [2022-12-17T04:27:53.061+0000] {dag.py:2676} INFO - Sync 1 DAGs
[2022-12-17T04:27:53.082+0000] {logging_mixin.py:137} INFO - [2022-12-17T04:27:53.082+0000] {dag.py:3427} INFO - Setting next_dagrun for latest_only_with_trigger to 2022-12-17T00:27:53.082462+00:00, run_after=2022-12-17T04:27:53.082462+00:00
[2022-12-17T04:27:53.097+0000] {processor.py:175} INFO - Processing /home/airflow/.local/lib/python3.7/site-packages/airflow/example_dags/example_latest_only_with_trigger.py took 0.078 seconds
[2022-12-17T04:28:23.337+0000] {processor.py:153} INFO - Started process (PID=1705) to work on /home/airflow/.local/lib/python3.7/site-packages/airflow/example_dags/example_latest_only_with_trigger.py
[2022-12-17T04:28:23.337+0000] {processor.py:743} INFO - Processing file /home/airflow/.local/lib/python3.7/site-packages/airflow/example_dags/example_latest_only_with_trigger.py for tasks to queue
[2022-12-17T04:28:23.338+0000] {logging_mixin.py:137} INFO - [2022-12-17T04:28:23.338+0000] {dagbag.py:538} INFO - Filling up the DagBag from /home/airflow/.local/lib/python3.7/site-packages/airflow/example_dags/example_latest_only_with_trigger.py
[2022-12-17T04:28:23.348+0000] {processor.py:753} INFO - DAG(s) dict_keys(['latest_only_with_trigger']) retrieved from /home/airflow/.local/lib/python3.7/site-packages/airflow/example_dags/example_latest_only_with_trigger.py
[2022-12-17T04:28:23.379+0000] {logging_mixin.py:137} INFO - [2022-12-17T04:28:23.379+0000] {dag.py:2676} INFO - Sync 1 DAGs
[2022-12-17T04:28:23.408+0000] {logging_mixin.py:137} INFO - [2022-12-17T04:28:23.408+0000] {dag.py:3427} INFO - Setting next_dagrun for latest_only_with_trigger to 2022-12-17T00:28:23.408259+00:00, run_after=2022-12-17T04:28:23.408259+00:00
[2022-12-17T04:28:23.431+0000] {processor.py:175} INFO - Processing /home/airflow/.local/lib/python3.7/site-packages/airflow/example_dags/example_latest_only_with_trigger.py took 0.097 seconds
[2022-12-17T04:28:53.563+0000] {processor.py:153} INFO - Started process (PID=1795) to work on /home/airflow/.local/lib/python3.7/site-packages/airflow/example_dags/example_latest_only_with_trigger.py
[2022-12-17T04:28:53.564+0000] {processor.py:743} INFO - Processing file /home/airflow/.local/lib/python3.7/site-packages/airflow/example_dags/example_latest_only_with_trigger.py for tasks to queue
[2022-12-17T04:28:53.564+0000] {logging_mixin.py:137} INFO - [2022-12-17T04:28:53.564+0000] {dagbag.py:538} INFO - Filling up the DagBag from /home/airflow/.local/lib/python3.7/site-packages/airflow/example_dags/example_latest_only_with_trigger.py
[2022-12-17T04:28:53.576+0000] {processor.py:753} INFO - DAG(s) dict_keys(['latest_only_with_trigger']) retrieved from /home/airflow/.local/lib/python3.7/site-packages/airflow/example_dags/example_latest_only_with_trigger.py
[2022-12-17T04:28:53.604+0000] {logging_mixin.py:137} INFO - [2022-12-17T04:28:53.604+0000] {dag.py:2676} INFO - Sync 1 DAGs
[2022-12-17T04:28:53.626+0000] {logging_mixin.py:137} INFO - [2022-12-17T04:28:53.626+0000] {dag.py:3427} INFO - Setting next_dagrun for latest_only_with_trigger to 2022-12-17T00:28:53.626480+00:00, run_after=2022-12-17T04:28:53.626480+00:00
[2022-12-17T04:28:53.643+0000] {processor.py:175} INFO - Processing /home/airflow/.local/lib/python3.7/site-packages/airflow/example_dags/example_latest_only_with_trigger.py took 0.082 seconds
[2022-12-17T04:29:24.101+0000] {processor.py:153} INFO - Started process (PID=1894) to work on /home/airflow/.local/lib/python3.7/site-packages/airflow/example_dags/example_latest_only_with_trigger.py
[2022-12-17T04:29:24.102+0000] {processor.py:743} INFO - Processing file /home/airflow/.local/lib/python3.7/site-packages/airflow/example_dags/example_latest_only_with_trigger.py for tasks to queue
[2022-12-17T04:29:24.102+0000] {logging_mixin.py:137} INFO - [2022-12-17T04:29:24.102+0000] {dagbag.py:538} INFO - Filling up the DagBag from /home/airflow/.local/lib/python3.7/site-packages/airflow/example_dags/example_latest_only_with_trigger.py
[2022-12-17T04:29:24.112+0000] {processor.py:753} INFO - DAG(s) dict_keys(['latest_only_with_trigger']) retrieved from /home/airflow/.local/lib/python3.7/site-packages/airflow/example_dags/example_latest_only_with_trigger.py
[2022-12-17T04:29:24.141+0000] {logging_mixin.py:137} INFO - [2022-12-17T04:29:24.141+0000] {dag.py:2676} INFO - Sync 1 DAGs
[2022-12-17T04:29:24.160+0000] {logging_mixin.py:137} INFO - [2022-12-17T04:29:24.160+0000] {dag.py:3427} INFO - Setting next_dagrun for latest_only_with_trigger to 2022-12-17T00:29:24.159850+00:00, run_after=2022-12-17T04:29:24.159850+00:00
[2022-12-17T04:29:24.175+0000] {processor.py:175} INFO - Processing /home/airflow/.local/lib/python3.7/site-packages/airflow/example_dags/example_latest_only_with_trigger.py took 0.076 seconds
[2022-12-17T04:29:54.313+0000] {processor.py:153} INFO - Started process (PID=1973) to work on /home/airflow/.local/lib/python3.7/site-packages/airflow/example_dags/example_latest_only_with_trigger.py
[2022-12-17T04:29:54.313+0000] {processor.py:743} INFO - Processing file /home/airflow/.local/lib/python3.7/site-packages/airflow/example_dags/example_latest_only_with_trigger.py for tasks to queue
[2022-12-17T04:29:54.314+0000] {logging_mixin.py:137} INFO - [2022-12-17T04:29:54.314+0000] {dagbag.py:538} INFO - Filling up the DagBag from /home/airflow/.local/lib/python3.7/site-packages/airflow/example_dags/example_latest_only_with_trigger.py
[2022-12-17T04:29:54.324+0000] {processor.py:753} INFO - DAG(s) dict_keys(['latest_only_with_trigger']) retrieved from /home/airflow/.local/lib/python3.7/site-packages/airflow/example_dags/example_latest_only_with_trigger.py
[2022-12-17T04:29:54.350+0000] {logging_mixin.py:137} INFO - [2022-12-17T04:29:54.350+0000] {dag.py:2676} INFO - Sync 1 DAGs
[2022-12-17T04:29:54.369+0000] {logging_mixin.py:137} INFO - [2022-12-17T04:29:54.369+0000] {dag.py:3427} INFO - Setting next_dagrun for latest_only_with_trigger to 2022-12-17T00:29:54.369243+00:00, run_after=2022-12-17T04:29:54.369243+00:00
[2022-12-17T04:29:54.381+0000] {processor.py:175} INFO - Processing /home/airflow/.local/lib/python3.7/site-packages/airflow/example_dags/example_latest_only_with_trigger.py took 0.071 seconds
[2022-12-17T04:30:24.660+0000] {processor.py:153} INFO - Started process (PID=2072) to work on /home/airflow/.local/lib/python3.7/site-packages/airflow/example_dags/example_latest_only_with_trigger.py
[2022-12-17T04:30:24.661+0000] {processor.py:743} INFO - Processing file /home/airflow/.local/lib/python3.7/site-packages/airflow/example_dags/example_latest_only_with_trigger.py for tasks to queue
[2022-12-17T04:30:24.661+0000] {logging_mixin.py:137} INFO - [2022-12-17T04:30:24.661+0000] {dagbag.py:538} INFO - Filling up the DagBag from /home/airflow/.local/lib/python3.7/site-packages/airflow/example_dags/example_latest_only_with_trigger.py
[2022-12-17T04:30:24.672+0000] {processor.py:753} INFO - DAG(s) dict_keys(['latest_only_with_trigger']) retrieved from /home/airflow/.local/lib/python3.7/site-packages/airflow/example_dags/example_latest_only_with_trigger.py
[2022-12-17T04:30:24.702+0000] {logging_mixin.py:137} INFO - [2022-12-17T04:30:24.702+0000] {dag.py:2676} INFO - Sync 1 DAGs
[2022-12-17T04:30:24.721+0000] {logging_mixin.py:137} INFO - [2022-12-17T04:30:24.721+0000] {dag.py:3427} INFO - Setting next_dagrun for latest_only_with_trigger to 2022-12-17T00:30:24.720956+00:00, run_after=2022-12-17T04:30:24.720956+00:00
[2022-12-17T04:30:24.732+0000] {processor.py:175} INFO - Processing /home/airflow/.local/lib/python3.7/site-packages/airflow/example_dags/example_latest_only_with_trigger.py took 0.074 seconds
[2022-12-17T04:30:54.919+0000] {processor.py:153} INFO - Started process (PID=2151) to work on /home/airflow/.local/lib/python3.7/site-packages/airflow/example_dags/example_latest_only_with_trigger.py
[2022-12-17T04:30:54.920+0000] {processor.py:743} INFO - Processing file /home/airflow/.local/lib/python3.7/site-packages/airflow/example_dags/example_latest_only_with_trigger.py for tasks to queue
[2022-12-17T04:30:54.920+0000] {logging_mixin.py:137} INFO - [2022-12-17T04:30:54.920+0000] {dagbag.py:538} INFO - Filling up the DagBag from /home/airflow/.local/lib/python3.7/site-packages/airflow/example_dags/example_latest_only_with_trigger.py
[2022-12-17T04:30:54.933+0000] {processor.py:753} INFO - DAG(s) dict_keys(['latest_only_with_trigger']) retrieved from /home/airflow/.local/lib/python3.7/site-packages/airflow/example_dags/example_latest_only_with_trigger.py
[2022-12-17T04:30:54.961+0000] {logging_mixin.py:137} INFO - [2022-12-17T04:30:54.961+0000] {dag.py:2676} INFO - Sync 1 DAGs
[2022-12-17T04:30:54.985+0000] {logging_mixin.py:137} INFO - [2022-12-17T04:30:54.984+0000] {dag.py:3427} INFO - Setting next_dagrun for latest_only_with_trigger to 2022-12-17T00:30:54.984802+00:00, run_after=2022-12-17T04:30:54.984802+00:00
[2022-12-17T04:30:54.997+0000] {processor.py:175} INFO - Processing /home/airflow/.local/lib/python3.7/site-packages/airflow/example_dags/example_latest_only_with_trigger.py took 0.080 seconds
[2022-12-17T04:31:25.297+0000] {processor.py:153} INFO - Started process (PID=2250) to work on /home/airflow/.local/lib/python3.7/site-packages/airflow/example_dags/example_latest_only_with_trigger.py
[2022-12-17T04:31:25.298+0000] {processor.py:743} INFO - Processing file /home/airflow/.local/lib/python3.7/site-packages/airflow/example_dags/example_latest_only_with_trigger.py for tasks to queue
[2022-12-17T04:31:25.298+0000] {logging_mixin.py:137} INFO - [2022-12-17T04:31:25.298+0000] {dagbag.py:538} INFO - Filling up the DagBag from /home/airflow/.local/lib/python3.7/site-packages/airflow/example_dags/example_latest_only_with_trigger.py
[2022-12-17T04:31:25.307+0000] {processor.py:753} INFO - DAG(s) dict_keys(['latest_only_with_trigger']) retrieved from /home/airflow/.local/lib/python3.7/site-packages/airflow/example_dags/example_latest_only_with_trigger.py
[2022-12-17T04:31:25.331+0000] {logging_mixin.py:137} INFO - [2022-12-17T04:31:25.331+0000] {dag.py:2676} INFO - Sync 1 DAGs
[2022-12-17T04:31:25.350+0000] {logging_mixin.py:137} INFO - [2022-12-17T04:31:25.350+0000] {dag.py:3427} INFO - Setting next_dagrun for latest_only_with_trigger to 2022-12-17T00:31:25.350372+00:00, run_after=2022-12-17T04:31:25.350372+00:00
[2022-12-17T04:31:25.362+0000] {processor.py:175} INFO - Processing /home/airflow/.local/lib/python3.7/site-packages/airflow/example_dags/example_latest_only_with_trigger.py took 0.068 seconds
[2022-12-17T04:31:55.740+0000] {processor.py:153} INFO - Started process (PID=2350) to work on /home/airflow/.local/lib/python3.7/site-packages/airflow/example_dags/example_latest_only_with_trigger.py
[2022-12-17T04:31:55.741+0000] {processor.py:743} INFO - Processing file /home/airflow/.local/lib/python3.7/site-packages/airflow/example_dags/example_latest_only_with_trigger.py for tasks to queue
[2022-12-17T04:31:55.741+0000] {logging_mixin.py:137} INFO - [2022-12-17T04:31:55.741+0000] {dagbag.py:538} INFO - Filling up the DagBag from /home/airflow/.local/lib/python3.7/site-packages/airflow/example_dags/example_latest_only_with_trigger.py
[2022-12-17T04:31:55.752+0000] {processor.py:753} INFO - DAG(s) dict_keys(['latest_only_with_trigger']) retrieved from /home/airflow/.local/lib/python3.7/site-packages/airflow/example_dags/example_latest_only_with_trigger.py
[2022-12-17T04:31:55.782+0000] {logging_mixin.py:137} INFO - [2022-12-17T04:31:55.782+0000] {dag.py:2676} INFO - Sync 1 DAGs
[2022-12-17T04:31:55.807+0000] {logging_mixin.py:137} INFO - [2022-12-17T04:31:55.807+0000] {dag.py:3427} INFO - Setting next_dagrun for latest_only_with_trigger to 2022-12-17T00:31:55.807285+00:00, run_after=2022-12-17T04:31:55.807285+00:00
[2022-12-17T04:31:55.820+0000] {processor.py:175} INFO - Processing /home/airflow/.local/lib/python3.7/site-packages/airflow/example_dags/example_latest_only_with_trigger.py took 0.083 seconds
[2022-12-17T04:32:26.027+0000] {processor.py:153} INFO - Started process (PID=2429) to work on /home/airflow/.local/lib/python3.7/site-packages/airflow/example_dags/example_latest_only_with_trigger.py
[2022-12-17T04:32:26.028+0000] {processor.py:743} INFO - Processing file /home/airflow/.local/lib/python3.7/site-packages/airflow/example_dags/example_latest_only_with_trigger.py for tasks to queue
[2022-12-17T04:32:26.028+0000] {logging_mixin.py:137} INFO - [2022-12-17T04:32:26.028+0000] {dagbag.py:538} INFO - Filling up the DagBag from /home/airflow/.local/lib/python3.7/site-packages/airflow/example_dags/example_latest_only_with_trigger.py
[2022-12-17T04:32:26.037+0000] {processor.py:753} INFO - DAG(s) dict_keys(['latest_only_with_trigger']) retrieved from /home/airflow/.local/lib/python3.7/site-packages/airflow/example_dags/example_latest_only_with_trigger.py
[2022-12-17T04:32:26.065+0000] {logging_mixin.py:137} INFO - [2022-12-17T04:32:26.065+0000] {dag.py:2676} INFO - Sync 1 DAGs
[2022-12-17T04:32:26.083+0000] {logging_mixin.py:137} INFO - [2022-12-17T04:32:26.083+0000] {dag.py:3427} INFO - Setting next_dagrun for latest_only_with_trigger to 2022-12-17T00:32:26.083187+00:00, run_after=2022-12-17T04:32:26.083187+00:00
[2022-12-17T04:32:26.094+0000] {processor.py:175} INFO - Processing /home/airflow/.local/lib/python3.7/site-packages/airflow/example_dags/example_latest_only_with_trigger.py took 0.070 seconds
[2022-12-17T04:32:56.357+0000] {processor.py:153} INFO - Started process (PID=2529) to work on /home/airflow/.local/lib/python3.7/site-packages/airflow/example_dags/example_latest_only_with_trigger.py
[2022-12-17T04:32:56.358+0000] {processor.py:743} INFO - Processing file /home/airflow/.local/lib/python3.7/site-packages/airflow/example_dags/example_latest_only_with_trigger.py for tasks to queue
[2022-12-17T04:32:56.358+0000] {logging_mixin.py:137} INFO - [2022-12-17T04:32:56.358+0000] {dagbag.py:538} INFO - Filling up the DagBag from /home/airflow/.local/lib/python3.7/site-packages/airflow/example_dags/example_latest_only_with_trigger.py
[2022-12-17T04:32:56.372+0000] {processor.py:753} INFO - DAG(s) dict_keys(['latest_only_with_trigger']) retrieved from /home/airflow/.local/lib/python3.7/site-packages/airflow/example_dags/example_latest_only_with_trigger.py
[2022-12-17T04:32:56.401+0000] {logging_mixin.py:137} INFO - [2022-12-17T04:32:56.401+0000] {dag.py:2676} INFO - Sync 1 DAGs
[2022-12-17T04:32:56.421+0000] {logging_mixin.py:137} INFO - [2022-12-17T04:32:56.421+0000] {dag.py:3427} INFO - Setting next_dagrun for latest_only_with_trigger to 2022-12-17T00:32:56.421002+00:00, run_after=2022-12-17T04:32:56.421002+00:00
[2022-12-17T04:32:56.436+0000] {processor.py:175} INFO - Processing /home/airflow/.local/lib/python3.7/site-packages/airflow/example_dags/example_latest_only_with_trigger.py took 0.080 seconds
[2022-12-17T04:33:26.747+0000] {processor.py:153} INFO - Started process (PID=2609) to work on /home/airflow/.local/lib/python3.7/site-packages/airflow/example_dags/example_latest_only_with_trigger.py
[2022-12-17T04:33:26.748+0000] {processor.py:743} INFO - Processing file /home/airflow/.local/lib/python3.7/site-packages/airflow/example_dags/example_latest_only_with_trigger.py for tasks to queue
[2022-12-17T04:33:26.749+0000] {logging_mixin.py:137} INFO - [2022-12-17T04:33:26.749+0000] {dagbag.py:538} INFO - Filling up the DagBag from /home/airflow/.local/lib/python3.7/site-packages/airflow/example_dags/example_latest_only_with_trigger.py
[2022-12-17T04:33:26.759+0000] {processor.py:753} INFO - DAG(s) dict_keys(['latest_only_with_trigger']) retrieved from /home/airflow/.local/lib/python3.7/site-packages/airflow/example_dags/example_latest_only_with_trigger.py
[2022-12-17T04:33:26.786+0000] {logging_mixin.py:137} INFO - [2022-12-17T04:33:26.786+0000] {dag.py:2676} INFO - Sync 1 DAGs
[2022-12-17T04:33:26.808+0000] {logging_mixin.py:137} INFO - [2022-12-17T04:33:26.808+0000] {dag.py:3427} INFO - Setting next_dagrun for latest_only_with_trigger to 2022-12-17T00:33:26.807863+00:00, run_after=2022-12-17T04:33:26.807863+00:00
[2022-12-17T04:33:26.822+0000] {processor.py:175} INFO - Processing /home/airflow/.local/lib/python3.7/site-packages/airflow/example_dags/example_latest_only_with_trigger.py took 0.077 seconds
[2022-12-17T04:33:57.245+0000] {processor.py:153} INFO - Started process (PID=2708) to work on /home/airflow/.local/lib/python3.7/site-packages/airflow/example_dags/example_latest_only_with_trigger.py
[2022-12-17T04:33:57.246+0000] {processor.py:743} INFO - Processing file /home/airflow/.local/lib/python3.7/site-packages/airflow/example_dags/example_latest_only_with_trigger.py for tasks to queue
[2022-12-17T04:33:57.246+0000] {logging_mixin.py:137} INFO - [2022-12-17T04:33:57.246+0000] {dagbag.py:538} INFO - Filling up the DagBag from /home/airflow/.local/lib/python3.7/site-packages/airflow/example_dags/example_latest_only_with_trigger.py
[2022-12-17T04:33:57.257+0000] {processor.py:753} INFO - DAG(s) dict_keys(['latest_only_with_trigger']) retrieved from /home/airflow/.local/lib/python3.7/site-packages/airflow/example_dags/example_latest_only_with_trigger.py
[2022-12-17T04:33:57.288+0000] {logging_mixin.py:137} INFO - [2022-12-17T04:33:57.288+0000] {dag.py:2676} INFO - Sync 1 DAGs
[2022-12-17T04:33:57.309+0000] {logging_mixin.py:137} INFO - [2022-12-17T04:33:57.309+0000] {dag.py:3427} INFO - Setting next_dagrun for latest_only_with_trigger to 2022-12-17T00:33:57.309672+00:00, run_after=2022-12-17T04:33:57.309672+00:00
[2022-12-17T04:33:57.323+0000] {processor.py:175} INFO - Processing /home/airflow/.local/lib/python3.7/site-packages/airflow/example_dags/example_latest_only_with_trigger.py took 0.081 seconds
[2022-12-17T04:34:27.477+0000] {processor.py:153} INFO - Started process (PID=2787) to work on /home/airflow/.local/lib/python3.7/site-packages/airflow/example_dags/example_latest_only_with_trigger.py
[2022-12-17T04:34:27.478+0000] {processor.py:743} INFO - Processing file /home/airflow/.local/lib/python3.7/site-packages/airflow/example_dags/example_latest_only_with_trigger.py for tasks to queue
[2022-12-17T04:34:27.479+0000] {logging_mixin.py:137} INFO - [2022-12-17T04:34:27.478+0000] {dagbag.py:538} INFO - Filling up the DagBag from /home/airflow/.local/lib/python3.7/site-packages/airflow/example_dags/example_latest_only_with_trigger.py
[2022-12-17T04:34:27.489+0000] {processor.py:753} INFO - DAG(s) dict_keys(['latest_only_with_trigger']) retrieved from /home/airflow/.local/lib/python3.7/site-packages/airflow/example_dags/example_latest_only_with_trigger.py
[2022-12-17T04:34:27.530+0000] {logging_mixin.py:137} INFO - [2022-12-17T04:34:27.530+0000] {dag.py:2676} INFO - Sync 1 DAGs
[2022-12-17T04:34:27.550+0000] {logging_mixin.py:137} INFO - [2022-12-17T04:34:27.550+0000] {dag.py:3427} INFO - Setting next_dagrun for latest_only_with_trigger to 2022-12-17T00:34:27.550542+00:00, run_after=2022-12-17T04:34:27.550542+00:00
[2022-12-17T04:34:27.567+0000] {processor.py:175} INFO - Processing /home/airflow/.local/lib/python3.7/site-packages/airflow/example_dags/example_latest_only_with_trigger.py took 0.093 seconds
[2022-12-17T04:34:57.774+0000] {processor.py:153} INFO - Started process (PID=2886) to work on /home/airflow/.local/lib/python3.7/site-packages/airflow/example_dags/example_latest_only_with_trigger.py
[2022-12-17T04:34:57.774+0000] {processor.py:743} INFO - Processing file /home/airflow/.local/lib/python3.7/site-packages/airflow/example_dags/example_latest_only_with_trigger.py for tasks to queue
[2022-12-17T04:34:57.775+0000] {logging_mixin.py:137} INFO - [2022-12-17T04:34:57.775+0000] {dagbag.py:538} INFO - Filling up the DagBag from /home/airflow/.local/lib/python3.7/site-packages/airflow/example_dags/example_latest_only_with_trigger.py
[2022-12-17T04:34:57.784+0000] {processor.py:753} INFO - DAG(s) dict_keys(['latest_only_with_trigger']) retrieved from /home/airflow/.local/lib/python3.7/site-packages/airflow/example_dags/example_latest_only_with_trigger.py
[2022-12-17T04:34:57.814+0000] {logging_mixin.py:137} INFO - [2022-12-17T04:34:57.814+0000] {dag.py:2676} INFO - Sync 1 DAGs
[2022-12-17T04:34:57.833+0000] {logging_mixin.py:137} INFO - [2022-12-17T04:34:57.833+0000] {dag.py:3427} INFO - Setting next_dagrun for latest_only_with_trigger to 2022-12-17T00:34:57.833587+00:00, run_after=2022-12-17T04:34:57.833587+00:00
[2022-12-17T04:34:57.850+0000] {processor.py:175} INFO - Processing /home/airflow/.local/lib/python3.7/site-packages/airflow/example_dags/example_latest_only_with_trigger.py took 0.080 seconds
[2022-12-17T04:35:28.496+0000] {processor.py:153} INFO - Started process (PID=2973) to work on /home/airflow/.local/lib/python3.7/site-packages/airflow/example_dags/example_latest_only_with_trigger.py
[2022-12-17T04:35:28.497+0000] {processor.py:743} INFO - Processing file /home/airflow/.local/lib/python3.7/site-packages/airflow/example_dags/example_latest_only_with_trigger.py for tasks to queue
[2022-12-17T04:35:28.497+0000] {logging_mixin.py:137} INFO - [2022-12-17T04:35:28.497+0000] {dagbag.py:538} INFO - Filling up the DagBag from /home/airflow/.local/lib/python3.7/site-packages/airflow/example_dags/example_latest_only_with_trigger.py
[2022-12-17T04:35:28.508+0000] {processor.py:753} INFO - DAG(s) dict_keys(['latest_only_with_trigger']) retrieved from /home/airflow/.local/lib/python3.7/site-packages/airflow/example_dags/example_latest_only_with_trigger.py
[2022-12-17T04:35:28.536+0000] {logging_mixin.py:137} INFO - [2022-12-17T04:35:28.536+0000] {dag.py:2676} INFO - Sync 1 DAGs
[2022-12-17T04:35:28.556+0000] {logging_mixin.py:137} INFO - [2022-12-17T04:35:28.556+0000] {dag.py:3427} INFO - Setting next_dagrun for latest_only_with_trigger to 2022-12-17T00:35:28.556513+00:00, run_after=2022-12-17T04:35:28.556513+00:00
[2022-12-17T04:35:28.568+0000] {processor.py:175} INFO - Processing /home/airflow/.local/lib/python3.7/site-packages/airflow/example_dags/example_latest_only_with_trigger.py took 0.074 seconds
[2022-12-17T04:35:58.862+0000] {processor.py:153} INFO - Started process (PID=3063) to work on /home/airflow/.local/lib/python3.7/site-packages/airflow/example_dags/example_latest_only_with_trigger.py
[2022-12-17T04:35:58.862+0000] {processor.py:743} INFO - Processing file /home/airflow/.local/lib/python3.7/site-packages/airflow/example_dags/example_latest_only_with_trigger.py for tasks to queue
[2022-12-17T04:35:58.863+0000] {logging_mixin.py:137} INFO - [2022-12-17T04:35:58.863+0000] {dagbag.py:538} INFO - Filling up the DagBag from /home/airflow/.local/lib/python3.7/site-packages/airflow/example_dags/example_latest_only_with_trigger.py
[2022-12-17T04:35:58.872+0000] {processor.py:753} INFO - DAG(s) dict_keys(['latest_only_with_trigger']) retrieved from /home/airflow/.local/lib/python3.7/site-packages/airflow/example_dags/example_latest_only_with_trigger.py
[2022-12-17T04:35:58.904+0000] {logging_mixin.py:137} INFO - [2022-12-17T04:35:58.904+0000] {dag.py:2676} INFO - Sync 1 DAGs
[2022-12-17T04:35:58.923+0000] {logging_mixin.py:137} INFO - [2022-12-17T04:35:58.923+0000] {dag.py:3427} INFO - Setting next_dagrun for latest_only_with_trigger to 2022-12-17T00:35:58.923132+00:00, run_after=2022-12-17T04:35:58.923132+00:00
[2022-12-17T04:35:58.936+0000] {processor.py:175} INFO - Processing /home/airflow/.local/lib/python3.7/site-packages/airflow/example_dags/example_latest_only_with_trigger.py took 0.077 seconds
[2022-12-17T04:36:29.489+0000] {processor.py:153} INFO - Started process (PID=3162) to work on /home/airflow/.local/lib/python3.7/site-packages/airflow/example_dags/example_latest_only_with_trigger.py
[2022-12-17T04:36:29.490+0000] {processor.py:743} INFO - Processing file /home/airflow/.local/lib/python3.7/site-packages/airflow/example_dags/example_latest_only_with_trigger.py for tasks to queue
[2022-12-17T04:36:29.491+0000] {logging_mixin.py:137} INFO - [2022-12-17T04:36:29.490+0000] {dagbag.py:538} INFO - Filling up the DagBag from /home/airflow/.local/lib/python3.7/site-packages/airflow/example_dags/example_latest_only_with_trigger.py
[2022-12-17T04:36:29.500+0000] {processor.py:753} INFO - DAG(s) dict_keys(['latest_only_with_trigger']) retrieved from /home/airflow/.local/lib/python3.7/site-packages/airflow/example_dags/example_latest_only_with_trigger.py
[2022-12-17T04:36:29.530+0000] {logging_mixin.py:137} INFO - [2022-12-17T04:36:29.530+0000] {dag.py:2676} INFO - Sync 1 DAGs
[2022-12-17T04:36:29.554+0000] {logging_mixin.py:137} INFO - [2022-12-17T04:36:29.554+0000] {dag.py:3427} INFO - Setting next_dagrun for latest_only_with_trigger to 2022-12-17T00:36:29.554424+00:00, run_after=2022-12-17T04:36:29.554424+00:00
[2022-12-17T04:36:29.569+0000] {processor.py:175} INFO - Processing /home/airflow/.local/lib/python3.7/site-packages/airflow/example_dags/example_latest_only_with_trigger.py took 0.083 seconds
[2022-12-17T04:36:59.847+0000] {processor.py:153} INFO - Started process (PID=3241) to work on /home/airflow/.local/lib/python3.7/site-packages/airflow/example_dags/example_latest_only_with_trigger.py
[2022-12-17T04:36:59.848+0000] {processor.py:743} INFO - Processing file /home/airflow/.local/lib/python3.7/site-packages/airflow/example_dags/example_latest_only_with_trigger.py for tasks to queue
[2022-12-17T04:36:59.848+0000] {logging_mixin.py:137} INFO - [2022-12-17T04:36:59.848+0000] {dagbag.py:538} INFO - Filling up the DagBag from /home/airflow/.local/lib/python3.7/site-packages/airflow/example_dags/example_latest_only_with_trigger.py
[2022-12-17T04:36:59.860+0000] {processor.py:753} INFO - DAG(s) dict_keys(['latest_only_with_trigger']) retrieved from /home/airflow/.local/lib/python3.7/site-packages/airflow/example_dags/example_latest_only_with_trigger.py
[2022-12-17T04:36:59.891+0000] {logging_mixin.py:137} INFO - [2022-12-17T04:36:59.891+0000] {dag.py:2676} INFO - Sync 1 DAGs
[2022-12-17T04:36:59.909+0000] {logging_mixin.py:137} INFO - [2022-12-17T04:36:59.909+0000] {dag.py:3427} INFO - Setting next_dagrun for latest_only_with_trigger to 2022-12-17T00:36:59.909628+00:00, run_after=2022-12-17T04:36:59.909628+00:00
[2022-12-17T04:36:59.922+0000] {processor.py:175} INFO - Processing /home/airflow/.local/lib/python3.7/site-packages/airflow/example_dags/example_latest_only_with_trigger.py took 0.077 seconds
[2022-12-17T04:37:30.098+0000] {processor.py:153} INFO - Started process (PID=3340) to work on /home/airflow/.local/lib/python3.7/site-packages/airflow/example_dags/example_latest_only_with_trigger.py
[2022-12-17T04:37:30.099+0000] {processor.py:743} INFO - Processing file /home/airflow/.local/lib/python3.7/site-packages/airflow/example_dags/example_latest_only_with_trigger.py for tasks to queue
[2022-12-17T04:37:30.100+0000] {logging_mixin.py:137} INFO - [2022-12-17T04:37:30.099+0000] {dagbag.py:538} INFO - Filling up the DagBag from /home/airflow/.local/lib/python3.7/site-packages/airflow/example_dags/example_latest_only_with_trigger.py
[2022-12-17T04:37:30.111+0000] {processor.py:753} INFO - DAG(s) dict_keys(['latest_only_with_trigger']) retrieved from /home/airflow/.local/lib/python3.7/site-packages/airflow/example_dags/example_latest_only_with_trigger.py
[2022-12-17T04:37:30.138+0000] {logging_mixin.py:137} INFO - [2022-12-17T04:37:30.138+0000] {dag.py:2676} INFO - Sync 1 DAGs
[2022-12-17T04:37:30.159+0000] {logging_mixin.py:137} INFO - [2022-12-17T04:37:30.159+0000] {dag.py:3427} INFO - Setting next_dagrun for latest_only_with_trigger to 2022-12-17T00:37:30.159591+00:00, run_after=2022-12-17T04:37:30.159591+00:00
[2022-12-17T04:37:30.173+0000] {processor.py:175} INFO - Processing /home/airflow/.local/lib/python3.7/site-packages/airflow/example_dags/example_latest_only_with_trigger.py took 0.077 seconds
[2022-12-17T04:38:00.674+0000] {processor.py:153} INFO - Started process (PID=3419) to work on /home/airflow/.local/lib/python3.7/site-packages/airflow/example_dags/example_latest_only_with_trigger.py
[2022-12-17T04:38:00.674+0000] {processor.py:743} INFO - Processing file /home/airflow/.local/lib/python3.7/site-packages/airflow/example_dags/example_latest_only_with_trigger.py for tasks to queue
[2022-12-17T04:38:00.675+0000] {logging_mixin.py:137} INFO - [2022-12-17T04:38:00.675+0000] {dagbag.py:538} INFO - Filling up the DagBag from /home/airflow/.local/lib/python3.7/site-packages/airflow/example_dags/example_latest_only_with_trigger.py
[2022-12-17T04:38:00.685+0000] {processor.py:753} INFO - DAG(s) dict_keys(['latest_only_with_trigger']) retrieved from /home/airflow/.local/lib/python3.7/site-packages/airflow/example_dags/example_latest_only_with_trigger.py
[2022-12-17T04:38:00.712+0000] {logging_mixin.py:137} INFO - [2022-12-17T04:38:00.712+0000] {dag.py:2676} INFO - Sync 1 DAGs
[2022-12-17T04:38:00.730+0000] {logging_mixin.py:137} INFO - [2022-12-17T04:38:00.730+0000] {dag.py:3427} INFO - Setting next_dagrun for latest_only_with_trigger to 2022-12-17T00:38:00.730299+00:00, run_after=2022-12-17T04:38:00.730299+00:00
[2022-12-17T04:38:00.742+0000] {processor.py:175} INFO - Processing /home/airflow/.local/lib/python3.7/site-packages/airflow/example_dags/example_latest_only_with_trigger.py took 0.070 seconds
[2022-12-17T04:38:31.030+0000] {processor.py:153} INFO - Started process (PID=3518) to work on /home/airflow/.local/lib/python3.7/site-packages/airflow/example_dags/example_latest_only_with_trigger.py
[2022-12-17T04:38:31.031+0000] {processor.py:743} INFO - Processing file /home/airflow/.local/lib/python3.7/site-packages/airflow/example_dags/example_latest_only_with_trigger.py for tasks to queue
[2022-12-17T04:38:31.032+0000] {logging_mixin.py:137} INFO - [2022-12-17T04:38:31.032+0000] {dagbag.py:538} INFO - Filling up the DagBag from /home/airflow/.local/lib/python3.7/site-packages/airflow/example_dags/example_latest_only_with_trigger.py
[2022-12-17T04:38:31.042+0000] {processor.py:753} INFO - DAG(s) dict_keys(['latest_only_with_trigger']) retrieved from /home/airflow/.local/lib/python3.7/site-packages/airflow/example_dags/example_latest_only_with_trigger.py
[2022-12-17T04:38:31.069+0000] {logging_mixin.py:137} INFO - [2022-12-17T04:38:31.069+0000] {dag.py:2676} INFO - Sync 1 DAGs
[2022-12-17T04:38:31.090+0000] {logging_mixin.py:137} INFO - [2022-12-17T04:38:31.090+0000] {dag.py:3427} INFO - Setting next_dagrun for latest_only_with_trigger to 2022-12-17T00:38:31.090237+00:00, run_after=2022-12-17T04:38:31.090237+00:00
[2022-12-17T04:38:31.103+0000] {processor.py:175} INFO - Processing /home/airflow/.local/lib/python3.7/site-packages/airflow/example_dags/example_latest_only_with_trigger.py took 0.076 seconds
[2022-12-17T04:39:01.354+0000] {processor.py:153} INFO - Started process (PID=3606) to work on /home/airflow/.local/lib/python3.7/site-packages/airflow/example_dags/example_latest_only_with_trigger.py
[2022-12-17T04:39:01.355+0000] {processor.py:743} INFO - Processing file /home/airflow/.local/lib/python3.7/site-packages/airflow/example_dags/example_latest_only_with_trigger.py for tasks to queue
[2022-12-17T04:39:01.356+0000] {logging_mixin.py:137} INFO - [2022-12-17T04:39:01.356+0000] {dagbag.py:538} INFO - Filling up the DagBag from /home/airflow/.local/lib/python3.7/site-packages/airflow/example_dags/example_latest_only_with_trigger.py
[2022-12-17T04:39:01.368+0000] {processor.py:753} INFO - DAG(s) dict_keys(['latest_only_with_trigger']) retrieved from /home/airflow/.local/lib/python3.7/site-packages/airflow/example_dags/example_latest_only_with_trigger.py
[2022-12-17T04:39:01.400+0000] {logging_mixin.py:137} INFO - [2022-12-17T04:39:01.399+0000] {dag.py:2676} INFO - Sync 1 DAGs
[2022-12-17T04:39:01.429+0000] {logging_mixin.py:137} INFO - [2022-12-17T04:39:01.429+0000] {dag.py:3427} INFO - Setting next_dagrun for latest_only_with_trigger to 2022-12-17T00:39:01.429589+00:00, run_after=2022-12-17T04:39:01.429589+00:00
[2022-12-17T04:39:01.459+0000] {processor.py:175} INFO - Processing /home/airflow/.local/lib/python3.7/site-packages/airflow/example_dags/example_latest_only_with_trigger.py took 0.108 seconds
[2022-12-17T04:39:31.791+0000] {processor.py:153} INFO - Started process (PID=3696) to work on /home/airflow/.local/lib/python3.7/site-packages/airflow/example_dags/example_latest_only_with_trigger.py
[2022-12-17T04:39:31.792+0000] {processor.py:743} INFO - Processing file /home/airflow/.local/lib/python3.7/site-packages/airflow/example_dags/example_latest_only_with_trigger.py for tasks to queue
[2022-12-17T04:39:31.792+0000] {logging_mixin.py:137} INFO - [2022-12-17T04:39:31.792+0000] {dagbag.py:538} INFO - Filling up the DagBag from /home/airflow/.local/lib/python3.7/site-packages/airflow/example_dags/example_latest_only_with_trigger.py
[2022-12-17T04:39:31.801+0000] {processor.py:753} INFO - DAG(s) dict_keys(['latest_only_with_trigger']) retrieved from /home/airflow/.local/lib/python3.7/site-packages/airflow/example_dags/example_latest_only_with_trigger.py
[2022-12-17T04:39:31.834+0000] {logging_mixin.py:137} INFO - [2022-12-17T04:39:31.833+0000] {dag.py:2676} INFO - Sync 1 DAGs
[2022-12-17T04:39:31.856+0000] {logging_mixin.py:137} INFO - [2022-12-17T04:39:31.855+0000] {dag.py:3427} INFO - Setting next_dagrun for latest_only_with_trigger to 2022-12-17T00:39:31.855822+00:00, run_after=2022-12-17T04:39:31.855822+00:00
[2022-12-17T04:39:31.868+0000] {processor.py:175} INFO - Processing /home/airflow/.local/lib/python3.7/site-packages/airflow/example_dags/example_latest_only_with_trigger.py took 0.080 seconds
[2022-12-17T04:40:02.311+0000] {processor.py:153} INFO - Started process (PID=3795) to work on /home/airflow/.local/lib/python3.7/site-packages/airflow/example_dags/example_latest_only_with_trigger.py
[2022-12-17T04:40:02.312+0000] {processor.py:743} INFO - Processing file /home/airflow/.local/lib/python3.7/site-packages/airflow/example_dags/example_latest_only_with_trigger.py for tasks to queue
[2022-12-17T04:40:02.312+0000] {logging_mixin.py:137} INFO - [2022-12-17T04:40:02.312+0000] {dagbag.py:538} INFO - Filling up the DagBag from /home/airflow/.local/lib/python3.7/site-packages/airflow/example_dags/example_latest_only_with_trigger.py
[2022-12-17T04:40:02.321+0000] {processor.py:753} INFO - DAG(s) dict_keys(['latest_only_with_trigger']) retrieved from /home/airflow/.local/lib/python3.7/site-packages/airflow/example_dags/example_latest_only_with_trigger.py
[2022-12-17T04:40:02.351+0000] {logging_mixin.py:137} INFO - [2022-12-17T04:40:02.351+0000] {dag.py:2676} INFO - Sync 1 DAGs
[2022-12-17T04:40:02.371+0000] {logging_mixin.py:137} INFO - [2022-12-17T04:40:02.371+0000] {dag.py:3427} INFO - Setting next_dagrun for latest_only_with_trigger to 2022-12-17T00:40:02.371495+00:00, run_after=2022-12-17T04:40:02.371495+00:00
[2022-12-17T04:40:02.383+0000] {processor.py:175} INFO - Processing /home/airflow/.local/lib/python3.7/site-packages/airflow/example_dags/example_latest_only_with_trigger.py took 0.076 seconds
[2022-12-17T04:40:32.618+0000] {processor.py:153} INFO - Started process (PID=3875) to work on /home/airflow/.local/lib/python3.7/site-packages/airflow/example_dags/example_latest_only_with_trigger.py
[2022-12-17T04:40:32.618+0000] {processor.py:743} INFO - Processing file /home/airflow/.local/lib/python3.7/site-packages/airflow/example_dags/example_latest_only_with_trigger.py for tasks to queue
[2022-12-17T04:40:32.619+0000] {logging_mixin.py:137} INFO - [2022-12-17T04:40:32.618+0000] {dagbag.py:538} INFO - Filling up the DagBag from /home/airflow/.local/lib/python3.7/site-packages/airflow/example_dags/example_latest_only_with_trigger.py
[2022-12-17T04:40:32.629+0000] {processor.py:753} INFO - DAG(s) dict_keys(['latest_only_with_trigger']) retrieved from /home/airflow/.local/lib/python3.7/site-packages/airflow/example_dags/example_latest_only_with_trigger.py
[2022-12-17T04:40:32.660+0000] {logging_mixin.py:137} INFO - [2022-12-17T04:40:32.660+0000] {dag.py:2676} INFO - Sync 1 DAGs
[2022-12-17T04:40:32.678+0000] {logging_mixin.py:137} INFO - [2022-12-17T04:40:32.678+0000] {dag.py:3427} INFO - Setting next_dagrun for latest_only_with_trigger to 2022-12-17T00:40:32.678611+00:00, run_after=2022-12-17T04:40:32.678611+00:00
[2022-12-17T04:40:32.694+0000] {processor.py:175} INFO - Processing /home/airflow/.local/lib/python3.7/site-packages/airflow/example_dags/example_latest_only_with_trigger.py took 0.079 seconds
[2022-12-17T04:41:02.861+0000] {processor.py:153} INFO - Started process (PID=3974) to work on /home/airflow/.local/lib/python3.7/site-packages/airflow/example_dags/example_latest_only_with_trigger.py
[2022-12-17T04:41:02.862+0000] {processor.py:743} INFO - Processing file /home/airflow/.local/lib/python3.7/site-packages/airflow/example_dags/example_latest_only_with_trigger.py for tasks to queue
[2022-12-17T04:41:02.863+0000] {logging_mixin.py:137} INFO - [2022-12-17T04:41:02.863+0000] {dagbag.py:538} INFO - Filling up the DagBag from /home/airflow/.local/lib/python3.7/site-packages/airflow/example_dags/example_latest_only_with_trigger.py
[2022-12-17T04:41:02.873+0000] {processor.py:753} INFO - DAG(s) dict_keys(['latest_only_with_trigger']) retrieved from /home/airflow/.local/lib/python3.7/site-packages/airflow/example_dags/example_latest_only_with_trigger.py
[2022-12-17T04:41:02.901+0000] {logging_mixin.py:137} INFO - [2022-12-17T04:41:02.901+0000] {dag.py:2676} INFO - Sync 1 DAGs
[2022-12-17T04:41:02.922+0000] {logging_mixin.py:137} INFO - [2022-12-17T04:41:02.922+0000] {dag.py:3427} INFO - Setting next_dagrun for latest_only_with_trigger to 2022-12-17T00:41:02.922294+00:00, run_after=2022-12-17T04:41:02.922294+00:00
[2022-12-17T04:41:02.935+0000] {processor.py:175} INFO - Processing /home/airflow/.local/lib/python3.7/site-packages/airflow/example_dags/example_latest_only_with_trigger.py took 0.077 seconds
[2022-12-17T04:41:33.239+0000] {processor.py:153} INFO - Started process (PID=4053) to work on /home/airflow/.local/lib/python3.7/site-packages/airflow/example_dags/example_latest_only_with_trigger.py
[2022-12-17T04:41:33.240+0000] {processor.py:743} INFO - Processing file /home/airflow/.local/lib/python3.7/site-packages/airflow/example_dags/example_latest_only_with_trigger.py for tasks to queue
[2022-12-17T04:41:33.240+0000] {logging_mixin.py:137} INFO - [2022-12-17T04:41:33.240+0000] {dagbag.py:538} INFO - Filling up the DagBag from /home/airflow/.local/lib/python3.7/site-packages/airflow/example_dags/example_latest_only_with_trigger.py
[2022-12-17T04:41:33.250+0000] {processor.py:753} INFO - DAG(s) dict_keys(['latest_only_with_trigger']) retrieved from /home/airflow/.local/lib/python3.7/site-packages/airflow/example_dags/example_latest_only_with_trigger.py
[2022-12-17T04:41:33.276+0000] {logging_mixin.py:137} INFO - [2022-12-17T04:41:33.276+0000] {dag.py:2676} INFO - Sync 1 DAGs
[2022-12-17T04:41:33.294+0000] {logging_mixin.py:137} INFO - [2022-12-17T04:41:33.294+0000] {dag.py:3427} INFO - Setting next_dagrun for latest_only_with_trigger to 2022-12-17T00:41:33.294568+00:00, run_after=2022-12-17T04:41:33.294568+00:00
[2022-12-17T04:41:33.308+0000] {processor.py:175} INFO - Processing /home/airflow/.local/lib/python3.7/site-packages/airflow/example_dags/example_latest_only_with_trigger.py took 0.072 seconds
[2022-12-17T04:42:03.507+0000] {processor.py:153} INFO - Started process (PID=4153) to work on /home/airflow/.local/lib/python3.7/site-packages/airflow/example_dags/example_latest_only_with_trigger.py
[2022-12-17T04:42:03.509+0000] {processor.py:743} INFO - Processing file /home/airflow/.local/lib/python3.7/site-packages/airflow/example_dags/example_latest_only_with_trigger.py for tasks to queue
[2022-12-17T04:42:03.510+0000] {logging_mixin.py:137} INFO - [2022-12-17T04:42:03.509+0000] {dagbag.py:538} INFO - Filling up the DagBag from /home/airflow/.local/lib/python3.7/site-packages/airflow/example_dags/example_latest_only_with_trigger.py
[2022-12-17T04:42:03.520+0000] {processor.py:753} INFO - DAG(s) dict_keys(['latest_only_with_trigger']) retrieved from /home/airflow/.local/lib/python3.7/site-packages/airflow/example_dags/example_latest_only_with_trigger.py
[2022-12-17T04:42:03.552+0000] {logging_mixin.py:137} INFO - [2022-12-17T04:42:03.552+0000] {dag.py:2676} INFO - Sync 1 DAGs
[2022-12-17T04:42:03.571+0000] {logging_mixin.py:137} INFO - [2022-12-17T04:42:03.571+0000] {dag.py:3427} INFO - Setting next_dagrun for latest_only_with_trigger to 2022-12-17T00:42:03.570911+00:00, run_after=2022-12-17T04:42:03.570911+00:00
[2022-12-17T04:42:03.583+0000] {processor.py:175} INFO - Processing /home/airflow/.local/lib/python3.7/site-packages/airflow/example_dags/example_latest_only_with_trigger.py took 0.078 seconds
[2022-12-17T04:42:33.884+0000] {processor.py:153} INFO - Started process (PID=4234) to work on /home/airflow/.local/lib/python3.7/site-packages/airflow/example_dags/example_latest_only_with_trigger.py
[2022-12-17T04:42:33.885+0000] {processor.py:743} INFO - Processing file /home/airflow/.local/lib/python3.7/site-packages/airflow/example_dags/example_latest_only_with_trigger.py for tasks to queue
[2022-12-17T04:42:33.886+0000] {logging_mixin.py:137} INFO - [2022-12-17T04:42:33.886+0000] {dagbag.py:538} INFO - Filling up the DagBag from /home/airflow/.local/lib/python3.7/site-packages/airflow/example_dags/example_latest_only_with_trigger.py
[2022-12-17T04:42:33.898+0000] {processor.py:753} INFO - DAG(s) dict_keys(['latest_only_with_trigger']) retrieved from /home/airflow/.local/lib/python3.7/site-packages/airflow/example_dags/example_latest_only_with_trigger.py
[2022-12-17T04:42:33.931+0000] {logging_mixin.py:137} INFO - [2022-12-17T04:42:33.930+0000] {dag.py:2676} INFO - Sync 1 DAGs
[2022-12-17T04:42:33.959+0000] {logging_mixin.py:137} INFO - [2022-12-17T04:42:33.959+0000] {dag.py:3427} INFO - Setting next_dagrun for latest_only_with_trigger to 2022-12-17T00:42:33.959396+00:00, run_after=2022-12-17T04:42:33.959396+00:00
[2022-12-17T04:42:33.978+0000] {processor.py:175} INFO - Processing /home/airflow/.local/lib/python3.7/site-packages/airflow/example_dags/example_latest_only_with_trigger.py took 0.098 seconds
[2022-12-17T04:43:04.370+0000] {processor.py:153} INFO - Started process (PID=4331) to work on /home/airflow/.local/lib/python3.7/site-packages/airflow/example_dags/example_latest_only_with_trigger.py
[2022-12-17T04:43:04.371+0000] {processor.py:743} INFO - Processing file /home/airflow/.local/lib/python3.7/site-packages/airflow/example_dags/example_latest_only_with_trigger.py for tasks to queue
[2022-12-17T04:43:04.371+0000] {logging_mixin.py:137} INFO - [2022-12-17T04:43:04.371+0000] {dagbag.py:538} INFO - Filling up the DagBag from /home/airflow/.local/lib/python3.7/site-packages/airflow/example_dags/example_latest_only_with_trigger.py
[2022-12-17T04:43:04.381+0000] {processor.py:753} INFO - DAG(s) dict_keys(['latest_only_with_trigger']) retrieved from /home/airflow/.local/lib/python3.7/site-packages/airflow/example_dags/example_latest_only_with_trigger.py
[2022-12-17T04:43:04.411+0000] {logging_mixin.py:137} INFO - [2022-12-17T04:43:04.411+0000] {dag.py:2676} INFO - Sync 1 DAGs
[2022-12-17T04:43:04.432+0000] {logging_mixin.py:137} INFO - [2022-12-17T04:43:04.432+0000] {dag.py:3427} INFO - Setting next_dagrun for latest_only_with_trigger to 2022-12-17T00:43:04.432043+00:00, run_after=2022-12-17T04:43:04.432043+00:00
[2022-12-17T04:43:04.446+0000] {processor.py:175} INFO - Processing /home/airflow/.local/lib/python3.7/site-packages/airflow/example_dags/example_latest_only_with_trigger.py took 0.080 seconds
[2022-12-17T04:43:34.684+0000] {processor.py:153} INFO - Started process (PID=4430) to work on /home/airflow/.local/lib/python3.7/site-packages/airflow/example_dags/example_latest_only_with_trigger.py
[2022-12-17T04:43:34.685+0000] {processor.py:743} INFO - Processing file /home/airflow/.local/lib/python3.7/site-packages/airflow/example_dags/example_latest_only_with_trigger.py for tasks to queue
[2022-12-17T04:43:34.686+0000] {logging_mixin.py:137} INFO - [2022-12-17T04:43:34.686+0000] {dagbag.py:538} INFO - Filling up the DagBag from /home/airflow/.local/lib/python3.7/site-packages/airflow/example_dags/example_latest_only_with_trigger.py
[2022-12-17T04:43:34.696+0000] {processor.py:753} INFO - DAG(s) dict_keys(['latest_only_with_trigger']) retrieved from /home/airflow/.local/lib/python3.7/site-packages/airflow/example_dags/example_latest_only_with_trigger.py
[2022-12-17T04:43:34.731+0000] {logging_mixin.py:137} INFO - [2022-12-17T04:43:34.731+0000] {dag.py:2676} INFO - Sync 1 DAGs
[2022-12-17T04:43:34.757+0000] {logging_mixin.py:137} INFO - [2022-12-17T04:43:34.757+0000] {dag.py:3427} INFO - Setting next_dagrun for latest_only_with_trigger to 2022-12-17T00:43:34.757177+00:00, run_after=2022-12-17T04:43:34.757177+00:00
[2022-12-17T04:43:34.770+0000] {processor.py:175} INFO - Processing /home/airflow/.local/lib/python3.7/site-packages/airflow/example_dags/example_latest_only_with_trigger.py took 0.090 seconds
[2022-12-17T04:44:04.849+0000] {processor.py:153} INFO - Started process (PID=4510) to work on /home/airflow/.local/lib/python3.7/site-packages/airflow/example_dags/example_latest_only_with_trigger.py
[2022-12-17T04:44:04.850+0000] {processor.py:743} INFO - Processing file /home/airflow/.local/lib/python3.7/site-packages/airflow/example_dags/example_latest_only_with_trigger.py for tasks to queue
[2022-12-17T04:44:04.850+0000] {logging_mixin.py:137} INFO - [2022-12-17T04:44:04.850+0000] {dagbag.py:538} INFO - Filling up the DagBag from /home/airflow/.local/lib/python3.7/site-packages/airflow/example_dags/example_latest_only_with_trigger.py
[2022-12-17T04:44:04.862+0000] {processor.py:753} INFO - DAG(s) dict_keys(['latest_only_with_trigger']) retrieved from /home/airflow/.local/lib/python3.7/site-packages/airflow/example_dags/example_latest_only_with_trigger.py
[2022-12-17T04:44:04.894+0000] {logging_mixin.py:137} INFO - [2022-12-17T04:44:04.894+0000] {dag.py:2676} INFO - Sync 1 DAGs
[2022-12-17T04:44:04.912+0000] {logging_mixin.py:137} INFO - [2022-12-17T04:44:04.912+0000] {dag.py:3427} INFO - Setting next_dagrun for latest_only_with_trigger to 2022-12-17T00:44:04.912213+00:00, run_after=2022-12-17T04:44:04.912213+00:00
[2022-12-17T04:44:04.925+0000] {processor.py:175} INFO - Processing /home/airflow/.local/lib/python3.7/site-packages/airflow/example_dags/example_latest_only_with_trigger.py took 0.077 seconds
[2022-12-17T04:44:35.210+0000] {processor.py:153} INFO - Started process (PID=4609) to work on /home/airflow/.local/lib/python3.7/site-packages/airflow/example_dags/example_latest_only_with_trigger.py
[2022-12-17T04:44:35.210+0000] {processor.py:743} INFO - Processing file /home/airflow/.local/lib/python3.7/site-packages/airflow/example_dags/example_latest_only_with_trigger.py for tasks to queue
[2022-12-17T04:44:35.211+0000] {logging_mixin.py:137} INFO - [2022-12-17T04:44:35.210+0000] {dagbag.py:538} INFO - Filling up the DagBag from /home/airflow/.local/lib/python3.7/site-packages/airflow/example_dags/example_latest_only_with_trigger.py
[2022-12-17T04:44:35.223+0000] {processor.py:753} INFO - DAG(s) dict_keys(['latest_only_with_trigger']) retrieved from /home/airflow/.local/lib/python3.7/site-packages/airflow/example_dags/example_latest_only_with_trigger.py
[2022-12-17T04:44:35.252+0000] {logging_mixin.py:137} INFO - [2022-12-17T04:44:35.252+0000] {dag.py:2676} INFO - Sync 1 DAGs
[2022-12-17T04:44:35.273+0000] {logging_mixin.py:137} INFO - [2022-12-17T04:44:35.273+0000] {dag.py:3427} INFO - Setting next_dagrun for latest_only_with_trigger to 2022-12-17T00:44:35.273594+00:00, run_after=2022-12-17T04:44:35.273594+00:00
[2022-12-17T04:44:35.288+0000] {processor.py:175} INFO - Processing /home/airflow/.local/lib/python3.7/site-packages/airflow/example_dags/example_latest_only_with_trigger.py took 0.080 seconds
[2022-12-17T04:45:05.545+0000] {processor.py:153} INFO - Started process (PID=4688) to work on /home/airflow/.local/lib/python3.7/site-packages/airflow/example_dags/example_latest_only_with_trigger.py
[2022-12-17T04:45:05.545+0000] {processor.py:743} INFO - Processing file /home/airflow/.local/lib/python3.7/site-packages/airflow/example_dags/example_latest_only_with_trigger.py for tasks to queue
[2022-12-17T04:45:05.546+0000] {logging_mixin.py:137} INFO - [2022-12-17T04:45:05.546+0000] {dagbag.py:538} INFO - Filling up the DagBag from /home/airflow/.local/lib/python3.7/site-packages/airflow/example_dags/example_latest_only_with_trigger.py
[2022-12-17T04:45:05.556+0000] {processor.py:753} INFO - DAG(s) dict_keys(['latest_only_with_trigger']) retrieved from /home/airflow/.local/lib/python3.7/site-packages/airflow/example_dags/example_latest_only_with_trigger.py
[2022-12-17T04:45:05.582+0000] {logging_mixin.py:137} INFO - [2022-12-17T04:45:05.582+0000] {dag.py:2676} INFO - Sync 1 DAGs
[2022-12-17T04:45:05.601+0000] {logging_mixin.py:137} INFO - [2022-12-17T04:45:05.601+0000] {dag.py:3427} INFO - Setting next_dagrun for latest_only_with_trigger to 2022-12-17T00:45:05.601132+00:00, run_after=2022-12-17T04:45:05.601132+00:00
[2022-12-17T04:45:05.617+0000] {processor.py:175} INFO - Processing /home/airflow/.local/lib/python3.7/site-packages/airflow/example_dags/example_latest_only_with_trigger.py took 0.075 seconds
