[2022-12-17T04:19:15.238+0000] {processor.py:153} INFO - Started process (PID=59) to work on /home/airflow/.local/lib/python3.7/site-packages/airflow/example_dags/example_branch_python_dop_operator_3.py
[2022-12-17T04:19:15.239+0000] {processor.py:743} INFO - Processing file /home/airflow/.local/lib/python3.7/site-packages/airflow/example_dags/example_branch_python_dop_operator_3.py for tasks to queue
[2022-12-17T04:19:15.240+0000] {logging_mixin.py:137} INFO - [2022-12-17T04:19:15.240+0000] {dagbag.py:538} INFO - Filling up the DagBag from /home/airflow/.local/lib/python3.7/site-packages/airflow/example_dags/example_branch_python_dop_operator_3.py
[2022-12-17T04:19:15.261+0000] {processor.py:753} INFO - DAG(s) dict_keys(['example_branch_dop_operator_v3']) retrieved from /home/airflow/.local/lib/python3.7/site-packages/airflow/example_dags/example_branch_python_dop_operator_3.py
[2022-12-17T04:19:15.368+0000] {logging_mixin.py:137} INFO - [2022-12-17T04:19:15.367+0000] {manager.py:504} INFO - Created Permission View: can read on DAG:example_branch_dop_operator_v3
[2022-12-17T04:19:15.374+0000] {logging_mixin.py:137} INFO - [2022-12-17T04:19:15.373+0000] {manager.py:504} INFO - Created Permission View: can delete on DAG:example_branch_dop_operator_v3
[2022-12-17T04:19:15.378+0000] {logging_mixin.py:137} INFO - [2022-12-17T04:19:15.378+0000] {manager.py:504} INFO - Created Permission View: can edit on DAG:example_branch_dop_operator_v3
[2022-12-17T04:19:15.378+0000] {logging_mixin.py:137} INFO - [2022-12-17T04:19:15.378+0000] {dag.py:2676} INFO - Sync 1 DAGs
[2022-12-17T04:19:15.388+0000] {logging_mixin.py:137} INFO - [2022-12-17T04:19:15.388+0000] {dag.py:2697} INFO - Creating ORM DAG for example_branch_dop_operator_v3
[2022-12-17T04:19:15.401+0000] {logging_mixin.py:137} INFO - [2022-12-17T04:19:15.401+0000] {dag.py:3427} INFO - Setting next_dagrun for example_branch_dop_operator_v3 to 2022-12-17T04:18:00+00:00, run_after=2022-12-17T04:19:00+00:00
[2022-12-17T04:19:15.413+0000] {processor.py:175} INFO - Processing /home/airflow/.local/lib/python3.7/site-packages/airflow/example_dags/example_branch_python_dop_operator_3.py took 0.179 seconds
[2022-12-17T04:19:45.674+0000] {processor.py:153} INFO - Started process (PID=158) to work on /home/airflow/.local/lib/python3.7/site-packages/airflow/example_dags/example_branch_python_dop_operator_3.py
[2022-12-17T04:19:45.675+0000] {processor.py:743} INFO - Processing file /home/airflow/.local/lib/python3.7/site-packages/airflow/example_dags/example_branch_python_dop_operator_3.py for tasks to queue
[2022-12-17T04:19:45.675+0000] {logging_mixin.py:137} INFO - [2022-12-17T04:19:45.675+0000] {dagbag.py:538} INFO - Filling up the DagBag from /home/airflow/.local/lib/python3.7/site-packages/airflow/example_dags/example_branch_python_dop_operator_3.py
[2022-12-17T04:19:45.694+0000] {processor.py:753} INFO - DAG(s) dict_keys(['example_branch_dop_operator_v3']) retrieved from /home/airflow/.local/lib/python3.7/site-packages/airflow/example_dags/example_branch_python_dop_operator_3.py
[2022-12-17T04:19:45.719+0000] {logging_mixin.py:137} INFO - [2022-12-17T04:19:45.718+0000] {dag.py:2676} INFO - Sync 1 DAGs
[2022-12-17T04:19:45.744+0000] {logging_mixin.py:137} INFO - [2022-12-17T04:19:45.744+0000] {dag.py:3427} INFO - Setting next_dagrun for example_branch_dop_operator_v3 to 2022-12-17T04:18:00+00:00, run_after=2022-12-17T04:19:00+00:00
[2022-12-17T04:19:45.757+0000] {processor.py:175} INFO - Processing /home/airflow/.local/lib/python3.7/site-packages/airflow/example_dags/example_branch_python_dop_operator_3.py took 0.085 seconds
[2022-12-17T04:20:15.922+0000] {processor.py:153} INFO - Started process (PID=237) to work on /home/airflow/.local/lib/python3.7/site-packages/airflow/example_dags/example_branch_python_dop_operator_3.py
[2022-12-17T04:20:15.923+0000] {processor.py:743} INFO - Processing file /home/airflow/.local/lib/python3.7/site-packages/airflow/example_dags/example_branch_python_dop_operator_3.py for tasks to queue
[2022-12-17T04:20:15.924+0000] {logging_mixin.py:137} INFO - [2022-12-17T04:20:15.923+0000] {dagbag.py:538} INFO - Filling up the DagBag from /home/airflow/.local/lib/python3.7/site-packages/airflow/example_dags/example_branch_python_dop_operator_3.py
[2022-12-17T04:20:15.941+0000] {processor.py:753} INFO - DAG(s) dict_keys(['example_branch_dop_operator_v3']) retrieved from /home/airflow/.local/lib/python3.7/site-packages/airflow/example_dags/example_branch_python_dop_operator_3.py
[2022-12-17T04:20:15.975+0000] {logging_mixin.py:137} INFO - [2022-12-17T04:20:15.975+0000] {dag.py:2676} INFO - Sync 1 DAGs
[2022-12-17T04:20:15.997+0000] {logging_mixin.py:137} INFO - [2022-12-17T04:20:15.997+0000] {dag.py:3427} INFO - Setting next_dagrun for example_branch_dop_operator_v3 to 2022-12-17T04:19:00+00:00, run_after=2022-12-17T04:20:00+00:00
[2022-12-17T04:20:16.009+0000] {processor.py:175} INFO - Processing /home/airflow/.local/lib/python3.7/site-packages/airflow/example_dags/example_branch_python_dop_operator_3.py took 0.091 seconds
[2022-12-17T04:20:46.296+0000] {processor.py:153} INFO - Started process (PID=336) to work on /home/airflow/.local/lib/python3.7/site-packages/airflow/example_dags/example_branch_python_dop_operator_3.py
[2022-12-17T04:20:46.297+0000] {processor.py:743} INFO - Processing file /home/airflow/.local/lib/python3.7/site-packages/airflow/example_dags/example_branch_python_dop_operator_3.py for tasks to queue
[2022-12-17T04:20:46.297+0000] {logging_mixin.py:137} INFO - [2022-12-17T04:20:46.297+0000] {dagbag.py:538} INFO - Filling up the DagBag from /home/airflow/.local/lib/python3.7/site-packages/airflow/example_dags/example_branch_python_dop_operator_3.py
[2022-12-17T04:20:46.319+0000] {processor.py:753} INFO - DAG(s) dict_keys(['example_branch_dop_operator_v3']) retrieved from /home/airflow/.local/lib/python3.7/site-packages/airflow/example_dags/example_branch_python_dop_operator_3.py
[2022-12-17T04:20:46.352+0000] {logging_mixin.py:137} INFO - [2022-12-17T04:20:46.352+0000] {dag.py:2676} INFO - Sync 1 DAGs
[2022-12-17T04:20:46.375+0000] {logging_mixin.py:137} INFO - [2022-12-17T04:20:46.375+0000] {dag.py:3427} INFO - Setting next_dagrun for example_branch_dop_operator_v3 to 2022-12-17T04:19:00+00:00, run_after=2022-12-17T04:20:00+00:00
[2022-12-17T04:20:46.387+0000] {processor.py:175} INFO - Processing /home/airflow/.local/lib/python3.7/site-packages/airflow/example_dags/example_branch_python_dop_operator_3.py took 0.094 seconds
[2022-12-17T04:21:16.965+0000] {processor.py:153} INFO - Started process (PID=425) to work on /home/airflow/.local/lib/python3.7/site-packages/airflow/example_dags/example_branch_python_dop_operator_3.py
[2022-12-17T04:21:16.966+0000] {processor.py:743} INFO - Processing file /home/airflow/.local/lib/python3.7/site-packages/airflow/example_dags/example_branch_python_dop_operator_3.py for tasks to queue
[2022-12-17T04:21:16.966+0000] {logging_mixin.py:137} INFO - [2022-12-17T04:21:16.966+0000] {dagbag.py:538} INFO - Filling up the DagBag from /home/airflow/.local/lib/python3.7/site-packages/airflow/example_dags/example_branch_python_dop_operator_3.py
[2022-12-17T04:21:16.987+0000] {processor.py:753} INFO - DAG(s) dict_keys(['example_branch_dop_operator_v3']) retrieved from /home/airflow/.local/lib/python3.7/site-packages/airflow/example_dags/example_branch_python_dop_operator_3.py
[2022-12-17T04:21:17.022+0000] {logging_mixin.py:137} INFO - [2022-12-17T04:21:17.022+0000] {dag.py:2676} INFO - Sync 1 DAGs
[2022-12-17T04:21:17.059+0000] {logging_mixin.py:137} INFO - [2022-12-17T04:21:17.059+0000] {dag.py:3427} INFO - Setting next_dagrun for example_branch_dop_operator_v3 to 2022-12-17T04:20:00+00:00, run_after=2022-12-17T04:21:00+00:00
[2022-12-17T04:21:17.078+0000] {processor.py:175} INFO - Processing /home/airflow/.local/lib/python3.7/site-packages/airflow/example_dags/example_branch_python_dop_operator_3.py took 0.115 seconds
[2022-12-17T04:21:47.136+0000] {processor.py:153} INFO - Started process (PID=515) to work on /home/airflow/.local/lib/python3.7/site-packages/airflow/example_dags/example_branch_python_dop_operator_3.py
[2022-12-17T04:21:47.137+0000] {processor.py:743} INFO - Processing file /home/airflow/.local/lib/python3.7/site-packages/airflow/example_dags/example_branch_python_dop_operator_3.py for tasks to queue
[2022-12-17T04:21:47.137+0000] {logging_mixin.py:137} INFO - [2022-12-17T04:21:47.137+0000] {dagbag.py:538} INFO - Filling up the DagBag from /home/airflow/.local/lib/python3.7/site-packages/airflow/example_dags/example_branch_python_dop_operator_3.py
[2022-12-17T04:21:47.155+0000] {processor.py:753} INFO - DAG(s) dict_keys(['example_branch_dop_operator_v3']) retrieved from /home/airflow/.local/lib/python3.7/site-packages/airflow/example_dags/example_branch_python_dop_operator_3.py
[2022-12-17T04:21:47.182+0000] {logging_mixin.py:137} INFO - [2022-12-17T04:21:47.182+0000] {dag.py:2676} INFO - Sync 1 DAGs
[2022-12-17T04:21:47.206+0000] {logging_mixin.py:137} INFO - [2022-12-17T04:21:47.206+0000] {dag.py:3427} INFO - Setting next_dagrun for example_branch_dop_operator_v3 to 2022-12-17T04:20:00+00:00, run_after=2022-12-17T04:21:00+00:00
[2022-12-17T04:21:47.220+0000] {processor.py:175} INFO - Processing /home/airflow/.local/lib/python3.7/site-packages/airflow/example_dags/example_branch_python_dop_operator_3.py took 0.087 seconds
[2022-12-17T04:22:17.773+0000] {processor.py:153} INFO - Started process (PID=614) to work on /home/airflow/.local/lib/python3.7/site-packages/airflow/example_dags/example_branch_python_dop_operator_3.py
[2022-12-17T04:22:17.774+0000] {processor.py:743} INFO - Processing file /home/airflow/.local/lib/python3.7/site-packages/airflow/example_dags/example_branch_python_dop_operator_3.py for tasks to queue
[2022-12-17T04:22:17.774+0000] {logging_mixin.py:137} INFO - [2022-12-17T04:22:17.774+0000] {dagbag.py:538} INFO - Filling up the DagBag from /home/airflow/.local/lib/python3.7/site-packages/airflow/example_dags/example_branch_python_dop_operator_3.py
[2022-12-17T04:22:17.794+0000] {processor.py:753} INFO - DAG(s) dict_keys(['example_branch_dop_operator_v3']) retrieved from /home/airflow/.local/lib/python3.7/site-packages/airflow/example_dags/example_branch_python_dop_operator_3.py
[2022-12-17T04:22:17.820+0000] {logging_mixin.py:137} INFO - [2022-12-17T04:22:17.820+0000] {dag.py:2676} INFO - Sync 1 DAGs
[2022-12-17T04:22:17.845+0000] {logging_mixin.py:137} INFO - [2022-12-17T04:22:17.845+0000] {dag.py:3427} INFO - Setting next_dagrun for example_branch_dop_operator_v3 to 2022-12-17T04:21:00+00:00, run_after=2022-12-17T04:22:00+00:00
[2022-12-17T04:22:17.862+0000] {processor.py:175} INFO - Processing /home/airflow/.local/lib/python3.7/site-packages/airflow/example_dags/example_branch_python_dop_operator_3.py took 0.092 seconds
[2022-12-17T04:22:48.029+0000] {processor.py:153} INFO - Started process (PID=693) to work on /home/airflow/.local/lib/python3.7/site-packages/airflow/example_dags/example_branch_python_dop_operator_3.py
[2022-12-17T04:22:48.029+0000] {processor.py:743} INFO - Processing file /home/airflow/.local/lib/python3.7/site-packages/airflow/example_dags/example_branch_python_dop_operator_3.py for tasks to queue
[2022-12-17T04:22:48.030+0000] {logging_mixin.py:137} INFO - [2022-12-17T04:22:48.030+0000] {dagbag.py:538} INFO - Filling up the DagBag from /home/airflow/.local/lib/python3.7/site-packages/airflow/example_dags/example_branch_python_dop_operator_3.py
[2022-12-17T04:22:48.048+0000] {processor.py:753} INFO - DAG(s) dict_keys(['example_branch_dop_operator_v3']) retrieved from /home/airflow/.local/lib/python3.7/site-packages/airflow/example_dags/example_branch_python_dop_operator_3.py
[2022-12-17T04:22:48.076+0000] {logging_mixin.py:137} INFO - [2022-12-17T04:22:48.076+0000] {dag.py:2676} INFO - Sync 1 DAGs
[2022-12-17T04:22:48.099+0000] {logging_mixin.py:137} INFO - [2022-12-17T04:22:48.099+0000] {dag.py:3427} INFO - Setting next_dagrun for example_branch_dop_operator_v3 to 2022-12-17T04:21:00+00:00, run_after=2022-12-17T04:22:00+00:00
[2022-12-17T04:22:48.111+0000] {processor.py:175} INFO - Processing /home/airflow/.local/lib/python3.7/site-packages/airflow/example_dags/example_branch_python_dop_operator_3.py took 0.085 seconds
[2022-12-17T04:23:18.147+0000] {processor.py:153} INFO - Started process (PID=791) to work on /home/airflow/.local/lib/python3.7/site-packages/airflow/example_dags/example_branch_python_dop_operator_3.py
[2022-12-17T04:23:18.148+0000] {processor.py:743} INFO - Processing file /home/airflow/.local/lib/python3.7/site-packages/airflow/example_dags/example_branch_python_dop_operator_3.py for tasks to queue
[2022-12-17T04:23:18.149+0000] {logging_mixin.py:137} INFO - [2022-12-17T04:23:18.149+0000] {dagbag.py:538} INFO - Filling up the DagBag from /home/airflow/.local/lib/python3.7/site-packages/airflow/example_dags/example_branch_python_dop_operator_3.py
[2022-12-17T04:23:18.167+0000] {processor.py:753} INFO - DAG(s) dict_keys(['example_branch_dop_operator_v3']) retrieved from /home/airflow/.local/lib/python3.7/site-packages/airflow/example_dags/example_branch_python_dop_operator_3.py
[2022-12-17T04:23:18.193+0000] {logging_mixin.py:137} INFO - [2022-12-17T04:23:18.193+0000] {dag.py:2676} INFO - Sync 1 DAGs
[2022-12-17T04:23:18.215+0000] {logging_mixin.py:137} INFO - [2022-12-17T04:23:18.215+0000] {dag.py:3427} INFO - Setting next_dagrun for example_branch_dop_operator_v3 to 2022-12-17T04:22:00+00:00, run_after=2022-12-17T04:23:00+00:00
[2022-12-17T04:23:18.226+0000] {processor.py:175} INFO - Processing /home/airflow/.local/lib/python3.7/site-packages/airflow/example_dags/example_branch_python_dop_operator_3.py took 0.081 seconds
[2022-12-17T04:23:48.471+0000] {processor.py:153} INFO - Started process (PID=870) to work on /home/airflow/.local/lib/python3.7/site-packages/airflow/example_dags/example_branch_python_dop_operator_3.py
[2022-12-17T04:23:48.471+0000] {processor.py:743} INFO - Processing file /home/airflow/.local/lib/python3.7/site-packages/airflow/example_dags/example_branch_python_dop_operator_3.py for tasks to queue
[2022-12-17T04:23:48.472+0000] {logging_mixin.py:137} INFO - [2022-12-17T04:23:48.472+0000] {dagbag.py:538} INFO - Filling up the DagBag from /home/airflow/.local/lib/python3.7/site-packages/airflow/example_dags/example_branch_python_dop_operator_3.py
[2022-12-17T04:23:48.489+0000] {processor.py:753} INFO - DAG(s) dict_keys(['example_branch_dop_operator_v3']) retrieved from /home/airflow/.local/lib/python3.7/site-packages/airflow/example_dags/example_branch_python_dop_operator_3.py
[2022-12-17T04:23:48.521+0000] {logging_mixin.py:137} INFO - [2022-12-17T04:23:48.520+0000] {dag.py:2676} INFO - Sync 1 DAGs
[2022-12-17T04:23:48.544+0000] {logging_mixin.py:137} INFO - [2022-12-17T04:23:48.544+0000] {dag.py:3427} INFO - Setting next_dagrun for example_branch_dop_operator_v3 to 2022-12-17T04:22:00+00:00, run_after=2022-12-17T04:23:00+00:00
[2022-12-17T04:23:48.557+0000] {processor.py:175} INFO - Processing /home/airflow/.local/lib/python3.7/site-packages/airflow/example_dags/example_branch_python_dop_operator_3.py took 0.088 seconds
[2022-12-17T04:24:18.876+0000] {processor.py:153} INFO - Started process (PID=970) to work on /home/airflow/.local/lib/python3.7/site-packages/airflow/example_dags/example_branch_python_dop_operator_3.py
[2022-12-17T04:24:18.876+0000] {processor.py:743} INFO - Processing file /home/airflow/.local/lib/python3.7/site-packages/airflow/example_dags/example_branch_python_dop_operator_3.py for tasks to queue
[2022-12-17T04:24:18.876+0000] {logging_mixin.py:137} INFO - [2022-12-17T04:24:18.876+0000] {dagbag.py:538} INFO - Filling up the DagBag from /home/airflow/.local/lib/python3.7/site-packages/airflow/example_dags/example_branch_python_dop_operator_3.py
[2022-12-17T04:24:18.892+0000] {processor.py:753} INFO - DAG(s) dict_keys(['example_branch_dop_operator_v3']) retrieved from /home/airflow/.local/lib/python3.7/site-packages/airflow/example_dags/example_branch_python_dop_operator_3.py
[2022-12-17T04:24:18.922+0000] {logging_mixin.py:137} INFO - [2022-12-17T04:24:18.922+0000] {dag.py:2676} INFO - Sync 1 DAGs
[2022-12-17T04:24:18.944+0000] {logging_mixin.py:137} INFO - [2022-12-17T04:24:18.944+0000] {dag.py:3427} INFO - Setting next_dagrun for example_branch_dop_operator_v3 to 2022-12-17T04:23:00+00:00, run_after=2022-12-17T04:24:00+00:00
[2022-12-17T04:24:18.957+0000] {processor.py:175} INFO - Processing /home/airflow/.local/lib/python3.7/site-packages/airflow/example_dags/example_branch_python_dop_operator_3.py took 0.086 seconds
[2022-12-17T04:24:49.212+0000] {processor.py:153} INFO - Started process (PID=1049) to work on /home/airflow/.local/lib/python3.7/site-packages/airflow/example_dags/example_branch_python_dop_operator_3.py
[2022-12-17T04:24:49.212+0000] {processor.py:743} INFO - Processing file /home/airflow/.local/lib/python3.7/site-packages/airflow/example_dags/example_branch_python_dop_operator_3.py for tasks to queue
[2022-12-17T04:24:49.213+0000] {logging_mixin.py:137} INFO - [2022-12-17T04:24:49.213+0000] {dagbag.py:538} INFO - Filling up the DagBag from /home/airflow/.local/lib/python3.7/site-packages/airflow/example_dags/example_branch_python_dop_operator_3.py
[2022-12-17T04:24:49.231+0000] {processor.py:753} INFO - DAG(s) dict_keys(['example_branch_dop_operator_v3']) retrieved from /home/airflow/.local/lib/python3.7/site-packages/airflow/example_dags/example_branch_python_dop_operator_3.py
[2022-12-17T04:24:49.257+0000] {logging_mixin.py:137} INFO - [2022-12-17T04:24:49.257+0000] {dag.py:2676} INFO - Sync 1 DAGs
[2022-12-17T04:24:49.284+0000] {logging_mixin.py:137} INFO - [2022-12-17T04:24:49.284+0000] {dag.py:3427} INFO - Setting next_dagrun for example_branch_dop_operator_v3 to 2022-12-17T04:23:00+00:00, run_after=2022-12-17T04:24:00+00:00
[2022-12-17T04:24:49.297+0000] {processor.py:175} INFO - Processing /home/airflow/.local/lib/python3.7/site-packages/airflow/example_dags/example_branch_python_dop_operator_3.py took 0.088 seconds
[2022-12-17T04:25:19.361+0000] {processor.py:153} INFO - Started process (PID=1148) to work on /home/airflow/.local/lib/python3.7/site-packages/airflow/example_dags/example_branch_python_dop_operator_3.py
[2022-12-17T04:25:19.362+0000] {processor.py:743} INFO - Processing file /home/airflow/.local/lib/python3.7/site-packages/airflow/example_dags/example_branch_python_dop_operator_3.py for tasks to queue
[2022-12-17T04:25:19.362+0000] {logging_mixin.py:137} INFO - [2022-12-17T04:25:19.362+0000] {dagbag.py:538} INFO - Filling up the DagBag from /home/airflow/.local/lib/python3.7/site-packages/airflow/example_dags/example_branch_python_dop_operator_3.py
[2022-12-17T04:25:19.379+0000] {processor.py:753} INFO - DAG(s) dict_keys(['example_branch_dop_operator_v3']) retrieved from /home/airflow/.local/lib/python3.7/site-packages/airflow/example_dags/example_branch_python_dop_operator_3.py
[2022-12-17T04:25:19.409+0000] {logging_mixin.py:137} INFO - [2022-12-17T04:25:19.408+0000] {dag.py:2676} INFO - Sync 1 DAGs
[2022-12-17T04:25:19.431+0000] {logging_mixin.py:137} INFO - [2022-12-17T04:25:19.431+0000] {dag.py:3427} INFO - Setting next_dagrun for example_branch_dop_operator_v3 to 2022-12-17T04:24:00+00:00, run_after=2022-12-17T04:25:00+00:00
[2022-12-17T04:25:19.443+0000] {processor.py:175} INFO - Processing /home/airflow/.local/lib/python3.7/site-packages/airflow/example_dags/example_branch_python_dop_operator_3.py took 0.085 seconds
[2022-12-17T04:25:49.931+0000] {processor.py:153} INFO - Started process (PID=1247) to work on /home/airflow/.local/lib/python3.7/site-packages/airflow/example_dags/example_branch_python_dop_operator_3.py
[2022-12-17T04:25:49.931+0000] {processor.py:743} INFO - Processing file /home/airflow/.local/lib/python3.7/site-packages/airflow/example_dags/example_branch_python_dop_operator_3.py for tasks to queue
[2022-12-17T04:25:49.931+0000] {logging_mixin.py:137} INFO - [2022-12-17T04:25:49.931+0000] {dagbag.py:538} INFO - Filling up the DagBag from /home/airflow/.local/lib/python3.7/site-packages/airflow/example_dags/example_branch_python_dop_operator_3.py
[2022-12-17T04:25:49.952+0000] {processor.py:753} INFO - DAG(s) dict_keys(['example_branch_dop_operator_v3']) retrieved from /home/airflow/.local/lib/python3.7/site-packages/airflow/example_dags/example_branch_python_dop_operator_3.py
[2022-12-17T04:25:49.987+0000] {logging_mixin.py:137} INFO - [2022-12-17T04:25:49.987+0000] {dag.py:2676} INFO - Sync 1 DAGs
[2022-12-17T04:25:50.010+0000] {logging_mixin.py:137} INFO - [2022-12-17T04:25:50.010+0000] {dag.py:3427} INFO - Setting next_dagrun for example_branch_dop_operator_v3 to 2022-12-17T04:24:00+00:00, run_after=2022-12-17T04:25:00+00:00
[2022-12-17T04:25:50.024+0000] {processor.py:175} INFO - Processing /home/airflow/.local/lib/python3.7/site-packages/airflow/example_dags/example_branch_python_dop_operator_3.py took 0.095 seconds
[2022-12-17T04:26:20.509+0000] {processor.py:153} INFO - Started process (PID=1326) to work on /home/airflow/.local/lib/python3.7/site-packages/airflow/example_dags/example_branch_python_dop_operator_3.py
[2022-12-17T04:26:20.509+0000] {processor.py:743} INFO - Processing file /home/airflow/.local/lib/python3.7/site-packages/airflow/example_dags/example_branch_python_dop_operator_3.py for tasks to queue
[2022-12-17T04:26:20.510+0000] {logging_mixin.py:137} INFO - [2022-12-17T04:26:20.510+0000] {dagbag.py:538} INFO - Filling up the DagBag from /home/airflow/.local/lib/python3.7/site-packages/airflow/example_dags/example_branch_python_dop_operator_3.py
[2022-12-17T04:26:20.532+0000] {processor.py:753} INFO - DAG(s) dict_keys(['example_branch_dop_operator_v3']) retrieved from /home/airflow/.local/lib/python3.7/site-packages/airflow/example_dags/example_branch_python_dop_operator_3.py
[2022-12-17T04:26:20.560+0000] {logging_mixin.py:137} INFO - [2022-12-17T04:26:20.560+0000] {dag.py:2676} INFO - Sync 1 DAGs
[2022-12-17T04:26:20.585+0000] {logging_mixin.py:137} INFO - [2022-12-17T04:26:20.585+0000] {dag.py:3427} INFO - Setting next_dagrun for example_branch_dop_operator_v3 to 2022-12-17T04:25:00+00:00, run_after=2022-12-17T04:26:00+00:00
[2022-12-17T04:26:20.601+0000] {processor.py:175} INFO - Processing /home/airflow/.local/lib/python3.7/site-packages/airflow/example_dags/example_branch_python_dop_operator_3.py took 0.094 seconds
[2022-12-17T04:26:50.736+0000] {processor.py:153} INFO - Started process (PID=1425) to work on /home/airflow/.local/lib/python3.7/site-packages/airflow/example_dags/example_branch_python_dop_operator_3.py
[2022-12-17T04:26:50.737+0000] {processor.py:743} INFO - Processing file /home/airflow/.local/lib/python3.7/site-packages/airflow/example_dags/example_branch_python_dop_operator_3.py for tasks to queue
[2022-12-17T04:26:50.737+0000] {logging_mixin.py:137} INFO - [2022-12-17T04:26:50.737+0000] {dagbag.py:538} INFO - Filling up the DagBag from /home/airflow/.local/lib/python3.7/site-packages/airflow/example_dags/example_branch_python_dop_operator_3.py
[2022-12-17T04:26:50.754+0000] {processor.py:753} INFO - DAG(s) dict_keys(['example_branch_dop_operator_v3']) retrieved from /home/airflow/.local/lib/python3.7/site-packages/airflow/example_dags/example_branch_python_dop_operator_3.py
[2022-12-17T04:26:50.782+0000] {logging_mixin.py:137} INFO - [2022-12-17T04:26:50.781+0000] {dag.py:2676} INFO - Sync 1 DAGs
[2022-12-17T04:26:50.806+0000] {logging_mixin.py:137} INFO - [2022-12-17T04:26:50.806+0000] {dag.py:3427} INFO - Setting next_dagrun for example_branch_dop_operator_v3 to 2022-12-17T04:25:00+00:00, run_after=2022-12-17T04:26:00+00:00
[2022-12-17T04:26:50.820+0000] {processor.py:175} INFO - Processing /home/airflow/.local/lib/python3.7/site-packages/airflow/example_dags/example_branch_python_dop_operator_3.py took 0.086 seconds
[2022-12-17T04:27:20.891+0000] {processor.py:153} INFO - Started process (PID=1504) to work on /home/airflow/.local/lib/python3.7/site-packages/airflow/example_dags/example_branch_python_dop_operator_3.py
[2022-12-17T04:27:20.891+0000] {processor.py:743} INFO - Processing file /home/airflow/.local/lib/python3.7/site-packages/airflow/example_dags/example_branch_python_dop_operator_3.py for tasks to queue
[2022-12-17T04:27:20.892+0000] {logging_mixin.py:137} INFO - [2022-12-17T04:27:20.892+0000] {dagbag.py:538} INFO - Filling up the DagBag from /home/airflow/.local/lib/python3.7/site-packages/airflow/example_dags/example_branch_python_dop_operator_3.py
[2022-12-17T04:27:20.912+0000] {processor.py:753} INFO - DAG(s) dict_keys(['example_branch_dop_operator_v3']) retrieved from /home/airflow/.local/lib/python3.7/site-packages/airflow/example_dags/example_branch_python_dop_operator_3.py
[2022-12-17T04:27:20.937+0000] {logging_mixin.py:137} INFO - [2022-12-17T04:27:20.937+0000] {dag.py:2676} INFO - Sync 1 DAGs
[2022-12-17T04:27:20.960+0000] {logging_mixin.py:137} INFO - [2022-12-17T04:27:20.960+0000] {dag.py:3427} INFO - Setting next_dagrun for example_branch_dop_operator_v3 to 2022-12-17T04:26:00+00:00, run_after=2022-12-17T04:27:00+00:00
[2022-12-17T04:27:20.972+0000] {processor.py:175} INFO - Processing /home/airflow/.local/lib/python3.7/site-packages/airflow/example_dags/example_branch_python_dop_operator_3.py took 0.084 seconds
[2022-12-17T04:27:51.353+0000] {processor.py:153} INFO - Started process (PID=1604) to work on /home/airflow/.local/lib/python3.7/site-packages/airflow/example_dags/example_branch_python_dop_operator_3.py
[2022-12-17T04:27:51.354+0000] {processor.py:743} INFO - Processing file /home/airflow/.local/lib/python3.7/site-packages/airflow/example_dags/example_branch_python_dop_operator_3.py for tasks to queue
[2022-12-17T04:27:51.354+0000] {logging_mixin.py:137} INFO - [2022-12-17T04:27:51.354+0000] {dagbag.py:538} INFO - Filling up the DagBag from /home/airflow/.local/lib/python3.7/site-packages/airflow/example_dags/example_branch_python_dop_operator_3.py
[2022-12-17T04:27:51.370+0000] {processor.py:753} INFO - DAG(s) dict_keys(['example_branch_dop_operator_v3']) retrieved from /home/airflow/.local/lib/python3.7/site-packages/airflow/example_dags/example_branch_python_dop_operator_3.py
[2022-12-17T04:27:51.397+0000] {logging_mixin.py:137} INFO - [2022-12-17T04:27:51.397+0000] {dag.py:2676} INFO - Sync 1 DAGs
[2022-12-17T04:27:51.420+0000] {logging_mixin.py:137} INFO - [2022-12-17T04:27:51.420+0000] {dag.py:3427} INFO - Setting next_dagrun for example_branch_dop_operator_v3 to 2022-12-17T04:26:00+00:00, run_after=2022-12-17T04:27:00+00:00
[2022-12-17T04:27:51.433+0000] {processor.py:175} INFO - Processing /home/airflow/.local/lib/python3.7/site-packages/airflow/example_dags/example_branch_python_dop_operator_3.py took 0.083 seconds
[2022-12-17T04:28:21.714+0000] {processor.py:153} INFO - Started process (PID=1683) to work on /home/airflow/.local/lib/python3.7/site-packages/airflow/example_dags/example_branch_python_dop_operator_3.py
[2022-12-17T04:28:21.715+0000] {processor.py:743} INFO - Processing file /home/airflow/.local/lib/python3.7/site-packages/airflow/example_dags/example_branch_python_dop_operator_3.py for tasks to queue
[2022-12-17T04:28:21.716+0000] {logging_mixin.py:137} INFO - [2022-12-17T04:28:21.716+0000] {dagbag.py:538} INFO - Filling up the DagBag from /home/airflow/.local/lib/python3.7/site-packages/airflow/example_dags/example_branch_python_dop_operator_3.py
[2022-12-17T04:28:21.734+0000] {processor.py:753} INFO - DAG(s) dict_keys(['example_branch_dop_operator_v3']) retrieved from /home/airflow/.local/lib/python3.7/site-packages/airflow/example_dags/example_branch_python_dop_operator_3.py
[2022-12-17T04:28:21.766+0000] {logging_mixin.py:137} INFO - [2022-12-17T04:28:21.766+0000] {dag.py:2676} INFO - Sync 1 DAGs
[2022-12-17T04:28:21.797+0000] {logging_mixin.py:137} INFO - [2022-12-17T04:28:21.797+0000] {dag.py:3427} INFO - Setting next_dagrun for example_branch_dop_operator_v3 to 2022-12-17T04:27:00+00:00, run_after=2022-12-17T04:28:00+00:00
[2022-12-17T04:28:21.817+0000] {processor.py:175} INFO - Processing /home/airflow/.local/lib/python3.7/site-packages/airflow/example_dags/example_branch_python_dop_operator_3.py took 0.107 seconds
[2022-12-17T04:28:51.853+0000] {processor.py:153} INFO - Started process (PID=1783) to work on /home/airflow/.local/lib/python3.7/site-packages/airflow/example_dags/example_branch_python_dop_operator_3.py
[2022-12-17T04:28:51.853+0000] {processor.py:743} INFO - Processing file /home/airflow/.local/lib/python3.7/site-packages/airflow/example_dags/example_branch_python_dop_operator_3.py for tasks to queue
[2022-12-17T04:28:51.854+0000] {logging_mixin.py:137} INFO - [2022-12-17T04:28:51.854+0000] {dagbag.py:538} INFO - Filling up the DagBag from /home/airflow/.local/lib/python3.7/site-packages/airflow/example_dags/example_branch_python_dop_operator_3.py
[2022-12-17T04:28:51.870+0000] {processor.py:753} INFO - DAG(s) dict_keys(['example_branch_dop_operator_v3']) retrieved from /home/airflow/.local/lib/python3.7/site-packages/airflow/example_dags/example_branch_python_dop_operator_3.py
[2022-12-17T04:28:51.901+0000] {logging_mixin.py:137} INFO - [2022-12-17T04:28:51.901+0000] {dag.py:2676} INFO - Sync 1 DAGs
[2022-12-17T04:28:51.926+0000] {logging_mixin.py:137} INFO - [2022-12-17T04:28:51.926+0000] {dag.py:3427} INFO - Setting next_dagrun for example_branch_dop_operator_v3 to 2022-12-17T04:27:00+00:00, run_after=2022-12-17T04:28:00+00:00
[2022-12-17T04:28:51.940+0000] {processor.py:175} INFO - Processing /home/airflow/.local/lib/python3.7/site-packages/airflow/example_dags/example_branch_python_dop_operator_3.py took 0.090 seconds
[2022-12-17T04:29:22.471+0000] {processor.py:153} INFO - Started process (PID=1882) to work on /home/airflow/.local/lib/python3.7/site-packages/airflow/example_dags/example_branch_python_dop_operator_3.py
[2022-12-17T04:29:22.473+0000] {processor.py:743} INFO - Processing file /home/airflow/.local/lib/python3.7/site-packages/airflow/example_dags/example_branch_python_dop_operator_3.py for tasks to queue
[2022-12-17T04:29:22.473+0000] {logging_mixin.py:137} INFO - [2022-12-17T04:29:22.473+0000] {dagbag.py:538} INFO - Filling up the DagBag from /home/airflow/.local/lib/python3.7/site-packages/airflow/example_dags/example_branch_python_dop_operator_3.py
[2022-12-17T04:29:22.518+0000] {processor.py:753} INFO - DAG(s) dict_keys(['example_branch_dop_operator_v3']) retrieved from /home/airflow/.local/lib/python3.7/site-packages/airflow/example_dags/example_branch_python_dop_operator_3.py
[2022-12-17T04:29:22.552+0000] {logging_mixin.py:137} INFO - [2022-12-17T04:29:22.552+0000] {dag.py:2676} INFO - Sync 1 DAGs
[2022-12-17T04:29:22.578+0000] {logging_mixin.py:137} INFO - [2022-12-17T04:29:22.578+0000] {dag.py:3427} INFO - Setting next_dagrun for example_branch_dop_operator_v3 to 2022-12-17T04:28:00+00:00, run_after=2022-12-17T04:29:00+00:00
[2022-12-17T04:29:22.593+0000] {processor.py:175} INFO - Processing /home/airflow/.local/lib/python3.7/site-packages/airflow/example_dags/example_branch_python_dop_operator_3.py took 0.127 seconds
[2022-12-17T04:29:52.704+0000] {processor.py:153} INFO - Started process (PID=1961) to work on /home/airflow/.local/lib/python3.7/site-packages/airflow/example_dags/example_branch_python_dop_operator_3.py
[2022-12-17T04:29:52.705+0000] {processor.py:743} INFO - Processing file /home/airflow/.local/lib/python3.7/site-packages/airflow/example_dags/example_branch_python_dop_operator_3.py for tasks to queue
[2022-12-17T04:29:52.706+0000] {logging_mixin.py:137} INFO - [2022-12-17T04:29:52.705+0000] {dagbag.py:538} INFO - Filling up the DagBag from /home/airflow/.local/lib/python3.7/site-packages/airflow/example_dags/example_branch_python_dop_operator_3.py
[2022-12-17T04:29:52.722+0000] {processor.py:753} INFO - DAG(s) dict_keys(['example_branch_dop_operator_v3']) retrieved from /home/airflow/.local/lib/python3.7/site-packages/airflow/example_dags/example_branch_python_dop_operator_3.py
[2022-12-17T04:29:52.753+0000] {logging_mixin.py:137} INFO - [2022-12-17T04:29:52.753+0000] {dag.py:2676} INFO - Sync 1 DAGs
[2022-12-17T04:29:52.775+0000] {logging_mixin.py:137} INFO - [2022-12-17T04:29:52.775+0000] {dag.py:3427} INFO - Setting next_dagrun for example_branch_dop_operator_v3 to 2022-12-17T04:28:00+00:00, run_after=2022-12-17T04:29:00+00:00
[2022-12-17T04:29:52.787+0000] {processor.py:175} INFO - Processing /home/airflow/.local/lib/python3.7/site-packages/airflow/example_dags/example_branch_python_dop_operator_3.py took 0.086 seconds
[2022-12-17T04:30:23.023+0000] {processor.py:153} INFO - Started process (PID=2060) to work on /home/airflow/.local/lib/python3.7/site-packages/airflow/example_dags/example_branch_python_dop_operator_3.py
[2022-12-17T04:30:23.023+0000] {processor.py:743} INFO - Processing file /home/airflow/.local/lib/python3.7/site-packages/airflow/example_dags/example_branch_python_dop_operator_3.py for tasks to queue
[2022-12-17T04:30:23.024+0000] {logging_mixin.py:137} INFO - [2022-12-17T04:30:23.023+0000] {dagbag.py:538} INFO - Filling up the DagBag from /home/airflow/.local/lib/python3.7/site-packages/airflow/example_dags/example_branch_python_dop_operator_3.py
[2022-12-17T04:30:23.042+0000] {processor.py:753} INFO - DAG(s) dict_keys(['example_branch_dop_operator_v3']) retrieved from /home/airflow/.local/lib/python3.7/site-packages/airflow/example_dags/example_branch_python_dop_operator_3.py
[2022-12-17T04:30:23.068+0000] {logging_mixin.py:137} INFO - [2022-12-17T04:30:23.068+0000] {dag.py:2676} INFO - Sync 1 DAGs
[2022-12-17T04:30:23.091+0000] {logging_mixin.py:137} INFO - [2022-12-17T04:30:23.091+0000] {dag.py:3427} INFO - Setting next_dagrun for example_branch_dop_operator_v3 to 2022-12-17T04:29:00+00:00, run_after=2022-12-17T04:30:00+00:00
[2022-12-17T04:30:23.103+0000] {processor.py:175} INFO - Processing /home/airflow/.local/lib/python3.7/site-packages/airflow/example_dags/example_branch_python_dop_operator_3.py took 0.083 seconds
[2022-12-17T04:30:53.294+0000] {processor.py:153} INFO - Started process (PID=2139) to work on /home/airflow/.local/lib/python3.7/site-packages/airflow/example_dags/example_branch_python_dop_operator_3.py
[2022-12-17T04:30:53.294+0000] {processor.py:743} INFO - Processing file /home/airflow/.local/lib/python3.7/site-packages/airflow/example_dags/example_branch_python_dop_operator_3.py for tasks to queue
[2022-12-17T04:30:53.295+0000] {logging_mixin.py:137} INFO - [2022-12-17T04:30:53.295+0000] {dagbag.py:538} INFO - Filling up the DagBag from /home/airflow/.local/lib/python3.7/site-packages/airflow/example_dags/example_branch_python_dop_operator_3.py
[2022-12-17T04:30:53.311+0000] {processor.py:753} INFO - DAG(s) dict_keys(['example_branch_dop_operator_v3']) retrieved from /home/airflow/.local/lib/python3.7/site-packages/airflow/example_dags/example_branch_python_dop_operator_3.py
[2022-12-17T04:30:53.335+0000] {logging_mixin.py:137} INFO - [2022-12-17T04:30:53.335+0000] {dag.py:2676} INFO - Sync 1 DAGs
[2022-12-17T04:30:53.359+0000] {logging_mixin.py:137} INFO - [2022-12-17T04:30:53.359+0000] {dag.py:3427} INFO - Setting next_dagrun for example_branch_dop_operator_v3 to 2022-12-17T04:29:00+00:00, run_after=2022-12-17T04:30:00+00:00
[2022-12-17T04:30:53.372+0000] {processor.py:175} INFO - Processing /home/airflow/.local/lib/python3.7/site-packages/airflow/example_dags/example_branch_python_dop_operator_3.py took 0.082 seconds
[2022-12-17T04:31:23.556+0000] {processor.py:153} INFO - Started process (PID=2238) to work on /home/airflow/.local/lib/python3.7/site-packages/airflow/example_dags/example_branch_python_dop_operator_3.py
[2022-12-17T04:31:23.557+0000] {processor.py:743} INFO - Processing file /home/airflow/.local/lib/python3.7/site-packages/airflow/example_dags/example_branch_python_dop_operator_3.py for tasks to queue
[2022-12-17T04:31:23.557+0000] {logging_mixin.py:137} INFO - [2022-12-17T04:31:23.557+0000] {dagbag.py:538} INFO - Filling up the DagBag from /home/airflow/.local/lib/python3.7/site-packages/airflow/example_dags/example_branch_python_dop_operator_3.py
[2022-12-17T04:31:23.575+0000] {processor.py:753} INFO - DAG(s) dict_keys(['example_branch_dop_operator_v3']) retrieved from /home/airflow/.local/lib/python3.7/site-packages/airflow/example_dags/example_branch_python_dop_operator_3.py
[2022-12-17T04:31:23.607+0000] {logging_mixin.py:137} INFO - [2022-12-17T04:31:23.607+0000] {dag.py:2676} INFO - Sync 1 DAGs
[2022-12-17T04:31:23.635+0000] {logging_mixin.py:137} INFO - [2022-12-17T04:31:23.634+0000] {dag.py:3427} INFO - Setting next_dagrun for example_branch_dop_operator_v3 to 2022-12-17T04:30:00+00:00, run_after=2022-12-17T04:31:00+00:00
[2022-12-17T04:31:23.650+0000] {processor.py:175} INFO - Processing /home/airflow/.local/lib/python3.7/site-packages/airflow/example_dags/example_branch_python_dop_operator_3.py took 0.096 seconds
[2022-12-17T04:31:54.103+0000] {processor.py:153} INFO - Started process (PID=2317) to work on /home/airflow/.local/lib/python3.7/site-packages/airflow/example_dags/example_branch_python_dop_operator_3.py
[2022-12-17T04:31:54.104+0000] {processor.py:743} INFO - Processing file /home/airflow/.local/lib/python3.7/site-packages/airflow/example_dags/example_branch_python_dop_operator_3.py for tasks to queue
[2022-12-17T04:31:54.104+0000] {logging_mixin.py:137} INFO - [2022-12-17T04:31:54.104+0000] {dagbag.py:538} INFO - Filling up the DagBag from /home/airflow/.local/lib/python3.7/site-packages/airflow/example_dags/example_branch_python_dop_operator_3.py
[2022-12-17T04:31:54.120+0000] {processor.py:753} INFO - DAG(s) dict_keys(['example_branch_dop_operator_v3']) retrieved from /home/airflow/.local/lib/python3.7/site-packages/airflow/example_dags/example_branch_python_dop_operator_3.py
[2022-12-17T04:31:54.156+0000] {logging_mixin.py:137} INFO - [2022-12-17T04:31:54.156+0000] {dag.py:2676} INFO - Sync 1 DAGs
[2022-12-17T04:31:54.179+0000] {logging_mixin.py:137} INFO - [2022-12-17T04:31:54.178+0000] {dag.py:3427} INFO - Setting next_dagrun for example_branch_dop_operator_v3 to 2022-12-17T04:30:00+00:00, run_after=2022-12-17T04:31:00+00:00
[2022-12-17T04:31:54.193+0000] {processor.py:175} INFO - Processing /home/airflow/.local/lib/python3.7/site-packages/airflow/example_dags/example_branch_python_dop_operator_3.py took 0.092 seconds
[2022-12-17T04:32:24.336+0000] {processor.py:153} INFO - Started process (PID=2417) to work on /home/airflow/.local/lib/python3.7/site-packages/airflow/example_dags/example_branch_python_dop_operator_3.py
[2022-12-17T04:32:24.337+0000] {processor.py:743} INFO - Processing file /home/airflow/.local/lib/python3.7/site-packages/airflow/example_dags/example_branch_python_dop_operator_3.py for tasks to queue
[2022-12-17T04:32:24.337+0000] {logging_mixin.py:137} INFO - [2022-12-17T04:32:24.337+0000] {dagbag.py:538} INFO - Filling up the DagBag from /home/airflow/.local/lib/python3.7/site-packages/airflow/example_dags/example_branch_python_dop_operator_3.py
[2022-12-17T04:32:24.353+0000] {processor.py:753} INFO - DAG(s) dict_keys(['example_branch_dop_operator_v3']) retrieved from /home/airflow/.local/lib/python3.7/site-packages/airflow/example_dags/example_branch_python_dop_operator_3.py
[2022-12-17T04:32:24.384+0000] {logging_mixin.py:137} INFO - [2022-12-17T04:32:24.384+0000] {dag.py:2676} INFO - Sync 1 DAGs
[2022-12-17T04:32:24.406+0000] {logging_mixin.py:137} INFO - [2022-12-17T04:32:24.406+0000] {dag.py:3427} INFO - Setting next_dagrun for example_branch_dop_operator_v3 to 2022-12-17T04:31:00+00:00, run_after=2022-12-17T04:32:00+00:00
[2022-12-17T04:32:24.422+0000] {processor.py:175} INFO - Processing /home/airflow/.local/lib/python3.7/site-packages/airflow/example_dags/example_branch_python_dop_operator_3.py took 0.089 seconds
[2022-12-17T04:32:54.712+0000] {processor.py:153} INFO - Started process (PID=2516) to work on /home/airflow/.local/lib/python3.7/site-packages/airflow/example_dags/example_branch_python_dop_operator_3.py
[2022-12-17T04:32:54.713+0000] {processor.py:743} INFO - Processing file /home/airflow/.local/lib/python3.7/site-packages/airflow/example_dags/example_branch_python_dop_operator_3.py for tasks to queue
[2022-12-17T04:32:54.714+0000] {logging_mixin.py:137} INFO - [2022-12-17T04:32:54.713+0000] {dagbag.py:538} INFO - Filling up the DagBag from /home/airflow/.local/lib/python3.7/site-packages/airflow/example_dags/example_branch_python_dop_operator_3.py
[2022-12-17T04:32:54.733+0000] {processor.py:753} INFO - DAG(s) dict_keys(['example_branch_dop_operator_v3']) retrieved from /home/airflow/.local/lib/python3.7/site-packages/airflow/example_dags/example_branch_python_dop_operator_3.py
[2022-12-17T04:32:54.760+0000] {logging_mixin.py:137} INFO - [2022-12-17T04:32:54.760+0000] {dag.py:2676} INFO - Sync 1 DAGs
[2022-12-17T04:32:54.784+0000] {logging_mixin.py:137} INFO - [2022-12-17T04:32:54.784+0000] {dag.py:3427} INFO - Setting next_dagrun for example_branch_dop_operator_v3 to 2022-12-17T04:31:00+00:00, run_after=2022-12-17T04:32:00+00:00
[2022-12-17T04:32:54.797+0000] {processor.py:175} INFO - Processing /home/airflow/.local/lib/python3.7/site-packages/airflow/example_dags/example_branch_python_dop_operator_3.py took 0.088 seconds
[2022-12-17T04:33:24.896+0000] {processor.py:153} INFO - Started process (PID=2596) to work on /home/airflow/.local/lib/python3.7/site-packages/airflow/example_dags/example_branch_python_dop_operator_3.py
[2022-12-17T04:33:24.896+0000] {processor.py:743} INFO - Processing file /home/airflow/.local/lib/python3.7/site-packages/airflow/example_dags/example_branch_python_dop_operator_3.py for tasks to queue
[2022-12-17T04:33:24.897+0000] {logging_mixin.py:137} INFO - [2022-12-17T04:33:24.897+0000] {dagbag.py:538} INFO - Filling up the DagBag from /home/airflow/.local/lib/python3.7/site-packages/airflow/example_dags/example_branch_python_dop_operator_3.py
[2022-12-17T04:33:24.913+0000] {processor.py:753} INFO - DAG(s) dict_keys(['example_branch_dop_operator_v3']) retrieved from /home/airflow/.local/lib/python3.7/site-packages/airflow/example_dags/example_branch_python_dop_operator_3.py
[2022-12-17T04:33:24.945+0000] {logging_mixin.py:137} INFO - [2022-12-17T04:33:24.945+0000] {dag.py:2676} INFO - Sync 1 DAGs
[2022-12-17T04:33:24.970+0000] {logging_mixin.py:137} INFO - [2022-12-17T04:33:24.970+0000] {dag.py:3427} INFO - Setting next_dagrun for example_branch_dop_operator_v3 to 2022-12-17T04:32:00+00:00, run_after=2022-12-17T04:33:00+00:00
[2022-12-17T04:33:24.983+0000] {processor.py:175} INFO - Processing /home/airflow/.local/lib/python3.7/site-packages/airflow/example_dags/example_branch_python_dop_operator_3.py took 0.089 seconds
[2022-12-17T04:33:55.554+0000] {processor.py:153} INFO - Started process (PID=2695) to work on /home/airflow/.local/lib/python3.7/site-packages/airflow/example_dags/example_branch_python_dop_operator_3.py
[2022-12-17T04:33:55.555+0000] {processor.py:743} INFO - Processing file /home/airflow/.local/lib/python3.7/site-packages/airflow/example_dags/example_branch_python_dop_operator_3.py for tasks to queue
[2022-12-17T04:33:55.556+0000] {logging_mixin.py:137} INFO - [2022-12-17T04:33:55.556+0000] {dagbag.py:538} INFO - Filling up the DagBag from /home/airflow/.local/lib/python3.7/site-packages/airflow/example_dags/example_branch_python_dop_operator_3.py
[2022-12-17T04:33:55.573+0000] {processor.py:753} INFO - DAG(s) dict_keys(['example_branch_dop_operator_v3']) retrieved from /home/airflow/.local/lib/python3.7/site-packages/airflow/example_dags/example_branch_python_dop_operator_3.py
[2022-12-17T04:33:55.601+0000] {logging_mixin.py:137} INFO - [2022-12-17T04:33:55.601+0000] {dag.py:2676} INFO - Sync 1 DAGs
[2022-12-17T04:33:55.626+0000] {logging_mixin.py:137} INFO - [2022-12-17T04:33:55.626+0000] {dag.py:3427} INFO - Setting next_dagrun for example_branch_dop_operator_v3 to 2022-12-17T04:32:00+00:00, run_after=2022-12-17T04:33:00+00:00
[2022-12-17T04:33:55.639+0000] {processor.py:175} INFO - Processing /home/airflow/.local/lib/python3.7/site-packages/airflow/example_dags/example_branch_python_dop_operator_3.py took 0.088 seconds
[2022-12-17T04:34:25.776+0000] {processor.py:153} INFO - Started process (PID=2774) to work on /home/airflow/.local/lib/python3.7/site-packages/airflow/example_dags/example_branch_python_dop_operator_3.py
[2022-12-17T04:34:25.776+0000] {processor.py:743} INFO - Processing file /home/airflow/.local/lib/python3.7/site-packages/airflow/example_dags/example_branch_python_dop_operator_3.py for tasks to queue
[2022-12-17T04:34:25.777+0000] {logging_mixin.py:137} INFO - [2022-12-17T04:34:25.776+0000] {dagbag.py:538} INFO - Filling up the DagBag from /home/airflow/.local/lib/python3.7/site-packages/airflow/example_dags/example_branch_python_dop_operator_3.py
[2022-12-17T04:34:25.794+0000] {processor.py:753} INFO - DAG(s) dict_keys(['example_branch_dop_operator_v3']) retrieved from /home/airflow/.local/lib/python3.7/site-packages/airflow/example_dags/example_branch_python_dop_operator_3.py
[2022-12-17T04:34:25.821+0000] {logging_mixin.py:137} INFO - [2022-12-17T04:34:25.821+0000] {dag.py:2676} INFO - Sync 1 DAGs
[2022-12-17T04:34:25.845+0000] {logging_mixin.py:137} INFO - [2022-12-17T04:34:25.845+0000] {dag.py:3427} INFO - Setting next_dagrun for example_branch_dop_operator_v3 to 2022-12-17T04:33:00+00:00, run_after=2022-12-17T04:34:00+00:00
[2022-12-17T04:34:25.860+0000] {processor.py:175} INFO - Processing /home/airflow/.local/lib/python3.7/site-packages/airflow/example_dags/example_branch_python_dop_operator_3.py took 0.086 seconds
[2022-12-17T04:34:56.051+0000] {processor.py:153} INFO - Started process (PID=2873) to work on /home/airflow/.local/lib/python3.7/site-packages/airflow/example_dags/example_branch_python_dop_operator_3.py
[2022-12-17T04:34:56.051+0000] {processor.py:743} INFO - Processing file /home/airflow/.local/lib/python3.7/site-packages/airflow/example_dags/example_branch_python_dop_operator_3.py for tasks to queue
[2022-12-17T04:34:56.052+0000] {logging_mixin.py:137} INFO - [2022-12-17T04:34:56.052+0000] {dagbag.py:538} INFO - Filling up the DagBag from /home/airflow/.local/lib/python3.7/site-packages/airflow/example_dags/example_branch_python_dop_operator_3.py
[2022-12-17T04:34:56.070+0000] {processor.py:753} INFO - DAG(s) dict_keys(['example_branch_dop_operator_v3']) retrieved from /home/airflow/.local/lib/python3.7/site-packages/airflow/example_dags/example_branch_python_dop_operator_3.py
[2022-12-17T04:34:56.098+0000] {logging_mixin.py:137} INFO - [2022-12-17T04:34:56.098+0000] {dag.py:2676} INFO - Sync 1 DAGs
[2022-12-17T04:34:56.121+0000] {logging_mixin.py:137} INFO - [2022-12-17T04:34:56.121+0000] {dag.py:3427} INFO - Setting next_dagrun for example_branch_dop_operator_v3 to 2022-12-17T04:33:00+00:00, run_after=2022-12-17T04:34:00+00:00
[2022-12-17T04:34:56.134+0000] {processor.py:175} INFO - Processing /home/airflow/.local/lib/python3.7/site-packages/airflow/example_dags/example_branch_python_dop_operator_3.py took 0.086 seconds
[2022-12-17T04:35:26.604+0000] {processor.py:153} INFO - Started process (PID=2952) to work on /home/airflow/.local/lib/python3.7/site-packages/airflow/example_dags/example_branch_python_dop_operator_3.py
[2022-12-17T04:35:26.605+0000] {processor.py:743} INFO - Processing file /home/airflow/.local/lib/python3.7/site-packages/airflow/example_dags/example_branch_python_dop_operator_3.py for tasks to queue
[2022-12-17T04:35:26.605+0000] {logging_mixin.py:137} INFO - [2022-12-17T04:35:26.605+0000] {dagbag.py:538} INFO - Filling up the DagBag from /home/airflow/.local/lib/python3.7/site-packages/airflow/example_dags/example_branch_python_dop_operator_3.py
[2022-12-17T04:35:26.623+0000] {processor.py:753} INFO - DAG(s) dict_keys(['example_branch_dop_operator_v3']) retrieved from /home/airflow/.local/lib/python3.7/site-packages/airflow/example_dags/example_branch_python_dop_operator_3.py
[2022-12-17T04:35:26.655+0000] {logging_mixin.py:137} INFO - [2022-12-17T04:35:26.655+0000] {dag.py:2676} INFO - Sync 1 DAGs
[2022-12-17T04:35:26.681+0000] {logging_mixin.py:137} INFO - [2022-12-17T04:35:26.681+0000] {dag.py:3427} INFO - Setting next_dagrun for example_branch_dop_operator_v3 to 2022-12-17T04:34:00+00:00, run_after=2022-12-17T04:35:00+00:00
[2022-12-17T04:35:26.696+0000] {processor.py:175} INFO - Processing /home/airflow/.local/lib/python3.7/site-packages/airflow/example_dags/example_branch_python_dop_operator_3.py took 0.095 seconds
[2022-12-17T04:35:57.176+0000] {processor.py:153} INFO - Started process (PID=3050) to work on /home/airflow/.local/lib/python3.7/site-packages/airflow/example_dags/example_branch_python_dop_operator_3.py
[2022-12-17T04:35:57.177+0000] {processor.py:743} INFO - Processing file /home/airflow/.local/lib/python3.7/site-packages/airflow/example_dags/example_branch_python_dop_operator_3.py for tasks to queue
[2022-12-17T04:35:57.177+0000] {logging_mixin.py:137} INFO - [2022-12-17T04:35:57.177+0000] {dagbag.py:538} INFO - Filling up the DagBag from /home/airflow/.local/lib/python3.7/site-packages/airflow/example_dags/example_branch_python_dop_operator_3.py
[2022-12-17T04:35:57.193+0000] {processor.py:753} INFO - DAG(s) dict_keys(['example_branch_dop_operator_v3']) retrieved from /home/airflow/.local/lib/python3.7/site-packages/airflow/example_dags/example_branch_python_dop_operator_3.py
[2022-12-17T04:35:57.218+0000] {logging_mixin.py:137} INFO - [2022-12-17T04:35:57.218+0000] {dag.py:2676} INFO - Sync 1 DAGs
[2022-12-17T04:35:57.241+0000] {logging_mixin.py:137} INFO - [2022-12-17T04:35:57.241+0000] {dag.py:3427} INFO - Setting next_dagrun for example_branch_dop_operator_v3 to 2022-12-17T04:34:00+00:00, run_after=2022-12-17T04:35:00+00:00
[2022-12-17T04:35:57.253+0000] {processor.py:175} INFO - Processing /home/airflow/.local/lib/python3.7/site-packages/airflow/example_dags/example_branch_python_dop_operator_3.py took 0.080 seconds
[2022-12-17T04:36:27.838+0000] {processor.py:153} INFO - Started process (PID=3149) to work on /home/airflow/.local/lib/python3.7/site-packages/airflow/example_dags/example_branch_python_dop_operator_3.py
[2022-12-17T04:36:27.839+0000] {processor.py:743} INFO - Processing file /home/airflow/.local/lib/python3.7/site-packages/airflow/example_dags/example_branch_python_dop_operator_3.py for tasks to queue
[2022-12-17T04:36:27.839+0000] {logging_mixin.py:137} INFO - [2022-12-17T04:36:27.839+0000] {dagbag.py:538} INFO - Filling up the DagBag from /home/airflow/.local/lib/python3.7/site-packages/airflow/example_dags/example_branch_python_dop_operator_3.py
[2022-12-17T04:36:27.859+0000] {processor.py:753} INFO - DAG(s) dict_keys(['example_branch_dop_operator_v3']) retrieved from /home/airflow/.local/lib/python3.7/site-packages/airflow/example_dags/example_branch_python_dop_operator_3.py
[2022-12-17T04:36:27.888+0000] {logging_mixin.py:137} INFO - [2022-12-17T04:36:27.887+0000] {dag.py:2676} INFO - Sync 1 DAGs
[2022-12-17T04:36:27.911+0000] {logging_mixin.py:137} INFO - [2022-12-17T04:36:27.911+0000] {dag.py:3427} INFO - Setting next_dagrun for example_branch_dop_operator_v3 to 2022-12-17T04:35:00+00:00, run_after=2022-12-17T04:36:00+00:00
[2022-12-17T04:36:27.925+0000] {processor.py:175} INFO - Processing /home/airflow/.local/lib/python3.7/site-packages/airflow/example_dags/example_branch_python_dop_operator_3.py took 0.090 seconds
[2022-12-17T04:36:58.091+0000] {processor.py:153} INFO - Started process (PID=3228) to work on /home/airflow/.local/lib/python3.7/site-packages/airflow/example_dags/example_branch_python_dop_operator_3.py
[2022-12-17T04:36:58.092+0000] {processor.py:743} INFO - Processing file /home/airflow/.local/lib/python3.7/site-packages/airflow/example_dags/example_branch_python_dop_operator_3.py for tasks to queue
[2022-12-17T04:36:58.092+0000] {logging_mixin.py:137} INFO - [2022-12-17T04:36:58.092+0000] {dagbag.py:538} INFO - Filling up the DagBag from /home/airflow/.local/lib/python3.7/site-packages/airflow/example_dags/example_branch_python_dop_operator_3.py
[2022-12-17T04:36:58.111+0000] {processor.py:753} INFO - DAG(s) dict_keys(['example_branch_dop_operator_v3']) retrieved from /home/airflow/.local/lib/python3.7/site-packages/airflow/example_dags/example_branch_python_dop_operator_3.py
[2022-12-17T04:36:58.141+0000] {logging_mixin.py:137} INFO - [2022-12-17T04:36:58.141+0000] {dag.py:2676} INFO - Sync 1 DAGs
[2022-12-17T04:36:58.166+0000] {logging_mixin.py:137} INFO - [2022-12-17T04:36:58.166+0000] {dag.py:3427} INFO - Setting next_dagrun for example_branch_dop_operator_v3 to 2022-12-17T04:35:00+00:00, run_after=2022-12-17T04:36:00+00:00
[2022-12-17T04:36:58.180+0000] {processor.py:175} INFO - Processing /home/airflow/.local/lib/python3.7/site-packages/airflow/example_dags/example_branch_python_dop_operator_3.py took 0.092 seconds
[2022-12-17T04:37:28.400+0000] {processor.py:153} INFO - Started process (PID=3327) to work on /home/airflow/.local/lib/python3.7/site-packages/airflow/example_dags/example_branch_python_dop_operator_3.py
[2022-12-17T04:37:28.401+0000] {processor.py:743} INFO - Processing file /home/airflow/.local/lib/python3.7/site-packages/airflow/example_dags/example_branch_python_dop_operator_3.py for tasks to queue
[2022-12-17T04:37:28.401+0000] {logging_mixin.py:137} INFO - [2022-12-17T04:37:28.401+0000] {dagbag.py:538} INFO - Filling up the DagBag from /home/airflow/.local/lib/python3.7/site-packages/airflow/example_dags/example_branch_python_dop_operator_3.py
[2022-12-17T04:37:28.419+0000] {processor.py:753} INFO - DAG(s) dict_keys(['example_branch_dop_operator_v3']) retrieved from /home/airflow/.local/lib/python3.7/site-packages/airflow/example_dags/example_branch_python_dop_operator_3.py
[2022-12-17T04:37:28.447+0000] {logging_mixin.py:137} INFO - [2022-12-17T04:37:28.447+0000] {dag.py:2676} INFO - Sync 1 DAGs
[2022-12-17T04:37:28.472+0000] {logging_mixin.py:137} INFO - [2022-12-17T04:37:28.472+0000] {dag.py:3427} INFO - Setting next_dagrun for example_branch_dop_operator_v3 to 2022-12-17T04:36:00+00:00, run_after=2022-12-17T04:37:00+00:00
[2022-12-17T04:37:28.486+0000] {processor.py:175} INFO - Processing /home/airflow/.local/lib/python3.7/site-packages/airflow/example_dags/example_branch_python_dop_operator_3.py took 0.088 seconds
[2022-12-17T04:37:58.832+0000] {processor.py:153} INFO - Started process (PID=3406) to work on /home/airflow/.local/lib/python3.7/site-packages/airflow/example_dags/example_branch_python_dop_operator_3.py
[2022-12-17T04:37:58.833+0000] {processor.py:743} INFO - Processing file /home/airflow/.local/lib/python3.7/site-packages/airflow/example_dags/example_branch_python_dop_operator_3.py for tasks to queue
[2022-12-17T04:37:58.834+0000] {logging_mixin.py:137} INFO - [2022-12-17T04:37:58.834+0000] {dagbag.py:538} INFO - Filling up the DagBag from /home/airflow/.local/lib/python3.7/site-packages/airflow/example_dags/example_branch_python_dop_operator_3.py
[2022-12-17T04:37:58.853+0000] {processor.py:753} INFO - DAG(s) dict_keys(['example_branch_dop_operator_v3']) retrieved from /home/airflow/.local/lib/python3.7/site-packages/airflow/example_dags/example_branch_python_dop_operator_3.py
[2022-12-17T04:37:58.885+0000] {logging_mixin.py:137} INFO - [2022-12-17T04:37:58.885+0000] {dag.py:2676} INFO - Sync 1 DAGs
[2022-12-17T04:37:58.908+0000] {logging_mixin.py:137} INFO - [2022-12-17T04:37:58.908+0000] {dag.py:3427} INFO - Setting next_dagrun for example_branch_dop_operator_v3 to 2022-12-17T04:36:00+00:00, run_after=2022-12-17T04:37:00+00:00
[2022-12-17T04:37:58.920+0000] {processor.py:175} INFO - Processing /home/airflow/.local/lib/python3.7/site-packages/airflow/example_dags/example_branch_python_dop_operator_3.py took 0.090 seconds
[2022-12-17T04:38:29.228+0000] {processor.py:153} INFO - Started process (PID=3505) to work on /home/airflow/.local/lib/python3.7/site-packages/airflow/example_dags/example_branch_python_dop_operator_3.py
[2022-12-17T04:38:29.228+0000] {processor.py:743} INFO - Processing file /home/airflow/.local/lib/python3.7/site-packages/airflow/example_dags/example_branch_python_dop_operator_3.py for tasks to queue
[2022-12-17T04:38:29.229+0000] {logging_mixin.py:137} INFO - [2022-12-17T04:38:29.229+0000] {dagbag.py:538} INFO - Filling up the DagBag from /home/airflow/.local/lib/python3.7/site-packages/airflow/example_dags/example_branch_python_dop_operator_3.py
[2022-12-17T04:38:29.245+0000] {processor.py:753} INFO - DAG(s) dict_keys(['example_branch_dop_operator_v3']) retrieved from /home/airflow/.local/lib/python3.7/site-packages/airflow/example_dags/example_branch_python_dop_operator_3.py
[2022-12-17T04:38:29.272+0000] {logging_mixin.py:137} INFO - [2022-12-17T04:38:29.272+0000] {dag.py:2676} INFO - Sync 1 DAGs
[2022-12-17T04:38:29.295+0000] {logging_mixin.py:137} INFO - [2022-12-17T04:38:29.295+0000] {dag.py:3427} INFO - Setting next_dagrun for example_branch_dop_operator_v3 to 2022-12-17T04:37:00+00:00, run_after=2022-12-17T04:38:00+00:00
[2022-12-17T04:38:29.309+0000] {processor.py:175} INFO - Processing /home/airflow/.local/lib/python3.7/site-packages/airflow/example_dags/example_branch_python_dop_operator_3.py took 0.085 seconds
[2022-12-17T04:38:59.580+0000] {processor.py:153} INFO - Started process (PID=3584) to work on /home/airflow/.local/lib/python3.7/site-packages/airflow/example_dags/example_branch_python_dop_operator_3.py
[2022-12-17T04:38:59.581+0000] {processor.py:743} INFO - Processing file /home/airflow/.local/lib/python3.7/site-packages/airflow/example_dags/example_branch_python_dop_operator_3.py for tasks to queue
[2022-12-17T04:38:59.582+0000] {logging_mixin.py:137} INFO - [2022-12-17T04:38:59.581+0000] {dagbag.py:538} INFO - Filling up the DagBag from /home/airflow/.local/lib/python3.7/site-packages/airflow/example_dags/example_branch_python_dop_operator_3.py
[2022-12-17T04:38:59.598+0000] {processor.py:753} INFO - DAG(s) dict_keys(['example_branch_dop_operator_v3']) retrieved from /home/airflow/.local/lib/python3.7/site-packages/airflow/example_dags/example_branch_python_dop_operator_3.py
[2022-12-17T04:38:59.667+0000] {logging_mixin.py:137} INFO - [2022-12-17T04:38:59.667+0000] {dag.py:2676} INFO - Sync 1 DAGs
[2022-12-17T04:38:59.697+0000] {logging_mixin.py:137} INFO - [2022-12-17T04:38:59.697+0000] {dag.py:3427} INFO - Setting next_dagrun for example_branch_dop_operator_v3 to 2022-12-17T04:37:00+00:00, run_after=2022-12-17T04:38:00+00:00
[2022-12-17T04:38:59.711+0000] {processor.py:175} INFO - Processing /home/airflow/.local/lib/python3.7/site-packages/airflow/example_dags/example_branch_python_dop_operator_3.py took 0.133 seconds
[2022-12-17T04:39:30.062+0000] {processor.py:153} INFO - Started process (PID=3683) to work on /home/airflow/.local/lib/python3.7/site-packages/airflow/example_dags/example_branch_python_dop_operator_3.py
[2022-12-17T04:39:30.063+0000] {processor.py:743} INFO - Processing file /home/airflow/.local/lib/python3.7/site-packages/airflow/example_dags/example_branch_python_dop_operator_3.py for tasks to queue
[2022-12-17T04:39:30.063+0000] {logging_mixin.py:137} INFO - [2022-12-17T04:39:30.063+0000] {dagbag.py:538} INFO - Filling up the DagBag from /home/airflow/.local/lib/python3.7/site-packages/airflow/example_dags/example_branch_python_dop_operator_3.py
[2022-12-17T04:39:30.084+0000] {processor.py:753} INFO - DAG(s) dict_keys(['example_branch_dop_operator_v3']) retrieved from /home/airflow/.local/lib/python3.7/site-packages/airflow/example_dags/example_branch_python_dop_operator_3.py
[2022-12-17T04:39:30.128+0000] {logging_mixin.py:137} INFO - [2022-12-17T04:39:30.128+0000] {dag.py:2676} INFO - Sync 1 DAGs
[2022-12-17T04:39:30.152+0000] {logging_mixin.py:137} INFO - [2022-12-17T04:39:30.152+0000] {dag.py:3427} INFO - Setting next_dagrun for example_branch_dop_operator_v3 to 2022-12-17T04:38:00+00:00, run_after=2022-12-17T04:39:00+00:00
[2022-12-17T04:39:30.166+0000] {processor.py:175} INFO - Processing /home/airflow/.local/lib/python3.7/site-packages/airflow/example_dags/example_branch_python_dop_operator_3.py took 0.106 seconds
[2022-12-17T04:40:00.498+0000] {processor.py:153} INFO - Started process (PID=3771) to work on /home/airflow/.local/lib/python3.7/site-packages/airflow/example_dags/example_branch_python_dop_operator_3.py
[2022-12-17T04:40:00.498+0000] {processor.py:743} INFO - Processing file /home/airflow/.local/lib/python3.7/site-packages/airflow/example_dags/example_branch_python_dop_operator_3.py for tasks to queue
[2022-12-17T04:40:00.499+0000] {logging_mixin.py:137} INFO - [2022-12-17T04:40:00.499+0000] {dagbag.py:538} INFO - Filling up the DagBag from /home/airflow/.local/lib/python3.7/site-packages/airflow/example_dags/example_branch_python_dop_operator_3.py
[2022-12-17T04:40:00.523+0000] {processor.py:753} INFO - DAG(s) dict_keys(['example_branch_dop_operator_v3']) retrieved from /home/airflow/.local/lib/python3.7/site-packages/airflow/example_dags/example_branch_python_dop_operator_3.py
[2022-12-17T04:40:00.571+0000] {logging_mixin.py:137} INFO - [2022-12-17T04:40:00.570+0000] {dag.py:2676} INFO - Sync 1 DAGs
[2022-12-17T04:40:00.596+0000] {logging_mixin.py:137} INFO - [2022-12-17T04:40:00.596+0000] {dag.py:3427} INFO - Setting next_dagrun for example_branch_dop_operator_v3 to 2022-12-17T04:39:00+00:00, run_after=2022-12-17T04:40:00+00:00
[2022-12-17T04:40:00.613+0000] {processor.py:175} INFO - Processing /home/airflow/.local/lib/python3.7/site-packages/airflow/example_dags/example_branch_python_dop_operator_3.py took 0.118 seconds
[2022-12-17T04:40:30.917+0000] {processor.py:153} INFO - Started process (PID=3862) to work on /home/airflow/.local/lib/python3.7/site-packages/airflow/example_dags/example_branch_python_dop_operator_3.py
[2022-12-17T04:40:30.917+0000] {processor.py:743} INFO - Processing file /home/airflow/.local/lib/python3.7/site-packages/airflow/example_dags/example_branch_python_dop_operator_3.py for tasks to queue
[2022-12-17T04:40:30.918+0000] {logging_mixin.py:137} INFO - [2022-12-17T04:40:30.918+0000] {dagbag.py:538} INFO - Filling up the DagBag from /home/airflow/.local/lib/python3.7/site-packages/airflow/example_dags/example_branch_python_dop_operator_3.py
[2022-12-17T04:40:30.936+0000] {processor.py:753} INFO - DAG(s) dict_keys(['example_branch_dop_operator_v3']) retrieved from /home/airflow/.local/lib/python3.7/site-packages/airflow/example_dags/example_branch_python_dop_operator_3.py
[2022-12-17T04:40:30.968+0000] {logging_mixin.py:137} INFO - [2022-12-17T04:40:30.968+0000] {dag.py:2676} INFO - Sync 1 DAGs
[2022-12-17T04:40:30.993+0000] {logging_mixin.py:137} INFO - [2022-12-17T04:40:30.993+0000] {dag.py:3427} INFO - Setting next_dagrun for example_branch_dop_operator_v3 to 2022-12-17T04:39:00+00:00, run_after=2022-12-17T04:40:00+00:00
[2022-12-17T04:40:31.011+0000] {processor.py:175} INFO - Processing /home/airflow/.local/lib/python3.7/site-packages/airflow/example_dags/example_branch_python_dop_operator_3.py took 0.097 seconds
[2022-12-17T04:41:01.111+0000] {processor.py:153} INFO - Started process (PID=3961) to work on /home/airflow/.local/lib/python3.7/site-packages/airflow/example_dags/example_branch_python_dop_operator_3.py
[2022-12-17T04:41:01.112+0000] {processor.py:743} INFO - Processing file /home/airflow/.local/lib/python3.7/site-packages/airflow/example_dags/example_branch_python_dop_operator_3.py for tasks to queue
[2022-12-17T04:41:01.113+0000] {logging_mixin.py:137} INFO - [2022-12-17T04:41:01.112+0000] {dagbag.py:538} INFO - Filling up the DagBag from /home/airflow/.local/lib/python3.7/site-packages/airflow/example_dags/example_branch_python_dop_operator_3.py
[2022-12-17T04:41:01.130+0000] {processor.py:753} INFO - DAG(s) dict_keys(['example_branch_dop_operator_v3']) retrieved from /home/airflow/.local/lib/python3.7/site-packages/airflow/example_dags/example_branch_python_dop_operator_3.py
[2022-12-17T04:41:01.160+0000] {logging_mixin.py:137} INFO - [2022-12-17T04:41:01.160+0000] {dag.py:2676} INFO - Sync 1 DAGs
[2022-12-17T04:41:01.184+0000] {logging_mixin.py:137} INFO - [2022-12-17T04:41:01.184+0000] {dag.py:3427} INFO - Setting next_dagrun for example_branch_dop_operator_v3 to 2022-12-17T04:40:00+00:00, run_after=2022-12-17T04:41:00+00:00
[2022-12-17T04:41:01.198+0000] {processor.py:175} INFO - Processing /home/airflow/.local/lib/python3.7/site-packages/airflow/example_dags/example_branch_python_dop_operator_3.py took 0.091 seconds
[2022-12-17T04:41:31.518+0000] {processor.py:153} INFO - Started process (PID=4040) to work on /home/airflow/.local/lib/python3.7/site-packages/airflow/example_dags/example_branch_python_dop_operator_3.py
[2022-12-17T04:41:31.519+0000] {processor.py:743} INFO - Processing file /home/airflow/.local/lib/python3.7/site-packages/airflow/example_dags/example_branch_python_dop_operator_3.py for tasks to queue
[2022-12-17T04:41:31.520+0000] {logging_mixin.py:137} INFO - [2022-12-17T04:41:31.519+0000] {dagbag.py:538} INFO - Filling up the DagBag from /home/airflow/.local/lib/python3.7/site-packages/airflow/example_dags/example_branch_python_dop_operator_3.py
[2022-12-17T04:41:31.538+0000] {processor.py:753} INFO - DAG(s) dict_keys(['example_branch_dop_operator_v3']) retrieved from /home/airflow/.local/lib/python3.7/site-packages/airflow/example_dags/example_branch_python_dop_operator_3.py
[2022-12-17T04:41:31.564+0000] {logging_mixin.py:137} INFO - [2022-12-17T04:41:31.564+0000] {dag.py:2676} INFO - Sync 1 DAGs
[2022-12-17T04:41:31.585+0000] {logging_mixin.py:137} INFO - [2022-12-17T04:41:31.585+0000] {dag.py:3427} INFO - Setting next_dagrun for example_branch_dop_operator_v3 to 2022-12-17T04:40:00+00:00, run_after=2022-12-17T04:41:00+00:00
[2022-12-17T04:41:31.596+0000] {processor.py:175} INFO - Processing /home/airflow/.local/lib/python3.7/site-packages/airflow/example_dags/example_branch_python_dop_operator_3.py took 0.081 seconds
[2022-12-17T04:42:01.760+0000] {processor.py:153} INFO - Started process (PID=4140) to work on /home/airflow/.local/lib/python3.7/site-packages/airflow/example_dags/example_branch_python_dop_operator_3.py
[2022-12-17T04:42:01.760+0000] {processor.py:743} INFO - Processing file /home/airflow/.local/lib/python3.7/site-packages/airflow/example_dags/example_branch_python_dop_operator_3.py for tasks to queue
[2022-12-17T04:42:01.761+0000] {logging_mixin.py:137} INFO - [2022-12-17T04:42:01.761+0000] {dagbag.py:538} INFO - Filling up the DagBag from /home/airflow/.local/lib/python3.7/site-packages/airflow/example_dags/example_branch_python_dop_operator_3.py
[2022-12-17T04:42:01.778+0000] {processor.py:753} INFO - DAG(s) dict_keys(['example_branch_dop_operator_v3']) retrieved from /home/airflow/.local/lib/python3.7/site-packages/airflow/example_dags/example_branch_python_dop_operator_3.py
[2022-12-17T04:42:01.809+0000] {logging_mixin.py:137} INFO - [2022-12-17T04:42:01.809+0000] {dag.py:2676} INFO - Sync 1 DAGs
[2022-12-17T04:42:01.838+0000] {logging_mixin.py:137} INFO - [2022-12-17T04:42:01.838+0000] {dag.py:3427} INFO - Setting next_dagrun for example_branch_dop_operator_v3 to 2022-12-17T04:41:00+00:00, run_after=2022-12-17T04:42:00+00:00
[2022-12-17T04:42:01.857+0000] {processor.py:175} INFO - Processing /home/airflow/.local/lib/python3.7/site-packages/airflow/example_dags/example_branch_python_dop_operator_3.py took 0.101 seconds
[2022-12-17T04:42:32.133+0000] {processor.py:153} INFO - Started process (PID=4219) to work on /home/airflow/.local/lib/python3.7/site-packages/airflow/example_dags/example_branch_python_dop_operator_3.py
[2022-12-17T04:42:32.133+0000] {processor.py:743} INFO - Processing file /home/airflow/.local/lib/python3.7/site-packages/airflow/example_dags/example_branch_python_dop_operator_3.py for tasks to queue
[2022-12-17T04:42:32.133+0000] {logging_mixin.py:137} INFO - [2022-12-17T04:42:32.133+0000] {dagbag.py:538} INFO - Filling up the DagBag from /home/airflow/.local/lib/python3.7/site-packages/airflow/example_dags/example_branch_python_dop_operator_3.py
[2022-12-17T04:42:32.152+0000] {processor.py:753} INFO - DAG(s) dict_keys(['example_branch_dop_operator_v3']) retrieved from /home/airflow/.local/lib/python3.7/site-packages/airflow/example_dags/example_branch_python_dop_operator_3.py
[2022-12-17T04:42:32.182+0000] {logging_mixin.py:137} INFO - [2022-12-17T04:42:32.182+0000] {dag.py:2676} INFO - Sync 1 DAGs
[2022-12-17T04:42:32.206+0000] {logging_mixin.py:137} INFO - [2022-12-17T04:42:32.206+0000] {dag.py:3427} INFO - Setting next_dagrun for example_branch_dop_operator_v3 to 2022-12-17T04:41:00+00:00, run_after=2022-12-17T04:42:00+00:00
[2022-12-17T04:42:32.220+0000] {processor.py:175} INFO - Processing /home/airflow/.local/lib/python3.7/site-packages/airflow/example_dags/example_branch_python_dop_operator_3.py took 0.089 seconds
[2022-12-17T04:43:02.718+0000] {processor.py:153} INFO - Started process (PID=4319) to work on /home/airflow/.local/lib/python3.7/site-packages/airflow/example_dags/example_branch_python_dop_operator_3.py
[2022-12-17T04:43:02.719+0000] {processor.py:743} INFO - Processing file /home/airflow/.local/lib/python3.7/site-packages/airflow/example_dags/example_branch_python_dop_operator_3.py for tasks to queue
[2022-12-17T04:43:02.719+0000] {logging_mixin.py:137} INFO - [2022-12-17T04:43:02.719+0000] {dagbag.py:538} INFO - Filling up the DagBag from /home/airflow/.local/lib/python3.7/site-packages/airflow/example_dags/example_branch_python_dop_operator_3.py
[2022-12-17T04:43:02.738+0000] {processor.py:753} INFO - DAG(s) dict_keys(['example_branch_dop_operator_v3']) retrieved from /home/airflow/.local/lib/python3.7/site-packages/airflow/example_dags/example_branch_python_dop_operator_3.py
[2022-12-17T04:43:02.773+0000] {logging_mixin.py:137} INFO - [2022-12-17T04:43:02.773+0000] {dag.py:2676} INFO - Sync 1 DAGs
[2022-12-17T04:43:02.795+0000] {logging_mixin.py:137} INFO - [2022-12-17T04:43:02.795+0000] {dag.py:3427} INFO - Setting next_dagrun for example_branch_dop_operator_v3 to 2022-12-17T04:42:00+00:00, run_after=2022-12-17T04:43:00+00:00
[2022-12-17T04:43:02.809+0000] {processor.py:175} INFO - Processing /home/airflow/.local/lib/python3.7/site-packages/airflow/example_dags/example_branch_python_dop_operator_3.py took 0.094 seconds
[2022-12-17T04:43:33.027+0000] {processor.py:153} INFO - Started process (PID=4398) to work on /home/airflow/.local/lib/python3.7/site-packages/airflow/example_dags/example_branch_python_dop_operator_3.py
[2022-12-17T04:43:33.028+0000] {processor.py:743} INFO - Processing file /home/airflow/.local/lib/python3.7/site-packages/airflow/example_dags/example_branch_python_dop_operator_3.py for tasks to queue
[2022-12-17T04:43:33.028+0000] {logging_mixin.py:137} INFO - [2022-12-17T04:43:33.028+0000] {dagbag.py:538} INFO - Filling up the DagBag from /home/airflow/.local/lib/python3.7/site-packages/airflow/example_dags/example_branch_python_dop_operator_3.py
[2022-12-17T04:43:33.050+0000] {processor.py:753} INFO - DAG(s) dict_keys(['example_branch_dop_operator_v3']) retrieved from /home/airflow/.local/lib/python3.7/site-packages/airflow/example_dags/example_branch_python_dop_operator_3.py
[2022-12-17T04:43:33.082+0000] {logging_mixin.py:137} INFO - [2022-12-17T04:43:33.082+0000] {dag.py:2676} INFO - Sync 1 DAGs
[2022-12-17T04:43:33.107+0000] {logging_mixin.py:137} INFO - [2022-12-17T04:43:33.107+0000] {dag.py:3427} INFO - Setting next_dagrun for example_branch_dop_operator_v3 to 2022-12-17T04:42:00+00:00, run_after=2022-12-17T04:43:00+00:00
[2022-12-17T04:43:33.120+0000] {processor.py:175} INFO - Processing /home/airflow/.local/lib/python3.7/site-packages/airflow/example_dags/example_branch_python_dop_operator_3.py took 0.095 seconds
[2022-12-17T04:44:03.218+0000] {processor.py:153} INFO - Started process (PID=4498) to work on /home/airflow/.local/lib/python3.7/site-packages/airflow/example_dags/example_branch_python_dop_operator_3.py
[2022-12-17T04:44:03.219+0000] {processor.py:743} INFO - Processing file /home/airflow/.local/lib/python3.7/site-packages/airflow/example_dags/example_branch_python_dop_operator_3.py for tasks to queue
[2022-12-17T04:44:03.220+0000] {logging_mixin.py:137} INFO - [2022-12-17T04:44:03.220+0000] {dagbag.py:538} INFO - Filling up the DagBag from /home/airflow/.local/lib/python3.7/site-packages/airflow/example_dags/example_branch_python_dop_operator_3.py
[2022-12-17T04:44:03.237+0000] {processor.py:753} INFO - DAG(s) dict_keys(['example_branch_dop_operator_v3']) retrieved from /home/airflow/.local/lib/python3.7/site-packages/airflow/example_dags/example_branch_python_dop_operator_3.py
[2022-12-17T04:44:03.267+0000] {logging_mixin.py:137} INFO - [2022-12-17T04:44:03.267+0000] {dag.py:2676} INFO - Sync 1 DAGs
[2022-12-17T04:44:03.290+0000] {logging_mixin.py:137} INFO - [2022-12-17T04:44:03.290+0000] {dag.py:3427} INFO - Setting next_dagrun for example_branch_dop_operator_v3 to 2022-12-17T04:43:00+00:00, run_after=2022-12-17T04:44:00+00:00
[2022-12-17T04:44:03.302+0000] {processor.py:175} INFO - Processing /home/airflow/.local/lib/python3.7/site-packages/airflow/example_dags/example_branch_python_dop_operator_3.py took 0.087 seconds
[2022-12-17T04:44:33.639+0000] {processor.py:153} INFO - Started process (PID=4597) to work on /home/airflow/.local/lib/python3.7/site-packages/airflow/example_dags/example_branch_python_dop_operator_3.py
[2022-12-17T04:44:33.640+0000] {processor.py:743} INFO - Processing file /home/airflow/.local/lib/python3.7/site-packages/airflow/example_dags/example_branch_python_dop_operator_3.py for tasks to queue
[2022-12-17T04:44:33.640+0000] {logging_mixin.py:137} INFO - [2022-12-17T04:44:33.640+0000] {dagbag.py:538} INFO - Filling up the DagBag from /home/airflow/.local/lib/python3.7/site-packages/airflow/example_dags/example_branch_python_dop_operator_3.py
[2022-12-17T04:44:33.658+0000] {processor.py:753} INFO - DAG(s) dict_keys(['example_branch_dop_operator_v3']) retrieved from /home/airflow/.local/lib/python3.7/site-packages/airflow/example_dags/example_branch_python_dop_operator_3.py
[2022-12-17T04:44:33.688+0000] {logging_mixin.py:137} INFO - [2022-12-17T04:44:33.688+0000] {dag.py:2676} INFO - Sync 1 DAGs
[2022-12-17T04:44:33.719+0000] {logging_mixin.py:137} INFO - [2022-12-17T04:44:33.719+0000] {dag.py:3427} INFO - Setting next_dagrun for example_branch_dop_operator_v3 to 2022-12-17T04:43:00+00:00, run_after=2022-12-17T04:44:00+00:00
[2022-12-17T04:44:33.737+0000] {processor.py:175} INFO - Processing /home/airflow/.local/lib/python3.7/site-packages/airflow/example_dags/example_branch_python_dop_operator_3.py took 0.100 seconds
[2022-12-17T04:45:03.850+0000] {processor.py:153} INFO - Started process (PID=4676) to work on /home/airflow/.local/lib/python3.7/site-packages/airflow/example_dags/example_branch_python_dop_operator_3.py
[2022-12-17T04:45:03.850+0000] {processor.py:743} INFO - Processing file /home/airflow/.local/lib/python3.7/site-packages/airflow/example_dags/example_branch_python_dop_operator_3.py for tasks to queue
[2022-12-17T04:45:03.851+0000] {logging_mixin.py:137} INFO - [2022-12-17T04:45:03.851+0000] {dagbag.py:538} INFO - Filling up the DagBag from /home/airflow/.local/lib/python3.7/site-packages/airflow/example_dags/example_branch_python_dop_operator_3.py
[2022-12-17T04:45:03.871+0000] {processor.py:753} INFO - DAG(s) dict_keys(['example_branch_dop_operator_v3']) retrieved from /home/airflow/.local/lib/python3.7/site-packages/airflow/example_dags/example_branch_python_dop_operator_3.py
[2022-12-17T04:45:03.902+0000] {logging_mixin.py:137} INFO - [2022-12-17T04:45:03.902+0000] {dag.py:2676} INFO - Sync 1 DAGs
[2022-12-17T04:45:03.926+0000] {logging_mixin.py:137} INFO - [2022-12-17T04:45:03.926+0000] {dag.py:3427} INFO - Setting next_dagrun for example_branch_dop_operator_v3 to 2022-12-17T04:44:00+00:00, run_after=2022-12-17T04:45:00+00:00
[2022-12-17T04:45:03.940+0000] {processor.py:175} INFO - Processing /home/airflow/.local/lib/python3.7/site-packages/airflow/example_dags/example_branch_python_dop_operator_3.py took 0.092 seconds
