[2022-12-17T04:19:16.230+0000] {processor.py:153} INFO - Started process (PID=68) to work on /home/airflow/.local/lib/python3.7/site-packages/airflow/example_dags/example_external_task_marker_dag.py
[2022-12-17T04:19:16.230+0000] {processor.py:743} INFO - Processing file /home/airflow/.local/lib/python3.7/site-packages/airflow/example_dags/example_external_task_marker_dag.py for tasks to queue
[2022-12-17T04:19:16.231+0000] {logging_mixin.py:137} INFO - [2022-12-17T04:19:16.231+0000] {dagbag.py:538} INFO - Filling up the DagBag from /home/airflow/.local/lib/python3.7/site-packages/airflow/example_dags/example_external_task_marker_dag.py
[2022-12-17T04:19:16.242+0000] {processor.py:753} INFO - DAG(s) dict_keys(['example_external_task_marker_parent', 'example_external_task_marker_child']) retrieved from /home/airflow/.local/lib/python3.7/site-packages/airflow/example_dags/example_external_task_marker_dag.py
[2022-12-17T04:19:16.363+0000] {logging_mixin.py:137} INFO - [2022-12-17T04:19:16.363+0000] {manager.py:504} INFO - Created Permission View: can read on DAG:example_external_task_marker_parent
[2022-12-17T04:19:16.372+0000] {logging_mixin.py:137} INFO - [2022-12-17T04:19:16.371+0000] {manager.py:504} INFO - Created Permission View: can delete on DAG:example_external_task_marker_parent
[2022-12-17T04:19:16.376+0000] {logging_mixin.py:137} INFO - [2022-12-17T04:19:16.376+0000] {manager.py:504} INFO - Created Permission View: can edit on DAG:example_external_task_marker_parent
[2022-12-17T04:19:16.387+0000] {logging_mixin.py:137} INFO - [2022-12-17T04:19:16.387+0000] {manager.py:504} INFO - Created Permission View: can read on DAG:example_external_task_marker_child
[2022-12-17T04:19:16.393+0000] {logging_mixin.py:137} INFO - [2022-12-17T04:19:16.392+0000] {manager.py:504} INFO - Created Permission View: can delete on DAG:example_external_task_marker_child
[2022-12-17T04:19:16.398+0000] {logging_mixin.py:137} INFO - [2022-12-17T04:19:16.398+0000] {manager.py:504} INFO - Created Permission View: can edit on DAG:example_external_task_marker_child
[2022-12-17T04:19:16.399+0000] {logging_mixin.py:137} INFO - [2022-12-17T04:19:16.399+0000] {dag.py:2676} INFO - Sync 2 DAGs
[2022-12-17T04:19:16.414+0000] {logging_mixin.py:137} INFO - [2022-12-17T04:19:16.414+0000] {dag.py:2697} INFO - Creating ORM DAG for example_external_task_marker_child
[2022-12-17T04:19:16.414+0000] {logging_mixin.py:137} INFO - [2022-12-17T04:19:16.414+0000] {dag.py:2697} INFO - Creating ORM DAG for example_external_task_marker_parent
[2022-12-17T04:19:16.425+0000] {logging_mixin.py:137} INFO - [2022-12-17T04:19:16.425+0000] {dag.py:3427} INFO - Setting next_dagrun for example_external_task_marker_child to None, run_after=None
[2022-12-17T04:19:16.426+0000] {logging_mixin.py:137} INFO - [2022-12-17T04:19:16.426+0000] {dag.py:3427} INFO - Setting next_dagrun for example_external_task_marker_parent to None, run_after=None
[2022-12-17T04:19:16.445+0000] {processor.py:175} INFO - Processing /home/airflow/.local/lib/python3.7/site-packages/airflow/example_dags/example_external_task_marker_dag.py took 0.219 seconds
[2022-12-17T04:19:47.310+0000] {processor.py:153} INFO - Started process (PID=167) to work on /home/airflow/.local/lib/python3.7/site-packages/airflow/example_dags/example_external_task_marker_dag.py
[2022-12-17T04:19:47.311+0000] {processor.py:743} INFO - Processing file /home/airflow/.local/lib/python3.7/site-packages/airflow/example_dags/example_external_task_marker_dag.py for tasks to queue
[2022-12-17T04:19:47.311+0000] {logging_mixin.py:137} INFO - [2022-12-17T04:19:47.311+0000] {dagbag.py:538} INFO - Filling up the DagBag from /home/airflow/.local/lib/python3.7/site-packages/airflow/example_dags/example_external_task_marker_dag.py
[2022-12-17T04:19:47.321+0000] {processor.py:753} INFO - DAG(s) dict_keys(['example_external_task_marker_child', 'example_external_task_marker_parent']) retrieved from /home/airflow/.local/lib/python3.7/site-packages/airflow/example_dags/example_external_task_marker_dag.py
[2022-12-17T04:19:47.348+0000] {logging_mixin.py:137} INFO - [2022-12-17T04:19:47.348+0000] {dag.py:2676} INFO - Sync 2 DAGs
[2022-12-17T04:19:47.367+0000] {logging_mixin.py:137} INFO - [2022-12-17T04:19:47.367+0000] {dag.py:3427} INFO - Setting next_dagrun for example_external_task_marker_child to None, run_after=None
[2022-12-17T04:19:47.369+0000] {logging_mixin.py:137} INFO - [2022-12-17T04:19:47.369+0000] {dag.py:3427} INFO - Setting next_dagrun for example_external_task_marker_parent to None, run_after=None
[2022-12-17T04:19:47.379+0000] {processor.py:175} INFO - Processing /home/airflow/.local/lib/python3.7/site-packages/airflow/example_dags/example_external_task_marker_dag.py took 0.072 seconds
[2022-12-17T04:20:17.497+0000] {processor.py:153} INFO - Started process (PID=266) to work on /home/airflow/.local/lib/python3.7/site-packages/airflow/example_dags/example_external_task_marker_dag.py
[2022-12-17T04:20:17.498+0000] {processor.py:743} INFO - Processing file /home/airflow/.local/lib/python3.7/site-packages/airflow/example_dags/example_external_task_marker_dag.py for tasks to queue
[2022-12-17T04:20:17.498+0000] {logging_mixin.py:137} INFO - [2022-12-17T04:20:17.498+0000] {dagbag.py:538} INFO - Filling up the DagBag from /home/airflow/.local/lib/python3.7/site-packages/airflow/example_dags/example_external_task_marker_dag.py
[2022-12-17T04:20:17.508+0000] {processor.py:753} INFO - DAG(s) dict_keys(['example_external_task_marker_parent', 'example_external_task_marker_child']) retrieved from /home/airflow/.local/lib/python3.7/site-packages/airflow/example_dags/example_external_task_marker_dag.py
[2022-12-17T04:20:17.537+0000] {logging_mixin.py:137} INFO - [2022-12-17T04:20:17.537+0000] {dag.py:2676} INFO - Sync 2 DAGs
[2022-12-17T04:20:17.557+0000] {logging_mixin.py:137} INFO - [2022-12-17T04:20:17.557+0000] {dag.py:3427} INFO - Setting next_dagrun for example_external_task_marker_child to None, run_after=None
[2022-12-17T04:20:17.559+0000] {logging_mixin.py:137} INFO - [2022-12-17T04:20:17.559+0000] {dag.py:3427} INFO - Setting next_dagrun for example_external_task_marker_parent to None, run_after=None
[2022-12-17T04:20:17.570+0000] {processor.py:175} INFO - Processing /home/airflow/.local/lib/python3.7/site-packages/airflow/example_dags/example_external_task_marker_dag.py took 0.077 seconds
[2022-12-17T04:20:47.734+0000] {processor.py:153} INFO - Started process (PID=345) to work on /home/airflow/.local/lib/python3.7/site-packages/airflow/example_dags/example_external_task_marker_dag.py
[2022-12-17T04:20:47.735+0000] {processor.py:743} INFO - Processing file /home/airflow/.local/lib/python3.7/site-packages/airflow/example_dags/example_external_task_marker_dag.py for tasks to queue
[2022-12-17T04:20:47.735+0000] {logging_mixin.py:137} INFO - [2022-12-17T04:20:47.735+0000] {dagbag.py:538} INFO - Filling up the DagBag from /home/airflow/.local/lib/python3.7/site-packages/airflow/example_dags/example_external_task_marker_dag.py
[2022-12-17T04:20:47.744+0000] {processor.py:753} INFO - DAG(s) dict_keys(['example_external_task_marker_parent', 'example_external_task_marker_child']) retrieved from /home/airflow/.local/lib/python3.7/site-packages/airflow/example_dags/example_external_task_marker_dag.py
[2022-12-17T04:20:47.775+0000] {logging_mixin.py:137} INFO - [2022-12-17T04:20:47.774+0000] {dag.py:2676} INFO - Sync 2 DAGs
[2022-12-17T04:20:47.794+0000] {logging_mixin.py:137} INFO - [2022-12-17T04:20:47.794+0000] {dag.py:3427} INFO - Setting next_dagrun for example_external_task_marker_child to None, run_after=None
[2022-12-17T04:20:47.796+0000] {logging_mixin.py:137} INFO - [2022-12-17T04:20:47.796+0000] {dag.py:3427} INFO - Setting next_dagrun for example_external_task_marker_parent to None, run_after=None
[2022-12-17T04:20:47.808+0000] {processor.py:175} INFO - Processing /home/airflow/.local/lib/python3.7/site-packages/airflow/example_dags/example_external_task_marker_dag.py took 0.078 seconds
[2022-12-17T04:21:18.472+0000] {processor.py:153} INFO - Started process (PID=445) to work on /home/airflow/.local/lib/python3.7/site-packages/airflow/example_dags/example_external_task_marker_dag.py
[2022-12-17T04:21:18.473+0000] {processor.py:743} INFO - Processing file /home/airflow/.local/lib/python3.7/site-packages/airflow/example_dags/example_external_task_marker_dag.py for tasks to queue
[2022-12-17T04:21:18.473+0000] {logging_mixin.py:137} INFO - [2022-12-17T04:21:18.473+0000] {dagbag.py:538} INFO - Filling up the DagBag from /home/airflow/.local/lib/python3.7/site-packages/airflow/example_dags/example_external_task_marker_dag.py
[2022-12-17T04:21:18.483+0000] {processor.py:753} INFO - DAG(s) dict_keys(['example_external_task_marker_child', 'example_external_task_marker_parent']) retrieved from /home/airflow/.local/lib/python3.7/site-packages/airflow/example_dags/example_external_task_marker_dag.py
[2022-12-17T04:21:18.516+0000] {logging_mixin.py:137} INFO - [2022-12-17T04:21:18.516+0000] {dag.py:2676} INFO - Sync 2 DAGs
[2022-12-17T04:21:18.537+0000] {logging_mixin.py:137} INFO - [2022-12-17T04:21:18.536+0000] {dag.py:3427} INFO - Setting next_dagrun for example_external_task_marker_child to None, run_after=None
[2022-12-17T04:21:18.539+0000] {logging_mixin.py:137} INFO - [2022-12-17T04:21:18.539+0000] {dag.py:3427} INFO - Setting next_dagrun for example_external_task_marker_parent to None, run_after=None
[2022-12-17T04:21:18.551+0000] {processor.py:175} INFO - Processing /home/airflow/.local/lib/python3.7/site-packages/airflow/example_dags/example_external_task_marker_dag.py took 0.083 seconds
[2022-12-17T04:21:48.824+0000] {processor.py:153} INFO - Started process (PID=524) to work on /home/airflow/.local/lib/python3.7/site-packages/airflow/example_dags/example_external_task_marker_dag.py
[2022-12-17T04:21:48.825+0000] {processor.py:743} INFO - Processing file /home/airflow/.local/lib/python3.7/site-packages/airflow/example_dags/example_external_task_marker_dag.py for tasks to queue
[2022-12-17T04:21:48.825+0000] {logging_mixin.py:137} INFO - [2022-12-17T04:21:48.825+0000] {dagbag.py:538} INFO - Filling up the DagBag from /home/airflow/.local/lib/python3.7/site-packages/airflow/example_dags/example_external_task_marker_dag.py
[2022-12-17T04:21:48.836+0000] {processor.py:753} INFO - DAG(s) dict_keys(['example_external_task_marker_child', 'example_external_task_marker_parent']) retrieved from /home/airflow/.local/lib/python3.7/site-packages/airflow/example_dags/example_external_task_marker_dag.py
[2022-12-17T04:21:48.867+0000] {logging_mixin.py:137} INFO - [2022-12-17T04:21:48.867+0000] {dag.py:2676} INFO - Sync 2 DAGs
[2022-12-17T04:21:48.887+0000] {logging_mixin.py:137} INFO - [2022-12-17T04:21:48.887+0000] {dag.py:3427} INFO - Setting next_dagrun for example_external_task_marker_child to None, run_after=None
[2022-12-17T04:21:48.890+0000] {logging_mixin.py:137} INFO - [2022-12-17T04:21:48.890+0000] {dag.py:3427} INFO - Setting next_dagrun for example_external_task_marker_parent to None, run_after=None
[2022-12-17T04:21:48.901+0000] {processor.py:175} INFO - Processing /home/airflow/.local/lib/python3.7/site-packages/airflow/example_dags/example_external_task_marker_dag.py took 0.080 seconds
[2022-12-17T04:22:19.218+0000] {processor.py:153} INFO - Started process (PID=623) to work on /home/airflow/.local/lib/python3.7/site-packages/airflow/example_dags/example_external_task_marker_dag.py
[2022-12-17T04:22:19.219+0000] {processor.py:743} INFO - Processing file /home/airflow/.local/lib/python3.7/site-packages/airflow/example_dags/example_external_task_marker_dag.py for tasks to queue
[2022-12-17T04:22:19.220+0000] {logging_mixin.py:137} INFO - [2022-12-17T04:22:19.220+0000] {dagbag.py:538} INFO - Filling up the DagBag from /home/airflow/.local/lib/python3.7/site-packages/airflow/example_dags/example_external_task_marker_dag.py
[2022-12-17T04:22:19.229+0000] {processor.py:753} INFO - DAG(s) dict_keys(['example_external_task_marker_parent', 'example_external_task_marker_child']) retrieved from /home/airflow/.local/lib/python3.7/site-packages/airflow/example_dags/example_external_task_marker_dag.py
[2022-12-17T04:22:19.262+0000] {logging_mixin.py:137} INFO - [2022-12-17T04:22:19.262+0000] {dag.py:2676} INFO - Sync 2 DAGs
[2022-12-17T04:22:19.281+0000] {logging_mixin.py:137} INFO - [2022-12-17T04:22:19.281+0000] {dag.py:3427} INFO - Setting next_dagrun for example_external_task_marker_child to None, run_after=None
[2022-12-17T04:22:19.284+0000] {logging_mixin.py:137} INFO - [2022-12-17T04:22:19.284+0000] {dag.py:3427} INFO - Setting next_dagrun for example_external_task_marker_parent to None, run_after=None
[2022-12-17T04:22:19.298+0000] {processor.py:175} INFO - Processing /home/airflow/.local/lib/python3.7/site-packages/airflow/example_dags/example_external_task_marker_dag.py took 0.083 seconds
[2022-12-17T04:22:49.549+0000] {processor.py:153} INFO - Started process (PID=702) to work on /home/airflow/.local/lib/python3.7/site-packages/airflow/example_dags/example_external_task_marker_dag.py
[2022-12-17T04:22:49.550+0000] {processor.py:743} INFO - Processing file /home/airflow/.local/lib/python3.7/site-packages/airflow/example_dags/example_external_task_marker_dag.py for tasks to queue
[2022-12-17T04:22:49.550+0000] {logging_mixin.py:137} INFO - [2022-12-17T04:22:49.550+0000] {dagbag.py:538} INFO - Filling up the DagBag from /home/airflow/.local/lib/python3.7/site-packages/airflow/example_dags/example_external_task_marker_dag.py
[2022-12-17T04:22:49.560+0000] {processor.py:753} INFO - DAG(s) dict_keys(['example_external_task_marker_parent', 'example_external_task_marker_child']) retrieved from /home/airflow/.local/lib/python3.7/site-packages/airflow/example_dags/example_external_task_marker_dag.py
[2022-12-17T04:22:49.592+0000] {logging_mixin.py:137} INFO - [2022-12-17T04:22:49.592+0000] {dag.py:2676} INFO - Sync 2 DAGs
[2022-12-17T04:22:49.612+0000] {logging_mixin.py:137} INFO - [2022-12-17T04:22:49.612+0000] {dag.py:3427} INFO - Setting next_dagrun for example_external_task_marker_child to None, run_after=None
[2022-12-17T04:22:49.614+0000] {logging_mixin.py:137} INFO - [2022-12-17T04:22:49.614+0000] {dag.py:3427} INFO - Setting next_dagrun for example_external_task_marker_parent to None, run_after=None
[2022-12-17T04:22:49.625+0000] {processor.py:175} INFO - Processing /home/airflow/.local/lib/python3.7/site-packages/airflow/example_dags/example_external_task_marker_dag.py took 0.079 seconds
[2022-12-17T04:23:19.721+0000] {processor.py:153} INFO - Started process (PID=800) to work on /home/airflow/.local/lib/python3.7/site-packages/airflow/example_dags/example_external_task_marker_dag.py
[2022-12-17T04:23:19.722+0000] {processor.py:743} INFO - Processing file /home/airflow/.local/lib/python3.7/site-packages/airflow/example_dags/example_external_task_marker_dag.py for tasks to queue
[2022-12-17T04:23:19.722+0000] {logging_mixin.py:137} INFO - [2022-12-17T04:23:19.722+0000] {dagbag.py:538} INFO - Filling up the DagBag from /home/airflow/.local/lib/python3.7/site-packages/airflow/example_dags/example_external_task_marker_dag.py
[2022-12-17T04:23:19.734+0000] {processor.py:753} INFO - DAG(s) dict_keys(['example_external_task_marker_parent', 'example_external_task_marker_child']) retrieved from /home/airflow/.local/lib/python3.7/site-packages/airflow/example_dags/example_external_task_marker_dag.py
[2022-12-17T04:23:19.765+0000] {logging_mixin.py:137} INFO - [2022-12-17T04:23:19.765+0000] {dag.py:2676} INFO - Sync 2 DAGs
[2022-12-17T04:23:19.783+0000] {logging_mixin.py:137} INFO - [2022-12-17T04:23:19.783+0000] {dag.py:3427} INFO - Setting next_dagrun for example_external_task_marker_child to None, run_after=None
[2022-12-17T04:23:19.785+0000] {logging_mixin.py:137} INFO - [2022-12-17T04:23:19.785+0000] {dag.py:3427} INFO - Setting next_dagrun for example_external_task_marker_parent to None, run_after=None
[2022-12-17T04:23:19.798+0000] {processor.py:175} INFO - Processing /home/airflow/.local/lib/python3.7/site-packages/airflow/example_dags/example_external_task_marker_dag.py took 0.079 seconds
[2022-12-17T04:23:49.919+0000] {processor.py:153} INFO - Started process (PID=879) to work on /home/airflow/.local/lib/python3.7/site-packages/airflow/example_dags/example_external_task_marker_dag.py
[2022-12-17T04:23:49.919+0000] {processor.py:743} INFO - Processing file /home/airflow/.local/lib/python3.7/site-packages/airflow/example_dags/example_external_task_marker_dag.py for tasks to queue
[2022-12-17T04:23:49.920+0000] {logging_mixin.py:137} INFO - [2022-12-17T04:23:49.920+0000] {dagbag.py:538} INFO - Filling up the DagBag from /home/airflow/.local/lib/python3.7/site-packages/airflow/example_dags/example_external_task_marker_dag.py
[2022-12-17T04:23:49.931+0000] {processor.py:753} INFO - DAG(s) dict_keys(['example_external_task_marker_child', 'example_external_task_marker_parent']) retrieved from /home/airflow/.local/lib/python3.7/site-packages/airflow/example_dags/example_external_task_marker_dag.py
[2022-12-17T04:23:49.961+0000] {logging_mixin.py:137} INFO - [2022-12-17T04:23:49.961+0000] {dag.py:2676} INFO - Sync 2 DAGs
[2022-12-17T04:23:49.984+0000] {logging_mixin.py:137} INFO - [2022-12-17T04:23:49.984+0000] {dag.py:3427} INFO - Setting next_dagrun for example_external_task_marker_child to None, run_after=None
[2022-12-17T04:23:49.986+0000] {logging_mixin.py:137} INFO - [2022-12-17T04:23:49.986+0000] {dag.py:3427} INFO - Setting next_dagrun for example_external_task_marker_parent to None, run_after=None
[2022-12-17T04:23:49.998+0000] {processor.py:175} INFO - Processing /home/airflow/.local/lib/python3.7/site-packages/airflow/example_dags/example_external_task_marker_dag.py took 0.082 seconds
[2022-12-17T04:24:20.303+0000] {processor.py:153} INFO - Started process (PID=979) to work on /home/airflow/.local/lib/python3.7/site-packages/airflow/example_dags/example_external_task_marker_dag.py
[2022-12-17T04:24:20.304+0000] {processor.py:743} INFO - Processing file /home/airflow/.local/lib/python3.7/site-packages/airflow/example_dags/example_external_task_marker_dag.py for tasks to queue
[2022-12-17T04:24:20.304+0000] {logging_mixin.py:137} INFO - [2022-12-17T04:24:20.304+0000] {dagbag.py:538} INFO - Filling up the DagBag from /home/airflow/.local/lib/python3.7/site-packages/airflow/example_dags/example_external_task_marker_dag.py
[2022-12-17T04:24:20.315+0000] {processor.py:753} INFO - DAG(s) dict_keys(['example_external_task_marker_parent', 'example_external_task_marker_child']) retrieved from /home/airflow/.local/lib/python3.7/site-packages/airflow/example_dags/example_external_task_marker_dag.py
[2022-12-17T04:24:20.346+0000] {logging_mixin.py:137} INFO - [2022-12-17T04:24:20.346+0000] {dag.py:2676} INFO - Sync 2 DAGs
[2022-12-17T04:24:20.363+0000] {logging_mixin.py:137} INFO - [2022-12-17T04:24:20.363+0000] {dag.py:3427} INFO - Setting next_dagrun for example_external_task_marker_child to None, run_after=None
[2022-12-17T04:24:20.365+0000] {logging_mixin.py:137} INFO - [2022-12-17T04:24:20.365+0000] {dag.py:3427} INFO - Setting next_dagrun for example_external_task_marker_parent to None, run_after=None
[2022-12-17T04:24:20.376+0000] {processor.py:175} INFO - Processing /home/airflow/.local/lib/python3.7/site-packages/airflow/example_dags/example_external_task_marker_dag.py took 0.076 seconds
[2022-12-17T04:24:50.800+0000] {processor.py:153} INFO - Started process (PID=1078) to work on /home/airflow/.local/lib/python3.7/site-packages/airflow/example_dags/example_external_task_marker_dag.py
[2022-12-17T04:24:50.801+0000] {processor.py:743} INFO - Processing file /home/airflow/.local/lib/python3.7/site-packages/airflow/example_dags/example_external_task_marker_dag.py for tasks to queue
[2022-12-17T04:24:50.801+0000] {logging_mixin.py:137} INFO - [2022-12-17T04:24:50.801+0000] {dagbag.py:538} INFO - Filling up the DagBag from /home/airflow/.local/lib/python3.7/site-packages/airflow/example_dags/example_external_task_marker_dag.py
[2022-12-17T04:24:50.810+0000] {processor.py:753} INFO - DAG(s) dict_keys(['example_external_task_marker_parent', 'example_external_task_marker_child']) retrieved from /home/airflow/.local/lib/python3.7/site-packages/airflow/example_dags/example_external_task_marker_dag.py
[2022-12-17T04:24:50.841+0000] {logging_mixin.py:137} INFO - [2022-12-17T04:24:50.841+0000] {dag.py:2676} INFO - Sync 2 DAGs
[2022-12-17T04:24:50.862+0000] {logging_mixin.py:137} INFO - [2022-12-17T04:24:50.862+0000] {dag.py:3427} INFO - Setting next_dagrun for example_external_task_marker_child to None, run_after=None
[2022-12-17T04:24:50.864+0000] {logging_mixin.py:137} INFO - [2022-12-17T04:24:50.864+0000] {dag.py:3427} INFO - Setting next_dagrun for example_external_task_marker_parent to None, run_after=None
[2022-12-17T04:24:50.878+0000] {processor.py:175} INFO - Processing /home/airflow/.local/lib/python3.7/site-packages/airflow/example_dags/example_external_task_marker_dag.py took 0.079 seconds
[2022-12-17T04:25:20.910+0000] {processor.py:153} INFO - Started process (PID=1157) to work on /home/airflow/.local/lib/python3.7/site-packages/airflow/example_dags/example_external_task_marker_dag.py
[2022-12-17T04:25:20.911+0000] {processor.py:743} INFO - Processing file /home/airflow/.local/lib/python3.7/site-packages/airflow/example_dags/example_external_task_marker_dag.py for tasks to queue
[2022-12-17T04:25:20.912+0000] {logging_mixin.py:137} INFO - [2022-12-17T04:25:20.911+0000] {dagbag.py:538} INFO - Filling up the DagBag from /home/airflow/.local/lib/python3.7/site-packages/airflow/example_dags/example_external_task_marker_dag.py
[2022-12-17T04:25:20.923+0000] {processor.py:753} INFO - DAG(s) dict_keys(['example_external_task_marker_parent', 'example_external_task_marker_child']) retrieved from /home/airflow/.local/lib/python3.7/site-packages/airflow/example_dags/example_external_task_marker_dag.py
[2022-12-17T04:25:20.954+0000] {logging_mixin.py:137} INFO - [2022-12-17T04:25:20.954+0000] {dag.py:2676} INFO - Sync 2 DAGs
[2022-12-17T04:25:20.972+0000] {logging_mixin.py:137} INFO - [2022-12-17T04:25:20.972+0000] {dag.py:3427} INFO - Setting next_dagrun for example_external_task_marker_child to None, run_after=None
[2022-12-17T04:25:20.975+0000] {logging_mixin.py:137} INFO - [2022-12-17T04:25:20.975+0000] {dag.py:3427} INFO - Setting next_dagrun for example_external_task_marker_parent to None, run_after=None
[2022-12-17T04:25:20.986+0000] {processor.py:175} INFO - Processing /home/airflow/.local/lib/python3.7/site-packages/airflow/example_dags/example_external_task_marker_dag.py took 0.078 seconds
[2022-12-17T04:25:51.423+0000] {processor.py:153} INFO - Started process (PID=1256) to work on /home/airflow/.local/lib/python3.7/site-packages/airflow/example_dags/example_external_task_marker_dag.py
[2022-12-17T04:25:51.424+0000] {processor.py:743} INFO - Processing file /home/airflow/.local/lib/python3.7/site-packages/airflow/example_dags/example_external_task_marker_dag.py for tasks to queue
[2022-12-17T04:25:51.424+0000] {logging_mixin.py:137} INFO - [2022-12-17T04:25:51.424+0000] {dagbag.py:538} INFO - Filling up the DagBag from /home/airflow/.local/lib/python3.7/site-packages/airflow/example_dags/example_external_task_marker_dag.py
[2022-12-17T04:25:51.435+0000] {processor.py:753} INFO - DAG(s) dict_keys(['example_external_task_marker_child', 'example_external_task_marker_parent']) retrieved from /home/airflow/.local/lib/python3.7/site-packages/airflow/example_dags/example_external_task_marker_dag.py
[2022-12-17T04:25:51.464+0000] {logging_mixin.py:137} INFO - [2022-12-17T04:25:51.464+0000] {dag.py:2676} INFO - Sync 2 DAGs
[2022-12-17T04:25:51.487+0000] {logging_mixin.py:137} INFO - [2022-12-17T04:25:51.487+0000] {dag.py:3427} INFO - Setting next_dagrun for example_external_task_marker_child to None, run_after=None
[2022-12-17T04:25:51.490+0000] {logging_mixin.py:137} INFO - [2022-12-17T04:25:51.490+0000] {dag.py:3427} INFO - Setting next_dagrun for example_external_task_marker_parent to None, run_after=None
[2022-12-17T04:25:51.501+0000] {processor.py:175} INFO - Processing /home/airflow/.local/lib/python3.7/site-packages/airflow/example_dags/example_external_task_marker_dag.py took 0.080 seconds
[2022-12-17T04:26:22.044+0000] {processor.py:153} INFO - Started process (PID=1335) to work on /home/airflow/.local/lib/python3.7/site-packages/airflow/example_dags/example_external_task_marker_dag.py
[2022-12-17T04:26:22.045+0000] {processor.py:743} INFO - Processing file /home/airflow/.local/lib/python3.7/site-packages/airflow/example_dags/example_external_task_marker_dag.py for tasks to queue
[2022-12-17T04:26:22.045+0000] {logging_mixin.py:137} INFO - [2022-12-17T04:26:22.045+0000] {dagbag.py:538} INFO - Filling up the DagBag from /home/airflow/.local/lib/python3.7/site-packages/airflow/example_dags/example_external_task_marker_dag.py
[2022-12-17T04:26:22.055+0000] {processor.py:753} INFO - DAG(s) dict_keys(['example_external_task_marker_child', 'example_external_task_marker_parent']) retrieved from /home/airflow/.local/lib/python3.7/site-packages/airflow/example_dags/example_external_task_marker_dag.py
[2022-12-17T04:26:22.089+0000] {logging_mixin.py:137} INFO - [2022-12-17T04:26:22.088+0000] {dag.py:2676} INFO - Sync 2 DAGs
[2022-12-17T04:26:22.108+0000] {logging_mixin.py:137} INFO - [2022-12-17T04:26:22.108+0000] {dag.py:3427} INFO - Setting next_dagrun for example_external_task_marker_child to None, run_after=None
[2022-12-17T04:26:22.111+0000] {logging_mixin.py:137} INFO - [2022-12-17T04:26:22.111+0000] {dag.py:3427} INFO - Setting next_dagrun for example_external_task_marker_parent to None, run_after=None
[2022-12-17T04:26:22.122+0000] {processor.py:175} INFO - Processing /home/airflow/.local/lib/python3.7/site-packages/airflow/example_dags/example_external_task_marker_dag.py took 0.081 seconds
[2022-12-17T04:26:52.211+0000] {processor.py:153} INFO - Started process (PID=1434) to work on /home/airflow/.local/lib/python3.7/site-packages/airflow/example_dags/example_external_task_marker_dag.py
[2022-12-17T04:26:52.212+0000] {processor.py:743} INFO - Processing file /home/airflow/.local/lib/python3.7/site-packages/airflow/example_dags/example_external_task_marker_dag.py for tasks to queue
[2022-12-17T04:26:52.213+0000] {logging_mixin.py:137} INFO - [2022-12-17T04:26:52.213+0000] {dagbag.py:538} INFO - Filling up the DagBag from /home/airflow/.local/lib/python3.7/site-packages/airflow/example_dags/example_external_task_marker_dag.py
[2022-12-17T04:26:52.224+0000] {processor.py:753} INFO - DAG(s) dict_keys(['example_external_task_marker_parent', 'example_external_task_marker_child']) retrieved from /home/airflow/.local/lib/python3.7/site-packages/airflow/example_dags/example_external_task_marker_dag.py
[2022-12-17T04:26:52.255+0000] {logging_mixin.py:137} INFO - [2022-12-17T04:26:52.255+0000] {dag.py:2676} INFO - Sync 2 DAGs
[2022-12-17T04:26:52.275+0000] {logging_mixin.py:137} INFO - [2022-12-17T04:26:52.274+0000] {dag.py:3427} INFO - Setting next_dagrun for example_external_task_marker_child to None, run_after=None
[2022-12-17T04:26:52.277+0000] {logging_mixin.py:137} INFO - [2022-12-17T04:26:52.277+0000] {dag.py:3427} INFO - Setting next_dagrun for example_external_task_marker_parent to None, run_after=None
[2022-12-17T04:26:52.289+0000] {processor.py:175} INFO - Processing /home/airflow/.local/lib/python3.7/site-packages/airflow/example_dags/example_external_task_marker_dag.py took 0.080 seconds
[2022-12-17T04:27:22.479+0000] {processor.py:153} INFO - Started process (PID=1513) to work on /home/airflow/.local/lib/python3.7/site-packages/airflow/example_dags/example_external_task_marker_dag.py
[2022-12-17T04:27:22.480+0000] {processor.py:743} INFO - Processing file /home/airflow/.local/lib/python3.7/site-packages/airflow/example_dags/example_external_task_marker_dag.py for tasks to queue
[2022-12-17T04:27:22.480+0000] {logging_mixin.py:137} INFO - [2022-12-17T04:27:22.480+0000] {dagbag.py:538} INFO - Filling up the DagBag from /home/airflow/.local/lib/python3.7/site-packages/airflow/example_dags/example_external_task_marker_dag.py
[2022-12-17T04:27:22.490+0000] {processor.py:753} INFO - DAG(s) dict_keys(['example_external_task_marker_child', 'example_external_task_marker_parent']) retrieved from /home/airflow/.local/lib/python3.7/site-packages/airflow/example_dags/example_external_task_marker_dag.py
[2022-12-17T04:27:22.524+0000] {logging_mixin.py:137} INFO - [2022-12-17T04:27:22.523+0000] {dag.py:2676} INFO - Sync 2 DAGs
[2022-12-17T04:27:22.543+0000] {logging_mixin.py:137} INFO - [2022-12-17T04:27:22.543+0000] {dag.py:3427} INFO - Setting next_dagrun for example_external_task_marker_child to None, run_after=None
[2022-12-17T04:27:22.547+0000] {logging_mixin.py:137} INFO - [2022-12-17T04:27:22.547+0000] {dag.py:3427} INFO - Setting next_dagrun for example_external_task_marker_parent to None, run_after=None
[2022-12-17T04:27:22.560+0000] {processor.py:175} INFO - Processing /home/airflow/.local/lib/python3.7/site-packages/airflow/example_dags/example_external_task_marker_dag.py took 0.084 seconds
[2022-12-17T04:27:52.899+0000] {processor.py:153} INFO - Started process (PID=1613) to work on /home/airflow/.local/lib/python3.7/site-packages/airflow/example_dags/example_external_task_marker_dag.py
[2022-12-17T04:27:52.900+0000] {processor.py:743} INFO - Processing file /home/airflow/.local/lib/python3.7/site-packages/airflow/example_dags/example_external_task_marker_dag.py for tasks to queue
[2022-12-17T04:27:52.901+0000] {logging_mixin.py:137} INFO - [2022-12-17T04:27:52.901+0000] {dagbag.py:538} INFO - Filling up the DagBag from /home/airflow/.local/lib/python3.7/site-packages/airflow/example_dags/example_external_task_marker_dag.py
[2022-12-17T04:27:52.910+0000] {processor.py:753} INFO - DAG(s) dict_keys(['example_external_task_marker_child', 'example_external_task_marker_parent']) retrieved from /home/airflow/.local/lib/python3.7/site-packages/airflow/example_dags/example_external_task_marker_dag.py
[2022-12-17T04:27:52.937+0000] {logging_mixin.py:137} INFO - [2022-12-17T04:27:52.937+0000] {dag.py:2676} INFO - Sync 2 DAGs
[2022-12-17T04:27:52.956+0000] {logging_mixin.py:137} INFO - [2022-12-17T04:27:52.956+0000] {dag.py:3427} INFO - Setting next_dagrun for example_external_task_marker_child to None, run_after=None
[2022-12-17T04:27:52.958+0000] {logging_mixin.py:137} INFO - [2022-12-17T04:27:52.958+0000] {dag.py:3427} INFO - Setting next_dagrun for example_external_task_marker_parent to None, run_after=None
[2022-12-17T04:27:52.969+0000] {processor.py:175} INFO - Processing /home/airflow/.local/lib/python3.7/site-packages/airflow/example_dags/example_external_task_marker_dag.py took 0.072 seconds
[2022-12-17T04:28:23.181+0000] {processor.py:153} INFO - Started process (PID=1702) to work on /home/airflow/.local/lib/python3.7/site-packages/airflow/example_dags/example_external_task_marker_dag.py
[2022-12-17T04:28:23.181+0000] {processor.py:743} INFO - Processing file /home/airflow/.local/lib/python3.7/site-packages/airflow/example_dags/example_external_task_marker_dag.py for tasks to queue
[2022-12-17T04:28:23.181+0000] {logging_mixin.py:137} INFO - [2022-12-17T04:28:23.181+0000] {dagbag.py:538} INFO - Filling up the DagBag from /home/airflow/.local/lib/python3.7/site-packages/airflow/example_dags/example_external_task_marker_dag.py
[2022-12-17T04:28:23.190+0000] {processor.py:753} INFO - DAG(s) dict_keys(['example_external_task_marker_parent', 'example_external_task_marker_child']) retrieved from /home/airflow/.local/lib/python3.7/site-packages/airflow/example_dags/example_external_task_marker_dag.py
[2022-12-17T04:28:23.220+0000] {logging_mixin.py:137} INFO - [2022-12-17T04:28:23.220+0000] {dag.py:2676} INFO - Sync 2 DAGs
[2022-12-17T04:28:23.239+0000] {logging_mixin.py:137} INFO - [2022-12-17T04:28:23.239+0000] {dag.py:3427} INFO - Setting next_dagrun for example_external_task_marker_child to None, run_after=None
[2022-12-17T04:28:23.241+0000] {logging_mixin.py:137} INFO - [2022-12-17T04:28:23.241+0000] {dag.py:3427} INFO - Setting next_dagrun for example_external_task_marker_parent to None, run_after=None
[2022-12-17T04:28:23.252+0000] {processor.py:175} INFO - Processing /home/airflow/.local/lib/python3.7/site-packages/airflow/example_dags/example_external_task_marker_dag.py took 0.074 seconds
[2022-12-17T04:28:53.431+0000] {processor.py:153} INFO - Started process (PID=1792) to work on /home/airflow/.local/lib/python3.7/site-packages/airflow/example_dags/example_external_task_marker_dag.py
[2022-12-17T04:28:53.431+0000] {processor.py:743} INFO - Processing file /home/airflow/.local/lib/python3.7/site-packages/airflow/example_dags/example_external_task_marker_dag.py for tasks to queue
[2022-12-17T04:28:53.432+0000] {logging_mixin.py:137} INFO - [2022-12-17T04:28:53.432+0000] {dagbag.py:538} INFO - Filling up the DagBag from /home/airflow/.local/lib/python3.7/site-packages/airflow/example_dags/example_external_task_marker_dag.py
[2022-12-17T04:28:53.441+0000] {processor.py:753} INFO - DAG(s) dict_keys(['example_external_task_marker_parent', 'example_external_task_marker_child']) retrieved from /home/airflow/.local/lib/python3.7/site-packages/airflow/example_dags/example_external_task_marker_dag.py
[2022-12-17T04:28:53.474+0000] {logging_mixin.py:137} INFO - [2022-12-17T04:28:53.473+0000] {dag.py:2676} INFO - Sync 2 DAGs
[2022-12-17T04:28:53.502+0000] {logging_mixin.py:137} INFO - [2022-12-17T04:28:53.502+0000] {dag.py:3427} INFO - Setting next_dagrun for example_external_task_marker_child to None, run_after=None
[2022-12-17T04:28:53.505+0000] {logging_mixin.py:137} INFO - [2022-12-17T04:28:53.505+0000] {dag.py:3427} INFO - Setting next_dagrun for example_external_task_marker_parent to None, run_after=None
[2022-12-17T04:28:53.520+0000] {processor.py:175} INFO - Processing /home/airflow/.local/lib/python3.7/site-packages/airflow/example_dags/example_external_task_marker_dag.py took 0.091 seconds
[2022-12-17T04:29:23.976+0000] {processor.py:153} INFO - Started process (PID=1891) to work on /home/airflow/.local/lib/python3.7/site-packages/airflow/example_dags/example_external_task_marker_dag.py
[2022-12-17T04:29:23.977+0000] {processor.py:743} INFO - Processing file /home/airflow/.local/lib/python3.7/site-packages/airflow/example_dags/example_external_task_marker_dag.py for tasks to queue
[2022-12-17T04:29:23.978+0000] {logging_mixin.py:137} INFO - [2022-12-17T04:29:23.977+0000] {dagbag.py:538} INFO - Filling up the DagBag from /home/airflow/.local/lib/python3.7/site-packages/airflow/example_dags/example_external_task_marker_dag.py
[2022-12-17T04:29:23.988+0000] {processor.py:753} INFO - DAG(s) dict_keys(['example_external_task_marker_child', 'example_external_task_marker_parent']) retrieved from /home/airflow/.local/lib/python3.7/site-packages/airflow/example_dags/example_external_task_marker_dag.py
[2022-12-17T04:29:24.019+0000] {logging_mixin.py:137} INFO - [2022-12-17T04:29:24.019+0000] {dag.py:2676} INFO - Sync 2 DAGs
[2022-12-17T04:29:24.037+0000] {logging_mixin.py:137} INFO - [2022-12-17T04:29:24.037+0000] {dag.py:3427} INFO - Setting next_dagrun for example_external_task_marker_child to None, run_after=None
[2022-12-17T04:29:24.039+0000] {logging_mixin.py:137} INFO - [2022-12-17T04:29:24.039+0000] {dag.py:3427} INFO - Setting next_dagrun for example_external_task_marker_parent to None, run_after=None
[2022-12-17T04:29:24.049+0000] {processor.py:175} INFO - Processing /home/airflow/.local/lib/python3.7/site-packages/airflow/example_dags/example_external_task_marker_dag.py took 0.077 seconds
[2022-12-17T04:29:54.201+0000] {processor.py:153} INFO - Started process (PID=1970) to work on /home/airflow/.local/lib/python3.7/site-packages/airflow/example_dags/example_external_task_marker_dag.py
[2022-12-17T04:29:54.202+0000] {processor.py:743} INFO - Processing file /home/airflow/.local/lib/python3.7/site-packages/airflow/example_dags/example_external_task_marker_dag.py for tasks to queue
[2022-12-17T04:29:54.202+0000] {logging_mixin.py:137} INFO - [2022-12-17T04:29:54.202+0000] {dagbag.py:538} INFO - Filling up the DagBag from /home/airflow/.local/lib/python3.7/site-packages/airflow/example_dags/example_external_task_marker_dag.py
[2022-12-17T04:29:54.214+0000] {processor.py:753} INFO - DAG(s) dict_keys(['example_external_task_marker_parent', 'example_external_task_marker_child']) retrieved from /home/airflow/.local/lib/python3.7/site-packages/airflow/example_dags/example_external_task_marker_dag.py
[2022-12-17T04:29:54.244+0000] {logging_mixin.py:137} INFO - [2022-12-17T04:29:54.244+0000] {dag.py:2676} INFO - Sync 2 DAGs
[2022-12-17T04:29:54.263+0000] {logging_mixin.py:137} INFO - [2022-12-17T04:29:54.263+0000] {dag.py:3427} INFO - Setting next_dagrun for example_external_task_marker_child to None, run_after=None
[2022-12-17T04:29:54.266+0000] {logging_mixin.py:137} INFO - [2022-12-17T04:29:54.266+0000] {dag.py:3427} INFO - Setting next_dagrun for example_external_task_marker_parent to None, run_after=None
[2022-12-17T04:29:54.280+0000] {processor.py:175} INFO - Processing /home/airflow/.local/lib/python3.7/site-packages/airflow/example_dags/example_external_task_marker_dag.py took 0.081 seconds
[2022-12-17T04:30:24.524+0000] {processor.py:153} INFO - Started process (PID=2069) to work on /home/airflow/.local/lib/python3.7/site-packages/airflow/example_dags/example_external_task_marker_dag.py
[2022-12-17T04:30:24.525+0000] {processor.py:743} INFO - Processing file /home/airflow/.local/lib/python3.7/site-packages/airflow/example_dags/example_external_task_marker_dag.py for tasks to queue
[2022-12-17T04:30:24.526+0000] {logging_mixin.py:137} INFO - [2022-12-17T04:30:24.525+0000] {dagbag.py:538} INFO - Filling up the DagBag from /home/airflow/.local/lib/python3.7/site-packages/airflow/example_dags/example_external_task_marker_dag.py
[2022-12-17T04:30:24.534+0000] {processor.py:753} INFO - DAG(s) dict_keys(['example_external_task_marker_child', 'example_external_task_marker_parent']) retrieved from /home/airflow/.local/lib/python3.7/site-packages/airflow/example_dags/example_external_task_marker_dag.py
[2022-12-17T04:30:24.565+0000] {logging_mixin.py:137} INFO - [2022-12-17T04:30:24.564+0000] {dag.py:2676} INFO - Sync 2 DAGs
[2022-12-17T04:30:24.583+0000] {logging_mixin.py:137} INFO - [2022-12-17T04:30:24.583+0000] {dag.py:3427} INFO - Setting next_dagrun for example_external_task_marker_child to None, run_after=None
[2022-12-17T04:30:24.586+0000] {logging_mixin.py:137} INFO - [2022-12-17T04:30:24.586+0000] {dag.py:3427} INFO - Setting next_dagrun for example_external_task_marker_parent to None, run_after=None
[2022-12-17T04:30:24.597+0000] {processor.py:175} INFO - Processing /home/airflow/.local/lib/python3.7/site-packages/airflow/example_dags/example_external_task_marker_dag.py took 0.076 seconds
[2022-12-17T04:30:54.793+0000] {processor.py:153} INFO - Started process (PID=2148) to work on /home/airflow/.local/lib/python3.7/site-packages/airflow/example_dags/example_external_task_marker_dag.py
[2022-12-17T04:30:54.793+0000] {processor.py:743} INFO - Processing file /home/airflow/.local/lib/python3.7/site-packages/airflow/example_dags/example_external_task_marker_dag.py for tasks to queue
[2022-12-17T04:30:54.794+0000] {logging_mixin.py:137} INFO - [2022-12-17T04:30:54.794+0000] {dagbag.py:538} INFO - Filling up the DagBag from /home/airflow/.local/lib/python3.7/site-packages/airflow/example_dags/example_external_task_marker_dag.py
[2022-12-17T04:30:54.805+0000] {processor.py:753} INFO - DAG(s) dict_keys(['example_external_task_marker_child', 'example_external_task_marker_parent']) retrieved from /home/airflow/.local/lib/python3.7/site-packages/airflow/example_dags/example_external_task_marker_dag.py
[2022-12-17T04:30:54.834+0000] {logging_mixin.py:137} INFO - [2022-12-17T04:30:54.833+0000] {dag.py:2676} INFO - Sync 2 DAGs
[2022-12-17T04:30:54.852+0000] {logging_mixin.py:137} INFO - [2022-12-17T04:30:54.852+0000] {dag.py:3427} INFO - Setting next_dagrun for example_external_task_marker_child to None, run_after=None
[2022-12-17T04:30:54.854+0000] {logging_mixin.py:137} INFO - [2022-12-17T04:30:54.854+0000] {dag.py:3427} INFO - Setting next_dagrun for example_external_task_marker_parent to None, run_after=None
[2022-12-17T04:30:54.866+0000] {processor.py:175} INFO - Processing /home/airflow/.local/lib/python3.7/site-packages/airflow/example_dags/example_external_task_marker_dag.py took 0.076 seconds
[2022-12-17T04:31:25.181+0000] {processor.py:153} INFO - Started process (PID=2247) to work on /home/airflow/.local/lib/python3.7/site-packages/airflow/example_dags/example_external_task_marker_dag.py
[2022-12-17T04:31:25.181+0000] {processor.py:743} INFO - Processing file /home/airflow/.local/lib/python3.7/site-packages/airflow/example_dags/example_external_task_marker_dag.py for tasks to queue
[2022-12-17T04:31:25.182+0000] {logging_mixin.py:137} INFO - [2022-12-17T04:31:25.182+0000] {dagbag.py:538} INFO - Filling up the DagBag from /home/airflow/.local/lib/python3.7/site-packages/airflow/example_dags/example_external_task_marker_dag.py
[2022-12-17T04:31:25.193+0000] {processor.py:753} INFO - DAG(s) dict_keys(['example_external_task_marker_child', 'example_external_task_marker_parent']) retrieved from /home/airflow/.local/lib/python3.7/site-packages/airflow/example_dags/example_external_task_marker_dag.py
[2022-12-17T04:31:25.226+0000] {logging_mixin.py:137} INFO - [2022-12-17T04:31:25.226+0000] {dag.py:2676} INFO - Sync 2 DAGs
[2022-12-17T04:31:25.246+0000] {logging_mixin.py:137} INFO - [2022-12-17T04:31:25.246+0000] {dag.py:3427} INFO - Setting next_dagrun for example_external_task_marker_child to None, run_after=None
[2022-12-17T04:31:25.248+0000] {logging_mixin.py:137} INFO - [2022-12-17T04:31:25.248+0000] {dag.py:3427} INFO - Setting next_dagrun for example_external_task_marker_parent to None, run_after=None
[2022-12-17T04:31:25.259+0000] {processor.py:175} INFO - Processing /home/airflow/.local/lib/python3.7/site-packages/airflow/example_dags/example_external_task_marker_dag.py took 0.081 seconds
[2022-12-17T04:31:55.596+0000] {processor.py:153} INFO - Started process (PID=2336) to work on /home/airflow/.local/lib/python3.7/site-packages/airflow/example_dags/example_external_task_marker_dag.py
[2022-12-17T04:31:55.596+0000] {processor.py:743} INFO - Processing file /home/airflow/.local/lib/python3.7/site-packages/airflow/example_dags/example_external_task_marker_dag.py for tasks to queue
[2022-12-17T04:31:55.597+0000] {logging_mixin.py:137} INFO - [2022-12-17T04:31:55.597+0000] {dagbag.py:538} INFO - Filling up the DagBag from /home/airflow/.local/lib/python3.7/site-packages/airflow/example_dags/example_external_task_marker_dag.py
[2022-12-17T04:31:55.606+0000] {processor.py:753} INFO - DAG(s) dict_keys(['example_external_task_marker_parent', 'example_external_task_marker_child']) retrieved from /home/airflow/.local/lib/python3.7/site-packages/airflow/example_dags/example_external_task_marker_dag.py
[2022-12-17T04:31:55.638+0000] {logging_mixin.py:137} INFO - [2022-12-17T04:31:55.638+0000] {dag.py:2676} INFO - Sync 2 DAGs
[2022-12-17T04:31:55.664+0000] {logging_mixin.py:137} INFO - [2022-12-17T04:31:55.663+0000] {dag.py:3427} INFO - Setting next_dagrun for example_external_task_marker_child to None, run_after=None
[2022-12-17T04:31:55.667+0000] {logging_mixin.py:137} INFO - [2022-12-17T04:31:55.667+0000] {dag.py:3427} INFO - Setting next_dagrun for example_external_task_marker_parent to None, run_after=None
[2022-12-17T04:31:55.683+0000] {processor.py:175} INFO - Processing /home/airflow/.local/lib/python3.7/site-packages/airflow/example_dags/example_external_task_marker_dag.py took 0.089 seconds
[2022-12-17T04:32:25.824+0000] {processor.py:153} INFO - Started process (PID=2426) to work on /home/airflow/.local/lib/python3.7/site-packages/airflow/example_dags/example_external_task_marker_dag.py
[2022-12-17T04:32:25.824+0000] {processor.py:743} INFO - Processing file /home/airflow/.local/lib/python3.7/site-packages/airflow/example_dags/example_external_task_marker_dag.py for tasks to queue
[2022-12-17T04:32:25.825+0000] {logging_mixin.py:137} INFO - [2022-12-17T04:32:25.825+0000] {dagbag.py:538} INFO - Filling up the DagBag from /home/airflow/.local/lib/python3.7/site-packages/airflow/example_dags/example_external_task_marker_dag.py
[2022-12-17T04:32:25.833+0000] {processor.py:753} INFO - DAG(s) dict_keys(['example_external_task_marker_parent', 'example_external_task_marker_child']) retrieved from /home/airflow/.local/lib/python3.7/site-packages/airflow/example_dags/example_external_task_marker_dag.py
[2022-12-17T04:32:25.864+0000] {logging_mixin.py:137} INFO - [2022-12-17T04:32:25.864+0000] {dag.py:2676} INFO - Sync 2 DAGs
[2022-12-17T04:32:25.886+0000] {logging_mixin.py:137} INFO - [2022-12-17T04:32:25.886+0000] {dag.py:3427} INFO - Setting next_dagrun for example_external_task_marker_child to None, run_after=None
[2022-12-17T04:32:25.889+0000] {logging_mixin.py:137} INFO - [2022-12-17T04:32:25.889+0000] {dag.py:3427} INFO - Setting next_dagrun for example_external_task_marker_parent to None, run_after=None
[2022-12-17T04:32:25.901+0000] {processor.py:175} INFO - Processing /home/airflow/.local/lib/python3.7/site-packages/airflow/example_dags/example_external_task_marker_dag.py took 0.081 seconds
[2022-12-17T04:32:56.193+0000] {processor.py:153} INFO - Started process (PID=2526) to work on /home/airflow/.local/lib/python3.7/site-packages/airflow/example_dags/example_external_task_marker_dag.py
[2022-12-17T04:32:56.194+0000] {processor.py:743} INFO - Processing file /home/airflow/.local/lib/python3.7/site-packages/airflow/example_dags/example_external_task_marker_dag.py for tasks to queue
[2022-12-17T04:32:56.195+0000] {logging_mixin.py:137} INFO - [2022-12-17T04:32:56.195+0000] {dagbag.py:538} INFO - Filling up the DagBag from /home/airflow/.local/lib/python3.7/site-packages/airflow/example_dags/example_external_task_marker_dag.py
[2022-12-17T04:32:56.206+0000] {processor.py:753} INFO - DAG(s) dict_keys(['example_external_task_marker_parent', 'example_external_task_marker_child']) retrieved from /home/airflow/.local/lib/python3.7/site-packages/airflow/example_dags/example_external_task_marker_dag.py
[2022-12-17T04:32:56.234+0000] {logging_mixin.py:137} INFO - [2022-12-17T04:32:56.234+0000] {dag.py:2676} INFO - Sync 2 DAGs
[2022-12-17T04:32:56.254+0000] {logging_mixin.py:137} INFO - [2022-12-17T04:32:56.254+0000] {dag.py:3427} INFO - Setting next_dagrun for example_external_task_marker_child to None, run_after=None
[2022-12-17T04:32:56.256+0000] {logging_mixin.py:137} INFO - [2022-12-17T04:32:56.256+0000] {dag.py:3427} INFO - Setting next_dagrun for example_external_task_marker_parent to None, run_after=None
[2022-12-17T04:32:56.267+0000] {processor.py:175} INFO - Processing /home/airflow/.local/lib/python3.7/site-packages/airflow/example_dags/example_external_task_marker_dag.py took 0.077 seconds
[2022-12-17T04:33:26.531+0000] {processor.py:153} INFO - Started process (PID=2606) to work on /home/airflow/.local/lib/python3.7/site-packages/airflow/example_dags/example_external_task_marker_dag.py
[2022-12-17T04:33:26.532+0000] {processor.py:743} INFO - Processing file /home/airflow/.local/lib/python3.7/site-packages/airflow/example_dags/example_external_task_marker_dag.py for tasks to queue
[2022-12-17T04:33:26.532+0000] {logging_mixin.py:137} INFO - [2022-12-17T04:33:26.532+0000] {dagbag.py:538} INFO - Filling up the DagBag from /home/airflow/.local/lib/python3.7/site-packages/airflow/example_dags/example_external_task_marker_dag.py
[2022-12-17T04:33:26.542+0000] {processor.py:753} INFO - DAG(s) dict_keys(['example_external_task_marker_child', 'example_external_task_marker_parent']) retrieved from /home/airflow/.local/lib/python3.7/site-packages/airflow/example_dags/example_external_task_marker_dag.py
[2022-12-17T04:33:26.570+0000] {logging_mixin.py:137} INFO - [2022-12-17T04:33:26.570+0000] {dag.py:2676} INFO - Sync 2 DAGs
[2022-12-17T04:33:26.592+0000] {logging_mixin.py:137} INFO - [2022-12-17T04:33:26.591+0000] {dag.py:3427} INFO - Setting next_dagrun for example_external_task_marker_child to None, run_after=None
[2022-12-17T04:33:26.594+0000] {logging_mixin.py:137} INFO - [2022-12-17T04:33:26.594+0000] {dag.py:3427} INFO - Setting next_dagrun for example_external_task_marker_parent to None, run_after=None
[2022-12-17T04:33:26.606+0000] {processor.py:175} INFO - Processing /home/airflow/.local/lib/python3.7/site-packages/airflow/example_dags/example_external_task_marker_dag.py took 0.078 seconds
[2022-12-17T04:33:57.120+0000] {processor.py:153} INFO - Started process (PID=2705) to work on /home/airflow/.local/lib/python3.7/site-packages/airflow/example_dags/example_external_task_marker_dag.py
[2022-12-17T04:33:57.121+0000] {processor.py:743} INFO - Processing file /home/airflow/.local/lib/python3.7/site-packages/airflow/example_dags/example_external_task_marker_dag.py for tasks to queue
[2022-12-17T04:33:57.121+0000] {logging_mixin.py:137} INFO - [2022-12-17T04:33:57.121+0000] {dagbag.py:538} INFO - Filling up the DagBag from /home/airflow/.local/lib/python3.7/site-packages/airflow/example_dags/example_external_task_marker_dag.py
[2022-12-17T04:33:57.131+0000] {processor.py:753} INFO - DAG(s) dict_keys(['example_external_task_marker_child', 'example_external_task_marker_parent']) retrieved from /home/airflow/.local/lib/python3.7/site-packages/airflow/example_dags/example_external_task_marker_dag.py
[2022-12-17T04:33:57.160+0000] {logging_mixin.py:137} INFO - [2022-12-17T04:33:57.160+0000] {dag.py:2676} INFO - Sync 2 DAGs
[2022-12-17T04:33:57.182+0000] {logging_mixin.py:137} INFO - [2022-12-17T04:33:57.182+0000] {dag.py:3427} INFO - Setting next_dagrun for example_external_task_marker_child to None, run_after=None
[2022-12-17T04:33:57.184+0000] {logging_mixin.py:137} INFO - [2022-12-17T04:33:57.184+0000] {dag.py:3427} INFO - Setting next_dagrun for example_external_task_marker_parent to None, run_after=None
[2022-12-17T04:33:57.196+0000] {processor.py:175} INFO - Processing /home/airflow/.local/lib/python3.7/site-packages/airflow/example_dags/example_external_task_marker_dag.py took 0.080 seconds
[2022-12-17T04:34:27.298+0000] {processor.py:153} INFO - Started process (PID=2784) to work on /home/airflow/.local/lib/python3.7/site-packages/airflow/example_dags/example_external_task_marker_dag.py
[2022-12-17T04:34:27.298+0000] {processor.py:743} INFO - Processing file /home/airflow/.local/lib/python3.7/site-packages/airflow/example_dags/example_external_task_marker_dag.py for tasks to queue
[2022-12-17T04:34:27.299+0000] {logging_mixin.py:137} INFO - [2022-12-17T04:34:27.299+0000] {dagbag.py:538} INFO - Filling up the DagBag from /home/airflow/.local/lib/python3.7/site-packages/airflow/example_dags/example_external_task_marker_dag.py
[2022-12-17T04:34:27.309+0000] {processor.py:753} INFO - DAG(s) dict_keys(['example_external_task_marker_parent', 'example_external_task_marker_child']) retrieved from /home/airflow/.local/lib/python3.7/site-packages/airflow/example_dags/example_external_task_marker_dag.py
[2022-12-17T04:34:27.337+0000] {logging_mixin.py:137} INFO - [2022-12-17T04:34:27.337+0000] {dag.py:2676} INFO - Sync 2 DAGs
[2022-12-17T04:34:27.357+0000] {logging_mixin.py:137} INFO - [2022-12-17T04:34:27.357+0000] {dag.py:3427} INFO - Setting next_dagrun for example_external_task_marker_child to None, run_after=None
[2022-12-17T04:34:27.359+0000] {logging_mixin.py:137} INFO - [2022-12-17T04:34:27.359+0000] {dag.py:3427} INFO - Setting next_dagrun for example_external_task_marker_parent to None, run_after=None
[2022-12-17T04:34:27.370+0000] {processor.py:175} INFO - Processing /home/airflow/.local/lib/python3.7/site-packages/airflow/example_dags/example_external_task_marker_dag.py took 0.075 seconds
[2022-12-17T04:34:57.562+0000] {processor.py:153} INFO - Started process (PID=2883) to work on /home/airflow/.local/lib/python3.7/site-packages/airflow/example_dags/example_external_task_marker_dag.py
[2022-12-17T04:34:57.563+0000] {processor.py:743} INFO - Processing file /home/airflow/.local/lib/python3.7/site-packages/airflow/example_dags/example_external_task_marker_dag.py for tasks to queue
[2022-12-17T04:34:57.563+0000] {logging_mixin.py:137} INFO - [2022-12-17T04:34:57.563+0000] {dagbag.py:538} INFO - Filling up the DagBag from /home/airflow/.local/lib/python3.7/site-packages/airflow/example_dags/example_external_task_marker_dag.py
[2022-12-17T04:34:57.575+0000] {processor.py:753} INFO - DAG(s) dict_keys(['example_external_task_marker_child', 'example_external_task_marker_parent']) retrieved from /home/airflow/.local/lib/python3.7/site-packages/airflow/example_dags/example_external_task_marker_dag.py
[2022-12-17T04:34:57.608+0000] {logging_mixin.py:137} INFO - [2022-12-17T04:34:57.608+0000] {dag.py:2676} INFO - Sync 2 DAGs
[2022-12-17T04:34:57.628+0000] {logging_mixin.py:137} INFO - [2022-12-17T04:34:57.628+0000] {dag.py:3427} INFO - Setting next_dagrun for example_external_task_marker_child to None, run_after=None
[2022-12-17T04:34:57.630+0000] {logging_mixin.py:137} INFO - [2022-12-17T04:34:57.630+0000] {dag.py:3427} INFO - Setting next_dagrun for example_external_task_marker_parent to None, run_after=None
[2022-12-17T04:34:57.643+0000] {processor.py:175} INFO - Processing /home/airflow/.local/lib/python3.7/site-packages/airflow/example_dags/example_external_task_marker_dag.py took 0.084 seconds
[2022-12-17T04:35:28.334+0000] {processor.py:153} INFO - Started process (PID=2970) to work on /home/airflow/.local/lib/python3.7/site-packages/airflow/example_dags/example_external_task_marker_dag.py
[2022-12-17T04:35:28.335+0000] {processor.py:743} INFO - Processing file /home/airflow/.local/lib/python3.7/site-packages/airflow/example_dags/example_external_task_marker_dag.py for tasks to queue
[2022-12-17T04:35:28.336+0000] {logging_mixin.py:137} INFO - [2022-12-17T04:35:28.336+0000] {dagbag.py:538} INFO - Filling up the DagBag from /home/airflow/.local/lib/python3.7/site-packages/airflow/example_dags/example_external_task_marker_dag.py
[2022-12-17T04:35:28.346+0000] {processor.py:753} INFO - DAG(s) dict_keys(['example_external_task_marker_child', 'example_external_task_marker_parent']) retrieved from /home/airflow/.local/lib/python3.7/site-packages/airflow/example_dags/example_external_task_marker_dag.py
[2022-12-17T04:35:28.377+0000] {logging_mixin.py:137} INFO - [2022-12-17T04:35:28.377+0000] {dag.py:2676} INFO - Sync 2 DAGs
[2022-12-17T04:35:28.402+0000] {logging_mixin.py:137} INFO - [2022-12-17T04:35:28.402+0000] {dag.py:3427} INFO - Setting next_dagrun for example_external_task_marker_child to None, run_after=None
[2022-12-17T04:35:28.407+0000] {logging_mixin.py:137} INFO - [2022-12-17T04:35:28.407+0000] {dag.py:3427} INFO - Setting next_dagrun for example_external_task_marker_parent to None, run_after=None
[2022-12-17T04:35:28.420+0000] {processor.py:175} INFO - Processing /home/airflow/.local/lib/python3.7/site-packages/airflow/example_dags/example_external_task_marker_dag.py took 0.088 seconds
[2022-12-17T04:35:58.637+0000] {processor.py:153} INFO - Started process (PID=3060) to work on /home/airflow/.local/lib/python3.7/site-packages/airflow/example_dags/example_external_task_marker_dag.py
[2022-12-17T04:35:58.637+0000] {processor.py:743} INFO - Processing file /home/airflow/.local/lib/python3.7/site-packages/airflow/example_dags/example_external_task_marker_dag.py for tasks to queue
[2022-12-17T04:35:58.638+0000] {logging_mixin.py:137} INFO - [2022-12-17T04:35:58.638+0000] {dagbag.py:538} INFO - Filling up the DagBag from /home/airflow/.local/lib/python3.7/site-packages/airflow/example_dags/example_external_task_marker_dag.py
[2022-12-17T04:35:58.649+0000] {processor.py:753} INFO - DAG(s) dict_keys(['example_external_task_marker_child', 'example_external_task_marker_parent']) retrieved from /home/airflow/.local/lib/python3.7/site-packages/airflow/example_dags/example_external_task_marker_dag.py
[2022-12-17T04:35:58.682+0000] {logging_mixin.py:137} INFO - [2022-12-17T04:35:58.682+0000] {dag.py:2676} INFO - Sync 2 DAGs
[2022-12-17T04:35:58.708+0000] {logging_mixin.py:137} INFO - [2022-12-17T04:35:58.708+0000] {dag.py:3427} INFO - Setting next_dagrun for example_external_task_marker_child to None, run_after=None
[2022-12-17T04:35:58.711+0000] {logging_mixin.py:137} INFO - [2022-12-17T04:35:58.711+0000] {dag.py:3427} INFO - Setting next_dagrun for example_external_task_marker_parent to None, run_after=None
[2022-12-17T04:35:58.725+0000] {processor.py:175} INFO - Processing /home/airflow/.local/lib/python3.7/site-packages/airflow/example_dags/example_external_task_marker_dag.py took 0.091 seconds
[2022-12-17T04:36:29.280+0000] {processor.py:153} INFO - Started process (PID=3159) to work on /home/airflow/.local/lib/python3.7/site-packages/airflow/example_dags/example_external_task_marker_dag.py
[2022-12-17T04:36:29.281+0000] {processor.py:743} INFO - Processing file /home/airflow/.local/lib/python3.7/site-packages/airflow/example_dags/example_external_task_marker_dag.py for tasks to queue
[2022-12-17T04:36:29.281+0000] {logging_mixin.py:137} INFO - [2022-12-17T04:36:29.281+0000] {dagbag.py:538} INFO - Filling up the DagBag from /home/airflow/.local/lib/python3.7/site-packages/airflow/example_dags/example_external_task_marker_dag.py
[2022-12-17T04:36:29.292+0000] {processor.py:753} INFO - DAG(s) dict_keys(['example_external_task_marker_parent', 'example_external_task_marker_child']) retrieved from /home/airflow/.local/lib/python3.7/site-packages/airflow/example_dags/example_external_task_marker_dag.py
[2022-12-17T04:36:29.323+0000] {logging_mixin.py:137} INFO - [2022-12-17T04:36:29.323+0000] {dag.py:2676} INFO - Sync 2 DAGs
[2022-12-17T04:36:29.343+0000] {logging_mixin.py:137} INFO - [2022-12-17T04:36:29.343+0000] {dag.py:3427} INFO - Setting next_dagrun for example_external_task_marker_child to None, run_after=None
[2022-12-17T04:36:29.345+0000] {logging_mixin.py:137} INFO - [2022-12-17T04:36:29.345+0000] {dag.py:3427} INFO - Setting next_dagrun for example_external_task_marker_parent to None, run_after=None
[2022-12-17T04:36:29.357+0000] {processor.py:175} INFO - Processing /home/airflow/.local/lib/python3.7/site-packages/airflow/example_dags/example_external_task_marker_dag.py took 0.080 seconds
[2022-12-17T04:36:59.634+0000] {processor.py:153} INFO - Started process (PID=3238) to work on /home/airflow/.local/lib/python3.7/site-packages/airflow/example_dags/example_external_task_marker_dag.py
[2022-12-17T04:36:59.635+0000] {processor.py:743} INFO - Processing file /home/airflow/.local/lib/python3.7/site-packages/airflow/example_dags/example_external_task_marker_dag.py for tasks to queue
[2022-12-17T04:36:59.636+0000] {logging_mixin.py:137} INFO - [2022-12-17T04:36:59.636+0000] {dagbag.py:538} INFO - Filling up the DagBag from /home/airflow/.local/lib/python3.7/site-packages/airflow/example_dags/example_external_task_marker_dag.py
[2022-12-17T04:36:59.645+0000] {processor.py:753} INFO - DAG(s) dict_keys(['example_external_task_marker_child', 'example_external_task_marker_parent']) retrieved from /home/airflow/.local/lib/python3.7/site-packages/airflow/example_dags/example_external_task_marker_dag.py
[2022-12-17T04:36:59.681+0000] {logging_mixin.py:137} INFO - [2022-12-17T04:36:59.681+0000] {dag.py:2676} INFO - Sync 2 DAGs
[2022-12-17T04:36:59.707+0000] {logging_mixin.py:137} INFO - [2022-12-17T04:36:59.707+0000] {dag.py:3427} INFO - Setting next_dagrun for example_external_task_marker_child to None, run_after=None
[2022-12-17T04:36:59.710+0000] {logging_mixin.py:137} INFO - [2022-12-17T04:36:59.710+0000] {dag.py:3427} INFO - Setting next_dagrun for example_external_task_marker_parent to None, run_after=None
[2022-12-17T04:36:59.723+0000] {processor.py:175} INFO - Processing /home/airflow/.local/lib/python3.7/site-packages/airflow/example_dags/example_external_task_marker_dag.py took 0.092 seconds
[2022-12-17T04:37:29.890+0000] {processor.py:153} INFO - Started process (PID=3337) to work on /home/airflow/.local/lib/python3.7/site-packages/airflow/example_dags/example_external_task_marker_dag.py
[2022-12-17T04:37:29.890+0000] {processor.py:743} INFO - Processing file /home/airflow/.local/lib/python3.7/site-packages/airflow/example_dags/example_external_task_marker_dag.py for tasks to queue
[2022-12-17T04:37:29.891+0000] {logging_mixin.py:137} INFO - [2022-12-17T04:37:29.891+0000] {dagbag.py:538} INFO - Filling up the DagBag from /home/airflow/.local/lib/python3.7/site-packages/airflow/example_dags/example_external_task_marker_dag.py
[2022-12-17T04:37:29.900+0000] {processor.py:753} INFO - DAG(s) dict_keys(['example_external_task_marker_parent', 'example_external_task_marker_child']) retrieved from /home/airflow/.local/lib/python3.7/site-packages/airflow/example_dags/example_external_task_marker_dag.py
[2022-12-17T04:37:29.932+0000] {logging_mixin.py:137} INFO - [2022-12-17T04:37:29.932+0000] {dag.py:2676} INFO - Sync 2 DAGs
[2022-12-17T04:37:29.950+0000] {logging_mixin.py:137} INFO - [2022-12-17T04:37:29.950+0000] {dag.py:3427} INFO - Setting next_dagrun for example_external_task_marker_child to None, run_after=None
[2022-12-17T04:37:29.953+0000] {logging_mixin.py:137} INFO - [2022-12-17T04:37:29.952+0000] {dag.py:3427} INFO - Setting next_dagrun for example_external_task_marker_parent to None, run_after=None
[2022-12-17T04:37:29.963+0000] {processor.py:175} INFO - Processing /home/airflow/.local/lib/python3.7/site-packages/airflow/example_dags/example_external_task_marker_dag.py took 0.077 seconds
[2022-12-17T04:38:00.427+0000] {processor.py:153} INFO - Started process (PID=3416) to work on /home/airflow/.local/lib/python3.7/site-packages/airflow/example_dags/example_external_task_marker_dag.py
[2022-12-17T04:38:00.428+0000] {processor.py:743} INFO - Processing file /home/airflow/.local/lib/python3.7/site-packages/airflow/example_dags/example_external_task_marker_dag.py for tasks to queue
[2022-12-17T04:38:00.428+0000] {logging_mixin.py:137} INFO - [2022-12-17T04:38:00.428+0000] {dagbag.py:538} INFO - Filling up the DagBag from /home/airflow/.local/lib/python3.7/site-packages/airflow/example_dags/example_external_task_marker_dag.py
[2022-12-17T04:38:00.440+0000] {processor.py:753} INFO - DAG(s) dict_keys(['example_external_task_marker_child', 'example_external_task_marker_parent']) retrieved from /home/airflow/.local/lib/python3.7/site-packages/airflow/example_dags/example_external_task_marker_dag.py
[2022-12-17T04:38:00.475+0000] {logging_mixin.py:137} INFO - [2022-12-17T04:38:00.474+0000] {dag.py:2676} INFO - Sync 2 DAGs
[2022-12-17T04:38:00.494+0000] {logging_mixin.py:137} INFO - [2022-12-17T04:38:00.494+0000] {dag.py:3427} INFO - Setting next_dagrun for example_external_task_marker_child to None, run_after=None
[2022-12-17T04:38:00.496+0000] {logging_mixin.py:137} INFO - [2022-12-17T04:38:00.496+0000] {dag.py:3427} INFO - Setting next_dagrun for example_external_task_marker_parent to None, run_after=None
[2022-12-17T04:38:00.511+0000] {processor.py:175} INFO - Processing /home/airflow/.local/lib/python3.7/site-packages/airflow/example_dags/example_external_task_marker_dag.py took 0.086 seconds
[2022-12-17T04:38:30.817+0000] {processor.py:153} INFO - Started process (PID=3515) to work on /home/airflow/.local/lib/python3.7/site-packages/airflow/example_dags/example_external_task_marker_dag.py
[2022-12-17T04:38:30.817+0000] {processor.py:743} INFO - Processing file /home/airflow/.local/lib/python3.7/site-packages/airflow/example_dags/example_external_task_marker_dag.py for tasks to queue
[2022-12-17T04:38:30.818+0000] {logging_mixin.py:137} INFO - [2022-12-17T04:38:30.818+0000] {dagbag.py:538} INFO - Filling up the DagBag from /home/airflow/.local/lib/python3.7/site-packages/airflow/example_dags/example_external_task_marker_dag.py
[2022-12-17T04:38:30.828+0000] {processor.py:753} INFO - DAG(s) dict_keys(['example_external_task_marker_parent', 'example_external_task_marker_child']) retrieved from /home/airflow/.local/lib/python3.7/site-packages/airflow/example_dags/example_external_task_marker_dag.py
[2022-12-17T04:38:30.857+0000] {logging_mixin.py:137} INFO - [2022-12-17T04:38:30.857+0000] {dag.py:2676} INFO - Sync 2 DAGs
[2022-12-17T04:38:30.876+0000] {logging_mixin.py:137} INFO - [2022-12-17T04:38:30.876+0000] {dag.py:3427} INFO - Setting next_dagrun for example_external_task_marker_child to None, run_after=None
[2022-12-17T04:38:30.878+0000] {logging_mixin.py:137} INFO - [2022-12-17T04:38:30.878+0000] {dag.py:3427} INFO - Setting next_dagrun for example_external_task_marker_parent to None, run_after=None
[2022-12-17T04:38:30.889+0000] {processor.py:175} INFO - Processing /home/airflow/.local/lib/python3.7/site-packages/airflow/example_dags/example_external_task_marker_dag.py took 0.075 seconds
[2022-12-17T04:39:01.137+0000] {processor.py:153} INFO - Started process (PID=3603) to work on /home/airflow/.local/lib/python3.7/site-packages/airflow/example_dags/example_external_task_marker_dag.py
[2022-12-17T04:39:01.138+0000] {processor.py:743} INFO - Processing file /home/airflow/.local/lib/python3.7/site-packages/airflow/example_dags/example_external_task_marker_dag.py for tasks to queue
[2022-12-17T04:39:01.138+0000] {logging_mixin.py:137} INFO - [2022-12-17T04:39:01.138+0000] {dagbag.py:538} INFO - Filling up the DagBag from /home/airflow/.local/lib/python3.7/site-packages/airflow/example_dags/example_external_task_marker_dag.py
[2022-12-17T04:39:01.147+0000] {processor.py:753} INFO - DAG(s) dict_keys(['example_external_task_marker_parent', 'example_external_task_marker_child']) retrieved from /home/airflow/.local/lib/python3.7/site-packages/airflow/example_dags/example_external_task_marker_dag.py
[2022-12-17T04:39:01.179+0000] {logging_mixin.py:137} INFO - [2022-12-17T04:39:01.179+0000] {dag.py:2676} INFO - Sync 2 DAGs
[2022-12-17T04:39:01.198+0000] {logging_mixin.py:137} INFO - [2022-12-17T04:39:01.198+0000] {dag.py:3427} INFO - Setting next_dagrun for example_external_task_marker_child to None, run_after=None
[2022-12-17T04:39:01.201+0000] {logging_mixin.py:137} INFO - [2022-12-17T04:39:01.201+0000] {dag.py:3427} INFO - Setting next_dagrun for example_external_task_marker_parent to None, run_after=None
[2022-12-17T04:39:01.214+0000] {processor.py:175} INFO - Processing /home/airflow/.local/lib/python3.7/site-packages/airflow/example_dags/example_external_task_marker_dag.py took 0.079 seconds
[2022-12-17T04:39:31.575+0000] {processor.py:153} INFO - Started process (PID=3693) to work on /home/airflow/.local/lib/python3.7/site-packages/airflow/example_dags/example_external_task_marker_dag.py
[2022-12-17T04:39:31.575+0000] {processor.py:743} INFO - Processing file /home/airflow/.local/lib/python3.7/site-packages/airflow/example_dags/example_external_task_marker_dag.py for tasks to queue
[2022-12-17T04:39:31.576+0000] {logging_mixin.py:137} INFO - [2022-12-17T04:39:31.576+0000] {dagbag.py:538} INFO - Filling up the DagBag from /home/airflow/.local/lib/python3.7/site-packages/airflow/example_dags/example_external_task_marker_dag.py
[2022-12-17T04:39:31.585+0000] {processor.py:753} INFO - DAG(s) dict_keys(['example_external_task_marker_parent', 'example_external_task_marker_child']) retrieved from /home/airflow/.local/lib/python3.7/site-packages/airflow/example_dags/example_external_task_marker_dag.py
[2022-12-17T04:39:31.615+0000] {logging_mixin.py:137} INFO - [2022-12-17T04:39:31.615+0000] {dag.py:2676} INFO - Sync 2 DAGs
[2022-12-17T04:39:31.640+0000] {logging_mixin.py:137} INFO - [2022-12-17T04:39:31.640+0000] {dag.py:3427} INFO - Setting next_dagrun for example_external_task_marker_child to None, run_after=None
[2022-12-17T04:39:31.642+0000] {logging_mixin.py:137} INFO - [2022-12-17T04:39:31.642+0000] {dag.py:3427} INFO - Setting next_dagrun for example_external_task_marker_parent to None, run_after=None
[2022-12-17T04:39:31.654+0000] {processor.py:175} INFO - Processing /home/airflow/.local/lib/python3.7/site-packages/airflow/example_dags/example_external_task_marker_dag.py took 0.082 seconds
[2022-12-17T04:40:02.104+0000] {processor.py:153} INFO - Started process (PID=3792) to work on /home/airflow/.local/lib/python3.7/site-packages/airflow/example_dags/example_external_task_marker_dag.py
[2022-12-17T04:40:02.105+0000] {processor.py:743} INFO - Processing file /home/airflow/.local/lib/python3.7/site-packages/airflow/example_dags/example_external_task_marker_dag.py for tasks to queue
[2022-12-17T04:40:02.105+0000] {logging_mixin.py:137} INFO - [2022-12-17T04:40:02.105+0000] {dagbag.py:538} INFO - Filling up the DagBag from /home/airflow/.local/lib/python3.7/site-packages/airflow/example_dags/example_external_task_marker_dag.py
[2022-12-17T04:40:02.116+0000] {processor.py:753} INFO - DAG(s) dict_keys(['example_external_task_marker_child', 'example_external_task_marker_parent']) retrieved from /home/airflow/.local/lib/python3.7/site-packages/airflow/example_dags/example_external_task_marker_dag.py
[2022-12-17T04:40:02.145+0000] {logging_mixin.py:137} INFO - [2022-12-17T04:40:02.144+0000] {dag.py:2676} INFO - Sync 2 DAGs
[2022-12-17T04:40:02.162+0000] {logging_mixin.py:137} INFO - [2022-12-17T04:40:02.162+0000] {dag.py:3427} INFO - Setting next_dagrun for example_external_task_marker_child to None, run_after=None
[2022-12-17T04:40:02.165+0000] {logging_mixin.py:137} INFO - [2022-12-17T04:40:02.165+0000] {dag.py:3427} INFO - Setting next_dagrun for example_external_task_marker_parent to None, run_after=None
[2022-12-17T04:40:02.176+0000] {processor.py:175} INFO - Processing /home/airflow/.local/lib/python3.7/site-packages/airflow/example_dags/example_external_task_marker_dag.py took 0.075 seconds
[2022-12-17T04:40:32.445+0000] {processor.py:153} INFO - Started process (PID=3872) to work on /home/airflow/.local/lib/python3.7/site-packages/airflow/example_dags/example_external_task_marker_dag.py
[2022-12-17T04:40:32.446+0000] {processor.py:743} INFO - Processing file /home/airflow/.local/lib/python3.7/site-packages/airflow/example_dags/example_external_task_marker_dag.py for tasks to queue
[2022-12-17T04:40:32.446+0000] {logging_mixin.py:137} INFO - [2022-12-17T04:40:32.446+0000] {dagbag.py:538} INFO - Filling up the DagBag from /home/airflow/.local/lib/python3.7/site-packages/airflow/example_dags/example_external_task_marker_dag.py
[2022-12-17T04:40:32.456+0000] {processor.py:753} INFO - DAG(s) dict_keys(['example_external_task_marker_child', 'example_external_task_marker_parent']) retrieved from /home/airflow/.local/lib/python3.7/site-packages/airflow/example_dags/example_external_task_marker_dag.py
[2022-12-17T04:40:32.489+0000] {logging_mixin.py:137} INFO - [2022-12-17T04:40:32.488+0000] {dag.py:2676} INFO - Sync 2 DAGs
[2022-12-17T04:40:32.513+0000] {logging_mixin.py:137} INFO - [2022-12-17T04:40:32.513+0000] {dag.py:3427} INFO - Setting next_dagrun for example_external_task_marker_child to None, run_after=None
[2022-12-17T04:40:32.515+0000] {logging_mixin.py:137} INFO - [2022-12-17T04:40:32.515+0000] {dag.py:3427} INFO - Setting next_dagrun for example_external_task_marker_parent to None, run_after=None
[2022-12-17T04:40:32.525+0000] {processor.py:175} INFO - Processing /home/airflow/.local/lib/python3.7/site-packages/airflow/example_dags/example_external_task_marker_dag.py took 0.082 seconds
[2022-12-17T04:41:02.727+0000] {processor.py:153} INFO - Started process (PID=3971) to work on /home/airflow/.local/lib/python3.7/site-packages/airflow/example_dags/example_external_task_marker_dag.py
[2022-12-17T04:41:02.728+0000] {processor.py:743} INFO - Processing file /home/airflow/.local/lib/python3.7/site-packages/airflow/example_dags/example_external_task_marker_dag.py for tasks to queue
[2022-12-17T04:41:02.728+0000] {logging_mixin.py:137} INFO - [2022-12-17T04:41:02.728+0000] {dagbag.py:538} INFO - Filling up the DagBag from /home/airflow/.local/lib/python3.7/site-packages/airflow/example_dags/example_external_task_marker_dag.py
[2022-12-17T04:41:02.739+0000] {processor.py:753} INFO - DAG(s) dict_keys(['example_external_task_marker_parent', 'example_external_task_marker_child']) retrieved from /home/airflow/.local/lib/python3.7/site-packages/airflow/example_dags/example_external_task_marker_dag.py
[2022-12-17T04:41:02.770+0000] {logging_mixin.py:137} INFO - [2022-12-17T04:41:02.770+0000] {dag.py:2676} INFO - Sync 2 DAGs
[2022-12-17T04:41:02.791+0000] {logging_mixin.py:137} INFO - [2022-12-17T04:41:02.791+0000] {dag.py:3427} INFO - Setting next_dagrun for example_external_task_marker_child to None, run_after=None
[2022-12-17T04:41:02.794+0000] {logging_mixin.py:137} INFO - [2022-12-17T04:41:02.794+0000] {dag.py:3427} INFO - Setting next_dagrun for example_external_task_marker_parent to None, run_after=None
[2022-12-17T04:41:02.807+0000] {processor.py:175} INFO - Processing /home/airflow/.local/lib/python3.7/site-packages/airflow/example_dags/example_external_task_marker_dag.py took 0.083 seconds
[2022-12-17T04:41:33.052+0000] {processor.py:153} INFO - Started process (PID=4050) to work on /home/airflow/.local/lib/python3.7/site-packages/airflow/example_dags/example_external_task_marker_dag.py
[2022-12-17T04:41:33.053+0000] {processor.py:743} INFO - Processing file /home/airflow/.local/lib/python3.7/site-packages/airflow/example_dags/example_external_task_marker_dag.py for tasks to queue
[2022-12-17T04:41:33.053+0000] {logging_mixin.py:137} INFO - [2022-12-17T04:41:33.053+0000] {dagbag.py:538} INFO - Filling up the DagBag from /home/airflow/.local/lib/python3.7/site-packages/airflow/example_dags/example_external_task_marker_dag.py
[2022-12-17T04:41:33.065+0000] {processor.py:753} INFO - DAG(s) dict_keys(['example_external_task_marker_child', 'example_external_task_marker_parent']) retrieved from /home/airflow/.local/lib/python3.7/site-packages/airflow/example_dags/example_external_task_marker_dag.py
[2022-12-17T04:41:33.097+0000] {logging_mixin.py:137} INFO - [2022-12-17T04:41:33.097+0000] {dag.py:2676} INFO - Sync 2 DAGs
[2022-12-17T04:41:33.118+0000] {logging_mixin.py:137} INFO - [2022-12-17T04:41:33.118+0000] {dag.py:3427} INFO - Setting next_dagrun for example_external_task_marker_child to None, run_after=None
[2022-12-17T04:41:33.121+0000] {logging_mixin.py:137} INFO - [2022-12-17T04:41:33.120+0000] {dag.py:3427} INFO - Setting next_dagrun for example_external_task_marker_parent to None, run_after=None
[2022-12-17T04:41:33.134+0000] {processor.py:175} INFO - Processing /home/airflow/.local/lib/python3.7/site-packages/airflow/example_dags/example_external_task_marker_dag.py took 0.084 seconds
[2022-12-17T04:42:03.303+0000] {processor.py:153} INFO - Started process (PID=4150) to work on /home/airflow/.local/lib/python3.7/site-packages/airflow/example_dags/example_external_task_marker_dag.py
[2022-12-17T04:42:03.304+0000] {processor.py:743} INFO - Processing file /home/airflow/.local/lib/python3.7/site-packages/airflow/example_dags/example_external_task_marker_dag.py for tasks to queue
[2022-12-17T04:42:03.304+0000] {logging_mixin.py:137} INFO - [2022-12-17T04:42:03.304+0000] {dagbag.py:538} INFO - Filling up the DagBag from /home/airflow/.local/lib/python3.7/site-packages/airflow/example_dags/example_external_task_marker_dag.py
[2022-12-17T04:42:03.317+0000] {processor.py:753} INFO - DAG(s) dict_keys(['example_external_task_marker_child', 'example_external_task_marker_parent']) retrieved from /home/airflow/.local/lib/python3.7/site-packages/airflow/example_dags/example_external_task_marker_dag.py
[2022-12-17T04:42:03.346+0000] {logging_mixin.py:137} INFO - [2022-12-17T04:42:03.346+0000] {dag.py:2676} INFO - Sync 2 DAGs
[2022-12-17T04:42:03.366+0000] {logging_mixin.py:137} INFO - [2022-12-17T04:42:03.366+0000] {dag.py:3427} INFO - Setting next_dagrun for example_external_task_marker_child to None, run_after=None
[2022-12-17T04:42:03.370+0000] {logging_mixin.py:137} INFO - [2022-12-17T04:42:03.370+0000] {dag.py:3427} INFO - Setting next_dagrun for example_external_task_marker_parent to None, run_after=None
[2022-12-17T04:42:03.382+0000] {processor.py:175} INFO - Processing /home/airflow/.local/lib/python3.7/site-packages/airflow/example_dags/example_external_task_marker_dag.py took 0.080 seconds
[2022-12-17T04:42:33.657+0000] {processor.py:153} INFO - Started process (PID=4229) to work on /home/airflow/.local/lib/python3.7/site-packages/airflow/example_dags/example_external_task_marker_dag.py
[2022-12-17T04:42:33.659+0000] {processor.py:743} INFO - Processing file /home/airflow/.local/lib/python3.7/site-packages/airflow/example_dags/example_external_task_marker_dag.py for tasks to queue
[2022-12-17T04:42:33.660+0000] {logging_mixin.py:137} INFO - [2022-12-17T04:42:33.660+0000] {dagbag.py:538} INFO - Filling up the DagBag from /home/airflow/.local/lib/python3.7/site-packages/airflow/example_dags/example_external_task_marker_dag.py
[2022-12-17T04:42:33.672+0000] {processor.py:753} INFO - DAG(s) dict_keys(['example_external_task_marker_child', 'example_external_task_marker_parent']) retrieved from /home/airflow/.local/lib/python3.7/site-packages/airflow/example_dags/example_external_task_marker_dag.py
[2022-12-17T04:42:33.713+0000] {logging_mixin.py:137} INFO - [2022-12-17T04:42:33.713+0000] {dag.py:2676} INFO - Sync 2 DAGs
[2022-12-17T04:42:33.735+0000] {logging_mixin.py:137} INFO - [2022-12-17T04:42:33.735+0000] {dag.py:3427} INFO - Setting next_dagrun for example_external_task_marker_child to None, run_after=None
[2022-12-17T04:42:33.738+0000] {logging_mixin.py:137} INFO - [2022-12-17T04:42:33.738+0000] {dag.py:3427} INFO - Setting next_dagrun for example_external_task_marker_parent to None, run_after=None
[2022-12-17T04:42:33.752+0000] {processor.py:175} INFO - Processing /home/airflow/.local/lib/python3.7/site-packages/airflow/example_dags/example_external_task_marker_dag.py took 0.097 seconds
[2022-12-17T04:43:04.224+0000] {processor.py:153} INFO - Started process (PID=4328) to work on /home/airflow/.local/lib/python3.7/site-packages/airflow/example_dags/example_external_task_marker_dag.py
[2022-12-17T04:43:04.225+0000] {processor.py:743} INFO - Processing file /home/airflow/.local/lib/python3.7/site-packages/airflow/example_dags/example_external_task_marker_dag.py for tasks to queue
[2022-12-17T04:43:04.226+0000] {logging_mixin.py:137} INFO - [2022-12-17T04:43:04.226+0000] {dagbag.py:538} INFO - Filling up the DagBag from /home/airflow/.local/lib/python3.7/site-packages/airflow/example_dags/example_external_task_marker_dag.py
[2022-12-17T04:43:04.235+0000] {processor.py:753} INFO - DAG(s) dict_keys(['example_external_task_marker_child', 'example_external_task_marker_parent']) retrieved from /home/airflow/.local/lib/python3.7/site-packages/airflow/example_dags/example_external_task_marker_dag.py
[2022-12-17T04:43:04.267+0000] {logging_mixin.py:137} INFO - [2022-12-17T04:43:04.267+0000] {dag.py:2676} INFO - Sync 2 DAGs
[2022-12-17T04:43:04.288+0000] {logging_mixin.py:137} INFO - [2022-12-17T04:43:04.288+0000] {dag.py:3427} INFO - Setting next_dagrun for example_external_task_marker_child to None, run_after=None
[2022-12-17T04:43:04.293+0000] {logging_mixin.py:137} INFO - [2022-12-17T04:43:04.292+0000] {dag.py:3427} INFO - Setting next_dagrun for example_external_task_marker_parent to None, run_after=None
[2022-12-17T04:43:04.305+0000] {processor.py:175} INFO - Processing /home/airflow/.local/lib/python3.7/site-packages/airflow/example_dags/example_external_task_marker_dag.py took 0.084 seconds
[2022-12-17T04:43:34.535+0000] {processor.py:153} INFO - Started process (PID=4427) to work on /home/airflow/.local/lib/python3.7/site-packages/airflow/example_dags/example_external_task_marker_dag.py
[2022-12-17T04:43:34.536+0000] {processor.py:743} INFO - Processing file /home/airflow/.local/lib/python3.7/site-packages/airflow/example_dags/example_external_task_marker_dag.py for tasks to queue
[2022-12-17T04:43:34.536+0000] {logging_mixin.py:137} INFO - [2022-12-17T04:43:34.536+0000] {dagbag.py:538} INFO - Filling up the DagBag from /home/airflow/.local/lib/python3.7/site-packages/airflow/example_dags/example_external_task_marker_dag.py
[2022-12-17T04:43:34.547+0000] {processor.py:753} INFO - DAG(s) dict_keys(['example_external_task_marker_child', 'example_external_task_marker_parent']) retrieved from /home/airflow/.local/lib/python3.7/site-packages/airflow/example_dags/example_external_task_marker_dag.py
[2022-12-17T04:43:34.582+0000] {logging_mixin.py:137} INFO - [2022-12-17T04:43:34.582+0000] {dag.py:2676} INFO - Sync 2 DAGs
[2022-12-17T04:43:34.609+0000] {logging_mixin.py:137} INFO - [2022-12-17T04:43:34.609+0000] {dag.py:3427} INFO - Setting next_dagrun for example_external_task_marker_child to None, run_after=None
[2022-12-17T04:43:34.612+0000] {logging_mixin.py:137} INFO - [2022-12-17T04:43:34.612+0000] {dag.py:3427} INFO - Setting next_dagrun for example_external_task_marker_parent to None, run_after=None
[2022-12-17T04:43:34.628+0000] {processor.py:175} INFO - Processing /home/airflow/.local/lib/python3.7/site-packages/airflow/example_dags/example_external_task_marker_dag.py took 0.095 seconds
[2022-12-17T04:44:04.705+0000] {processor.py:153} INFO - Started process (PID=4507) to work on /home/airflow/.local/lib/python3.7/site-packages/airflow/example_dags/example_external_task_marker_dag.py
[2022-12-17T04:44:04.706+0000] {processor.py:743} INFO - Processing file /home/airflow/.local/lib/python3.7/site-packages/airflow/example_dags/example_external_task_marker_dag.py for tasks to queue
[2022-12-17T04:44:04.706+0000] {logging_mixin.py:137} INFO - [2022-12-17T04:44:04.706+0000] {dagbag.py:538} INFO - Filling up the DagBag from /home/airflow/.local/lib/python3.7/site-packages/airflow/example_dags/example_external_task_marker_dag.py
[2022-12-17T04:44:04.715+0000] {processor.py:753} INFO - DAG(s) dict_keys(['example_external_task_marker_parent', 'example_external_task_marker_child']) retrieved from /home/airflow/.local/lib/python3.7/site-packages/airflow/example_dags/example_external_task_marker_dag.py
[2022-12-17T04:44:04.745+0000] {logging_mixin.py:137} INFO - [2022-12-17T04:44:04.745+0000] {dag.py:2676} INFO - Sync 2 DAGs
[2022-12-17T04:44:04.769+0000] {logging_mixin.py:137} INFO - [2022-12-17T04:44:04.769+0000] {dag.py:3427} INFO - Setting next_dagrun for example_external_task_marker_child to None, run_after=None
[2022-12-17T04:44:04.771+0000] {logging_mixin.py:137} INFO - [2022-12-17T04:44:04.771+0000] {dag.py:3427} INFO - Setting next_dagrun for example_external_task_marker_parent to None, run_after=None
[2022-12-17T04:44:04.782+0000] {processor.py:175} INFO - Processing /home/airflow/.local/lib/python3.7/site-packages/airflow/example_dags/example_external_task_marker_dag.py took 0.081 seconds
[2022-12-17T04:44:35.049+0000] {processor.py:153} INFO - Started process (PID=4606) to work on /home/airflow/.local/lib/python3.7/site-packages/airflow/example_dags/example_external_task_marker_dag.py
[2022-12-17T04:44:35.050+0000] {processor.py:743} INFO - Processing file /home/airflow/.local/lib/python3.7/site-packages/airflow/example_dags/example_external_task_marker_dag.py for tasks to queue
[2022-12-17T04:44:35.050+0000] {logging_mixin.py:137} INFO - [2022-12-17T04:44:35.050+0000] {dagbag.py:538} INFO - Filling up the DagBag from /home/airflow/.local/lib/python3.7/site-packages/airflow/example_dags/example_external_task_marker_dag.py
[2022-12-17T04:44:35.062+0000] {processor.py:753} INFO - DAG(s) dict_keys(['example_external_task_marker_parent', 'example_external_task_marker_child']) retrieved from /home/airflow/.local/lib/python3.7/site-packages/airflow/example_dags/example_external_task_marker_dag.py
[2022-12-17T04:44:35.093+0000] {logging_mixin.py:137} INFO - [2022-12-17T04:44:35.093+0000] {dag.py:2676} INFO - Sync 2 DAGs
[2022-12-17T04:44:35.112+0000] {logging_mixin.py:137} INFO - [2022-12-17T04:44:35.111+0000] {dag.py:3427} INFO - Setting next_dagrun for example_external_task_marker_child to None, run_after=None
[2022-12-17T04:44:35.114+0000] {logging_mixin.py:137} INFO - [2022-12-17T04:44:35.114+0000] {dag.py:3427} INFO - Setting next_dagrun for example_external_task_marker_parent to None, run_after=None
[2022-12-17T04:44:35.124+0000] {processor.py:175} INFO - Processing /home/airflow/.local/lib/python3.7/site-packages/airflow/example_dags/example_external_task_marker_dag.py took 0.077 seconds
[2022-12-17T04:45:05.405+0000] {processor.py:153} INFO - Started process (PID=4685) to work on /home/airflow/.local/lib/python3.7/site-packages/airflow/example_dags/example_external_task_marker_dag.py
[2022-12-17T04:45:05.406+0000] {processor.py:743} INFO - Processing file /home/airflow/.local/lib/python3.7/site-packages/airflow/example_dags/example_external_task_marker_dag.py for tasks to queue
[2022-12-17T04:45:05.406+0000] {logging_mixin.py:137} INFO - [2022-12-17T04:45:05.406+0000] {dagbag.py:538} INFO - Filling up the DagBag from /home/airflow/.local/lib/python3.7/site-packages/airflow/example_dags/example_external_task_marker_dag.py
[2022-12-17T04:45:05.417+0000] {processor.py:753} INFO - DAG(s) dict_keys(['example_external_task_marker_child', 'example_external_task_marker_parent']) retrieved from /home/airflow/.local/lib/python3.7/site-packages/airflow/example_dags/example_external_task_marker_dag.py
[2022-12-17T04:45:05.449+0000] {logging_mixin.py:137} INFO - [2022-12-17T04:45:05.449+0000] {dag.py:2676} INFO - Sync 2 DAGs
[2022-12-17T04:45:05.469+0000] {logging_mixin.py:137} INFO - [2022-12-17T04:45:05.469+0000] {dag.py:3427} INFO - Setting next_dagrun for example_external_task_marker_child to None, run_after=None
[2022-12-17T04:45:05.472+0000] {logging_mixin.py:137} INFO - [2022-12-17T04:45:05.472+0000] {dag.py:3427} INFO - Setting next_dagrun for example_external_task_marker_parent to None, run_after=None
[2022-12-17T04:45:05.484+0000] {processor.py:175} INFO - Processing /home/airflow/.local/lib/python3.7/site-packages/airflow/example_dags/example_external_task_marker_dag.py took 0.082 seconds
