[2022-12-17T04:19:14.837+0000] {processor.py:153} INFO - Started process (PID=55) to work on /home/airflow/.local/lib/python3.7/site-packages/airflow/example_dags/tutorial_dag.py
[2022-12-17T04:19:14.838+0000] {processor.py:743} INFO - Processing file /home/airflow/.local/lib/python3.7/site-packages/airflow/example_dags/tutorial_dag.py for tasks to queue
[2022-12-17T04:19:14.838+0000] {logging_mixin.py:137} INFO - [2022-12-17T04:19:14.838+0000] {dagbag.py:538} INFO - Filling up the DagBag from /home/airflow/.local/lib/python3.7/site-packages/airflow/example_dags/tutorial_dag.py
[2022-12-17T04:19:14.848+0000] {processor.py:753} INFO - DAG(s) dict_keys(['tutorial_dag']) retrieved from /home/airflow/.local/lib/python3.7/site-packages/airflow/example_dags/tutorial_dag.py
[2022-12-17T04:19:14.942+0000] {logging_mixin.py:137} INFO - [2022-12-17T04:19:14.941+0000] {manager.py:504} INFO - Created Permission View: can read on DAG:tutorial_dag
[2022-12-17T04:19:14.950+0000] {logging_mixin.py:137} INFO - [2022-12-17T04:19:14.950+0000] {manager.py:504} INFO - Created Permission View: can delete on DAG:tutorial_dag
[2022-12-17T04:19:14.957+0000] {logging_mixin.py:137} INFO - [2022-12-17T04:19:14.956+0000] {manager.py:504} INFO - Created Permission View: can edit on DAG:tutorial_dag
[2022-12-17T04:19:14.957+0000] {logging_mixin.py:137} INFO - [2022-12-17T04:19:14.957+0000] {dag.py:2676} INFO - Sync 1 DAGs
[2022-12-17T04:19:14.971+0000] {logging_mixin.py:137} INFO - [2022-12-17T04:19:14.971+0000] {dag.py:2697} INFO - Creating ORM DAG for tutorial_dag
[2022-12-17T04:19:14.983+0000] {logging_mixin.py:137} INFO - [2022-12-17T04:19:14.983+0000] {dag.py:3427} INFO - Setting next_dagrun for tutorial_dag to None, run_after=None
[2022-12-17T04:19:15.001+0000] {processor.py:175} INFO - Processing /home/airflow/.local/lib/python3.7/site-packages/airflow/example_dags/tutorial_dag.py took 0.167 seconds
[2022-12-17T04:19:45.490+0000] {processor.py:153} INFO - Started process (PID=154) to work on /home/airflow/.local/lib/python3.7/site-packages/airflow/example_dags/tutorial_dag.py
[2022-12-17T04:19:45.491+0000] {processor.py:743} INFO - Processing file /home/airflow/.local/lib/python3.7/site-packages/airflow/example_dags/tutorial_dag.py for tasks to queue
[2022-12-17T04:19:45.491+0000] {logging_mixin.py:137} INFO - [2022-12-17T04:19:45.491+0000] {dagbag.py:538} INFO - Filling up the DagBag from /home/airflow/.local/lib/python3.7/site-packages/airflow/example_dags/tutorial_dag.py
[2022-12-17T04:19:45.501+0000] {processor.py:753} INFO - DAG(s) dict_keys(['tutorial_dag']) retrieved from /home/airflow/.local/lib/python3.7/site-packages/airflow/example_dags/tutorial_dag.py
[2022-12-17T04:19:45.530+0000] {logging_mixin.py:137} INFO - [2022-12-17T04:19:45.529+0000] {dag.py:2676} INFO - Sync 1 DAGs
[2022-12-17T04:19:45.549+0000] {logging_mixin.py:137} INFO - [2022-12-17T04:19:45.548+0000] {dag.py:3427} INFO - Setting next_dagrun for tutorial_dag to None, run_after=None
[2022-12-17T04:19:45.561+0000] {processor.py:175} INFO - Processing /home/airflow/.local/lib/python3.7/site-packages/airflow/example_dags/tutorial_dag.py took 0.074 seconds
[2022-12-17T04:20:15.698+0000] {processor.py:153} INFO - Started process (PID=233) to work on /home/airflow/.local/lib/python3.7/site-packages/airflow/example_dags/tutorial_dag.py
[2022-12-17T04:20:15.702+0000] {processor.py:743} INFO - Processing file /home/airflow/.local/lib/python3.7/site-packages/airflow/example_dags/tutorial_dag.py for tasks to queue
[2022-12-17T04:20:15.702+0000] {logging_mixin.py:137} INFO - [2022-12-17T04:20:15.702+0000] {dagbag.py:538} INFO - Filling up the DagBag from /home/airflow/.local/lib/python3.7/site-packages/airflow/example_dags/tutorial_dag.py
[2022-12-17T04:20:15.715+0000] {processor.py:753} INFO - DAG(s) dict_keys(['tutorial_dag']) retrieved from /home/airflow/.local/lib/python3.7/site-packages/airflow/example_dags/tutorial_dag.py
[2022-12-17T04:20:15.765+0000] {logging_mixin.py:137} INFO - [2022-12-17T04:20:15.765+0000] {dag.py:2676} INFO - Sync 1 DAGs
[2022-12-17T04:20:15.784+0000] {logging_mixin.py:137} INFO - [2022-12-17T04:20:15.784+0000] {dag.py:3427} INFO - Setting next_dagrun for tutorial_dag to None, run_after=None
[2022-12-17T04:20:15.796+0000] {processor.py:175} INFO - Processing /home/airflow/.local/lib/python3.7/site-packages/airflow/example_dags/tutorial_dag.py took 0.103 seconds
[2022-12-17T04:20:46.096+0000] {processor.py:153} INFO - Started process (PID=332) to work on /home/airflow/.local/lib/python3.7/site-packages/airflow/example_dags/tutorial_dag.py
[2022-12-17T04:20:46.096+0000] {processor.py:743} INFO - Processing file /home/airflow/.local/lib/python3.7/site-packages/airflow/example_dags/tutorial_dag.py for tasks to queue
[2022-12-17T04:20:46.097+0000] {logging_mixin.py:137} INFO - [2022-12-17T04:20:46.097+0000] {dagbag.py:538} INFO - Filling up the DagBag from /home/airflow/.local/lib/python3.7/site-packages/airflow/example_dags/tutorial_dag.py
[2022-12-17T04:20:46.108+0000] {processor.py:753} INFO - DAG(s) dict_keys(['tutorial_dag']) retrieved from /home/airflow/.local/lib/python3.7/site-packages/airflow/example_dags/tutorial_dag.py
[2022-12-17T04:20:46.143+0000] {logging_mixin.py:137} INFO - [2022-12-17T04:20:46.142+0000] {dag.py:2676} INFO - Sync 1 DAGs
[2022-12-17T04:20:46.162+0000] {logging_mixin.py:137} INFO - [2022-12-17T04:20:46.161+0000] {dag.py:3427} INFO - Setting next_dagrun for tutorial_dag to None, run_after=None
[2022-12-17T04:20:46.176+0000] {processor.py:175} INFO - Processing /home/airflow/.local/lib/python3.7/site-packages/airflow/example_dags/tutorial_dag.py took 0.082 seconds
[2022-12-17T04:21:16.598+0000] {processor.py:153} INFO - Started process (PID=421) to work on /home/airflow/.local/lib/python3.7/site-packages/airflow/example_dags/tutorial_dag.py
[2022-12-17T04:21:16.599+0000] {processor.py:743} INFO - Processing file /home/airflow/.local/lib/python3.7/site-packages/airflow/example_dags/tutorial_dag.py for tasks to queue
[2022-12-17T04:21:16.599+0000] {logging_mixin.py:137} INFO - [2022-12-17T04:21:16.599+0000] {dagbag.py:538} INFO - Filling up the DagBag from /home/airflow/.local/lib/python3.7/site-packages/airflow/example_dags/tutorial_dag.py
[2022-12-17T04:21:16.611+0000] {processor.py:753} INFO - DAG(s) dict_keys(['tutorial_dag']) retrieved from /home/airflow/.local/lib/python3.7/site-packages/airflow/example_dags/tutorial_dag.py
[2022-12-17T04:21:16.646+0000] {logging_mixin.py:137} INFO - [2022-12-17T04:21:16.646+0000] {dag.py:2676} INFO - Sync 1 DAGs
[2022-12-17T04:21:16.674+0000] {logging_mixin.py:137} INFO - [2022-12-17T04:21:16.674+0000] {dag.py:3427} INFO - Setting next_dagrun for tutorial_dag to None, run_after=None
[2022-12-17T04:21:16.695+0000] {processor.py:175} INFO - Processing /home/airflow/.local/lib/python3.7/site-packages/airflow/example_dags/tutorial_dag.py took 0.100 seconds
[2022-12-17T04:21:46.930+0000] {processor.py:153} INFO - Started process (PID=511) to work on /home/airflow/.local/lib/python3.7/site-packages/airflow/example_dags/tutorial_dag.py
[2022-12-17T04:21:46.930+0000] {processor.py:743} INFO - Processing file /home/airflow/.local/lib/python3.7/site-packages/airflow/example_dags/tutorial_dag.py for tasks to queue
[2022-12-17T04:21:46.931+0000] {logging_mixin.py:137} INFO - [2022-12-17T04:21:46.931+0000] {dagbag.py:538} INFO - Filling up the DagBag from /home/airflow/.local/lib/python3.7/site-packages/airflow/example_dags/tutorial_dag.py
[2022-12-17T04:21:46.942+0000] {processor.py:753} INFO - DAG(s) dict_keys(['tutorial_dag']) retrieved from /home/airflow/.local/lib/python3.7/site-packages/airflow/example_dags/tutorial_dag.py
[2022-12-17T04:21:46.971+0000] {logging_mixin.py:137} INFO - [2022-12-17T04:21:46.971+0000] {dag.py:2676} INFO - Sync 1 DAGs
[2022-12-17T04:21:46.993+0000] {logging_mixin.py:137} INFO - [2022-12-17T04:21:46.993+0000] {dag.py:3427} INFO - Setting next_dagrun for tutorial_dag to None, run_after=None
[2022-12-17T04:21:47.006+0000] {processor.py:175} INFO - Processing /home/airflow/.local/lib/python3.7/site-packages/airflow/example_dags/tutorial_dag.py took 0.079 seconds
[2022-12-17T04:22:17.548+0000] {processor.py:153} INFO - Started process (PID=610) to work on /home/airflow/.local/lib/python3.7/site-packages/airflow/example_dags/tutorial_dag.py
[2022-12-17T04:22:17.549+0000] {processor.py:743} INFO - Processing file /home/airflow/.local/lib/python3.7/site-packages/airflow/example_dags/tutorial_dag.py for tasks to queue
[2022-12-17T04:22:17.550+0000] {logging_mixin.py:137} INFO - [2022-12-17T04:22:17.549+0000] {dagbag.py:538} INFO - Filling up the DagBag from /home/airflow/.local/lib/python3.7/site-packages/airflow/example_dags/tutorial_dag.py
[2022-12-17T04:22:17.561+0000] {processor.py:753} INFO - DAG(s) dict_keys(['tutorial_dag']) retrieved from /home/airflow/.local/lib/python3.7/site-packages/airflow/example_dags/tutorial_dag.py
[2022-12-17T04:22:17.588+0000] {logging_mixin.py:137} INFO - [2022-12-17T04:22:17.587+0000] {dag.py:2676} INFO - Sync 1 DAGs
[2022-12-17T04:22:17.607+0000] {logging_mixin.py:137} INFO - [2022-12-17T04:22:17.607+0000] {dag.py:3427} INFO - Setting next_dagrun for tutorial_dag to None, run_after=None
[2022-12-17T04:22:17.622+0000] {processor.py:175} INFO - Processing /home/airflow/.local/lib/python3.7/site-packages/airflow/example_dags/tutorial_dag.py took 0.077 seconds
[2022-12-17T04:22:47.720+0000] {processor.py:153} INFO - Started process (PID=689) to work on /home/airflow/.local/lib/python3.7/site-packages/airflow/example_dags/tutorial_dag.py
[2022-12-17T04:22:47.721+0000] {processor.py:743} INFO - Processing file /home/airflow/.local/lib/python3.7/site-packages/airflow/example_dags/tutorial_dag.py for tasks to queue
[2022-12-17T04:22:47.721+0000] {logging_mixin.py:137} INFO - [2022-12-17T04:22:47.721+0000] {dagbag.py:538} INFO - Filling up the DagBag from /home/airflow/.local/lib/python3.7/site-packages/airflow/example_dags/tutorial_dag.py
[2022-12-17T04:22:47.730+0000] {processor.py:753} INFO - DAG(s) dict_keys(['tutorial_dag']) retrieved from /home/airflow/.local/lib/python3.7/site-packages/airflow/example_dags/tutorial_dag.py
[2022-12-17T04:22:47.761+0000] {logging_mixin.py:137} INFO - [2022-12-17T04:22:47.760+0000] {dag.py:2676} INFO - Sync 1 DAGs
[2022-12-17T04:22:47.779+0000] {logging_mixin.py:137} INFO - [2022-12-17T04:22:47.779+0000] {dag.py:3427} INFO - Setting next_dagrun for tutorial_dag to None, run_after=None
[2022-12-17T04:22:47.793+0000] {processor.py:175} INFO - Processing /home/airflow/.local/lib/python3.7/site-packages/airflow/example_dags/tutorial_dag.py took 0.077 seconds
[2022-12-17T04:23:17.899+0000] {processor.py:153} INFO - Started process (PID=787) to work on /home/airflow/.local/lib/python3.7/site-packages/airflow/example_dags/tutorial_dag.py
[2022-12-17T04:23:17.899+0000] {processor.py:743} INFO - Processing file /home/airflow/.local/lib/python3.7/site-packages/airflow/example_dags/tutorial_dag.py for tasks to queue
[2022-12-17T04:23:17.900+0000] {logging_mixin.py:137} INFO - [2022-12-17T04:23:17.900+0000] {dagbag.py:538} INFO - Filling up the DagBag from /home/airflow/.local/lib/python3.7/site-packages/airflow/example_dags/tutorial_dag.py
[2022-12-17T04:23:17.908+0000] {processor.py:753} INFO - DAG(s) dict_keys(['tutorial_dag']) retrieved from /home/airflow/.local/lib/python3.7/site-packages/airflow/example_dags/tutorial_dag.py
[2022-12-17T04:23:17.935+0000] {logging_mixin.py:137} INFO - [2022-12-17T04:23:17.934+0000] {dag.py:2676} INFO - Sync 1 DAGs
[2022-12-17T04:23:17.952+0000] {logging_mixin.py:137} INFO - [2022-12-17T04:23:17.952+0000] {dag.py:3427} INFO - Setting next_dagrun for tutorial_dag to None, run_after=None
[2022-12-17T04:23:17.965+0000] {processor.py:175} INFO - Processing /home/airflow/.local/lib/python3.7/site-packages/airflow/example_dags/tutorial_dag.py took 0.068 seconds
[2022-12-17T04:23:48.277+0000] {processor.py:153} INFO - Started process (PID=866) to work on /home/airflow/.local/lib/python3.7/site-packages/airflow/example_dags/tutorial_dag.py
[2022-12-17T04:23:48.277+0000] {processor.py:743} INFO - Processing file /home/airflow/.local/lib/python3.7/site-packages/airflow/example_dags/tutorial_dag.py for tasks to queue
[2022-12-17T04:23:48.278+0000] {logging_mixin.py:137} INFO - [2022-12-17T04:23:48.278+0000] {dagbag.py:538} INFO - Filling up the DagBag from /home/airflow/.local/lib/python3.7/site-packages/airflow/example_dags/tutorial_dag.py
[2022-12-17T04:23:48.286+0000] {processor.py:753} INFO - DAG(s) dict_keys(['tutorial_dag']) retrieved from /home/airflow/.local/lib/python3.7/site-packages/airflow/example_dags/tutorial_dag.py
[2022-12-17T04:23:48.318+0000] {logging_mixin.py:137} INFO - [2022-12-17T04:23:48.318+0000] {dag.py:2676} INFO - Sync 1 DAGs
[2022-12-17T04:23:48.340+0000] {logging_mixin.py:137} INFO - [2022-12-17T04:23:48.340+0000] {dag.py:3427} INFO - Setting next_dagrun for tutorial_dag to None, run_after=None
[2022-12-17T04:23:48.358+0000] {processor.py:175} INFO - Processing /home/airflow/.local/lib/python3.7/site-packages/airflow/example_dags/tutorial_dag.py took 0.084 seconds
[2022-12-17T04:24:18.689+0000] {processor.py:153} INFO - Started process (PID=966) to work on /home/airflow/.local/lib/python3.7/site-packages/airflow/example_dags/tutorial_dag.py
[2022-12-17T04:24:18.690+0000] {processor.py:743} INFO - Processing file /home/airflow/.local/lib/python3.7/site-packages/airflow/example_dags/tutorial_dag.py for tasks to queue
[2022-12-17T04:24:18.690+0000] {logging_mixin.py:137} INFO - [2022-12-17T04:24:18.690+0000] {dagbag.py:538} INFO - Filling up the DagBag from /home/airflow/.local/lib/python3.7/site-packages/airflow/example_dags/tutorial_dag.py
[2022-12-17T04:24:18.699+0000] {processor.py:753} INFO - DAG(s) dict_keys(['tutorial_dag']) retrieved from /home/airflow/.local/lib/python3.7/site-packages/airflow/example_dags/tutorial_dag.py
[2022-12-17T04:24:18.730+0000] {logging_mixin.py:137} INFO - [2022-12-17T04:24:18.730+0000] {dag.py:2676} INFO - Sync 1 DAGs
[2022-12-17T04:24:18.749+0000] {logging_mixin.py:137} INFO - [2022-12-17T04:24:18.749+0000] {dag.py:3427} INFO - Setting next_dagrun for tutorial_dag to None, run_after=None
[2022-12-17T04:24:18.760+0000] {processor.py:175} INFO - Processing /home/airflow/.local/lib/python3.7/site-packages/airflow/example_dags/tutorial_dag.py took 0.074 seconds
[2022-12-17T04:24:49.015+0000] {processor.py:153} INFO - Started process (PID=1045) to work on /home/airflow/.local/lib/python3.7/site-packages/airflow/example_dags/tutorial_dag.py
[2022-12-17T04:24:49.016+0000] {processor.py:743} INFO - Processing file /home/airflow/.local/lib/python3.7/site-packages/airflow/example_dags/tutorial_dag.py for tasks to queue
[2022-12-17T04:24:49.016+0000] {logging_mixin.py:137} INFO - [2022-12-17T04:24:49.016+0000] {dagbag.py:538} INFO - Filling up the DagBag from /home/airflow/.local/lib/python3.7/site-packages/airflow/example_dags/tutorial_dag.py
[2022-12-17T04:24:49.027+0000] {processor.py:753} INFO - DAG(s) dict_keys(['tutorial_dag']) retrieved from /home/airflow/.local/lib/python3.7/site-packages/airflow/example_dags/tutorial_dag.py
[2022-12-17T04:24:49.055+0000] {logging_mixin.py:137} INFO - [2022-12-17T04:24:49.055+0000] {dag.py:2676} INFO - Sync 1 DAGs
[2022-12-17T04:24:49.075+0000] {logging_mixin.py:137} INFO - [2022-12-17T04:24:49.075+0000] {dag.py:3427} INFO - Setting next_dagrun for tutorial_dag to None, run_after=None
[2022-12-17T04:24:49.089+0000] {processor.py:175} INFO - Processing /home/airflow/.local/lib/python3.7/site-packages/airflow/example_dags/tutorial_dag.py took 0.077 seconds
[2022-12-17T04:25:19.166+0000] {processor.py:153} INFO - Started process (PID=1144) to work on /home/airflow/.local/lib/python3.7/site-packages/airflow/example_dags/tutorial_dag.py
[2022-12-17T04:25:19.167+0000] {processor.py:743} INFO - Processing file /home/airflow/.local/lib/python3.7/site-packages/airflow/example_dags/tutorial_dag.py for tasks to queue
[2022-12-17T04:25:19.167+0000] {logging_mixin.py:137} INFO - [2022-12-17T04:25:19.167+0000] {dagbag.py:538} INFO - Filling up the DagBag from /home/airflow/.local/lib/python3.7/site-packages/airflow/example_dags/tutorial_dag.py
[2022-12-17T04:25:19.179+0000] {processor.py:753} INFO - DAG(s) dict_keys(['tutorial_dag']) retrieved from /home/airflow/.local/lib/python3.7/site-packages/airflow/example_dags/tutorial_dag.py
[2022-12-17T04:25:19.211+0000] {logging_mixin.py:137} INFO - [2022-12-17T04:25:19.211+0000] {dag.py:2676} INFO - Sync 1 DAGs
[2022-12-17T04:25:19.229+0000] {logging_mixin.py:137} INFO - [2022-12-17T04:25:19.229+0000] {dag.py:3427} INFO - Setting next_dagrun for tutorial_dag to None, run_after=None
[2022-12-17T04:25:19.241+0000] {processor.py:175} INFO - Processing /home/airflow/.local/lib/python3.7/site-packages/airflow/example_dags/tutorial_dag.py took 0.078 seconds
[2022-12-17T04:25:49.742+0000] {processor.py:153} INFO - Started process (PID=1243) to work on /home/airflow/.local/lib/python3.7/site-packages/airflow/example_dags/tutorial_dag.py
[2022-12-17T04:25:49.743+0000] {processor.py:743} INFO - Processing file /home/airflow/.local/lib/python3.7/site-packages/airflow/example_dags/tutorial_dag.py for tasks to queue
[2022-12-17T04:25:49.744+0000] {logging_mixin.py:137} INFO - [2022-12-17T04:25:49.743+0000] {dagbag.py:538} INFO - Filling up the DagBag from /home/airflow/.local/lib/python3.7/site-packages/airflow/example_dags/tutorial_dag.py
[2022-12-17T04:25:49.754+0000] {processor.py:753} INFO - DAG(s) dict_keys(['tutorial_dag']) retrieved from /home/airflow/.local/lib/python3.7/site-packages/airflow/example_dags/tutorial_dag.py
[2022-12-17T04:25:49.779+0000] {logging_mixin.py:137} INFO - [2022-12-17T04:25:49.779+0000] {dag.py:2676} INFO - Sync 1 DAGs
[2022-12-17T04:25:49.798+0000] {logging_mixin.py:137} INFO - [2022-12-17T04:25:49.798+0000] {dag.py:3427} INFO - Setting next_dagrun for tutorial_dag to None, run_after=None
[2022-12-17T04:25:49.812+0000] {processor.py:175} INFO - Processing /home/airflow/.local/lib/python3.7/site-packages/airflow/example_dags/tutorial_dag.py took 0.071 seconds
[2022-12-17T04:26:20.189+0000] {processor.py:153} INFO - Started process (PID=1322) to work on /home/airflow/.local/lib/python3.7/site-packages/airflow/example_dags/tutorial_dag.py
[2022-12-17T04:26:20.189+0000] {processor.py:743} INFO - Processing file /home/airflow/.local/lib/python3.7/site-packages/airflow/example_dags/tutorial_dag.py for tasks to queue
[2022-12-17T04:26:20.190+0000] {logging_mixin.py:137} INFO - [2022-12-17T04:26:20.190+0000] {dagbag.py:538} INFO - Filling up the DagBag from /home/airflow/.local/lib/python3.7/site-packages/airflow/example_dags/tutorial_dag.py
[2022-12-17T04:26:20.202+0000] {processor.py:753} INFO - DAG(s) dict_keys(['tutorial_dag']) retrieved from /home/airflow/.local/lib/python3.7/site-packages/airflow/example_dags/tutorial_dag.py
[2022-12-17T04:26:20.233+0000] {logging_mixin.py:137} INFO - [2022-12-17T04:26:20.233+0000] {dag.py:2676} INFO - Sync 1 DAGs
[2022-12-17T04:26:20.252+0000] {logging_mixin.py:137} INFO - [2022-12-17T04:26:20.252+0000] {dag.py:3427} INFO - Setting next_dagrun for tutorial_dag to None, run_after=None
[2022-12-17T04:26:20.266+0000] {processor.py:175} INFO - Processing /home/airflow/.local/lib/python3.7/site-packages/airflow/example_dags/tutorial_dag.py took 0.080 seconds
[2022-12-17T04:26:50.540+0000] {processor.py:153} INFO - Started process (PID=1421) to work on /home/airflow/.local/lib/python3.7/site-packages/airflow/example_dags/tutorial_dag.py
[2022-12-17T04:26:50.540+0000] {processor.py:743} INFO - Processing file /home/airflow/.local/lib/python3.7/site-packages/airflow/example_dags/tutorial_dag.py for tasks to queue
[2022-12-17T04:26:50.541+0000] {logging_mixin.py:137} INFO - [2022-12-17T04:26:50.541+0000] {dagbag.py:538} INFO - Filling up the DagBag from /home/airflow/.local/lib/python3.7/site-packages/airflow/example_dags/tutorial_dag.py
[2022-12-17T04:26:50.552+0000] {processor.py:753} INFO - DAG(s) dict_keys(['tutorial_dag']) retrieved from /home/airflow/.local/lib/python3.7/site-packages/airflow/example_dags/tutorial_dag.py
[2022-12-17T04:26:50.578+0000] {logging_mixin.py:137} INFO - [2022-12-17T04:26:50.578+0000] {dag.py:2676} INFO - Sync 1 DAGs
[2022-12-17T04:26:50.596+0000] {logging_mixin.py:137} INFO - [2022-12-17T04:26:50.596+0000] {dag.py:3427} INFO - Setting next_dagrun for tutorial_dag to None, run_after=None
[2022-12-17T04:26:50.612+0000] {processor.py:175} INFO - Processing /home/airflow/.local/lib/python3.7/site-packages/airflow/example_dags/tutorial_dag.py took 0.074 seconds
[2022-12-17T04:27:20.702+0000] {processor.py:153} INFO - Started process (PID=1500) to work on /home/airflow/.local/lib/python3.7/site-packages/airflow/example_dags/tutorial_dag.py
[2022-12-17T04:27:20.703+0000] {processor.py:743} INFO - Processing file /home/airflow/.local/lib/python3.7/site-packages/airflow/example_dags/tutorial_dag.py for tasks to queue
[2022-12-17T04:27:20.704+0000] {logging_mixin.py:137} INFO - [2022-12-17T04:27:20.704+0000] {dagbag.py:538} INFO - Filling up the DagBag from /home/airflow/.local/lib/python3.7/site-packages/airflow/example_dags/tutorial_dag.py
[2022-12-17T04:27:20.714+0000] {processor.py:753} INFO - DAG(s) dict_keys(['tutorial_dag']) retrieved from /home/airflow/.local/lib/python3.7/site-packages/airflow/example_dags/tutorial_dag.py
[2022-12-17T04:27:20.741+0000] {logging_mixin.py:137} INFO - [2022-12-17T04:27:20.741+0000] {dag.py:2676} INFO - Sync 1 DAGs
[2022-12-17T04:27:20.760+0000] {logging_mixin.py:137} INFO - [2022-12-17T04:27:20.760+0000] {dag.py:3427} INFO - Setting next_dagrun for tutorial_dag to None, run_after=None
[2022-12-17T04:27:20.773+0000] {processor.py:175} INFO - Processing /home/airflow/.local/lib/python3.7/site-packages/airflow/example_dags/tutorial_dag.py took 0.073 seconds
[2022-12-17T04:27:51.158+0000] {processor.py:153} INFO - Started process (PID=1600) to work on /home/airflow/.local/lib/python3.7/site-packages/airflow/example_dags/tutorial_dag.py
[2022-12-17T04:27:51.158+0000] {processor.py:743} INFO - Processing file /home/airflow/.local/lib/python3.7/site-packages/airflow/example_dags/tutorial_dag.py for tasks to queue
[2022-12-17T04:27:51.158+0000] {logging_mixin.py:137} INFO - [2022-12-17T04:27:51.158+0000] {dagbag.py:538} INFO - Filling up the DagBag from /home/airflow/.local/lib/python3.7/site-packages/airflow/example_dags/tutorial_dag.py
[2022-12-17T04:27:51.167+0000] {processor.py:753} INFO - DAG(s) dict_keys(['tutorial_dag']) retrieved from /home/airflow/.local/lib/python3.7/site-packages/airflow/example_dags/tutorial_dag.py
[2022-12-17T04:27:51.199+0000] {logging_mixin.py:137} INFO - [2022-12-17T04:27:51.199+0000] {dag.py:2676} INFO - Sync 1 DAGs
[2022-12-17T04:27:51.220+0000] {logging_mixin.py:137} INFO - [2022-12-17T04:27:51.220+0000] {dag.py:3427} INFO - Setting next_dagrun for tutorial_dag to None, run_after=None
[2022-12-17T04:27:51.233+0000] {processor.py:175} INFO - Processing /home/airflow/.local/lib/python3.7/site-packages/airflow/example_dags/tutorial_dag.py took 0.079 seconds
[2022-12-17T04:28:21.510+0000] {processor.py:153} INFO - Started process (PID=1679) to work on /home/airflow/.local/lib/python3.7/site-packages/airflow/example_dags/tutorial_dag.py
[2022-12-17T04:28:21.511+0000] {processor.py:743} INFO - Processing file /home/airflow/.local/lib/python3.7/site-packages/airflow/example_dags/tutorial_dag.py for tasks to queue
[2022-12-17T04:28:21.512+0000] {logging_mixin.py:137} INFO - [2022-12-17T04:28:21.512+0000] {dagbag.py:538} INFO - Filling up the DagBag from /home/airflow/.local/lib/python3.7/site-packages/airflow/example_dags/tutorial_dag.py
[2022-12-17T04:28:21.523+0000] {processor.py:753} INFO - DAG(s) dict_keys(['tutorial_dag']) retrieved from /home/airflow/.local/lib/python3.7/site-packages/airflow/example_dags/tutorial_dag.py
[2022-12-17T04:28:21.553+0000] {logging_mixin.py:137} INFO - [2022-12-17T04:28:21.553+0000] {dag.py:2676} INFO - Sync 1 DAGs
[2022-12-17T04:28:21.572+0000] {logging_mixin.py:137} INFO - [2022-12-17T04:28:21.572+0000] {dag.py:3427} INFO - Setting next_dagrun for tutorial_dag to None, run_after=None
[2022-12-17T04:28:21.587+0000] {processor.py:175} INFO - Processing /home/airflow/.local/lib/python3.7/site-packages/airflow/example_dags/tutorial_dag.py took 0.080 seconds
[2022-12-17T04:28:51.664+0000] {processor.py:153} INFO - Started process (PID=1779) to work on /home/airflow/.local/lib/python3.7/site-packages/airflow/example_dags/tutorial_dag.py
[2022-12-17T04:28:51.664+0000] {processor.py:743} INFO - Processing file /home/airflow/.local/lib/python3.7/site-packages/airflow/example_dags/tutorial_dag.py for tasks to queue
[2022-12-17T04:28:51.665+0000] {logging_mixin.py:137} INFO - [2022-12-17T04:28:51.665+0000] {dagbag.py:538} INFO - Filling up the DagBag from /home/airflow/.local/lib/python3.7/site-packages/airflow/example_dags/tutorial_dag.py
[2022-12-17T04:28:51.675+0000] {processor.py:753} INFO - DAG(s) dict_keys(['tutorial_dag']) retrieved from /home/airflow/.local/lib/python3.7/site-packages/airflow/example_dags/tutorial_dag.py
[2022-12-17T04:28:51.701+0000] {logging_mixin.py:137} INFO - [2022-12-17T04:28:51.701+0000] {dag.py:2676} INFO - Sync 1 DAGs
[2022-12-17T04:28:51.720+0000] {logging_mixin.py:137} INFO - [2022-12-17T04:28:51.719+0000] {dag.py:3427} INFO - Setting next_dagrun for tutorial_dag to None, run_after=None
[2022-12-17T04:28:51.733+0000] {processor.py:175} INFO - Processing /home/airflow/.local/lib/python3.7/site-packages/airflow/example_dags/tutorial_dag.py took 0.072 seconds
[2022-12-17T04:29:22.249+0000] {processor.py:153} INFO - Started process (PID=1867) to work on /home/airflow/.local/lib/python3.7/site-packages/airflow/example_dags/tutorial_dag.py
[2022-12-17T04:29:22.249+0000] {processor.py:743} INFO - Processing file /home/airflow/.local/lib/python3.7/site-packages/airflow/example_dags/tutorial_dag.py for tasks to queue
[2022-12-17T04:29:22.250+0000] {logging_mixin.py:137} INFO - [2022-12-17T04:29:22.250+0000] {dagbag.py:538} INFO - Filling up the DagBag from /home/airflow/.local/lib/python3.7/site-packages/airflow/example_dags/tutorial_dag.py
[2022-12-17T04:29:22.260+0000] {processor.py:753} INFO - DAG(s) dict_keys(['tutorial_dag']) retrieved from /home/airflow/.local/lib/python3.7/site-packages/airflow/example_dags/tutorial_dag.py
[2022-12-17T04:29:22.288+0000] {logging_mixin.py:137} INFO - [2022-12-17T04:29:22.288+0000] {dag.py:2676} INFO - Sync 1 DAGs
[2022-12-17T04:29:22.307+0000] {logging_mixin.py:137} INFO - [2022-12-17T04:29:22.307+0000] {dag.py:3427} INFO - Setting next_dagrun for tutorial_dag to None, run_after=None
[2022-12-17T04:29:22.320+0000] {processor.py:175} INFO - Processing /home/airflow/.local/lib/python3.7/site-packages/airflow/example_dags/tutorial_dag.py took 0.074 seconds
[2022-12-17T04:29:52.352+0000] {processor.py:153} INFO - Started process (PID=1957) to work on /home/airflow/.local/lib/python3.7/site-packages/airflow/example_dags/tutorial_dag.py
[2022-12-17T04:29:52.353+0000] {processor.py:743} INFO - Processing file /home/airflow/.local/lib/python3.7/site-packages/airflow/example_dags/tutorial_dag.py for tasks to queue
[2022-12-17T04:29:52.353+0000] {logging_mixin.py:137} INFO - [2022-12-17T04:29:52.353+0000] {dagbag.py:538} INFO - Filling up the DagBag from /home/airflow/.local/lib/python3.7/site-packages/airflow/example_dags/tutorial_dag.py
[2022-12-17T04:29:52.365+0000] {processor.py:753} INFO - DAG(s) dict_keys(['tutorial_dag']) retrieved from /home/airflow/.local/lib/python3.7/site-packages/airflow/example_dags/tutorial_dag.py
[2022-12-17T04:29:52.432+0000] {logging_mixin.py:137} INFO - [2022-12-17T04:29:52.432+0000] {dag.py:2676} INFO - Sync 1 DAGs
[2022-12-17T04:29:52.453+0000] {logging_mixin.py:137} INFO - [2022-12-17T04:29:52.453+0000] {dag.py:3427} INFO - Setting next_dagrun for tutorial_dag to None, run_after=None
[2022-12-17T04:29:52.467+0000] {processor.py:175} INFO - Processing /home/airflow/.local/lib/python3.7/site-packages/airflow/example_dags/tutorial_dag.py took 0.118 seconds
[2022-12-17T04:30:22.794+0000] {processor.py:153} INFO - Started process (PID=2056) to work on /home/airflow/.local/lib/python3.7/site-packages/airflow/example_dags/tutorial_dag.py
[2022-12-17T04:30:22.795+0000] {processor.py:743} INFO - Processing file /home/airflow/.local/lib/python3.7/site-packages/airflow/example_dags/tutorial_dag.py for tasks to queue
[2022-12-17T04:30:22.795+0000] {logging_mixin.py:137} INFO - [2022-12-17T04:30:22.795+0000] {dagbag.py:538} INFO - Filling up the DagBag from /home/airflow/.local/lib/python3.7/site-packages/airflow/example_dags/tutorial_dag.py
[2022-12-17T04:30:22.807+0000] {processor.py:753} INFO - DAG(s) dict_keys(['tutorial_dag']) retrieved from /home/airflow/.local/lib/python3.7/site-packages/airflow/example_dags/tutorial_dag.py
[2022-12-17T04:30:22.840+0000] {logging_mixin.py:137} INFO - [2022-12-17T04:30:22.840+0000] {dag.py:2676} INFO - Sync 1 DAGs
[2022-12-17T04:30:22.858+0000] {logging_mixin.py:137} INFO - [2022-12-17T04:30:22.858+0000] {dag.py:3427} INFO - Setting next_dagrun for tutorial_dag to None, run_after=None
[2022-12-17T04:30:22.870+0000] {processor.py:175} INFO - Processing /home/airflow/.local/lib/python3.7/site-packages/airflow/example_dags/tutorial_dag.py took 0.078 seconds
[2022-12-17T04:30:53.005+0000] {processor.py:153} INFO - Started process (PID=2135) to work on /home/airflow/.local/lib/python3.7/site-packages/airflow/example_dags/tutorial_dag.py
[2022-12-17T04:30:53.006+0000] {processor.py:743} INFO - Processing file /home/airflow/.local/lib/python3.7/site-packages/airflow/example_dags/tutorial_dag.py for tasks to queue
[2022-12-17T04:30:53.006+0000] {logging_mixin.py:137} INFO - [2022-12-17T04:30:53.006+0000] {dagbag.py:538} INFO - Filling up the DagBag from /home/airflow/.local/lib/python3.7/site-packages/airflow/example_dags/tutorial_dag.py
[2022-12-17T04:30:53.016+0000] {processor.py:753} INFO - DAG(s) dict_keys(['tutorial_dag']) retrieved from /home/airflow/.local/lib/python3.7/site-packages/airflow/example_dags/tutorial_dag.py
[2022-12-17T04:30:53.044+0000] {logging_mixin.py:137} INFO - [2022-12-17T04:30:53.044+0000] {dag.py:2676} INFO - Sync 1 DAGs
[2022-12-17T04:30:53.062+0000] {logging_mixin.py:137} INFO - [2022-12-17T04:30:53.062+0000] {dag.py:3427} INFO - Setting next_dagrun for tutorial_dag to None, run_after=None
[2022-12-17T04:30:53.073+0000] {processor.py:175} INFO - Processing /home/airflow/.local/lib/python3.7/site-packages/airflow/example_dags/tutorial_dag.py took 0.071 seconds
[2022-12-17T04:31:23.344+0000] {processor.py:153} INFO - Started process (PID=2234) to work on /home/airflow/.local/lib/python3.7/site-packages/airflow/example_dags/tutorial_dag.py
[2022-12-17T04:31:23.345+0000] {processor.py:743} INFO - Processing file /home/airflow/.local/lib/python3.7/site-packages/airflow/example_dags/tutorial_dag.py for tasks to queue
[2022-12-17T04:31:23.345+0000] {logging_mixin.py:137} INFO - [2022-12-17T04:31:23.345+0000] {dagbag.py:538} INFO - Filling up the DagBag from /home/airflow/.local/lib/python3.7/site-packages/airflow/example_dags/tutorial_dag.py
[2022-12-17T04:31:23.355+0000] {processor.py:753} INFO - DAG(s) dict_keys(['tutorial_dag']) retrieved from /home/airflow/.local/lib/python3.7/site-packages/airflow/example_dags/tutorial_dag.py
[2022-12-17T04:31:23.389+0000] {logging_mixin.py:137} INFO - [2022-12-17T04:31:23.389+0000] {dag.py:2676} INFO - Sync 1 DAGs
[2022-12-17T04:31:23.409+0000] {logging_mixin.py:137} INFO - [2022-12-17T04:31:23.409+0000] {dag.py:3427} INFO - Setting next_dagrun for tutorial_dag to None, run_after=None
[2022-12-17T04:31:23.421+0000] {processor.py:175} INFO - Processing /home/airflow/.local/lib/python3.7/site-packages/airflow/example_dags/tutorial_dag.py took 0.081 seconds
[2022-12-17T04:31:53.922+0000] {processor.py:153} INFO - Started process (PID=2313) to work on /home/airflow/.local/lib/python3.7/site-packages/airflow/example_dags/tutorial_dag.py
[2022-12-17T04:31:53.922+0000] {processor.py:743} INFO - Processing file /home/airflow/.local/lib/python3.7/site-packages/airflow/example_dags/tutorial_dag.py for tasks to queue
[2022-12-17T04:31:53.923+0000] {logging_mixin.py:137} INFO - [2022-12-17T04:31:53.923+0000] {dagbag.py:538} INFO - Filling up the DagBag from /home/airflow/.local/lib/python3.7/site-packages/airflow/example_dags/tutorial_dag.py
[2022-12-17T04:31:53.932+0000] {processor.py:753} INFO - DAG(s) dict_keys(['tutorial_dag']) retrieved from /home/airflow/.local/lib/python3.7/site-packages/airflow/example_dags/tutorial_dag.py
[2022-12-17T04:31:53.960+0000] {logging_mixin.py:137} INFO - [2022-12-17T04:31:53.960+0000] {dag.py:2676} INFO - Sync 1 DAGs
[2022-12-17T04:31:53.979+0000] {logging_mixin.py:137} INFO - [2022-12-17T04:31:53.979+0000] {dag.py:3427} INFO - Setting next_dagrun for tutorial_dag to None, run_after=None
[2022-12-17T04:31:53.990+0000] {processor.py:175} INFO - Processing /home/airflow/.local/lib/python3.7/site-packages/airflow/example_dags/tutorial_dag.py took 0.071 seconds
[2022-12-17T04:32:24.138+0000] {processor.py:153} INFO - Started process (PID=2413) to work on /home/airflow/.local/lib/python3.7/site-packages/airflow/example_dags/tutorial_dag.py
[2022-12-17T04:32:24.139+0000] {processor.py:743} INFO - Processing file /home/airflow/.local/lib/python3.7/site-packages/airflow/example_dags/tutorial_dag.py for tasks to queue
[2022-12-17T04:32:24.139+0000] {logging_mixin.py:137} INFO - [2022-12-17T04:32:24.139+0000] {dagbag.py:538} INFO - Filling up the DagBag from /home/airflow/.local/lib/python3.7/site-packages/airflow/example_dags/tutorial_dag.py
[2022-12-17T04:32:24.148+0000] {processor.py:753} INFO - DAG(s) dict_keys(['tutorial_dag']) retrieved from /home/airflow/.local/lib/python3.7/site-packages/airflow/example_dags/tutorial_dag.py
[2022-12-17T04:32:24.178+0000] {logging_mixin.py:137} INFO - [2022-12-17T04:32:24.178+0000] {dag.py:2676} INFO - Sync 1 DAGs
[2022-12-17T04:32:24.196+0000] {logging_mixin.py:137} INFO - [2022-12-17T04:32:24.196+0000] {dag.py:3427} INFO - Setting next_dagrun for tutorial_dag to None, run_after=None
[2022-12-17T04:32:24.207+0000] {processor.py:175} INFO - Processing /home/airflow/.local/lib/python3.7/site-packages/airflow/example_dags/tutorial_dag.py took 0.072 seconds
[2022-12-17T04:32:54.484+0000] {processor.py:153} INFO - Started process (PID=2512) to work on /home/airflow/.local/lib/python3.7/site-packages/airflow/example_dags/tutorial_dag.py
[2022-12-17T04:32:54.484+0000] {processor.py:743} INFO - Processing file /home/airflow/.local/lib/python3.7/site-packages/airflow/example_dags/tutorial_dag.py for tasks to queue
[2022-12-17T04:32:54.485+0000] {logging_mixin.py:137} INFO - [2022-12-17T04:32:54.485+0000] {dagbag.py:538} INFO - Filling up the DagBag from /home/airflow/.local/lib/python3.7/site-packages/airflow/example_dags/tutorial_dag.py
[2022-12-17T04:32:54.497+0000] {processor.py:753} INFO - DAG(s) dict_keys(['tutorial_dag']) retrieved from /home/airflow/.local/lib/python3.7/site-packages/airflow/example_dags/tutorial_dag.py
[2022-12-17T04:32:54.541+0000] {logging_mixin.py:137} INFO - [2022-12-17T04:32:54.541+0000] {dag.py:2676} INFO - Sync 1 DAGs
[2022-12-17T04:32:54.565+0000] {logging_mixin.py:137} INFO - [2022-12-17T04:32:54.565+0000] {dag.py:3427} INFO - Setting next_dagrun for tutorial_dag to None, run_after=None
[2022-12-17T04:32:54.578+0000] {processor.py:175} INFO - Processing /home/airflow/.local/lib/python3.7/site-packages/airflow/example_dags/tutorial_dag.py took 0.097 seconds
[2022-12-17T04:33:24.606+0000] {processor.py:153} INFO - Started process (PID=2592) to work on /home/airflow/.local/lib/python3.7/site-packages/airflow/example_dags/tutorial_dag.py
[2022-12-17T04:33:24.607+0000] {processor.py:743} INFO - Processing file /home/airflow/.local/lib/python3.7/site-packages/airflow/example_dags/tutorial_dag.py for tasks to queue
[2022-12-17T04:33:24.608+0000] {logging_mixin.py:137} INFO - [2022-12-17T04:33:24.608+0000] {dagbag.py:538} INFO - Filling up the DagBag from /home/airflow/.local/lib/python3.7/site-packages/airflow/example_dags/tutorial_dag.py
[2022-12-17T04:33:24.617+0000] {processor.py:753} INFO - DAG(s) dict_keys(['tutorial_dag']) retrieved from /home/airflow/.local/lib/python3.7/site-packages/airflow/example_dags/tutorial_dag.py
[2022-12-17T04:33:24.643+0000] {logging_mixin.py:137} INFO - [2022-12-17T04:33:24.643+0000] {dag.py:2676} INFO - Sync 1 DAGs
[2022-12-17T04:33:24.662+0000] {logging_mixin.py:137} INFO - [2022-12-17T04:33:24.662+0000] {dag.py:3427} INFO - Setting next_dagrun for tutorial_dag to None, run_after=None
[2022-12-17T04:33:24.675+0000] {processor.py:175} INFO - Processing /home/airflow/.local/lib/python3.7/site-packages/airflow/example_dags/tutorial_dag.py took 0.071 seconds
[2022-12-17T04:33:55.210+0000] {processor.py:153} INFO - Started process (PID=2691) to work on /home/airflow/.local/lib/python3.7/site-packages/airflow/example_dags/tutorial_dag.py
[2022-12-17T04:33:55.211+0000] {processor.py:743} INFO - Processing file /home/airflow/.local/lib/python3.7/site-packages/airflow/example_dags/tutorial_dag.py for tasks to queue
[2022-12-17T04:33:55.211+0000] {logging_mixin.py:137} INFO - [2022-12-17T04:33:55.211+0000] {dagbag.py:538} INFO - Filling up the DagBag from /home/airflow/.local/lib/python3.7/site-packages/airflow/example_dags/tutorial_dag.py
[2022-12-17T04:33:55.220+0000] {processor.py:753} INFO - DAG(s) dict_keys(['tutorial_dag']) retrieved from /home/airflow/.local/lib/python3.7/site-packages/airflow/example_dags/tutorial_dag.py
[2022-12-17T04:33:55.250+0000] {logging_mixin.py:137} INFO - [2022-12-17T04:33:55.250+0000] {dag.py:2676} INFO - Sync 1 DAGs
[2022-12-17T04:33:55.270+0000] {logging_mixin.py:137} INFO - [2022-12-17T04:33:55.270+0000] {dag.py:3427} INFO - Setting next_dagrun for tutorial_dag to None, run_after=None
[2022-12-17T04:33:55.282+0000] {processor.py:175} INFO - Processing /home/airflow/.local/lib/python3.7/site-packages/airflow/example_dags/tutorial_dag.py took 0.075 seconds
[2022-12-17T04:34:25.535+0000] {processor.py:153} INFO - Started process (PID=2770) to work on /home/airflow/.local/lib/python3.7/site-packages/airflow/example_dags/tutorial_dag.py
[2022-12-17T04:34:25.536+0000] {processor.py:743} INFO - Processing file /home/airflow/.local/lib/python3.7/site-packages/airflow/example_dags/tutorial_dag.py for tasks to queue
[2022-12-17T04:34:25.537+0000] {logging_mixin.py:137} INFO - [2022-12-17T04:34:25.537+0000] {dagbag.py:538} INFO - Filling up the DagBag from /home/airflow/.local/lib/python3.7/site-packages/airflow/example_dags/tutorial_dag.py
[2022-12-17T04:34:25.545+0000] {processor.py:753} INFO - DAG(s) dict_keys(['tutorial_dag']) retrieved from /home/airflow/.local/lib/python3.7/site-packages/airflow/example_dags/tutorial_dag.py
[2022-12-17T04:34:25.575+0000] {logging_mixin.py:137} INFO - [2022-12-17T04:34:25.575+0000] {dag.py:2676} INFO - Sync 1 DAGs
[2022-12-17T04:34:25.593+0000] {logging_mixin.py:137} INFO - [2022-12-17T04:34:25.593+0000] {dag.py:3427} INFO - Setting next_dagrun for tutorial_dag to None, run_after=None
[2022-12-17T04:34:25.610+0000] {processor.py:175} INFO - Processing /home/airflow/.local/lib/python3.7/site-packages/airflow/example_dags/tutorial_dag.py took 0.078 seconds
[2022-12-17T04:34:55.850+0000] {processor.py:153} INFO - Started process (PID=2869) to work on /home/airflow/.local/lib/python3.7/site-packages/airflow/example_dags/tutorial_dag.py
[2022-12-17T04:34:55.851+0000] {processor.py:743} INFO - Processing file /home/airflow/.local/lib/python3.7/site-packages/airflow/example_dags/tutorial_dag.py for tasks to queue
[2022-12-17T04:34:55.851+0000] {logging_mixin.py:137} INFO - [2022-12-17T04:34:55.851+0000] {dagbag.py:538} INFO - Filling up the DagBag from /home/airflow/.local/lib/python3.7/site-packages/airflow/example_dags/tutorial_dag.py
[2022-12-17T04:34:55.862+0000] {processor.py:753} INFO - DAG(s) dict_keys(['tutorial_dag']) retrieved from /home/airflow/.local/lib/python3.7/site-packages/airflow/example_dags/tutorial_dag.py
[2022-12-17T04:34:55.893+0000] {logging_mixin.py:137} INFO - [2022-12-17T04:34:55.893+0000] {dag.py:2676} INFO - Sync 1 DAGs
[2022-12-17T04:34:55.913+0000] {logging_mixin.py:137} INFO - [2022-12-17T04:34:55.913+0000] {dag.py:3427} INFO - Setting next_dagrun for tutorial_dag to None, run_after=None
[2022-12-17T04:34:55.927+0000] {processor.py:175} INFO - Processing /home/airflow/.local/lib/python3.7/site-packages/airflow/example_dags/tutorial_dag.py took 0.079 seconds
[2022-12-17T04:35:26.249+0000] {processor.py:153} INFO - Started process (PID=2948) to work on /home/airflow/.local/lib/python3.7/site-packages/airflow/example_dags/tutorial_dag.py
[2022-12-17T04:35:26.250+0000] {processor.py:743} INFO - Processing file /home/airflow/.local/lib/python3.7/site-packages/airflow/example_dags/tutorial_dag.py for tasks to queue
[2022-12-17T04:35:26.250+0000] {logging_mixin.py:137} INFO - [2022-12-17T04:35:26.250+0000] {dagbag.py:538} INFO - Filling up the DagBag from /home/airflow/.local/lib/python3.7/site-packages/airflow/example_dags/tutorial_dag.py
[2022-12-17T04:35:26.263+0000] {processor.py:753} INFO - DAG(s) dict_keys(['tutorial_dag']) retrieved from /home/airflow/.local/lib/python3.7/site-packages/airflow/example_dags/tutorial_dag.py
[2022-12-17T04:35:26.291+0000] {logging_mixin.py:137} INFO - [2022-12-17T04:35:26.291+0000] {dag.py:2676} INFO - Sync 1 DAGs
[2022-12-17T04:35:26.311+0000] {logging_mixin.py:137} INFO - [2022-12-17T04:35:26.311+0000] {dag.py:3427} INFO - Setting next_dagrun for tutorial_dag to None, run_after=None
[2022-12-17T04:35:26.326+0000] {processor.py:175} INFO - Processing /home/airflow/.local/lib/python3.7/site-packages/airflow/example_dags/tutorial_dag.py took 0.078 seconds
[2022-12-17T04:35:56.949+0000] {processor.py:153} INFO - Started process (PID=3046) to work on /home/airflow/.local/lib/python3.7/site-packages/airflow/example_dags/tutorial_dag.py
[2022-12-17T04:35:56.950+0000] {processor.py:743} INFO - Processing file /home/airflow/.local/lib/python3.7/site-packages/airflow/example_dags/tutorial_dag.py for tasks to queue
[2022-12-17T04:35:56.950+0000] {logging_mixin.py:137} INFO - [2022-12-17T04:35:56.950+0000] {dagbag.py:538} INFO - Filling up the DagBag from /home/airflow/.local/lib/python3.7/site-packages/airflow/example_dags/tutorial_dag.py
[2022-12-17T04:35:56.960+0000] {processor.py:753} INFO - DAG(s) dict_keys(['tutorial_dag']) retrieved from /home/airflow/.local/lib/python3.7/site-packages/airflow/example_dags/tutorial_dag.py
[2022-12-17T04:35:57.016+0000] {logging_mixin.py:137} INFO - [2022-12-17T04:35:57.015+0000] {dag.py:2676} INFO - Sync 1 DAGs
[2022-12-17T04:35:57.036+0000] {logging_mixin.py:137} INFO - [2022-12-17T04:35:57.036+0000] {dag.py:3427} INFO - Setting next_dagrun for tutorial_dag to None, run_after=None
[2022-12-17T04:35:57.052+0000] {processor.py:175} INFO - Processing /home/airflow/.local/lib/python3.7/site-packages/airflow/example_dags/tutorial_dag.py took 0.106 seconds
[2022-12-17T04:36:27.485+0000] {processor.py:153} INFO - Started process (PID=3134) to work on /home/airflow/.local/lib/python3.7/site-packages/airflow/example_dags/tutorial_dag.py
[2022-12-17T04:36:27.486+0000] {processor.py:743} INFO - Processing file /home/airflow/.local/lib/python3.7/site-packages/airflow/example_dags/tutorial_dag.py for tasks to queue
[2022-12-17T04:36:27.487+0000] {logging_mixin.py:137} INFO - [2022-12-17T04:36:27.487+0000] {dagbag.py:538} INFO - Filling up the DagBag from /home/airflow/.local/lib/python3.7/site-packages/airflow/example_dags/tutorial_dag.py
[2022-12-17T04:36:27.497+0000] {processor.py:753} INFO - DAG(s) dict_keys(['tutorial_dag']) retrieved from /home/airflow/.local/lib/python3.7/site-packages/airflow/example_dags/tutorial_dag.py
[2022-12-17T04:36:27.528+0000] {logging_mixin.py:137} INFO - [2022-12-17T04:36:27.528+0000] {dag.py:2676} INFO - Sync 1 DAGs
[2022-12-17T04:36:27.546+0000] {logging_mixin.py:137} INFO - [2022-12-17T04:36:27.546+0000] {dag.py:3427} INFO - Setting next_dagrun for tutorial_dag to None, run_after=None
[2022-12-17T04:36:27.559+0000] {processor.py:175} INFO - Processing /home/airflow/.local/lib/python3.7/site-packages/airflow/example_dags/tutorial_dag.py took 0.077 seconds
[2022-12-17T04:36:57.903+0000] {processor.py:153} INFO - Started process (PID=3224) to work on /home/airflow/.local/lib/python3.7/site-packages/airflow/example_dags/tutorial_dag.py
[2022-12-17T04:36:57.904+0000] {processor.py:743} INFO - Processing file /home/airflow/.local/lib/python3.7/site-packages/airflow/example_dags/tutorial_dag.py for tasks to queue
[2022-12-17T04:36:57.905+0000] {logging_mixin.py:137} INFO - [2022-12-17T04:36:57.905+0000] {dagbag.py:538} INFO - Filling up the DagBag from /home/airflow/.local/lib/python3.7/site-packages/airflow/example_dags/tutorial_dag.py
[2022-12-17T04:36:57.914+0000] {processor.py:753} INFO - DAG(s) dict_keys(['tutorial_dag']) retrieved from /home/airflow/.local/lib/python3.7/site-packages/airflow/example_dags/tutorial_dag.py
[2022-12-17T04:36:57.940+0000] {logging_mixin.py:137} INFO - [2022-12-17T04:36:57.940+0000] {dag.py:2676} INFO - Sync 1 DAGs
[2022-12-17T04:36:57.960+0000] {logging_mixin.py:137} INFO - [2022-12-17T04:36:57.960+0000] {dag.py:3427} INFO - Setting next_dagrun for tutorial_dag to None, run_after=None
[2022-12-17T04:36:57.974+0000] {processor.py:175} INFO - Processing /home/airflow/.local/lib/python3.7/site-packages/airflow/example_dags/tutorial_dag.py took 0.073 seconds
[2022-12-17T04:37:28.157+0000] {processor.py:153} INFO - Started process (PID=3323) to work on /home/airflow/.local/lib/python3.7/site-packages/airflow/example_dags/tutorial_dag.py
[2022-12-17T04:37:28.157+0000] {processor.py:743} INFO - Processing file /home/airflow/.local/lib/python3.7/site-packages/airflow/example_dags/tutorial_dag.py for tasks to queue
[2022-12-17T04:37:28.158+0000] {logging_mixin.py:137} INFO - [2022-12-17T04:37:28.158+0000] {dagbag.py:538} INFO - Filling up the DagBag from /home/airflow/.local/lib/python3.7/site-packages/airflow/example_dags/tutorial_dag.py
[2022-12-17T04:37:28.168+0000] {processor.py:753} INFO - DAG(s) dict_keys(['tutorial_dag']) retrieved from /home/airflow/.local/lib/python3.7/site-packages/airflow/example_dags/tutorial_dag.py
[2022-12-17T04:37:28.199+0000] {logging_mixin.py:137} INFO - [2022-12-17T04:37:28.198+0000] {dag.py:2676} INFO - Sync 1 DAGs
[2022-12-17T04:37:28.218+0000] {logging_mixin.py:137} INFO - [2022-12-17T04:37:28.218+0000] {dag.py:3427} INFO - Setting next_dagrun for tutorial_dag to None, run_after=None
[2022-12-17T04:37:28.231+0000] {processor.py:175} INFO - Processing /home/airflow/.local/lib/python3.7/site-packages/airflow/example_dags/tutorial_dag.py took 0.078 seconds
[2022-12-17T04:37:58.605+0000] {processor.py:153} INFO - Started process (PID=3402) to work on /home/airflow/.local/lib/python3.7/site-packages/airflow/example_dags/tutorial_dag.py
[2022-12-17T04:37:58.606+0000] {processor.py:743} INFO - Processing file /home/airflow/.local/lib/python3.7/site-packages/airflow/example_dags/tutorial_dag.py for tasks to queue
[2022-12-17T04:37:58.606+0000] {logging_mixin.py:137} INFO - [2022-12-17T04:37:58.606+0000] {dagbag.py:538} INFO - Filling up the DagBag from /home/airflow/.local/lib/python3.7/site-packages/airflow/example_dags/tutorial_dag.py
[2022-12-17T04:37:58.616+0000] {processor.py:753} INFO - DAG(s) dict_keys(['tutorial_dag']) retrieved from /home/airflow/.local/lib/python3.7/site-packages/airflow/example_dags/tutorial_dag.py
[2022-12-17T04:37:58.648+0000] {logging_mixin.py:137} INFO - [2022-12-17T04:37:58.648+0000] {dag.py:2676} INFO - Sync 1 DAGs
[2022-12-17T04:37:58.666+0000] {logging_mixin.py:137} INFO - [2022-12-17T04:37:58.666+0000] {dag.py:3427} INFO - Setting next_dagrun for tutorial_dag to None, run_after=None
[2022-12-17T04:37:58.679+0000] {processor.py:175} INFO - Processing /home/airflow/.local/lib/python3.7/site-packages/airflow/example_dags/tutorial_dag.py took 0.078 seconds
[2022-12-17T04:38:29.017+0000] {processor.py:153} INFO - Started process (PID=3501) to work on /home/airflow/.local/lib/python3.7/site-packages/airflow/example_dags/tutorial_dag.py
[2022-12-17T04:38:29.018+0000] {processor.py:743} INFO - Processing file /home/airflow/.local/lib/python3.7/site-packages/airflow/example_dags/tutorial_dag.py for tasks to queue
[2022-12-17T04:38:29.018+0000] {logging_mixin.py:137} INFO - [2022-12-17T04:38:29.018+0000] {dagbag.py:538} INFO - Filling up the DagBag from /home/airflow/.local/lib/python3.7/site-packages/airflow/example_dags/tutorial_dag.py
[2022-12-17T04:38:29.030+0000] {processor.py:753} INFO - DAG(s) dict_keys(['tutorial_dag']) retrieved from /home/airflow/.local/lib/python3.7/site-packages/airflow/example_dags/tutorial_dag.py
[2022-12-17T04:38:29.060+0000] {logging_mixin.py:137} INFO - [2022-12-17T04:38:29.060+0000] {dag.py:2676} INFO - Sync 1 DAGs
[2022-12-17T04:38:29.084+0000] {logging_mixin.py:137} INFO - [2022-12-17T04:38:29.084+0000] {dag.py:3427} INFO - Setting next_dagrun for tutorial_dag to None, run_after=None
[2022-12-17T04:38:29.097+0000] {processor.py:175} INFO - Processing /home/airflow/.local/lib/python3.7/site-packages/airflow/example_dags/tutorial_dag.py took 0.082 seconds
[2022-12-17T04:38:59.393+0000] {processor.py:153} INFO - Started process (PID=3580) to work on /home/airflow/.local/lib/python3.7/site-packages/airflow/example_dags/tutorial_dag.py
[2022-12-17T04:38:59.393+0000] {processor.py:743} INFO - Processing file /home/airflow/.local/lib/python3.7/site-packages/airflow/example_dags/tutorial_dag.py for tasks to queue
[2022-12-17T04:38:59.394+0000] {logging_mixin.py:137} INFO - [2022-12-17T04:38:59.394+0000] {dagbag.py:538} INFO - Filling up the DagBag from /home/airflow/.local/lib/python3.7/site-packages/airflow/example_dags/tutorial_dag.py
[2022-12-17T04:38:59.403+0000] {processor.py:753} INFO - DAG(s) dict_keys(['tutorial_dag']) retrieved from /home/airflow/.local/lib/python3.7/site-packages/airflow/example_dags/tutorial_dag.py
[2022-12-17T04:38:59.434+0000] {logging_mixin.py:137} INFO - [2022-12-17T04:38:59.434+0000] {dag.py:2676} INFO - Sync 1 DAGs
[2022-12-17T04:38:59.452+0000] {logging_mixin.py:137} INFO - [2022-12-17T04:38:59.452+0000] {dag.py:3427} INFO - Setting next_dagrun for tutorial_dag to None, run_after=None
[2022-12-17T04:38:59.465+0000] {processor.py:175} INFO - Processing /home/airflow/.local/lib/python3.7/site-packages/airflow/example_dags/tutorial_dag.py took 0.075 seconds
[2022-12-17T04:39:29.860+0000] {processor.py:153} INFO - Started process (PID=3679) to work on /home/airflow/.local/lib/python3.7/site-packages/airflow/example_dags/tutorial_dag.py
[2022-12-17T04:39:29.861+0000] {processor.py:743} INFO - Processing file /home/airflow/.local/lib/python3.7/site-packages/airflow/example_dags/tutorial_dag.py for tasks to queue
[2022-12-17T04:39:29.861+0000] {logging_mixin.py:137} INFO - [2022-12-17T04:39:29.861+0000] {dagbag.py:538} INFO - Filling up the DagBag from /home/airflow/.local/lib/python3.7/site-packages/airflow/example_dags/tutorial_dag.py
[2022-12-17T04:39:29.871+0000] {processor.py:753} INFO - DAG(s) dict_keys(['tutorial_dag']) retrieved from /home/airflow/.local/lib/python3.7/site-packages/airflow/example_dags/tutorial_dag.py
[2022-12-17T04:39:29.901+0000] {logging_mixin.py:137} INFO - [2022-12-17T04:39:29.901+0000] {dag.py:2676} INFO - Sync 1 DAGs
[2022-12-17T04:39:29.923+0000] {logging_mixin.py:137} INFO - [2022-12-17T04:39:29.923+0000] {dag.py:3427} INFO - Setting next_dagrun for tutorial_dag to None, run_after=None
[2022-12-17T04:39:29.936+0000] {processor.py:175} INFO - Processing /home/airflow/.local/lib/python3.7/site-packages/airflow/example_dags/tutorial_dag.py took 0.079 seconds
[2022-12-17T04:40:00.288+0000] {processor.py:153} INFO - Started process (PID=3767) to work on /home/airflow/.local/lib/python3.7/site-packages/airflow/example_dags/tutorial_dag.py
[2022-12-17T04:40:00.288+0000] {processor.py:743} INFO - Processing file /home/airflow/.local/lib/python3.7/site-packages/airflow/example_dags/tutorial_dag.py for tasks to queue
[2022-12-17T04:40:00.289+0000] {logging_mixin.py:137} INFO - [2022-12-17T04:40:00.289+0000] {dagbag.py:538} INFO - Filling up the DagBag from /home/airflow/.local/lib/python3.7/site-packages/airflow/example_dags/tutorial_dag.py
[2022-12-17T04:40:00.300+0000] {processor.py:753} INFO - DAG(s) dict_keys(['tutorial_dag']) retrieved from /home/airflow/.local/lib/python3.7/site-packages/airflow/example_dags/tutorial_dag.py
[2022-12-17T04:40:00.329+0000] {logging_mixin.py:137} INFO - [2022-12-17T04:40:00.328+0000] {dag.py:2676} INFO - Sync 1 DAGs
[2022-12-17T04:40:00.348+0000] {logging_mixin.py:137} INFO - [2022-12-17T04:40:00.348+0000] {dag.py:3427} INFO - Setting next_dagrun for tutorial_dag to None, run_after=None
[2022-12-17T04:40:00.362+0000] {processor.py:175} INFO - Processing /home/airflow/.local/lib/python3.7/site-packages/airflow/example_dags/tutorial_dag.py took 0.076 seconds
[2022-12-17T04:40:30.710+0000] {processor.py:153} INFO - Started process (PID=3858) to work on /home/airflow/.local/lib/python3.7/site-packages/airflow/example_dags/tutorial_dag.py
[2022-12-17T04:40:30.711+0000] {processor.py:743} INFO - Processing file /home/airflow/.local/lib/python3.7/site-packages/airflow/example_dags/tutorial_dag.py for tasks to queue
[2022-12-17T04:40:30.711+0000] {logging_mixin.py:137} INFO - [2022-12-17T04:40:30.711+0000] {dagbag.py:538} INFO - Filling up the DagBag from /home/airflow/.local/lib/python3.7/site-packages/airflow/example_dags/tutorial_dag.py
[2022-12-17T04:40:30.721+0000] {processor.py:753} INFO - DAG(s) dict_keys(['tutorial_dag']) retrieved from /home/airflow/.local/lib/python3.7/site-packages/airflow/example_dags/tutorial_dag.py
[2022-12-17T04:40:30.754+0000] {logging_mixin.py:137} INFO - [2022-12-17T04:40:30.754+0000] {dag.py:2676} INFO - Sync 1 DAGs
[2022-12-17T04:40:30.773+0000] {logging_mixin.py:137} INFO - [2022-12-17T04:40:30.773+0000] {dag.py:3427} INFO - Setting next_dagrun for tutorial_dag to None, run_after=None
[2022-12-17T04:40:30.787+0000] {processor.py:175} INFO - Processing /home/airflow/.local/lib/python3.7/site-packages/airflow/example_dags/tutorial_dag.py took 0.080 seconds
[2022-12-17T04:41:00.891+0000] {processor.py:153} INFO - Started process (PID=3957) to work on /home/airflow/.local/lib/python3.7/site-packages/airflow/example_dags/tutorial_dag.py
[2022-12-17T04:41:00.892+0000] {processor.py:743} INFO - Processing file /home/airflow/.local/lib/python3.7/site-packages/airflow/example_dags/tutorial_dag.py for tasks to queue
[2022-12-17T04:41:00.893+0000] {logging_mixin.py:137} INFO - [2022-12-17T04:41:00.893+0000] {dagbag.py:538} INFO - Filling up the DagBag from /home/airflow/.local/lib/python3.7/site-packages/airflow/example_dags/tutorial_dag.py
[2022-12-17T04:41:00.904+0000] {processor.py:753} INFO - DAG(s) dict_keys(['tutorial_dag']) retrieved from /home/airflow/.local/lib/python3.7/site-packages/airflow/example_dags/tutorial_dag.py
[2022-12-17T04:41:00.935+0000] {logging_mixin.py:137} INFO - [2022-12-17T04:41:00.934+0000] {dag.py:2676} INFO - Sync 1 DAGs
[2022-12-17T04:41:00.956+0000] {logging_mixin.py:137} INFO - [2022-12-17T04:41:00.956+0000] {dag.py:3427} INFO - Setting next_dagrun for tutorial_dag to None, run_after=None
[2022-12-17T04:41:00.976+0000] {processor.py:175} INFO - Processing /home/airflow/.local/lib/python3.7/site-packages/airflow/example_dags/tutorial_dag.py took 0.088 seconds
[2022-12-17T04:41:31.320+0000] {processor.py:153} INFO - Started process (PID=4036) to work on /home/airflow/.local/lib/python3.7/site-packages/airflow/example_dags/tutorial_dag.py
[2022-12-17T04:41:31.320+0000] {processor.py:743} INFO - Processing file /home/airflow/.local/lib/python3.7/site-packages/airflow/example_dags/tutorial_dag.py for tasks to queue
[2022-12-17T04:41:31.321+0000] {logging_mixin.py:137} INFO - [2022-12-17T04:41:31.321+0000] {dagbag.py:538} INFO - Filling up the DagBag from /home/airflow/.local/lib/python3.7/site-packages/airflow/example_dags/tutorial_dag.py
[2022-12-17T04:41:31.332+0000] {processor.py:753} INFO - DAG(s) dict_keys(['tutorial_dag']) retrieved from /home/airflow/.local/lib/python3.7/site-packages/airflow/example_dags/tutorial_dag.py
[2022-12-17T04:41:31.364+0000] {logging_mixin.py:137} INFO - [2022-12-17T04:41:31.364+0000] {dag.py:2676} INFO - Sync 1 DAGs
[2022-12-17T04:41:31.385+0000] {logging_mixin.py:137} INFO - [2022-12-17T04:41:31.385+0000] {dag.py:3427} INFO - Setting next_dagrun for tutorial_dag to None, run_after=None
[2022-12-17T04:41:31.396+0000] {processor.py:175} INFO - Processing /home/airflow/.local/lib/python3.7/site-packages/airflow/example_dags/tutorial_dag.py took 0.079 seconds
[2022-12-17T04:42:01.555+0000] {processor.py:153} INFO - Started process (PID=4136) to work on /home/airflow/.local/lib/python3.7/site-packages/airflow/example_dags/tutorial_dag.py
[2022-12-17T04:42:01.556+0000] {processor.py:743} INFO - Processing file /home/airflow/.local/lib/python3.7/site-packages/airflow/example_dags/tutorial_dag.py for tasks to queue
[2022-12-17T04:42:01.556+0000] {logging_mixin.py:137} INFO - [2022-12-17T04:42:01.556+0000] {dagbag.py:538} INFO - Filling up the DagBag from /home/airflow/.local/lib/python3.7/site-packages/airflow/example_dags/tutorial_dag.py
[2022-12-17T04:42:01.566+0000] {processor.py:753} INFO - DAG(s) dict_keys(['tutorial_dag']) retrieved from /home/airflow/.local/lib/python3.7/site-packages/airflow/example_dags/tutorial_dag.py
[2022-12-17T04:42:01.596+0000] {logging_mixin.py:137} INFO - [2022-12-17T04:42:01.596+0000] {dag.py:2676} INFO - Sync 1 DAGs
[2022-12-17T04:42:01.617+0000] {logging_mixin.py:137} INFO - [2022-12-17T04:42:01.617+0000] {dag.py:3427} INFO - Setting next_dagrun for tutorial_dag to None, run_after=None
[2022-12-17T04:42:01.632+0000] {processor.py:175} INFO - Processing /home/airflow/.local/lib/python3.7/site-packages/airflow/example_dags/tutorial_dag.py took 0.079 seconds
[2022-12-17T04:42:31.944+0000] {processor.py:153} INFO - Started process (PID=4215) to work on /home/airflow/.local/lib/python3.7/site-packages/airflow/example_dags/tutorial_dag.py
[2022-12-17T04:42:31.945+0000] {processor.py:743} INFO - Processing file /home/airflow/.local/lib/python3.7/site-packages/airflow/example_dags/tutorial_dag.py for tasks to queue
[2022-12-17T04:42:31.945+0000] {logging_mixin.py:137} INFO - [2022-12-17T04:42:31.945+0000] {dagbag.py:538} INFO - Filling up the DagBag from /home/airflow/.local/lib/python3.7/site-packages/airflow/example_dags/tutorial_dag.py
[2022-12-17T04:42:31.954+0000] {processor.py:753} INFO - DAG(s) dict_keys(['tutorial_dag']) retrieved from /home/airflow/.local/lib/python3.7/site-packages/airflow/example_dags/tutorial_dag.py
[2022-12-17T04:42:31.983+0000] {logging_mixin.py:137} INFO - [2022-12-17T04:42:31.983+0000] {dag.py:2676} INFO - Sync 1 DAGs
[2022-12-17T04:42:32.002+0000] {logging_mixin.py:137} INFO - [2022-12-17T04:42:32.002+0000] {dag.py:3427} INFO - Setting next_dagrun for tutorial_dag to None, run_after=None
[2022-12-17T04:42:32.017+0000] {processor.py:175} INFO - Processing /home/airflow/.local/lib/python3.7/site-packages/airflow/example_dags/tutorial_dag.py took 0.077 seconds
[2022-12-17T04:43:02.507+0000] {processor.py:153} INFO - Started process (PID=4315) to work on /home/airflow/.local/lib/python3.7/site-packages/airflow/example_dags/tutorial_dag.py
[2022-12-17T04:43:02.508+0000] {processor.py:743} INFO - Processing file /home/airflow/.local/lib/python3.7/site-packages/airflow/example_dags/tutorial_dag.py for tasks to queue
[2022-12-17T04:43:02.509+0000] {logging_mixin.py:137} INFO - [2022-12-17T04:43:02.509+0000] {dagbag.py:538} INFO - Filling up the DagBag from /home/airflow/.local/lib/python3.7/site-packages/airflow/example_dags/tutorial_dag.py
[2022-12-17T04:43:02.519+0000] {processor.py:753} INFO - DAG(s) dict_keys(['tutorial_dag']) retrieved from /home/airflow/.local/lib/python3.7/site-packages/airflow/example_dags/tutorial_dag.py
[2022-12-17T04:43:02.550+0000] {logging_mixin.py:137} INFO - [2022-12-17T04:43:02.549+0000] {dag.py:2676} INFO - Sync 1 DAGs
[2022-12-17T04:43:02.569+0000] {logging_mixin.py:137} INFO - [2022-12-17T04:43:02.569+0000] {dag.py:3427} INFO - Setting next_dagrun for tutorial_dag to None, run_after=None
[2022-12-17T04:43:02.582+0000] {processor.py:175} INFO - Processing /home/airflow/.local/lib/python3.7/site-packages/airflow/example_dags/tutorial_dag.py took 0.077 seconds
[2022-12-17T04:43:32.809+0000] {processor.py:153} INFO - Started process (PID=4394) to work on /home/airflow/.local/lib/python3.7/site-packages/airflow/example_dags/tutorial_dag.py
[2022-12-17T04:43:32.810+0000] {processor.py:743} INFO - Processing file /home/airflow/.local/lib/python3.7/site-packages/airflow/example_dags/tutorial_dag.py for tasks to queue
[2022-12-17T04:43:32.811+0000] {logging_mixin.py:137} INFO - [2022-12-17T04:43:32.810+0000] {dagbag.py:538} INFO - Filling up the DagBag from /home/airflow/.local/lib/python3.7/site-packages/airflow/example_dags/tutorial_dag.py
[2022-12-17T04:43:32.820+0000] {processor.py:753} INFO - DAG(s) dict_keys(['tutorial_dag']) retrieved from /home/airflow/.local/lib/python3.7/site-packages/airflow/example_dags/tutorial_dag.py
[2022-12-17T04:43:32.853+0000] {logging_mixin.py:137} INFO - [2022-12-17T04:43:32.853+0000] {dag.py:2676} INFO - Sync 1 DAGs
[2022-12-17T04:43:32.872+0000] {logging_mixin.py:137} INFO - [2022-12-17T04:43:32.872+0000] {dag.py:3427} INFO - Setting next_dagrun for tutorial_dag to None, run_after=None
[2022-12-17T04:43:32.885+0000] {processor.py:175} INFO - Processing /home/airflow/.local/lib/python3.7/site-packages/airflow/example_dags/tutorial_dag.py took 0.079 seconds
[2022-12-17T04:44:03.031+0000] {processor.py:153} INFO - Started process (PID=4494) to work on /home/airflow/.local/lib/python3.7/site-packages/airflow/example_dags/tutorial_dag.py
[2022-12-17T04:44:03.032+0000] {processor.py:743} INFO - Processing file /home/airflow/.local/lib/python3.7/site-packages/airflow/example_dags/tutorial_dag.py for tasks to queue
[2022-12-17T04:44:03.032+0000] {logging_mixin.py:137} INFO - [2022-12-17T04:44:03.032+0000] {dagbag.py:538} INFO - Filling up the DagBag from /home/airflow/.local/lib/python3.7/site-packages/airflow/example_dags/tutorial_dag.py
[2022-12-17T04:44:03.040+0000] {processor.py:753} INFO - DAG(s) dict_keys(['tutorial_dag']) retrieved from /home/airflow/.local/lib/python3.7/site-packages/airflow/example_dags/tutorial_dag.py
[2022-12-17T04:44:03.066+0000] {logging_mixin.py:137} INFO - [2022-12-17T04:44:03.066+0000] {dag.py:2676} INFO - Sync 1 DAGs
[2022-12-17T04:44:03.084+0000] {logging_mixin.py:137} INFO - [2022-12-17T04:44:03.084+0000] {dag.py:3427} INFO - Setting next_dagrun for tutorial_dag to None, run_after=None
[2022-12-17T04:44:03.095+0000] {processor.py:175} INFO - Processing /home/airflow/.local/lib/python3.7/site-packages/airflow/example_dags/tutorial_dag.py took 0.068 seconds
[2022-12-17T04:44:33.281+0000] {processor.py:153} INFO - Started process (PID=4582) to work on /home/airflow/.local/lib/python3.7/site-packages/airflow/example_dags/tutorial_dag.py
[2022-12-17T04:44:33.281+0000] {processor.py:743} INFO - Processing file /home/airflow/.local/lib/python3.7/site-packages/airflow/example_dags/tutorial_dag.py for tasks to queue
[2022-12-17T04:44:33.282+0000] {logging_mixin.py:137} INFO - [2022-12-17T04:44:33.282+0000] {dagbag.py:538} INFO - Filling up the DagBag from /home/airflow/.local/lib/python3.7/site-packages/airflow/example_dags/tutorial_dag.py
[2022-12-17T04:44:33.290+0000] {processor.py:753} INFO - DAG(s) dict_keys(['tutorial_dag']) retrieved from /home/airflow/.local/lib/python3.7/site-packages/airflow/example_dags/tutorial_dag.py
[2022-12-17T04:44:33.318+0000] {logging_mixin.py:137} INFO - [2022-12-17T04:44:33.318+0000] {dag.py:2676} INFO - Sync 1 DAGs
[2022-12-17T04:44:33.339+0000] {logging_mixin.py:137} INFO - [2022-12-17T04:44:33.339+0000] {dag.py:3427} INFO - Setting next_dagrun for tutorial_dag to None, run_after=None
[2022-12-17T04:44:33.354+0000] {processor.py:175} INFO - Processing /home/airflow/.local/lib/python3.7/site-packages/airflow/example_dags/tutorial_dag.py took 0.076 seconds
[2022-12-17T04:45:03.652+0000] {processor.py:153} INFO - Started process (PID=4672) to work on /home/airflow/.local/lib/python3.7/site-packages/airflow/example_dags/tutorial_dag.py
[2022-12-17T04:45:03.653+0000] {processor.py:743} INFO - Processing file /home/airflow/.local/lib/python3.7/site-packages/airflow/example_dags/tutorial_dag.py for tasks to queue
[2022-12-17T04:45:03.653+0000] {logging_mixin.py:137} INFO - [2022-12-17T04:45:03.653+0000] {dagbag.py:538} INFO - Filling up the DagBag from /home/airflow/.local/lib/python3.7/site-packages/airflow/example_dags/tutorial_dag.py
[2022-12-17T04:45:03.664+0000] {processor.py:753} INFO - DAG(s) dict_keys(['tutorial_dag']) retrieved from /home/airflow/.local/lib/python3.7/site-packages/airflow/example_dags/tutorial_dag.py
[2022-12-17T04:45:03.695+0000] {logging_mixin.py:137} INFO - [2022-12-17T04:45:03.695+0000] {dag.py:2676} INFO - Sync 1 DAGs
[2022-12-17T04:45:03.716+0000] {logging_mixin.py:137} INFO - [2022-12-17T04:45:03.716+0000] {dag.py:3427} INFO - Setting next_dagrun for tutorial_dag to None, run_after=None
[2022-12-17T04:45:03.732+0000] {processor.py:175} INFO - Processing /home/airflow/.local/lib/python3.7/site-packages/airflow/example_dags/tutorial_dag.py took 0.083 seconds
