[2022-12-17T04:19:15.623+0000] {processor.py:153} INFO - Started process (PID=61) to work on /home/airflow/.local/lib/python3.7/site-packages/airflow/example_dags/tutorial.py
[2022-12-17T04:19:15.623+0000] {processor.py:743} INFO - Processing file /home/airflow/.local/lib/python3.7/site-packages/airflow/example_dags/tutorial.py for tasks to queue
[2022-12-17T04:19:15.624+0000] {logging_mixin.py:137} INFO - [2022-12-17T04:19:15.624+0000] {dagbag.py:538} INFO - Filling up the DagBag from /home/airflow/.local/lib/python3.7/site-packages/airflow/example_dags/tutorial.py
[2022-12-17T04:19:15.635+0000] {processor.py:753} INFO - DAG(s) dict_keys(['tutorial']) retrieved from /home/airflow/.local/lib/python3.7/site-packages/airflow/example_dags/tutorial.py
[2022-12-17T04:19:15.753+0000] {logging_mixin.py:137} INFO - [2022-12-17T04:19:15.753+0000] {manager.py:504} INFO - Created Permission View: can read on DAG:tutorial
[2022-12-17T04:19:15.761+0000] {logging_mixin.py:137} INFO - [2022-12-17T04:19:15.761+0000] {manager.py:504} INFO - Created Permission View: can delete on DAG:tutorial
[2022-12-17T04:19:15.767+0000] {logging_mixin.py:137} INFO - [2022-12-17T04:19:15.767+0000] {manager.py:504} INFO - Created Permission View: can edit on DAG:tutorial
[2022-12-17T04:19:15.768+0000] {logging_mixin.py:137} INFO - [2022-12-17T04:19:15.767+0000] {dag.py:2676} INFO - Sync 1 DAGs
[2022-12-17T04:19:15.782+0000] {logging_mixin.py:137} INFO - [2022-12-17T04:19:15.781+0000] {dag.py:2697} INFO - Creating ORM DAG for tutorial
[2022-12-17T04:19:15.794+0000] {logging_mixin.py:137} INFO - [2022-12-17T04:19:15.793+0000] {dag.py:3427} INFO - Setting next_dagrun for tutorial to 2022-12-16T04:19:15.793776+00:00, run_after=2022-12-17T04:19:15.793776+00:00
[2022-12-17T04:19:15.811+0000] {processor.py:175} INFO - Processing /home/airflow/.local/lib/python3.7/site-packages/airflow/example_dags/tutorial.py took 0.190 seconds
[2022-12-17T04:19:45.915+0000] {processor.py:153} INFO - Started process (PID=161) to work on /home/airflow/.local/lib/python3.7/site-packages/airflow/example_dags/tutorial.py
[2022-12-17T04:19:45.916+0000] {processor.py:743} INFO - Processing file /home/airflow/.local/lib/python3.7/site-packages/airflow/example_dags/tutorial.py for tasks to queue
[2022-12-17T04:19:45.916+0000] {logging_mixin.py:137} INFO - [2022-12-17T04:19:45.916+0000] {dagbag.py:538} INFO - Filling up the DagBag from /home/airflow/.local/lib/python3.7/site-packages/airflow/example_dags/tutorial.py
[2022-12-17T04:19:45.928+0000] {processor.py:753} INFO - DAG(s) dict_keys(['tutorial']) retrieved from /home/airflow/.local/lib/python3.7/site-packages/airflow/example_dags/tutorial.py
[2022-12-17T04:19:45.952+0000] {logging_mixin.py:137} INFO - [2022-12-17T04:19:45.952+0000] {dag.py:2676} INFO - Sync 1 DAGs
[2022-12-17T04:19:45.977+0000] {logging_mixin.py:137} INFO - [2022-12-17T04:19:45.977+0000] {dag.py:3427} INFO - Setting next_dagrun for tutorial to 2022-12-16T04:19:45.977498+00:00, run_after=2022-12-17T04:19:45.977498+00:00
[2022-12-17T04:19:45.989+0000] {processor.py:175} INFO - Processing /home/airflow/.local/lib/python3.7/site-packages/airflow/example_dags/tutorial.py took 0.076 seconds
[2022-12-17T04:20:16.090+0000] {processor.py:153} INFO - Started process (PID=240) to work on /home/airflow/.local/lib/python3.7/site-packages/airflow/example_dags/tutorial.py
[2022-12-17T04:20:16.090+0000] {processor.py:743} INFO - Processing file /home/airflow/.local/lib/python3.7/site-packages/airflow/example_dags/tutorial.py for tasks to queue
[2022-12-17T04:20:16.091+0000] {logging_mixin.py:137} INFO - [2022-12-17T04:20:16.091+0000] {dagbag.py:538} INFO - Filling up the DagBag from /home/airflow/.local/lib/python3.7/site-packages/airflow/example_dags/tutorial.py
[2022-12-17T04:20:16.103+0000] {processor.py:753} INFO - DAG(s) dict_keys(['tutorial']) retrieved from /home/airflow/.local/lib/python3.7/site-packages/airflow/example_dags/tutorial.py
[2022-12-17T04:20:16.133+0000] {logging_mixin.py:137} INFO - [2022-12-17T04:20:16.132+0000] {dag.py:2676} INFO - Sync 1 DAGs
[2022-12-17T04:20:16.153+0000] {logging_mixin.py:137} INFO - [2022-12-17T04:20:16.153+0000] {dag.py:3427} INFO - Setting next_dagrun for tutorial to 2022-12-16T04:20:16.153335+00:00, run_after=2022-12-17T04:20:16.153335+00:00
[2022-12-17T04:20:16.166+0000] {processor.py:175} INFO - Processing /home/airflow/.local/lib/python3.7/site-packages/airflow/example_dags/tutorial.py took 0.079 seconds
[2022-12-17T04:20:46.411+0000] {processor.py:153} INFO - Started process (PID=338) to work on /home/airflow/.local/lib/python3.7/site-packages/airflow/example_dags/tutorial.py
[2022-12-17T04:20:46.412+0000] {processor.py:743} INFO - Processing file /home/airflow/.local/lib/python3.7/site-packages/airflow/example_dags/tutorial.py for tasks to queue
[2022-12-17T04:20:46.412+0000] {logging_mixin.py:137} INFO - [2022-12-17T04:20:46.412+0000] {dagbag.py:538} INFO - Filling up the DagBag from /home/airflow/.local/lib/python3.7/site-packages/airflow/example_dags/tutorial.py
[2022-12-17T04:20:46.424+0000] {processor.py:753} INFO - DAG(s) dict_keys(['tutorial']) retrieved from /home/airflow/.local/lib/python3.7/site-packages/airflow/example_dags/tutorial.py
[2022-12-17T04:20:46.454+0000] {logging_mixin.py:137} INFO - [2022-12-17T04:20:46.454+0000] {dag.py:2676} INFO - Sync 1 DAGs
[2022-12-17T04:20:46.474+0000] {logging_mixin.py:137} INFO - [2022-12-17T04:20:46.474+0000] {dag.py:3427} INFO - Setting next_dagrun for tutorial to 2022-12-16T04:20:46.474012+00:00, run_after=2022-12-17T04:20:46.474012+00:00
[2022-12-17T04:20:46.486+0000] {processor.py:175} INFO - Processing /home/airflow/.local/lib/python3.7/site-packages/airflow/example_dags/tutorial.py took 0.077 seconds
[2022-12-17T04:21:17.108+0000] {processor.py:153} INFO - Started process (PID=438) to work on /home/airflow/.local/lib/python3.7/site-packages/airflow/example_dags/tutorial.py
[2022-12-17T04:21:17.109+0000] {processor.py:743} INFO - Processing file /home/airflow/.local/lib/python3.7/site-packages/airflow/example_dags/tutorial.py for tasks to queue
[2022-12-17T04:21:17.110+0000] {logging_mixin.py:137} INFO - [2022-12-17T04:21:17.109+0000] {dagbag.py:538} INFO - Filling up the DagBag from /home/airflow/.local/lib/python3.7/site-packages/airflow/example_dags/tutorial.py
[2022-12-17T04:21:17.122+0000] {processor.py:753} INFO - DAG(s) dict_keys(['tutorial']) retrieved from /home/airflow/.local/lib/python3.7/site-packages/airflow/example_dags/tutorial.py
[2022-12-17T04:21:17.174+0000] {logging_mixin.py:137} INFO - [2022-12-17T04:21:17.174+0000] {dag.py:2676} INFO - Sync 1 DAGs
[2022-12-17T04:21:17.195+0000] {logging_mixin.py:137} INFO - [2022-12-17T04:21:17.195+0000] {dag.py:3427} INFO - Setting next_dagrun for tutorial to 2022-12-16T04:21:17.195637+00:00, run_after=2022-12-17T04:21:17.195637+00:00
[2022-12-17T04:21:17.210+0000] {processor.py:175} INFO - Processing /home/airflow/.local/lib/python3.7/site-packages/airflow/example_dags/tutorial.py took 0.109 seconds
[2022-12-17T04:21:47.246+0000] {processor.py:153} INFO - Started process (PID=517) to work on /home/airflow/.local/lib/python3.7/site-packages/airflow/example_dags/tutorial.py
[2022-12-17T04:21:47.247+0000] {processor.py:743} INFO - Processing file /home/airflow/.local/lib/python3.7/site-packages/airflow/example_dags/tutorial.py for tasks to queue
[2022-12-17T04:21:47.248+0000] {logging_mixin.py:137} INFO - [2022-12-17T04:21:47.248+0000] {dagbag.py:538} INFO - Filling up the DagBag from /home/airflow/.local/lib/python3.7/site-packages/airflow/example_dags/tutorial.py
[2022-12-17T04:21:47.257+0000] {processor.py:753} INFO - DAG(s) dict_keys(['tutorial']) retrieved from /home/airflow/.local/lib/python3.7/site-packages/airflow/example_dags/tutorial.py
[2022-12-17T04:21:47.284+0000] {logging_mixin.py:137} INFO - [2022-12-17T04:21:47.284+0000] {dag.py:2676} INFO - Sync 1 DAGs
[2022-12-17T04:21:47.303+0000] {logging_mixin.py:137} INFO - [2022-12-17T04:21:47.303+0000] {dag.py:3427} INFO - Setting next_dagrun for tutorial to 2022-12-16T04:21:47.303553+00:00, run_after=2022-12-17T04:21:47.303553+00:00
[2022-12-17T04:21:47.319+0000] {processor.py:175} INFO - Processing /home/airflow/.local/lib/python3.7/site-packages/airflow/example_dags/tutorial.py took 0.076 seconds
[2022-12-17T04:22:17.888+0000] {processor.py:153} INFO - Started process (PID=616) to work on /home/airflow/.local/lib/python3.7/site-packages/airflow/example_dags/tutorial.py
[2022-12-17T04:22:17.888+0000] {processor.py:743} INFO - Processing file /home/airflow/.local/lib/python3.7/site-packages/airflow/example_dags/tutorial.py for tasks to queue
[2022-12-17T04:22:17.889+0000] {logging_mixin.py:137} INFO - [2022-12-17T04:22:17.889+0000] {dagbag.py:538} INFO - Filling up the DagBag from /home/airflow/.local/lib/python3.7/site-packages/airflow/example_dags/tutorial.py
[2022-12-17T04:22:17.898+0000] {processor.py:753} INFO - DAG(s) dict_keys(['tutorial']) retrieved from /home/airflow/.local/lib/python3.7/site-packages/airflow/example_dags/tutorial.py
[2022-12-17T04:22:17.931+0000] {logging_mixin.py:137} INFO - [2022-12-17T04:22:17.931+0000] {dag.py:2676} INFO - Sync 1 DAGs
[2022-12-17T04:22:17.949+0000] {logging_mixin.py:137} INFO - [2022-12-17T04:22:17.949+0000] {dag.py:3427} INFO - Setting next_dagrun for tutorial to 2022-12-16T04:22:17.949257+00:00, run_after=2022-12-17T04:22:17.949257+00:00
[2022-12-17T04:22:17.961+0000] {processor.py:175} INFO - Processing /home/airflow/.local/lib/python3.7/site-packages/airflow/example_dags/tutorial.py took 0.077 seconds
[2022-12-17T04:22:48.136+0000] {processor.py:153} INFO - Started process (PID=695) to work on /home/airflow/.local/lib/python3.7/site-packages/airflow/example_dags/tutorial.py
[2022-12-17T04:22:48.137+0000] {processor.py:743} INFO - Processing file /home/airflow/.local/lib/python3.7/site-packages/airflow/example_dags/tutorial.py for tasks to queue
[2022-12-17T04:22:48.137+0000] {logging_mixin.py:137} INFO - [2022-12-17T04:22:48.137+0000] {dagbag.py:538} INFO - Filling up the DagBag from /home/airflow/.local/lib/python3.7/site-packages/airflow/example_dags/tutorial.py
[2022-12-17T04:22:48.148+0000] {processor.py:753} INFO - DAG(s) dict_keys(['tutorial']) retrieved from /home/airflow/.local/lib/python3.7/site-packages/airflow/example_dags/tutorial.py
[2022-12-17T04:22:48.181+0000] {logging_mixin.py:137} INFO - [2022-12-17T04:22:48.180+0000] {dag.py:2676} INFO - Sync 1 DAGs
[2022-12-17T04:22:48.199+0000] {logging_mixin.py:137} INFO - [2022-12-17T04:22:48.199+0000] {dag.py:3427} INFO - Setting next_dagrun for tutorial to 2022-12-16T04:22:48.199145+00:00, run_after=2022-12-17T04:22:48.199145+00:00
[2022-12-17T04:22:48.211+0000] {processor.py:175} INFO - Processing /home/airflow/.local/lib/python3.7/site-packages/airflow/example_dags/tutorial.py took 0.078 seconds
[2022-12-17T04:23:18.338+0000] {processor.py:153} INFO - Started process (PID=793) to work on /home/airflow/.local/lib/python3.7/site-packages/airflow/example_dags/tutorial.py
[2022-12-17T04:23:18.338+0000] {processor.py:743} INFO - Processing file /home/airflow/.local/lib/python3.7/site-packages/airflow/example_dags/tutorial.py for tasks to queue
[2022-12-17T04:23:18.339+0000] {logging_mixin.py:137} INFO - [2022-12-17T04:23:18.339+0000] {dagbag.py:538} INFO - Filling up the DagBag from /home/airflow/.local/lib/python3.7/site-packages/airflow/example_dags/tutorial.py
[2022-12-17T04:23:18.349+0000] {processor.py:753} INFO - DAG(s) dict_keys(['tutorial']) retrieved from /home/airflow/.local/lib/python3.7/site-packages/airflow/example_dags/tutorial.py
[2022-12-17T04:23:18.377+0000] {logging_mixin.py:137} INFO - [2022-12-17T04:23:18.377+0000] {dag.py:2676} INFO - Sync 1 DAGs
[2022-12-17T04:23:18.395+0000] {logging_mixin.py:137} INFO - [2022-12-17T04:23:18.395+0000] {dag.py:3427} INFO - Setting next_dagrun for tutorial to 2022-12-16T04:23:18.395243+00:00, run_after=2022-12-17T04:23:18.395243+00:00
[2022-12-17T04:23:18.408+0000] {processor.py:175} INFO - Processing /home/airflow/.local/lib/python3.7/site-packages/airflow/example_dags/tutorial.py took 0.072 seconds
[2022-12-17T04:23:48.580+0000] {processor.py:153} INFO - Started process (PID=872) to work on /home/airflow/.local/lib/python3.7/site-packages/airflow/example_dags/tutorial.py
[2022-12-17T04:23:48.581+0000] {processor.py:743} INFO - Processing file /home/airflow/.local/lib/python3.7/site-packages/airflow/example_dags/tutorial.py for tasks to queue
[2022-12-17T04:23:48.581+0000] {logging_mixin.py:137} INFO - [2022-12-17T04:23:48.581+0000] {dagbag.py:538} INFO - Filling up the DagBag from /home/airflow/.local/lib/python3.7/site-packages/airflow/example_dags/tutorial.py
[2022-12-17T04:23:48.591+0000] {processor.py:753} INFO - DAG(s) dict_keys(['tutorial']) retrieved from /home/airflow/.local/lib/python3.7/site-packages/airflow/example_dags/tutorial.py
[2022-12-17T04:23:48.622+0000] {logging_mixin.py:137} INFO - [2022-12-17T04:23:48.622+0000] {dag.py:2676} INFO - Sync 1 DAGs
[2022-12-17T04:23:48.644+0000] {logging_mixin.py:137} INFO - [2022-12-17T04:23:48.644+0000] {dag.py:3427} INFO - Setting next_dagrun for tutorial to 2022-12-16T04:23:48.643886+00:00, run_after=2022-12-17T04:23:48.643886+00:00
[2022-12-17T04:23:48.656+0000] {processor.py:175} INFO - Processing /home/airflow/.local/lib/python3.7/site-packages/airflow/example_dags/tutorial.py took 0.078 seconds
[2022-12-17T04:24:18.980+0000] {processor.py:153} INFO - Started process (PID=972) to work on /home/airflow/.local/lib/python3.7/site-packages/airflow/example_dags/tutorial.py
[2022-12-17T04:24:18.981+0000] {processor.py:743} INFO - Processing file /home/airflow/.local/lib/python3.7/site-packages/airflow/example_dags/tutorial.py for tasks to queue
[2022-12-17T04:24:18.981+0000] {logging_mixin.py:137} INFO - [2022-12-17T04:24:18.981+0000] {dagbag.py:538} INFO - Filling up the DagBag from /home/airflow/.local/lib/python3.7/site-packages/airflow/example_dags/tutorial.py
[2022-12-17T04:24:18.993+0000] {processor.py:753} INFO - DAG(s) dict_keys(['tutorial']) retrieved from /home/airflow/.local/lib/python3.7/site-packages/airflow/example_dags/tutorial.py
[2022-12-17T04:24:19.023+0000] {logging_mixin.py:137} INFO - [2022-12-17T04:24:19.023+0000] {dag.py:2676} INFO - Sync 1 DAGs
[2022-12-17T04:24:19.041+0000] {logging_mixin.py:137} INFO - [2022-12-17T04:24:19.041+0000] {dag.py:3427} INFO - Setting next_dagrun for tutorial to 2022-12-16T04:24:19.041251+00:00, run_after=2022-12-17T04:24:19.041251+00:00
[2022-12-17T04:24:19.054+0000] {processor.py:175} INFO - Processing /home/airflow/.local/lib/python3.7/site-packages/airflow/example_dags/tutorial.py took 0.077 seconds
[2022-12-17T04:24:49.346+0000] {processor.py:153} INFO - Started process (PID=1053) to work on /home/airflow/.local/lib/python3.7/site-packages/airflow/example_dags/tutorial.py
[2022-12-17T04:24:49.347+0000] {processor.py:743} INFO - Processing file /home/airflow/.local/lib/python3.7/site-packages/airflow/example_dags/tutorial.py for tasks to queue
[2022-12-17T04:24:49.347+0000] {logging_mixin.py:137} INFO - [2022-12-17T04:24:49.347+0000] {dagbag.py:538} INFO - Filling up the DagBag from /home/airflow/.local/lib/python3.7/site-packages/airflow/example_dags/tutorial.py
[2022-12-17T04:24:49.359+0000] {processor.py:753} INFO - DAG(s) dict_keys(['tutorial']) retrieved from /home/airflow/.local/lib/python3.7/site-packages/airflow/example_dags/tutorial.py
[2022-12-17T04:24:49.385+0000] {logging_mixin.py:137} INFO - [2022-12-17T04:24:49.385+0000] {dag.py:2676} INFO - Sync 1 DAGs
[2022-12-17T04:24:49.403+0000] {logging_mixin.py:137} INFO - [2022-12-17T04:24:49.403+0000] {dag.py:3427} INFO - Setting next_dagrun for tutorial to 2022-12-16T04:24:49.403643+00:00, run_after=2022-12-17T04:24:49.403643+00:00
[2022-12-17T04:24:49.415+0000] {processor.py:175} INFO - Processing /home/airflow/.local/lib/python3.7/site-packages/airflow/example_dags/tutorial.py took 0.072 seconds
[2022-12-17T04:25:19.466+0000] {processor.py:153} INFO - Started process (PID=1150) to work on /home/airflow/.local/lib/python3.7/site-packages/airflow/example_dags/tutorial.py
[2022-12-17T04:25:19.467+0000] {processor.py:743} INFO - Processing file /home/airflow/.local/lib/python3.7/site-packages/airflow/example_dags/tutorial.py for tasks to queue
[2022-12-17T04:25:19.468+0000] {logging_mixin.py:137} INFO - [2022-12-17T04:25:19.467+0000] {dagbag.py:538} INFO - Filling up the DagBag from /home/airflow/.local/lib/python3.7/site-packages/airflow/example_dags/tutorial.py
[2022-12-17T04:25:19.478+0000] {processor.py:753} INFO - DAG(s) dict_keys(['tutorial']) retrieved from /home/airflow/.local/lib/python3.7/site-packages/airflow/example_dags/tutorial.py
[2022-12-17T04:25:19.503+0000] {logging_mixin.py:137} INFO - [2022-12-17T04:25:19.503+0000] {dag.py:2676} INFO - Sync 1 DAGs
[2022-12-17T04:25:19.521+0000] {logging_mixin.py:137} INFO - [2022-12-17T04:25:19.521+0000] {dag.py:3427} INFO - Setting next_dagrun for tutorial to 2022-12-16T04:25:19.520988+00:00, run_after=2022-12-17T04:25:19.520988+00:00
[2022-12-17T04:25:19.533+0000] {processor.py:175} INFO - Processing /home/airflow/.local/lib/python3.7/site-packages/airflow/example_dags/tutorial.py took 0.069 seconds
[2022-12-17T04:25:50.050+0000] {processor.py:153} INFO - Started process (PID=1249) to work on /home/airflow/.local/lib/python3.7/site-packages/airflow/example_dags/tutorial.py
[2022-12-17T04:25:50.050+0000] {processor.py:743} INFO - Processing file /home/airflow/.local/lib/python3.7/site-packages/airflow/example_dags/tutorial.py for tasks to queue
[2022-12-17T04:25:50.051+0000] {logging_mixin.py:137} INFO - [2022-12-17T04:25:50.051+0000] {dagbag.py:538} INFO - Filling up the DagBag from /home/airflow/.local/lib/python3.7/site-packages/airflow/example_dags/tutorial.py
[2022-12-17T04:25:50.063+0000] {processor.py:753} INFO - DAG(s) dict_keys(['tutorial']) retrieved from /home/airflow/.local/lib/python3.7/site-packages/airflow/example_dags/tutorial.py
[2022-12-17T04:25:50.102+0000] {logging_mixin.py:137} INFO - [2022-12-17T04:25:50.102+0000] {dag.py:2676} INFO - Sync 1 DAGs
[2022-12-17T04:25:50.131+0000] {logging_mixin.py:137} INFO - [2022-12-17T04:25:50.131+0000] {dag.py:3427} INFO - Setting next_dagrun for tutorial to 2022-12-16T04:25:50.131386+00:00, run_after=2022-12-17T04:25:50.131386+00:00
[2022-12-17T04:25:50.150+0000] {processor.py:175} INFO - Processing /home/airflow/.local/lib/python3.7/site-packages/airflow/example_dags/tutorial.py took 0.103 seconds
[2022-12-17T04:26:20.627+0000] {processor.py:153} INFO - Started process (PID=1328) to work on /home/airflow/.local/lib/python3.7/site-packages/airflow/example_dags/tutorial.py
[2022-12-17T04:26:20.627+0000] {processor.py:743} INFO - Processing file /home/airflow/.local/lib/python3.7/site-packages/airflow/example_dags/tutorial.py for tasks to queue
[2022-12-17T04:26:20.628+0000] {logging_mixin.py:137} INFO - [2022-12-17T04:26:20.628+0000] {dagbag.py:538} INFO - Filling up the DagBag from /home/airflow/.local/lib/python3.7/site-packages/airflow/example_dags/tutorial.py
[2022-12-17T04:26:20.640+0000] {processor.py:753} INFO - DAG(s) dict_keys(['tutorial']) retrieved from /home/airflow/.local/lib/python3.7/site-packages/airflow/example_dags/tutorial.py
[2022-12-17T04:26:20.671+0000] {logging_mixin.py:137} INFO - [2022-12-17T04:26:20.671+0000] {dag.py:2676} INFO - Sync 1 DAGs
[2022-12-17T04:26:20.691+0000] {logging_mixin.py:137} INFO - [2022-12-17T04:26:20.691+0000] {dag.py:3427} INFO - Setting next_dagrun for tutorial to 2022-12-16T04:26:20.691448+00:00, run_after=2022-12-17T04:26:20.691448+00:00
[2022-12-17T04:26:20.706+0000] {processor.py:175} INFO - Processing /home/airflow/.local/lib/python3.7/site-packages/airflow/example_dags/tutorial.py took 0.082 seconds
[2022-12-17T04:26:50.846+0000] {processor.py:153} INFO - Started process (PID=1427) to work on /home/airflow/.local/lib/python3.7/site-packages/airflow/example_dags/tutorial.py
[2022-12-17T04:26:50.846+0000] {processor.py:743} INFO - Processing file /home/airflow/.local/lib/python3.7/site-packages/airflow/example_dags/tutorial.py for tasks to queue
[2022-12-17T04:26:50.847+0000] {logging_mixin.py:137} INFO - [2022-12-17T04:26:50.847+0000] {dagbag.py:538} INFO - Filling up the DagBag from /home/airflow/.local/lib/python3.7/site-packages/airflow/example_dags/tutorial.py
[2022-12-17T04:26:50.856+0000] {processor.py:753} INFO - DAG(s) dict_keys(['tutorial']) retrieved from /home/airflow/.local/lib/python3.7/site-packages/airflow/example_dags/tutorial.py
[2022-12-17T04:26:50.884+0000] {logging_mixin.py:137} INFO - [2022-12-17T04:26:50.884+0000] {dag.py:2676} INFO - Sync 1 DAGs
[2022-12-17T04:26:50.903+0000] {logging_mixin.py:137} INFO - [2022-12-17T04:26:50.903+0000] {dag.py:3427} INFO - Setting next_dagrun for tutorial to 2022-12-16T04:26:50.903024+00:00, run_after=2022-12-17T04:26:50.903024+00:00
[2022-12-17T04:26:50.915+0000] {processor.py:175} INFO - Processing /home/airflow/.local/lib/python3.7/site-packages/airflow/example_dags/tutorial.py took 0.072 seconds
[2022-12-17T04:27:20.994+0000] {processor.py:153} INFO - Started process (PID=1506) to work on /home/airflow/.local/lib/python3.7/site-packages/airflow/example_dags/tutorial.py
[2022-12-17T04:27:20.995+0000] {processor.py:743} INFO - Processing file /home/airflow/.local/lib/python3.7/site-packages/airflow/example_dags/tutorial.py for tasks to queue
[2022-12-17T04:27:20.995+0000] {logging_mixin.py:137} INFO - [2022-12-17T04:27:20.995+0000] {dagbag.py:538} INFO - Filling up the DagBag from /home/airflow/.local/lib/python3.7/site-packages/airflow/example_dags/tutorial.py
[2022-12-17T04:27:21.008+0000] {processor.py:753} INFO - DAG(s) dict_keys(['tutorial']) retrieved from /home/airflow/.local/lib/python3.7/site-packages/airflow/example_dags/tutorial.py
[2022-12-17T04:27:21.040+0000] {logging_mixin.py:137} INFO - [2022-12-17T04:27:21.040+0000] {dag.py:2676} INFO - Sync 1 DAGs
[2022-12-17T04:27:21.060+0000] {logging_mixin.py:137} INFO - [2022-12-17T04:27:21.059+0000] {dag.py:3427} INFO - Setting next_dagrun for tutorial to 2022-12-16T04:27:21.058679+00:00, run_after=2022-12-17T04:27:21.058679+00:00
[2022-12-17T04:27:21.077+0000] {processor.py:175} INFO - Processing /home/airflow/.local/lib/python3.7/site-packages/airflow/example_dags/tutorial.py took 0.086 seconds
[2022-12-17T04:27:51.457+0000] {processor.py:153} INFO - Started process (PID=1606) to work on /home/airflow/.local/lib/python3.7/site-packages/airflow/example_dags/tutorial.py
[2022-12-17T04:27:51.458+0000] {processor.py:743} INFO - Processing file /home/airflow/.local/lib/python3.7/site-packages/airflow/example_dags/tutorial.py for tasks to queue
[2022-12-17T04:27:51.458+0000] {logging_mixin.py:137} INFO - [2022-12-17T04:27:51.458+0000] {dagbag.py:538} INFO - Filling up the DagBag from /home/airflow/.local/lib/python3.7/site-packages/airflow/example_dags/tutorial.py
[2022-12-17T04:27:51.469+0000] {processor.py:753} INFO - DAG(s) dict_keys(['tutorial']) retrieved from /home/airflow/.local/lib/python3.7/site-packages/airflow/example_dags/tutorial.py
[2022-12-17T04:27:51.500+0000] {logging_mixin.py:137} INFO - [2022-12-17T04:27:51.500+0000] {dag.py:2676} INFO - Sync 1 DAGs
[2022-12-17T04:27:51.520+0000] {logging_mixin.py:137} INFO - [2022-12-17T04:27:51.519+0000] {dag.py:3427} INFO - Setting next_dagrun for tutorial to 2022-12-16T04:27:51.519711+00:00, run_after=2022-12-17T04:27:51.519711+00:00
[2022-12-17T04:27:51.533+0000] {processor.py:175} INFO - Processing /home/airflow/.local/lib/python3.7/site-packages/airflow/example_dags/tutorial.py took 0.078 seconds
[2022-12-17T04:28:21.842+0000] {processor.py:153} INFO - Started process (PID=1685) to work on /home/airflow/.local/lib/python3.7/site-packages/airflow/example_dags/tutorial.py
[2022-12-17T04:28:21.843+0000] {processor.py:743} INFO - Processing file /home/airflow/.local/lib/python3.7/site-packages/airflow/example_dags/tutorial.py for tasks to queue
[2022-12-17T04:28:21.846+0000] {logging_mixin.py:137} INFO - [2022-12-17T04:28:21.844+0000] {dagbag.py:538} INFO - Filling up the DagBag from /home/airflow/.local/lib/python3.7/site-packages/airflow/example_dags/tutorial.py
[2022-12-17T04:28:21.856+0000] {processor.py:753} INFO - DAG(s) dict_keys(['tutorial']) retrieved from /home/airflow/.local/lib/python3.7/site-packages/airflow/example_dags/tutorial.py
[2022-12-17T04:28:21.904+0000] {logging_mixin.py:137} INFO - [2022-12-17T04:28:21.904+0000] {dag.py:2676} INFO - Sync 1 DAGs
[2022-12-17T04:28:21.924+0000] {logging_mixin.py:137} INFO - [2022-12-17T04:28:21.924+0000] {dag.py:3427} INFO - Setting next_dagrun for tutorial to 2022-12-16T04:28:21.923919+00:00, run_after=2022-12-17T04:28:21.923919+00:00
[2022-12-17T04:28:21.937+0000] {processor.py:175} INFO - Processing /home/airflow/.local/lib/python3.7/site-packages/airflow/example_dags/tutorial.py took 0.097 seconds
[2022-12-17T04:28:51.965+0000] {processor.py:153} INFO - Started process (PID=1785) to work on /home/airflow/.local/lib/python3.7/site-packages/airflow/example_dags/tutorial.py
[2022-12-17T04:28:51.966+0000] {processor.py:743} INFO - Processing file /home/airflow/.local/lib/python3.7/site-packages/airflow/example_dags/tutorial.py for tasks to queue
[2022-12-17T04:28:51.966+0000] {logging_mixin.py:137} INFO - [2022-12-17T04:28:51.966+0000] {dagbag.py:538} INFO - Filling up the DagBag from /home/airflow/.local/lib/python3.7/site-packages/airflow/example_dags/tutorial.py
[2022-12-17T04:28:51.979+0000] {processor.py:753} INFO - DAG(s) dict_keys(['tutorial']) retrieved from /home/airflow/.local/lib/python3.7/site-packages/airflow/example_dags/tutorial.py
[2022-12-17T04:28:52.010+0000] {logging_mixin.py:137} INFO - [2022-12-17T04:28:52.010+0000] {dag.py:2676} INFO - Sync 1 DAGs
[2022-12-17T04:28:52.028+0000] {logging_mixin.py:137} INFO - [2022-12-17T04:28:52.028+0000] {dag.py:3427} INFO - Setting next_dagrun for tutorial to 2022-12-16T04:28:52.028469+00:00, run_after=2022-12-17T04:28:52.028469+00:00
[2022-12-17T04:28:52.040+0000] {processor.py:175} INFO - Processing /home/airflow/.local/lib/python3.7/site-packages/airflow/example_dags/tutorial.py took 0.078 seconds
[2022-12-17T04:29:22.619+0000] {processor.py:153} INFO - Started process (PID=1884) to work on /home/airflow/.local/lib/python3.7/site-packages/airflow/example_dags/tutorial.py
[2022-12-17T04:29:22.620+0000] {processor.py:743} INFO - Processing file /home/airflow/.local/lib/python3.7/site-packages/airflow/example_dags/tutorial.py for tasks to queue
[2022-12-17T04:29:22.620+0000] {logging_mixin.py:137} INFO - [2022-12-17T04:29:22.620+0000] {dagbag.py:538} INFO - Filling up the DagBag from /home/airflow/.local/lib/python3.7/site-packages/airflow/example_dags/tutorial.py
[2022-12-17T04:29:22.632+0000] {processor.py:753} INFO - DAG(s) dict_keys(['tutorial']) retrieved from /home/airflow/.local/lib/python3.7/site-packages/airflow/example_dags/tutorial.py
[2022-12-17T04:29:22.664+0000] {logging_mixin.py:137} INFO - [2022-12-17T04:29:22.664+0000] {dag.py:2676} INFO - Sync 1 DAGs
[2022-12-17T04:29:22.692+0000] {logging_mixin.py:137} INFO - [2022-12-17T04:29:22.692+0000] {dag.py:3427} INFO - Setting next_dagrun for tutorial to 2022-12-16T04:29:22.691881+00:00, run_after=2022-12-17T04:29:22.691881+00:00
[2022-12-17T04:29:22.710+0000] {processor.py:175} INFO - Processing /home/airflow/.local/lib/python3.7/site-packages/airflow/example_dags/tutorial.py took 0.094 seconds
[2022-12-17T04:29:52.810+0000] {processor.py:153} INFO - Started process (PID=1963) to work on /home/airflow/.local/lib/python3.7/site-packages/airflow/example_dags/tutorial.py
[2022-12-17T04:29:52.811+0000] {processor.py:743} INFO - Processing file /home/airflow/.local/lib/python3.7/site-packages/airflow/example_dags/tutorial.py for tasks to queue
[2022-12-17T04:29:52.811+0000] {logging_mixin.py:137} INFO - [2022-12-17T04:29:52.811+0000] {dagbag.py:538} INFO - Filling up the DagBag from /home/airflow/.local/lib/python3.7/site-packages/airflow/example_dags/tutorial.py
[2022-12-17T04:29:52.820+0000] {processor.py:753} INFO - DAG(s) dict_keys(['tutorial']) retrieved from /home/airflow/.local/lib/python3.7/site-packages/airflow/example_dags/tutorial.py
[2022-12-17T04:29:52.851+0000] {logging_mixin.py:137} INFO - [2022-12-17T04:29:52.851+0000] {dag.py:2676} INFO - Sync 1 DAGs
[2022-12-17T04:29:52.876+0000] {logging_mixin.py:137} INFO - [2022-12-17T04:29:52.876+0000] {dag.py:3427} INFO - Setting next_dagrun for tutorial to 2022-12-16T04:29:52.876469+00:00, run_after=2022-12-17T04:29:52.876469+00:00
[2022-12-17T04:29:52.892+0000] {processor.py:175} INFO - Processing /home/airflow/.local/lib/python3.7/site-packages/airflow/example_dags/tutorial.py took 0.085 seconds
[2022-12-17T04:30:23.230+0000] {processor.py:153} INFO - Started process (PID=2062) to work on /home/airflow/.local/lib/python3.7/site-packages/airflow/example_dags/tutorial.py
[2022-12-17T04:30:23.230+0000] {processor.py:743} INFO - Processing file /home/airflow/.local/lib/python3.7/site-packages/airflow/example_dags/tutorial.py for tasks to queue
[2022-12-17T04:30:23.231+0000] {logging_mixin.py:137} INFO - [2022-12-17T04:30:23.231+0000] {dagbag.py:538} INFO - Filling up the DagBag from /home/airflow/.local/lib/python3.7/site-packages/airflow/example_dags/tutorial.py
[2022-12-17T04:30:23.240+0000] {processor.py:753} INFO - DAG(s) dict_keys(['tutorial']) retrieved from /home/airflow/.local/lib/python3.7/site-packages/airflow/example_dags/tutorial.py
[2022-12-17T04:30:23.275+0000] {logging_mixin.py:137} INFO - [2022-12-17T04:30:23.275+0000] {dag.py:2676} INFO - Sync 1 DAGs
[2022-12-17T04:30:23.294+0000] {logging_mixin.py:137} INFO - [2022-12-17T04:30:23.294+0000] {dag.py:3427} INFO - Setting next_dagrun for tutorial to 2022-12-16T04:30:23.293961+00:00, run_after=2022-12-17T04:30:23.293961+00:00
[2022-12-17T04:30:23.306+0000] {processor.py:175} INFO - Processing /home/airflow/.local/lib/python3.7/site-packages/airflow/example_dags/tutorial.py took 0.079 seconds
[2022-12-17T04:30:53.493+0000] {processor.py:153} INFO - Started process (PID=2141) to work on /home/airflow/.local/lib/python3.7/site-packages/airflow/example_dags/tutorial.py
[2022-12-17T04:30:53.494+0000] {processor.py:743} INFO - Processing file /home/airflow/.local/lib/python3.7/site-packages/airflow/example_dags/tutorial.py for tasks to queue
[2022-12-17T04:30:53.495+0000] {logging_mixin.py:137} INFO - [2022-12-17T04:30:53.495+0000] {dagbag.py:538} INFO - Filling up the DagBag from /home/airflow/.local/lib/python3.7/site-packages/airflow/example_dags/tutorial.py
[2022-12-17T04:30:53.504+0000] {processor.py:753} INFO - DAG(s) dict_keys(['tutorial']) retrieved from /home/airflow/.local/lib/python3.7/site-packages/airflow/example_dags/tutorial.py
[2022-12-17T04:30:53.536+0000] {logging_mixin.py:137} INFO - [2022-12-17T04:30:53.536+0000] {dag.py:2676} INFO - Sync 1 DAGs
[2022-12-17T04:30:53.554+0000] {logging_mixin.py:137} INFO - [2022-12-17T04:30:53.554+0000] {dag.py:3427} INFO - Setting next_dagrun for tutorial to 2022-12-16T04:30:53.553955+00:00, run_after=2022-12-17T04:30:53.553955+00:00
[2022-12-17T04:30:53.567+0000] {processor.py:175} INFO - Processing /home/airflow/.local/lib/python3.7/site-packages/airflow/example_dags/tutorial.py took 0.077 seconds
[2022-12-17T04:31:23.767+0000] {processor.py:153} INFO - Started process (PID=2240) to work on /home/airflow/.local/lib/python3.7/site-packages/airflow/example_dags/tutorial.py
[2022-12-17T04:31:23.768+0000] {processor.py:743} INFO - Processing file /home/airflow/.local/lib/python3.7/site-packages/airflow/example_dags/tutorial.py for tasks to queue
[2022-12-17T04:31:23.768+0000] {logging_mixin.py:137} INFO - [2022-12-17T04:31:23.768+0000] {dagbag.py:538} INFO - Filling up the DagBag from /home/airflow/.local/lib/python3.7/site-packages/airflow/example_dags/tutorial.py
[2022-12-17T04:31:23.782+0000] {processor.py:753} INFO - DAG(s) dict_keys(['tutorial']) retrieved from /home/airflow/.local/lib/python3.7/site-packages/airflow/example_dags/tutorial.py
[2022-12-17T04:31:23.814+0000] {logging_mixin.py:137} INFO - [2022-12-17T04:31:23.814+0000] {dag.py:2676} INFO - Sync 1 DAGs
[2022-12-17T04:31:23.833+0000] {logging_mixin.py:137} INFO - [2022-12-17T04:31:23.833+0000] {dag.py:3427} INFO - Setting next_dagrun for tutorial to 2022-12-16T04:31:23.833387+00:00, run_after=2022-12-17T04:31:23.833387+00:00
[2022-12-17T04:31:23.845+0000] {processor.py:175} INFO - Processing /home/airflow/.local/lib/python3.7/site-packages/airflow/example_dags/tutorial.py took 0.080 seconds
[2022-12-17T04:31:54.213+0000] {processor.py:153} INFO - Started process (PID=2319) to work on /home/airflow/.local/lib/python3.7/site-packages/airflow/example_dags/tutorial.py
[2022-12-17T04:31:54.214+0000] {processor.py:743} INFO - Processing file /home/airflow/.local/lib/python3.7/site-packages/airflow/example_dags/tutorial.py for tasks to queue
[2022-12-17T04:31:54.214+0000] {logging_mixin.py:137} INFO - [2022-12-17T04:31:54.214+0000] {dagbag.py:538} INFO - Filling up the DagBag from /home/airflow/.local/lib/python3.7/site-packages/airflow/example_dags/tutorial.py
[2022-12-17T04:31:54.225+0000] {processor.py:753} INFO - DAG(s) dict_keys(['tutorial']) retrieved from /home/airflow/.local/lib/python3.7/site-packages/airflow/example_dags/tutorial.py
[2022-12-17T04:31:54.253+0000] {logging_mixin.py:137} INFO - [2022-12-17T04:31:54.253+0000] {dag.py:2676} INFO - Sync 1 DAGs
[2022-12-17T04:31:54.272+0000] {logging_mixin.py:137} INFO - [2022-12-17T04:31:54.272+0000] {dag.py:3427} INFO - Setting next_dagrun for tutorial to 2022-12-16T04:31:54.272638+00:00, run_after=2022-12-17T04:31:54.272638+00:00
[2022-12-17T04:31:54.285+0000] {processor.py:175} INFO - Processing /home/airflow/.local/lib/python3.7/site-packages/airflow/example_dags/tutorial.py took 0.073 seconds
[2022-12-17T04:32:24.444+0000] {processor.py:153} INFO - Started process (PID=2419) to work on /home/airflow/.local/lib/python3.7/site-packages/airflow/example_dags/tutorial.py
[2022-12-17T04:32:24.444+0000] {processor.py:743} INFO - Processing file /home/airflow/.local/lib/python3.7/site-packages/airflow/example_dags/tutorial.py for tasks to queue
[2022-12-17T04:32:24.445+0000] {logging_mixin.py:137} INFO - [2022-12-17T04:32:24.445+0000] {dagbag.py:538} INFO - Filling up the DagBag from /home/airflow/.local/lib/python3.7/site-packages/airflow/example_dags/tutorial.py
[2022-12-17T04:32:24.454+0000] {processor.py:753} INFO - DAG(s) dict_keys(['tutorial']) retrieved from /home/airflow/.local/lib/python3.7/site-packages/airflow/example_dags/tutorial.py
[2022-12-17T04:32:24.483+0000] {logging_mixin.py:137} INFO - [2022-12-17T04:32:24.483+0000] {dag.py:2676} INFO - Sync 1 DAGs
[2022-12-17T04:32:24.504+0000] {logging_mixin.py:137} INFO - [2022-12-17T04:32:24.504+0000] {dag.py:3427} INFO - Setting next_dagrun for tutorial to 2022-12-16T04:32:24.504299+00:00, run_after=2022-12-17T04:32:24.504299+00:00
[2022-12-17T04:32:24.520+0000] {processor.py:175} INFO - Processing /home/airflow/.local/lib/python3.7/site-packages/airflow/example_dags/tutorial.py took 0.079 seconds
[2022-12-17T04:32:54.820+0000] {processor.py:153} INFO - Started process (PID=2518) to work on /home/airflow/.local/lib/python3.7/site-packages/airflow/example_dags/tutorial.py
[2022-12-17T04:32:54.821+0000] {processor.py:743} INFO - Processing file /home/airflow/.local/lib/python3.7/site-packages/airflow/example_dags/tutorial.py for tasks to queue
[2022-12-17T04:32:54.821+0000] {logging_mixin.py:137} INFO - [2022-12-17T04:32:54.821+0000] {dagbag.py:538} INFO - Filling up the DagBag from /home/airflow/.local/lib/python3.7/site-packages/airflow/example_dags/tutorial.py
[2022-12-17T04:32:54.832+0000] {processor.py:753} INFO - DAG(s) dict_keys(['tutorial']) retrieved from /home/airflow/.local/lib/python3.7/site-packages/airflow/example_dags/tutorial.py
[2022-12-17T04:32:54.862+0000] {logging_mixin.py:137} INFO - [2022-12-17T04:32:54.862+0000] {dag.py:2676} INFO - Sync 1 DAGs
[2022-12-17T04:32:54.880+0000] {logging_mixin.py:137} INFO - [2022-12-17T04:32:54.880+0000] {dag.py:3427} INFO - Setting next_dagrun for tutorial to 2022-12-16T04:32:54.879901+00:00, run_after=2022-12-17T04:32:54.879901+00:00
[2022-12-17T04:32:54.891+0000] {processor.py:175} INFO - Processing /home/airflow/.local/lib/python3.7/site-packages/airflow/example_dags/tutorial.py took 0.073 seconds
[2022-12-17T04:33:25.139+0000] {processor.py:153} INFO - Started process (PID=2598) to work on /home/airflow/.local/lib/python3.7/site-packages/airflow/example_dags/tutorial.py
[2022-12-17T04:33:25.140+0000] {processor.py:743} INFO - Processing file /home/airflow/.local/lib/python3.7/site-packages/airflow/example_dags/tutorial.py for tasks to queue
[2022-12-17T04:33:25.140+0000] {logging_mixin.py:137} INFO - [2022-12-17T04:33:25.140+0000] {dagbag.py:538} INFO - Filling up the DagBag from /home/airflow/.local/lib/python3.7/site-packages/airflow/example_dags/tutorial.py
[2022-12-17T04:33:25.150+0000] {processor.py:753} INFO - DAG(s) dict_keys(['tutorial']) retrieved from /home/airflow/.local/lib/python3.7/site-packages/airflow/example_dags/tutorial.py
[2022-12-17T04:33:25.179+0000] {logging_mixin.py:137} INFO - [2022-12-17T04:33:25.179+0000] {dag.py:2676} INFO - Sync 1 DAGs
[2022-12-17T04:33:25.199+0000] {logging_mixin.py:137} INFO - [2022-12-17T04:33:25.199+0000] {dag.py:3427} INFO - Setting next_dagrun for tutorial to 2022-12-16T04:33:25.199709+00:00, run_after=2022-12-17T04:33:25.199709+00:00
[2022-12-17T04:33:25.215+0000] {processor.py:175} INFO - Processing /home/airflow/.local/lib/python3.7/site-packages/airflow/example_dags/tutorial.py took 0.078 seconds
[2022-12-17T04:33:55.660+0000] {processor.py:153} INFO - Started process (PID=2697) to work on /home/airflow/.local/lib/python3.7/site-packages/airflow/example_dags/tutorial.py
[2022-12-17T04:33:55.660+0000] {processor.py:743} INFO - Processing file /home/airflow/.local/lib/python3.7/site-packages/airflow/example_dags/tutorial.py for tasks to queue
[2022-12-17T04:33:55.661+0000] {logging_mixin.py:137} INFO - [2022-12-17T04:33:55.660+0000] {dagbag.py:538} INFO - Filling up the DagBag from /home/airflow/.local/lib/python3.7/site-packages/airflow/example_dags/tutorial.py
[2022-12-17T04:33:55.669+0000] {processor.py:753} INFO - DAG(s) dict_keys(['tutorial']) retrieved from /home/airflow/.local/lib/python3.7/site-packages/airflow/example_dags/tutorial.py
[2022-12-17T04:33:55.697+0000] {logging_mixin.py:137} INFO - [2022-12-17T04:33:55.697+0000] {dag.py:2676} INFO - Sync 1 DAGs
[2022-12-17T04:33:55.716+0000] {logging_mixin.py:137} INFO - [2022-12-17T04:33:55.716+0000] {dag.py:3427} INFO - Setting next_dagrun for tutorial to 2022-12-16T04:33:55.716090+00:00, run_after=2022-12-17T04:33:55.716090+00:00
[2022-12-17T04:33:55.730+0000] {processor.py:175} INFO - Processing /home/airflow/.local/lib/python3.7/site-packages/airflow/example_dags/tutorial.py took 0.072 seconds
[2022-12-17T04:34:25.885+0000] {processor.py:153} INFO - Started process (PID=2776) to work on /home/airflow/.local/lib/python3.7/site-packages/airflow/example_dags/tutorial.py
[2022-12-17T04:34:25.886+0000] {processor.py:743} INFO - Processing file /home/airflow/.local/lib/python3.7/site-packages/airflow/example_dags/tutorial.py for tasks to queue
[2022-12-17T04:34:25.887+0000] {logging_mixin.py:137} INFO - [2022-12-17T04:34:25.887+0000] {dagbag.py:538} INFO - Filling up the DagBag from /home/airflow/.local/lib/python3.7/site-packages/airflow/example_dags/tutorial.py
[2022-12-17T04:34:25.897+0000] {processor.py:753} INFO - DAG(s) dict_keys(['tutorial']) retrieved from /home/airflow/.local/lib/python3.7/site-packages/airflow/example_dags/tutorial.py
[2022-12-17T04:34:25.926+0000] {logging_mixin.py:137} INFO - [2022-12-17T04:34:25.926+0000] {dag.py:2676} INFO - Sync 1 DAGs
[2022-12-17T04:34:25.946+0000] {logging_mixin.py:137} INFO - [2022-12-17T04:34:25.946+0000] {dag.py:3427} INFO - Setting next_dagrun for tutorial to 2022-12-16T04:34:25.946601+00:00, run_after=2022-12-17T04:34:25.946601+00:00
[2022-12-17T04:34:25.960+0000] {processor.py:175} INFO - Processing /home/airflow/.local/lib/python3.7/site-packages/airflow/example_dags/tutorial.py took 0.079 seconds
[2022-12-17T04:34:56.161+0000] {processor.py:153} INFO - Started process (PID=2875) to work on /home/airflow/.local/lib/python3.7/site-packages/airflow/example_dags/tutorial.py
[2022-12-17T04:34:56.162+0000] {processor.py:743} INFO - Processing file /home/airflow/.local/lib/python3.7/site-packages/airflow/example_dags/tutorial.py for tasks to queue
[2022-12-17T04:34:56.162+0000] {logging_mixin.py:137} INFO - [2022-12-17T04:34:56.162+0000] {dagbag.py:538} INFO - Filling up the DagBag from /home/airflow/.local/lib/python3.7/site-packages/airflow/example_dags/tutorial.py
[2022-12-17T04:34:56.172+0000] {processor.py:753} INFO - DAG(s) dict_keys(['tutorial']) retrieved from /home/airflow/.local/lib/python3.7/site-packages/airflow/example_dags/tutorial.py
[2022-12-17T04:34:56.202+0000] {logging_mixin.py:137} INFO - [2022-12-17T04:34:56.202+0000] {dag.py:2676} INFO - Sync 1 DAGs
[2022-12-17T04:34:56.223+0000] {logging_mixin.py:137} INFO - [2022-12-17T04:34:56.223+0000] {dag.py:3427} INFO - Setting next_dagrun for tutorial to 2022-12-16T04:34:56.223407+00:00, run_after=2022-12-17T04:34:56.223407+00:00
[2022-12-17T04:34:56.237+0000] {processor.py:175} INFO - Processing /home/airflow/.local/lib/python3.7/site-packages/airflow/example_dags/tutorial.py took 0.079 seconds
[2022-12-17T04:35:26.729+0000] {processor.py:153} INFO - Started process (PID=2954) to work on /home/airflow/.local/lib/python3.7/site-packages/airflow/example_dags/tutorial.py
[2022-12-17T04:35:26.730+0000] {processor.py:743} INFO - Processing file /home/airflow/.local/lib/python3.7/site-packages/airflow/example_dags/tutorial.py for tasks to queue
[2022-12-17T04:35:26.730+0000] {logging_mixin.py:137} INFO - [2022-12-17T04:35:26.730+0000] {dagbag.py:538} INFO - Filling up the DagBag from /home/airflow/.local/lib/python3.7/site-packages/airflow/example_dags/tutorial.py
[2022-12-17T04:35:26.741+0000] {processor.py:753} INFO - DAG(s) dict_keys(['tutorial']) retrieved from /home/airflow/.local/lib/python3.7/site-packages/airflow/example_dags/tutorial.py
[2022-12-17T04:35:26.776+0000] {logging_mixin.py:137} INFO - [2022-12-17T04:35:26.775+0000] {dag.py:2676} INFO - Sync 1 DAGs
[2022-12-17T04:35:26.798+0000] {logging_mixin.py:137} INFO - [2022-12-17T04:35:26.798+0000] {dag.py:3427} INFO - Setting next_dagrun for tutorial to 2022-12-16T04:35:26.798023+00:00, run_after=2022-12-17T04:35:26.798023+00:00
[2022-12-17T04:35:26.813+0000] {processor.py:175} INFO - Processing /home/airflow/.local/lib/python3.7/site-packages/airflow/example_dags/tutorial.py took 0.086 seconds
[2022-12-17T04:35:57.276+0000] {processor.py:153} INFO - Started process (PID=3052) to work on /home/airflow/.local/lib/python3.7/site-packages/airflow/example_dags/tutorial.py
[2022-12-17T04:35:57.276+0000] {processor.py:743} INFO - Processing file /home/airflow/.local/lib/python3.7/site-packages/airflow/example_dags/tutorial.py for tasks to queue
[2022-12-17T04:35:57.277+0000] {logging_mixin.py:137} INFO - [2022-12-17T04:35:57.277+0000] {dagbag.py:538} INFO - Filling up the DagBag from /home/airflow/.local/lib/python3.7/site-packages/airflow/example_dags/tutorial.py
[2022-12-17T04:35:57.287+0000] {processor.py:753} INFO - DAG(s) dict_keys(['tutorial']) retrieved from /home/airflow/.local/lib/python3.7/site-packages/airflow/example_dags/tutorial.py
[2022-12-17T04:35:57.315+0000] {logging_mixin.py:137} INFO - [2022-12-17T04:35:57.315+0000] {dag.py:2676} INFO - Sync 1 DAGs
[2022-12-17T04:35:57.334+0000] {logging_mixin.py:137} INFO - [2022-12-17T04:35:57.334+0000] {dag.py:3427} INFO - Setting next_dagrun for tutorial to 2022-12-16T04:35:57.334224+00:00, run_after=2022-12-17T04:35:57.334224+00:00
[2022-12-17T04:35:57.347+0000] {processor.py:175} INFO - Processing /home/airflow/.local/lib/python3.7/site-packages/airflow/example_dags/tutorial.py took 0.074 seconds
[2022-12-17T04:36:27.949+0000] {processor.py:153} INFO - Started process (PID=3151) to work on /home/airflow/.local/lib/python3.7/site-packages/airflow/example_dags/tutorial.py
[2022-12-17T04:36:27.950+0000] {processor.py:743} INFO - Processing file /home/airflow/.local/lib/python3.7/site-packages/airflow/example_dags/tutorial.py for tasks to queue
[2022-12-17T04:36:27.950+0000] {logging_mixin.py:137} INFO - [2022-12-17T04:36:27.950+0000] {dagbag.py:538} INFO - Filling up the DagBag from /home/airflow/.local/lib/python3.7/site-packages/airflow/example_dags/tutorial.py
[2022-12-17T04:36:27.961+0000] {processor.py:753} INFO - DAG(s) dict_keys(['tutorial']) retrieved from /home/airflow/.local/lib/python3.7/site-packages/airflow/example_dags/tutorial.py
[2022-12-17T04:36:27.991+0000] {logging_mixin.py:137} INFO - [2022-12-17T04:36:27.991+0000] {dag.py:2676} INFO - Sync 1 DAGs
[2022-12-17T04:36:28.012+0000] {logging_mixin.py:137} INFO - [2022-12-17T04:36:28.011+0000] {dag.py:3427} INFO - Setting next_dagrun for tutorial to 2022-12-16T04:36:28.011720+00:00, run_after=2022-12-17T04:36:28.011720+00:00
[2022-12-17T04:36:28.028+0000] {processor.py:175} INFO - Processing /home/airflow/.local/lib/python3.7/site-packages/airflow/example_dags/tutorial.py took 0.082 seconds
[2022-12-17T04:36:58.202+0000] {processor.py:153} INFO - Started process (PID=3230) to work on /home/airflow/.local/lib/python3.7/site-packages/airflow/example_dags/tutorial.py
[2022-12-17T04:36:58.203+0000] {processor.py:743} INFO - Processing file /home/airflow/.local/lib/python3.7/site-packages/airflow/example_dags/tutorial.py for tasks to queue
[2022-12-17T04:36:58.204+0000] {logging_mixin.py:137} INFO - [2022-12-17T04:36:58.203+0000] {dagbag.py:538} INFO - Filling up the DagBag from /home/airflow/.local/lib/python3.7/site-packages/airflow/example_dags/tutorial.py
[2022-12-17T04:36:58.213+0000] {processor.py:753} INFO - DAG(s) dict_keys(['tutorial']) retrieved from /home/airflow/.local/lib/python3.7/site-packages/airflow/example_dags/tutorial.py
[2022-12-17T04:36:58.243+0000] {logging_mixin.py:137} INFO - [2022-12-17T04:36:58.243+0000] {dag.py:2676} INFO - Sync 1 DAGs
[2022-12-17T04:36:58.263+0000] {logging_mixin.py:137} INFO - [2022-12-17T04:36:58.263+0000] {dag.py:3427} INFO - Setting next_dagrun for tutorial to 2022-12-16T04:36:58.263636+00:00, run_after=2022-12-17T04:36:58.263636+00:00
[2022-12-17T04:36:58.279+0000] {processor.py:175} INFO - Processing /home/airflow/.local/lib/python3.7/site-packages/airflow/example_dags/tutorial.py took 0.080 seconds
[2022-12-17T04:37:28.511+0000] {processor.py:153} INFO - Started process (PID=3329) to work on /home/airflow/.local/lib/python3.7/site-packages/airflow/example_dags/tutorial.py
[2022-12-17T04:37:28.511+0000] {processor.py:743} INFO - Processing file /home/airflow/.local/lib/python3.7/site-packages/airflow/example_dags/tutorial.py for tasks to queue
[2022-12-17T04:37:28.512+0000] {logging_mixin.py:137} INFO - [2022-12-17T04:37:28.512+0000] {dagbag.py:538} INFO - Filling up the DagBag from /home/airflow/.local/lib/python3.7/site-packages/airflow/example_dags/tutorial.py
[2022-12-17T04:37:28.524+0000] {processor.py:753} INFO - DAG(s) dict_keys(['tutorial']) retrieved from /home/airflow/.local/lib/python3.7/site-packages/airflow/example_dags/tutorial.py
[2022-12-17T04:37:28.550+0000] {logging_mixin.py:137} INFO - [2022-12-17T04:37:28.550+0000] {dag.py:2676} INFO - Sync 1 DAGs
[2022-12-17T04:37:28.569+0000] {logging_mixin.py:137} INFO - [2022-12-17T04:37:28.569+0000] {dag.py:3427} INFO - Setting next_dagrun for tutorial to 2022-12-16T04:37:28.568910+00:00, run_after=2022-12-17T04:37:28.568910+00:00
[2022-12-17T04:37:28.581+0000] {processor.py:175} INFO - Processing /home/airflow/.local/lib/python3.7/site-packages/airflow/example_dags/tutorial.py took 0.073 seconds
[2022-12-17T04:37:58.944+0000] {processor.py:153} INFO - Started process (PID=3408) to work on /home/airflow/.local/lib/python3.7/site-packages/airflow/example_dags/tutorial.py
[2022-12-17T04:37:58.945+0000] {processor.py:743} INFO - Processing file /home/airflow/.local/lib/python3.7/site-packages/airflow/example_dags/tutorial.py for tasks to queue
[2022-12-17T04:37:58.945+0000] {logging_mixin.py:137} INFO - [2022-12-17T04:37:58.945+0000] {dagbag.py:538} INFO - Filling up the DagBag from /home/airflow/.local/lib/python3.7/site-packages/airflow/example_dags/tutorial.py
[2022-12-17T04:37:58.957+0000] {processor.py:753} INFO - DAG(s) dict_keys(['tutorial']) retrieved from /home/airflow/.local/lib/python3.7/site-packages/airflow/example_dags/tutorial.py
[2022-12-17T04:37:58.989+0000] {logging_mixin.py:137} INFO - [2022-12-17T04:37:58.989+0000] {dag.py:2676} INFO - Sync 1 DAGs
[2022-12-17T04:37:59.008+0000] {logging_mixin.py:137} INFO - [2022-12-17T04:37:59.008+0000] {dag.py:3427} INFO - Setting next_dagrun for tutorial to 2022-12-16T04:37:59.007985+00:00, run_after=2022-12-17T04:37:59.007985+00:00
[2022-12-17T04:37:59.019+0000] {processor.py:175} INFO - Processing /home/airflow/.local/lib/python3.7/site-packages/airflow/example_dags/tutorial.py took 0.078 seconds
[2022-12-17T04:38:29.335+0000] {processor.py:153} INFO - Started process (PID=3507) to work on /home/airflow/.local/lib/python3.7/site-packages/airflow/example_dags/tutorial.py
[2022-12-17T04:38:29.336+0000] {processor.py:743} INFO - Processing file /home/airflow/.local/lib/python3.7/site-packages/airflow/example_dags/tutorial.py for tasks to queue
[2022-12-17T04:38:29.337+0000] {logging_mixin.py:137} INFO - [2022-12-17T04:38:29.337+0000] {dagbag.py:538} INFO - Filling up the DagBag from /home/airflow/.local/lib/python3.7/site-packages/airflow/example_dags/tutorial.py
[2022-12-17T04:38:29.347+0000] {processor.py:753} INFO - DAG(s) dict_keys(['tutorial']) retrieved from /home/airflow/.local/lib/python3.7/site-packages/airflow/example_dags/tutorial.py
[2022-12-17T04:38:29.375+0000] {logging_mixin.py:137} INFO - [2022-12-17T04:38:29.374+0000] {dag.py:2676} INFO - Sync 1 DAGs
[2022-12-17T04:38:29.394+0000] {logging_mixin.py:137} INFO - [2022-12-17T04:38:29.394+0000] {dag.py:3427} INFO - Setting next_dagrun for tutorial to 2022-12-16T04:38:29.394043+00:00, run_after=2022-12-17T04:38:29.394043+00:00
[2022-12-17T04:38:29.406+0000] {processor.py:175} INFO - Processing /home/airflow/.local/lib/python3.7/site-packages/airflow/example_dags/tutorial.py took 0.074 seconds
[2022-12-17T04:38:59.735+0000] {processor.py:153} INFO - Started process (PID=3586) to work on /home/airflow/.local/lib/python3.7/site-packages/airflow/example_dags/tutorial.py
[2022-12-17T04:38:59.736+0000] {processor.py:743} INFO - Processing file /home/airflow/.local/lib/python3.7/site-packages/airflow/example_dags/tutorial.py for tasks to queue
[2022-12-17T04:38:59.737+0000] {logging_mixin.py:137} INFO - [2022-12-17T04:38:59.737+0000] {dagbag.py:538} INFO - Filling up the DagBag from /home/airflow/.local/lib/python3.7/site-packages/airflow/example_dags/tutorial.py
[2022-12-17T04:38:59.748+0000] {processor.py:753} INFO - DAG(s) dict_keys(['tutorial']) retrieved from /home/airflow/.local/lib/python3.7/site-packages/airflow/example_dags/tutorial.py
[2022-12-17T04:38:59.776+0000] {logging_mixin.py:137} INFO - [2022-12-17T04:38:59.776+0000] {dag.py:2676} INFO - Sync 1 DAGs
[2022-12-17T04:38:59.795+0000] {logging_mixin.py:137} INFO - [2022-12-17T04:38:59.795+0000] {dag.py:3427} INFO - Setting next_dagrun for tutorial to 2022-12-16T04:38:59.795420+00:00, run_after=2022-12-17T04:38:59.795420+00:00
[2022-12-17T04:38:59.810+0000] {processor.py:175} INFO - Processing /home/airflow/.local/lib/python3.7/site-packages/airflow/example_dags/tutorial.py took 0.077 seconds
[2022-12-17T04:39:30.193+0000] {processor.py:153} INFO - Started process (PID=3685) to work on /home/airflow/.local/lib/python3.7/site-packages/airflow/example_dags/tutorial.py
[2022-12-17T04:39:30.193+0000] {processor.py:743} INFO - Processing file /home/airflow/.local/lib/python3.7/site-packages/airflow/example_dags/tutorial.py for tasks to queue
[2022-12-17T04:39:30.194+0000] {logging_mixin.py:137} INFO - [2022-12-17T04:39:30.194+0000] {dagbag.py:538} INFO - Filling up the DagBag from /home/airflow/.local/lib/python3.7/site-packages/airflow/example_dags/tutorial.py
[2022-12-17T04:39:30.204+0000] {processor.py:753} INFO - DAG(s) dict_keys(['tutorial']) retrieved from /home/airflow/.local/lib/python3.7/site-packages/airflow/example_dags/tutorial.py
[2022-12-17T04:39:30.231+0000] {logging_mixin.py:137} INFO - [2022-12-17T04:39:30.231+0000] {dag.py:2676} INFO - Sync 1 DAGs
[2022-12-17T04:39:30.251+0000] {logging_mixin.py:137} INFO - [2022-12-17T04:39:30.251+0000] {dag.py:3427} INFO - Setting next_dagrun for tutorial to 2022-12-16T04:39:30.250894+00:00, run_after=2022-12-17T04:39:30.250894+00:00
[2022-12-17T04:39:30.262+0000] {processor.py:175} INFO - Processing /home/airflow/.local/lib/python3.7/site-packages/airflow/example_dags/tutorial.py took 0.072 seconds
[2022-12-17T04:40:00.771+0000] {processor.py:153} INFO - Started process (PID=3784) to work on /home/airflow/.local/lib/python3.7/site-packages/airflow/example_dags/tutorial.py
[2022-12-17T04:40:00.772+0000] {processor.py:743} INFO - Processing file /home/airflow/.local/lib/python3.7/site-packages/airflow/example_dags/tutorial.py for tasks to queue
[2022-12-17T04:40:00.772+0000] {logging_mixin.py:137} INFO - [2022-12-17T04:40:00.772+0000] {dagbag.py:538} INFO - Filling up the DagBag from /home/airflow/.local/lib/python3.7/site-packages/airflow/example_dags/tutorial.py
[2022-12-17T04:40:00.784+0000] {processor.py:753} INFO - DAG(s) dict_keys(['tutorial']) retrieved from /home/airflow/.local/lib/python3.7/site-packages/airflow/example_dags/tutorial.py
[2022-12-17T04:40:00.817+0000] {logging_mixin.py:137} INFO - [2022-12-17T04:40:00.817+0000] {dag.py:2676} INFO - Sync 1 DAGs
[2022-12-17T04:40:00.844+0000] {logging_mixin.py:137} INFO - [2022-12-17T04:40:00.844+0000] {dag.py:3427} INFO - Setting next_dagrun for tutorial to 2022-12-16T04:40:00.844252+00:00, run_after=2022-12-17T04:40:00.844252+00:00
[2022-12-17T04:40:00.862+0000] {processor.py:175} INFO - Processing /home/airflow/.local/lib/python3.7/site-packages/airflow/example_dags/tutorial.py took 0.093 seconds
[2022-12-17T04:40:31.034+0000] {processor.py:153} INFO - Started process (PID=3864) to work on /home/airflow/.local/lib/python3.7/site-packages/airflow/example_dags/tutorial.py
[2022-12-17T04:40:31.034+0000] {processor.py:743} INFO - Processing file /home/airflow/.local/lib/python3.7/site-packages/airflow/example_dags/tutorial.py for tasks to queue
[2022-12-17T04:40:31.035+0000] {logging_mixin.py:137} INFO - [2022-12-17T04:40:31.034+0000] {dagbag.py:538} INFO - Filling up the DagBag from /home/airflow/.local/lib/python3.7/site-packages/airflow/example_dags/tutorial.py
[2022-12-17T04:40:31.045+0000] {processor.py:753} INFO - DAG(s) dict_keys(['tutorial']) retrieved from /home/airflow/.local/lib/python3.7/site-packages/airflow/example_dags/tutorial.py
[2022-12-17T04:40:31.077+0000] {logging_mixin.py:137} INFO - [2022-12-17T04:40:31.077+0000] {dag.py:2676} INFO - Sync 1 DAGs
[2022-12-17T04:40:31.096+0000] {logging_mixin.py:137} INFO - [2022-12-17T04:40:31.096+0000] {dag.py:3427} INFO - Setting next_dagrun for tutorial to 2022-12-16T04:40:31.096019+00:00, run_after=2022-12-17T04:40:31.096019+00:00
[2022-12-17T04:40:31.109+0000] {processor.py:175} INFO - Processing /home/airflow/.local/lib/python3.7/site-packages/airflow/example_dags/tutorial.py took 0.077 seconds
[2022-12-17T04:41:01.223+0000] {processor.py:153} INFO - Started process (PID=3963) to work on /home/airflow/.local/lib/python3.7/site-packages/airflow/example_dags/tutorial.py
[2022-12-17T04:41:01.224+0000] {processor.py:743} INFO - Processing file /home/airflow/.local/lib/python3.7/site-packages/airflow/example_dags/tutorial.py for tasks to queue
[2022-12-17T04:41:01.225+0000] {logging_mixin.py:137} INFO - [2022-12-17T04:41:01.225+0000] {dagbag.py:538} INFO - Filling up the DagBag from /home/airflow/.local/lib/python3.7/site-packages/airflow/example_dags/tutorial.py
[2022-12-17T04:41:01.235+0000] {processor.py:753} INFO - DAG(s) dict_keys(['tutorial']) retrieved from /home/airflow/.local/lib/python3.7/site-packages/airflow/example_dags/tutorial.py
[2022-12-17T04:41:01.264+0000] {logging_mixin.py:137} INFO - [2022-12-17T04:41:01.264+0000] {dag.py:2676} INFO - Sync 1 DAGs
[2022-12-17T04:41:01.285+0000] {logging_mixin.py:137} INFO - [2022-12-17T04:41:01.285+0000] {dag.py:3427} INFO - Setting next_dagrun for tutorial to 2022-12-16T04:41:01.284898+00:00, run_after=2022-12-17T04:41:01.284898+00:00
[2022-12-17T04:41:01.297+0000] {processor.py:175} INFO - Processing /home/airflow/.local/lib/python3.7/site-packages/airflow/example_dags/tutorial.py took 0.076 seconds
[2022-12-17T04:41:31.623+0000] {processor.py:153} INFO - Started process (PID=4042) to work on /home/airflow/.local/lib/python3.7/site-packages/airflow/example_dags/tutorial.py
[2022-12-17T04:41:31.624+0000] {processor.py:743} INFO - Processing file /home/airflow/.local/lib/python3.7/site-packages/airflow/example_dags/tutorial.py for tasks to queue
[2022-12-17T04:41:31.625+0000] {logging_mixin.py:137} INFO - [2022-12-17T04:41:31.625+0000] {dagbag.py:538} INFO - Filling up the DagBag from /home/airflow/.local/lib/python3.7/site-packages/airflow/example_dags/tutorial.py
[2022-12-17T04:41:31.634+0000] {processor.py:753} INFO - DAG(s) dict_keys(['tutorial']) retrieved from /home/airflow/.local/lib/python3.7/site-packages/airflow/example_dags/tutorial.py
[2022-12-17T04:41:31.663+0000] {logging_mixin.py:137} INFO - [2022-12-17T04:41:31.662+0000] {dag.py:2676} INFO - Sync 1 DAGs
[2022-12-17T04:41:31.686+0000] {logging_mixin.py:137} INFO - [2022-12-17T04:41:31.686+0000] {dag.py:3427} INFO - Setting next_dagrun for tutorial to 2022-12-16T04:41:31.686602+00:00, run_after=2022-12-17T04:41:31.686602+00:00
[2022-12-17T04:41:31.699+0000] {processor.py:175} INFO - Processing /home/airflow/.local/lib/python3.7/site-packages/airflow/example_dags/tutorial.py took 0.078 seconds
[2022-12-17T04:42:01.886+0000] {processor.py:153} INFO - Started process (PID=4142) to work on /home/airflow/.local/lib/python3.7/site-packages/airflow/example_dags/tutorial.py
[2022-12-17T04:42:01.886+0000] {processor.py:743} INFO - Processing file /home/airflow/.local/lib/python3.7/site-packages/airflow/example_dags/tutorial.py for tasks to queue
[2022-12-17T04:42:01.887+0000] {logging_mixin.py:137} INFO - [2022-12-17T04:42:01.887+0000] {dagbag.py:538} INFO - Filling up the DagBag from /home/airflow/.local/lib/python3.7/site-packages/airflow/example_dags/tutorial.py
[2022-12-17T04:42:01.897+0000] {processor.py:753} INFO - DAG(s) dict_keys(['tutorial']) retrieved from /home/airflow/.local/lib/python3.7/site-packages/airflow/example_dags/tutorial.py
[2022-12-17T04:42:01.926+0000] {logging_mixin.py:137} INFO - [2022-12-17T04:42:01.925+0000] {dag.py:2676} INFO - Sync 1 DAGs
[2022-12-17T04:42:01.949+0000] {logging_mixin.py:137} INFO - [2022-12-17T04:42:01.949+0000] {dag.py:3427} INFO - Setting next_dagrun for tutorial to 2022-12-16T04:42:01.948986+00:00, run_after=2022-12-17T04:42:01.948986+00:00
[2022-12-17T04:42:01.963+0000] {processor.py:175} INFO - Processing /home/airflow/.local/lib/python3.7/site-packages/airflow/example_dags/tutorial.py took 0.080 seconds
[2022-12-17T04:42:32.245+0000] {processor.py:153} INFO - Started process (PID=4221) to work on /home/airflow/.local/lib/python3.7/site-packages/airflow/example_dags/tutorial.py
[2022-12-17T04:42:32.246+0000] {processor.py:743} INFO - Processing file /home/airflow/.local/lib/python3.7/site-packages/airflow/example_dags/tutorial.py for tasks to queue
[2022-12-17T04:42:32.246+0000] {logging_mixin.py:137} INFO - [2022-12-17T04:42:32.246+0000] {dagbag.py:538} INFO - Filling up the DagBag from /home/airflow/.local/lib/python3.7/site-packages/airflow/example_dags/tutorial.py
[2022-12-17T04:42:32.259+0000] {processor.py:753} INFO - DAG(s) dict_keys(['tutorial']) retrieved from /home/airflow/.local/lib/python3.7/site-packages/airflow/example_dags/tutorial.py
[2022-12-17T04:42:32.292+0000] {logging_mixin.py:137} INFO - [2022-12-17T04:42:32.292+0000] {dag.py:2676} INFO - Sync 1 DAGs
[2022-12-17T04:42:32.312+0000] {logging_mixin.py:137} INFO - [2022-12-17T04:42:32.312+0000] {dag.py:3427} INFO - Setting next_dagrun for tutorial to 2022-12-16T04:42:32.312622+00:00, run_after=2022-12-17T04:42:32.312622+00:00
[2022-12-17T04:42:32.326+0000] {processor.py:175} INFO - Processing /home/airflow/.local/lib/python3.7/site-packages/airflow/example_dags/tutorial.py took 0.084 seconds
[2022-12-17T04:43:02.833+0000] {processor.py:153} INFO - Started process (PID=4321) to work on /home/airflow/.local/lib/python3.7/site-packages/airflow/example_dags/tutorial.py
[2022-12-17T04:43:02.833+0000] {processor.py:743} INFO - Processing file /home/airflow/.local/lib/python3.7/site-packages/airflow/example_dags/tutorial.py for tasks to queue
[2022-12-17T04:43:02.834+0000] {logging_mixin.py:137} INFO - [2022-12-17T04:43:02.834+0000] {dagbag.py:538} INFO - Filling up the DagBag from /home/airflow/.local/lib/python3.7/site-packages/airflow/example_dags/tutorial.py
[2022-12-17T04:43:02.846+0000] {processor.py:753} INFO - DAG(s) dict_keys(['tutorial']) retrieved from /home/airflow/.local/lib/python3.7/site-packages/airflow/example_dags/tutorial.py
[2022-12-17T04:43:02.877+0000] {logging_mixin.py:137} INFO - [2022-12-17T04:43:02.877+0000] {dag.py:2676} INFO - Sync 1 DAGs
[2022-12-17T04:43:02.896+0000] {logging_mixin.py:137} INFO - [2022-12-17T04:43:02.896+0000] {dag.py:3427} INFO - Setting next_dagrun for tutorial to 2022-12-16T04:43:02.896670+00:00, run_after=2022-12-17T04:43:02.896670+00:00
[2022-12-17T04:43:02.908+0000] {processor.py:175} INFO - Processing /home/airflow/.local/lib/python3.7/site-packages/airflow/example_dags/tutorial.py took 0.078 seconds
[2022-12-17T04:43:33.145+0000] {processor.py:153} INFO - Started process (PID=4400) to work on /home/airflow/.local/lib/python3.7/site-packages/airflow/example_dags/tutorial.py
[2022-12-17T04:43:33.145+0000] {processor.py:743} INFO - Processing file /home/airflow/.local/lib/python3.7/site-packages/airflow/example_dags/tutorial.py for tasks to queue
[2022-12-17T04:43:33.146+0000] {logging_mixin.py:137} INFO - [2022-12-17T04:43:33.146+0000] {dagbag.py:538} INFO - Filling up the DagBag from /home/airflow/.local/lib/python3.7/site-packages/airflow/example_dags/tutorial.py
[2022-12-17T04:43:33.157+0000] {processor.py:753} INFO - DAG(s) dict_keys(['tutorial']) retrieved from /home/airflow/.local/lib/python3.7/site-packages/airflow/example_dags/tutorial.py
[2022-12-17T04:43:33.192+0000] {logging_mixin.py:137} INFO - [2022-12-17T04:43:33.192+0000] {dag.py:2676} INFO - Sync 1 DAGs
[2022-12-17T04:43:33.217+0000] {logging_mixin.py:137} INFO - [2022-12-17T04:43:33.217+0000] {dag.py:3427} INFO - Setting next_dagrun for tutorial to 2022-12-16T04:43:33.216884+00:00, run_after=2022-12-17T04:43:33.216884+00:00
[2022-12-17T04:43:33.233+0000] {processor.py:175} INFO - Processing /home/airflow/.local/lib/python3.7/site-packages/airflow/example_dags/tutorial.py took 0.091 seconds
[2022-12-17T04:44:03.344+0000] {processor.py:153} INFO - Started process (PID=4500) to work on /home/airflow/.local/lib/python3.7/site-packages/airflow/example_dags/tutorial.py
[2022-12-17T04:44:03.345+0000] {processor.py:743} INFO - Processing file /home/airflow/.local/lib/python3.7/site-packages/airflow/example_dags/tutorial.py for tasks to queue
[2022-12-17T04:44:03.345+0000] {logging_mixin.py:137} INFO - [2022-12-17T04:44:03.345+0000] {dagbag.py:538} INFO - Filling up the DagBag from /home/airflow/.local/lib/python3.7/site-packages/airflow/example_dags/tutorial.py
[2022-12-17T04:44:03.356+0000] {processor.py:753} INFO - DAG(s) dict_keys(['tutorial']) retrieved from /home/airflow/.local/lib/python3.7/site-packages/airflow/example_dags/tutorial.py
[2022-12-17T04:44:03.389+0000] {logging_mixin.py:137} INFO - [2022-12-17T04:44:03.389+0000] {dag.py:2676} INFO - Sync 1 DAGs
[2022-12-17T04:44:03.414+0000] {logging_mixin.py:137} INFO - [2022-12-17T04:44:03.414+0000] {dag.py:3427} INFO - Setting next_dagrun for tutorial to 2022-12-16T04:44:03.414078+00:00, run_after=2022-12-17T04:44:03.414078+00:00
[2022-12-17T04:44:03.428+0000] {processor.py:175} INFO - Processing /home/airflow/.local/lib/python3.7/site-packages/airflow/example_dags/tutorial.py took 0.088 seconds
[2022-12-17T04:44:33.756+0000] {processor.py:153} INFO - Started process (PID=4599) to work on /home/airflow/.local/lib/python3.7/site-packages/airflow/example_dags/tutorial.py
[2022-12-17T04:44:33.757+0000] {processor.py:743} INFO - Processing file /home/airflow/.local/lib/python3.7/site-packages/airflow/example_dags/tutorial.py for tasks to queue
[2022-12-17T04:44:33.758+0000] {logging_mixin.py:137} INFO - [2022-12-17T04:44:33.757+0000] {dagbag.py:538} INFO - Filling up the DagBag from /home/airflow/.local/lib/python3.7/site-packages/airflow/example_dags/tutorial.py
[2022-12-17T04:44:33.767+0000] {processor.py:753} INFO - DAG(s) dict_keys(['tutorial']) retrieved from /home/airflow/.local/lib/python3.7/site-packages/airflow/example_dags/tutorial.py
[2022-12-17T04:44:33.799+0000] {logging_mixin.py:137} INFO - [2022-12-17T04:44:33.798+0000] {dag.py:2676} INFO - Sync 1 DAGs
[2022-12-17T04:44:33.822+0000] {logging_mixin.py:137} INFO - [2022-12-17T04:44:33.822+0000] {dag.py:3427} INFO - Setting next_dagrun for tutorial to 2022-12-16T04:44:33.822334+00:00, run_after=2022-12-17T04:44:33.822334+00:00
[2022-12-17T04:44:33.836+0000] {processor.py:175} INFO - Processing /home/airflow/.local/lib/python3.7/site-packages/airflow/example_dags/tutorial.py took 0.083 seconds
[2022-12-17T04:45:03.962+0000] {processor.py:153} INFO - Started process (PID=4678) to work on /home/airflow/.local/lib/python3.7/site-packages/airflow/example_dags/tutorial.py
[2022-12-17T04:45:03.963+0000] {processor.py:743} INFO - Processing file /home/airflow/.local/lib/python3.7/site-packages/airflow/example_dags/tutorial.py for tasks to queue
[2022-12-17T04:45:03.964+0000] {logging_mixin.py:137} INFO - [2022-12-17T04:45:03.963+0000] {dagbag.py:538} INFO - Filling up the DagBag from /home/airflow/.local/lib/python3.7/site-packages/airflow/example_dags/tutorial.py
[2022-12-17T04:45:03.973+0000] {processor.py:753} INFO - DAG(s) dict_keys(['tutorial']) retrieved from /home/airflow/.local/lib/python3.7/site-packages/airflow/example_dags/tutorial.py
[2022-12-17T04:45:04.002+0000] {logging_mixin.py:137} INFO - [2022-12-17T04:45:04.002+0000] {dag.py:2676} INFO - Sync 1 DAGs
[2022-12-17T04:45:04.020+0000] {logging_mixin.py:137} INFO - [2022-12-17T04:45:04.020+0000] {dag.py:3427} INFO - Setting next_dagrun for tutorial to 2022-12-16T04:45:04.019967+00:00, run_after=2022-12-17T04:45:04.019967+00:00
[2022-12-17T04:45:04.031+0000] {processor.py:175} INFO - Processing /home/airflow/.local/lib/python3.7/site-packages/airflow/example_dags/tutorial.py took 0.072 seconds
