[2022-12-17T04:33:42.461+0000] {taskinstance.py:1087} INFO - Dependencies all met for <TaskInstance: ahomework.random2_print_2file_nolastline scheduled__2022-01-01T00:00:00+00:00 [queued]>
[2022-12-17T04:33:42.470+0000] {taskinstance.py:1087} INFO - Dependencies all met for <TaskInstance: ahomework.random2_print_2file_nolastline scheduled__2022-01-01T00:00:00+00:00 [queued]>
[2022-12-17T04:33:42.470+0000] {taskinstance.py:1283} INFO - 
--------------------------------------------------------------------------------
[2022-12-17T04:33:42.470+0000] {taskinstance.py:1284} INFO - Starting attempt 1 of 1
[2022-12-17T04:33:42.470+0000] {taskinstance.py:1285} INFO - 
--------------------------------------------------------------------------------
[2022-12-17T04:33:42.484+0000] {taskinstance.py:1304} INFO - Executing <Task(PythonOperator): random2_print_2file_nolastline> on 2022-01-01 00:00:00+00:00
[2022-12-17T04:33:42.492+0000] {standard_task_runner.py:55} INFO - Started process 1577 to run task
[2022-12-17T04:33:42.495+0000] {standard_task_runner.py:82} INFO - Running: ['***', 'tasks', 'run', 'ahomework', 'random2_print_2file_nolastline', 'scheduled__2022-01-01T00:00:00+00:00', '--job-id', '6', '--raw', '--subdir', 'DAGS_FOLDER/ahomework.py', '--cfg-path', '/tmp/tmpytqef2n1']
[2022-12-17T04:33:42.496+0000] {standard_task_runner.py:83} INFO - Job 6: Subtask random2_print_2file_nolastline
[2022-12-17T04:33:42.547+0000] {task_command.py:389} INFO - Running <TaskInstance: ahomework.random2_print_2file_nolastline scheduled__2022-01-01T00:00:00+00:00 [running]> on host 4bef348da8d6
[2022-12-17T04:33:42.604+0000] {taskinstance.py:1513} INFO - Exporting the following env vars:
AIRFLOW_CTX_DAG_OWNER=***
AIRFLOW_CTX_DAG_ID=ahomework
AIRFLOW_CTX_TASK_ID=random2_print_2file_nolastline
AIRFLOW_CTX_EXECUTION_DATE=2022-01-01T00:00:00+00:00
AIRFLOW_CTX_TRY_NUMBER=1
AIRFLOW_CTX_DAG_RUN_ID=scheduled__2022-01-01T00:00:00+00:00
[2022-12-17T04:33:42.613+0000] {python.py:177} INFO - Done. Returned value was: None
[2022-12-17T04:33:42.623+0000] {taskinstance.py:1327} INFO - Marking task as SUCCESS. dag_id=ahomework, task_id=random2_print_2file_nolastline, execution_date=20220101T000000, start_date=20221217T043342, end_date=20221217T043342
[2022-12-17T04:33:42.666+0000] {local_task_job.py:159} INFO - Task exited with return code 0
[2022-12-17T04:33:42.699+0000] {taskinstance.py:2582} INFO - 1 downstream tasks scheduled from follow-on schedule check
